<?xml version="1.0" encoding="UTF-8"?>
<testsuite name="TestSuite" time="150.907" tests="28" errors="0" skipped="0" failures="2">
  <properties>
    <property name="java.runtime.name" value="Java(TM) SE Runtime Environment"/>
    <property name="sun.boot.library.path" value="C:\Program Files\Java\jdk1.8.0_181\jre\bin"/>
    <property name="java.vm.version" value="25.181-b13"/>
    <property name="java.vm.vendor" value="Oracle Corporation"/>
    <property name="maven.multiModuleProjectDirectory" value="F:\Vofox-Webdriver\Edinsight"/>
    <property name="java.vendor.url" value="http://java.oracle.com/"/>
    <property name="path.separator" value=";"/>
    <property name="guice.disable.misplaced.annotation.check" value="true"/>
    <property name="java.vm.name" value="Java HotSpot(TM) 64-Bit Server VM"/>
    <property name="file.encoding.pkg" value="sun.io"/>
    <property name="user.script" value=""/>
    <property name="user.country" value="US"/>
    <property name="sun.java.launcher" value="SUN_STANDARD"/>
    <property name="sun.os.patch.level" value=""/>
    <property name="java.vm.specification.name" value="Java Virtual Machine Specification"/>
    <property name="user.dir" value="F:\Vofox-Webdriver\Edinsight"/>
    <property name="java.runtime.version" value="1.8.0_181-b13"/>
    <property name="java.awt.graphicsenv" value="sun.awt.Win32GraphicsEnvironment"/>
    <property name="java.endorsed.dirs" value="C:\Program Files\Java\jdk1.8.0_181\jre\lib\endorsed"/>
    <property name="os.arch" value="amd64"/>
    <property name="java.io.tmpdir" value="C:\WINDOWS\TEMP\"/>
    <property name="line.separator" value="&#10;"/>
    <property name="java.vm.specification.vendor" value="Oracle Corporation"/>
    <property name="user.variant" value=""/>
    <property name="os.name" value="Windows 10"/>
    <property name="classworlds.conf" value="E:\apache-maven-3.5.4\bin\..\bin\m2.conf"/>
    <property name="sun.jnu.encoding" value="Cp1252"/>
    <property name="java.library.path" value="C:\Program Files\Java\jdk1.8.0_181\bin;C:\WINDOWS\Sun\Java\bin;C:\WINDOWS\system32;C:\WINDOWS;C:\Program Files\Java\jdk1.8.0_181/bin;C:\Program Files\Java\jdk1.8.0_181/bin;C:\Program Files\Java\jdk1.8.0_181\bin;C:\Program Files (x86)\Common Files\Oracle\Java\javapath;C:\WINDOWS\system32;C:\WINDOWS;C:\WINDOWS\System32\Wbem;C:\WINDOWS\System32\WindowsPowerShell\v1.0\;C:\Program Files\Git\cmd;C:\WINDOWS\System32\OpenSSH\;E:\apache-maven-3.5.4\bin;C:\WINDOWS\system32\config\systemprofile\AppData\Local\Microsoft\WindowsApps;."/>
    <property name="maven.conf" value="E:\apache-maven-3.5.4\bin\../conf"/>
    <property name="java.specification.name" value="Java Platform API Specification"/>
    <property name="java.class.version" value="52.0"/>
    <property name="sun.management.compiler" value="HotSpot 64-Bit Tiered Compilers"/>
    <property name="os.version" value="10.0"/>
    <property name="library.jansi.path" value="E:\apache-maven-3.5.4\bin\..\lib\jansi-native"/>
    <property name="surefire.suiteXmlFiles" value="VED0068-Print_Lessons.xml"/>
    <property name="user.home" value="C:\WINDOWS\system32\config\systemprofile"/>
    <property name="user.timezone" value="Asia/Calcutta"/>
    <property name="java.awt.printerjob" value="sun.awt.windows.WPrinterJob"/>
    <property name="java.specification.version" value="1.8"/>
    <property name="file.encoding" value="Cp1252"/>
    <property name="user.name" value="QA-SCHEDULER$"/>
    <property name="java.class.path" value="E:\apache-maven-3.5.4\bin\..\boot\plexus-classworlds-2.5.2.jar"/>
    <property name="java.vm.specification.version" value="1.8"/>
    <property name="sun.arch.data.model" value="64"/>
    <property name="java.home" value="C:\Program Files\Java\jdk1.8.0_181\jre"/>
    <property name="sun.java.command" value="org.codehaus.plexus.classworlds.launcher.Launcher clean test -Dsurefire.suiteXmlFiles=VED0068-Print_Lessons.xml"/>
    <property name="java.specification.vendor" value="Oracle Corporation"/>
    <property name="user.language" value="en"/>
    <property name="awt.toolkit" value="sun.awt.windows.WToolkit"/>
    <property name="java.vm.info" value="mixed mode"/>
    <property name="java.version" value="1.8.0_181"/>
    <property name="java.ext.dirs" value="C:\Program Files\Java\jdk1.8.0_181\jre\lib\ext;C:\WINDOWS\Sun\Java\lib\ext"/>
    <property name="sun.boot.class.path" value="C:\Program Files\Java\jdk1.8.0_181\jre\lib\resources.jar;C:\Program Files\Java\jdk1.8.0_181\jre\lib\rt.jar;C:\Program Files\Java\jdk1.8.0_181\jre\lib\sunrsasign.jar;C:\Program Files\Java\jdk1.8.0_181\jre\lib\jsse.jar;C:\Program Files\Java\jdk1.8.0_181\jre\lib\jce.jar;C:\Program Files\Java\jdk1.8.0_181\jre\lib\charsets.jar;C:\Program Files\Java\jdk1.8.0_181\jre\lib\jfr.jar;C:\Program Files\Java\jdk1.8.0_181\jre\classes"/>
    <property name="java.vendor" value="Oracle Corporation"/>
    <property name="maven.home" value="E:\apache-maven-3.5.4\bin\.."/>
    <property name="file.separator" value="\"/>
    <property name="java.vendor.url.bug" value="http://bugreport.sun.com/bugreport/"/>
    <property name="sun.cpu.endian" value="little"/>
    <property name="sun.io.unicode.encoding" value="UnicodeLittle"/>
    <property name="sun.desktop" value="windows"/>
    <property name="sun.cpu.isalist" value="amd64"/>
  </properties>
  <testcase name="TCED25101" classname="com.curriculum.Print_Lessons" time="8.971"/>
  <testcase name="TCED25102" classname="com.curriculum.Print_Lessons" time="1.316"/>
  <testcase name="TCED25103" classname="com.curriculum.Print_Lessons" time="1.226"/>
  <testcase name="TCED25104" classname="com.curriculum.Print_Lessons" time="12.562"/>
  <testcase name="TCED25105" classname="com.curriculum.Print_Lessons" time="12.773"/>
  <testcase name="TCED25106" classname="com.curriculum.Print_Lessons" time="2.039"/>
  <testcase name="TCED25107" classname="com.curriculum.Print_Lessons" time="1.905"/>
  <testcase name="TCED25108" classname="com.curriculum.Print_Lessons" time="1.199"/>
  <testcase name="TCED25109" classname="com.curriculum.Print_Lessons" time="1.223"/>
  <testcase name="TCED25110" classname="com.curriculum.Print_Lessons" time="12.319"/>
  <testcase name="TCED25111" classname="com.curriculum.Print_Lessons" time="12.741"/>
  <testcase name="TCED25112" classname="com.curriculum.Print_Lessons" time="2.357"/>
  <testcase name="TCED25113" classname="com.curriculum.Print_Lessons" time="1.167"/>
  <testcase name="TCED25114" classname="com.curriculum.Print_Lessons" time="1.297"/>
  <testcase name="TCED25115" classname="com.curriculum.Print_Lessons" time="12.424"/>
  <testcase name="TCED25116" classname="com.curriculum.Print_Lessons" time="12.711"/>
  <testcase name="TCED25117" classname="com.curriculum.Print_Lessons" time="2.206"/>
  <testcase name="TCED25118" classname="com.curriculum.Print_Lessons" time="1.194"/>
  <testcase name="TCED25119" classname="com.curriculum.Print_Lessons" time="1.316"/>
  <testcase name="TCED25120" classname="com.curriculum.Print_Lessons" time="12.43"/>
  <testcase name="TCED25121" classname="com.curriculum.Print_Lessons" time="12.555"/>
  <testcase name="TCED25122" classname="com.curriculum.Print_Lessons" time="2.006"/>
  <testcase name="TCED25123" classname="com.curriculum.Print_Lessons" time="1.239"/>
  <testcase name="TCED25124" classname="com.curriculum.Print_Lessons" time="1.166"/>
  <testcase name="TCED25125" classname="com.curriculum.Print_Lessons" time="7.742">
    <failure message="Failed to download document which has extension .PDF expected [true] but found [false]" type="java.lang.AssertionError">java.lang.AssertionError: Failed to download document which has extension .PDF expected [true] but found [false]
	at org.testng.Assert.fail(Assert.java:96)
	at org.testng.Assert.failNotEquals(Assert.java:776)
	at org.testng.Assert.assertTrue(Assert.java:44)
	at com.curriculum.Print_Lessons.TCED25125(Print_Lessons.java:757)
</failure>
    <system-err><![CDATA[1541423049461	Marionette	DEBUG	[6442450945] Received DOM event beforeunload for http://192.168.10.124/EdInsight/Form/LessonPlanner/LessonPlannerMain.aspx?args=s79LFcKIz38I3KnjVa8bnR1otxP1r4WaeK7hIqvD4TvHgX0fnbr9Oq4GBu1dliJNuounlozsIZ6MocDY7vdZ1FAu3PDYTrL5Dpqlqu3yNgZpdJFmL7PalFvAzk99E176
1541423049811	Marionette	DEBUG	[6442450945] Received DOM event pagehide for http://192.168.10.124/EdInsight/Form/LessonPlanner/LessonPlannerMain.aspx?args=s79LFcKIz38I3KnjVa8bnR1otxP1r4WaeK7hIqvD4TvHgX0fnbr9Oq4GBu1dliJNuounlozsIZ6MocDY7vdZ1FAu3PDYTrL5Dpqlqu3yNgZpdJFmL7PalFvAzk99E176
1541423049812	Marionette	DEBUG	[6442450945] Received DOM event unload for http://192.168.10.124/EdInsight/Form/LessonPlanner/LessonPlannerMain.aspx?args=s79LFcKIz38I3KnjVa8bnR1otxP1r4WaeK7hIqvD4TvHgX0fnbr9Oq4GBu1dliJNuounlozsIZ6MocDY7vdZ1FAu3PDYTrL5Dpqlqu3yNgZpdJFmL7PalFvAzk99E176
1541423049867	Marionette	DEBUG	[6442450945] Received observer notification outer-window-destroyed for 6442451272
1541423050063	Marionette	DEBUG	[6442450945] Received observer notification outer-window-destroyed for 6442451262
1541423050063	Marionette	DEBUG	[6442450945] Received observer notification outer-window-destroyed for 6442451268
1541423050063	Marionette	DEBUG	[6442450945] Received observer notification outer-window-destroyed for 6442451269
1541423050261	Marionette	DEBUG	[6442450945] Received DOM event DOMContentLoaded for http://192.168.10.124/EdInsight/Form/LessonPlanner/LessonPlannerMain.aspx?args=s79LFcKIz38I3KnjVa8bnR1otxP1r4WaeK7hIqvD4TvHgX0fnbr9Oq4GBu1dliJNuounlozsIZ6MocDY7vdZ1FAu3PDYTrL5Dpqlqu3yNgZpdJFmL7PalFvAzk99E176
1541423050451	Marionette	DEBUG	[6442450945] Received observer notification outer-window-destroyed for 6442451277
1541423050453	Marionette	DEBUG	[6442450945] Received observer notification outer-window-destroyed for 6442451278
JavaScript error: http://192.168.10.124/EdInsight/Form/LessonPlanner/LessonPlannerMain.aspx?args=s79LFcKIz38I3KnjVa8bnR1otxP1r4WaeK7hIqvD4TvHgX0fnbr9Oq4GBu1dliJNuounlozsIZ6MocDY7vdZ1FAu3PDYTrL5Dpqlqu3yNgZpdJFmL7PalFvAzk99E176, line 1: ReferenceError: False is not defined
1541423050484	Marionette	DEBUG	[6442450945] Received DOM event pageshow for http://192.168.10.124/EdInsight/Form/LessonPlanner/LessonPlannerMain.aspx?args=s79LFcKIz38I3KnjVa8bnR1otxP1r4WaeK7hIqvD4TvHgX0fnbr9Oq4GBu1dliJNuounlozsIZ6MocDY7vdZ1FAu3PDYTrL5Dpqlqu3yNgZpdJFmL7PalFvAzk99E176
1541423050853	Marionette	DEBUG	[6442450945] Canceled page load listener because no navigation has been detected
1541423050936	Marionette	DEBUG	[6442450945] Received DOM event beforeunload for http://192.168.10.124/EdInsight/Form/LessonPlanner/LessonPlannerPrintRange.aspx?datetype=printdialog&rwndrnd=0.4583882292345465
1541423050987	Marionette	DEBUG	[6442450945] Received DOM event pagehide for http://192.168.10.124/EdInsight/Form/LessonPlanner/LessonPlannerPrintRange.aspx?datetype=printdialog&rwndrnd=0.4583882292345465
1541423050988	Marionette	DEBUG	[6442450945] Received DOM event unload for http://192.168.10.124/EdInsight/Form/LessonPlanner/LessonPlannerPrintRange.aspx?datetype=printdialog&rwndrnd=0.4583882292345465
1541423051138	Marionette	DEBUG	[6442450945] Received DOM event DOMContentLoaded for http://192.168.10.124/EdInsight/Form/LessonPlanner/LessonPlannerPrintRange.aspx?args=s79LFcKIz38I3KnjVa8bnaqtd07NsTXbRx9w2AIqdWQ=
1541423051191	Marionette	DEBUG	[6442450945] Received DOM event pageshow for http://192.168.10.124/EdInsight/Form/LessonPlanner/LessonPlannerPrintRange.aspx?args=s79LFcKIz38I3KnjVa8bnaqtd07NsTXbRx9w2AIqdWQ=
]]></system-err>
  </testcase>
  <testcase name="TCED25126" classname="com.curriculum.Print_Lessons" time="7.613">
    <failure message="Failed to download document which has extension .DOC expected [true] but found [false]" type="java.lang.AssertionError">java.lang.AssertionError: Failed to download document which has extension .DOC expected [true] but found [false]
	at org.testng.Assert.fail(Assert.java:96)
	at org.testng.Assert.failNotEquals(Assert.java:776)
	at org.testng.Assert.assertTrue(Assert.java:44)
	at com.curriculum.Print_Lessons.TCED25126(Print_Lessons.java:794)
</failure>
    <system-err><![CDATA[1541423057230	Marionette	DEBUG	[6442450945] Received DOM event beforeunload for http://192.168.10.124/EdInsight/Form/LessonPlanner/LessonPlannerMain.aspx?args=s79LFcKIz38I3KnjVa8bnR1otxP1r4WaeK7hIqvD4TvHgX0fnbr9Oq4GBu1dliJNuounlozsIZ6MocDY7vdZ1FAu3PDYTrL5Dpqlqu3yNgZpdJFmL7PalFvAzk99E176
1541423057411	Marionette	DEBUG	[6442450945] Received DOM event pagehide for http://192.168.10.124/EdInsight/Form/LessonPlanner/LessonPlannerMain.aspx?args=s79LFcKIz38I3KnjVa8bnR1otxP1r4WaeK7hIqvD4TvHgX0fnbr9Oq4GBu1dliJNuounlozsIZ6MocDY7vdZ1FAu3PDYTrL5Dpqlqu3yNgZpdJFmL7PalFvAzk99E176
1541423057414	Marionette	DEBUG	[6442450945] Received DOM event unload for http://192.168.10.124/EdInsight/Form/LessonPlanner/LessonPlannerMain.aspx?args=s79LFcKIz38I3KnjVa8bnR1otxP1r4WaeK7hIqvD4TvHgX0fnbr9Oq4GBu1dliJNuounlozsIZ6MocDY7vdZ1FAu3PDYTrL5Dpqlqu3yNgZpdJFmL7PalFvAzk99E176
1541423057507	Marionette	DEBUG	[6442450945] Received observer notification outer-window-destroyed for 6442451285
1541423057718	Marionette	DEBUG	[6442450945] Received observer notification outer-window-destroyed for 6442451275
1541423057719	Marionette	DEBUG	[6442450945] Received observer notification outer-window-destroyed for 6442451281
1541423057719	Marionette	DEBUG	[6442450945] Received observer notification outer-window-destroyed for 6442451282
1541423057920	Marionette	DEBUG	[6442450945] Received DOM event DOMContentLoaded for http://192.168.10.124/EdInsight/Form/LessonPlanner/LessonPlannerMain.aspx?args=s79LFcKIz38I3KnjVa8bnR1otxP1r4WaeK7hIqvD4TvHgX0fnbr9Oq4GBu1dliJNuounlozsIZ6MocDY7vdZ1FAu3PDYTrL5Dpqlqu3yNgZpdJFmL7PalFvAzk99E176
1541423058084	Marionette	DEBUG	[6442450945] Received observer notification outer-window-destroyed for 6442451291
1541423058085	Marionette	DEBUG	[6442450945] Received observer notification outer-window-destroyed for 6442451292
JavaScript error: http://192.168.10.124/EdInsight/Form/LessonPlanner/LessonPlannerMain.aspx?args=s79LFcKIz38I3KnjVa8bnR1otxP1r4WaeK7hIqvD4TvHgX0fnbr9Oq4GBu1dliJNuounlozsIZ6MocDY7vdZ1FAu3PDYTrL5Dpqlqu3yNgZpdJFmL7PalFvAzk99E176, line 1: ReferenceError: False is not defined
1541423058119	Marionette	DEBUG	[6442450945] Received DOM event pageshow for http://192.168.10.124/EdInsight/Form/LessonPlanner/LessonPlannerMain.aspx?args=s79LFcKIz38I3KnjVa8bnR1otxP1r4WaeK7hIqvD4TvHgX0fnbr9Oq4GBu1dliJNuounlozsIZ6MocDY7vdZ1FAu3PDYTrL5Dpqlqu3yNgZpdJFmL7PalFvAzk99E176
1541423058483	Marionette	DEBUG	[6442450945] Canceled page load listener because no navigation has been detected
1541423058559	Marionette	DEBUG	[6442450945] Received DOM event beforeunload for http://192.168.10.124/EdInsight/Form/LessonPlanner/LessonPlannerPrintRange.aspx?datetype=printdialog&rwndrnd=0.9269732948852271
1541423058611	Marionette	DEBUG	[6442450945] Received DOM event pagehide for http://192.168.10.124/EdInsight/Form/LessonPlanner/LessonPlannerPrintRange.aspx?datetype=printdialog&rwndrnd=0.9269732948852271
1541423058611	Marionette	DEBUG	[6442450945] Received DOM event unload for http://192.168.10.124/EdInsight/Form/LessonPlanner/LessonPlannerPrintRange.aspx?datetype=printdialog&rwndrnd=0.9269732948852271
1541423058755	Marionette	DEBUG	[6442450945] Received DOM event DOMContentLoaded for http://192.168.10.124/EdInsight/Form/LessonPlanner/LessonPlannerPrintRange.aspx?args=s79LFcKIz38I3KnjVa8bnfl6XVNyhO2zRSoGyBrHRlQ=
1541423058812	Marionette	DEBUG	[6442450945] Received DOM event pageshow for http://192.168.10.124/EdInsight/Form/LessonPlanner/LessonPlannerPrintRange.aspx?args=s79LFcKIz38I3KnjVa8bnfl6XVNyhO2zRSoGyBrHRlQ=
]]></system-err>
  </testcase>
  <testcase name="TCED25127" classname="com.curriculum.Print_Lessons" time="2.082"/>
  <testcase name="TCED27128" classname="com.curriculum.Print_Lessons" time="1.128"/>
</testsuite>