<?xml version="1.0" encoding="UTF-8"?>
<testsuite name="TestSuite" time="26.98" tests="37" errors="0" skipped="36" failures="1">
  <properties>
    <property name="java.runtime.name" value="Java(TM) SE Runtime Environment"/>
    <property name="sun.boot.library.path" value="C:\Program Files\Java\jdk1.8.0_181\jre\bin"/>
    <property name="java.vm.version" value="25.181-b13"/>
    <property name="java.vm.vendor" value="Oracle Corporation"/>
    <property name="maven.multiModuleProjectDirectory" value="F:\Vofox-Webdriver\Edinsight"/>
    <property name="java.vendor.url" value="http://java.oracle.com/"/>
    <property name="path.separator" value=";"/>
    <property name="guice.disable.misplaced.annotation.check" value="true"/>
    <property name="java.vm.name" value="Java HotSpot(TM) 64-Bit Server VM"/>
    <property name="file.encoding.pkg" value="sun.io"/>
    <property name="user.script" value=""/>
    <property name="user.country" value="US"/>
    <property name="sun.java.launcher" value="SUN_STANDARD"/>
    <property name="sun.os.patch.level" value=""/>
    <property name="java.vm.specification.name" value="Java Virtual Machine Specification"/>
    <property name="user.dir" value="F:\Vofox-Webdriver\Edinsight"/>
    <property name="java.runtime.version" value="1.8.0_181-b13"/>
    <property name="java.awt.graphicsenv" value="sun.awt.Win32GraphicsEnvironment"/>
    <property name="java.endorsed.dirs" value="C:\Program Files\Java\jdk1.8.0_181\jre\lib\endorsed"/>
    <property name="os.arch" value="amd64"/>
    <property name="java.io.tmpdir" value="C:\Users\DEVELO~1\AppData\Local\Temp\"/>
    <property name="line.separator" value="&#10;"/>
    <property name="java.vm.specification.vendor" value="Oracle Corporation"/>
    <property name="user.variant" value=""/>
    <property name="os.name" value="Windows 10"/>
    <property name="classworlds.conf" value="E:\apache-maven-3.5.4\bin\..\bin\m2.conf"/>
    <property name="sun.jnu.encoding" value="Cp1252"/>
    <property name="java.library.path" value="C:\Program Files\Java\jdk1.8.0_181\bin;C:\WINDOWS\Sun\Java\bin;C:\WINDOWS\system32;C:\WINDOWS;C:\Program Files\Java\jdk1.8.0_181/bin;C:\Program Files\Java\jdk1.8.0_181/bin;C:\Program Files\Java\jdk1.8.0_181\bin;C:\WINDOWS\system32;C:\WINDOWS;C:\WINDOWS\System32\Wbem;C:\WINDOWS\System32\WindowsPowerShell\v1.0\;C:\Program Files\Git\cmd;C:\WINDOWS\System32\OpenSSH\;E:\apache-maven-3.5.4\bin;C:\Users\Developer\AppData\Local\Microsoft\WindowsApps;."/>
    <property name="maven.conf" value="E:\apache-maven-3.5.4\bin\../conf"/>
    <property name="java.specification.name" value="Java Platform API Specification"/>
    <property name="java.class.version" value="52.0"/>
    <property name="sun.management.compiler" value="HotSpot 64-Bit Tiered Compilers"/>
    <property name="os.version" value="10.0"/>
    <property name="library.jansi.path" value="E:\apache-maven-3.5.4\bin\..\lib\jansi-native"/>
    <property name="surefire.suiteXmlFiles" value="VED00133-PssaAssessmentAnchors.xml"/>
    <property name="user.home" value="C:\Users\Developer"/>
    <property name="user.timezone" value="Asia/Calcutta"/>
    <property name="java.awt.printerjob" value="sun.awt.windows.WPrinterJob"/>
    <property name="java.specification.version" value="1.8"/>
    <property name="file.encoding" value="Cp1252"/>
    <property name="user.name" value="Developer"/>
    <property name="java.class.path" value="E:\apache-maven-3.5.4\bin\..\boot\plexus-classworlds-2.5.2.jar"/>
    <property name="java.vm.specification.version" value="1.8"/>
    <property name="sun.arch.data.model" value="64"/>
    <property name="java.home" value="C:\Program Files\Java\jdk1.8.0_181\jre"/>
    <property name="sun.java.command" value="org.codehaus.plexus.classworlds.launcher.Launcher clean test -Dsurefire.suiteXmlFiles=VED00133-PssaAssessmentAnchors.xml"/>
    <property name="java.specification.vendor" value="Oracle Corporation"/>
    <property name="user.language" value="en"/>
    <property name="awt.toolkit" value="sun.awt.windows.WToolkit"/>
    <property name="java.vm.info" value="mixed mode"/>
    <property name="java.version" value="1.8.0_181"/>
    <property name="java.ext.dirs" value="C:\Program Files\Java\jdk1.8.0_181\jre\lib\ext;C:\WINDOWS\Sun\Java\lib\ext"/>
    <property name="sun.boot.class.path" value="C:\Program Files\Java\jdk1.8.0_181\jre\lib\resources.jar;C:\Program Files\Java\jdk1.8.0_181\jre\lib\rt.jar;C:\Program Files\Java\jdk1.8.0_181\jre\lib\sunrsasign.jar;C:\Program Files\Java\jdk1.8.0_181\jre\lib\jsse.jar;C:\Program Files\Java\jdk1.8.0_181\jre\lib\jce.jar;C:\Program Files\Java\jdk1.8.0_181\jre\lib\charsets.jar;C:\Program Files\Java\jdk1.8.0_181\jre\lib\jfr.jar;C:\Program Files\Java\jdk1.8.0_181\jre\classes"/>
    <property name="java.vendor" value="Oracle Corporation"/>
    <property name="maven.home" value="E:\apache-maven-3.5.4\bin\.."/>
    <property name="file.separator" value="\"/>
    <property name="java.vendor.url.bug" value="http://bugreport.sun.com/bugreport/"/>
    <property name="sun.cpu.endian" value="little"/>
    <property name="sun.io.unicode.encoding" value="UnicodeLittle"/>
    <property name="sun.desktop" value="windows"/>
    <property name="sun.cpu.isalist" value="amd64"/>
  </properties>
  <testcase name="setup1" classname="Report.PssaAssessmentAnchors" time="26.98">
    <failure message="Reached error page: about:neterror?e=netTimeout&amp;u=http%3A//192.168.10.112/Edinsight/Login.aspx&amp;c=UTF-8&amp;f=regular&amp;d=The%20server%20at%20192.168.10.112%20is%20taking%20too%20long%20to%20respond.&#10;Build info: version: &apos;3.11.0&apos;, revision: &apos;e59cfb3&apos;, time: &apos;2018-03-11T20:26:55.152Z&apos;&#10;System info: host: &apos;QA-SCHEDULER&apos;, ip: &apos;192.168.7.111&apos;, os.name: &apos;Windows 10&apos;, os.arch: &apos;amd64&apos;, os.version: &apos;10.0&apos;, java.version: &apos;1.8.0_181&apos;&#10;Driver info: org.openqa.selenium.firefox.FirefoxDriver&#10;Capabilities {acceptInsecureCerts: true, browserName: firefox, browserVersion: 70.0.1, javascriptEnabled: true, moz:accessibilityChecks: false, moz:buildID: 20191030021342, moz:geckodriverVersion: 0.24.0, moz:headless: false, moz:processID: 11344, moz:profile: C:\Users\Developer\AppData\..., moz:shutdownTimeout: 60000, moz:useNonSpecCompliantPointerOrigin: false, moz:webdriverClick: true, pageLoadStrategy: normal, platform: WINDOWS, platformName: WINDOWS, platformVersion: 10.0, rotatable: false, setWindowRect: true, strictFileInteractability: false, timeouts: {implicit: 0, pageLoad: 300000, script: 30000}, unhandledPromptBehavior: dismiss and notify}&#10;Session ID: 19198ede-9305-480c-9b76-c28f94dc7a04" type="org.openqa.selenium.WebDriverException"><![CDATA[org.openqa.selenium.WebDriverException: Reached error page: about:neterror?e=netTimeout&u=http%3A//192.168.10.112/Edinsight/Login.aspx&c=UTF-8&f=regular&d=The%20server%20at%20192.168.10.112%20is%20taking%20too%20long%20to%20respond.
Build info: version: '3.11.0', revision: 'e59cfb3', time: '2018-03-11T20:26:55.152Z'
System info: host: 'QA-SCHEDULER', ip: '192.168.7.111', os.name: 'Windows 10', os.arch: 'amd64', os.version: '10.0', java.version: '1.8.0_181'
Driver info: org.openqa.selenium.firefox.FirefoxDriver
Capabilities {acceptInsecureCerts: true, browserName: firefox, browserVersion: 70.0.1, javascriptEnabled: true, moz:accessibilityChecks: false, moz:buildID: 20191030021342, moz:geckodriverVersion: 0.24.0, moz:headless: false, moz:processID: 11344, moz:profile: C:\Users\Developer\AppData\..., moz:shutdownTimeout: 60000, moz:useNonSpecCompliantPointerOrigin: false, moz:webdriverClick: true, pageLoadStrategy: normal, platform: WINDOWS, platformName: WINDOWS, platformVersion: 10.0, rotatable: false, setWindowRect: true, strictFileInteractability: false, timeouts: {implicit: 0, pageLoad: 300000, script: 30000}, unhandledPromptBehavior: dismiss and notify}
Session ID: 19198ede-9305-480c-9b76-c28f94dc7a04
	at sun.reflect.NativeConstructorAccessorImpl.newInstance0(Native Method)
	at sun.reflect.NativeConstructorAccessorImpl.newInstance(NativeConstructorAccessorImpl.java:62)
	at sun.reflect.DelegatingConstructorAccessorImpl.newInstance(DelegatingConstructorAccessorImpl.java:45)
	at java.lang.reflect.Constructor.newInstance(Constructor.java:423)
	at org.openqa.selenium.remote.http.W3CHttpResponseCodec.createException(W3CHttpResponseCodec.java:187)
	at org.openqa.selenium.remote.http.W3CHttpResponseCodec.decode(W3CHttpResponseCodec.java:122)
	at org.openqa.selenium.remote.http.W3CHttpResponseCodec.decode(W3CHttpResponseCodec.java:49)
	at org.openqa.selenium.remote.HttpCommandExecutor.execute(HttpCommandExecutor.java:158)
	at org.openqa.selenium.remote.service.DriverCommandExecutor.execute(DriverCommandExecutor.java:83)
	at org.openqa.selenium.remote.RemoteWebDriver.execute(RemoteWebDriver.java:545)
	at org.openqa.selenium.remote.RemoteWebDriver.get(RemoteWebDriver.java:273)
	at Library.BaseClassOne.setup1(BaseClassOne.java:125)
	at sun.reflect.NativeMethodAccessorImpl.invoke0(Native Method)
	at sun.reflect.NativeMethodAccessorImpl.invoke(NativeMethodAccessorImpl.java:62)
	at sun.reflect.DelegatingMethodAccessorImpl.invoke(DelegatingMethodAccessorImpl.java:43)
	at java.lang.reflect.Method.invoke(Method.java:498)
	at org.testng.internal.MethodInvocationHelper.invokeMethod(MethodInvocationHelper.java:124)
	at org.testng.internal.MethodInvocationHelper.invokeMethodConsideringTimeout(MethodInvocationHelper.java:59)
	at org.testng.internal.Invoker.invokeConfigurationMethod(Invoker.java:455)
	at org.testng.internal.Invoker.invokeConfigurations(Invoker.java:222)
	at org.testng.internal.Invoker.invokeConfigurations(Invoker.java:142)
	at org.testng.TestRunner.beforeRun(TestRunner.java:529)
	at org.testng.TestRunner.run(TestRunner.java:497)
	at org.testng.SuiteRunner.runTest(SuiteRunner.java:455)
	at org.testng.SuiteRunner.runSequentially(SuiteRunner.java:450)
	at org.testng.SuiteRunner.privateRun(SuiteRunner.java:415)
	at org.testng.SuiteRunner.run(SuiteRunner.java:364)
	at org.testng.SuiteRunnerWorker.runSuite(SuiteRunnerWorker.java:52)
	at org.testng.SuiteRunnerWorker.run(SuiteRunnerWorker.java:84)
	at org.testng.TestNG.runSuitesSequentially(TestNG.java:1208)
	at org.testng.TestNG.runSuitesLocally(TestNG.java:1137)
	at org.testng.TestNG.runSuites(TestNG.java:1049)
	at org.testng.TestNG.run(TestNG.java:1017)
	at org.apache.maven.surefire.testng.TestNGExecutor.run(TestNGExecutor.java:295)
	at org.apache.maven.surefire.testng.TestNGXmlTestSuite.execute(TestNGXmlTestSuite.java:84)
	at org.apache.maven.surefire.testng.TestNGProvider.invoke(TestNGProvider.java:90)
	at org.apache.maven.surefire.booter.ForkedBooter.invokeProviderInSameClassLoader(ForkedBooter.java:203)
	at org.apache.maven.surefire.booter.ForkedBooter.runSuitesInProcess(ForkedBooter.java:155)
	at org.apache.maven.surefire.booter.ForkedBooter.main(ForkedBooter.java:103)
]]></failure>
    <system-err><![CDATA[1601875720751	mozrunner::runner	INFO	Running command: "C:\\Program Files\\Mozilla Firefox\\firefox.exe" "-marionette" "-foreground" "-no-remote" "-profile" "C:\\Users\\DEVELO~1\\AppData\\Local\\Temp\\rust_mozprofile.KRf0aN8NO1id"
1601875721623	addons.manager	DEBUG	Application has been upgraded
1601875721633	addons.manager	DEBUG	Loaded provider scope for resource://gre/modules/addons/XPIProvider.jsm: ["XPIProvider", "XPIInternal"]
1601875721647	addons.manager	DEBUG	Loaded provider scope for resource://gre/modules/addons/GMPProvider.jsm
1601875721649	addons.manager	DEBUG	Loaded provider scope for resource://gre/modules/addons/PluginProvider.jsm
1601875721649	addons.manager	DEBUG	Starting provider: XPIProvider
1601875721649	addons.xpi	DEBUG	startup
1601875721650	addons.xpi	INFO	SystemAddonLocation directory is missing
1601875721656	addons.xpi	INFO	Removing all system add-on upgrades.
1601875721657	addons.xpi	DEBUG	checkForChanges
1601875721657	addons.xpi	DEBUG	Loaded add-on state: ${}
1601875721658	addons.xpi	DEBUG	New add-on formautofill@mozilla.org in app-system-defaults
1601875721659	addons.xpi	DEBUG	New add-on screenshots@mozilla.org in app-system-defaults
1601875721660	addons.xpi	DEBUG	New add-on webcompat-reporter@mozilla.org in app-system-defaults
1601875721661	addons.xpi	DEBUG	New add-on webcompat@mozilla.org in app-system-defaults
1601875721662	addons.xpi	DEBUG	scanForChanges changed: true, state: {}
1601875721667	addons.xpi-utils	DEBUG	Error: Synchronously loading the add-ons database(resource://gre/modules/addons/XPIDatabase.jsm:1537:15) JS Stack trace: syncLoadDB@XPIDatabase.jsm:1537:15
checkForChanges@XPIProvider.jsm:2922:21
startup@XPIProvider.jsm:2384:12
callProvider@AddonManager.jsm:213:31
_startProvider@AddonManager.jsm:649:17
startup@AddonManager.jsm:873:14
startup@AddonManager.jsm:3469:26
observe@addonManager.js:86:29
1601875721668	addons.xpi-utils	DEBUG	Starting async load of XPI database C:\Users\Developer\AppData\Local\Temp\rust_mozprofile.KRf0aN8NO1id\extensions.json
1601875721701	addons.xpi-utils	DEBUG	New add-on formautofill@mozilla.org installed in app-system-defaults
*** Blocklist::loadBlocklist: blocklist is disabled
1601875721776	addons.xpi-utils	DEBUG	New add-on screenshots@mozilla.org installed in app-system-defaults
1601875721788	addons.webextension.screenshots@mozilla.org	WARN	Loading extension 'screenshots@mozilla.org': Reading manifest: Invalid extension permission: mozillaAddons
1601875721788	addons.webextension.screenshots@mozilla.org	WARN	Loading extension 'screenshots@mozilla.org': Reading manifest: Invalid extension permission: telemetry
1601875721789	addons.webextension.screenshots@mozilla.org	WARN	Loading extension 'screenshots@mozilla.org': Reading manifest: Invalid extension permission: resource://pdf.js/
1601875721789	addons.webextension.screenshots@mozilla.org	WARN	Loading extension 'screenshots@mozilla.org': Reading manifest: Invalid extension permission: about:reader*
1601875721834	addons.xpi-utils	DEBUG	New add-on webcompat-reporter@mozilla.org installed in app-system-defaults
1601875721844	addons.xpi-utils	DEBUG	New add-on webcompat@mozilla.org installed in app-system-defaults
1601875721845	addons.xpi-utils	DEBUG	XPI Database saved, setting schema version preference to 31
1601875721849	addons.manager	DEBUG	Registering startup change 'installed' for formautofill@mozilla.org
1601875721851	addons.xpi	DEBUG	Loading bootstrap scope from jar:file:///C:/Program%20Files/Mozilla%20Firefox/browser/features/formautofill@mozilla.org.xpi!/
1601875721851	addons.xpi	DEBUG	Calling bootstrap method install on formautofill@mozilla.org version 1.0
1601875721851	addons.xpi-utils	DEBUG	Make addon app-system-defaults:formautofill@mozilla.org visible
1601875721852	addons.xpi	DEBUG	Updating XPIState for {"id":"formautofill@mozilla.org","syncGUID":"{a12bec8d-636b-4300-9050-bae43ad3f112}","version":"1.0","type":"extension","loader":null,"updateURL":null,"optionsURL":null,"optionsType":null,"optionsBrowserStyle":true,"aboutURL":null,"defaultLocale":{"name":"Form Autofill","creator":null,"developers":null,"translators":null,"contributors":null},"visible":true,"active":false,"userDisabled":false,"appDisabled":false,"installDate":1575311493906,"updateDate":1575311493906,"applyBackgroundUpdates":1,"path":"C:\\Program Files\\Mozilla Firefox\\browser\\features\\formautofill@mozilla.org.xpi","skinnable":false,"sourceURI":null,"releaseNotesURI":null,"softDisabled":false,"foreignInstall":false,"strictCompatibility":true,"locales":[],"targetApplications":[{"id":"toolkit@mozilla.org","minVersion":null,"maxVersion":null}],"targetPlatforms":[],"seen":true,"dependencies":[],"incognito":"spanning","userPermissions":{"permissions":[],"origins":[]},"icons":{},"iconURL":null,"blocklistState":0,"blocklistURL":null,"startupData":null,"hidden":true,"installTelemetryInfo":null,"recommendationState":null,"rootURI":"jar:file:///C:/Program%20Files/Mozilla%20Firefox/browser/features/formautofill@mozilla.org.xpi!/","location":"app-system-defaults"}
1601875721852	addons.manager	DEBUG	Registering startup change 'installed' for screenshots@mozilla.org
1601875721852	addons.xpi	DEBUG	Loading bootstrap scope from jar:file:///C:/Program%20Files/Mozilla%20Firefox/browser/features/screenshots@mozilla.org.xpi!/
1601875721852	addons.xpi	DEBUG	Calling bootstrap method install on screenshots@mozilla.org version 39.0.0
1601875721852	addons.xpi-utils	DEBUG	Make addon app-system-defaults:screenshots@mozilla.org visible
1601875721852	addons.xpi	DEBUG	Updating XPIState for {"id":"screenshots@mozilla.org","syncGUID":"{56c1aac4-452e-4397-a311-d9d0be1280e9}","version":"39.0.0","type":"extension","loader":null,"updateURL":null,"optionsURL":null,"optionsType":null,"optionsBrowserStyle":true,"aboutURL":null,"defaultLocale":{"name":"Firefox Screenshots","description":"Take clips and screenshots from the Web and save them temporarily or permanently.","creator":"Mozilla <screenshots-feedback@mozilla.com>","homepageURL":"https://github.com/mozilla-services/screenshots","developers":null,"translators":null,"contributors":null},"visible":true,"active":false,"userDisabled":false,"appDisabled":false,"installDate":1575311493891,"updateDate":1575311493891,"applyBackgroundUpdates":1,"path":"C:\\Program Files\\Mozilla Firefox\\browser\\features\\screenshots@mozilla.org.xpi","skinnable":false,"sourceURI":null,"releaseNotesURI":null,"softDisabled":false,"foreignInstall":false,"strictCompatibility":true,"locales":[{"name":"Firefox Screenshots","description":"Take clips and screenshots from the Web and save them temporarily or permanently.","creator":"Mozilla <screenshots-feedback@mozilla.com>","homepageURL":"https://github.com/mozilla-services/screenshots","developers":null,"translators":null,"contributors":null,"locales":["en-US"]},{"name":"Firefox Screenshots","description":"ã‚¦ã‚§ãƒ–ã�‹ã‚‰ã‚¹ã‚¯ãƒªãƒ¼ãƒ³ã‚·ãƒ§ãƒƒãƒˆã‚’æ’®ã�£ã�¦ã€�ä¸€æ™‚çš„ã�¾ã�Ÿã�¯æ°¸ä¹…ã�«ã��ã‚Œã‚’ä¿�å­˜ã�—ã�¾ã�—ã‚‡ã�†ã€‚","creator":"Mozilla <screenshots-feedback@mozilla.com>","homepageURL":"https://github.com/mozilla-services/screenshots","developers":null,"translators":null,"contributors":null,"locales":["ja"]},{"name":"Firefox Screenshots","description":"Ta klipp og skjermbilder fra nettet og lagre de midlertidig eller permanent.","creator":"Mozilla <screenshots-feedback@mozilla.com>","homepageURL":"https://github.com/mozilla-services/screenshots","developers":null,"translators":null,"contributors":null,"locales":["nb-NO"]},{"name":"Firefox Screenshots","description":"Tee veebist klippe vÃµi ekraanipilte ning salvesta need ajutiselt vÃµi pÃ¼sivalt.","creator":"Mozilla <screenshots-feedback@mozilla.com>","homepageURL":"https://github.com/mozilla-services/screenshots","developers":null,"translators":null,"contributors":null,"locales":["et"]},{"name":"Firefox Screenshots","description":"Cokot klip jeung tÃ©wakan layar ti Raramat turta teundeun saheulaanan atawa salilana.","creator":"Mozilla <screenshots-feedback@mozilla.com>","homepageURL":"https://github.com/mozilla-services/screenshots","developers":null,"translators":null,"contributors":null,"locales":["su"]},{"name":"Firefox Screenshots","description":"Tire clipes e capturas de ecrÃ£ da Web e guarde-as temporariamente ou permanentemente.","creator":"Mozilla <screenshots-feedback@mozilla.com>","homepageURL":"https://github.com/mozilla-services/screenshots","developers":null,"translators":null,"contributors":null,"locales":["pt-PT"]},{"name":"Firefox Screenshots","description":"Cymrwch clipiau a lluniau sgrin o'r We a'u cadw dros dro neu'n barhaol.","creator":"Mozilla <screenshots-feedback@mozilla.com>","homepageURL":"https://github.com/mozilla-services/screenshots","developers":null,"translators":null,"contributors":null,"locales":["cy"]},{"name":"Firefox Screenshots","description":"WzejÅ›o klipy a fota wobrazowki z weba a skÅ‚adujÅ›o je nachylu abo na pÅ›ecej.","creator":"Mozilla <screenshots-feedback@mozilla.com>","homepageURL":"https://github.com/mozilla-services/screenshots","developers":null,"translators":null,"contributors":null,"locales":["dsb"]},{"name":"Firefox Screenshots","description":"Glac gearrthÃ³ga agus gabhÃ¡lacha scÃ¡ileÃ¡in Ã³n GhrÃ©asÃ¡n agus sÃ¡bhÃ¡il iad, go sealadach nÃ³ go buan.","creator":"Mozilla <screenshots-feedback@mozilla.com>","homepageURL":"https://github.com/mozilla-services/screenshots","developers":null,"translators":null,"contributors":null,"locales":["ga-IE"]},{"name":"Firefox Screenshots","description":"à°œà°¾à°²à°‚ à°¨à±�à°‚à°¡à°¿ à°•à°¤à±�à°¤à°¿à°°à°¿à°‚à°ªà±�à°²à°¨à±� à°¤à±†à°°à°ªà°Ÿà±�à°²à°¨à±� à°¤à±€à°¸à±�à°•à±Šà°¨à°¿, à°µà°¾à°Ÿà°¿à°¨à°¿ à°¤à°¾à°¤à±�à°•à°¾à°²à°¿à°•à°‚à°—à°¾ à°²à±‡à°¦à°¾ à°¶à°¾à°¶à±�à°µà°¤à°‚à°—à°¾ à°­à°¦à±�à°°à°ªà°°à°šà°•à±‹à°‚à°¡à°¿.","creator":"Mozilla <screenshots-feedback@mozilla.com>","homepageURL":"https://github.com/mozilla-services/screenshots","developers":null,"translators":null,"contributors":null,"locales":["te"]},{"name":"Firefox Screenshots","description":"Take clips and screenshots from the Web and save them temporarily or permanently.","creator":"Mozilla <screenshots-feedback@mozilla.com>","homepageURL":"https://github.com/mozilla-services/screenshots","developers":null,"translators":null,"contributors":null,"locales":["ast"]},{"name":"Firefox Screenshots","description":"Effectuez des captures dâ€™Ã©cran sur le Web et sauvegardez-les de maniÃ¨re temporaire ou permanente.","creator":"Mozilla <screenshots-feedback@mozilla.com>","homepageURL":"https://github.com/mozilla-services/screenshots","developers":null,"translators":null,"contributors":null,"locales":["fr"]},{"name":"Firefox Screenshots","description":"Dalhin ang clip at mga screenshot mula sa Web at i-save ang mga ito pansamantala o permanente.","creator":"Mozilla <screenshots-feedback@mozilla.com>","homepageURL":"https://github.com/mozilla-services/screenshots","developers":null,"translators":null,"contributors":null,"locales":["tl"]},{"name":"Firefox Screenshots","description":"Take clips and screenshots from the Web and save them temporarily or permanently.","creator":"Mozilla <screenshots-feedback@mozilla.com>","homepageURL":"https://github.com/mozilla-services/screenshots","developers":null,"translators":null,"contributors":null,"locales":["km"]},{"name":"Firefox Screenshots","description":"ÐŸÑ€Ð°Ð²Ð¸ ÐºÐ»Ð¸Ð¿Ð¾Ð²Ðµ Ð¸ Ñ�Ð½Ð¸Ð¼ÐºÐ¸ Ð½Ð° ÑƒÐµÐ±Ñ�Ñ‚Ñ€Ð°Ð½Ð¸Ñ†Ð° Ð¸ Ð³Ð¸ Ð·Ð°Ð¿Ð°Ð·Ð²Ð° Ð²Ñ€ÐµÐ¼ÐµÐ½Ð½Ð¾ Ð¸Ð»Ð¸ Ð·Ð° Ð¿Ð¾Ñ�Ñ‚Ð¾Ñ�Ð½Ð½Ð¾.","creator":"Mozilla <screenshots-feedback@mozilla.com>","homepageURL":"https://github.com/mozilla-services/screenshots","developers":null,"translators":null,"contributors":null,"locales":["bg"]},{"name":"Firefox Screenshots","description":"Rekam klip dan tangkapan layar dari Web dan simpan untuk sementara atau secara permanen.","creator":"Mozilla <screenshots-feedback@mozilla.com>","homepageURL":"https://github.com/mozilla-services/screenshots","developers":null,"translators":null,"contributors":null,"locales":["id"]},{"name":"Firefox Screenshots","description":"Hartu webetik pantaila-zatiak eta -argazkiak eta gorde aldi baterako edo behin betiko.","creator":"Mozilla <screenshots-feedback@mozilla.com>","homepageURL":"https://github.com/mozilla-services/screenshots","developers":null,"translators":null,"contributors":null,"locales":["eu"]},{"name":"Firefox Screenshots","description":"PoÅ™izujte snÃ­mky webovÃ½ch strÃ¡nek a uklÃ¡dejte je doÄ�asnÄ› nebo natrvalo.","creator":"Mozilla <screenshots-feedback@mozilla.com>","homepageURL":"https://github.com/mozilla-services/screenshots","developers":null,"translators":null,"contributors":null,"locales":["cs"]},{"name":"Firefox Screenshots","description":"àªµà«‡àª¬àª®àª¾àª‚àª¥à«€ àª•à«�àª²àª¿àªªà«�àª¸ àª…àª¨à«‡ àª¸à«�àª•à«�àª°à«€àª¨àª¶à«‰àªŸà«�àª¸ àª²à«‹ àª…àª¨à«‡ àª¤à«‡àª®àª¨à«‡ àª•àª¾àª®àªšàª²àª¾àª‰ àª…àª¥àªµàª¾ àª•àª¾àª¯àª®à«€ àª°à«€àª¤à«‡ àª¸àª¾àªšàªµà«‹.","creator":"Mozilla<screenshots-feedback@mozilla.com>","homepageURL":"https://github.com/mozilla-services/screenshots","developers":null,"translators":null,"contributors":null,"locales":["gu-IN"]},{"name":"Firefox Screenshots","description":"KÃ©szÃ­tsen videoklipeket Ã©s kÃ©pernyÅ‘kÃ©peket a webrÅ‘l, Ã©s mentse Å‘ket ideiglenesen vagy vÃ©glegesen.","creator":"Mozilla <screenshots-feedback@mozilla.com>","homepageURL":"https://github.com/mozilla-services/screenshots","developers":null,"translators":null,"contributors":null,"locales":["hu"]},{"name":"Firefox Screenshots","description":"Take clips and screenshots from the Web and save them temporarily or permanently.","creator":"Mozilla <screenshots-feedback@mozilla.com>","homepageURL":"https://github.com/mozilla-services/screenshots","developers":null,"translators":null,"contributors":null,"locales":["kn"]},{"name":"Firefox Screenshots","description":"Ke'achapa' silowachib'al chuqa' chapoj wachib'Ã¤l pan Ajk'amaya'l richin ye'ayÃ¤k.","creator":"Mozilla <screenshots-feedback@mozilla.com>","homepageURL":"https://github.com/mozilla-services/screenshots","developers":null,"translators":null,"contributors":null,"locales":["cak"]},{"name":"Firefox Screenshots","description":"Toma capturas de un sitio Web para guardarlas de forma temporal o permanentemente.","creator":"Mozilla <screenshots-feedback@mozilla.com>","homepageURL":"https://github.com/mozilla-services/screenshots","developers":null,"translators":null,"contributors":null,"locales":["es-CL"]},{"name":"Firefox Screenshots","description":"Ð Ð¾Ð±Ñ–Ñ‚ÑŒ Ð²Ð¸Ñ€Ñ–Ð·ÐºÐ¸ Ñ‚Ð° Ð·Ð½Ñ–Ð¼ÐºÐ¸ ÐµÐºÑ€Ð°Ð½Ñƒ Ð² Ð†Ð½Ñ‚ÐµÑ€Ð½ÐµÑ‚Ñ– Ñ‚Ð° Ð·Ð±ÐµÑ€Ñ–Ð³Ð°Ð¹Ñ‚Ðµ Ñ—Ñ… Ð´Ð»Ñ� Ð¿Ð¾Ð´Ð°Ð»ÑŒÑˆÐ¾Ñ— Ñ€Ð¾Ð±Ð¾Ñ‚Ð¸.","creator":"Mozilla <screenshots-feedback@mozilla.com>","homepageURL":"https://github.com/mozilla-services/screenshots","developers":null,"translators":null,"contributors":null,"locales":["uk"]},{"name":"Firefox Screenshots","description":"ÙˆÛŒØ¨ Ø³Û’ Ú©Ù„Ù„Ø¨Ø³ ÛŒØ§Ø§ Ø§Ø³Ú©Ø±ÛŒÙ† Ø´Ø§Ù¹ÛŒÚº Ù„ÛŒÚº Ø§ÙˆØ± Ø§Ù† Ú©Ùˆ Ø¹Ø§Ø±Ø¸ÛŒ ÛŒØ§ Ù…Ø³ØªÙ‚Ù„ Ø·ÙˆØ± Ù¾Ø± Ù…Ø­Ù�ÙˆØ¸ Ú©Ø±ÛŒÚºÛ”","creator":"Mozilla <screenshots-feedback@mozilla.com>","homepageURL":"https://github.com/mozilla-services/screenshots","developers":null,"translators":null,"contributors":null,"locales":["ur"]},{"name":"Firefox Screenshots","description":"Prenu eltondaÄµon aÅ­ faru ekrankopiojn de retpaÄ�oj kaj konservu ilin Ä‰u daÅ­re Ä‰u provizore.","creator":"Mozilla <screenshots-feedback@mozilla.com>","homepageURL":"https://github.com/mozilla-services/screenshots","developers":null,"translators":null,"contributors":null,"locales":["eo"]},{"name":"Firefox Screenshots","description":"Take clips and screenshots from the Web and save them temporarily or permanently.","creator":"Mozilla <screenshots-feedback@mozilla.com>","homepageURL":"https://github.com/mozilla-services/screenshots","developers":null,"translators":null,"contributors":null,"locales":["si"]},{"name":"Firefox Screenshots","description":"Ta klipp och skÃ¤rmbilder frÃ¥n webben och spara dem tillfÃ¤lligt eller permanent.","creator":"Mozilla <screenshots-feedback@mozilla.com>","homepageURL":"https://github.com/mozilla-services/screenshots","developers":null,"translators":null,"contributors":null,"locales":["sv-SE"]},{"name":"Firefox Screenshots","description":"Ta klipp og skjermbilde frÃ¥ nettet og lagre dei mellombels eller permanent.","creator":"Mozilla <screenshots-feedback@mozilla.com>","homepageURL":"https://github.com/mozilla-services/screenshots","developers":null,"translators":null,"contributors":null,"locales":["nn-NO"]},{"name":"Firefox Screenshots","description":"Ø®Ø° Ù…Ù‚Ø§Ø·Ø¹ ÙˆÂ Ù„Ù‚Ø·Ø§Øª Ù…Ù† Ø§Ù„ÙˆØ¨ ÙˆÂ Ø§Ø­Ù�Ø¸Ù‡Ù… Ù…Ø¤Ù‚ØªÙ‹Ø§ Ø£Ùˆ Ø¯Ø§Ø¦Ù…Ù‹Ø§.","creator":"Ù…ÙˆØ²ÙŠÙ„Ø§ <screenshots-feedback@mozilla.com>","homepageURL":"https://github.com/mozilla-services/screenshots","developers":null,"translators":null,"contributors":null,"locales":["ar"]},{"name":"Firefox Screenshots","description":"Chá»¥p áº£nh vÃ  chá»¥p mÃ n hÃ¬nh tá»« Web vÃ  lÆ°u chÃºng táº¡m thá»�i hoáº·c vÄ©nh viá»…n.","creator":"Mozilla <screenshots-feedback@mozilla.com>","homepageURL":"https://github.com/mozilla-services/screenshots","developers":null,"translators":null,"contributors":null,"locales":["vi"]},{"name":"Firefox Screenshots","description":"áƒ’áƒ�áƒ“áƒ�áƒ£áƒ¦áƒ”áƒ— áƒ•áƒ˜áƒ“áƒ”áƒ�áƒ”áƒ‘áƒ˜ áƒ“áƒ� áƒ¡áƒ£áƒ áƒ�áƒ—áƒ”áƒ‘áƒ˜ áƒ•áƒ”áƒ‘áƒ’áƒ•áƒ”áƒ áƒ“áƒ”áƒ‘áƒ¡ áƒ“áƒ� áƒ¨áƒ”áƒ˜áƒœáƒ�áƒ®áƒ”áƒ— áƒ“áƒ áƒ�áƒ”áƒ‘áƒ˜áƒ—, áƒ�áƒœ áƒ›áƒ£áƒ“áƒ›áƒ˜áƒ•áƒ�áƒ“.","creator":"Mozilla <screenshots-feedback@mozilla.com>","homepageURL":"https://github.com/mozilla-services/screenshots","developers":null,"translators":null,"contributors":null,"locales":["ka"]},{"name":"Firefox Screenshots","description":"ì›¹ íŽ˜ì�´ì§€ë¥¼ ì°�ê±°ë‚˜ ì˜�ìƒ�ìœ¼ë¡œ ë§Œë“¤ì–´ ìž„ì‹œë¡œ, í˜¹ì�€ ì˜�êµ¬ížˆ ë³´ê´€í•˜ì„¸ìš”.","creator":"Mozilla <screenshots-feedback@mozilla.com>","homepageURL":"https://github.com/mozilla-services/screenshots","developers":null,"translators":null,"contributors":null,"locales":["ko"]},{"name":"Firefox Screenshots","description":"Tog cliopaichean is glacaidhean-sgrÃ¬n on lÃ¬on is sÃ bhail iad rÃ¨ seal no gu buan.","creator":"Mozilla <screenshots-feedback@mozilla.com>","homepageURL":"https://github.com/mozilla-services/screenshots","developers":null,"translators":null,"contributors":null,"locales":["gd"]},{"name":"Firefox Screenshots","description":"Cattura schermate di contenuti sul Web e salvali, per un periodo di tempo limitato o in modo permanente.","creator":"Mozilla <screenshots-feedback@mozilla.com>","homepageURL":"https://github.com/mozilla-services/screenshots","developers":null,"translators":null,"contributors":null,"locales":["it"]},{"name":"Firefox Screenshots","description":"TomÃ¡ imÃ¡genes y capturas de la web y guardalos temporal o permanentemente.","creator":"Mozilla <screenshots-feedback@mozilla.com>","homepageURL":"https://github.com/mozilla-services/screenshots","developers":null,"translators":null,"contributors":null,"locales":["es-AR"]},{"name":"Firefox Screenshots","description":"Darykite iÅ¡karpas ir ekrano nuotraukos su interneto turiniu bei saugokite jas laikinai arba visÄ…laik.","creator":"â€žMozillaâ€œ <screenshots-feedback@mozilla.com>","homepageURL":"https://github.com/mozilla-services/screenshots","developers":null,"translators":null,"contributors":null,"locales":["lt"]},{"name":"Firefox Screenshots","description":"Internetdan lavha va skrinshotlar oling hamda ularni vaqtincha yoki butunlay saqlab oling.","creator":"Mozilla <screenshots-feedback@mozilla.com>","homepageURL":"https://github.com/mozilla-services/screenshots","developers":null,"translators":null,"contributors":null,"locales":["uz"]},{"name":"Firefox Screenshots","description":"PÃ«rftoni copÃ«za dhe bÃ«ni foto nÃ« Web dhe ruajini ato pÃ«rkohÃ«sisht ose pÃ«rfundimisht.","creator":"Mozilla <screenshots-feedback@mozilla.com>","homepageURL":"https://github.com/mozilla-services/screenshots","developers":null,"translators":null,"contributors":null,"locales":["sq"]},{"name":"Firefox Screenshots","description":"Tomar clips y capturas de pantalla de la web y guardarlos temporalmente o permanentemente.","creator":"Mozilla <screenshots-feedback@mozilla.com>","homepageURL":"https://github.com/mozilla-services/screenshots","developers":null,"translators":null,"contributors":null,"locales":["es-MX"]},{"name":"Firefox Screenshots","description":"à®µà®²à¯ˆà®ªà®•à¯�à®•à®™à¯�à®•à®³à¯ˆ à®¨à®¿à®°à®¨à¯�à®¤à®°à®®à®¾à®• (à®…) à®¤à®±à¯�à®•à®¾à®²à®¿à®•à®®à®¾à®• à®¤à¯�à®£à¯�à®•à¯�à®•à¯�à®•à®³à®¾à®• (à®…) à®¤à®¿à®°à¯ˆà®ªà¯�à®ªà®¿à®Ÿà®¿à®ªà¯�à®ªà¯�à®•à®³à®¾à®• à®šà¯‡à®®à®¿à®¯à¯�à®™à¯�à®•à®³à¯�.","creator":"à®®à¯Šà®šà®¿à®²à¯�à®²à®¾ <screenshots-feedback@mozilla.com>","homepageURL":"https://github.com/mozilla-services/screenshots","developers":null,"translators":null,"contributors":null,"locales":["ta"]},{"name":"Firefox Screenshots","description":"Æ³ettu kilip walla nattal yaynirde rewrude e geese, ndaÉ—ndaa É—um e mudda walla e ko duumii.","creator":"Mozilla <screenshots-feedback@mozilla.com>","homepageURL":"https://github.com/mozilla-services/screenshots","developers":null,"translators":null,"contributors":null,"locales":["ff"]},{"name":"Firefox Screenshots","description":"Web sÉ™hifÉ™lÉ™rin ekran gÃ¶rÃ¼ntÃ¼lÉ™rini alÄ±n, mÃ¼vÉ™qqÉ™ti vÉ™ ya qalÄ±cÄ± saxlayÄ±n.","creator":"Mozilla <screenshots-feedback@mozilla.com>","homepageURL":"https://github.com/mozilla-services/screenshots","developers":null,"translators":null,"contributors":null,"locales":["az"]},{"name":"Firefox Screenshots","description":"Ð—ÐµÐ¼ÐµÑ‚Ðµ Ð¸Ñ�ÐµÑ‡Ð¾Ñ†Ð¸ Ð¸ Ñ�Ð»Ð¸ÐºÐ¸ Ð¾Ð´ Ð˜Ð½Ñ‚ÐµÑ€Ð½ÐµÑ‚ Ð¸ Ð·Ð°Ñ‡ÑƒÐ²Ð°Ñ˜Ñ‚Ðµ Ð³Ð¸ Ð¿Ñ€Ð¸Ð²Ñ€ÐµÐ¼ÐµÐ½Ð¾ Ð¸Ð»Ð¸ Ñ‚Ñ€Ð°Ñ˜Ð½Ð¾.","creator":"Mozilla <screenshots-feedback@mozilla.com>","homepageURL":"https://github.com/mozilla-services/screenshots","developers":null,"translators":null,"contributors":null,"locales":["mk"]},{"name":"Firefox Screenshots","description":"Erstellen Sie Bildschirmfotos von vollstÃ¤ndigen Webseiten oder Ausschnitten und speichern Sie diese temporÃ¤r oder dauerhaft.","creator":"Mozilla <screenshots-feedback@mozilla.com>","homepageURL":"https://github.com/mozilla-services/screenshots","developers":null,"translators":null,"contributors":null,"locales":["de"]},{"name":"Firefox Screenshots","description":"à¤µà¥‡à¤¬à¤µà¤°à¥‚à¤¨ à¤•à¥�à¤²à¤¿à¤ª à¤†à¤£à¤¿ à¤¸à¥�à¤•à¥�à¤°à¥€à¤¨à¤¶à¥‰à¤Ÿ à¤˜à¥�à¤¯à¤¾ à¤†à¤£à¤¿ à¤¤à¥�à¤¯à¤¾à¤‚à¤¨à¤¾ à¤¤à¤¾à¤¤à¥�à¤ªà¥�à¤°à¤¤à¥‡ à¤•à¤¿à¤‚à¤µà¤¾ à¤•à¤¾à¤¯à¤®à¤šà¥‡ à¤œà¤¤à¤¨ à¤•à¤°à¤¾.","creator":"Mozilla <screenshots-feedback@mozilla.com>","homepageURL":"https://github.com/mozilla-services/screenshots","developers":null,"translators":null,"contributors":null,"locales":["mr"]},{"name":"Firefox Screenshots","description":"WzmiÄ‡e klipy a fota wobrazowki z weba a skÅ‚adujÄ‡e je nachwilu abo na pÅ™eco.","creator":"Mozilla <screenshots-feedback@mozilla.com>","homepageURL":"https://github.com/mozilla-services/screenshots","developers":null,"translators":null,"contributors":null,"locales":["hsb"]},{"name":"Firefox Screenshots","description":"à¸ˆà¸±à¸šà¸ à¸²à¸žà¸«à¸™à¹‰à¸²à¸ˆà¸­à¸ˆà¸²à¸�à¹€à¸§à¹‡à¸šà¹�à¸¥à¸°à¸šà¸±à¸™à¸—à¸¶à¸�à¹„à¸§à¹‰à¸Šà¸±à¹ˆà¸§à¸„à¸£à¸²à¸§à¸«à¸£à¸·à¸­à¸–à¸²à¸§à¸£","creator":"Mozilla <screenshots-feedback@mozilla.com>","homepageURL":"https://github.com/mozilla-services/screenshots","developers":null,"translators":null,"contributors":null,"locales":["th"]},{"name":"Firefox Screenshots","description":"á€�á€˜á€ºá€‘á€¶á€™á€¾ á€“á€«á€�á€ºá€•á€¯á€¶á€™á€»á€¬á€¸á€”á€¾á€„á€·á€º á€™á€»á€€á€ºá€”á€¾á€¬á€•á€¼á€„á€ºá€•á€¯á€¶á€–á€™á€ºá€¸á€�á€»á€€á€ºá€™á€»á€¬á€¸á€€á€­á€¯ á€›á€­á€¯á€€á€ºá€šá€°á€•á€¼á€®á€¸ á€šá€¬á€šá€® á€žá€­á€¯á€·á€™á€Ÿá€¯á€�á€º á€¡á€™á€¼á€²á€�á€™á€ºá€¸á€žá€­á€¯á€œá€¾á€±á€¬á€„á€ºá€›á€¬á€�á€½á€„á€º á€žá€­á€™á€ºá€¸á€†á€Šá€ºá€¸á€•á€«á�‹","creator":"Mozilla <screenshots-feedback@mozilla.com>","homepageURL":"https://github.com/mozilla-services/screenshots","developers":null,"translators":null,"contributors":null,"locales":["my"]},{"name":"Firefox Screenshots","description":"Fai maletgs da visur dal web ed als memorisescha temporarmain u permanentamain.","creator":"Mozilla <screenshots-feedback@mozilla.com>","homepageURL":"https://github.com/mozilla-services/screenshots","developers":null,"translators":null,"contributors":null,"locales":["rm"]},{"name":"Firefox Screenshots","description":"Take clips and screenshots from the Web and save them temporarily or permanently.","creator":"Mozilla <screenshots-feedback@mozilla.com>","homepageURL":"https://github.com/mozilla-services/screenshots","developers":null,"translators":null,"contributors":null,"locales":["gl"]},{"name":"Firefox Screenshots","description":"Feu captures de pantalla de pÃ gines web i deseu-les temporalment o per sempre.","creator":"Mozilla <screenshots-feedback@mozilla.com>","homepageURL":"https://github.com/mozilla-services/screenshots","developers":null,"translators":null,"contributors":null,"locales":["ca"]},{"name":"Firefox Screenshots","description":"à¦“à¦¯à¦¼à§‡à¦¬ à¦¥à§‡à¦•à§‡ à¦•à§�à¦²à¦¿à¦ª à¦�à¦¬à¦‚ à¦¸à§�à¦•à§�à¦°à¦¿à¦¨à¦¶à¦Ÿ à¦¨à¦¿à¦¨ à¦�à¦¬à¦‚ à¦¸à§‡à¦—à§�à¦²à§‹ à¦¸à¦¾à¦®à¦¯à¦¼à¦¿à¦•à¦­à¦¾à¦¬à§‡ à¦¬à¦¾ à¦¸à§�à¦¥à¦¾à¦¯à¦¼à§€à¦­à¦¾à¦¬à§‡ à¦¸à¦‚à¦°à¦•à§�à¦·à¦£ à¦•à¦°à§�à¦¨à¥¤","creator":"Mozilla <screenshots-feedback@mozilla.com>","homepageURL":"https://github.com/mozilla-services/screenshots","developers":null,"translators":null,"contributors":null,"locales":["bn-BD"]},{"name":"Firefox Screenshots","description":"Meitsje skermÃ´fdrukken of klips fan it web en bewarje se tydlik of permanint.","creator":"Mozilla <screenshots-feedback@mozilla.com>","homepageURL":"https://github.com/mozilla-services/screenshots","developers":null,"translators":null,"contributors":null,"locales":["fy-NL"]},{"name":"Firefox Screenshots","description":"Vytvorte si snÃ­mky obrazovky na webe a uloÅ¾te si ich doÄ�asne Ä�i navÅ¾dy.","creator":"Mozilla <screenshots-feedback@mozilla.com>","homepageURL":"https://github.com/mozilla-services/screenshots","developers":null,"translators":null,"contributors":null,"locales":["sk"]},{"name":"Firefox Screenshots","description":"Take clips and screenshots from the Web and save them temporarily or permanently.","creator":"Mozilla <screenshots-feedback@mozilla.com>","homepageURL":"https://github.com/mozilla-services/screenshots","developers":null,"translators":null,"contributors":null,"locales":["mai"]},{"name":"Firefox Screenshots","description":"Ð‘ÐµÐ»ÐµÐ¶Ð¸Ñ‚Ðµ Ñ�Ð½Ð¸Ð¼ÐºÐµ ÐµÐºÑ€Ð°Ð½Ð° Ñ�Ð° Ð²ÐµÐ±Ð° Ð¸ Ñ�Ð°Ñ‡ÑƒÐ²Ð°Ñ˜Ñ‚Ðµ Ð¸Ñ… Ð¿Ñ€Ð¸Ð²Ñ€ÐµÐ¼ÐµÐ½Ð¾ Ð¸Ð»Ð¸ Ñ‚Ñ€Ð°Ñ˜Ð½Ð¾.","creator":"Mozilla <screenshots-feedback@mozilla.com>","homepageURL":"https://github.com/mozilla-services/screenshots","developers":null,"translators":null,"contributors":null,"locales":["sr"]},{"name":"Firefox Screenshots","description":"Ø§Ø² ÙˆØ¨ Ø¹Ú©Ø³ Ø¨Ú¯ÛŒØ±ÛŒØ¯ Ùˆ Ú©Ù„ÛŒÙ¾ Ø¨Ø³Ø§Ø²ÛŒØ¯ Ùˆ Ø¨Ù‡ ØµÙˆØ±Øª Ù…ÙˆÙ‚Øª ÛŒØ§ Ø¯Ø§ÛŒÙ…ÛŒ Ø°Ø®ÛŒØ±Ù‡ Ú©Ù†ÛŒØ¯.","creator":"Ù…ÙˆØ²ÛŒÙ„Ø§ <screenshots-feedback@mozilla.com>","homepageURL":"https://github.com/mozilla-services/screenshots","developers":null,"translators":null,"contributors":null,"locales":["fa"]},{"name":"Firefox Screenshots","description":"à´µàµ†à´¬à´¿àµ½ à´¨à´¿à´¨àµ�à´¨àµ� à´•àµ�à´²à´¿à´ªàµ�à´ªàµ�à´•à´³àµ�à´‚ à´¸àµ�à´•àµ�à´°àµ€àµ»à´·àµ‡à´¾à´Ÿàµ�à´Ÿàµ�à´•à´³àµ�à´‚ à´Žà´Ÿàµ�à´¤àµ�à´¤àµ� à´…à´µ à´¤à´¾àµ½à´•àµ�à´•à´¾à´²à´¿à´•à´®à´¾à´¯àµ‹ à´…à´²àµ�à´²àµ†à´™àµ�à´•à´¿àµ½ à´¸àµ�à´¥à´¿à´°à´®à´¾à´¯àµ‹ à´¸à´‚à´°à´•àµ�à´·à´¿à´•àµ�à´•àµ�à´•.","creator":"à´®àµ‡à´¾à´¸à´¿à´²àµ�à´² <screenshots-feedback@mozilla.com>","homepageURL":"https://github.com/mozilla-services/screenshots","developers":null,"translators":null,"contributors":null,"locales":["ml"]},{"name":"Firefox Screenshots","description":"Fanni de fÃ¶to do schermo da-o Web e sarvale in mÃ²ddo tenporaneo Ã² cin mÃ²ddo che restan.","creator":"Mozilla <screenshots-feedback@mozilla.com>","homepageURL":"https://github.com/mozilla-services/screenshots","developers":null,"translators":null,"contributors":null,"locales":["lij"]},{"name":"Firefox Screenshots","description":"Ambil klip dan skrinsyot dari Web dan simpan untuk sementara waktu atau kekal.","creator":"Mozilla <screenshots-feedback@mozilla.com>","homepageURL":"https://github.com/mozilla-services/screenshots","developers":null,"translators":null,"contributors":null,"locales":["ms"]},{"name":"Firefox Screenshots","description":"Prende retalios video e instantaneos de schermo ab le Web e salva los temporarimente o permanentemente.","creator":"Mozilla <screenshots-feedback@mozilla.com>","homepageURL":"https://github.com/mozilla-services/screenshots","developers":null,"translators":null,"contributors":null,"locales":["ia"]},{"name":"Firefox Screenshots","description":"æˆªå�–ç½‘é¡µæˆªå›¾ï¼Œå�¯ä¸´æ—¶æˆ–æ°¸ä¹…å­˜å‚¨ã€‚","creator":"Mozilla <screenshots-feedback@mozilla.com>","homepageURL":"https://github.com/mozilla-services/screenshots","developers":null,"translators":null,"contributors":null,"locales":["zh-CN"]},{"name":"Firefox Screenshots","description":"Ð”ÐµÐ»Ð°Ð¹Ñ‚Ðµ Ð²Ñ‹Ñ€ÐµÐ·ÐºÐ¸ Ð¸ Ñ�ÐºÑ€Ð¸Ð½ÑˆÐ¾Ñ‚Ñ‹ Ð¸Ð· Ð˜Ð½Ñ‚ÐµÑ€Ð½ÐµÑ‚Ð° Ð¸ Ñ�Ð¾Ñ…Ñ€Ð°Ð½Ñ�Ð¹Ñ‚Ðµ Ð¸Ñ… Ð²Ñ€ÐµÐ¼ÐµÐ½Ð½Ð¾ Ð¸Ð»Ð¸ Ð½Ð°Ð²Ñ�ÐµÐ³Ð´Ð°.","creator":"Mozilla <screenshots-feedback@mozilla.com>","homepageURL":"https://github.com/mozilla-services/screenshots","developers":null,"translators":null,"contributors":null,"locales":["ru"]},{"name":"Firefox Screenshots","description":"Tapit skeudennoÃ¹ war ar Web hag enrollit anezho e-pad ur mare pe da viken.","creator":"Mozilla <screenshots-feedback@mozilla.com>","homepageURL":"https://github.com/mozilla-services/screenshots","developers":null,"translators":null,"contributors":null,"locales":["br"]},{"name":"Firefox Screenshots","description":"TwÃ³rz wycinki iÂ zrzuty stron internetowych iÂ zapisuj je tymczasowo lub trwale.","creator":"Mozilla <screenshots-feedback@mozilla.com>","homepageURL":"https://github.com/mozilla-services/screenshots","developers":null,"translators":null,"contributors":null,"locales":["pl"]},{"name":"Firefox Screenshots","description":"AÄŸ'dan tÃ¼yremeler ve ekran kÃ¶rÃ¼ntilerini al ve olarnÄ± muvaqqat yaki payidar olaraq saqla.","creator":"Mozilla <screenshots-feedback@mozilla.com>","homepageURL":"https://github.com/mozilla-services/screenshots","developers":null,"translators":null,"contributors":null,"locales":["crh"]},{"name":"Firefox Screenshots","description":"à¤µà¥‡à¤¬ à¤¸à¥‡ à¥žà¥‹à¤Ÿà¥‹ à¤”à¤° à¤¸à¥�à¤•à¥�à¤°à¥€à¤¨à¤¶à¥‰à¤Ÿ à¤²à¥‡à¤‚ à¤”à¤° à¤‰à¤¨à¥�à¤¹à¥‡à¤‚ à¤…à¤¸à¥�à¤¥à¤¾à¤¯à¥€ à¤¯à¤¾ à¤¸à¥�à¤¥à¤¾à¤¯à¥€ à¤°à¥‚à¤ª à¤¸à¥‡ à¤¸à¤¹à¥‡à¤œà¥‡à¤‚.","creator":"Mozilla <screenshots-feedback@mozilla.com>","homepageURL":"https://github.com/mozilla-services/screenshots","developers":null,"translators":null,"contributors":null,"locales":["hi-IN"]},{"name":"Firefox Screenshots","description":"àº–à»ˆàº²àº�àº„àº£àº´àºš à»�àº¥àº° àºžàº²àºšàº«àº™à»‰àº²àºˆà»�àºˆàº²àº�àº«àº™à»‰àº²à»€àº§àº±àºš à»�àº¥à»‰àº§àºšàº±àº™àº—àº¶àº�à»„àº§à»‰àºŠàº»à»ˆàº§àº„àº²àº§ àº«àº¥àº· àº–àº²àº§àº­àº™.","creator":"Mozilla <screenshots-feedback@mozilla.com>","homepageURL":"https://github.com/mozilla-services/screenshots","developers":null,"translators":null,"contributors":null,"locales":["lo"]},{"name":"Firefox Screenshots","description":"Zajemajte posnetke zaslona s spleta ter jih shranite zaÄ�asno ali trajno.","creator":"Mozilla <screenshots-feedback@mozilla.com>","homepageURL":"https://github.com/mozilla-services/screenshots","developers":null,"translators":null,"contributors":null,"locales":["sl"]},{"name":"Firefox Screenshots","description":"Snimite ili slikajte stvari s Weba te ih spremite privremeno ili trajno.","creator":"Mozilla <screenshots-feedback@mozilla.org>","homepageURL":"https://github.com/mozilla-services/screenshots","developers":null,"translators":null,"contributors":null,"locales":["hr"]},{"name":"Firefox Screenshots","description":"Ota leikkeitÃ¤ ja kuvakaappauksia verkosta ja tallenna ne tilapÃ¤isesti tai pysyvÃ¤sti.","creator":"Mozilla <screenshots-feedback@mozilla.com>","homepageURL":"https://github.com/mozilla-services/screenshots","developers":null,"translators":null,"contributors":null,"locales":["fi"]},{"name":"Firefox Screenshots","description":"Mak vidio ma ki ngolo macego cego ki cal me wang kio ki i Kakube ka igwok gi pi tutunu onyo matwal.","creator":"Mozilla <screenshots-feedback@mozilla.com>","homepageURL":"https://github.com/mozilla-services/screenshots","developers":null,"translators":null,"contributors":null,"locales":["ach"]},{"name":"Firefox Screenshots","description":"Ð˜Ð½Ñ‚ÐµÑ€Ð½ÐµÑ‚Ñ‚ÐµÐ½ Ñ�ÐºÑ€Ð¸Ð½ÑˆÐ¾Ñ‚Ñ‚Ð°Ñ€Ð´Ñ‹ Ñ‚Ò¯Ñ�Ñ–Ñ€Ñ–Ð¿, Ð¾Ð»Ð°Ñ€Ð´Ñ‹ ÑƒÐ°Ò›Ñ‹Ñ‚ÑˆÐ° Ð½ÐµÐ¼ÐµÑ�Ðµ Ñ‚Ò±Ñ€Ð°Ò›Ñ‚Ñ‹ Ñ‚Ò¯Ñ€Ð´Ðµ Ñ�Ð°Ò›Ñ‚Ð°Ò£Ñ‹Ð·.","creator":"Mozilla <screenshots-feedback@mozilla.com>","homepageURL":"https://github.com/mozilla-services/screenshots","developers":null,"translators":null,"contributors":null,"locales":["kk"]},{"name":"Firefox Screenshots","description":"Ð Ð°Ð±Ñ–Ñ†Ðµ ÐºÐ»Ñ–Ð¿Ñ‹ Ñ– Ð·Ð´Ñ‹Ð¼ÐºÑ– Ñ�ÐºÑ€Ð°Ð½Ð° Ñž Ð¡ÐµÑ†Ñ–Ð²Ðµ Ñ– Ð·Ð°Ñ…Ð¾ÑžÐ²Ð°Ð¹Ñ†Ðµ Ñ–Ñ… Ñ‡Ð°Ñ�Ð¾Ð²Ð° Ð°Ð±Ð¾ Ð½Ð°Ð·Ð°ÑžÐ¶Ð´Ñ‹.","creator":"Mozilla <screenshots-feedback@mozilla.com>","homepageURL":"https://github.com/mozilla-services/screenshots","developers":null,"translators":null,"contributors":null,"locales":["be"]},{"name":"Firefox Screenshots","description":"RealizeazÄƒ decupaje È™i capturi de ecran de pe web È™i salveazÄƒ-le temporar sau permanent.","creator":"Mozilla <screenshots-feedback@mozilla.com>","homepageURL":"https://github.com/mozilla-services/screenshots","developers":null,"translators":null,"contributors":null,"locales":["ro"]},{"name":"Firefox Screenshots","description":"Snimite ili slikajte stvari s weba te ih saÄ�uvajte privremeno ili trajno.","creator":"Mozilla <screenshots-feedback@mozilla.com>","homepageURL":"https://github.com/mozilla-services/screenshots","developers":null,"translators":null,"contributors":null,"locales":["bs"]},{"name":"Firefox Screenshots","description":"Enoháº½ taâ€™anga ha japyhypy Ã±andutÃ­gui ha eÃ±ongatu sapyâ€™aite tÃ©rÃ£ areve.","creator":"Mozilla <screenshots-feedback@mozilla.com>","homepageURL":"https://github.com/mozilla-services/screenshots","developers":null,"translators":null,"contributors":null,"locales":["gn"]},{"name":"Firefox Screenshots","description":"á¹¬á¹­ef imrayen akked igdilen si Web sakin sekles-iten s wudem askudan neÎ³ s wudem yezgan.","creator":"Mozilla <screenshots-feedback@mozilla.com>","homepageURL":"https://github.com/mozilla-services/screenshots","developers":null,"translators":null,"contributors":null,"locales":["kab"]},{"name":"Firefox Screenshots","description":"Take clips and screenshots from the Web and save them temporarily or permanently.","creator":"à¨®à©Œà©›à©€à¨²à¨¾ <screenshots-feedback@mozilla.com>","homepageURL":"https://github.com/mozilla-services/screenshots","developers":null,"translators":null,"contributors":null,"locales":["pa-IN"]},{"name":"Firefox Screenshots","description":"Î Ï�Î±Î³Î¼Î±Ï„Î¿Ï€Î¿Î¹Î®ÏƒÏ„Îµ Î»Î®ÏˆÎ· ÏƒÏ„Î¹Î³Î¼Î¹Î¿Ï„Ï�Ï€Ï‰Î½ Î±Ï€ÏŒ Ï„Î¿ Î”Î¹Î±Î´Î¯ÎºÏ„Ï…Î¿ ÎºÎ±Î¹ Î±Ï€Î¿Î¸Î·ÎºÎµÏ�ÏƒÏ„Îµ Ï„Î± Ï€Ï�Î¿ÏƒÏ‰Ï�Î¹Î½Î¬ Î® Î¼ÏŒÎ½Î¹Î¼Î±.","creator":"Mozilla <screenshots-feedback@mozilla.com>","homepageURL":"https://github.com/mozilla-services/screenshots","developers":null,"translators":null,"contributors":null,"locales":["el"]},{"name":"Firefox Screenshots","description":"Õ�Õ¿Õ¡Ö�Õ¥Ö„ Õ°Õ¸Õ¬Õ¸Õ¾Õ¡Õ¯Õ¶Õ¥Ö€ Ö‡ Õ§Õ¯Ö€Õ¡Õ¶Õ« Õ°Õ¡Õ¶Õ¸Ö‚ÕµÕ©Õ¶Õ¥Ö€ Õ¾Õ¥Õ¢Õ«Ö� Ö‡ ÕºÕ¡Õ°ÕºÕ¡Õ¶Õ¥Ö„ Õ¤Õ¡Õ¶Ö„ ÕªÕ¡Õ´Õ¡Õ¶Õ¡Õ¯Õ¡Õ¾Õ¸Ö€ Õ¯Õ¡Õ´ Õ´Õ·Õ¿Õ¡ÕºÕ¥Õ½:","creator":"Mozilla <screenshots-feedback@mozilla.com>","homepageURL":"https://github.com/mozilla-services/screenshots","developers":null,"translators":null,"contributors":null,"locales":["hy-AM"]},{"name":"Firefox Screenshots","description":"Tire capturas de tela da Web e guarde-as temporariamente ou permanentemente.","creator":"Mozilla <screenshots-feedback@mozilla.com>","homepageURL":"https://github.com/mozilla-services/screenshots","developers":null,"translators":null,"contributors":null,"locales":["pt-BR"]},{"name":"Firefox Screenshots","description":"æ‹�æ”�ç¶²é �çš„æ“·åœ–ï¼Œå�¯æš«æ™‚å„²å­˜æˆ–æ°¸ä¹…å„²å­˜ã€‚","creator":"Mozilla <screenshots-feedback@mozilla.com>","homepageURL":"https://github.com/mozilla-services/screenshots","developers":null,"translators":null,"contributors":null,"locales":["zh-TW"]},{"name":"Firefox Screenshots","description":"×™×¦×™×¨×ª ×¦×™×œ×•×ž×™ ×ž×¡×š ×©×œ ×“×¤×™ ×�×™× ×˜×¨× ×˜ ×•×©×ž×™×¨×” ×©×œ×”×� ×‘×�×•×¤×Ÿ ×–×ž× ×™ ×�×• ×§×‘×•×¢.","creator":"Mozilla <screenshots-feedback@mozilla.com>","homepageURL":"https://github.com/mozilla-services/screenshots","developers":null,"translators":null,"contributors":null,"locales":["he"]},{"name":"Firefox Screenshots","description":"Tag udklip og skÃ¦rmbilleder fra nettet og gem dem midlertidigt eller permanent.","creator":"Mozilla <screenshots-feedback@mozilla.com>","homepageURL":"https://github.com/mozilla-services/screenshots","developers":null,"translators":null,"contributors":null,"locales":["da"]},{"name":"Firefox Screenshots","description":"Ð’Ñ�Ð±Ñ�Ñ�Ñ� Ð°Ð²Ñ�Ð°Ð½ ÐºÐ»Ð¸Ð¿ Ð±Ð¾Ð»Ð¾Ð½ Ð´Ñ�Ð»Ð³Ñ�Ñ†Ð¸Ð¹Ð½ Ð·ÑƒÑ€Ð³Ð¸Ð¹Ð³ Ð°Ð²Ð°Ð°Ð´ Ñ‚Ñ�Ð´Ð³Ñ�Ñ�Ñ€Ð¸Ð¹Ð³ Ñ‚Ò¯Ñ€ Ñ�Ñ�Ð²Ñ�Ð» Ð±Ò¯Ñ€Ð¼Ó©Ñ�Ó©Ð½ Ñ…Ð°Ð´Ð³Ð°Ð».","creator":"Mozilla <screenshots-feedback@mozilla.com>","homepageURL":"https://github.com/mozilla-services/screenshots","developers":null,"translators":null,"contributors":null,"locales":["mn"]},{"name":"Firefox Screenshots","description":"Web sayfalarÄ±nÄ±n ekran gÃ¶rÃ¼ntÃ¼lerini alÄ±n, ister geÃ§ici ister kalÄ±cÄ± olarak kaydedin.","creator":"Mozilla <screenshots-feedback@mozilla.com>","homepageURL":"https://github.com/mozilla-services/screenshots","developers":null,"translators":null,"contributors":null,"locales":["tr"]},{"name":"Firefox Screenshots","description":"Haz capturas y recortes de la web y guÃ¡rdalos temporal o permanentemente.","creator":"Mozilla <screenshots-feedback@mozilla.com>","homepageURL":"https://github.com/mozilla-services/screenshots","developers":null,"translators":null,"contributors":null,"locales":["es-ES"]},{"name":"Firefox Screenshots","description":"à¤µà¥‡à¤¬à¤¬à¤¾à¤Ÿ à¤«à¥‹à¤Ÿà¥‹ à¤° à¤¸à¤¿à¤•à¥�à¤°à¤¿à¤¨à¤¸à¤Ÿ à¤¯à¤¾ à¤•à¥�à¤²à¤¿à¤ªà¤¹à¤°à¥‚ à¤²à¤¿à¤�à¤° à¤•à¥�à¤·à¤£à¤¿à¤• à¤µà¤¾ à¤¸à¤¦à¤¾à¤•à¥‹ à¤²à¤¾à¤—à¤¿ à¤¸à¤™à¥�à¤—à¥�à¤°à¤¹ à¤—à¤°à¥�à¤¨ à¥¤","creator":"Mozilla <screenshots-feedback@mozilla.com>","homepageURL":"https://github.com/mozilla-services/screenshots","developers":null,"translators":null,"contributors":null,"locales":["ne-NP"]},{"name":"Firefox Screenshots","description":"Maak clips en schermafbeeldingen van het web en sla deze tijdelijk of permanent op.","creator":"Mozilla <screenshots-feedback@mozilla.com>","homepageURL":"https://github.com/mozilla-services/screenshots","developers":null,"translators":null,"contributors":null,"locales":["nl"]}],"targetApplications":[{"id":"toolkit@mozilla.org","minVersion":"57.0a1","maxVersion":null}],"targetPlatforms":[],"seen":true,"dependencies":[],"incognito":"spanning","userPermissions":{"permissions":["activeTab","downloads","tabs","storage","notifications","clipboardWrite","contextMenus"],"origins":["<all_urls>","https://screenshots.firefox.com/","https://screenshots.firefox.com/*"]},"icons":{"32":"icons/icon-v2.svg"},"iconURL":null,"blocklistState":0,"blocklistURL":null,"startupData":null,"hidden":true,"installTelemetryInfo":null,"recommendationState":null,"rootURI":"jar:file:///C:/Program%20Files/Mozilla%20Firefox/browser/features/screenshots@mozilla.org.xpi!/","location":"app-system-defaults"}
1601875721924	addons.manager	DEBUG	Registering startup change 'installed' for webcompat-reporter@mozilla.org
1601875721924	addons.xpi	DEBUG	Loading bootstrap scope from jar:file:///C:/Program%20Files/Mozilla%20Firefox/browser/features/webcompat-reporter@mozilla.org.xpi!/
1601875721924	addons.xpi	DEBUG	Calling bootstrap method install on webcompat-reporter@mozilla.org version 1.1.0
1601875721924	addons.xpi-utils	DEBUG	Make addon app-system-defaults:webcompat-reporter@mozilla.org visible
1601875721924	addons.xpi	DEBUG	Updating XPIState for {"id":"webcompat-reporter@mozilla.org","syncGUID":"{3630386e-0df1-4a9b-abf7-69e5a4ccdae9}","version":"1.1.0","type":"extension","loader":null,"updateURL":null,"optionsURL":null,"optionsType":null,"optionsBrowserStyle":true,"aboutURL":null,"defaultLocale":{"name":"WebCompat Reporter","description":"Report site compatibility issues on webcompat.com","creator":"Thomas Wisniewski <twisniewski@mozilla.com>","homepageURL":"https://github.com/mozilla/webcompat-reporter","developers":null,"translators":null,"contributors":null},"visible":true,"active":false,"userDisabled":true,"appDisabled":false,"installDate":1575311493875,"updateDate":1575311493875,"applyBackgroundUpdates":1,"path":"C:\\Program Files\\Mozilla Firefox\\browser\\features\\webcompat-reporter@mozilla.org.xpi","skinnable":false,"sourceURI":null,"releaseNotesURI":null,"softDisabled":false,"foreignInstall":false,"strictCompatibility":true,"locales":[],"targetApplications":[{"id":"toolkit@mozilla.org","minVersion":null,"maxVersion":null}],"targetPlatforms":[],"seen":true,"dependencies":[],"incognito":"spanning","userPermissions":{"permissions":["tabs"],"origins":["<all_urls>"]},"icons":{"16":"icons/lightbulb.svg","32":"icons/lightbulb.svg","48":"icons/lightbulb.svg","96":"icons/lightbulb.svg","128":"icons/lightbulb.svg"},"iconURL":null,"blocklistState":0,"blocklistURL":null,"startupData":null,"hidden":true,"installTelemetryInfo":null,"recommendationState":null,"rootURI":"jar:file:///C:/Program%20Files/Mozilla%20Firefox/browser/features/webcompat-reporter@mozilla.org.xpi!/","location":"app-system-defaults"}
1601875721935	addons.manager	DEBUG	Registering startup change 'installed' for webcompat@mozilla.org
1601875721936	addons.xpi	DEBUG	Loading bootstrap scope from jar:file:///C:/Program%20Files/Mozilla%20Firefox/browser/features/webcompat@mozilla.org.xpi!/
1601875721936	addons.xpi	DEBUG	Calling bootstrap method install on webcompat@mozilla.org version 6.2.0
1601875721936	addons.xpi-utils	DEBUG	Make addon app-system-defaults:webcompat@mozilla.org visible
1601875721936	addons.xpi	DEBUG	Updating XPIState for {"id":"webcompat@mozilla.org","syncGUID":"{cd3961d4-de0d-4fb8-94b3-b06988749fa9}","version":"6.2.0","type":"extension","loader":null,"updateURL":null,"optionsURL":null,"optionsType":null,"optionsBrowserStyle":true,"aboutURL":null,"defaultLocale":{"name":"Web Compat","description":"Urgent post-release fixes for web compatibility.","creator":null,"developers":null,"translators":null,"contributors":null},"visible":true,"active":false,"userDisabled":false,"appDisabled":false,"installDate":1575311493875,"updateDate":1575311493875,"applyBackgroundUpdates":1,"path":"C:\\Program Files\\Mozilla Firefox\\browser\\features\\webcompat@mozilla.org.xpi","skinnable":false,"sourceURI":null,"releaseNotesURI":null,"softDisabled":false,"foreignInstall":false,"strictCompatibility":true,"locales":[],"targetApplications":[{"id":"toolkit@mozilla.org","minVersion":"59.0b5","maxVersion":null}],"targetPlatforms":[],"seen":true,"dependencies":[],"incognito":"spanning","userPermissions":{"permissions":["webRequest","webRequestBlocking"],"origins":["<all_urls>"]},"icons":{},"iconURL":null,"blocklistState":0,"blocklistURL":null,"startupData":null,"hidden":true,"installTelemetryInfo":null,"recommendationState":null,"rootURI":"jar:file:///C:/Program%20Files/Mozilla%20Firefox/browser/features/webcompat@mozilla.org.xpi!/","location":"app-system-defaults"}
1601875721936	addons.xpi	DEBUG	Updating XPIState for {"id":"formautofill@mozilla.org","syncGUID":"{a12bec8d-636b-4300-9050-bae43ad3f112}","version":"1.0","type":"extension","loader":null,"updateURL":null,"optionsURL":null,"optionsType":null,"optionsBrowserStyle":true,"aboutURL":null,"defaultLocale":{"name":"Form Autofill","creator":null,"developers":null,"translators":null,"contributors":null},"visible":true,"active":true,"userDisabled":false,"appDisabled":false,"installDate":1575311493906,"updateDate":1575311493906,"applyBackgroundUpdates":1,"path":"C:\\Program Files\\Mozilla Firefox\\browser\\features\\formautofill@mozilla.org.xpi","skinnable":false,"sourceURI":null,"releaseNotesURI":null,"softDisabled":false,"foreignInstall":false,"strictCompatibility":true,"locales":[],"targetApplications":[{"id":"toolkit@mozilla.org","minVersion":null,"maxVersion":null}],"targetPlatforms":[],"seen":true,"dependencies":[],"incognito":"spanning","userPermissions":{"permissions":[],"origins":[]},"icons":{},"iconURL":null,"blocklistState":0,"blocklistURL":null,"startupData":null,"hidden":true,"installTelemetryInfo":null,"recommendationState":null,"rootURI":"jar:file:///C:/Program%20Files/Mozilla%20Firefox/browser/features/formautofill@mozilla.org.xpi!/","location":"app-system-defaults"}
1601875721936	addons.xpi	DEBUG	Updating XPIState for {"id":"screenshots@mozilla.org","syncGUID":"{56c1aac4-452e-4397-a311-d9d0be1280e9}","version":"39.0.0","type":"extension","loader":null,"updateURL":null,"optionsURL":null,"optionsType":null,"optionsBrowserStyle":true,"aboutURL":null,"defaultLocale":{"name":"Firefox Screenshots","description":"Take clips and screenshots from the Web and save them temporarily or permanently.","creator":"Mozilla <screenshots-feedback@mozilla.com>","homepageURL":"https://github.com/mozilla-services/screenshots","developers":null,"translators":null,"contributors":null},"visible":true,"active":true,"userDisabled":false,"appDisabled":false,"installDate":1575311493891,"updateDate":1575311493891,"applyBackgroundUpdates":1,"path":"C:\\Program Files\\Mozilla Firefox\\browser\\features\\screenshots@mozilla.org.xpi","skinnable":false,"sourceURI":null,"releaseNotesURI":null,"softDisabled":false,"foreignInstall":false,"strictCompatibility":true,"locales":[{"name":"Firefox Screenshots","description":"Take clips and screenshots from the Web and save them temporarily or permanently.","creator":"Mozilla <screenshots-feedback@mozilla.com>","homepageURL":"https://github.com/mozilla-services/screenshots","developers":null,"translators":null,"contributors":null,"locales":["en-US"]},{"name":"Firefox Screenshots","description":"ã‚¦ã‚§ãƒ–ã�‹ã‚‰ã‚¹ã‚¯ãƒªãƒ¼ãƒ³ã‚·ãƒ§ãƒƒãƒˆã‚’æ’®ã�£ã�¦ã€�ä¸€æ™‚çš„ã�¾ã�Ÿã�¯æ°¸ä¹…ã�«ã��ã‚Œã‚’ä¿�å­˜ã�—ã�¾ã�—ã‚‡ã�†ã€‚","creator":"Mozilla <screenshots-feedback@mozilla.com>","homepageURL":"https://github.com/mozilla-services/screenshots","developers":null,"translators":null,"contributors":null,"locales":["ja"]},{"name":"Firefox Screenshots","description":"Ta klipp og skjermbilder fra nettet og lagre de midlertidig eller permanent.","creator":"Mozilla <screenshots-feedback@mozilla.com>","homepageURL":"https://github.com/mozilla-services/screenshots","developers":null,"translators":null,"contributors":null,"locales":["nb-NO"]},{"name":"Firefox Screenshots","description":"Tee veebist klippe vÃµi ekraanipilte ning salvesta need ajutiselt vÃµi pÃ¼sivalt.","creator":"Mozilla <screenshots-feedback@mozilla.com>","homepageURL":"https://github.com/mozilla-services/screenshots","developers":null,"translators":null,"contributors":null,"locales":["et"]},{"name":"Firefox Screenshots","description":"Cokot klip jeung tÃ©wakan layar ti Raramat turta teundeun saheulaanan atawa salilana.","creator":"Mozilla <screenshots-feedback@mozilla.com>","homepageURL":"https://github.com/mozilla-services/screenshots","developers":null,"translators":null,"contributors":null,"locales":["su"]},{"name":"Firefox Screenshots","description":"Tire clipes e capturas de ecrÃ£ da Web e guarde-as temporariamente ou permanentemente.","creator":"Mozilla <screenshots-feedback@mozilla.com>","homepageURL":"https://github.com/mozilla-services/screenshots","developers":null,"translators":null,"contributors":null,"locales":["pt-PT"]},{"name":"Firefox Screenshots","description":"Cymrwch clipiau a lluniau sgrin o'r We a'u cadw dros dro neu'n barhaol.","creator":"Mozilla <screenshots-feedback@mozilla.com>","homepageURL":"https://github.com/mozilla-services/screenshots","developers":null,"translators":null,"contributors":null,"locales":["cy"]},{"name":"Firefox Screenshots","description":"WzejÅ›o klipy a fota wobrazowki z weba a skÅ‚adujÅ›o je nachylu abo na pÅ›ecej.","creator":"Mozilla <screenshots-feedback@mozilla.com>","homepageURL":"https://github.com/mozilla-services/screenshots","developers":null,"translators":null,"contributors":null,"locales":["dsb"]},{"name":"Firefox Screenshots","description":"Glac gearrthÃ³ga agus gabhÃ¡lacha scÃ¡ileÃ¡in Ã³n GhrÃ©asÃ¡n agus sÃ¡bhÃ¡il iad, go sealadach nÃ³ go buan.","creator":"Mozilla <screenshots-feedback@mozilla.com>","homepageURL":"https://github.com/mozilla-services/screenshots","developers":null,"translators":null,"contributors":null,"locales":["ga-IE"]},{"name":"Firefox Screenshots","description":"à°œà°¾à°²à°‚ à°¨à±�à°‚à°¡à°¿ à°•à°¤à±�à°¤à°¿à°°à°¿à°‚à°ªà±�à°²à°¨à±� à°¤à±†à°°à°ªà°Ÿà±�à°²à°¨à±� à°¤à±€à°¸à±�à°•à±Šà°¨à°¿, à°µà°¾à°Ÿà°¿à°¨à°¿ à°¤à°¾à°¤à±�à°•à°¾à°²à°¿à°•à°‚à°—à°¾ à°²à±‡à°¦à°¾ à°¶à°¾à°¶à±�à°µà°¤à°‚à°—à°¾ à°­à°¦à±�à°°à°ªà°°à°šà°•à±‹à°‚à°¡à°¿.","creator":"Mozilla <screenshots-feedback@mozilla.com>","homepageURL":"https://github.com/mozilla-services/screenshots","developers":null,"translators":null,"contributors":null,"locales":["te"]},{"name":"Firefox Screenshots","description":"Take clips and screenshots from the Web and save them temporarily or permanently.","creator":"Mozilla <screenshots-feedback@mozilla.com>","homepageURL":"https://github.com/mozilla-services/screenshots","developers":null,"translators":null,"contributors":null,"locales":["ast"]},{"name":"Firefox Screenshots","description":"Effectuez des captures dâ€™Ã©cran sur le Web et sauvegardez-les de maniÃ¨re temporaire ou permanente.","creator":"Mozilla <screenshots-feedback@mozilla.com>","homepageURL":"https://github.com/mozilla-services/screenshots","developers":null,"translators":null,"contributors":null,"locales":["fr"]},{"name":"Firefox Screenshots","description":"Dalhin ang clip at mga screenshot mula sa Web at i-save ang mga ito pansamantala o permanente.","creator":"Mozilla <screenshots-feedback@mozilla.com>","homepageURL":"https://github.com/mozilla-services/screenshots","developers":null,"translators":null,"contributors":null,"locales":["tl"]},{"name":"Firefox Screenshots","description":"Take clips and screenshots from the Web and save them temporarily or permanently.","creator":"Mozilla <screenshots-feedback@mozilla.com>","homepageURL":"https://github.com/mozilla-services/screenshots","developers":null,"translators":null,"contributors":null,"locales":["km"]},{"name":"Firefox Screenshots","description":"ÐŸÑ€Ð°Ð²Ð¸ ÐºÐ»Ð¸Ð¿Ð¾Ð²Ðµ Ð¸ Ñ�Ð½Ð¸Ð¼ÐºÐ¸ Ð½Ð° ÑƒÐµÐ±Ñ�Ñ‚Ñ€Ð°Ð½Ð¸Ñ†Ð° Ð¸ Ð³Ð¸ Ð·Ð°Ð¿Ð°Ð·Ð²Ð° Ð²Ñ€ÐµÐ¼ÐµÐ½Ð½Ð¾ Ð¸Ð»Ð¸ Ð·Ð° Ð¿Ð¾Ñ�Ñ‚Ð¾Ñ�Ð½Ð½Ð¾.","creator":"Mozilla <screenshots-feedback@mozilla.com>","homepageURL":"https://github.com/mozilla-services/screenshots","developers":null,"translators":null,"contributors":null,"locales":["bg"]},{"name":"Firefox Screenshots","description":"Rekam klip dan tangkapan layar dari Web dan simpan untuk sementara atau secara permanen.","creator":"Mozilla <screenshots-feedback@mozilla.com>","homepageURL":"https://github.com/mozilla-services/screenshots","developers":null,"translators":null,"contributors":null,"locales":["id"]},{"name":"Firefox Screenshots","description":"Hartu webetik pantaila-zatiak eta -argazkiak eta gorde aldi baterako edo behin betiko.","creator":"Mozilla <screenshots-feedback@mozilla.com>","homepageURL":"https://github.com/mozilla-services/screenshots","developers":null,"translators":null,"contributors":null,"locales":["eu"]},{"name":"Firefox Screenshots","description":"PoÅ™izujte snÃ­mky webovÃ½ch strÃ¡nek a uklÃ¡dejte je doÄ�asnÄ› nebo natrvalo.","creator":"Mozilla <screenshots-feedback@mozilla.com>","homepageURL":"https://github.com/mozilla-services/screenshots","developers":null,"translators":null,"contributors":null,"locales":["cs"]},{"name":"Firefox Screenshots","description":"àªµà«‡àª¬àª®àª¾àª‚àª¥à«€ àª•à«�àª²àª¿àªªà«�àª¸ àª…àª¨à«‡ àª¸à«�àª•à«�àª°à«€àª¨àª¶à«‰àªŸà«�àª¸ àª²à«‹ àª…àª¨à«‡ àª¤à«‡àª®àª¨à«‡ àª•àª¾àª®àªšàª²àª¾àª‰ àª…àª¥àªµàª¾ àª•àª¾àª¯àª®à«€ àª°à«€àª¤à«‡ àª¸àª¾àªšàªµà«‹.","creator":"Mozilla<screenshots-feedback@mozilla.com>","homepageURL":"https://github.com/mozilla-services/screenshots","developers":null,"translators":null,"contributors":null,"locales":["gu-IN"]},{"name":"Firefox Screenshots","description":"KÃ©szÃ­tsen videoklipeket Ã©s kÃ©pernyÅ‘kÃ©peket a webrÅ‘l, Ã©s mentse Å‘ket ideiglenesen vagy vÃ©glegesen.","creator":"Mozilla <screenshots-feedback@mozilla.com>","homepageURL":"https://github.com/mozilla-services/screenshots","developers":null,"translators":null,"contributors":null,"locales":["hu"]},{"name":"Firefox Screenshots","description":"Take clips and screenshots from the Web and save them temporarily or permanently.","creator":"Mozilla <screenshots-feedback@mozilla.com>","homepageURL":"https://github.com/mozilla-services/screenshots","developers":null,"translators":null,"contributors":null,"locales":["kn"]},{"name":"Firefox Screenshots","description":"Ke'achapa' silowachib'al chuqa' chapoj wachib'Ã¤l pan Ajk'amaya'l richin ye'ayÃ¤k.","creator":"Mozilla <screenshots-feedback@mozilla.com>","homepageURL":"https://github.com/mozilla-services/screenshots","developers":null,"translators":null,"contributors":null,"locales":["cak"]},{"name":"Firefox Screenshots","description":"Toma capturas de un sitio Web para guardarlas de forma temporal o permanentemente.","creator":"Mozilla <screenshots-feedback@mozilla.com>","homepageURL":"https://github.com/mozilla-services/screenshots","developers":null,"translators":null,"contributors":null,"locales":["es-CL"]},{"name":"Firefox Screenshots","description":"Ð Ð¾Ð±Ñ–Ñ‚ÑŒ Ð²Ð¸Ñ€Ñ–Ð·ÐºÐ¸ Ñ‚Ð° Ð·Ð½Ñ–Ð¼ÐºÐ¸ ÐµÐºÑ€Ð°Ð½Ñƒ Ð² Ð†Ð½Ñ‚ÐµÑ€Ð½ÐµÑ‚Ñ– Ñ‚Ð° Ð·Ð±ÐµÑ€Ñ–Ð³Ð°Ð¹Ñ‚Ðµ Ñ—Ñ… Ð´Ð»Ñ� Ð¿Ð¾Ð´Ð°Ð»ÑŒÑˆÐ¾Ñ— Ñ€Ð¾Ð±Ð¾Ñ‚Ð¸.","creator":"Mozilla <screenshots-feedback@mozilla.com>","homepageURL":"https://github.com/mozilla-services/screenshots","developers":null,"translators":null,"contributors":null,"locales":["uk"]},{"name":"Firefox Screenshots","description":"ÙˆÛŒØ¨ Ø³Û’ Ú©Ù„Ù„Ø¨Ø³ ÛŒØ§Ø§ Ø§Ø³Ú©Ø±ÛŒÙ† Ø´Ø§Ù¹ÛŒÚº Ù„ÛŒÚº Ø§ÙˆØ± Ø§Ù† Ú©Ùˆ Ø¹Ø§Ø±Ø¸ÛŒ ÛŒØ§ Ù…Ø³ØªÙ‚Ù„ Ø·ÙˆØ± Ù¾Ø± Ù…Ø­Ù�ÙˆØ¸ Ú©Ø±ÛŒÚºÛ”","creator":"Mozilla <screenshots-feedback@mozilla.com>","homepageURL":"https://github.com/mozilla-services/screenshots","developers":null,"translators":null,"contributors":null,"locales":["ur"]},{"name":"Firefox Screenshots","description":"Prenu eltondaÄµon aÅ­ faru ekrankopiojn de retpaÄ�oj kaj konservu ilin Ä‰u daÅ­re Ä‰u provizore.","creator":"Mozilla <screenshots-feedback@mozilla.com>","homepageURL":"https://github.com/mozilla-services/screenshots","developers":null,"translators":null,"contributors":null,"locales":["eo"]},{"name":"Firefox Screenshots","description":"Take clips and screenshots from the Web and save them temporarily or permanently.","creator":"Mozilla <screenshots-feedback@mozilla.com>","homepageURL":"https://github.com/mozilla-services/screenshots","developers":null,"translators":null,"contributors":null,"locales":["si"]},{"name":"Firefox Screenshots","description":"Ta klipp och skÃ¤rmbilder frÃ¥n webben och spara dem tillfÃ¤lligt eller permanent.","creator":"Mozilla <screenshots-feedback@mozilla.com>","homepageURL":"https://github.com/mozilla-services/screenshots","developers":null,"translators":null,"contributors":null,"locales":["sv-SE"]},{"name":"Firefox Screenshots","description":"Ta klipp og skjermbilde frÃ¥ nettet og lagre dei mellombels eller permanent.","creator":"Mozilla <screenshots-feedback@mozilla.com>","homepageURL":"https://github.com/mozilla-services/screenshots","developers":null,"translators":null,"contributors":null,"locales":["nn-NO"]},{"name":"Firefox Screenshots","description":"Ø®Ø° Ù…Ù‚Ø§Ø·Ø¹ ÙˆÂ Ù„Ù‚Ø·Ø§Øª Ù…Ù† Ø§Ù„ÙˆØ¨ ÙˆÂ Ø§Ø­Ù�Ø¸Ù‡Ù… Ù…Ø¤Ù‚ØªÙ‹Ø§ Ø£Ùˆ Ø¯Ø§Ø¦Ù…Ù‹Ø§.","creator":"Ù…ÙˆØ²ÙŠÙ„Ø§ <screenshots-feedback@mozilla.com>","homepageURL":"https://github.com/mozilla-services/screenshots","developers":null,"translators":null,"contributors":null,"locales":["ar"]},{"name":"Firefox Screenshots","description":"Chá»¥p áº£nh vÃ  chá»¥p mÃ n hÃ¬nh tá»« Web vÃ  lÆ°u chÃºng táº¡m thá»�i hoáº·c vÄ©nh viá»…n.","creator":"Mozilla <screenshots-feedback@mozilla.com>","homepageURL":"https://github.com/mozilla-services/screenshots","developers":null,"translators":null,"contributors":null,"locales":["vi"]},{"name":"Firefox Screenshots","description":"áƒ’áƒ�áƒ“áƒ�áƒ£áƒ¦áƒ”áƒ— áƒ•áƒ˜áƒ“áƒ”áƒ�áƒ”áƒ‘áƒ˜ áƒ“áƒ� áƒ¡áƒ£áƒ áƒ�áƒ—áƒ”áƒ‘áƒ˜ áƒ•áƒ”áƒ‘áƒ’áƒ•áƒ”áƒ áƒ“áƒ”áƒ‘áƒ¡ áƒ“áƒ� áƒ¨áƒ”áƒ˜áƒœáƒ�áƒ®áƒ”áƒ— áƒ“áƒ áƒ�áƒ”áƒ‘áƒ˜áƒ—, áƒ�áƒœ áƒ›áƒ£áƒ“áƒ›áƒ˜áƒ•áƒ�áƒ“.","creator":"Mozilla <screenshots-feedback@mozilla.com>","homepageURL":"https://github.com/mozilla-services/screenshots","developers":null,"translators":null,"contributors":null,"locales":["ka"]},{"name":"Firefox Screenshots","description":"ì›¹ íŽ˜ì�´ì§€ë¥¼ ì°�ê±°ë‚˜ ì˜�ìƒ�ìœ¼ë¡œ ë§Œë“¤ì–´ ìž„ì‹œë¡œ, í˜¹ì�€ ì˜�êµ¬ížˆ ë³´ê´€í•˜ì„¸ìš”.","creator":"Mozilla <screenshots-feedback@mozilla.com>","homepageURL":"https://github.com/mozilla-services/screenshots","developers":null,"translators":null,"contributors":null,"locales":["ko"]},{"name":"Firefox Screenshots","description":"Tog cliopaichean is glacaidhean-sgrÃ¬n on lÃ¬on is sÃ bhail iad rÃ¨ seal no gu buan.","creator":"Mozilla <screenshots-feedback@mozilla.com>","homepageURL":"https://github.com/mozilla-services/screenshots","developers":null,"translators":null,"contributors":null,"locales":["gd"]},{"name":"Firefox Screenshots","description":"Cattura schermate di contenuti sul Web e salvali, per un periodo di tempo limitato o in modo permanente.","creator":"Mozilla <screenshots-feedback@mozilla.com>","homepageURL":"https://github.com/mozilla-services/screenshots","developers":null,"translators":null,"contributors":null,"locales":["it"]},{"name":"Firefox Screenshots","description":"TomÃ¡ imÃ¡genes y capturas de la web y guardalos temporal o permanentemente.","creator":"Mozilla <screenshots-feedback@mozilla.com>","homepageURL":"https://github.com/mozilla-services/screenshots","developers":null,"translators":null,"contributors":null,"locales":["es-AR"]},{"name":"Firefox Screenshots","description":"Darykite iÅ¡karpas ir ekrano nuotraukos su interneto turiniu bei saugokite jas laikinai arba visÄ…laik.","creator":"â€žMozillaâ€œ <screenshots-feedback@mozilla.com>","homepageURL":"https://github.com/mozilla-services/screenshots","developers":null,"translators":null,"contributors":null,"locales":["lt"]},{"name":"Firefox Screenshots","description":"Internetdan lavha va skrinshotlar oling hamda ularni vaqtincha yoki butunlay saqlab oling.","creator":"Mozilla <screenshots-feedback@mozilla.com>","homepageURL":"https://github.com/mozilla-services/screenshots","developers":null,"translators":null,"contributors":null,"locales":["uz"]},{"name":"Firefox Screenshots","description":"PÃ«rftoni copÃ«za dhe bÃ«ni foto nÃ« Web dhe ruajini ato pÃ«rkohÃ«sisht ose pÃ«rfundimisht.","creator":"Mozilla <screenshots-feedback@mozilla.com>","homepageURL":"https://github.com/mozilla-services/screenshots","developers":null,"translators":null,"contributors":null,"locales":["sq"]},{"name":"Firefox Screenshots","description":"Tomar clips y capturas de pantalla de la web y guardarlos temporalmente o permanentemente.","creator":"Mozilla <screenshots-feedback@mozilla.com>","homepageURL":"https://github.com/mozilla-services/screenshots","developers":null,"translators":null,"contributors":null,"locales":["es-MX"]},{"name":"Firefox Screenshots","description":"à®µà®²à¯ˆà®ªà®•à¯�à®•à®™à¯�à®•à®³à¯ˆ à®¨à®¿à®°à®¨à¯�à®¤à®°à®®à®¾à®• (à®…) à®¤à®±à¯�à®•à®¾à®²à®¿à®•à®®à®¾à®• à®¤à¯�à®£à¯�à®•à¯�à®•à¯�à®•à®³à®¾à®• (à®…) à®¤à®¿à®°à¯ˆà®ªà¯�à®ªà®¿à®Ÿà®¿à®ªà¯�à®ªà¯�à®•à®³à®¾à®• à®šà¯‡à®®à®¿à®¯à¯�à®™à¯�à®•à®³à¯�.","creator":"à®®à¯Šà®šà®¿à®²à¯�à®²à®¾ <screenshots-feedback@mozilla.com>","homepageURL":"https://github.com/mozilla-services/screenshots","developers":null,"translators":null,"contributors":null,"locales":["ta"]},{"name":"Firefox Screenshots","description":"Æ³ettu kilip walla nattal yaynirde rewrude e geese, ndaÉ—ndaa É—um e mudda walla e ko duumii.","creator":"Mozilla <screenshots-feedback@mozilla.com>","homepageURL":"https://github.com/mozilla-services/screenshots","developers":null,"translators":null,"contributors":null,"locales":["ff"]},{"name":"Firefox Screenshots","description":"Web sÉ™hifÉ™lÉ™rin ekran gÃ¶rÃ¼ntÃ¼lÉ™rini alÄ±n, mÃ¼vÉ™qqÉ™ti vÉ™ ya qalÄ±cÄ± saxlayÄ±n.","creator":"Mozilla <screenshots-feedback@mozilla.com>","homepageURL":"https://github.com/mozilla-services/screenshots","developers":null,"translators":null,"contributors":null,"locales":["az"]},{"name":"Firefox Screenshots","description":"Ð—ÐµÐ¼ÐµÑ‚Ðµ Ð¸Ñ�ÐµÑ‡Ð¾Ñ†Ð¸ Ð¸ Ñ�Ð»Ð¸ÐºÐ¸ Ð¾Ð´ Ð˜Ð½Ñ‚ÐµÑ€Ð½ÐµÑ‚ Ð¸ Ð·Ð°Ñ‡ÑƒÐ²Ð°Ñ˜Ñ‚Ðµ Ð³Ð¸ Ð¿Ñ€Ð¸Ð²Ñ€ÐµÐ¼ÐµÐ½Ð¾ Ð¸Ð»Ð¸ Ñ‚Ñ€Ð°Ñ˜Ð½Ð¾.","creator":"Mozilla <screenshots-feedback@mozilla.com>","homepageURL":"https://github.com/mozilla-services/screenshots","developers":null,"translators":null,"contributors":null,"locales":["mk"]},{"name":"Firefox Screenshots","description":"Erstellen Sie Bildschirmfotos von vollstÃ¤ndigen Webseiten oder Ausschnitten und speichern Sie diese temporÃ¤r oder dauerhaft.","creator":"Mozilla <screenshots-feedback@mozilla.com>","homepageURL":"https://github.com/mozilla-services/screenshots","developers":null,"translators":null,"contributors":null,"locales":["de"]},{"name":"Firefox Screenshots","description":"à¤µà¥‡à¤¬à¤µà¤°à¥‚à¤¨ à¤•à¥�à¤²à¤¿à¤ª à¤†à¤£à¤¿ à¤¸à¥�à¤•à¥�à¤°à¥€à¤¨à¤¶à¥‰à¤Ÿ à¤˜à¥�à¤¯à¤¾ à¤†à¤£à¤¿ à¤¤à¥�à¤¯à¤¾à¤‚à¤¨à¤¾ à¤¤à¤¾à¤¤à¥�à¤ªà¥�à¤°à¤¤à¥‡ à¤•à¤¿à¤‚à¤µà¤¾ à¤•à¤¾à¤¯à¤®à¤šà¥‡ à¤œà¤¤à¤¨ à¤•à¤°à¤¾.","creator":"Mozilla <screenshots-feedback@mozilla.com>","homepageURL":"https://github.com/mozilla-services/screenshots","developers":null,"translators":null,"contributors":null,"locales":["mr"]},{"name":"Firefox Screenshots","description":"WzmiÄ‡e klipy a fota wobrazowki z weba a skÅ‚adujÄ‡e je nachwilu abo na pÅ™eco.","creator":"Mozilla <screenshots-feedback@mozilla.com>","homepageURL":"https://github.com/mozilla-services/screenshots","developers":null,"translators":null,"contributors":null,"locales":["hsb"]},{"name":"Firefox Screenshots","description":"à¸ˆà¸±à¸šà¸ à¸²à¸žà¸«à¸™à¹‰à¸²à¸ˆà¸­à¸ˆà¸²à¸�à¹€à¸§à¹‡à¸šà¹�à¸¥à¸°à¸šà¸±à¸™à¸—à¸¶à¸�à¹„à¸§à¹‰à¸Šà¸±à¹ˆà¸§à¸„à¸£à¸²à¸§à¸«à¸£à¸·à¸­à¸–à¸²à¸§à¸£","creator":"Mozilla <screenshots-feedback@mozilla.com>","homepageURL":"https://github.com/mozilla-services/screenshots","developers":null,"translators":null,"contributors":null,"locales":["th"]},{"name":"Firefox Screenshots","description":"á€�á€˜á€ºá€‘á€¶á€™á€¾ á€“á€«á€�á€ºá€•á€¯á€¶á€™á€»á€¬á€¸á€”á€¾á€„á€·á€º á€™á€»á€€á€ºá€”á€¾á€¬á€•á€¼á€„á€ºá€•á€¯á€¶á€–á€™á€ºá€¸á€�á€»á€€á€ºá€™á€»á€¬á€¸á€€á€­á€¯ á€›á€­á€¯á€€á€ºá€šá€°á€•á€¼á€®á€¸ á€šá€¬á€šá€® á€žá€­á€¯á€·á€™á€Ÿá€¯á€�á€º á€¡á€™á€¼á€²á€�á€™á€ºá€¸á€žá€­á€¯á€œá€¾á€±á€¬á€„á€ºá€›á€¬á€�á€½á€„á€º á€žá€­á€™á€ºá€¸á€†á€Šá€ºá€¸á€•á€«á�‹","creator":"Mozilla <screenshots-feedback@mozilla.com>","homepageURL":"https://github.com/mozilla-services/screenshots","developers":null,"translators":null,"contributors":null,"locales":["my"]},{"name":"Firefox Screenshots","description":"Fai maletgs da visur dal web ed als memorisescha temporarmain u permanentamain.","creator":"Mozilla <screenshots-feedback@mozilla.com>","homepageURL":"https://github.com/mozilla-services/screenshots","developers":null,"translators":null,"contributors":null,"locales":["rm"]},{"name":"Firefox Screenshots","description":"Take clips and screenshots from the Web and save them temporarily or permanently.","creator":"Mozilla <screenshots-feedback@mozilla.com>","homepageURL":"https://github.com/mozilla-services/screenshots","developers":null,"translators":null,"contributors":null,"locales":["gl"]},{"name":"Firefox Screenshots","description":"Feu captures de pantalla de pÃ gines web i deseu-les temporalment o per sempre.","creator":"Mozilla <screenshots-feedback@mozilla.com>","homepageURL":"https://github.com/mozilla-services/screenshots","developers":null,"translators":null,"contributors":null,"locales":["ca"]},{"name":"Firefox Screenshots","description":"à¦“à¦¯à¦¼à§‡à¦¬ à¦¥à§‡à¦•à§‡ à¦•à§�à¦²à¦¿à¦ª à¦�à¦¬à¦‚ à¦¸à§�à¦•à§�à¦°à¦¿à¦¨à¦¶à¦Ÿ à¦¨à¦¿à¦¨ à¦�à¦¬à¦‚ à¦¸à§‡à¦—à§�à¦²à§‹ à¦¸à¦¾à¦®à¦¯à¦¼à¦¿à¦•à¦­à¦¾à¦¬à§‡ à¦¬à¦¾ à¦¸à§�à¦¥à¦¾à¦¯à¦¼à§€à¦­à¦¾à¦¬à§‡ à¦¸à¦‚à¦°à¦•à§�à¦·à¦£ à¦•à¦°à§�à¦¨à¥¤","creator":"Mozilla <screenshots-feedback@mozilla.com>","homepageURL":"https://github.com/mozilla-services/screenshots","developers":null,"translators":null,"contributors":null,"locales":["bn-BD"]},{"name":"Firefox Screenshots","description":"Meitsje skermÃ´fdrukken of klips fan it web en bewarje se tydlik of permanint.","creator":"Mozilla <screenshots-feedback@mozilla.com>","homepageURL":"https://github.com/mozilla-services/screenshots","developers":null,"translators":null,"contributors":null,"locales":["fy-NL"]},{"name":"Firefox Screenshots","description":"Vytvorte si snÃ­mky obrazovky na webe a uloÅ¾te si ich doÄ�asne Ä�i navÅ¾dy.","creator":"Mozilla <screenshots-feedback@mozilla.com>","homepageURL":"https://github.com/mozilla-services/screenshots","developers":null,"translators":null,"contributors":null,"locales":["sk"]},{"name":"Firefox Screenshots","description":"Take clips and screenshots from the Web and save them temporarily or permanently.","creator":"Mozilla <screenshots-feedback@mozilla.com>","homepageURL":"https://github.com/mozilla-services/screenshots","developers":null,"translators":null,"contributors":null,"locales":["mai"]},{"name":"Firefox Screenshots","description":"Ð‘ÐµÐ»ÐµÐ¶Ð¸Ñ‚Ðµ Ñ�Ð½Ð¸Ð¼ÐºÐµ ÐµÐºÑ€Ð°Ð½Ð° Ñ�Ð° Ð²ÐµÐ±Ð° Ð¸ Ñ�Ð°Ñ‡ÑƒÐ²Ð°Ñ˜Ñ‚Ðµ Ð¸Ñ… Ð¿Ñ€Ð¸Ð²Ñ€ÐµÐ¼ÐµÐ½Ð¾ Ð¸Ð»Ð¸ Ñ‚Ñ€Ð°Ñ˜Ð½Ð¾.","creator":"Mozilla <screenshots-feedback@mozilla.com>","homepageURL":"https://github.com/mozilla-services/screenshots","developers":null,"translators":null,"contributors":null,"locales":["sr"]},{"name":"Firefox Screenshots","description":"Ø§Ø² ÙˆØ¨ Ø¹Ú©Ø³ Ø¨Ú¯ÛŒØ±ÛŒØ¯ Ùˆ Ú©Ù„ÛŒÙ¾ Ø¨Ø³Ø§Ø²ÛŒØ¯ Ùˆ Ø¨Ù‡ ØµÙˆØ±Øª Ù…ÙˆÙ‚Øª ÛŒØ§ Ø¯Ø§ÛŒÙ…ÛŒ Ø°Ø®ÛŒØ±Ù‡ Ú©Ù†ÛŒØ¯.","creator":"Ù…ÙˆØ²ÛŒÙ„Ø§ <screenshots-feedback@mozilla.com>","homepageURL":"https://github.com/mozilla-services/screenshots","developers":null,"translators":null,"contributors":null,"locales":["fa"]},{"name":"Firefox Screenshots","description":"à´µàµ†à´¬à´¿àµ½ à´¨à´¿à´¨àµ�à´¨àµ� à´•àµ�à´²à´¿à´ªàµ�à´ªàµ�à´•à´³àµ�à´‚ à´¸àµ�à´•àµ�à´°àµ€àµ»à´·àµ‡à´¾à´Ÿàµ�à´Ÿàµ�à´•à´³àµ�à´‚ à´Žà´Ÿàµ�à´¤àµ�à´¤àµ� à´…à´µ à´¤à´¾àµ½à´•àµ�à´•à´¾à´²à´¿à´•à´®à´¾à´¯àµ‹ à´…à´²àµ�à´²àµ†à´™àµ�à´•à´¿àµ½ à´¸àµ�à´¥à´¿à´°à´®à´¾à´¯àµ‹ à´¸à´‚à´°à´•àµ�à´·à´¿à´•àµ�à´•àµ�à´•.","creator":"à´®àµ‡à´¾à´¸à´¿à´²àµ�à´² <screenshots-feedback@mozilla.com>","homepageURL":"https://github.com/mozilla-services/screenshots","developers":null,"translators":null,"contributors":null,"locales":["ml"]},{"name":"Firefox Screenshots","description":"Fanni de fÃ¶to do schermo da-o Web e sarvale in mÃ²ddo tenporaneo Ã² cin mÃ²ddo che restan.","creator":"Mozilla <screenshots-feedback@mozilla.com>","homepageURL":"https://github.com/mozilla-services/screenshots","developers":null,"translators":null,"contributors":null,"locales":["lij"]},{"name":"Firefox Screenshots","description":"Ambil klip dan skrinsyot dari Web dan simpan untuk sementara waktu atau kekal.","creator":"Mozilla <screenshots-feedback@mozilla.com>","homepageURL":"https://github.com/mozilla-services/screenshots","developers":null,"translators":null,"contributors":null,"locales":["ms"]},{"name":"Firefox Screenshots","description":"Prende retalios video e instantaneos de schermo ab le Web e salva los temporarimente o permanentemente.","creator":"Mozilla <screenshots-feedback@mozilla.com>","homepageURL":"https://github.com/mozilla-services/screenshots","developers":null,"translators":null,"contributors":null,"locales":["ia"]},{"name":"Firefox Screenshots","description":"æˆªå�–ç½‘é¡µæˆªå›¾ï¼Œå�¯ä¸´æ—¶æˆ–æ°¸ä¹…å­˜å‚¨ã€‚","creator":"Mozilla <screenshots-feedback@mozilla.com>","homepageURL":"https://github.com/mozilla-services/screenshots","developers":null,"translators":null,"contributors":null,"locales":["zh-CN"]},{"name":"Firefox Screenshots","description":"Ð”ÐµÐ»Ð°Ð¹Ñ‚Ðµ Ð²Ñ‹Ñ€ÐµÐ·ÐºÐ¸ Ð¸ Ñ�ÐºÑ€Ð¸Ð½ÑˆÐ¾Ñ‚Ñ‹ Ð¸Ð· Ð˜Ð½Ñ‚ÐµÑ€Ð½ÐµÑ‚Ð° Ð¸ Ñ�Ð¾Ñ…Ñ€Ð°Ð½Ñ�Ð¹Ñ‚Ðµ Ð¸Ñ… Ð²Ñ€ÐµÐ¼ÐµÐ½Ð½Ð¾ Ð¸Ð»Ð¸ Ð½Ð°Ð²Ñ�ÐµÐ³Ð´Ð°.","creator":"Mozilla <screenshots-feedback@mozilla.com>","homepageURL":"https://github.com/mozilla-services/screenshots","developers":null,"translators":null,"contributors":null,"locales":["ru"]},{"name":"Firefox Screenshots","description":"Tapit skeudennoÃ¹ war ar Web hag enrollit anezho e-pad ur mare pe da viken.","creator":"Mozilla <screenshots-feedback@mozilla.com>","homepageURL":"https://github.com/mozilla-services/screenshots","developers":null,"translators":null,"contributors":null,"locales":["br"]},{"name":"Firefox Screenshots","description":"TwÃ³rz wycinki iÂ zrzuty stron internetowych iÂ zapisuj je tymczasowo lub trwale.","creator":"Mozilla <screenshots-feedback@mozilla.com>","homepageURL":"https://github.com/mozilla-services/screenshots","developers":null,"translators":null,"contributors":null,"locales":["pl"]},{"name":"Firefox Screenshots","description":"AÄŸ'dan tÃ¼yremeler ve ekran kÃ¶rÃ¼ntilerini al ve olarnÄ± muvaqqat yaki payidar olaraq saqla.","creator":"Mozilla <screenshots-feedback@mozilla.com>","homepageURL":"https://github.com/mozilla-services/screenshots","developers":null,"translators":null,"contributors":null,"locales":["crh"]},{"name":"Firefox Screenshots","description":"à¤µà¥‡à¤¬ à¤¸à¥‡ à¥žà¥‹à¤Ÿà¥‹ à¤”à¤° à¤¸à¥�à¤•à¥�à¤°à¥€à¤¨à¤¶à¥‰à¤Ÿ à¤²à¥‡à¤‚ à¤”à¤° à¤‰à¤¨à¥�à¤¹à¥‡à¤‚ à¤…à¤¸à¥�à¤¥à¤¾à¤¯à¥€ à¤¯à¤¾ à¤¸à¥�à¤¥à¤¾à¤¯à¥€ à¤°à¥‚à¤ª à¤¸à¥‡ à¤¸à¤¹à¥‡à¤œà¥‡à¤‚.","creator":"Mozilla <screenshots-feedback@mozilla.com>","homepageURL":"https://github.com/mozilla-services/screenshots","developers":null,"translators":null,"contributors":null,"locales":["hi-IN"]},{"name":"Firefox Screenshots","description":"àº–à»ˆàº²àº�àº„àº£àº´àºš à»�àº¥àº° àºžàº²àºšàº«àº™à»‰àº²àºˆà»�àºˆàº²àº�àº«àº™à»‰àº²à»€àº§àº±àºš à»�àº¥à»‰àº§àºšàº±àº™àº—àº¶àº�à»„àº§à»‰àºŠàº»à»ˆàº§àº„àº²àº§ àº«àº¥àº· àº–àº²àº§àº­àº™.","creator":"Mozilla <screenshots-feedback@mozilla.com>","homepageURL":"https://github.com/mozilla-services/screenshots","developers":null,"translators":null,"contributors":null,"locales":["lo"]},{"name":"Firefox Screenshots","description":"Zajemajte posnetke zaslona s spleta ter jih shranite zaÄ�asno ali trajno.","creator":"Mozilla <screenshots-feedback@mozilla.com>","homepageURL":"https://github.com/mozilla-services/screenshots","developers":null,"translators":null,"contributors":null,"locales":["sl"]},{"name":"Firefox Screenshots","description":"Snimite ili slikajte stvari s Weba te ih spremite privremeno ili trajno.","creator":"Mozilla <screenshots-feedback@mozilla.org>","homepageURL":"https://github.com/mozilla-services/screenshots","developers":null,"translators":null,"contributors":null,"locales":["hr"]},{"name":"Firefox Screenshots","description":"Ota leikkeitÃ¤ ja kuvakaappauksia verkosta ja tallenna ne tilapÃ¤isesti tai pysyvÃ¤sti.","creator":"Mozilla <screenshots-feedback@mozilla.com>","homepageURL":"https://github.com/mozilla-services/screenshots","developers":null,"translators":null,"contributors":null,"locales":["fi"]},{"name":"Firefox Screenshots","description":"Mak vidio ma ki ngolo macego cego ki cal me wang kio ki i Kakube ka igwok gi pi tutunu onyo matwal.","creator":"Mozilla <screenshots-feedback@mozilla.com>","homepageURL":"https://github.com/mozilla-services/screenshots","developers":null,"translators":null,"contributors":null,"locales":["ach"]},{"name":"Firefox Screenshots","description":"Ð˜Ð½Ñ‚ÐµÑ€Ð½ÐµÑ‚Ñ‚ÐµÐ½ Ñ�ÐºÑ€Ð¸Ð½ÑˆÐ¾Ñ‚Ñ‚Ð°Ñ€Ð´Ñ‹ Ñ‚Ò¯Ñ�Ñ–Ñ€Ñ–Ð¿, Ð¾Ð»Ð°Ñ€Ð´Ñ‹ ÑƒÐ°Ò›Ñ‹Ñ‚ÑˆÐ° Ð½ÐµÐ¼ÐµÑ�Ðµ Ñ‚Ò±Ñ€Ð°Ò›Ñ‚Ñ‹ Ñ‚Ò¯Ñ€Ð´Ðµ Ñ�Ð°Ò›Ñ‚Ð°Ò£Ñ‹Ð·.","creator":"Mozilla <screenshots-feedback@mozilla.com>","homepageURL":"https://github.com/mozilla-services/screenshots","developers":null,"translators":null,"contributors":null,"locales":["kk"]},{"name":"Firefox Screenshots","description":"Ð Ð°Ð±Ñ–Ñ†Ðµ ÐºÐ»Ñ–Ð¿Ñ‹ Ñ– Ð·Ð´Ñ‹Ð¼ÐºÑ– Ñ�ÐºÑ€Ð°Ð½Ð° Ñž Ð¡ÐµÑ†Ñ–Ð²Ðµ Ñ– Ð·Ð°Ñ…Ð¾ÑžÐ²Ð°Ð¹Ñ†Ðµ Ñ–Ñ… Ñ‡Ð°Ñ�Ð¾Ð²Ð° Ð°Ð±Ð¾ Ð½Ð°Ð·Ð°ÑžÐ¶Ð´Ñ‹.","creator":"Mozilla <screenshots-feedback@mozilla.com>","homepageURL":"https://github.com/mozilla-services/screenshots","developers":null,"translators":null,"contributors":null,"locales":["be"]},{"name":"Firefox Screenshots","description":"RealizeazÄƒ decupaje È™i capturi de ecran de pe web È™i salveazÄƒ-le temporar sau permanent.","creator":"Mozilla <screenshots-feedback@mozilla.com>","homepageURL":"https://github.com/mozilla-services/screenshots","developers":null,"translators":null,"contributors":null,"locales":["ro"]},{"name":"Firefox Screenshots","description":"Snimite ili slikajte stvari s weba te ih saÄ�uvajte privremeno ili trajno.","creator":"Mozilla <screenshots-feedback@mozilla.com>","homepageURL":"https://github.com/mozilla-services/screenshots","developers":null,"translators":null,"contributors":null,"locales":["bs"]},{"name":"Firefox Screenshots","description":"Enoháº½ taâ€™anga ha japyhypy Ã±andutÃ­gui ha eÃ±ongatu sapyâ€™aite tÃ©rÃ£ areve.","creator":"Mozilla <screenshots-feedback@mozilla.com>","homepageURL":"https://github.com/mozilla-services/screenshots","developers":null,"translators":null,"contributors":null,"locales":["gn"]},{"name":"Firefox Screenshots","description":"á¹¬á¹­ef imrayen akked igdilen si Web sakin sekles-iten s wudem askudan neÎ³ s wudem yezgan.","creator":"Mozilla <screenshots-feedback@mozilla.com>","homepageURL":"https://github.com/mozilla-services/screenshots","developers":null,"translators":null,"contributors":null,"locales":["kab"]},{"name":"Firefox Screenshots","description":"Take clips and screenshots from the Web and save them temporarily or permanently.","creator":"à¨®à©Œà©›à©€à¨²à¨¾ <screenshots-feedback@mozilla.com>","homepageURL":"https://github.com/mozilla-services/screenshots","developers":null,"translators":null,"contributors":null,"locales":["pa-IN"]},{"name":"Firefox Screenshots","description":"Î Ï�Î±Î³Î¼Î±Ï„Î¿Ï€Î¿Î¹Î®ÏƒÏ„Îµ Î»Î®ÏˆÎ· ÏƒÏ„Î¹Î³Î¼Î¹Î¿Ï„Ï�Ï€Ï‰Î½ Î±Ï€ÏŒ Ï„Î¿ Î”Î¹Î±Î´Î¯ÎºÏ„Ï…Î¿ ÎºÎ±Î¹ Î±Ï€Î¿Î¸Î·ÎºÎµÏ�ÏƒÏ„Îµ Ï„Î± Ï€Ï�Î¿ÏƒÏ‰Ï�Î¹Î½Î¬ Î® Î¼ÏŒÎ½Î¹Î¼Î±.","creator":"Mozilla <screenshots-feedback@mozilla.com>","homepageURL":"https://github.com/mozilla-services/screenshots","developers":null,"translators":null,"contributors":null,"locales":["el"]},{"name":"Firefox Screenshots","description":"Õ�Õ¿Õ¡Ö�Õ¥Ö„ Õ°Õ¸Õ¬Õ¸Õ¾Õ¡Õ¯Õ¶Õ¥Ö€ Ö‡ Õ§Õ¯Ö€Õ¡Õ¶Õ« Õ°Õ¡Õ¶Õ¸Ö‚ÕµÕ©Õ¶Õ¥Ö€ Õ¾Õ¥Õ¢Õ«Ö� Ö‡ ÕºÕ¡Õ°ÕºÕ¡Õ¶Õ¥Ö„ Õ¤Õ¡Õ¶Ö„ ÕªÕ¡Õ´Õ¡Õ¶Õ¡Õ¯Õ¡Õ¾Õ¸Ö€ Õ¯Õ¡Õ´ Õ´Õ·Õ¿Õ¡ÕºÕ¥Õ½:","creator":"Mozilla <screenshots-feedback@mozilla.com>","homepageURL":"https://github.com/mozilla-services/screenshots","developers":null,"translators":null,"contributors":null,"locales":["hy-AM"]},{"name":"Firefox Screenshots","description":"Tire capturas de tela da Web e guarde-as temporariamente ou permanentemente.","creator":"Mozilla <screenshots-feedback@mozilla.com>","homepageURL":"https://github.com/mozilla-services/screenshots","developers":null,"translators":null,"contributors":null,"locales":["pt-BR"]},{"name":"Firefox Screenshots","description":"æ‹�æ”�ç¶²é �çš„æ“·åœ–ï¼Œå�¯æš«æ™‚å„²å­˜æˆ–æ°¸ä¹…å„²å­˜ã€‚","creator":"Mozilla <screenshots-feedback@mozilla.com>","homepageURL":"https://github.com/mozilla-services/screenshots","developers":null,"translators":null,"contributors":null,"locales":["zh-TW"]},{"name":"Firefox Screenshots","description":"×™×¦×™×¨×ª ×¦×™×œ×•×ž×™ ×ž×¡×š ×©×œ ×“×¤×™ ×�×™× ×˜×¨× ×˜ ×•×©×ž×™×¨×” ×©×œ×”×� ×‘×�×•×¤×Ÿ ×–×ž× ×™ ×�×• ×§×‘×•×¢.","creator":"Mozilla <screenshots-feedback@mozilla.com>","homepageURL":"https://github.com/mozilla-services/screenshots","developers":null,"translators":null,"contributors":null,"locales":["he"]},{"name":"Firefox Screenshots","description":"Tag udklip og skÃ¦rmbilleder fra nettet og gem dem midlertidigt eller permanent.","creator":"Mozilla <screenshots-feedback@mozilla.com>","homepageURL":"https://github.com/mozilla-services/screenshots","developers":null,"translators":null,"contributors":null,"locales":["da"]},{"name":"Firefox Screenshots","description":"Ð’Ñ�Ð±Ñ�Ñ�Ñ� Ð°Ð²Ñ�Ð°Ð½ ÐºÐ»Ð¸Ð¿ Ð±Ð¾Ð»Ð¾Ð½ Ð´Ñ�Ð»Ð³Ñ�Ñ†Ð¸Ð¹Ð½ Ð·ÑƒÑ€Ð³Ð¸Ð¹Ð³ Ð°Ð²Ð°Ð°Ð´ Ñ‚Ñ�Ð´Ð³Ñ�Ñ�Ñ€Ð¸Ð¹Ð³ Ñ‚Ò¯Ñ€ Ñ�Ñ�Ð²Ñ�Ð» Ð±Ò¯Ñ€Ð¼Ó©Ñ�Ó©Ð½ Ñ…Ð°Ð´Ð³Ð°Ð».","creator":"Mozilla <screenshots-feedback@mozilla.com>","homepageURL":"https://github.com/mozilla-services/screenshots","developers":null,"translators":null,"contributors":null,"locales":["mn"]},{"name":"Firefox Screenshots","description":"Web sayfalarÄ±nÄ±n ekran gÃ¶rÃ¼ntÃ¼lerini alÄ±n, ister geÃ§ici ister kalÄ±cÄ± olarak kaydedin.","creator":"Mozilla <screenshots-feedback@mozilla.com>","homepageURL":"https://github.com/mozilla-services/screenshots","developers":null,"translators":null,"contributors":null,"locales":["tr"]},{"name":"Firefox Screenshots","description":"Haz capturas y recortes de la web y guÃ¡rdalos temporal o permanentemente.","creator":"Mozilla <screenshots-feedback@mozilla.com>","homepageURL":"https://github.com/mozilla-services/screenshots","developers":null,"translators":null,"contributors":null,"locales":["es-ES"]},{"name":"Firefox Screenshots","description":"à¤µà¥‡à¤¬à¤¬à¤¾à¤Ÿ à¤«à¥‹à¤Ÿà¥‹ à¤° à¤¸à¤¿à¤•à¥�à¤°à¤¿à¤¨à¤¸à¤Ÿ à¤¯à¤¾ à¤•à¥�à¤²à¤¿à¤ªà¤¹à¤°à¥‚ à¤²à¤¿à¤�à¤° à¤•à¥�à¤·à¤£à¤¿à¤• à¤µà¤¾ à¤¸à¤¦à¤¾à¤•à¥‹ à¤²à¤¾à¤—à¤¿ à¤¸à¤™à¥�à¤—à¥�à¤°à¤¹ à¤—à¤°à¥�à¤¨ à¥¤","creator":"Mozilla <screenshots-feedback@mozilla.com>","homepageURL":"https://github.com/mozilla-services/screenshots","developers":null,"translators":null,"contributors":null,"locales":["ne-NP"]},{"name":"Firefox Screenshots","description":"Maak clips en schermafbeeldingen van het web en sla deze tijdelijk of permanent op.","creator":"Mozilla <screenshots-feedback@mozilla.com>","homepageURL":"https://github.com/mozilla-services/screenshots","developers":null,"translators":null,"contributors":null,"locales":["nl"]}],"targetApplications":[{"id":"toolkit@mozilla.org","minVersion":"57.0a1","maxVersion":null}],"targetPlatforms":[],"seen":true,"dependencies":[],"incognito":"spanning","userPermissions":{"permissions":["activeTab","downloads","tabs","storage","notifications","clipboardWrite","contextMenus"],"origins":["<all_urls>","https://screenshots.firefox.com/","https://screenshots.firefox.com/*"]},"icons":{"32":"icons/icon-v2.svg"},"iconURL":null,"blocklistState":0,"blocklistURL":null,"startupData":null,"hidden":true,"installTelemetryInfo":null,"recommendationState":null,"rootURI":"jar:file:///C:/Program%20Files/Mozilla%20Firefox/browser/features/screenshots@mozilla.org.xpi!/","location":"app-system-defaults"}
1601875722117	addons.xpi	DEBUG	Updating XPIState for {"id":"webcompat-reporter@mozilla.org","syncGUID":"{3630386e-0df1-4a9b-abf7-69e5a4ccdae9}","version":"1.1.0","type":"extension","loader":null,"updateURL":null,"optionsURL":null,"optionsType":null,"optionsBrowserStyle":true,"aboutURL":null,"defaultLocale":{"name":"WebCompat Reporter","description":"Report site compatibility issues on webcompat.com","creator":"Thomas Wisniewski <twisniewski@mozilla.com>","homepageURL":"https://github.com/mozilla/webcompat-reporter","developers":null,"translators":null,"contributors":null},"visible":true,"active":false,"userDisabled":true,"appDisabled":false,"installDate":1575311493875,"updateDate":1575311493875,"applyBackgroundUpdates":1,"path":"C:\\Program Files\\Mozilla Firefox\\browser\\features\\webcompat-reporter@mozilla.org.xpi","skinnable":false,"sourceURI":null,"releaseNotesURI":null,"softDisabled":false,"foreignInstall":false,"strictCompatibility":true,"locales":[],"targetApplications":[{"id":"toolkit@mozilla.org","minVersion":null,"maxVersion":null}],"targetPlatforms":[],"seen":true,"dependencies":[],"incognito":"spanning","userPermissions":{"permissions":["tabs"],"origins":["<all_urls>"]},"icons":{"16":"icons/lightbulb.svg","32":"icons/lightbulb.svg","48":"icons/lightbulb.svg","96":"icons/lightbulb.svg","128":"icons/lightbulb.svg"},"iconURL":null,"blocklistState":0,"blocklistURL":null,"startupData":null,"hidden":true,"installTelemetryInfo":null,"recommendationState":null,"rootURI":"jar:file:///C:/Program%20Files/Mozilla%20Firefox/browser/features/webcompat-reporter@mozilla.org.xpi!/","location":"app-system-defaults"}
1601875722130	addons.xpi	DEBUG	Updating XPIState for {"id":"webcompat@mozilla.org","syncGUID":"{cd3961d4-de0d-4fb8-94b3-b06988749fa9}","version":"6.2.0","type":"extension","loader":null,"updateURL":null,"optionsURL":null,"optionsType":null,"optionsBrowserStyle":true,"aboutURL":null,"defaultLocale":{"name":"Web Compat","description":"Urgent post-release fixes for web compatibility.","creator":null,"developers":null,"translators":null,"contributors":null},"visible":true,"active":true,"userDisabled":false,"appDisabled":false,"installDate":1575311493875,"updateDate":1575311493875,"applyBackgroundUpdates":1,"path":"C:\\Program Files\\Mozilla Firefox\\browser\\features\\webcompat@mozilla.org.xpi","skinnable":false,"sourceURI":null,"releaseNotesURI":null,"softDisabled":false,"foreignInstall":false,"strictCompatibility":true,"locales":[],"targetApplications":[{"id":"toolkit@mozilla.org","minVersion":"59.0b5","maxVersion":null}],"targetPlatforms":[],"seen":true,"dependencies":[],"incognito":"spanning","userPermissions":{"permissions":["webRequest","webRequestBlocking"],"origins":["<all_urls>"]},"icons":{},"iconURL":null,"blocklistState":0,"blocklistURL":null,"startupData":null,"hidden":true,"installTelemetryInfo":null,"recommendationState":null,"rootURI":"jar:file:///C:/Program%20Files/Mozilla%20Firefox/browser/features/webcompat@mozilla.org.xpi!/","location":"app-system-defaults"}
1601875722130	addons.xpi-utils	DEBUG	Updating add-on states
1601875722130	addons.xpi-utils	DEBUG	Error: Synchronously loading the add-ons database(resource://gre/modules/addons/XPIDatabase.jsm:1537:15) JS Stack trace: syncLoadDB@XPIDatabase.jsm:1537:15
startup@XPIProvider.jsm:2417:23
callProvider@AddonManager.jsm:213:31
_startProvider@AddonManager.jsm:649:17
startup@AddonManager.jsm:873:14
startup@AddonManager.jsm:3469:26
observe@addonManager.js:86:29
1601875722132	addons.xpi	DEBUG	Calling bootstrap method startup on formautofill@mozilla.org version 1.0
1601875722133	addons.xpi	DEBUG	Calling bootstrap method startup on screenshots@mozilla.org version 39.0.0
1601875722134	addons.xpi	DEBUG	Calling bootstrap method startup on webcompat@mozilla.org version 6.2.0
1601875722135	addons.manager	DEBUG	Registering shutdown blocker for XPIProvider
1601875722135	addons.manager	DEBUG	Provider finished startup: XPIProvider
1601875722135	addons.manager	DEBUG	Starting provider: GMPProvider
1601875722136	addons.manager	DEBUG	Registering shutdown blocker for GMPProvider
1601875722136	addons.manager	DEBUG	Provider finished startup: GMPProvider
1601875722136	addons.manager	DEBUG	Starting provider: PluginProvider
1601875722136	addons.manager	DEBUG	Registering shutdown blocker for PluginProvider
1601875722136	addons.manager	DEBUG	Provider finished startup: PluginProvider
1601875722139	addons.manager	DEBUG	Completed startup sequence
1601875723060	addons.xpi-utils	DEBUG	Make addon app-builtin:default-theme@mozilla.org visible
1601875723060	addons.xpi	DEBUG	XPIStates adding add-on default-theme@mozilla.org in {"addons":{},"staged":{}}: null
1601875723060	addons.xpi	DEBUG	Updating XPIState for {"id":"default-theme@mozilla.org","syncGUID":"{63fe5cc4-937e-43c2-95ae-2f6ee0132343}","version":"1.0","type":"theme","loader":null,"updateURL":null,"optionsURL":null,"optionsType":null,"optionsBrowserStyle":true,"aboutURL":null,"defaultLocale":{"name":"Default","description":"A theme with the operating system color scheme.","creator":"Mozilla","developers":null,"translators":null,"contributors":null},"visible":true,"active":true,"userDisabled":false,"appDisabled":false,"installDate":1601875723060,"applyBackgroundUpdates":1,"path":null,"skinnable":false,"sourceURI":null,"releaseNotesURI":null,"softDisabled":false,"foreignInstall":false,"strictCompatibility":true,"locales":[],"targetApplications":[{"id":"toolkit@mozilla.org","minVersion":null,"maxVersion":null}],"targetPlatforms":[],"seen":true,"dependencies":[],"userPermissions":null,"icons":{"32":"icon.svg"},"iconURL":null,"blocklistState":0,"blocklistURL":null,"startupData":null,"hidden":false,"installTelemetryInfo":null,"recommendationState":null,"rootURI":"resource://gre/modules/themes/default/","location":"app-builtin"}
1601875723060	addons.xpi	DEBUG	Loading bootstrap scope from resource://gre/modules/themes/default/
1601875723061	addons.xpi	DEBUG	Calling bootstrap method install on default-theme@mozilla.org version 1.0
1601875723061	addons.xpi	DEBUG	Calling bootstrap method startup on default-theme@mozilla.org version 1.0
1601875723062	addons.xpi-utils	DEBUG	Make addon app-builtin:firefox-compact-light@mozilla.org visible
1601875723062	addons.xpi	DEBUG	XPIStates adding add-on firefox-compact-light@mozilla.org in {"addons":{"default-theme@mozilla.org":{"dependencies":[],"enabled":true,"loader":null,"path":null,"rootURI":"resource://gre/modules/themes/default/","runInSafeMode":true,"telemetryKey":"default-theme%40mozilla.org:1.0","version":"1.0","type":"theme"}},"staged":{}}: null
1601875723062	addons.xpi	DEBUG	Updating XPIState for {"id":"firefox-compact-light@mozilla.org","syncGUID":"{8ccea05b-3b68-41c9-91c2-d78c1e2b74ab}","version":"1.0","type":"theme","loader":null,"updateURL":null,"optionsURL":null,"optionsType":null,"optionsBrowserStyle":true,"aboutURL":null,"defaultLocale":{"name":"Light","description":"A theme with a light color scheme.","creator":"Mozilla","developers":null,"translators":null,"contributors":null},"visible":true,"active":false,"userDisabled":true,"appDisabled":false,"installDate":1601875723062,"applyBackgroundUpdates":1,"path":null,"skinnable":false,"sourceURI":null,"releaseNotesURI":null,"softDisabled":false,"foreignInstall":false,"strictCompatibility":true,"locales":[],"targetApplications":[{"id":"toolkit@mozilla.org","minVersion":null,"maxVersion":null}],"targetPlatforms":[],"seen":true,"dependencies":[],"userPermissions":null,"icons":{"32":"icon.svg"},"iconURL":null,"blocklistState":0,"blocklistURL":null,"startupData":null,"hidden":false,"installTelemetryInfo":null,"recommendationState":null,"rootURI":"resource:///modules/themes/light/","location":"app-builtin"}
1601875723062	addons.xpi	DEBUG	Loading bootstrap scope from resource:///modules/themes/light/
1601875723062	addons.xpi	DEBUG	Calling bootstrap method install on firefox-compact-light@mozilla.org version 1.0
1601875723063	addons.xpi-utils	DEBUG	Make addon app-builtin:firefox-compact-dark@mozilla.org visible
1601875723063	addons.xpi	DEBUG	XPIStates adding add-on firefox-compact-dark@mozilla.org in {"addons":{"default-theme@mozilla.org":{"dependencies":[],"enabled":true,"loader":null,"path":null,"rootURI":"resource://gre/modules/themes/default/","runInSafeMode":true,"telemetryKey":"default-theme%40mozilla.org:1.0","version":"1.0","type":"theme"},"firefox-compact-light@mozilla.org":{"dependencies":[],"enabled":false,"loader":null,"path":null,"rootURI":"resource:///modules/themes/light/","runInSafeMode":true,"telemetryKey":"firefox-compact-light%40mozilla.org:1.0","version":"1.0","type":"theme"}},"staged":{}}: null
1601875723063	addons.xpi	DEBUG	Updating XPIState for {"id":"firefox-compact-dark@mozilla.org","syncGUID":"{cf3a5c4d-a5b5-437b-be4a-a988c033df27}","version":"1.0","type":"theme","loader":null,"updateURL":null,"optionsURL":null,"optionsType":null,"optionsBrowserStyle":true,"aboutURL":null,"defaultLocale":{"name":"Dark","description":"A theme with a dark color scheme.","creator":"Mozilla","developers":null,"translators":null,"contributors":null},"visible":true,"active":false,"userDisabled":true,"appDisabled":false,"installDate":1601875723062,"applyBackgroundUpdates":1,"path":null,"skinnable":false,"sourceURI":null,"releaseNotesURI":null,"softDisabled":false,"foreignInstall":false,"strictCompatibility":true,"locales":[],"targetApplications":[{"id":"toolkit@mozilla.org","minVersion":null,"maxVersion":null}],"targetPlatforms":[],"seen":true,"dependencies":[],"userPermissions":null,"icons":{"32":"icon.svg"},"iconURL":null,"blocklistState":0,"blocklistURL":null,"startupData":null,"hidden":false,"installTelemetryInfo":null,"recommendationState":null,"rootURI":"resource:///modules/themes/dark/","location":"app-builtin"}
1601875723063	addons.xpi	DEBUG	Loading bootstrap scope from resource:///modules/themes/dark/
1601875723063	addons.xpi	DEBUG	Calling bootstrap method install on firefox-compact-dark@mozilla.org version 1.0
1601875723120	addons.repository	DEBUG	No addons.json found.
JavaScript error: resource://gre/modules/XULStore.jsm, line 66: Error: Can't find profile directory.
1601875724326	addons.manager	DEBUG	Registering upgrade listener for formautofill@mozilla.org
1601875724773	addons.xpi	DEBUG	Existing add-on formautofill@mozilla.org in app-system-defaults
1601875724773	addons.xpi	DEBUG	Existing add-on screenshots@mozilla.org in app-system-defaults
1601875724773	addons.xpi	DEBUG	Existing add-on webcompat-reporter@mozilla.org in app-system-defaults
1601875724774	addons.xpi	DEBUG	Existing add-on webcompat@mozilla.org in app-system-defaults
1601875724774	addons.xpi	DEBUG	scanForChanges changed: false, state: {}
1601875724791	addons.xpi-utils	DEBUG	Make addon app-builtin:google@search.mozilla.org visible
1601875724792	addons.xpi	DEBUG	XPIStates adding add-on google@search.mozilla.org in {"addons":{"default-theme@mozilla.org":{"dependencies":[],"enabled":true,"loader":null,"path":null,"rootURI":"resource://gre/modules/themes/default/","runInSafeMode":true,"telemetryKey":"default-theme%40mozilla.org:1.0","version":"1.0","type":"theme","startupData":{"lwtData":{"theme":{"id":"default-theme@mozilla.org","version":"1.0"},"darkTheme":{"accentcolor":"hsl(240, 5%, 5%)","icon_color":"rgb(249, 249, 250, 0.7)","ntp_background":"#2A2A2E","ntp_text":"rgb(249, 249, 250)","popup":"#4a4a4f","popup_border":"#27272b","popup_text":"rgb(249, 249, 250)","sidebar":"#38383D","sidebar_border":"rgba(255, 255, 255, 0.1)","sidebar_text":"rgb(249, 249, 250)","textcolor":"rgb(249, 249, 250)","tab_line":"#0a84ff","toolbarColor":"hsl(240, 1%, 20%)","toolbar_bottom_separator":"hsl(240, 5%, 5%)","toolbar_field":"rgb(71, 71, 73)","toolbar_field_border":"rgba(249, 249, 250, 0.2)","toolbar_field_separator":"#5F6670","toolbar_field_text":"rgb(249, 249, 250)","id":"default-theme@mozilla.org","version":"1.0"}},"lwtStyles":{"id":"default-theme@mozilla.org","version":"1.0"},"lwtDarkStyles":{"accentcolor":"hsl(240, 5%, 5%)","icon_color":"rgb(249, 249, 250, 0.7)","ntp_background":"#2A2A2E","ntp_text":"rgb(249, 249, 250)","popup":"#4a4a4f","popup_border":"#27272b","popup_text":"rgb(249, 249, 250)","sidebar":"#38383D","sidebar_border":"rgba(255, 255, 255, 0.1)","sidebar_text":"rgb(249, 249, 250)","textcolor":"rgb(249, 249, 250)","tab_line":"#0a84ff","toolbarColor":"hsl(240, 1%, 20%)","toolbar_bottom_separator":"hsl(240, 5%, 5%)","toolbar_field":"rgb(71, 71, 73)","toolbar_field_border":"rgba(249, 249, 250, 0.2)","toolbar_field_separator":"#5F6670","toolbar_field_text":"rgb(249, 249, 250)","id":"default-theme@mozilla.org","version":"1.0"}}},"firefox-compact-light@mozilla.org":{"dependencies":[],"enabled":false,"loader":null,"path":null,"rootURI":"resource:///modules/themes/light/","runInSafeMode":true,"telemetryKey":"firefox-compact-light%40mozilla.org:1.0","version":"1.0","type":"theme"},"firefox-compact-dark@mozilla.org":{"dependencies":[],"enabled":false,"loader":null,"path":null,"rootURI":"resource:///modules/themes/dark/","runInSafeMode":true,"telemetryKey":"firefox-compact-dark%40mozilla.org:1.0","version":"1.0","type":"theme"}},"staged":{}}: null
1601875724792	addons.xpi	DEBUG	Updating XPIState for {"id":"google@search.mozilla.org","syncGUID":"{447c5cc6-ecd2-498b-83ad-bc7fa3d4aaf7}","version":"1.0","type":"extension","loader":null,"updateURL":null,"optionsURL":null,"optionsType":null,"optionsBrowserStyle":true,"aboutURL":null,"defaultLocale":{"name":"Google","description":"Google Search","creator":null,"developers":null,"translators":null,"contributors":null},"visible":true,"active":true,"userDisabled":false,"appDisabled":false,"installDate":1601875724791,"applyBackgroundUpdates":1,"path":null,"skinnable":false,"sourceURI":null,"releaseNotesURI":null,"softDisabled":false,"foreignInstall":false,"strictCompatibility":true,"locales":[{"name":"Google","description":"Google Search","creator":null,"developers":null,"translators":null,"contributors":null,"locales":["en"]},{"name":"Google","description":"Google Search","creator":null,"developers":null,"translators":null,"contributors":null,"locales":["b-1-d"]},{"name":"Google","description":"Google Search","creator":null,"developers":null,"translators":null,"contributors":null,"locales":["b-1-e"]},{"name":"Google","description":"Google Search","creator":null,"developers":null,"translators":null,"contributors":null,"locales":["b-d"]},{"name":"Google","description":"Google Search","creator":null,"developers":null,"translators":null,"contributors":null,"locales":["b-e"]}],"targetApplications":[{"id":"toolkit@mozilla.org","minVersion":null,"maxVersion":null}],"targetPlatforms":[],"seen":true,"dependencies":[],"incognito":"spanning","userPermissions":{"permissions":[],"origins":[]},"icons":{"16":"favicon.ico"},"iconURL":null,"blocklistState":0,"blocklistURL":null,"startupData":null,"hidden":true,"installTelemetryInfo":null,"recommendationState":null,"rootURI":"resource://search-extensions/google/","location":"app-builtin"}
1601875724792	addons.xpi	DEBUG	Loading bootstrap scope from resource://search-extensions/google/
1601875724792	addons.xpi	DEBUG	Calling bootstrap method install on google@search.mozilla.org version 1.0
1601875724792	addons.xpi	DEBUG	Calling bootstrap method startup on google@search.mozilla.org version 1.0
1601875724814	addons.xpi-utils	DEBUG	Make addon app-builtin:amazondotcom@search.mozilla.org visible
1601875724814	addons.xpi	DEBUG	XPIStates adding add-on amazondotcom@search.mozilla.org in {"addons":{"default-theme@mozilla.org":{"dependencies":[],"enabled":true,"loader":null,"path":null,"rootURI":"resource://gre/modules/themes/default/","runInSafeMode":true,"telemetryKey":"default-theme%40mozilla.org:1.0","version":"1.0","type":"theme","startupData":{"lwtData":{"theme":{"id":"default-theme@mozilla.org","version":"1.0"},"darkTheme":{"accentcolor":"hsl(240, 5%, 5%)","icon_color":"rgb(249, 249, 250, 0.7)","ntp_background":"#2A2A2E","ntp_text":"rgb(249, 249, 250)","popup":"#4a4a4f","popup_border":"#27272b","popup_text":"rgb(249, 249, 250)","sidebar":"#38383D","sidebar_border":"rgba(255, 255, 255, 0.1)","sidebar_text":"rgb(249, 249, 250)","textcolor":"rgb(249, 249, 250)","tab_line":"#0a84ff","toolbarColor":"hsl(240, 1%, 20%)","toolbar_bottom_separator":"hsl(240, 5%, 5%)","toolbar_field":"rgb(71, 71, 73)","toolbar_field_border":"rgba(249, 249, 250, 0.2)","toolbar_field_separator":"#5F6670","toolbar_field_text":"rgb(249, 249, 250)","id":"default-theme@mozilla.org","version":"1.0"}},"lwtStyles":{"id":"default-theme@mozilla.org","version":"1.0"},"lwtDarkStyles":{"accentcolor":"hsl(240, 5%, 5%)","icon_color":"rgb(249, 249, 250, 0.7)","ntp_background":"#2A2A2E","ntp_text":"rgb(249, 249, 250)","popup":"#4a4a4f","popup_border":"#27272b","popup_text":"rgb(249, 249, 250)","sidebar":"#38383D","sidebar_border":"rgba(255, 255, 255, 0.1)","sidebar_text":"rgb(249, 249, 250)","textcolor":"rgb(249, 249, 250)","tab_line":"#0a84ff","toolbarColor":"hsl(240, 1%, 20%)","toolbar_bottom_separator":"hsl(240, 5%, 5%)","toolbar_field":"rgb(71, 71, 73)","toolbar_field_border":"rgba(249, 249, 250, 0.2)","toolbar_field_separator":"#5F6670","toolbar_field_text":"rgb(249, 249, 250)","id":"default-theme@mozilla.org","version":"1.0"}}},"firefox-compact-light@mozilla.org":{"dependencies":[],"enabled":false,"loader":null,"path":null,"rootURI":"resource:///modules/themes/light/","runInSafeMode":true,"telemetryKey":"firefox-compact-light%40mozilla.org:1.0","version":"1.0","type":"theme"},"firefox-compact-dark@mozilla.org":{"dependencies":[],"enabled":false,"loader":null,"path":null,"rootURI":"resource:///modules/themes/dark/","runInSafeMode":true,"telemetryKey":"firefox-compact-dark%40mozilla.org:1.0","version":"1.0","type":"theme"},"google@search.mozilla.org":{"dependencies":[],"enabled":true,"loader":null,"path":null,"rootURI":"resource://search-extensions/google/","runInSafeMode":true,"telemetryKey":"google%40search.mozilla.org:1.0","version":"1.0"}},"staged":{}}: null
1601875724814	addons.xpi	DEBUG	Updating XPIState for {"id":"amazondotcom@search.mozilla.org","syncGUID":"{869d39a0-e7d2-4b56-a290-4838fb2a67d1}","version":"1.1","type":"extension","loader":null,"updateURL":null,"optionsURL":null,"optionsType":null,"optionsBrowserStyle":true,"aboutURL":null,"defaultLocale":{"name":"Amazon.com","description":"Amazon.com Search","creator":null,"developers":null,"translators":null,"contributors":null},"visible":true,"active":true,"userDisabled":false,"appDisabled":false,"installDate":1601875724814,"applyBackgroundUpdates":1,"path":null,"skinnable":false,"sourceURI":null,"releaseNotesURI":null,"softDisabled":false,"foreignInstall":false,"strictCompatibility":true,"locales":[{"name":"Amazon.com","description":"Amazon.com Search","creator":null,"developers":null,"translators":null,"contributors":null,"locales":["en"]}],"targetApplications":[{"id":"toolkit@mozilla.org","minVersion":null,"maxVersion":null}],"targetPlatforms":[],"seen":true,"dependencies":[],"incognito":"spanning","userPermissions":{"permissions":[],"origins":[]},"icons":{"16":"favicon.ico"},"iconURL":null,"blocklistState":0,"blocklistURL":null,"startupData":null,"hidden":true,"installTelemetryInfo":null,"recommendationState":null,"rootURI":"resource://search-extensions/amazondotcom/","location":"app-builtin"}
1601875724814	addons.xpi	DEBUG	Loading bootstrap scope from resource://search-extensions/amazondotcom/
1601875724814	addons.xpi	DEBUG	Calling bootstrap method install on amazondotcom@search.mozilla.org version 1.1
1601875724815	addons.xpi	DEBUG	Calling bootstrap method startup on amazondotcom@search.mozilla.org version 1.1
1601875724824	addons.xpi-utils	DEBUG	Make addon app-builtin:bing@search.mozilla.org visible
1601875724824	addons.xpi	DEBUG	XPIStates adding add-on bing@search.mozilla.org in {"addons":{"default-theme@mozilla.org":{"dependencies":[],"enabled":true,"loader":null,"path":null,"rootURI":"resource://gre/modules/themes/default/","runInSafeMode":true,"telemetryKey":"default-theme%40mozilla.org:1.0","version":"1.0","type":"theme","startupData":{"lwtData":{"theme":{"id":"default-theme@mozilla.org","version":"1.0"},"darkTheme":{"accentcolor":"hsl(240, 5%, 5%)","icon_color":"rgb(249, 249, 250, 0.7)","ntp_background":"#2A2A2E","ntp_text":"rgb(249, 249, 250)","popup":"#4a4a4f","popup_border":"#27272b","popup_text":"rgb(249, 249, 250)","sidebar":"#38383D","sidebar_border":"rgba(255, 255, 255, 0.1)","sidebar_text":"rgb(249, 249, 250)","textcolor":"rgb(249, 249, 250)","tab_line":"#0a84ff","toolbarColor":"hsl(240, 1%, 20%)","toolbar_bottom_separator":"hsl(240, 5%, 5%)","toolbar_field":"rgb(71, 71, 73)","toolbar_field_border":"rgba(249, 249, 250, 0.2)","toolbar_field_separator":"#5F6670","toolbar_field_text":"rgb(249, 249, 250)","id":"default-theme@mozilla.org","version":"1.0"}},"lwtStyles":{"id":"default-theme@mozilla.org","version":"1.0"},"lwtDarkStyles":{"accentcolor":"hsl(240, 5%, 5%)","icon_color":"rgb(249, 249, 250, 0.7)","ntp_background":"#2A2A2E","ntp_text":"rgb(249, 249, 250)","popup":"#4a4a4f","popup_border":"#27272b","popup_text":"rgb(249, 249, 250)","sidebar":"#38383D","sidebar_border":"rgba(255, 255, 255, 0.1)","sidebar_text":"rgb(249, 249, 250)","textcolor":"rgb(249, 249, 250)","tab_line":"#0a84ff","toolbarColor":"hsl(240, 1%, 20%)","toolbar_bottom_separator":"hsl(240, 5%, 5%)","toolbar_field":"rgb(71, 71, 73)","toolbar_field_border":"rgba(249, 249, 250, 0.2)","toolbar_field_separator":"#5F6670","toolbar_field_text":"rgb(249, 249, 250)","id":"default-theme@mozilla.org","version":"1.0"}}},"firefox-compact-light@mozilla.org":{"dependencies":[],"enabled":false,"loader":null,"path":null,"rootURI":"resource:///modules/themes/light/","runInSafeMode":true,"telemetryKey":"firefox-compact-light%40mozilla.org:1.0","version":"1.0","type":"theme"},"firefox-compact-dark@mozilla.org":{"dependencies":[],"enabled":false,"loader":null,"path":null,"rootURI":"resource:///modules/themes/dark/","runInSafeMode":true,"telemetryKey":"firefox-compact-dark%40mozilla.org:1.0","version":"1.0","type":"theme"},"google@search.mozilla.org":{"dependencies":[],"enabled":true,"loader":null,"path":null,"rootURI":"resource://search-extensions/google/","runInSafeMode":true,"telemetryKey":"google%40search.mozilla.org:1.0","version":"1.0"},"amazondotcom@search.mozilla.org":{"dependencies":[],"enabled":true,"loader":null,"path":null,"rootURI":"resource://search-extensions/amazondotcom/","runInSafeMode":true,"telemetryKey":"amazondotcom%40search.mozilla.org:1.1","version":"1.1"}},"staged":{}}: null
1601875724825	addons.xpi	DEBUG	Updating XPIState for {"id":"bing@search.mozilla.org","syncGUID":"{889e3728-9401-431b-8df1-512bd84bae95}","version":"1.0","type":"extension","loader":null,"updateURL":null,"optionsURL":null,"optionsType":null,"optionsBrowserStyle":true,"aboutURL":null,"defaultLocale":{"name":"Bing","description":"Bing. Search by Microsoft.","creator":null,"developers":null,"translators":null,"contributors":null},"visible":true,"active":true,"userDisabled":false,"appDisabled":false,"installDate":1601875724824,"applyBackgroundUpdates":1,"path":null,"skinnable":false,"sourceURI":null,"releaseNotesURI":null,"softDisabled":false,"foreignInstall":false,"strictCompatibility":true,"locales":[],"targetApplications":[{"id":"toolkit@mozilla.org","minVersion":null,"maxVersion":null}],"targetPlatforms":[],"seen":true,"dependencies":[],"incognito":"spanning","userPermissions":{"permissions":[],"origins":[]},"icons":{"16":"favicon.ico"},"iconURL":null,"blocklistState":0,"blocklistURL":null,"startupData":null,"hidden":true,"installTelemetryInfo":null,"recommendationState":null,"rootURI":"resource://search-extensions/bing/","location":"app-builtin"}
1601875724825	addons.xpi	DEBUG	Loading bootstrap scope from resource://search-extensions/bing/
1601875724825	addons.xpi	DEBUG	Calling bootstrap method install on bing@search.mozilla.org version 1.0
1601875724825	addons.xpi	DEBUG	Calling bootstrap method startup on bing@search.mozilla.org version 1.0
1601875724848	addons.xpi-utils	DEBUG	Make addon app-builtin:ddg@search.mozilla.org visible
1601875724848	addons.xpi	DEBUG	XPIStates adding add-on ddg@search.mozilla.org in {"addons":{"default-theme@mozilla.org":{"dependencies":[],"enabled":true,"loader":null,"path":null,"rootURI":"resource://gre/modules/themes/default/","runInSafeMode":true,"telemetryKey":"default-theme%40mozilla.org:1.0","version":"1.0","type":"theme","startupData":{"lwtData":{"theme":{"id":"default-theme@mozilla.org","version":"1.0"},"darkTheme":{"accentcolor":"hsl(240, 5%, 5%)","icon_color":"rgb(249, 249, 250, 0.7)","ntp_background":"#2A2A2E","ntp_text":"rgb(249, 249, 250)","popup":"#4a4a4f","popup_border":"#27272b","popup_text":"rgb(249, 249, 250)","sidebar":"#38383D","sidebar_border":"rgba(255, 255, 255, 0.1)","sidebar_text":"rgb(249, 249, 250)","textcolor":"rgb(249, 249, 250)","tab_line":"#0a84ff","toolbarColor":"hsl(240, 1%, 20%)","toolbar_bottom_separator":"hsl(240, 5%, 5%)","toolbar_field":"rgb(71, 71, 73)","toolbar_field_border":"rgba(249, 249, 250, 0.2)","toolbar_field_separator":"#5F6670","toolbar_field_text":"rgb(249, 249, 250)","id":"default-theme@mozilla.org","version":"1.0"}},"lwtStyles":{"id":"default-theme@mozilla.org","version":"1.0"},"lwtDarkStyles":{"accentcolor":"hsl(240, 5%, 5%)","icon_color":"rgb(249, 249, 250, 0.7)","ntp_background":"#2A2A2E","ntp_text":"rgb(249, 249, 250)","popup":"#4a4a4f","popup_border":"#27272b","popup_text":"rgb(249, 249, 250)","sidebar":"#38383D","sidebar_border":"rgba(255, 255, 255, 0.1)","sidebar_text":"rgb(249, 249, 250)","textcolor":"rgb(249, 249, 250)","tab_line":"#0a84ff","toolbarColor":"hsl(240, 1%, 20%)","toolbar_bottom_separator":"hsl(240, 5%, 5%)","toolbar_field":"rgb(71, 71, 73)","toolbar_field_border":"rgba(249, 249, 250, 0.2)","toolbar_field_separator":"#5F6670","toolbar_field_text":"rgb(249, 249, 250)","id":"default-theme@mozilla.org","version":"1.0"}}},"firefox-compact-light@mozilla.org":{"dependencies":[],"enabled":false,"loader":null,"path":null,"rootURI":"resource:///modules/themes/light/","runInSafeMode":true,"telemetryKey":"firefox-compact-light%40mozilla.org:1.0","version":"1.0","type":"theme"},"firefox-compact-dark@mozilla.org":{"dependencies":[],"enabled":false,"loader":null,"path":null,"rootURI":"resource:///modules/themes/dark/","runInSafeMode":true,"telemetryKey":"firefox-compact-dark%40mozilla.org:1.0","version":"1.0","type":"theme"},"google@search.mozilla.org":{"dependencies":[],"enabled":true,"loader":null,"path":null,"rootURI":"resource://search-extensions/google/","runInSafeMode":true,"telemetryKey":"google%40search.mozilla.org:1.0","version":"1.0"},"amazondotcom@search.mozilla.org":{"dependencies":[],"enabled":true,"loader":null,"path":null,"rootURI":"resource://search-extensions/amazondotcom/","runInSafeMode":true,"telemetryKey":"amazondotcom%40search.mozilla.org:1.1","version":"1.1"},"bing@search.mozilla.org":{"dependencies":[],"enabled":true,"loader":null,"path":null,"rootURI":"resource://search-extensions/bing/","runInSafeMode":true,"telemetryKey":"bing%40search.mozilla.org:1.0","version":"1.0"}},"staged":{}}: null
1601875724849	addons.xpi	DEBUG	Updating XPIState for {"id":"ddg@search.mozilla.org","syncGUID":"{ebe592ef-b1c5-4601-85fa-169e5ca6840b}","version":"1.0","type":"extension","loader":null,"updateURL":null,"optionsURL":null,"optionsType":null,"optionsBrowserStyle":true,"aboutURL":null,"defaultLocale":{"name":"DuckDuckGo","description":"Search DuckDuckGo","creator":null,"developers":null,"translators":null,"contributors":null},"visible":true,"active":true,"userDisabled":false,"appDisabled":false,"installDate":1601875724848,"applyBackgroundUpdates":1,"path":null,"skinnable":false,"sourceURI":null,"releaseNotesURI":null,"softDisabled":false,"foreignInstall":false,"strictCompatibility":true,"locales":[],"targetApplications":[{"id":"toolkit@mozilla.org","minVersion":null,"maxVersion":null}],"targetPlatforms":[],"seen":true,"dependencies":[],"incognito":"spanning","userPermissions":{"permissions":[],"origins":[]},"icons":{"16":"favicon.ico"},"iconURL":null,"blocklistState":0,"blocklistURL":null,"startupData":null,"hidden":true,"installTelemetryInfo":null,"recommendationState":null,"rootURI":"resource://search-extensions/ddg/","location":"app-builtin"}
1601875724849	addons.xpi	DEBUG	Loading bootstrap scope from resource://search-extensions/ddg/
1601875724849	addons.xpi	DEBUG	Calling bootstrap method install on ddg@search.mozilla.org version 1.0
1601875724849	addons.xpi	DEBUG	Calling bootstrap method startup on ddg@search.mozilla.org version 1.0
1601875724883	addons.xpi-utils	DEBUG	Make addon app-builtin:ebay@search.mozilla.org visible
1601875724883	addons.xpi	DEBUG	XPIStates adding add-on ebay@search.mozilla.org in {"addons":{"default-theme@mozilla.org":{"dependencies":[],"enabled":true,"loader":null,"path":null,"rootURI":"resource://gre/modules/themes/default/","runInSafeMode":true,"telemetryKey":"default-theme%40mozilla.org:1.0","version":"1.0","type":"theme","startupData":{"lwtData":{"theme":{"id":"default-theme@mozilla.org","version":"1.0"},"darkTheme":{"accentcolor":"hsl(240, 5%, 5%)","icon_color":"rgb(249, 249, 250, 0.7)","ntp_background":"#2A2A2E","ntp_text":"rgb(249, 249, 250)","popup":"#4a4a4f","popup_border":"#27272b","popup_text":"rgb(249, 249, 250)","sidebar":"#38383D","sidebar_border":"rgba(255, 255, 255, 0.1)","sidebar_text":"rgb(249, 249, 250)","textcolor":"rgb(249, 249, 250)","tab_line":"#0a84ff","toolbarColor":"hsl(240, 1%, 20%)","toolbar_bottom_separator":"hsl(240, 5%, 5%)","toolbar_field":"rgb(71, 71, 73)","toolbar_field_border":"rgba(249, 249, 250, 0.2)","toolbar_field_separator":"#5F6670","toolbar_field_text":"rgb(249, 249, 250)","id":"default-theme@mozilla.org","version":"1.0"}},"lwtStyles":{"id":"default-theme@mozilla.org","version":"1.0"},"lwtDarkStyles":{"accentcolor":"hsl(240, 5%, 5%)","icon_color":"rgb(249, 249, 250, 0.7)","ntp_background":"#2A2A2E","ntp_text":"rgb(249, 249, 250)","popup":"#4a4a4f","popup_border":"#27272b","popup_text":"rgb(249, 249, 250)","sidebar":"#38383D","sidebar_border":"rgba(255, 255, 255, 0.1)","sidebar_text":"rgb(249, 249, 250)","textcolor":"rgb(249, 249, 250)","tab_line":"#0a84ff","toolbarColor":"hsl(240, 1%, 20%)","toolbar_bottom_separator":"hsl(240, 5%, 5%)","toolbar_field":"rgb(71, 71, 73)","toolbar_field_border":"rgba(249, 249, 250, 0.2)","toolbar_field_separator":"#5F6670","toolbar_field_text":"rgb(249, 249, 250)","id":"default-theme@mozilla.org","version":"1.0"}}},"firefox-compact-light@mozilla.org":{"dependencies":[],"enabled":false,"loader":null,"path":null,"rootURI":"resource:///modules/themes/light/","runInSafeMode":true,"telemetryKey":"firefox-compact-light%40mozilla.org:1.0","version":"1.0","type":"theme"},"firefox-compact-dark@mozilla.org":{"dependencies":[],"enabled":false,"loader":null,"path":null,"rootURI":"resource:///modules/themes/dark/","runInSafeMode":true,"telemetryKey":"firefox-compact-dark%40mozilla.org:1.0","version":"1.0","type":"theme"},"google@search.mozilla.org":{"dependencies":[],"enabled":true,"loader":null,"path":null,"rootURI":"resource://search-extensions/google/","runInSafeMode":true,"telemetryKey":"google%40search.mozilla.org:1.0","version":"1.0"},"amazondotcom@search.mozilla.org":{"dependencies":[],"enabled":true,"loader":null,"path":null,"rootURI":"resource://search-extensions/amazondotcom/","runInSafeMode":true,"telemetryKey":"amazondotcom%40search.mozilla.org:1.1","version":"1.1"},"bing@search.mozilla.org":{"dependencies":[],"enabled":true,"loader":null,"path":null,"rootURI":"resource://search-extensions/bing/","runInSafeMode":true,"telemetryKey":"bing%40search.mozilla.org:1.0","version":"1.0"},"ddg@search.mozilla.org":{"dependencies":[],"enabled":true,"loader":null,"path":null,"rootURI":"resource://search-extensions/ddg/","runInSafeMode":true,"telemetryKey":"ddg%40search.mozilla.org:1.0","version":"1.0"}},"staged":{}}: null
1601875724883	addons.xpi	DEBUG	Updating XPIState for {"id":"ebay@search.mozilla.org","syncGUID":"{275f82c7-41fa-4c73-bc63-6ff82202e99a}","version":"1.0","type":"extension","loader":null,"updateURL":null,"optionsURL":null,"optionsType":null,"optionsBrowserStyle":true,"aboutURL":null,"defaultLocale":{"name":"eBay","description":"eBay - Online auctions","creator":null,"developers":null,"translators":null,"contributors":null},"visible":true,"active":true,"userDisabled":false,"appDisabled":false,"installDate":1601875724883,"applyBackgroundUpdates":1,"path":null,"skinnable":false,"sourceURI":null,"releaseNotesURI":null,"softDisabled":false,"foreignInstall":false,"strictCompatibility":true,"locales":[{"name":"eBay","description":"eBay - Online auctions","creator":null,"developers":null,"translators":null,"contributors":null,"locales":["en"]},{"name":"eBay","description":"eBay - Online auctions","creator":null,"developers":null,"translators":null,"contributors":null,"locales":["ie"]},{"name":"eBay","description":"eBay - Online auctions","creator":null,"developers":null,"translators":null,"contributors":null,"locales":["uk"]},{"name":"eBay","description":"eBay - Online auctions","creator":null,"developers":null,"translators":null,"contributors":null,"locales":["it"]},{"name":"eBay","description":"eBay - Online auctions","creator":null,"developers":null,"translators":null,"contributors":null,"locales":["de"]},{"name":"eBay","description":"eBay - Online auctions","creator":null,"developers":null,"translators":null,"contributors":null,"locales":["ca"]},{"name":"eBay","description":"eBay - Online auctions","creator":null,"developers":null,"translators":null,"contributors":null,"locales":["ch"]},{"name":"eBay","description":"eBay - Online auctions","creator":null,"developers":null,"translators":null,"contributors":null,"locales":["at"]},{"name":"eBay","description":"eBay - Online auctions","creator":null,"developers":null,"translators":null,"contributors":null,"locales":["au"]},{"name":"eBay","description":"eBay - Online auctions","creator":null,"developers":null,"translators":null,"contributors":null,"locales":["be"]},{"name":"eBay","description":"eBay - Online auctions","creator":null,"developers":null,"translators":null,"contributors":null,"locales":["nl"]},{"name":"eBay","description":"eBay - Online auctions","creator":null,"developers":null,"translators":null,"contributors":null,"locales":["fr"]},{"name":"eBay","description":"eBay - Online auctions","creator":null,"developers":null,"translators":null,"contributors":null,"locales":["es"]}],"targetApplications":[{"id":"toolkit@mozilla.org","minVersion":null,"maxVersion":null}],"targetPlatforms":[],"seen":true,"dependencies":[],"incognito":"spanning","userPermissions":{"permissions":[],"origins":[]},"icons":{"16":"favicon.ico"},"iconURL":null,"blocklistState":0,"blocklistURL":null,"startupData":null,"hidden":true,"installTelemetryInfo":null,"recommendationState":null,"rootURI":"resource://search-extensions/ebay/","location":"app-builtin"}
1601875724883	addons.xpi	DEBUG	Loading bootstrap scope from resource://search-extensions/ebay/
1601875724883	addons.xpi	DEBUG	Calling bootstrap method install on ebay@search.mozilla.org version 1.0
1601875724884	addons.xpi	DEBUG	Calling bootstrap method startup on ebay@search.mozilla.org version 1.0
1601875724913	addons.xpi-utils	DEBUG	Make addon app-builtin:twitter@search.mozilla.org visible
1601875724913	addons.xpi	DEBUG	XPIStates adding add-on twitter@search.mozilla.org in {"addons":{"default-theme@mozilla.org":{"dependencies":[],"enabled":true,"loader":null,"path":null,"rootURI":"resource://gre/modules/themes/default/","runInSafeMode":true,"telemetryKey":"default-theme%40mozilla.org:1.0","version":"1.0","type":"theme","startupData":{"lwtData":{"theme":{"id":"default-theme@mozilla.org","version":"1.0"},"darkTheme":{"accentcolor":"hsl(240, 5%, 5%)","icon_color":"rgb(249, 249, 250, 0.7)","ntp_background":"#2A2A2E","ntp_text":"rgb(249, 249, 250)","popup":"#4a4a4f","popup_border":"#27272b","popup_text":"rgb(249, 249, 250)","sidebar":"#38383D","sidebar_border":"rgba(255, 255, 255, 0.1)","sidebar_text":"rgb(249, 249, 250)","textcolor":"rgb(249, 249, 250)","tab_line":"#0a84ff","toolbarColor":"hsl(240, 1%, 20%)","toolbar_bottom_separator":"hsl(240, 5%, 5%)","toolbar_field":"rgb(71, 71, 73)","toolbar_field_border":"rgba(249, 249, 250, 0.2)","toolbar_field_separator":"#5F6670","toolbar_field_text":"rgb(249, 249, 250)","id":"default-theme@mozilla.org","version":"1.0"}},"lwtStyles":{"id":"default-theme@mozilla.org","version":"1.0"},"lwtDarkStyles":{"accentcolor":"hsl(240, 5%, 5%)","icon_color":"rgb(249, 249, 250, 0.7)","ntp_background":"#2A2A2E","ntp_text":"rgb(249, 249, 250)","popup":"#4a4a4f","popup_border":"#27272b","popup_text":"rgb(249, 249, 250)","sidebar":"#38383D","sidebar_border":"rgba(255, 255, 255, 0.1)","sidebar_text":"rgb(249, 249, 250)","textcolor":"rgb(249, 249, 250)","tab_line":"#0a84ff","toolbarColor":"hsl(240, 1%, 20%)","toolbar_bottom_separator":"hsl(240, 5%, 5%)","toolbar_field":"rgb(71, 71, 73)","toolbar_field_border":"rgba(249, 249, 250, 0.2)","toolbar_field_separator":"#5F6670","toolbar_field_text":"rgb(249, 249, 250)","id":"default-theme@mozilla.org","version":"1.0"}}},"firefox-compact-light@mozilla.org":{"dependencies":[],"enabled":false,"loader":null,"path":null,"rootURI":"resource:///modules/themes/light/","runInSafeMode":true,"telemetryKey":"firefox-compact-light%40mozilla.org:1.0","version":"1.0","type":"theme"},"firefox-compact-dark@mozilla.org":{"dependencies":[],"enabled":false,"loader":null,"path":null,"rootURI":"resource:///modules/themes/dark/","runInSafeMode":true,"telemetryKey":"firefox-compact-dark%40mozilla.org:1.0","version":"1.0","type":"theme"},"google@search.mozilla.org":{"dependencies":[],"enabled":true,"loader":null,"path":null,"rootURI":"resource://search-extensions/google/","runInSafeMode":true,"telemetryKey":"google%40search.mozilla.org:1.0","version":"1.0"},"amazondotcom@search.mozilla.org":{"dependencies":[],"enabled":true,"loader":null,"path":null,"rootURI":"resource://search-extensions/amazondotcom/","runInSafeMode":true,"telemetryKey":"amazondotcom%40search.mozilla.org:1.1","version":"1.1"},"bing@search.mozilla.org":{"dependencies":[],"enabled":true,"loader":null,"path":null,"rootURI":"resource://search-extensions/bing/","runInSafeMode":true,"telemetryKey":"bing%40search.mozilla.org:1.0","version":"1.0"},"ddg@search.mozilla.org":{"dependencies":[],"enabled":true,"loader":null,"path":null,"rootURI":"resource://search-extensions/ddg/","runInSafeMode":true,"telemetryKey":"ddg%40search.mozilla.org:1.0","version":"1.0"},"ebay@search.mozilla.org":{"dependencies":[],"enabled":true,"loader":null,"path":null,"rootURI":"resource://search-extensions/ebay/","runInSafeMode":true,"telemetryKey":"ebay%40search.mozilla.org:1.0","version":"1.0"}},"staged":{}}: null
1601875724913	addons.xpi	DEBUG	Updating XPIState for {"id":"twitter@search.mozilla.org","syncGUID":"{362a03c9-13b6-48a2-ba1b-58d8ed6be91b}","version":"1.0","type":"extension","loader":null,"updateURL":null,"optionsURL":null,"optionsType":null,"optionsBrowserStyle":true,"aboutURL":null,"defaultLocale":{"name":"Twitter","description":"Realtime Twitter Search","creator":null,"developers":null,"translators":null,"contributors":null},"visible":true,"active":true,"userDisabled":false,"appDisabled":false,"installDate":1601875724913,"applyBackgroundUpdates":1,"path":null,"skinnable":false,"sourceURI":null,"releaseNotesURI":null,"softDisabled":false,"foreignInstall":false,"strictCompatibility":true,"locales":[{"name":"Twitter","description":"Realtime Twitter Search","creator":null,"developers":null,"translators":null,"contributors":null,"locales":["en"]},{"name":"Twitter","description":"ãƒªã‚¢ãƒ«ã‚¿ã‚¤ãƒ  Twitter æ¤œç´¢","creator":null,"developers":null,"translators":null,"contributors":null,"locales":["ja"]}],"targetApplications":[{"id":"toolkit@mozilla.org","minVersion":null,"maxVersion":null}],"targetPlatforms":[],"seen":true,"dependencies":[],"incognito":"spanning","userPermissions":{"permissions":[],"origins":[]},"icons":{"16":"favicon.ico"},"iconURL":null,"blocklistState":0,"blocklistURL":null,"startupData":null,"hidden":true,"installTelemetryInfo":null,"recommendationState":null,"rootURI":"resource://search-extensions/twitter/","location":"app-builtin"}
1601875724914	addons.xpi	DEBUG	Loading bootstrap scope from resource://search-extensions/twitter/
1601875724914	addons.xpi	DEBUG	Calling bootstrap method install on twitter@search.mozilla.org version 1.0
1601875724914	addons.xpi	DEBUG	Calling bootstrap method startup on twitter@search.mozilla.org version 1.0
1601875724944	addons.xpi-utils	DEBUG	Make addon app-builtin:wikipedia@search.mozilla.org visible
1601875724944	addons.xpi	DEBUG	XPIStates adding add-on wikipedia@search.mozilla.org in {"addons":{"default-theme@mozilla.org":{"dependencies":[],"enabled":true,"loader":null,"path":null,"rootURI":"resource://gre/modules/themes/default/","runInSafeMode":true,"telemetryKey":"default-theme%40mozilla.org:1.0","version":"1.0","type":"theme","startupData":{"lwtData":{"theme":{"id":"default-theme@mozilla.org","version":"1.0"},"darkTheme":{"accentcolor":"hsl(240, 5%, 5%)","icon_color":"rgb(249, 249, 250, 0.7)","ntp_background":"#2A2A2E","ntp_text":"rgb(249, 249, 250)","popup":"#4a4a4f","popup_border":"#27272b","popup_text":"rgb(249, 249, 250)","sidebar":"#38383D","sidebar_border":"rgba(255, 255, 255, 0.1)","sidebar_text":"rgb(249, 249, 250)","textcolor":"rgb(249, 249, 250)","tab_line":"#0a84ff","toolbarColor":"hsl(240, 1%, 20%)","toolbar_bottom_separator":"hsl(240, 5%, 5%)","toolbar_field":"rgb(71, 71, 73)","toolbar_field_border":"rgba(249, 249, 250, 0.2)","toolbar_field_separator":"#5F6670","toolbar_field_text":"rgb(249, 249, 250)","id":"default-theme@mozilla.org","version":"1.0"}},"lwtStyles":{"id":"default-theme@mozilla.org","version":"1.0"},"lwtDarkStyles":{"accentcolor":"hsl(240, 5%, 5%)","icon_color":"rgb(249, 249, 250, 0.7)","ntp_background":"#2A2A2E","ntp_text":"rgb(249, 249, 250)","popup":"#4a4a4f","popup_border":"#27272b","popup_text":"rgb(249, 249, 250)","sidebar":"#38383D","sidebar_border":"rgba(255, 255, 255, 0.1)","sidebar_text":"rgb(249, 249, 250)","textcolor":"rgb(249, 249, 250)","tab_line":"#0a84ff","toolbarColor":"hsl(240, 1%, 20%)","toolbar_bottom_separator":"hsl(240, 5%, 5%)","toolbar_field":"rgb(71, 71, 73)","toolbar_field_border":"rgba(249, 249, 250, 0.2)","toolbar_field_separator":"#5F6670","toolbar_field_text":"rgb(249, 249, 250)","id":"default-theme@mozilla.org","version":"1.0"}}},"firefox-compact-light@mozilla.org":{"dependencies":[],"enabled":false,"loader":null,"path":null,"rootURI":"resource:///modules/themes/light/","runInSafeMode":true,"telemetryKey":"firefox-compact-light%40mozilla.org:1.0","version":"1.0","type":"theme"},"firefox-compact-dark@mozilla.org":{"dependencies":[],"enabled":false,"loader":null,"path":null,"rootURI":"resource:///modules/themes/dark/","runInSafeMode":true,"telemetryKey":"firefox-compact-dark%40mozilla.org:1.0","version":"1.0","type":"theme"},"google@search.mozilla.org":{"dependencies":[],"enabled":true,"loader":null,"path":null,"rootURI":"resource://search-extensions/google/","runInSafeMode":true,"telemetryKey":"google%40search.mozilla.org:1.0","version":"1.0"},"amazondotcom@search.mozilla.org":{"dependencies":[],"enabled":true,"loader":null,"path":null,"rootURI":"resource://search-extensions/amazondotcom/","runInSafeMode":true,"telemetryKey":"amazondotcom%40search.mozilla.org:1.1","version":"1.1"},"bing@search.mozilla.org":{"dependencies":[],"enabled":true,"loader":null,"path":null,"rootURI":"resource://search-extensions/bing/","runInSafeMode":true,"telemetryKey":"bing%40search.mozilla.org:1.0","version":"1.0"},"ddg@search.mozilla.org":{"dependencies":[],"enabled":true,"loader":null,"path":null,"rootURI":"resource://search-extensions/ddg/","runInSafeMode":true,"telemetryKey":"ddg%40search.mozilla.org:1.0","version":"1.0"},"ebay@search.mozilla.org":{"dependencies":[],"enabled":true,"loader":null,"path":null,"rootURI":"resource://search-extensions/ebay/","runInSafeMode":true,"telemetryKey":"ebay%40search.mozilla.org:1.0","version":"1.0"},"twitter@search.mozilla.org":{"dependencies":[],"enabled":true,"loader":null,"path":null,"rootURI":"resource://search-extensions/twitter/","runInSafeMode":true,"telemetryKey":"twitter%40search.mozilla.org:1.0","version":"1.0"}},"staged":{}}: null
1601875724945	addons.xpi	DEBUG	Updating XPIState for {"id":"wikipedia@search.mozilla.org","syncGUID":"{f9de010c-a02b-4d1b-be1f-c12a7c10dca6}","version":"1.0","type":"extension","loader":null,"updateURL":null,"optionsURL":null,"optionsType":null,"optionsBrowserStyle":true,"aboutURL":null,"defaultLocale":{"name":"Wikipedia (en)","description":"Wikipedia, the Free Encyclopedia","creator":null,"developers":null,"translators":null,"contributors":null},"visible":true,"active":true,"userDisabled":false,"appDisabled":false,"installDate":1601875724944,"applyBackgroundUpdates":1,"path":null,"skinnable":false,"sourceURI":null,"releaseNotesURI":null,"softDisabled":false,"foreignInstall":false,"strictCompatibility":true,"locales":[{"name":"Wikipedia (en)","description":"Wikipedia, the Free Encyclopedia","creator":null,"developers":null,"translators":null,"contributors":null,"locales":["en"]},{"name":"Wikipedija (hr)","description":"Wikipedija, slobodna enciklopedija","creator":null,"developers":null,"translators":null,"contributors":null,"locales":["hr"]},{"name":"Wikipedia (fi)","description":"Wikipedia (fi), vapaa tietosanakirja","creator":null,"developers":null,"translators":null,"contributors":null,"locales":["fi"]},{"name":"Wikipedia (hy)","description":"ÕŽÕ«Ö„Õ«ÖƒÕ¥Õ¤Õ«Õ¡Õ� Õ¡Õ¦Õ¡Õ¿ Õ°Õ¡Õ¶Ö€Õ¡Õ£Õ«Õ¿Õ¡Ö€Õ¡Õ¶","creator":null,"developers":null,"translators":null,"contributors":null,"locales":["hy"]},{"name":"Ð£Ð¸ÐºÐ¸Ð¿ÐµÐ´Ð¸Ñ� (kk)","description":"Ð£Ð¸ÐºÐ¸Ð¿ÐµÐ´Ð¸Ñ� (kk)","creator":null,"developers":null,"translators":null,"contributors":null,"locales":["kk"]},{"name":"Ð’Ñ–ÐºÑ–Ð¿ÐµÐ´Ñ‹Ñ� (be)","description":"Ð’Ñ–ÐºÑ–Ð¿ÐµÐ´Ñ‹Ñ�, Ñ�Ð²Ð°Ð±Ð¾Ð´Ð½Ð°Ñ� Ñ�Ð½Ñ†Ñ‹ÐºÐ»Ð°Ð¿ÐµÐ´Ñ‹Ñ�","creator":null,"developers":null,"translators":null,"contributors":null,"locales":["be"]},{"name":"ìœ„í‚¤ë°±ê³¼ (ko)","description":"Wikipedia, the free encyclopedia","creator":null,"developers":null,"translators":null,"contributors":null,"locales":["kr"]},{"name":"Wikipedia (ro)","description":"Wikipedia, enciclopedia liberÄƒ","creator":null,"developers":null,"translators":null,"contributors":null,"locales":["ro"]},{"name":"Wikipedia (bs)","description":"Slobodna enciklopedija","creator":null,"developers":null,"translators":null,"contributors":null,"locales":["bs"]},{"name":"Wikipedia (pt)","description":"WikipÃ©dia, a enciclopÃ©dia livre","creator":null,"developers":null,"translators":null,"contributors":null,"locales":["pt"]},{"name":"VikipetÃ£ (gn)","description":"VikipetÃ£, opaite tembikuaa hekosÃ£sÃ³va renda","creator":null,"developers":null,"translators":null,"contributors":null,"locales":["gn"]},{"name":"àªµàª¿àª•àª¿àªªà«€àª¡àª¿àª¯àª¾ (gu)","description":"àªµà«€àª•à«€àªªà«€àª¡àª¿àª¯àª¾, àª®à«�àª•à«�àª¤ àª�àª¨àª¸àª¾àª¯àª•à«�àª²à«‹àªªà«€àª¡àª¿àª¯àª¾","creator":null,"developers":null,"translators":null,"contributors":null,"locales":["gu"]},{"name":"Wikipedia (el)","description":"Î’Î¹ÎºÎ¹Ï€Î±Î¯Î´ÎµÎ¹Î±, Î· ÎµÎ»ÎµÏ�Î¸ÎµÏ�Î· ÎµÎ³ÎºÏ…ÎºÎ»Î¿Ï€Î±Î¯Î´ÎµÎ¹Î±","creator":null,"developers":null,"translators":null,"contributors":null,"locales":["el"]},{"name":"Wikipedia (es)","description":"Wikipedia, la enciclopedia libre","creator":null,"developers":null,"translators":null,"contributors":null,"locales":["es"]},{"name":"×•×™×§×™×¤×“×™×”","description":"×•×™×§×™×¤×“×™×”","creator":null,"developers":null,"translators":null,"contributors":null,"locales":["he"]},{"name":"Wikipedia (da)","description":"Wikipedia, den frie encyklopÃ¦di","creator":null,"developers":null,"translators":null,"contributors":null,"locales":["da"]},{"name":"Wikipedia (tr)","description":"Vikipedi, Ã¶zgÃ¼r ansiklopedi","creator":null,"developers":null,"translators":null,"contributors":null,"locales":["tr"]},{"name":"Wikipedija (hsb)","description":"Wikipedija, swobodna encyklopedija","creator":null,"developers":null,"translators":null,"contributors":null,"locales":["hsb"]},{"name":"Wikipedy (fy)","description":"De fergese ensyklopedy","creator":null,"developers":null,"translators":null,"contributors":null,"locales":["fy-NL"]},{"name":"à¤µà¤¿à¤•à¤¿à¤ªà¥€à¤¡à¤¿à¤¯à¤¾ (ne)","description":"à¤µà¤¿à¤•à¤¿à¤ªà¤¿à¤¡à¤¿à¤¯à¤¾ à¤�à¤• à¤¸à¥�à¤µà¤¤à¤¨à¥�à¤¤à¥�à¤° à¤µà¤¿à¤¶à¥�à¤µà¤•à¥‹à¤·","creator":null,"developers":null,"translators":null,"contributors":null,"locales":["ne"]},{"name":"Wikipedia (nl)","description":"De vrije encyclopedie","creator":null,"developers":null,"translators":null,"contributors":null,"locales":["nl"]},{"name":"Wikipedia (ja)","description":"Wikipedia - ãƒ•ãƒªãƒ¼ç™¾ç§‘äº‹å…¸","creator":null,"developers":null,"translators":null,"contributors":null,"locales":["ja"]},{"name":"Vikipeedia (et)","description":"Vikipeedia, vaba entsÃ¼klopeedia","creator":null,"developers":null,"translators":null,"contributors":null,"locales":["et"]},{"name":"WikipÃ¨dia (oc)","description":"WikipÃ¨dia, l'enciclopÃ¨dia liura","creator":null,"developers":null,"translators":null,"contributors":null,"locales":["oc"]},{"name":"Wicipedia (cy)","description":"Wicipedia, Y Gwyddioniadur Rhydd","creator":null,"developers":null,"translators":null,"contributors":null,"locales":["cy"]},{"name":"à°µà°¿à°•à±€à°ªà±€à°¡à°¿à°¯à°¾ (te)","description":"à°µà°¿à°•à±€à°ªà±€à°¡à°¿à°¯à°¾ (te)","creator":null,"developers":null,"translators":null,"contributors":null,"locales":["te"]},{"name":"WikipÃ©dia (fr)","description":"WikipÃ©dia, l'encyclopÃ©die libre","creator":null,"developers":null,"translators":null,"contributors":null,"locales":["fr"]},{"name":"Wikipedia (tl)","description":"Wikipedia, ang malayang ensiklopedya","creator":null,"developers":null,"translators":null,"contributors":null,"locales":["tl"]},{"name":"ç»´åŸºç™¾ç§‘","description":"ç»´åŸºç™¾ç§‘ï¼Œè‡ªç”±çš„ç™¾ç§‘å…¨ä¹¦","creator":null,"developers":null,"translators":null,"contributors":null,"locales":["zh-CN"]},{"name":"Wikipedia (lij)","description":"Wikipedia, l'enciclopedia libera","creator":null,"developers":null,"translators":null,"contributors":null,"locales":["lij"]},{"name":"ážœáž¸áž‚áž¸áž—áž¸ážŒáž¶ (km)","description":"ážœáž¸áž‚áž¸áž—áž¸ážŒáž¶ ážŸáž–áŸ’ážœâ€‹ážœáž…áž“áž¶â€‹áž’áž·áž”áŸ’áž”áž¶áž™â€‹ážŸáŸ�ážšáž¸","creator":null,"developers":null,"translators":null,"contributors":null,"locales":["km"]},{"name":"Ð£Ð¸ÐºÐ¸Ð¿ÐµÐ´Ð¸Ñ� (bg)","description":"Ð£Ð¸ÐºÐ¸Ð¿ÐµÐ´Ð¸Ñ�, Ñ�Ð²Ð¾Ð±Ð¾Ð´Ð½Ð°Ñ‚Ð° ÐµÐ½Ñ†Ð¸ÐºÐ»Ð¾Ð¿Ð¾Ð´Ð¸Ñ�","creator":null,"developers":null,"translators":null,"contributors":null,"locales":["bg"]},{"name":"Wikipedia (id)","description":"Wikipedia, ensiklopedia bebas","creator":null,"developers":null,"translators":null,"contributors":null,"locales":["id"]},{"name":"Wikipedia (pa)","description":"à¨µà¨¿à¨•à¨¿à¨ªà©€à¨¡à¨¿à¨†, à¨®à©�à¨«à¨¼à¨¤/à¨®à©�à¨•à¨¤ à¨¸à¨¼à¨¬à¨¦à¨•à©‹à¨¸à¨¼","creator":null,"developers":null,"translators":null,"contributors":null,"locales":["pa"]},{"name":"à¦‰à¦‡à¦•à¦¿à¦ªà¦¿à¦¡à¦¿à§Ÿà¦¾ (bn)","description":"à¦‰à¦‡à¦•à¦¿à¦ªà¦¿à¦¡à¦¿à§Ÿà¦¾, à¦®à§�à¦•à§�à¦¤ à¦¬à¦¿à¦¶à§�à¦¬à¦•à§‹à¦·","creator":null,"developers":null,"translators":null,"contributors":null,"locales":["bn"]},{"name":"Vikipediya (crh)","description":"Vikipediya, Azat Entsiklopediya","creator":null,"developers":null,"translators":null,"contributors":null,"locales":["crh"]},{"name":"Wikipedia (eu)","description":"Wikipedia, entziklopedia askea","creator":null,"developers":null,"translators":null,"contributors":null,"locales":["eu"]},{"name":"Wikipedie (cs)","description":"Wikipedia, svobodnÃ¡ encyclopedie","creator":null,"developers":null,"translators":null,"contributors":null,"locales":["cz"]},{"name":"WikipÃ©dia (hu)","description":"Wikipedia, a szabad enciklopÃ©dia","creator":null,"developers":null,"translators":null,"contributors":null,"locales":["hu"]},{"name":"Wikipedia (or)","description":"à­±à¬¿à¬•à¬¿à¬ªà¬¿à¬¡à¬¼à¬¿à¬†  (à¬“à¬¡à¬¼à¬¿à¬†)","creator":null,"developers":null,"translators":null,"contributors":null,"locales":["or"]},{"name":"Wikipedia (kn)","description":"Wikipedia, the free encyclopedia","creator":null,"developers":null,"translators":null,"contributors":null,"locales":["kn"]},{"name":"Wikipedia (is)","description":"Wikipedia, the free encyclopedia","creator":null,"developers":null,"translators":null,"contributors":null,"locales":["is"]},{"name":"Ð’Ñ–ÐºÑ–Ð¿ÐµÐ´Ñ–Ñ� (uk)","description":"Ð’Ñ–ÐºÑ–Ð¿ÐµÐ´Ñ–Ñ�, Ð²Ñ–Ð»ÑŒÐ½Ð° ÐµÐ½Ñ†Ð¸ÐºÐ»Ð¾Ð¿ÐµÐ´Ñ–Ñ�","creator":null,"developers":null,"translators":null,"contributors":null,"locales":["uk"]},{"name":"Wikipedia (kab)","description":"Wikipedia, tasanayt tilellit","creator":null,"developers":null,"translators":null,"contributors":null,"locales":["kab"]},{"name":"Wikipedia (zh)","description":"ç¶­åŸºç™¾ç§‘ï¼Œè‡ªç”±çš„ç™¾ç§‘å…¨æ›¸","creator":null,"developers":null,"translators":null,"contributors":null,"locales":["zh-TW"]},{"name":"ÙˆÛŒÚ©ÛŒÙ¾ÛŒÚˆÛŒØ§ (ur)","description":"ÙˆÛŒÚ©ÛŒÙ¾ÛŒÚˆÛŒØ§ Ø¢Ø²Ø§Ø¯ Ø¯Ø§Ø¦Ø±Ûƒ Ø§Ù„Ù…Ø¹Ø§Ø±Ù�","creator":null,"developers":null,"translators":null,"contributors":null,"locales":["ur"]},{"name":"Vikipedio (eo)","description":"Vikipedio, la libera enciklopedio","creator":null,"developers":null,"translators":null,"contributors":null,"locales":["eo"]},{"name":"Wikipedia (si)","description":"Wikipedia, the free encyclopedia","creator":null,"developers":null,"translators":null,"contributors":null,"locales":["si"]},{"name":"ÙˆÙŠÙƒÙŠØ¨ÙŠØ¯ÙŠØ§ (ar)","description":"ÙˆÙŠÙƒÙŠØ¨ÙŠØ¯ÙŠØ§ (ar)","creator":null,"developers":null,"translators":null,"contributors":null,"locales":["ar"]},{"name":"Wikipedia (vi)","description":"Wikipedia, bÃ¡ch khoa toÃ n thÆ° má»Ÿ","creator":null,"developers":null,"translators":null,"contributors":null,"locales":["vi"]},{"name":"áƒ•áƒ˜áƒ™áƒ˜áƒžáƒ”áƒ“áƒ˜áƒ� (ka)","description":"áƒ•áƒ˜áƒ™áƒ˜áƒžáƒ”áƒ“áƒ˜áƒ�, áƒ—áƒ�áƒ•áƒ˜áƒ¡áƒ£áƒ¤áƒ�áƒšáƒ˜ áƒ”áƒœáƒªáƒ˜áƒ™áƒšáƒ�áƒžáƒ”áƒ“áƒ˜áƒ�","creator":null,"developers":null,"translators":null,"contributors":null,"locales":["ka"]},{"name":"Uicipeid (gd)","description":"Wikipedia, An leabhar mÃ²r-eÃ²lais","creator":null,"developers":null,"translators":null,"contributors":null,"locales":["gd"]},{"name":"Wikipedia (it)","description":"Wikipedia, l'enciclopedia libera","creator":null,"developers":null,"translators":null,"contributors":null,"locales":["it"]},{"name":"Vikipediya (uz)","description":"Vikipediya, ochiq ensiklopediya","creator":null,"developers":null,"translators":null,"contributors":null,"locales":["uz"]},{"name":"Wikipedia (lt)","description":"Vikipedija, laisvoji enciklopedija","creator":null,"developers":null,"translators":null,"contributors":null,"locales":["lt"]},{"name":"Wikipedia (sq)","description":"Wikipedia, enciklopedia e lirÃ«","creator":null,"developers":null,"translators":null,"contributors":null,"locales":["sq"]},{"name":"VicipÃ©id (ga)","description":"VicipÃ©id, an ChiclipÃ©id Shaor","creator":null,"developers":null,"translators":null,"contributors":null,"locales":["ga-IE"]},{"name":"à¤µà¤¿à¤•à¤¿à¤ªà¥€à¤¡à¤¿à¤¯à¤¾ (hi)","description":"à¤µà¤¿à¤•à¤¿à¤ªà¥€à¤¡à¤¿à¤¯à¤¾ (à¤¹à¤¿à¤¨à¥�à¤¦à¥€)","creator":null,"developers":null,"translators":null,"contributors":null,"locales":["hi"]},{"name":"Vikipedeja (ltg)","description":"VikipÄ“dija, breivuo eÅ†ciklopedeja","creator":null,"developers":null,"translators":null,"contributors":null,"locales":["ltg"]},{"name":"Wikipedia (as)","description":"à§±à¦¿à¦•à¦¿à¦ªà¦¿à¦¡à¦¿à¦¯à¦¼à¦¾, à¦�à¦–à¦¨ à¦®à§�à¦•à§�à¦¤ à¦¬à¦¿à¦¶à§�à¦¬à¦•à§‹à¦·","creator":null,"developers":null,"translators":null,"contributors":null,"locales":["as"]},{"name":"à®µà®¿à®•à¯�à®•à®¿à®ªà¯�à®ªà¯€à®Ÿà®¿à®¯à®¾ (ta)","description":"à®µà®¿à®•à¯�à®•à®¿à®ªà¯�à®ªà¯€à®Ÿà®¿à®¯à®¾ (ta)","creator":null,"developers":null,"translators":null,"contributors":null,"locales":["ta"]},{"name":"Vikipediya (az)","description":"Vikipediya, aÃ§Ä±q ensiklopediya","creator":null,"developers":null,"translators":null,"contributors":null,"locales":["az"]},{"name":"Ð’Ð¸ÐºÐ¸Ð¿ÐµÐ´Ð¸Ñ˜Ð° (mk)","description":"Ð’Ð¸ÐºÐ¸Ð¿ÐµÐ´Ð¸Ñ˜Ð°, Ñ�Ð»Ð¾Ð±Ð¾Ð´Ð½Ð°Ñ‚Ð° ÐµÐ½Ñ†Ð¸ÐºÐ»Ð¾Ð¿ÐµÐ´Ð¸Ñ˜Ð°","creator":null,"developers":null,"translators":null,"contributors":null,"locales":["mk"]},{"name":"à¸§à¸´à¸�à¸´à¸žà¸µà¹€à¸”à¸µà¸¢","description":"à¸§à¸´à¸�à¸´à¸žà¸µà¹€à¸”à¸µà¸¢ à¸ªà¸²à¸£à¸²à¸™à¸¸à¸�à¸£à¸¡à¹€à¸ªà¸£à¸µ","creator":null,"developers":null,"translators":null,"contributors":null,"locales":["th"]},{"name":"Wikipedia (de)","description":"Wikipedia, die freie EnzyklopÃ¤die","creator":null,"developers":null,"translators":null,"contributors":null,"locales":["de"]},{"name":"Wikipedija (dsb)","description":"Wikipedija, lichotna encyklopedija","creator":null,"developers":null,"translators":null,"contributors":null,"locales":["dsb"]},{"name":"à¤µà¤¿à¤•à¤¿à¤ªà¥€à¤¡à¤¿à¤¯à¤¾ (mr)","description":"à¤µà¤¿à¤•à¤¿à¤ªà¥€à¤¡à¤¿à¤¯à¤¾, à¤®à¥‹à¤«à¤¤ à¤®à¤¾à¤¹à¤¿à¤¤à¥€à¤•à¥‹à¤·","creator":null,"developers":null,"translators":null,"contributors":null,"locales":["mr"]},{"name":"Wikipedia (ast)","description":"La enciclopedia llibre","creator":null,"developers":null,"translators":null,"contributors":null,"locales":["ast"]},{"name":"Wikipedia (my)","description":"á€¡á€�á€™á€²á€·á€œá€½á€�á€ºá€œá€•á€ºá€…á€½á€šá€ºá€…á€¯á€¶á€€á€»á€™á€ºá€¸","creator":null,"developers":null,"translators":null,"contributors":null,"locales":["my"]},{"name":"Wikipedia (rm)","description":"Vichipedia, l'enciclopedia libra","creator":null,"developers":null,"translators":null,"contributors":null,"locales":["rm"]},{"name":"Wikipedia (nn)","description":"Wikipedia, det frie oppslagsverket","creator":null,"developers":null,"translators":null,"contributors":null,"locales":["NN"]},{"name":"Wikipedia (wo)","description":"Wikipedia, Jimbulang bu Ubbeeku bi","creator":null,"developers":null,"translators":null,"contributors":null,"locales":["wo"]},{"name":"Wikipedia (gl)","description":"Wikipedia, a enciclopedia libre","creator":null,"developers":null,"translators":null,"contributors":null,"locales":["gl"]},{"name":"ViquipÃ¨dia (ca)","description":"L'enciclopÃ¨dia lliure","creator":null,"developers":null,"translators":null,"contributors":null,"locales":["ca"]},{"name":"WikipÃ©dia (sk)","description":"WikipÃ©dia, slobodnÃ¡ a otvorenÃ¡ encyklopÃ©dia","creator":null,"developers":null,"translators":null,"contributors":null,"locales":["sk"]},{"name":"Ð’Ð¸ÐºÐ¸Ð¿ÐµÐ´Ð¸Ñ˜Ð° (sr)","description":"ÐŸÑ€ÐµÑ‚Ñ€Ð°Ð³Ð° Ð’Ð¸ÐºÐ¸Ð¿ÐµÐ´Ð¸Ñ˜Ðµ Ð½Ð° Ñ�Ñ€Ð¿Ñ�ÐºÐ¾Ð¼ Ñ˜ÐµÐ·Ð¸ÐºÑƒ","creator":null,"developers":null,"translators":null,"contributors":null,"locales":["sr"]},{"name":"Wikipedia (af)","description":"Wikipedia, die vrye ensiklopedie","creator":null,"developers":null,"translators":null,"contributors":null,"locales":["af"]},{"name":"ÙˆÛŒÚ©ÛŒâ€ŒÙ¾Ø¯ÛŒØ§ (fa)","description":"ÙˆÛŒÚ©ÛŒâ€ŒÙ¾Ø¯ÛŒØ§ØŒ Ø¯Ø§Ù†Ø´Ù†Ø§Ù…Ù‡Ù” Ø¢Ø²Ø§Ø¯","creator":null,"developers":null,"translators":null,"contributors":null,"locales":["fa"]},{"name":"à´µà´¿à´•àµ�à´•à´¿à´ªàµ€à´¡à´¿à´¯ (ml)","description":"à´µà´¿à´•àµ�à´•à´¿à´ªàµ€à´¡à´¿à´¯, à´¸àµ�à´µà´¤à´¨àµ�à´¤àµ�à´° à´¸à´°àµ�â€�à´µàµ�à´µà´µà´¿à´œàµ�à´žà´¾à´¨à´•àµ‹à´¶à´‚ ","creator":null,"developers":null,"translators":null,"contributors":null,"locales":["ml"]},{"name":"Wikipedia (ms)","description":"Wikipedia, ensiklopedia bebas","creator":null,"developers":null,"translators":null,"contributors":null,"locales":["ms"]},{"name":"Wikipedia (ia)","description":"Wikipedia, le encyclopedia libere","creator":null,"developers":null,"translators":null,"contributors":null,"locales":["ia"]},{"name":"Wikipedia (no)","description":"Wikipedia, den frie encyklopedi","creator":null,"developers":null,"translators":null,"contributors":null,"locales":["NO"]},{"name":"Ð’Ð¸ÐºÐ¸Ð¿ÐµÐ´Ð¸Ñ� (ru)","description":"Ð’Ð¸ÐºÐ¸Ð¿ÐµÐ´Ð¸Ñ�, Ñ�Ð²Ð¾Ð±Ð¾Ð´Ð½Ð°Ñ� Ñ�Ð½Ñ†Ð¸ÐºÐ»Ð¾Ð¿ÐµÐ´Ð¸Ñ�","creator":null,"developers":null,"translators":null,"contributors":null,"locales":["ru"]},{"name":"Wikipedia (br)","description":"Wikipedia, an holloueziadur digor","creator":null,"developers":null,"translators":null,"contributors":null,"locales":["br"]},{"name":"Wikipedia (pl)","description":"Wikipedia, wolna encyklopedia","creator":null,"developers":null,"translators":null,"contributors":null,"locales":["pl"]},{"name":"Ð’Ñ–ÐºÑ–Ð¿Ñ�Ð´Ñ‹Ñ� (be-tarask)","description":"Ð’Ñ–ÐºÑ–Ð¿Ñ�Ð´Ñ‹Ñ�, Ð²Ð¾Ð»ÑŒÐ½Ð°Ñ� Ñ�Ð½Ñ†Ñ‹ÐºÐ»Ñ�Ð¿Ñ�Ð´Ñ‹Ñ�","creator":null,"developers":null,"translators":null,"contributors":null,"locales":["be-tarask"]},{"name":"Wikipedia (sv)","description":"Wikipedia, den fria encyklopedin","creator":null,"developers":null,"translators":null,"contributors":null,"locales":["sv-SE"]},{"name":"àº§àº´àº�àº´àºžàºµà»€àº”àº� (lo)","description":"àº§àº´àº�àº´àºžàºµà»€àº”àº�, àºªàº²àº¥àº²àº™àº¸àº�àº»àº¡à»€àºªàº¥àºµ","creator":null,"developers":null,"translators":null,"contributors":null,"locales":["lo"]},{"name":"Wikipedija (sl)","description":"Wikipedija, prosta enciklopedija","creator":null,"developers":null,"translators":null,"contributors":null,"locales":["sl"]},{"name":"VikipÄ“dija","description":"VikipÄ“dija, brÄ«vÄ� enciklopÄ“dija","creator":null,"developers":null,"translators":null,"contributors":null,"locales":["lv"]},{"name":"Biquipedia (an)","description":"A enciclopedia Libre","creator":null,"developers":null,"translators":null,"contributors":null,"locales":["an"]}],"targetApplications":[{"id":"toolkit@mozilla.org","minVersion":null,"maxVersion":null}],"targetPlatforms":[],"seen":true,"dependencies":[],"incognito":"spanning","userPermissions":{"permissions":[],"origins":[]},"icons":{"16":"favicon.ico"},"iconURL":null,"blocklistState":0,"blocklistURL":null,"startupData":null,"hidden":true,"installTelemetryInfo":null,"recommendationState":null,"rootURI":"resource://search-extensions/wikipedia/","location":"app-builtin"}
1601875724975	addons.xpi	DEBUG	Loading bootstrap scope from resource://search-extensions/wikipedia/
1601875724975	addons.xpi	DEBUG	Calling bootstrap method install on wikipedia@search.mozilla.org version 1.0
1601875724975	addons.xpi	DEBUG	Calling bootstrap method startup on wikipedia@search.mozilla.org version 1.0
1601875725027	Marionette	INFO	Listening on port 63756
1601875725117	Marionette	WARN	TLS certificate errors will be ignored for this session
Oct 05, 2020 10:58:45 AM org.openqa.selenium.remote.ProtocolHandshake createSession
INFO: Detected dialect: W3C
JavaScript error: resource://gre/modules/XULStore.jsm, line 66: Error: Can't find profile directory.
]]></system-err>
  </testcase>
  <testcase name="TCED38801" classname="Report.PssaAssessmentAnchors" time="0">
    <skipped/>
  </testcase>
  <testcase name="TCED38802" classname="Report.PssaAssessmentAnchors" time="0">
    <skipped/>
  </testcase>
  <testcase name="TCED38803" classname="Report.PssaAssessmentAnchors" time="0">
    <skipped/>
  </testcase>
  <testcase name="TCED38804" classname="Report.PssaAssessmentAnchors" time="0">
    <skipped/>
  </testcase>
  <testcase name="TCED38805" classname="Report.PssaAssessmentAnchors" time="0">
    <skipped/>
  </testcase>
  <testcase name="TCED38806" classname="Report.PssaAssessmentAnchors" time="0">
    <skipped/>
  </testcase>
  <testcase name="TCED38807" classname="Report.PssaAssessmentAnchors" time="0">
    <skipped/>
  </testcase>
  <testcase name="TCED38808" classname="Report.PssaAssessmentAnchors" time="0">
    <skipped/>
  </testcase>
  <testcase name="TCED38809" classname="Report.PssaAssessmentAnchors" time="0">
    <skipped/>
  </testcase>
  <testcase name="TCED38810" classname="Report.PssaAssessmentAnchors" time="0">
    <skipped/>
  </testcase>
  <testcase name="TCED38811" classname="Report.PssaAssessmentAnchors" time="0">
    <skipped/>
  </testcase>
  <testcase name="TCED38812" classname="Report.PssaAssessmentAnchors" time="0">
    <skipped/>
  </testcase>
  <testcase name="TCED38813" classname="Report.PssaAssessmentAnchors" time="0">
    <skipped/>
  </testcase>
  <testcase name="TCED38814" classname="Report.PssaAssessmentAnchors" time="0">
    <skipped/>
  </testcase>
  <testcase name="TCED38815" classname="Report.PssaAssessmentAnchors" time="0">
    <skipped/>
  </testcase>
  <testcase name="TCED38816" classname="Report.PssaAssessmentAnchors" time="0">
    <skipped/>
  </testcase>
  <testcase name="TCED38817" classname="Report.PssaAssessmentAnchors" time="0">
    <skipped/>
  </testcase>
  <testcase name="TCED38818" classname="Report.PssaAssessmentAnchors" time="0">
    <skipped/>
  </testcase>
  <testcase name="TCED38819" classname="Report.PssaAssessmentAnchors" time="0">
    <skipped/>
  </testcase>
  <testcase name="TCED38820" classname="Report.PssaAssessmentAnchors" time="0">
    <skipped/>
  </testcase>
  <testcase name="TCED38821" classname="Report.PssaAssessmentAnchors" time="0">
    <skipped/>
  </testcase>
  <testcase name="TCED38822" classname="Report.PssaAssessmentAnchors" time="0">
    <skipped/>
  </testcase>
  <testcase name="TCED38823" classname="Report.PssaAssessmentAnchors" time="0">
    <skipped/>
  </testcase>
  <testcase name="TCED38824" classname="Report.PssaAssessmentAnchors" time="0">
    <skipped/>
  </testcase>
  <testcase name="TCED38825" classname="Report.PssaAssessmentAnchors" time="0">
    <skipped/>
  </testcase>
  <testcase name="TCED38826" classname="Report.PssaAssessmentAnchors" time="0">
    <skipped/>
  </testcase>
  <testcase name="TCED38827" classname="Report.PssaAssessmentAnchors" time="0">
    <skipped/>
  </testcase>
  <testcase name="TCED38828" classname="Report.PssaAssessmentAnchors" time="0">
    <skipped/>
  </testcase>
  <testcase name="TCED38829" classname="Report.PssaAssessmentAnchors" time="0">
    <skipped/>
  </testcase>
  <testcase name="TCED38830" classname="Report.PssaAssessmentAnchors" time="0">
    <skipped/>
  </testcase>
  <testcase name="TCED38831" classname="Report.PssaAssessmentAnchors" time="0">
    <skipped/>
  </testcase>
  <testcase name="TCED38832" classname="Report.PssaAssessmentAnchors" time="0">
    <skipped/>
  </testcase>
  <testcase name="TCED38834" classname="Report.PssaAssessmentAnchors" time="0">
    <skipped/>
  </testcase>
  <testcase name="TCED38836" classname="Report.PssaAssessmentAnchors" time="0">
    <skipped/>
  </testcase>
  <testcase name="TCED38837" classname="Report.PssaAssessmentAnchors" time="0">
    <skipped/>
  </testcase>
  <testcase name="tearDown" classname="Report.PssaAssessmentAnchors" time="0">
    <skipped/>
  </testcase>
</testsuite>