<?xml version="1.0" encoding="UTF-8"?>
<testsuite name="TestSuite" time="303.808" tests="24" errors="0" skipped="0" failures="0">
  <properties>
    <property name="java.runtime.name" value="Java(TM) SE Runtime Environment"/>
    <property name="sun.boot.library.path" value="C:\Program Files\Java\jdk1.8.0_181\jre\bin"/>
    <property name="java.vm.version" value="25.181-b13"/>
    <property name="java.vm.vendor" value="Oracle Corporation"/>
    <property name="maven.multiModuleProjectDirectory" value="F:\Vofox-Webdriver\Edinsight"/>
    <property name="java.vendor.url" value="http://java.oracle.com/"/>
    <property name="path.separator" value=";"/>
    <property name="guice.disable.misplaced.annotation.check" value="true"/>
    <property name="java.vm.name" value="Java HotSpot(TM) 64-Bit Server VM"/>
    <property name="file.encoding.pkg" value="sun.io"/>
    <property name="user.script" value=""/>
    <property name="user.country" value="US"/>
    <property name="sun.java.launcher" value="SUN_STANDARD"/>
    <property name="sun.os.patch.level" value=""/>
    <property name="java.vm.specification.name" value="Java Virtual Machine Specification"/>
    <property name="user.dir" value="F:\Vofox-Webdriver\Edinsight"/>
    <property name="java.runtime.version" value="1.8.0_181-b13"/>
    <property name="java.awt.graphicsenv" value="sun.awt.Win32GraphicsEnvironment"/>
    <property name="java.endorsed.dirs" value="C:\Program Files\Java\jdk1.8.0_181\jre\lib\endorsed"/>
    <property name="os.arch" value="amd64"/>
    <property name="java.io.tmpdir" value="C:\Users\DEVELO~1\AppData\Local\Temp\"/>
    <property name="line.separator" value="&#10;"/>
    <property name="java.vm.specification.vendor" value="Oracle Corporation"/>
    <property name="user.variant" value=""/>
    <property name="os.name" value="Windows 10"/>
    <property name="classworlds.conf" value="E:\apache-maven-3.5.4\bin\..\bin\m2.conf"/>
    <property name="sun.jnu.encoding" value="Cp1252"/>
    <property name="java.library.path" value="C:\Program Files\Java\jdk1.8.0_181\bin;C:\WINDOWS\Sun\Java\bin;C:\WINDOWS\system32;C:\WINDOWS;C:\Program Files\Java\jdk1.8.0_181/bin;C:\Program Files\Java\jdk1.8.0_181/bin;C:\Program Files\Java\jdk1.8.0_181\bin;C:\Program Files (x86)\Common Files\Oracle\Java\javapath;C:\WINDOWS\system32;C:\WINDOWS;C:\WINDOWS\System32\Wbem;C:\WINDOWS\System32\WindowsPowerShell\v1.0\;C:\Program Files\Git\cmd;C:\WINDOWS\System32\OpenSSH\;E:\apache-maven-3.5.4\bin;C:\Users\Developer\AppData\Local\Microsoft\WindowsApps;."/>
    <property name="maven.conf" value="E:\apache-maven-3.5.4\bin\../conf"/>
    <property name="java.specification.name" value="Java Platform API Specification"/>
    <property name="java.class.version" value="52.0"/>
    <property name="sun.management.compiler" value="HotSpot 64-Bit Tiered Compilers"/>
    <property name="os.version" value="10.0"/>
    <property name="library.jansi.path" value="E:\apache-maven-3.5.4\bin\..\lib\jansi-native"/>
    <property name="surefire.suiteXmlFiles" value="VED0022-Item_Analysis_by_Question.xml"/>
    <property name="user.home" value="C:\Users\Developer"/>
    <property name="user.timezone" value="Asia/Calcutta"/>
    <property name="java.awt.printerjob" value="sun.awt.windows.WPrinterJob"/>
    <property name="java.specification.version" value="1.8"/>
    <property name="file.encoding" value="Cp1252"/>
    <property name="user.name" value="Developer"/>
    <property name="java.class.path" value="E:\apache-maven-3.5.4\bin\..\boot\plexus-classworlds-2.5.2.jar"/>
    <property name="java.vm.specification.version" value="1.8"/>
    <property name="sun.arch.data.model" value="64"/>
    <property name="java.home" value="C:\Program Files\Java\jdk1.8.0_181\jre"/>
    <property name="sun.java.command" value="org.codehaus.plexus.classworlds.launcher.Launcher clean test -Dsurefire.suiteXmlFiles=VED0022-Item_Analysis_by_Question.xml"/>
    <property name="java.specification.vendor" value="Oracle Corporation"/>
    <property name="user.language" value="en"/>
    <property name="awt.toolkit" value="sun.awt.windows.WToolkit"/>
    <property name="java.vm.info" value="mixed mode"/>
    <property name="java.version" value="1.8.0_181"/>
    <property name="java.ext.dirs" value="C:\Program Files\Java\jdk1.8.0_181\jre\lib\ext;C:\WINDOWS\Sun\Java\lib\ext"/>
    <property name="sun.boot.class.path" value="C:\Program Files\Java\jdk1.8.0_181\jre\lib\resources.jar;C:\Program Files\Java\jdk1.8.0_181\jre\lib\rt.jar;C:\Program Files\Java\jdk1.8.0_181\jre\lib\sunrsasign.jar;C:\Program Files\Java\jdk1.8.0_181\jre\lib\jsse.jar;C:\Program Files\Java\jdk1.8.0_181\jre\lib\jce.jar;C:\Program Files\Java\jdk1.8.0_181\jre\lib\charsets.jar;C:\Program Files\Java\jdk1.8.0_181\jre\lib\jfr.jar;C:\Program Files\Java\jdk1.8.0_181\jre\classes"/>
    <property name="java.vendor" value="Oracle Corporation"/>
    <property name="maven.home" value="E:\apache-maven-3.5.4\bin\.."/>
    <property name="file.separator" value="\"/>
    <property name="java.vendor.url.bug" value="http://bugreport.sun.com/bugreport/"/>
    <property name="sun.cpu.endian" value="little"/>
    <property name="sun.io.unicode.encoding" value="UnicodeLittle"/>
    <property name="sun.desktop" value="windows"/>
    <property name="sun.cpu.isalist" value="amd64"/>
  </properties>
  <testcase name="TCED14081" classname="com.analyzeByScore.ItemAnalysisbyQuestion" time="11.355"/>
  <testcase name="TCED14082" classname="com.analyzeByScore.ItemAnalysisbyQuestion" time="0.141"/>
  <testcase name="TCED14083" classname="com.analyzeByScore.ItemAnalysisbyQuestion" time="0.718"/>
  <testcase name="TCED14084" classname="com.analyzeByScore.ItemAnalysisbyQuestion" time="0.849"/>
  <testcase name="TCED14085" classname="com.analyzeByScore.ItemAnalysisbyQuestion" time="5.171"/>
  <testcase name="TCED14086" classname="com.analyzeByScore.ItemAnalysisbyQuestion" time="5.454"/>
  <testcase name="TCED14087" classname="com.analyzeByScore.ItemAnalysisbyQuestion" time="5.515"/>
  <testcase name="TCED14088" classname="com.analyzeByScore.ItemAnalysisbyQuestion" time="5.61"/>
  <testcase name="TCED14089" classname="com.analyzeByScore.ItemAnalysisbyQuestion" time="10.861"/>
  <testcase name="TCED14090" classname="com.analyzeByScore.ItemAnalysisbyQuestion" time="0.859"/>
  <testcase name="TCED14091" classname="com.analyzeByScore.ItemAnalysisbyQuestion" time="9.732"/>
  <testcase name="TCED14092" classname="com.analyzeByScore.ItemAnalysisbyQuestion" time="9.585"/>
  <testcase name="TCED14093" classname="com.analyzeByScore.ItemAnalysisbyQuestion" time="10.061"/>
  <testcase name="TCED14094" classname="com.analyzeByScore.ItemAnalysisbyQuestion" time="11.835"/>
  <testcase name="TCED14095" classname="com.analyzeByScore.ItemAnalysisbyQuestion" time="6.909"/>
  <testcase name="TCED14096" classname="com.analyzeByScore.ItemAnalysisbyQuestion" time="0.828"/>
  <testcase name="TCED14097" classname="com.analyzeByScore.ItemAnalysisbyQuestion" time="8.559"/>
  <testcase name="TCED14098" classname="com.analyzeByScore.ItemAnalysisbyQuestion" time="8.899"/>
  <testcase name="TCED14099" classname="com.analyzeByScore.ItemAnalysisbyQuestion" time="8.948"/>
  <testcase name="TCED14100" classname="com.analyzeByScore.ItemAnalysisbyQuestion" time="8.518"/>
  <testcase name="TCED14101" classname="com.analyzeByScore.ItemAnalysisbyQuestion" time="13.701"/>
  <testcase name="TCED14102" classname="com.analyzeByScore.ItemAnalysisbyQuestion" time="16.987"/>
  <testcase name="TCED14103" classname="com.analyzeByScore.ItemAnalysisbyQuestion" time="32.282"/>
  <testcase name="TCED14104" classname="com.analyzeByScore.ItemAnalysisbyQuestion" time="110.431"/>
</testsuite>