<?xml version="1.0" encoding="UTF-8"?>
<testsuite name="TestSuite" time="257.252" tests="24" errors="0" skipped="0" failures="4">
  <properties>
    <property name="java.runtime.name" value="Java(TM) SE Runtime Environment"/>
    <property name="sun.boot.library.path" value="C:\Program Files\Java\jdk1.8.0_181\jre\bin"/>
    <property name="java.vm.version" value="25.181-b13"/>
    <property name="java.vm.vendor" value="Oracle Corporation"/>
    <property name="maven.multiModuleProjectDirectory" value="F:\Vofox-Webdriver\Edinsight"/>
    <property name="java.vendor.url" value="http://java.oracle.com/"/>
    <property name="path.separator" value=";"/>
    <property name="guice.disable.misplaced.annotation.check" value="true"/>
    <property name="java.vm.name" value="Java HotSpot(TM) 64-Bit Server VM"/>
    <property name="file.encoding.pkg" value="sun.io"/>
    <property name="user.script" value=""/>
    <property name="user.country" value="US"/>
    <property name="sun.java.launcher" value="SUN_STANDARD"/>
    <property name="sun.os.patch.level" value=""/>
    <property name="java.vm.specification.name" value="Java Virtual Machine Specification"/>
    <property name="user.dir" value="F:\Vofox-Webdriver\Edinsight"/>
    <property name="java.runtime.version" value="1.8.0_181-b13"/>
    <property name="java.awt.graphicsenv" value="sun.awt.Win32GraphicsEnvironment"/>
    <property name="java.endorsed.dirs" value="C:\Program Files\Java\jdk1.8.0_181\jre\lib\endorsed"/>
    <property name="os.arch" value="amd64"/>
    <property name="java.io.tmpdir" value="C:\Users\DEVELO~1\AppData\Local\Temp\"/>
    <property name="line.separator" value="&#10;"/>
    <property name="java.vm.specification.vendor" value="Oracle Corporation"/>
    <property name="user.variant" value=""/>
    <property name="os.name" value="Windows 10"/>
    <property name="classworlds.conf" value="E:\apache-maven-3.5.4\bin\..\bin\m2.conf"/>
    <property name="sun.jnu.encoding" value="Cp1252"/>
    <property name="java.library.path" value="C:\Program Files\Java\jdk1.8.0_181\bin;C:\WINDOWS\Sun\Java\bin;C:\WINDOWS\system32;C:\WINDOWS;C:\Program Files\Java\jdk1.8.0_181/bin;C:\Program Files\Java\jdk1.8.0_181/bin;C:\Program Files\Java\jdk1.8.0_181\bin;C:\Program Files (x86)\Common Files\Oracle\Java\javapath;C:\WINDOWS\system32;C:\WINDOWS;C:\WINDOWS\System32\Wbem;C:\WINDOWS\System32\WindowsPowerShell\v1.0\;C:\Program Files\Git\cmd;C:\WINDOWS\System32\OpenSSH\;E:\apache-maven-3.5.4\bin;C:\Users\Developer\AppData\Local\Microsoft\WindowsApps;."/>
    <property name="maven.conf" value="E:\apache-maven-3.5.4\bin\../conf"/>
    <property name="java.specification.name" value="Java Platform API Specification"/>
    <property name="java.class.version" value="52.0"/>
    <property name="sun.management.compiler" value="HotSpot 64-Bit Tiered Compilers"/>
    <property name="os.version" value="10.0"/>
    <property name="library.jansi.path" value="E:\apache-maven-3.5.4\bin\..\lib\jansi-native"/>
    <property name="surefire.suiteXmlFiles" value="VED0022-Item_Analysis_by_Question.xml"/>
    <property name="user.home" value="C:\Users\Developer"/>
    <property name="user.timezone" value="Asia/Calcutta"/>
    <property name="java.awt.printerjob" value="sun.awt.windows.WPrinterJob"/>
    <property name="java.specification.version" value="1.8"/>
    <property name="file.encoding" value="Cp1252"/>
    <property name="user.name" value="Developer"/>
    <property name="java.class.path" value="E:\apache-maven-3.5.4\bin\..\boot\plexus-classworlds-2.5.2.jar"/>
    <property name="java.vm.specification.version" value="1.8"/>
    <property name="sun.arch.data.model" value="64"/>
    <property name="java.home" value="C:\Program Files\Java\jdk1.8.0_181\jre"/>
    <property name="sun.java.command" value="org.codehaus.plexus.classworlds.launcher.Launcher clean test -Dsurefire.suiteXmlFiles=VED0022-Item_Analysis_by_Question.xml"/>
    <property name="java.specification.vendor" value="Oracle Corporation"/>
    <property name="user.language" value="en"/>
    <property name="awt.toolkit" value="sun.awt.windows.WToolkit"/>
    <property name="java.vm.info" value="mixed mode"/>
    <property name="java.version" value="1.8.0_181"/>
    <property name="java.ext.dirs" value="C:\Program Files\Java\jdk1.8.0_181\jre\lib\ext;C:\WINDOWS\Sun\Java\lib\ext"/>
    <property name="sun.boot.class.path" value="C:\Program Files\Java\jdk1.8.0_181\jre\lib\resources.jar;C:\Program Files\Java\jdk1.8.0_181\jre\lib\rt.jar;C:\Program Files\Java\jdk1.8.0_181\jre\lib\sunrsasign.jar;C:\Program Files\Java\jdk1.8.0_181\jre\lib\jsse.jar;C:\Program Files\Java\jdk1.8.0_181\jre\lib\jce.jar;C:\Program Files\Java\jdk1.8.0_181\jre\lib\charsets.jar;C:\Program Files\Java\jdk1.8.0_181\jre\lib\jfr.jar;C:\Program Files\Java\jdk1.8.0_181\jre\classes"/>
    <property name="java.vendor" value="Oracle Corporation"/>
    <property name="maven.home" value="E:\apache-maven-3.5.4\bin\.."/>
    <property name="file.separator" value="\"/>
    <property name="java.vendor.url.bug" value="http://bugreport.sun.com/bugreport/"/>
    <property name="sun.cpu.endian" value="little"/>
    <property name="sun.io.unicode.encoding" value="UnicodeLittle"/>
    <property name="sun.desktop" value="windows"/>
    <property name="sun.cpu.isalist" value="amd64"/>
  </properties>
  <testcase name="TCED14081" classname="com.analyzeByScore.ItemAnalysisbyQuestion" time="10.552"/>
  <testcase name="TCED14082" classname="com.analyzeByScore.ItemAnalysisbyQuestion" time="0.172"/>
  <testcase name="TCED14083" classname="com.analyzeByScore.ItemAnalysisbyQuestion" time="0.781"/>
  <testcase name="TCED14084" classname="com.analyzeByScore.ItemAnalysisbyQuestion" time="0.844"/>
  <testcase name="TCED14085" classname="com.analyzeByScore.ItemAnalysisbyQuestion" time="5.063"/>
  <testcase name="TCED14086" classname="com.analyzeByScore.ItemAnalysisbyQuestion" time="5.061"/>
  <testcase name="TCED14087" classname="com.analyzeByScore.ItemAnalysisbyQuestion" time="4.707"/>
  <testcase name="TCED14088" classname="com.analyzeByScore.ItemAnalysisbyQuestion" time="5.112"/>
  <testcase name="TCED14089" classname="com.analyzeByScore.ItemAnalysisbyQuestion" time="8.503"/>
  <testcase name="TCED14090" classname="com.analyzeByScore.ItemAnalysisbyQuestion" time="20.152">
    <failure message="Timeout during waiting for element: &apos;//a[contains(text(),&apos;5&apos;)]&apos;" type="java.lang.AssertionError">java.lang.AssertionError: Timeout during waiting for element: '//a[contains(text(),'5')]'
	at Library.BaseClassOne.waitFor(BaseClassOne.java:278)
	at Library.BaseClassOne.click(BaseClassOne.java:190)
	at com.analyzeByScore.ItemAnalysisbyQuestion.TCED14090(ItemAnalysisbyQuestion.java:234)
</failure>
    <system-err><![CDATA[1543401931728	addons.productaddons	WARN	Failed downloading XML, status: 0, reason: timeout
1543401931728	addons.productaddons	INFO	fetching config from: chrome://global/content/gmp-sources/openh264.json
1543401931729	addons.productaddons	INFO	fetching config from: chrome://global/content/gmp-sources/widevinecdm.json
1543401931730	addons.productaddons	INFO	found plugin: gmp-gmpopenh264
1543401931731	addons.productaddons	INFO	found plugin: gmp-widevinecdm
1543401932189	addons.productaddons	INFO	downloadXHR File download. status=200
1543401932195	addons.productaddons	INFO	Downloaded file will be saved to C:\Users\DEVELO~1\AppData\Local\Temp\tmpaddon-b7074
1543401934631	addons.productaddons	INFO	downloadXHR File download. status=200
1543401934635	addons.productaddons	INFO	Downloaded file will be saved to C:\Users\DEVELO~1\AppData\Local\Temp\tmpaddon-c8cb7a
]]></system-err>
  </testcase>
  <testcase name="TCED14091" classname="com.analyzeByScore.ItemAnalysisbyQuestion" time="28.442">
    <failure message="Timeout during waiting for element: &apos;//a[contains(text(),&apos;5&apos;)]&apos;" type="java.lang.AssertionError">java.lang.AssertionError: Timeout during waiting for element: '//a[contains(text(),'5')]'
	at Library.BaseClassOne.waitFor(BaseClassOne.java:278)
	at Library.BaseClassOne.click(BaseClassOne.java:190)
	at com.analyzeByScore.ItemAnalysisbyQuestion.TCED14091(ItemAnalysisbyQuestion.java:263)
</failure>
    <system-err><![CDATA[1543401938401	Marionette	DEBUG	[6442450945] Canceled page load listener because no navigation has been detected
1543401938476	Marionette	DEBUG	[6442450945] Received DOM event beforeunload for http://192.168.10.124/EdInsight/Form/LocalAssessment/ReportItemAnalysis.aspx?args=s79LFcKIz38I3KnjVa8bneLxxskahSUGAJ0WQHEtYID ... 5tcykm+1w8e5a7ChyiGonaHm6R9SZDUgkCpz5iGhA67hhWQpD2Ru1OvljY5QDnkpeWUmd7FrHmFz2gitWSexdaLtc3Aov2xfCzsTA3qAMxsFcFUqVC/8LfPy8UF/R
1543401938610	Marionette	DEBUG	[6442450945] Received DOM event pagehide for http://192.168.10.124/EdInsight/Form/LocalAssessment/ReportItemAnalysis.aspx?args=s79LFcKIz38I3KnjVa8bneLxxskahSUGAJ0WQHEtYID ... 5tcykm+1w8e5a7ChyiGonaHm6R9SZDUgkCpz5iGhA67hhWQpD2Ru1OvljY5QDnkpeWUmd7FrHmFz2gitWSexdaLtc3Aov2xfCzsTA3qAMxsFcFUqVC/8LfPy8UF/R
1543401938613	Marionette	DEBUG	[6442450945] Received DOM event unload for http://192.168.10.124/EdInsight/Form/LocalAssessment/ReportItemAnalysis.aspx?args=s79LFcKIz38I3KnjVa8bneLxxskahSUGAJ0WQHEtYID ... 5tcykm+1w8e5a7ChyiGonaHm6R9SZDUgkCpz5iGhA67hhWQpD2Ru1OvljY5QDnkpeWUmd7FrHmFz2gitWSexdaLtc3Aov2xfCzsTA3qAMxsFcFUqVC/8LfPy8UF/R
1543401938795	Marionette	DEBUG	[6442450945] Received observer notification outer-window-destroyed for 6442451488
1543401938796	Marionette	DEBUG	[6442450945] Received observer notification outer-window-destroyed for 6442451494
1543401938796	Marionette	DEBUG	[6442450945] Received observer notification outer-window-destroyed for 6442451495
1543401938866	Marionette	DEBUG	[6442450945] Received DOM event DOMContentLoaded for http://192.168.10.124/EdInsight/Form/LocalAssessment/AssessmentReports.aspx?args=s79LFcKIz38I3KnjVa8bnV2Yah9CNHhB4EY7sot+UtjxdzJR8OVAKV2lL98kf8NALPRZHFA6dqduNEk/2emGd7LOcRRTdDoPEW2V2PjZ2wzFRyLppUmuQWzzTT7X2NEhzHMtVwq0JgDTwthcBIFxOQ==
1543401938929	Marionette	DEBUG	[6442450945] Received observer notification outer-window-destroyed for 6442451501
1543401938931	Marionette	DEBUG	[6442450945] Received observer notification outer-window-destroyed for 6442451502
JavaScript error: http://192.168.10.124/EdInsight/Form/LocalAssessment/AssessmentReports.aspx?args=s79LFcKIz38I3KnjVa8bnV2Yah9CNHhB4EY7sot+UtjxdzJR8OVAKV2lL98kf8NALPRZHFA6dqduNEk/2emGd7LOcRRTdDoPEW2V2PjZ2wzFRyLppUmuQWzzTT7X2NEhzHMtVwq0JgDTwthcBIFxOQ==, line 1: ReferenceError: False is not defined
1543401938956	Marionette	DEBUG	[6442450945] Received DOM event pageshow for http://192.168.10.124/EdInsight/Form/LocalAssessment/AssessmentReports.aspx?args=s79LFcKIz38I3KnjVa8bnV2Yah9CNHhB4EY7sot+UtjxdzJR8OVAKV2lL98kf8NALPRZHFA6dqduNEk/2emGd7LOcRRTdDoPEW2V2PjZ2wzFRyLppUmuQWzzTT7X2NEhzHMtVwq0JgDTwthcBIFxOQ==
1543401938995	Marionette	DEBUG	[6442450945] Received DOM event beforeunload for http://192.168.10.124/EdInsight/Form/LocalAssessment/AssessmentReports.aspx?args=s79LFcKIz38I3KnjVa8bnV2Yah9CNHhB4EY7sot+UtjxdzJR8OVAKV2lL98kf8NALPRZHFA6dqduNEk/2emGd7LOcRRTdDoPEW2V2PjZ2wzFRyLppUmuQWzzTT7X2NEhzHMtVwq0JgDTwthcBIFxOQ==
1543401939144	Marionette	DEBUG	[6442450945] Received DOM event pagehide for http://192.168.10.124/EdInsight/Form/LocalAssessment/AssessmentReports.aspx?args=s79LFcKIz38I3KnjVa8bnV2Yah9CNHhB4EY7sot+UtjxdzJR8OVAKV2lL98kf8NALPRZHFA6dqduNEk/2emGd7LOcRRTdDoPEW2V2PjZ2wzFRyLppUmuQWzzTT7X2NEhzHMtVwq0JgDTwthcBIFxOQ==
1543401939147	Marionette	DEBUG	[6442450945] Received DOM event unload for http://192.168.10.124/EdInsight/Form/LocalAssessment/AssessmentReports.aspx?args=s79LFcKIz38I3KnjVa8bnV2Yah9CNHhB4EY7sot+UtjxdzJR8OVAKV2lL98kf8NALPRZHFA6dqduNEk/2emGd7LOcRRTdDoPEW2V2PjZ2wzFRyLppUmuQWzzTT7X2NEhzHMtVwq0JgDTwthcBIFxOQ==
1543401939316	Marionette	DEBUG	[6442450945] Received observer notification outer-window-destroyed for 6442451499
1543401939316	Marionette	DEBUG	[6442450945] Received observer notification outer-window-destroyed for 6442451505
1543401939316	Marionette	DEBUG	[6442450945] Received observer notification outer-window-destroyed for 6442451506
1543401939397	Marionette	DEBUG	[6442450945] Received DOM event DOMContentLoaded for http://192.168.10.124/EdInsight/Form/LocalAssessment/ReportItemAnalysisParams.aspx?args=s79LFcKIz38I3KnjVa8bnfgwf4mOMu+PGLC2zrUIai8=
1543401939442	Marionette	DEBUG	[6442450945] Received observer notification outer-window-destroyed for 6442451512
1543401939444	Marionette	DEBUG	[6442450945] Received observer notification outer-window-destroyed for 6442451513
JavaScript error: http://192.168.10.124/EdInsight/Form/LocalAssessment/ReportItemAnalysisParams.aspx?args=s79LFcKIz38I3KnjVa8bnfgwf4mOMu+PGLC2zrUIai8=, line 1: ReferenceError: False is not defined
1543401939475	Marionette	DEBUG	[6442450945] Received DOM event pageshow for http://192.168.10.124/EdInsight/Form/LocalAssessment/ReportItemAnalysisParams.aspx?args=s79LFcKIz38I3KnjVa8bnfgwf4mOMu+PGLC2zrUIai8=
1543401939580	Marionette	DEBUG	[6442450945] Received DOM event beforeunload for http://192.168.10.124/EdInsight/Form/LocalAssessment/ReportItemAnalysisParams.aspx?args=s79LFcKIz38I3KnjVa8bnfgwf4mOMu+PGLC2zrUIai8=
1543401939780	Marionette	DEBUG	[6442450945] Received DOM event pagehide for http://192.168.10.124/EdInsight/Form/LocalAssessment/ReportItemAnalysisParams.aspx?args=s79LFcKIz38I3KnjVa8bnfgwf4mOMu+PGLC2zrUIai8=
1543401939781	Marionette	DEBUG	[6442450945] Received DOM event unload for http://192.168.10.124/EdInsight/Form/LocalAssessment/ReportItemAnalysisParams.aspx?args=s79LFcKIz38I3KnjVa8bnfgwf4mOMu+PGLC2zrUIai8=
1543401939938	Marionette	DEBUG	[6442450945] Received observer notification outer-window-destroyed for 6442451510
1543401939938	Marionette	DEBUG	[6442450945] Received observer notification outer-window-destroyed for 6442451516
1543401939938	Marionette	DEBUG	[6442450945] Received observer notification outer-window-destroyed for 6442451517
1543401940003	Marionette	DEBUG	[6442450945] Received DOM event DOMContentLoaded for http://192.168.10.124/EdInsight/Form/LocalAssessment/ReportItemAnalysisParams.aspx?args=s79LFcKIz38I3KnjVa8bned7wtKbo0NuH+afOk5CZ8k=
1543401940056	Marionette	DEBUG	[6442450945] Received observer notification outer-window-destroyed for 6442451523
1543401940059	Marionette	DEBUG	[6442450945] Received observer notification outer-window-destroyed for 6442451524
JavaScript error: http://192.168.10.124/EdInsight/Form/LocalAssessment/ReportItemAnalysisParams.aspx?args=s79LFcKIz38I3KnjVa8bned7wtKbo0NuH+afOk5CZ8k=, line 1: ReferenceError: False is not defined
1543401940089	Marionette	DEBUG	[6442450945] Received DOM event pageshow for http://192.168.10.124/EdInsight/Form/LocalAssessment/ReportItemAnalysisParams.aspx?args=s79LFcKIz38I3KnjVa8bned7wtKbo0NuH+afOk5CZ8k=
1543401940123	Marionette	DEBUG	[6442450945] Received DOM event beforeunload for http://192.168.10.124/EdInsight/Form/LocalAssessment/ReportItemAnalysisParams.aspx?args=s79LFcKIz38I3KnjVa8bned7wtKbo0NuH+afOk5CZ8k=
1543401940254	Marionette	DEBUG	[6442450945] Received DOM event pagehide for http://192.168.10.124/EdInsight/Form/LocalAssessment/ReportItemAnalysisParams.aspx?args=s79LFcKIz38I3KnjVa8bned7wtKbo0NuH+afOk5CZ8k=
1543401940254	Marionette	DEBUG	[6442450945] Received DOM event unload for http://192.168.10.124/EdInsight/Form/LocalAssessment/ReportItemAnalysisParams.aspx?args=s79LFcKIz38I3KnjVa8bned7wtKbo0NuH+afOk5CZ8k=
1543401940405	Marionette	DEBUG	[6442450945] Received observer notification outer-window-destroyed for 6442451521
1543401940405	Marionette	DEBUG	[6442450945] Received observer notification outer-window-destroyed for 6442451527
1543401940405	Marionette	DEBUG	[6442450945] Received observer notification outer-window-destroyed for 6442451528
1543401940478	Marionette	DEBUG	[6442450945] Received DOM event DOMContentLoaded for http://192.168.10.124/EdInsight/Form/LocalAssessment/ReportItemAnalysisParams.aspx?args=s79LFcKIz38I3KnjVa8bnTS/2+JW9hCm9Xhh0nMuXVU=
1543401940531	Marionette	DEBUG	[6442450945] Received observer notification outer-window-destroyed for 6442451534
1543401940534	Marionette	DEBUG	[6442450945] Received observer notification outer-window-destroyed for 6442451535
JavaScript error: http://192.168.10.124/EdInsight/Form/LocalAssessment/ReportItemAnalysisParams.aspx?args=s79LFcKIz38I3KnjVa8bnTS/2+JW9hCm9Xhh0nMuXVU=, line 1: ReferenceError: False is not defined
1543401940564	Marionette	DEBUG	[6442450945] Received DOM event pageshow for http://192.168.10.124/EdInsight/Form/LocalAssessment/ReportItemAnalysisParams.aspx?args=s79LFcKIz38I3KnjVa8bnTS/2+JW9hCm9Xhh0nMuXVU=
1543401940602	Marionette	DEBUG	[6442450945] Received DOM event beforeunload for http://192.168.10.124/EdInsight/Form/LocalAssessment/ReportItemAnalysisParams.aspx?args=s79LFcKIz38I3KnjVa8bnTS/2+JW9hCm9Xhh0nMuXVU=
1543401940742	Marionette	DEBUG	[6442450945] Received DOM event pagehide for http://192.168.10.124/EdInsight/Form/LocalAssessment/ReportItemAnalysisParams.aspx?args=s79LFcKIz38I3KnjVa8bnTS/2+JW9hCm9Xhh0nMuXVU=
1543401940743	Marionette	DEBUG	[6442450945] Received DOM event unload for http://192.168.10.124/EdInsight/Form/LocalAssessment/ReportItemAnalysisParams.aspx?args=s79LFcKIz38I3KnjVa8bnTS/2+JW9hCm9Xhh0nMuXVU=
1543401940894	Marionette	DEBUG	[6442450945] Received observer notification outer-window-destroyed for 6442451532
1543401940895	Marionette	DEBUG	[6442450945] Received observer notification outer-window-destroyed for 6442451538
1543401940895	Marionette	DEBUG	[6442450945] Received observer notification outer-window-destroyed for 6442451539
1543401940963	Marionette	DEBUG	[6442450945] Received DOM event DOMContentLoaded for http://192.168.10.124/EdInsight/Form/LocalAssessment/ReportItemAnalysisParams.aspx?args=s79LFcKIz38I3KnjVa8bnZlhZVcaRBZcaURgirZxKjc=
1543401941017	Marionette	DEBUG	[6442450945] Received observer notification outer-window-destroyed for 6442451545
1543401941020	Marionette	DEBUG	[6442450945] Received observer notification outer-window-destroyed for 6442451546
JavaScript error: http://192.168.10.124/EdInsight/Form/LocalAssessment/ReportItemAnalysisParams.aspx?args=s79LFcKIz38I3KnjVa8bnZlhZVcaRBZcaURgirZxKjc=, line 1: ReferenceError: False is not defined
1543401941044	Marionette	DEBUG	[6442450945] Received DOM event pageshow for http://192.168.10.124/EdInsight/Form/LocalAssessment/ReportItemAnalysisParams.aspx?args=s79LFcKIz38I3KnjVa8bnZlhZVcaRBZcaURgirZxKjc=
1543401941093	Marionette	DEBUG	[6442450945] Received DOM event beforeunload for http://192.168.10.124/EdInsight/Form/LocalAssessment/ReportItemAnalysisParams.aspx?args=s79LFcKIz38I3KnjVa8bnZlhZVcaRBZcaURgirZxKjc=
1543401941268	Marionette	DEBUG	[6442450945] Received DOM event pagehide for http://192.168.10.124/EdInsight/Form/LocalAssessment/ReportItemAnalysisParams.aspx?args=s79LFcKIz38I3KnjVa8bnZlhZVcaRBZcaURgirZxKjc=
1543401941268	Marionette	DEBUG	[6442450945] Received DOM event unload for http://192.168.10.124/EdInsight/Form/LocalAssessment/ReportItemAnalysisParams.aspx?args=s79LFcKIz38I3KnjVa8bnZlhZVcaRBZcaURgirZxKjc=
1543401941434	Marionette	DEBUG	[6442450945] Received observer notification outer-window-destroyed for 6442451543
1543401941434	Marionette	DEBUG	[6442450945] Received observer notification outer-window-destroyed for 6442451549
1543401941434	Marionette	DEBUG	[6442450945] Received observer notification outer-window-destroyed for 6442451550
1543401941498	Marionette	DEBUG	[6442450945] Received DOM event DOMContentLoaded for http://192.168.10.124/EdInsight/Form/LocalAssessment/ReportItemAnalysis.aspx?args=yMN/V9xZUJl/u0X8hD/kYiZ7N0Rvgi5YBzRhOsQaIx2 ... F1KivenFQAOgGL+AwkzP9rrHXMfdYT0V3GYIHPnXbROY7dT5IA+zFOBFEFENOsA/DLVqOtn1gWmpdj5IY2PVAAQfiyQdH9+HhR3G35xCceE7OMoxcNLXcX79kW12i
1543401941549	Marionette	DEBUG	[6442450945] Received observer notification outer-window-destroyed for 6442451556
1543401941551	Marionette	DEBUG	[6442450945] Received observer notification outer-window-destroyed for 6442451557
JavaScript error: http://192.168.10.124/EdInsight/Form/LocalAssessment/ReportItemAnalysis.aspx?args=yMN/V9xZUJl/u0X8hD/kYiZ7N0Rvgi5YBzRhOsQaIx2mYxSQdbKVFfM1rObJke4qY2jmWGTDWQhora0W/Gx32FL/9aojlkzHVUS5tAusVVyFkOWM8YdCgFbWdyUDIrCUS4aA7fD2JCo7KPo+Cz6IHsfsXHcntD5dOawOuvsRZrAgd3TQMpok850TAt4OT6wF2sae+aEViUURES7Od7iNG9ewfA0QwA72GoKBJtPVvWhCwC+vDOTmWPuwNhJMIyJgakcVrwN9m2yvF7ga5c5M98N/WlHCn9hmy7z9J/B/G8smERdHjOAcep6vMnATRh76NgxF1KivenFQAOgGL+AwkzP9rrHXMfdYT0V3GYIHPnXbROY7dT5IA+zFOBFEFENOsA/DLVqOtn1gWmpdj5IY2PVAAQfiyQdH9+HhR3G35xCceE7OMoxcNLXcX79kW12i, line 1: ReferenceE1543401941574	Marionette	DEBUG	[6442450945] Received DOM event pageshow for http://192.168.10.124/EdInsight/Form/LocalAssessment/ReportItemAnalysis.aspx?args=yMN/V9xZUJl/u0X8hD/kYiZ7N0Rvgi5YBzRhOsQaIx2 ... F1KivenFQAOgGL+AwkzP9rrHXMfdYT0V3GYIHPnXbROY7dT5IA+zFOBFEFENOsA/DLVqOtn1gWmpdj5IY2PVAAQfiyQdH9+HhR3G35xCceE7OMoxcNLXcX79kW12i
rror: False is not defined
1543401942659	Marionette	DEBUG	[6442450945] Received DOM event beforeunload for http://192.168.10.124/EdInsight/Form/LocalAssessment/ReportItemAnalysis.aspx?args=yMN/V9xZUJl/u0X8hD/kYiZ7N0Rvgi5YBzRhOsQaIx2 ... F1KivenFQAOgGL+AwkzP9rrHXMfdYT0V3GYIHPnXbROY7dT5IA+zFOBFEFENOsA/DLVqOtn1gWmpdj5IY2PVAAQfiyQdH9+HhR3G35xCceE7OMoxcNLXcX79kW12i
1543401942806	Marionette	DEBUG	[6442450945] Received DOM event pagehide for http://192.168.10.124/EdInsight/Form/LocalAssessment/ReportItemAnalysis.aspx?args=yMN/V9xZUJl/u0X8hD/kYiZ7N0Rvgi5YBzRhOsQaIx2 ... F1KivenFQAOgGL+AwkzP9rrHXMfdYT0V3GYIHPnXbROY7dT5IA+zFOBFEFENOsA/DLVqOtn1gWmpdj5IY2PVAAQfiyQdH9+HhR3G35xCceE7OMoxcNLXcX79kW12i
1543401942810	Marionette	DEBUG	[6442450945] Received DOM event unload for http://192.168.10.124/EdInsight/Form/LocalAssessment/ReportItemAnalysis.aspx?args=yMN/V9xZUJl/u0X8hD/kYiZ7N0Rvgi5YBzRhOsQaIx2 ... F1KivenFQAOgGL+AwkzP9rrHXMfdYT0V3GYIHPnXbROY7dT5IA+zFOBFEFENOsA/DLVqOtn1gWmpdj5IY2PVAAQfiyQdH9+HhR3G35xCceE7OMoxcNLXcX79kW12i
1543401942997	Marionette	DEBUG	[6442450945] Received observer notification outer-window-destroyed for 6442451554
1543401942997	Marionette	DEBUG	[6442450945] Received observer notification outer-window-destroyed for 6442451560
1543401942997	Marionette	DEBUG	[6442450945] Received observer notification outer-window-destroyed for 6442451561
1543401943055	Marionette	DEBUG	[6442450945] Received DOM event DOMContentLoaded for http://192.168.10.124/EdInsight/Form/LocalAssessment/ReportItemAnalysis.aspx?args=s79LFcKIz38I3KnjVa8bnWSFJzZqUMX3Jcq6gDL1IfQ ... jiEEJErquKpdr8n0Qd612F+zB4ckUXgwVA+lXY+zaz6WvgatNlVp9E6iHQ+3CFrS4ttfy30OtYvMoNmOcw4NAjRMs0UT063DLIc6zpXrkRO1w9PhG7jsNxA5eH1QZ
1543401943106	Marionette	DEBUG	[6442450945] Received observer notification outer-window-destroyed for 6442451567
1543401943107	Marionette	DEBUG	[6442450945] Received observer notification outer-window-destroyed for 6442451568
JavaScript error: http://192.168.10.124/EdInsight/Form/LocalAssessment/ReportItemAnalysis.aspx?args=s79LFcKIz38I3KnjVa8bnWSFJzZqUMX3Jcq6gDL1IfQvEg7juvkQPJZq71P678UrrWPCUaHjLm16ovcAFyWUAjx2j7hLix1D6SLcQ4WYswu/uV1pusXBbksB49g37EcpbP9ecRUIIqpQ6jAFPpdgr+qVR7sMKK+/JiBgfhiP6Ghqdgc/NRiG5lyDjgeYeWECkDZXETURSsFtg6cF0HuyDV4ZutsAJ+IZjrm9OMcp9a1kVvTfjfMO9TfHnRZAB4sTP0K4pOSJx/6uq8jKgW1KRO48lQb/Qc5WHhwrS7FF2RPWqwUcal3Kzcb+TXNndkOuZHAjiEEJErquKpdr8n0Qd612F+zB4ckUXgwVA+lXY+zaz6WvgatNlVp9E6iHQ+3CFrS4ttfy30OtYvMoNmOcw4NAjRMs0UT063DLIc6zpXrkRO1w9PhG7jsNxA5eH1QZ, line 1: ReferenceError: False is not defined
1543401943136	Marionette	DEBUG	[6442450945] Received DOM event pageshow for http://192.168.10.124/EdInsight/Form/LocalAssessment/ReportItemAnalysis.aspx?args=s79LFcKIz38I3KnjVa8bnWSFJzZqUMX3Jcq6gDL1IfQ ... jiEEJErquKpdr8n0Qd612F+zB4ckUXgwVA+lXY+zaz6WvgatNlVp9E6iHQ+3CFrS4ttfy30OtYvMoNmOcw4NAjRMs0UT063DLIc6zpXrkRO1w9PhG7jsNxA5eH1QZ
1543401945202	Marionette	DEBUG	[6442450945] Received DOM event beforeunload for http://192.168.10.124/EdInsight/Form/LocalAssessment/ReportItemAnalysis.aspx?args=s79LFcKIz38I3KnjVa8bnWSFJzZqUMX3Jcq6gDL1IfQ ... jiEEJErquKpdr8n0Qd612F+zB4ckUXgwVA+lXY+zaz6WvgatNlVp9E6iHQ+3CFrS4ttfy30OtYvMoNmOcw4NAjRMs0UT063DLIc6zpXrkRO1w9PhG7jsNxA5eH1QZ
1543401945329	Marionette	DEBUG	[6442450945] Received DOM event pagehide for http://192.168.10.124/EdInsight/Form/LocalAssessment/ReportItemAnalysis.aspx?args=s79LFcKIz38I3KnjVa8bnWSFJzZqUMX3Jcq6gDL1IfQ ... jiEEJErquKpdr8n0Qd612F+zB4ckUXgwVA+lXY+zaz6WvgatNlVp9E6iHQ+3CFrS4ttfy30OtYvMoNmOcw4NAjRMs0UT063DLIc6zpXrkRO1w9PhG7jsNxA5eH1QZ
1543401945331	Marionette	DEBUG	[6442450945] Received DOM event unload for http://192.168.10.124/EdInsight/Form/LocalAssessment/ReportItemAnalysis.aspx?args=s79LFcKIz38I3KnjVa8bnWSFJzZqUMX3Jcq6gDL1IfQ ... jiEEJErquKpdr8n0Qd612F+zB4ckUXgwVA+lXY+zaz6WvgatNlVp9E6iHQ+3CFrS4ttfy30OtYvMoNmOcw4NAjRMs0UT063DLIc6zpXrkRO1w9PhG7jsNxA5eH1QZ
1543401945520	Marionette	DEBUG	[6442450945] Received observer notification outer-window-destroyed for 6442451565
1543401945521	Marionette	DEBUG	[6442450945] Received observer notification outer-window-destroyed for 6442451571
1543401945521	Marionette	DEBUG	[6442450945] Received observer notification outer-window-destroyed for 6442451572
1543401945584	Marionette	DEBUG	[6442450945] Received DOM event DOMContentLoaded for http://192.168.10.124/EdInsight/Form/LocalAssessment/ReportItemAnalysis.aspx?args=s79LFcKIz38I3KnjVa8bnfN8cGbtovACwM3y0ofxkc1 ... uidNGW/TMer1BsBVZRFYQHx76ZV935OP3E+VIFG9o/P6OziXolL8mGp+1AVlxF4oZ0069q4+vgbMiy2+tM1CkSR1WKpUSP4xD6ZdJlY0wJ6iuvRMMJrzksoXE4tCX
1543401945635	Marionette	DEBUG	[6442450945] Received observer notification outer-window-destroyed for 6442451578
1543401945638	Marionette	DEBUG	[6442450945] Received observer notification outer-window-destroyed for 6442451579
JavaScript error: http://192.168.10.124/EdInsight/Form/LocalAssessment/ReportItemAnalysis.aspx?args=s79LFcKIz38I3KnjVa8bnfN8cGbtovACwM3y0ofxkc1vgWT+YGuTF02P6swz9kAtmbyigHB2lmHTQBjIaWq3JnmNu88t7Gmopju4xJJxESOF5ema3GMpZ58PN095my1qu0NtmERkXmE6vjVu1i/UJLJm0APl3Zbkg8e3w1kBokqizX1TklgOFXtLnZ3p3w2wHOkwyx1DU3/RhcarM9e1IU8gdbzK4nTTvfBkdFkPNuX4DKc12Vy6Ywoe4srjfEAS5HZ2xuNEr6lxpADO+n/4AGXSg/Xw/9/VrEMvnkTgaNY/c+pVNjEh5ObiGykOtgJzbF3uidNGW/TMer1BsBVZRFYQHx76ZV935OP3E+VIFG9o/P6OziXolL8mGp+1AVlxF4oZ0069q4+vgbMiy2+tM1CkSR1WKpUSP4xD6ZdJlY0wJ6iuvRMMJrzksoXE4tCX, line 1: ReferenceError: False is not defined
1543401945667	Marionette	DEBUG	[6442450945] Received DOM event pageshow for http://192.168.10.124/EdInsight/Form/LocalAssessment/ReportItemAnalysis.aspx?args=s79LFcKIz38I3KnjVa8bnfN8cGbtovACwM3y0ofxkc1 ... uidNGW/TMer1BsBVZRFYQHx76ZV935OP3E+VIFG9o/P6OziXolL8mGp+1AVlxF4oZ0069q4+vgbMiy2+tM1CkSR1WKpUSP4xD6ZdJlY0wJ6iuvRMMJrzksoXE4tCX
1543401945707	Marionette	DEBUG	[6442450945] Received DOM event beforeunload for http://192.168.10.124/EdInsight/Form/LocalAssessment/ReportItemAnalysis.aspx?args=s79LFcKIz38I3KnjVa8bnfN8cGbtovACwM3y0ofxkc1 ... uidNGW/TMer1BsBVZRFYQHx76ZV935OP3E+VIFG9o/P6OziXolL8mGp+1AVlxF4oZ0069q4+vgbMiy2+tM1CkSR1WKpUSP4xD6ZdJlY0wJ6iuvRMMJrzksoXE4tCX
1543401945950	Marionette	DEBUG	[6442450945] Received DOM event pagehide for http://192.168.10.124/EdInsight/Form/LocalAssessment/ReportItemAnalysis.aspx?args=s79LFcKIz38I3KnjVa8bnfN8cGbtovACwM3y0ofxkc1 ... uidNGW/TMer1BsBVZRFYQHx76ZV935OP3E+VIFG9o/P6OziXolL8mGp+1AVlxF4oZ0069q4+vgbMiy2+tM1CkSR1WKpUSP4xD6ZdJlY0wJ6iuvRMMJrzksoXE4tCX
1543401945953	Marionette	DEBUG	[6442450945] Received DOM event unload for http://192.168.10.124/EdInsight/Form/LocalAssessment/ReportItemAnalysis.aspx?args=s79LFcKIz38I3KnjVa8bnfN8cGbtovACwM3y0ofxkc1 ... uidNGW/TMer1BsBVZRFYQHx76ZV935OP3E+VIFG9o/P6OziXolL8mGp+1AVlxF4oZ0069q4+vgbMiy2+tM1CkSR1WKpUSP4xD6ZdJlY0wJ6iuvRMMJrzksoXE4tCX
1543401946153	Marionette	DEBUG	[6442450945] Received observer notification outer-window-destroyed for 6442451576
1543401946154	Marionette	DEBUG	[6442450945] Received observer notification outer-window-destroyed for 6442451582
1543401946154	Marionette	DEBUG	[6442450945] Received observer notification outer-window-destroyed for 6442451583
1543401946233	Marionette	DEBUG	[6442450945] Received DOM event DOMContentLoaded for http://192.168.10.124/EdInsight/Form/LocalAssessment/ReportItemAnalysis.aspx?args=s79LFcKIz38I3KnjVa8bnWwwEc2/2DmDEcT8P/lvdP/ ... 0yZntCfQPccfynX7JzDIBMTJoVivUy3+vkDtfQnfWpkYL0/wjqdllgJEZuURC+8Sw/8yjv7r66D7eIOGZKufFPmnR/nTqa8hlmTZuVjTq1FqXWsCB8QtcJy+mPezM
1543401946284	Marionette	DEBUG	[6442450945] Received observer notification outer-window-destroyed for 6442451589
1543401946285	Marionette	DEBUG	[6442450945] Received observer notification outer-window-destroyed for 6442451590
JavaScript error: http://192.168.10.124/EdInsight/Form/LocalAssessment/ReportItemAnalysis.aspx?args=s79LFcKIz38I3KnjVa8bnWwwEc2/2DmDEcT8P/lvdP/S+Dy6VBFsFMPgoj68D23kjzYzYiJT96CYrYZjQ6hkcgQH5fG3JW+fZfK4FPK1ALJMkeM32qzigc43fznLbl06FG7K27aEUa/V/R/oX3/ackle/y8V0jUpK3yUoR+s1wkqEfE6qvAbxdzulCv0UFoalnGqDmqK1vosN15l4hsP/Tdha0XT6n4+QE8IP4iyhzhmLBvSGsNlooQY9wzGN7yHQEXkgnEo89KNycZ9Oz0NrAPEnML/HuSlvg7V4C92BS4nP/0GYUV9KbRsY77jWBtGYne0yZntCfQPccfynX7JzDIBMTJoVivUy3+vkDtfQnfWpkYL0/wjqdllgJEZuURC+8Sw/8yjv7r66D7eIOGZKufFPmnR/nTqa8hlmTZuVjTq1FqXWsCB8QtcJy+mPezM, line 1: ReferenceError: False is not defined
1543401946303	Marionette	DEBUG	[6442450945] Received DOM event pageshow for http://192.168.10.124/EdInsight/Form/LocalAssessment/ReportItemAnalysis.aspx?args=s79LFcKIz38I3KnjVa8bnWwwEc2/2DmDEcT8P/lvdP/ ... 0yZntCfQPccfynX7JzDIBMTJoVivUy3+vkDtfQnfWpkYL0/wjqdllgJEZuURC+8Sw/8yjv7r66D7eIOGZKufFPmnR/nTqa8hlmTZuVjTq1FqXWsCB8QtcJy+mPezM
]]></system-err>
  </testcase>
  <testcase name="TCED14092" classname="com.analyzeByScore.ItemAnalysisbyQuestion" time="9.672"/>
  <testcase name="TCED14093" classname="com.analyzeByScore.ItemAnalysisbyQuestion" time="10.799"/>
  <testcase name="TCED14094" classname="com.analyzeByScore.ItemAnalysisbyQuestion" time="8.687"/>
  <testcase name="TCED14095" classname="com.analyzeByScore.ItemAnalysisbyQuestion" time="7.365"/>
  <testcase name="TCED14096" classname="com.analyzeByScore.ItemAnalysisbyQuestion" time="0.953"/>
  <testcase name="TCED14097" classname="com.analyzeByScore.ItemAnalysisbyQuestion" time="8.584"/>
  <testcase name="TCED14098" classname="com.analyzeByScore.ItemAnalysisbyQuestion" time="8.75"/>
  <testcase name="TCED14099" classname="com.analyzeByScore.ItemAnalysisbyQuestion" time="8.551"/>
  <testcase name="TCED14100" classname="com.analyzeByScore.ItemAnalysisbyQuestion" time="8.054"/>
  <testcase name="TCED14101" classname="com.analyzeByScore.ItemAnalysisbyQuestion" time="13.801"/>
  <testcase name="TCED14102" classname="com.analyzeByScore.ItemAnalysisbyQuestion" time="17.453"/>
  <testcase name="TCED14103" classname="com.analyzeByScore.ItemAnalysisbyQuestion" time="20.919">
    <failure message="Timeout during waiting for element: &apos;//a[contains(.,&apos;Analyze Scores&apos;)]&apos;" type="java.lang.AssertionError">java.lang.AssertionError: Timeout during waiting for element: '//a[contains(.,'Analyze Scores')]'
	at Library.BaseClassOne.waitFor(BaseClassOne.java:278)
	at Library.BaseClassOne.click(BaseClassOne.java:190)
	at com.analyzeByScore.ItemAnalysisbyQuestion.ReportParam(ItemAnalysisbyQuestion.java:601)
	at com.analyzeByScore.ItemAnalysisbyQuestion.TCED14103(ItemAnalysisbyQuestion.java:550)
</failure>
    <system-err><![CDATA[1543402069816	Marionette	DEBUG	[6442450945] Canceled page load listener because no navigation has been detected
]]></system-err>
  </testcase>
  <testcase name="TCED14104" classname="com.analyzeByScore.ItemAnalysisbyQuestion" time="44.275">
    <failure message="Failed to download document which has extension .PDF expected [true] but found [false]" type="java.lang.AssertionError">java.lang.AssertionError: Failed to download document which has extension .PDF expected [true] but found [false]
	at org.testng.Assert.fail(Assert.java:96)
	at org.testng.Assert.failNotEquals(Assert.java:776)
	at org.testng.Assert.assertTrue(Assert.java:44)
	at com.generalMethods.AssessmentPrint.AssessmentPrintReports(AssessmentPrint.java:43)
	at com.analyzeByScore.ItemAnalysisbyQuestion.TCED14104(ItemAnalysisbyQuestion.java:575)
</failure>
    <system-err><![CDATA[1543402090055	Marionette	DEBUG	[6442450945] Received DOM event beforeunload for http://192.168.10.124/EdInsight/Form/LocalAssessment/ReportItemAnalysis.aspx?args=s79LFcKIz38I3KnjVa8bnUYwr3IhdBQ//1TFl2wDC5v ... QHj2ErLbfBYpBQl0wClkIKZS5PHVeDkJl0CautxK/ZHpKkgK/oUFc5GAegjAWkKip/tiDIAS+qWsTpJTVZTLqx73tpWelDe2Q4rX+3ljR5sRdOcJ+Y8/nsTZTcSKI
1543402090340	Marionette	DEBUG	[6442450945] Received DOM event pagehide for http://192.168.10.124/EdInsight/Form/LocalAssessment/ReportItemAnalysis.aspx?args=s79LFcKIz38I3KnjVa8bnUYwr3IhdBQ//1TFl2wDC5v ... QHj2ErLbfBYpBQl0wClkIKZS5PHVeDkJl0CautxK/ZHpKkgK/oUFc5GAegjAWkKip/tiDIAS+qWsTpJTVZTLqx73tpWelDe2Q4rX+3ljR5sRdOcJ+Y8/nsTZTcSKI
1543402090344	Marionette	DEBUG	[6442450945] Received DOM event unload for http://192.168.10.124/EdInsight/Form/LocalAssessment/ReportItemAnalysis.aspx?args=s79LFcKIz38I3KnjVa8bnUYwr3IhdBQ//1TFl2wDC5v ... QHj2ErLbfBYpBQl0wClkIKZS5PHVeDkJl0CautxK/ZHpKkgK/oUFc5GAegjAWkKip/tiDIAS+qWsTpJTVZTLqx73tpWelDe2Q4rX+3ljR5sRdOcJ+Y8/nsTZTcSKI
1543402090576	Marionette	DEBUG	[6442450945] Received observer notification outer-window-destroyed for 6442452621
1543402090577	Marionette	DEBUG	[6442450945] Received observer notification outer-window-destroyed for 6442452627
1543402090577	Marionette	DEBUG	[6442450945] Received observer notification outer-window-destroyed for 6442452628
1543402090659	Marionette	DEBUG	[6442450945] Received DOM event DOMContentLoaded for http://192.168.10.124/EdInsight/Form/LocalAssessment/ReportItemAnalysis.aspx?args=s79LFcKIz38I3KnjVa8bnYT5XpvbnLUOKDh3mlJxOSz ... HULl+SNDh08vw2A1V8qiAT1Rb3pj3UTEINdpvdckotxgaExjdF9mgk4d8yd2fCEO7NfHkrPV1iXq5V2ElstYaYNVN9WxSdiWbw6jB/VQRNO2Oag9ychO7lz2Y3mga
1543402090719	Marionette	DEBUG	[6442450945] Received observer notification outer-window-destroyed for 6442452634
1543402090721	Marionette	DEBUG	[6442450945] Received observer notification outer-window-destroyed for 6442452635
JavaScript error: http://192.168.10.124/EdInsight/Form/LocalAssessment/ReportItemAnalysis.aspx?args=s79LFcKIz38I3KnjVa8bnYT5XpvbnLUOKDh3mlJxOSzXO8shRAHYcQO8//bhB8rmuAtd/BLYGxZ9TmkmrYdcgiZ/WLfiNgc+42lvnfMQ7uS3AwqY8BnhrqnbV0KdghOG4PWtMl8c3mV1rLAx1A3tM2ja7u7OooemwfIi12ZJdCoL8AfL2zhlYhjWdTrzpAGlNFMziY6iHF1GpBmE8pJn/f3Eulgd06SRiGWnriKkNgfDhmGLBEA+ITxHGFgNE6S1J3rwJrGisq7P01+iLPtPa/aQFX/MR1wzAmDbxiAKosw8iyBEo2/be19eZiiqcDy5LxYHULl+SNDh08vw2A1V8qiAT1Rb3pj3UTEINdpvdckotxgaExjdF9mgk4d8yd2fCEO7NfHkrPV1iXq5V2ElstYaYNVN9WxSdiWbw6jB/VQRNO2Oag9ychO7lz2Y3mga, line 1: ReferenceError: False is not defined
1543402090943	Marionette	DEBUG	[6442450945] Received DOM event pageshow for http://192.168.10.124/EdInsight/Form/LocalAssessment/ReportItemAnalysis.aspx?args=s79LFcKIz38I3KnjVa8bnYT5XpvbnLUOKDh3mlJxOSz ... HULl+SNDh08vw2A1V8qiAT1Rb3pj3UTEINdpvdckotxgaExjdF9mgk4d8yd2fCEO7NfHkrPV1iXq5V2ElstYaYNVN9WxSdiWbw6jB/VQRNO2Oag9ychO7lz2Y3mga
1543402092038	Marionette	DEBUG	[6442450945] Received DOM event beforeunload for http://192.168.10.124/EdInsight/Form/LocalAssessment/LocalAssessmentDashboardPopup.aspx?args=K2Mx8H/lUrLx3C0HUfB4Up408aGrghp/ ... lxb+dT3aZ+cfQ6RlYc29iwCkQeAMd4InG+kcSejrT+yiuIqX/aDnyBSQZiEladNIVm27BhEe9JO66EHMOA5IN5oPr2jltNucUyqmGOLFMif8HmJXsC980IbCDFQ==
1543402097253	Marionette	DEBUG	[6442450945] Canceled page load listener because no navigation has been detected
1543402110350	Marionette	DEBUG	[6442450945] Received DOM event beforeunload for http://192.168.10.124/EdInsight/Form/LocalAssessment/LocalAssessmentDashboardPopup.aspx?args=K2Mx8H/lUrLx3C0HUfB4Up408aGrghp/ ... lxb+dT3aZ+cfQ6RlYc29iwCkQeAMd4InG+kcSejrT+yiuIqX/aDnyBSQZiEladNIVm27BhEe9JO66EHMOA5IN5oPr2jltNucUyqmGOLFMif8HmJXsC980IbCDFQ==
1543402113354	Marionette	DEBUG	[6442450945] Received DOM event beforeunload for http://192.168.10.124/EdInsight/Form/LocalAssessment/LocalAssessmentDashboardPopup.aspx?args=K2Mx8H/lUrLx3C0HUfB4Up408aGrghp/ ... lxb+dT3aZ+cfQ6RlYc29iwCkQeAMd4InG+kcSejrT+yiuIqX/aDnyBSQZiEladNIVm27BhEe9JO66EHMOA5IN5oPr2jltNucUyqmGOLFMif8HmJXsC980IbCDFQ==
1543402114317	Marionette	DEBUG	[6442450945] Received DOM event pagehide for http://192.168.10.124/EdInsight/Form/LocalAssessment/LocalAssessmentDashboardPopup.aspx?args=K2Mx8H/lUrLx3C0HUfB4Up408aGrghp/ ... lxb+dT3aZ+cfQ6RlYc29iwCkQeAMd4InG+kcSejrT+yiuIqX/aDnyBSQZiEladNIVm27BhEe9JO66EHMOA5IN5oPr2jltNucUyqmGOLFMif8HmJXsC980IbCDFQ==
1543402114319	Marionette	DEBUG	[6442450945] Received DOM event unload for http://192.168.10.124/EdInsight/Form/LocalAssessment/LocalAssessmentDashboardPopup.aspx?args=K2Mx8H/lUrLx3C0HUfB4Up408aGrghp/ ... lxb+dT3aZ+cfQ6RlYc29iwCkQeAMd4InG+kcSejrT+yiuIqX/aDnyBSQZiEladNIVm27BhEe9JO66EHMOA5IN5oPr2jltNucUyqmGOLFMif8HmJXsC980IbCDFQ==
1543402114477	Marionette	DEBUG	[6442450945] Received DOM event DOMContentLoaded for http://192.168.10.124/EdInsight/Form/LocalAssessment/LocalAssessmentDashboardPopup.aspx?args=K2Mx8H/lUrLx3C0HUfB4Up408aGrghp/ ... lxb+dT3aZ+cfQ6RlYc29iwCkQeAMd4InG+kcSejrT+yiuIqX/aDnyBSQZiEladNIVm27BhEe9JO66EHMOA5IN5oPr2jltNucUyqmGOLFMif8HmJXsC980IbCDFQ==
1543402114494	Marionette	DEBUG	[6442450945] Received DOM event pageshow for http://192.168.10.124/EdInsight/Form/LocalAssessment/LocalAssessmentDashboardPopup.aspx?args=K2Mx8H/lUrLx3C0HUfB4Up408aGrghp/ ... lxb+dT3aZ+cfQ6RlYc29iwCkQeAMd4InG+kcSejrT+yiuIqX/aDnyBSQZiEladNIVm27BhEe9JO66EHMOA5IN5oPr2jltNucUyqmGOLFMif8HmJXsC980IbCDFQ==
1543402128280	Marionette	DEBUG	[6442450945] Canceled page load listener because no navigation has been detected
]]></system-err>
  </testcase>
</testsuite>