<?xml version="1.0" encoding="UTF-8"?>
<testsuite name="TestSuite" time="65.593" tests="8" errors="0" skipped="0" failures="2">
  <properties>
    <property name="java.runtime.name" value="Java(TM) SE Runtime Environment"/>
    <property name="sun.boot.library.path" value="C:\Program Files\Java\jdk1.8.0_181\jre\bin"/>
    <property name="java.vm.version" value="25.181-b13"/>
    <property name="java.vm.vendor" value="Oracle Corporation"/>
    <property name="maven.multiModuleProjectDirectory" value="F:\Vofox-Webdriver\Edinsight"/>
    <property name="java.vendor.url" value="http://java.oracle.com/"/>
    <property name="path.separator" value=";"/>
    <property name="guice.disable.misplaced.annotation.check" value="true"/>
    <property name="java.vm.name" value="Java HotSpot(TM) 64-Bit Server VM"/>
    <property name="file.encoding.pkg" value="sun.io"/>
    <property name="user.script" value=""/>
    <property name="user.country" value="US"/>
    <property name="sun.java.launcher" value="SUN_STANDARD"/>
    <property name="sun.os.patch.level" value=""/>
    <property name="java.vm.specification.name" value="Java Virtual Machine Specification"/>
    <property name="user.dir" value="F:\Vofox-Webdriver\Edinsight"/>
    <property name="java.runtime.version" value="1.8.0_181-b13"/>
    <property name="java.awt.graphicsenv" value="sun.awt.Win32GraphicsEnvironment"/>
    <property name="java.endorsed.dirs" value="C:\Program Files\Java\jdk1.8.0_181\jre\lib\endorsed"/>
    <property name="os.arch" value="amd64"/>
    <property name="java.io.tmpdir" value="C:\Users\DEVELO~1\AppData\Local\Temp\"/>
    <property name="line.separator" value="&#10;"/>
    <property name="java.vm.specification.vendor" value="Oracle Corporation"/>
    <property name="user.variant" value=""/>
    <property name="os.name" value="Windows 10"/>
    <property name="classworlds.conf" value="E:\apache-maven-3.5.4\bin\..\bin\m2.conf"/>
    <property name="sun.jnu.encoding" value="Cp1252"/>
    <property name="java.library.path" value="C:\Program Files\Java\jdk1.8.0_181\bin;C:\WINDOWS\Sun\Java\bin;C:\WINDOWS\system32;C:\WINDOWS;C:\Program Files\Java\jdk1.8.0_181/bin;C:\Program Files\Java\jdk1.8.0_181/bin;C:\Program Files\Java\jdk1.8.0_181\bin;C:\Program Files (x86)\Common Files\Oracle\Java\javapath;C:\WINDOWS\system32;C:\WINDOWS;C:\WINDOWS\System32\Wbem;C:\WINDOWS\System32\WindowsPowerShell\v1.0\;C:\Program Files\Git\cmd;C:\WINDOWS\System32\OpenSSH\;E:\apache-maven-3.5.4\bin;C:\Users\Developer\AppData\Local\Microsoft\WindowsApps;."/>
    <property name="maven.conf" value="E:\apache-maven-3.5.4\bin\../conf"/>
    <property name="java.specification.name" value="Java Platform API Specification"/>
    <property name="java.class.version" value="52.0"/>
    <property name="sun.management.compiler" value="HotSpot 64-Bit Tiered Compilers"/>
    <property name="os.version" value="10.0"/>
    <property name="library.jansi.path" value="E:\apache-maven-3.5.4\bin\..\lib\jansi-native"/>
    <property name="surefire.suiteXmlFiles" value="VED0008-Question_Bank_Apply_Standards.xml"/>
    <property name="user.home" value="C:\Users\Developer"/>
    <property name="user.timezone" value="Asia/Calcutta"/>
    <property name="java.awt.printerjob" value="sun.awt.windows.WPrinterJob"/>
    <property name="java.specification.version" value="1.8"/>
    <property name="file.encoding" value="Cp1252"/>
    <property name="user.name" value="Developer"/>
    <property name="java.class.path" value="E:\apache-maven-3.5.4\bin\..\boot\plexus-classworlds-2.5.2.jar"/>
    <property name="java.vm.specification.version" value="1.8"/>
    <property name="sun.arch.data.model" value="64"/>
    <property name="java.home" value="C:\Program Files\Java\jdk1.8.0_181\jre"/>
    <property name="sun.java.command" value="org.codehaus.plexus.classworlds.launcher.Launcher clean test -Dsurefire.suiteXmlFiles=VED0008-Question_Bank_Apply_Standards.xml"/>
    <property name="java.specification.vendor" value="Oracle Corporation"/>
    <property name="user.language" value="en"/>
    <property name="awt.toolkit" value="sun.awt.windows.WToolkit"/>
    <property name="java.vm.info" value="mixed mode"/>
    <property name="java.version" value="1.8.0_181"/>
    <property name="java.ext.dirs" value="C:\Program Files\Java\jdk1.8.0_181\jre\lib\ext;C:\WINDOWS\Sun\Java\lib\ext"/>
    <property name="sun.boot.class.path" value="C:\Program Files\Java\jdk1.8.0_181\jre\lib\resources.jar;C:\Program Files\Java\jdk1.8.0_181\jre\lib\rt.jar;C:\Program Files\Java\jdk1.8.0_181\jre\lib\sunrsasign.jar;C:\Program Files\Java\jdk1.8.0_181\jre\lib\jsse.jar;C:\Program Files\Java\jdk1.8.0_181\jre\lib\jce.jar;C:\Program Files\Java\jdk1.8.0_181\jre\lib\charsets.jar;C:\Program Files\Java\jdk1.8.0_181\jre\lib\jfr.jar;C:\Program Files\Java\jdk1.8.0_181\jre\classes"/>
    <property name="java.vendor" value="Oracle Corporation"/>
    <property name="maven.home" value="E:\apache-maven-3.5.4\bin\.."/>
    <property name="file.separator" value="\"/>
    <property name="java.vendor.url.bug" value="http://bugreport.sun.com/bugreport/"/>
    <property name="sun.cpu.endian" value="little"/>
    <property name="sun.io.unicode.encoding" value="UnicodeLittle"/>
    <property name="sun.desktop" value="windows"/>
    <property name="sun.cpu.isalist" value="amd64"/>
  </properties>
  <testcase name="TCED16201" classname="com.localassessment.Question_Bank_Apply_Standards" time="5.547"/>
  <testcase name="TCED16202" classname="com.localassessment.Question_Bank_Apply_Standards" time="5.425"/>
  <testcase name="TCED16203" classname="com.localassessment.Question_Bank_Apply_Standards" time="0.406"/>
  <testcase name="TCED16204" classname="com.localassessment.Question_Bank_Apply_Standards" time="1.902"/>
  <testcase name="TCED16205" classname="com.localassessment.Question_Bank_Apply_Standards" time="6.929">
    <failure message="Assigned standard not found expected [true] but found [false]" type="java.lang.AssertionError">java.lang.AssertionError: Assigned standard not found expected [true] but found [false]
	at org.testng.Assert.fail(Assert.java:96)
	at org.testng.Assert.failNotEquals(Assert.java:776)
	at org.testng.Assert.assertTrue(Assert.java:44)
	at com.localassessment.Question_Bank_Apply_Standards.TCED16205(Question_Bank_Apply_Standards.java:196)
</failure>
    <system-err><![CDATA[1542625757487	addons.productaddons	INFO	sending request to: https://aus5.mozilla.org/update/3/GMP/62.0/20180830143136/WINNT_x86_64-msvc-x64/en-US/release/Windows_NT%2010.0.0.0.17134.286%20(x64)/default/default/update.xml
1542625757542	Marionette	DEBUG	[6442450945] Received DOM event beforeunload for http://192.168.10.124/EdInsight/Form/LocalAssessment/QuestionBankMassEditStandards.aspx?massIds=1000%2c1001&rwndrnd=0.09795919821799948
1542625757631	Marionette	DEBUG	[6442450945] Received DOM event pagehide for http://192.168.10.124/EdInsight/Form/LocalAssessment/QuestionBankMassEditStandards.aspx?massIds=1000%2c1001&rwndrnd=0.09795919821799948
1542625757632	Marionette	DEBUG	[6442450945] Received DOM event unload for http://192.168.10.124/EdInsight/Form/LocalAssessment/QuestionBankMassEditStandards.aspx?massIds=1000%2c1001&rwndrnd=0.09795919821799948
1542625757862	Marionette	DEBUG	[6442450945] Received DOM event DOMContentLoaded for http://192.168.10.124/EdInsight/Form/LocalAssessment/QuestionBankMassEditStandards.aspx?massIds=1000%2c1001&rwndrnd=0.09795919821799948
1542625757931	Marionette	DEBUG	[6442450945] Received DOM event pageshow for http://192.168.10.124/EdInsight/Form/LocalAssessment/QuestionBankMassEditStandards.aspx?massIds=1000%2c1001&rwndrnd=0.09795919821799948
1542625758729	Marionette	DEBUG	[6442450945] Canceled page load listener because no navigation has been detected
1542625759020	Marionette	DEBUG	[6442450945] Canceled page load listener because no navigation has been detected
1542625759103	Marionette	DEBUG	[6442450945] Received DOM event beforeunload for http://192.168.10.124/EdInsight/Form/LocalAssessment/QuestionBankMassEditStandards.aspx?massIds=1000%2c1001&rwndrnd=0.09795919821799948
1542625759180	Marionette	DEBUG	[6442450945] Received DOM event pagehide for http://192.168.10.124/EdInsight/Form/LocalAssessment/QuestionBankMassEditStandards.aspx?massIds=1000%2c1001&rwndrnd=0.09795919821799948
1542625759182	Marionette	DEBUG	[6442450945] Received DOM event unload for http://192.168.10.124/EdInsight/Form/LocalAssessment/QuestionBankMassEditStandards.aspx?massIds=1000%2c1001&rwndrnd=0.09795919821799948
1542625759388	Marionette	DEBUG	[6442450945] Received DOM event DOMContentLoaded for http://192.168.10.124/EdInsight/Form/LocalAssessment/QuestionBankMassEditStandards.aspx?massIds=1000%2c1001&rwndrnd=0.09795919821799948
1542625759452	Marionette	DEBUG	[6442450945] Received DOM event pageshow for http://192.168.10.124/EdInsight/Form/LocalAssessment/QuestionBankMassEditStandards.aspx?massIds=1000%2c1001&rwndrnd=0.09795919821799948
1542625759736	Marionette	DEBUG	[6442450945] Canceled page load listener because no navigation has been detected
1542625760514	Marionette	DEBUG	[6442450945] Canceled page load listener because no navigation has been detected
]]></system-err>
  </testcase>
  <testcase name="TCED16206" classname="com.localassessment.Question_Bank_Apply_Standards" time="20.276">
    <failure message="Timeout during waiting for element: &apos;//a[contains(text(),&apos;Question Bank&apos;)]&apos;" type="java.lang.AssertionError">java.lang.AssertionError: Timeout during waiting for element: '//a[contains(text(),'Question Bank')]'
	at Library.BaseClassOne.waitFor(BaseClassOne.java:278)
	at Library.BaseClassOne.click(BaseClassOne.java:190)
	at com.localassessment.Question_Bank_Apply_Standards.TCED16206(Question_Bank_Apply_Standards.java:218)
</failure>
    <system-err><![CDATA[1542625777493	addons.productaddons	WARN	Failed downloading XML, status: 0, reason: timeout
1542625777493	addons.productaddons	INFO	fetching config from: chrome://global/content/gmp-sources/openh264.json
1542625777494	addons.productaddons	INFO	fetching config from: chrome://global/content/gmp-sources/widevinecdm.json
1542625777496	addons.productaddons	INFO	found plugin: gmp-gmpopenh264
1542625777496	addons.productaddons	INFO	found plugin: gmp-widevinecdm
1542625778176	addons.productaddons	INFO	downloadXHR File download. status=200
1542625778184	addons.productaddons	INFO	Downloaded file will be saved to C:\Users\DEVELO~1\AppData\Local\Temp\tmpaddon-82c70d
1542625780997	addons.productaddons	INFO	downloadXHR File download. status=200
1542625781000	addons.productaddons	INFO	Downloaded file will be saved to C:\Users\DEVELO~1\AppData\Local\Temp\tmpaddon-ad4e96
]]></system-err>
  </testcase>
  <testcase name="TCED16207" classname="com.localassessment.Question_Bank_Apply_Standards" time="15.418"/>
  <testcase name="TCED16208" classname="com.localassessment.Question_Bank_Apply_Standards" time="9.69"/>
</testsuite>