<?xml version="1.0" encoding="UTF-8"?>
<testsuite name="TestSuite" time="340.078" tests="24" errors="0" skipped="0" failures="2">
  <properties>
    <property name="java.runtime.name" value="Java(TM) SE Runtime Environment"/>
    <property name="sun.boot.library.path" value="C:\Program Files\Java\jdk1.8.0_181\jre\bin"/>
    <property name="java.vm.version" value="25.181-b13"/>
    <property name="java.vm.vendor" value="Oracle Corporation"/>
    <property name="maven.multiModuleProjectDirectory" value="F:\Vofox-Webdriver\Edinsight"/>
    <property name="java.vendor.url" value="http://java.oracle.com/"/>
    <property name="path.separator" value=";"/>
    <property name="guice.disable.misplaced.annotation.check" value="true"/>
    <property name="java.vm.name" value="Java HotSpot(TM) 64-Bit Server VM"/>
    <property name="file.encoding.pkg" value="sun.io"/>
    <property name="user.script" value=""/>
    <property name="user.country" value="US"/>
    <property name="sun.java.launcher" value="SUN_STANDARD"/>
    <property name="sun.os.patch.level" value=""/>
    <property name="java.vm.specification.name" value="Java Virtual Machine Specification"/>
    <property name="user.dir" value="F:\Vofox-Webdriver\Edinsight"/>
    <property name="java.runtime.version" value="1.8.0_181-b13"/>
    <property name="java.awt.graphicsenv" value="sun.awt.Win32GraphicsEnvironment"/>
    <property name="java.endorsed.dirs" value="C:\Program Files\Java\jdk1.8.0_181\jre\lib\endorsed"/>
    <property name="os.arch" value="amd64"/>
    <property name="java.io.tmpdir" value="C:\Users\DEVELO~1\AppData\Local\Temp\"/>
    <property name="line.separator" value="&#10;"/>
    <property name="java.vm.specification.vendor" value="Oracle Corporation"/>
    <property name="user.variant" value=""/>
    <property name="os.name" value="Windows 10"/>
    <property name="classworlds.conf" value="E:\apache-maven-3.5.4\bin\..\bin\m2.conf"/>
    <property name="sun.jnu.encoding" value="Cp1252"/>
    <property name="java.library.path" value="C:\Program Files\Java\jdk1.8.0_181\bin;C:\WINDOWS\Sun\Java\bin;C:\WINDOWS\system32;C:\WINDOWS;C:\Program Files\Java\jdk1.8.0_181/bin;C:\Program Files\Java\jdk1.8.0_181/bin;C:\Program Files\Java\jdk1.8.0_181\bin;C:\Program Files (x86)\Common Files\Oracle\Java\javapath;C:\WINDOWS\system32;C:\WINDOWS;C:\WINDOWS\System32\Wbem;C:\WINDOWS\System32\WindowsPowerShell\v1.0\;C:\Program Files\Git\cmd;C:\WINDOWS\System32\OpenSSH\;E:\apache-maven-3.5.4\bin;C:\Users\Developer\AppData\Local\Microsoft\WindowsApps;."/>
    <property name="maven.conf" value="E:\apache-maven-3.5.4\bin\../conf"/>
    <property name="java.specification.name" value="Java Platform API Specification"/>
    <property name="java.class.version" value="52.0"/>
    <property name="sun.management.compiler" value="HotSpot 64-Bit Tiered Compilers"/>
    <property name="os.version" value="10.0"/>
    <property name="library.jansi.path" value="E:\apache-maven-3.5.4\bin\..\lib\jansi-native"/>
    <property name="surefire.suiteXmlFiles" value="VED0022-Item_Analysis_by_Question.xml"/>
    <property name="user.home" value="C:\Users\Developer"/>
    <property name="user.timezone" value="Asia/Calcutta"/>
    <property name="java.awt.printerjob" value="sun.awt.windows.WPrinterJob"/>
    <property name="java.specification.version" value="1.8"/>
    <property name="file.encoding" value="Cp1252"/>
    <property name="user.name" value="Developer"/>
    <property name="java.class.path" value="E:\apache-maven-3.5.4\bin\..\boot\plexus-classworlds-2.5.2.jar"/>
    <property name="java.vm.specification.version" value="1.8"/>
    <property name="sun.arch.data.model" value="64"/>
    <property name="java.home" value="C:\Program Files\Java\jdk1.8.0_181\jre"/>
    <property name="sun.java.command" value="org.codehaus.plexus.classworlds.launcher.Launcher clean test -Dsurefire.suiteXmlFiles=VED0022-Item_Analysis_by_Question.xml"/>
    <property name="java.specification.vendor" value="Oracle Corporation"/>
    <property name="user.language" value="en"/>
    <property name="awt.toolkit" value="sun.awt.windows.WToolkit"/>
    <property name="java.vm.info" value="mixed mode"/>
    <property name="java.version" value="1.8.0_181"/>
    <property name="java.ext.dirs" value="C:\Program Files\Java\jdk1.8.0_181\jre\lib\ext;C:\WINDOWS\Sun\Java\lib\ext"/>
    <property name="sun.boot.class.path" value="C:\Program Files\Java\jdk1.8.0_181\jre\lib\resources.jar;C:\Program Files\Java\jdk1.8.0_181\jre\lib\rt.jar;C:\Program Files\Java\jdk1.8.0_181\jre\lib\sunrsasign.jar;C:\Program Files\Java\jdk1.8.0_181\jre\lib\jsse.jar;C:\Program Files\Java\jdk1.8.0_181\jre\lib\jce.jar;C:\Program Files\Java\jdk1.8.0_181\jre\lib\charsets.jar;C:\Program Files\Java\jdk1.8.0_181\jre\lib\jfr.jar;C:\Program Files\Java\jdk1.8.0_181\jre\classes"/>
    <property name="java.vendor" value="Oracle Corporation"/>
    <property name="maven.home" value="E:\apache-maven-3.5.4\bin\.."/>
    <property name="file.separator" value="\"/>
    <property name="java.vendor.url.bug" value="http://bugreport.sun.com/bugreport/"/>
    <property name="sun.cpu.endian" value="little"/>
    <property name="sun.io.unicode.encoding" value="UnicodeLittle"/>
    <property name="sun.desktop" value="windows"/>
    <property name="sun.cpu.isalist" value="amd64"/>
  </properties>
  <testcase name="TCED14081" classname="com.analyzeByScore.ItemAnalysisbyQuestion" time="10.429"/>
  <testcase name="TCED14082" classname="com.analyzeByScore.ItemAnalysisbyQuestion" time="0.141"/>
  <testcase name="TCED14083" classname="com.analyzeByScore.ItemAnalysisbyQuestion" time="0.813"/>
  <testcase name="TCED14084" classname="com.analyzeByScore.ItemAnalysisbyQuestion" time="0.861"/>
  <testcase name="TCED14085" classname="com.analyzeByScore.ItemAnalysisbyQuestion" time="5.194"/>
  <testcase name="TCED14086" classname="com.analyzeByScore.ItemAnalysisbyQuestion" time="5.093"/>
  <testcase name="TCED14087" classname="com.analyzeByScore.ItemAnalysisbyQuestion" time="5.306"/>
  <testcase name="TCED14088" classname="com.analyzeByScore.ItemAnalysisbyQuestion" time="5.397"/>
  <testcase name="TCED14089" classname="com.analyzeByScore.ItemAnalysisbyQuestion" time="8.884"/>
  <testcase name="TCED14090" classname="com.analyzeByScore.ItemAnalysisbyQuestion" time="20.234">
    <failure message="Timeout during waiting for element: &apos;//a[contains(text(),&apos;5&apos;)]&apos;" type="java.lang.AssertionError">java.lang.AssertionError: Timeout during waiting for element: '//a[contains(text(),'5')]'
	at Library.BaseClassOne.waitFor(BaseClassOne.java:278)
	at Library.BaseClassOne.click(BaseClassOne.java:190)
	at com.analyzeByScore.ItemAnalysisbyQuestion.TCED14090(ItemAnalysisbyQuestion.java:234)
</failure>
  </testcase>
  <testcase name="TCED14091" classname="com.analyzeByScore.ItemAnalysisbyQuestion" time="28.585">
    <failure message="Timeout during waiting for element: &apos;//a[contains(text(),&apos;5&apos;)]&apos;" type="java.lang.AssertionError">java.lang.AssertionError: Timeout during waiting for element: '//a[contains(text(),'5')]'
	at Library.BaseClassOne.waitFor(BaseClassOne.java:278)
	at Library.BaseClassOne.click(BaseClassOne.java:190)
	at com.analyzeByScore.ItemAnalysisbyQuestion.TCED14091(ItemAnalysisbyQuestion.java:263)
</failure>
    <system-err><![CDATA[1543406567072	Marionette	DEBUG	[6442450945] Canceled page load listener because no navigation has been detected
1543406567158	Marionette	DEBUG	[6442450945] Received DOM event beforeunload for http://192.168.10.124/EdInsight/Form/LocalAssessment/ReportItemAnalysis.aspx?args=s79LFcKIz38I3KnjVa8bnc+Gu+Ruf0sOsPJKjzWFwLB ... +c5ql8lDuWDAf5IE0XEfaapGjYk+65twq8FG5NV4+aq6MSJpa1BRrHpb0Dy8T2zfThrU9Lp7rd6CNgKQF5m2oGf5YQWPlLe7YJip33OqNvynP832CDprQnpc0ZCz1
1543406567309	Marionette	DEBUG	[6442450945] Received DOM event pagehide for http://192.168.10.124/EdInsight/Form/LocalAssessment/ReportItemAnalysis.aspx?args=s79LFcKIz38I3KnjVa8bnc+Gu+Ruf0sOsPJKjzWFwLB ... +c5ql8lDuWDAf5IE0XEfaapGjYk+65twq8FG5NV4+aq6MSJpa1BRrHpb0Dy8T2zfThrU9Lp7rd6CNgKQF5m2oGf5YQWPlLe7YJip33OqNvynP832CDprQnpc0ZCz1
1543406567311	Marionette	DEBUG	[6442450945] Received DOM event unload for http://192.168.10.124/EdInsight/Form/LocalAssessment/ReportItemAnalysis.aspx?args=s79LFcKIz38I3KnjVa8bnc+Gu+Ruf0sOsPJKjzWFwLB ... +c5ql8lDuWDAf5IE0XEfaapGjYk+65twq8FG5NV4+aq6MSJpa1BRrHpb0Dy8T2zfThrU9Lp7rd6CNgKQF5m2oGf5YQWPlLe7YJip33OqNvynP832CDprQnpc0ZCz1
1543406567498	Marionette	DEBUG	[6442450945] Received observer notification outer-window-destroyed for 6442451488
1543406567499	Marionette	DEBUG	[6442450945] Received observer notification outer-window-destroyed for 6442451494
1543406567499	Marionette	DEBUG	[6442450945] Received observer notification outer-window-destroyed for 6442451495
1543406567569	Marionette	DEBUG	[6442450945] Received DOM event DOMContentLoaded for http://192.168.10.124/EdInsight/Form/LocalAssessment/AssessmentReports.aspx?args=s79LFcKIz38I3KnjVa8bnXOl5RoD1TN3O7H1ydM3jJfzkLKWdqE/h2ebhAHNcOCtdo2jIr6tb3EV+kkDiOOx0gESUak7pXZA4eVfvF76Tp6Ts+87W5POX3AKlf7CTHlkiIKIz1WfIRWvC/tr9R913A==
1543406567637	Marionette	DEBUG	[6442450945] Received observer notification outer-window-destroyed for 6442451501
1543406567640	Marionette	DEBUG	[6442450945] Received observer notification outer-window-destroyed for 6442451502
JavaScript error: http://192.168.10.124/EdInsight/Form/LocalAssessment/AssessmentReports.aspx?args=s79LFcKIz38I3KnjVa8bnXOl5RoD1TN3O7H1ydM3jJfzkLKWdqE/h2ebhAHNcOCtdo2jIr6tb3EV+kkDiOOx0gESUak7pXZA4eVfvF76Tp6Ts+87W5POX3AKlf7CTHlkiIKIz1WfIRWvC/tr9R913A==, line 1: ReferenceError: False is not defined
1543406567658	Marionette	DEBUG	[6442450945] Received DOM event pageshow for http://192.168.10.124/EdInsight/Form/LocalAssessment/AssessmentReports.aspx?args=s79LFcKIz38I3KnjVa8bnXOl5RoD1TN3O7H1ydM3jJfzkLKWdqE/h2ebhAHNcOCtdo2jIr6tb3EV+kkDiOOx0gESUak7pXZA4eVfvF76Tp6Ts+87W5POX3AKlf7CTHlkiIKIz1WfIRWvC/tr9R913A==
1543406567699	Marionette	DEBUG	[6442450945] Received DOM event beforeunload for http://192.168.10.124/EdInsight/Form/LocalAssessment/AssessmentReports.aspx?args=s79LFcKIz38I3KnjVa8bnXOl5RoD1TN3O7H1ydM3jJfzkLKWdqE/h2ebhAHNcOCtdo2jIr6tb3EV+kkDiOOx0gESUak7pXZA4eVfvF76Tp6Ts+87W5POX3AKlf7CTHlkiIKIz1WfIRWvC/tr9R913A==
1543406567885	Marionette	DEBUG	[6442450945] Received DOM event pagehide for http://192.168.10.124/EdInsight/Form/LocalAssessment/AssessmentReports.aspx?args=s79LFcKIz38I3KnjVa8bnXOl5RoD1TN3O7H1ydM3jJfzkLKWdqE/h2ebhAHNcOCtdo2jIr6tb3EV+kkDiOOx0gESUak7pXZA4eVfvF76Tp6Ts+87W5POX3AKlf7CTHlkiIKIz1WfIRWvC/tr9R913A==
1543406567887	Marionette	DEBUG	[6442450945] Received DOM event unload for http://192.168.10.124/EdInsight/Form/LocalAssessment/AssessmentReports.aspx?args=s79LFcKIz38I3KnjVa8bnXOl5RoD1TN3O7H1ydM3jJfzkLKWdqE/h2ebhAHNcOCtdo2jIr6tb3EV+kkDiOOx0gESUak7pXZA4eVfvF76Tp6Ts+87W5POX3AKlf7CTHlkiIKIz1WfIRWvC/tr9R913A==
1543406568067	Marionette	DEBUG	[6442450945] Received observer notification outer-window-destroyed for 6442451499
1543406568068	Marionette	DEBUG	[6442450945] Received observer notification outer-window-destroyed for 6442451505
1543406568068	Marionette	DEBUG	[6442450945] Received observer notification outer-window-destroyed for 6442451506
1543406568141	Marionette	DEBUG	[6442450945] Received DOM event DOMContentLoaded for http://192.168.10.124/EdInsight/Form/LocalAssessment/ReportItemAnalysisParams.aspx?args=s79LFcKIz38I3KnjVa8bnUw2vbqKhKZWcZLQxvBCqHk=
1543406568193	Marionette	DEBUG	[6442450945] Received observer notification outer-window-destroyed for 6442451512
1543406568197	Marionette	DEBUG	[6442450945] Received observer notification outer-window-destroyed for 6442451513
JavaScript error: http://192.168.10.124/EdInsight/Form/LocalAssessment/ReportItemAnalysisParams.aspx?args=s79LFcKIz38I3KnjVa8bnUw2vbqKhKZWcZLQxvBCqHk=, line 1: ReferenceError: False is not defined
1543406568222	Marionette	DEBUG	[6442450945] Received DOM event pageshow for http://192.168.10.124/EdInsight/Form/LocalAssessment/ReportItemAnalysisParams.aspx?args=s79LFcKIz38I3KnjVa8bnUw2vbqKhKZWcZLQxvBCqHk=
1543406568329	Marionette	DEBUG	[6442450945] Received DOM event beforeunload for http://192.168.10.124/EdInsight/Form/LocalAssessment/ReportItemAnalysisParams.aspx?args=s79LFcKIz38I3KnjVa8bnUw2vbqKhKZWcZLQxvBCqHk=
1543406568457	Marionette	DEBUG	[6442450945] Received DOM event pagehide for http://192.168.10.124/EdInsight/Form/LocalAssessment/ReportItemAnalysisParams.aspx?args=s79LFcKIz38I3KnjVa8bnUw2vbqKhKZWcZLQxvBCqHk=
1543406568458	Marionette	DEBUG	[6442450945] Received DOM event unload for http://192.168.10.124/EdInsight/Form/LocalAssessment/ReportItemAnalysisParams.aspx?args=s79LFcKIz38I3KnjVa8bnUw2vbqKhKZWcZLQxvBCqHk=
1543406568614	Marionette	DEBUG	[6442450945] Received observer notification outer-window-destroyed for 6442451510
1543406568614	Marionette	DEBUG	[6442450945] Received observer notification outer-window-destroyed for 6442451516
1543406568614	Marionette	DEBUG	[6442450945] Received observer notification outer-window-destroyed for 6442451517
1543406568682	Marionette	DEBUG	[6442450945] Received DOM event DOMContentLoaded for http://192.168.10.124/EdInsight/Form/LocalAssessment/ReportItemAnalysisParams.aspx?args=s79LFcKIz38I3KnjVa8bncninxNZ2PiwFLFezGPals4=
1543406568737	Marionette	DEBUG	[6442450945] Received observer notification outer-window-destroyed for 6442451523
1543406568739	Marionette	DEBUG	[6442450945] Received observer notification outer-window-destroyed for 6442451524
JavaScript error: http://192.168.10.124/EdInsight/Form/LocalAssessment/ReportItemAnalysisParams.aspx?args=s79LFcKIz38I3KnjVa8bncninxNZ2PiwFLFezGPals4=, line 1: ReferenceError: False is not defined
1543406568770	Marionette	DEBUG	[6442450945] Received DOM event pageshow for http://192.168.10.124/EdInsight/Form/LocalAssessment/ReportItemAnalysisParams.aspx?args=s79LFcKIz38I3KnjVa8bncninxNZ2PiwFLFezGPals4=
1543406568806	Marionette	DEBUG	[6442450945] Received DOM event beforeunload for http://192.168.10.124/EdInsight/Form/LocalAssessment/ReportItemAnalysisParams.aspx?args=s79LFcKIz38I3KnjVa8bncninxNZ2PiwFLFezGPals4=
1543406568891	Marionette	DEBUG	[6442450945] Received DOM event pagehide for http://192.168.10.124/EdInsight/Form/LocalAssessment/ReportItemAnalysisParams.aspx?args=s79LFcKIz38I3KnjVa8bncninxNZ2PiwFLFezGPals4=
1543406568892	Marionette	DEBUG	[6442450945] Received DOM event unload for http://192.168.10.124/EdInsight/Form/LocalAssessment/ReportItemAnalysisParams.aspx?args=s79LFcKIz38I3KnjVa8bncninxNZ2PiwFLFezGPals4=
1543406569040	Marionette	DEBUG	[6442450945] Received observer notification outer-window-destroyed for 6442451521
1543406569041	Marionette	DEBUG	[6442450945] Received observer notification outer-window-destroyed for 6442451527
1543406569041	Marionette	DEBUG	[6442450945] Received observer notification outer-window-destroyed for 6442451528
1543406569117	Marionette	DEBUG	[6442450945] Received DOM event DOMContentLoaded for http://192.168.10.124/EdInsight/Form/LocalAssessment/ReportItemAnalysisParams.aspx?args=s79LFcKIz38I3KnjVa8bnQ+q3p1BRxft1xsheKQqcIw=
1543406569168	Marionette	DEBUG	[6442450945] Received observer notification outer-window-destroyed for 6442451534
1543406569173	Marionette	DEBUG	[6442450945] Received observer notification outer-window-destroyed for 6442451535
JavaScript error: http://192.168.10.124/EdInsight/Form/LocalAssessment/ReportItemAnalysisParams.aspx?args=s79LFcKIz38I3KnjVa8bnQ+q3p1BRxft1xsheKQqcIw=, line 1: ReferenceError: False is not defined
1543406569196	Marionette	DEBUG	[6442450945] Received DOM event pageshow for http://192.168.10.124/EdInsight/Form/LocalAssessment/ReportItemAnalysisParams.aspx?args=s79LFcKIz38I3KnjVa8bnQ+q3p1BRxft1xsheKQqcIw=
1543406569240	Marionette	DEBUG	[6442450945] Received DOM event beforeunload for http://192.168.10.124/EdInsight/Form/LocalAssessment/ReportItemAnalysisParams.aspx?args=s79LFcKIz38I3KnjVa8bnQ+q3p1BRxft1xsheKQqcIw=
1543406569377	Marionette	DEBUG	[6442450945] Received DOM event pagehide for http://192.168.10.124/EdInsight/Form/LocalAssessment/ReportItemAnalysisParams.aspx?args=s79LFcKIz38I3KnjVa8bnQ+q3p1BRxft1xsheKQqcIw=
1543406569378	Marionette	DEBUG	[6442450945] Received DOM event unload for http://192.168.10.124/EdInsight/Form/LocalAssessment/ReportItemAnalysisParams.aspx?args=s79LFcKIz38I3KnjVa8bnQ+q3p1BRxft1xsheKQqcIw=
1543406569531	Marionette	DEBUG	[6442450945] Received observer notification outer-window-destroyed for 6442451532
1543406569531	Marionette	DEBUG	[6442450945] Received observer notification outer-window-destroyed for 6442451538
1543406569531	Marionette	DEBUG	[6442450945] Received observer notification outer-window-destroyed for 6442451539
1543406569597	Marionette	DEBUG	[6442450945] Received DOM event DOMContentLoaded for http://192.168.10.124/EdInsight/Form/LocalAssessment/ReportItemAnalysisParams.aspx?args=s79LFcKIz38I3KnjVa8bnfJmcBVGNTlG0Mb62Ekx/NQ=
1543406569654	Marionette	DEBUG	[6442450945] Received observer notification outer-window-destroyed for 6442451545
1543406569657	Marionette	DEBUG	[6442450945] Received observer notification outer-window-destroyed for 6442451546
JavaScript error: http://192.168.10.124/EdInsight/Form/LocalAssessment/ReportItemAnalysisParams.aspx?args=s79LFcKIz38I3KnjVa8bnfJmcBVGNTlG0Mb62Ekx/NQ=, line 1: ReferenceError: False is not defined
1543406569690	Marionette	DEBUG	[6442450945] Received DOM event pageshow for http://192.168.10.124/EdInsight/Form/LocalAssessment/ReportItemAnalysisParams.aspx?args=s79LFcKIz38I3KnjVa8bnfJmcBVGNTlG0Mb62Ekx/NQ=
1543406569737	Marionette	DEBUG	[6442450945] Received DOM event beforeunload for http://192.168.10.124/EdInsight/Form/LocalAssessment/ReportItemAnalysisParams.aspx?args=s79LFcKIz38I3KnjVa8bnfJmcBVGNTlG0Mb62Ekx/NQ=
1543406569897	Marionette	DEBUG	[6442450945] Received DOM event pagehide for http://192.168.10.124/EdInsight/Form/LocalAssessment/ReportItemAnalysisParams.aspx?args=s79LFcKIz38I3KnjVa8bnfJmcBVGNTlG0Mb62Ekx/NQ=
1543406569898	Marionette	DEBUG	[6442450945] Received DOM event unload for http://192.168.10.124/EdInsight/Form/LocalAssessment/ReportItemAnalysisParams.aspx?args=s79LFcKIz38I3KnjVa8bnfJmcBVGNTlG0Mb62Ekx/NQ=
1543406570075	Marionette	DEBUG	[6442450945] Received observer notification outer-window-destroyed for 6442451543
1543406570075	Marionette	DEBUG	[6442450945] Received observer notification outer-window-destroyed for 6442451549
1543406570076	Marionette	DEBUG	[6442450945] Received observer notification outer-window-destroyed for 6442451550
1543406570140	Marionette	DEBUG	[6442450945] Received DOM event DOMContentLoaded for http://192.168.10.124/EdInsight/Form/LocalAssessment/ReportItemAnalysis.aspx?args=yMN/V9xZUJl/u0X8hD/kYiZ7N0Rvgi5YBzRhOsQaIx2 ... F1KivenFQAOgGL+AwkzP9rrHXMfdYT0V3GYIHPnXbROY7dT5IA+zFOBFEFENOsA/DLVqOtn1gWmpdj5IY2C4c3tsxhdkxZCSXFkFi53E+YBLS8HcPgQ5sCjgkeK6C
1543406570186	Marionette	DEBUG	[6442450945] Received observer notification outer-window-destroyed for 6442451556
1543406570188	Marionette	DEBUG	[6442450945] Received observer notification outer-window-destroyed for 6442451557
JavaScript error: http://192.168.10.124/EdInsight/Form/LocalAssessment/ReportItemAnalysis.aspx?args=yMN/V9xZUJl/u0X8hD/kYiZ7N0Rvgi5YBzRhOsQaIx2mYxSQdbKVFfM1rObJke4qY2jmWGTDWQhora0W/Gx32FL/9aojlkzHVUS5tAusVVyFkOWM8YdCgFbWdyUDIrCUS4aA7fD2JCo7KPo+Cz6IHsfsXHcntD5dOawOuvsRZrAgd3TQMpok850TAt4OT6wF2sae+aEViUURES7Od7iNG9ewfA0QwA72GoKBJtPVvWhCwC+vDOTmWPuwNhJMIyJgakcVrwN9m2yvF7ga5c5M98N/WlHCn9hmy7z9J/B/G8smERdHjOAcep6vMnATRh76NgxF1KivenFQAOgGL+AwkzP9rrHXMfdYT0V3GYIHPnXbROY7dT5IA+zFOBFEFENOsA/DLVqOtn1gWmpdj5IY2C4c3tsxhdkxZCSXFkFi53E+YBLS8HcPgQ1543406570217	Marionette	DEBUG	[6442450945] Receiv5sCjgkeK6C, line 1: ReferenceError: False is not defined
ed DOM event pageshow for http://192.168.10.124/EdInsight/Form/LocalAssessment/ReportItemAnalysis.aspx?args=yMN/V9xZUJl/u0X8hD/kYiZ7N0Rvgi5YBzRhOsQaIx2 ... F1KivenFQAOgGL+AwkzP9rrHXMfdYT0V3GYIHPnXbROY7dT5IA+zFOBFEFENOsA/DLVqOtn1gWmpdj5IY2C4c3tsxhdkxZCSXFkFi53E+YBLS8HcPgQ5sCjgkeK6C
1543406571286	Marionette	DEBUG	[6442450945] Received DOM event beforeunload for http://192.168.10.124/EdInsight/Form/LocalAssessment/ReportItemAnalysis.aspx?args=yMN/V9xZUJl/u0X8hD/kYiZ7N0Rvgi5YBzRhOsQaIx2 ... F1KivenFQAOgGL+AwkzP9rrHXMfdYT0V3GYIHPnXbROY7dT5IA+zFOBFEFENOsA/DLVqOtn1gWmpdj5IY2C4c3tsxhdkxZCSXFkFi53E+YBLS8HcPgQ5sCjgkeK6C
1543406571389	Marionette	DEBUG	[6442450945] Received DOM event pagehide for http://192.168.10.124/EdInsight/Form/LocalAssessment/ReportItemAnalysis.aspx?args=yMN/V9xZUJl/u0X8hD/kYiZ7N0Rvgi5YBzRhOsQaIx2 ... F1KivenFQAOgGL+AwkzP9rrHXMfdYT0V3GYIHPnXbROY7dT5IA+zFOBFEFENOsA/DLVqOtn1gWmpdj5IY2C4c3tsxhdkxZCSXFkFi53E+YBLS8HcPgQ5sCjgkeK6C
1543406571390	Marionette	DEBUG	[6442450945] Received DOM event unload for http://192.168.10.124/EdInsight/Form/LocalAssessment/ReportItemAnalysis.aspx?args=yMN/V9xZUJl/u0X8hD/kYiZ7N0Rvgi5YBzRhOsQaIx2 ... F1KivenFQAOgGL+AwkzP9rrHXMfdYT0V3GYIHPnXbROY7dT5IA+zFOBFEFENOsA/DLVqOtn1gWmpdj5IY2C4c3tsxhdkxZCSXFkFi53E+YBLS8HcPgQ5sCjgkeK6C
1543406571586	Marionette	DEBUG	[6442450945] Received observer notification outer-window-destroyed for 6442451554
1543406571586	Marionette	DEBUG	[6442450945] Received observer notification outer-window-destroyed for 6442451560
1543406571586	Marionette	DEBUG	[6442450945] Received observer notification outer-window-destroyed for 6442451561
1543406571648	Marionette	DEBUG	[6442450945] Received DOM event DOMContentLoaded for http://192.168.10.124/EdInsight/Form/LocalAssessment/ReportItemAnalysis.aspx?args=s79LFcKIz38I3KnjVa8bnU5473db3ys3vpjSi49eY0s ... ZOdLJRcDkLCjiQPAQeKgtsWhiqSAYmmk+aDhDAj6MTdLlt6+O0FSKe0YFT+MWQ9ukGGjnEq/rMqi6FRuGaxXyDvyN5/Cg9OSZgxTJz8VQ9KnnMEDeIBs3psYrYPif
1543406571699	Marionette	DEBUG	[6442450945] Received observer notification outer-window-destroyed for 6442451567
1543406571709	Marionette	DEBUG	[6442450945] Received observer notification outer-window-destroyed for 6442451568
JavaScript error: http://192.168.10.124/EdInsight/Form/LocalAssessment/ReportItemAnalysis.aspx?args=s79LFcKIz38I3KnjVa8bnU5473db3ys3vpjSi49eY0s414+zktY9XURphac2ts3qeTniWcWdiWX3aJZO+zn8SkYv+1gcYBL9jfERBwuFCSYZbz+IYQziE3K5s5MN/a8E5riCFurnDRewfwVo1rdR+F84MWFB1IDbblmExlvkl0gRVWdlFkrLE9ZI2viFzHfaT7HWP10mY79vT0NRDdo9xGHNnQl1dEye0/MjbzrE0MOW1odE0T7RxycA0TkZEc1J3nmzNAlm4THLJSjWydx8ESmUdtk/vRIxJSb3Ywn6WH54XLOXgzWojv9DWn6BWNsRzyBZOdLJRcDkLCjiQPAQeKgtsWhiqSAYmmk+aDhDAj6MTdLlt6+O0FSKe0YFT+MWQ9ukGGjnEq/rMqi6FRuGaxXyDvyN5/Cg9OSZgxTJz8VQ9KnnMEDeIBs3psYrYPif, line 1: ReferenceError: False is not defined
1543406571737	Marionette	DEBUG	[6442450945] Received DOM event pageshow for http://192.168.10.124/EdInsight/Form/LocalAssessment/ReportItemAnalysis.aspx?args=s79LFcKIz38I3KnjVa8bnU5473db3ys3vpjSi49eY0s ... ZOdLJRcDkLCjiQPAQeKgtsWhiqSAYmmk+aDhDAj6MTdLlt6+O0FSKe0YFT+MWQ9ukGGjnEq/rMqi6FRuGaxXyDvyN5/Cg9OSZgxTJz8VQ9KnnMEDeIBs3psYrYPif
1543406573830	Marionette	DEBUG	[6442450945] Received DOM event beforeunload for http://192.168.10.124/EdInsight/Form/LocalAssessment/ReportItemAnalysis.aspx?args=s79LFcKIz38I3KnjVa8bnU5473db3ys3vpjSi49eY0s ... ZOdLJRcDkLCjiQPAQeKgtsWhiqSAYmmk+aDhDAj6MTdLlt6+O0FSKe0YFT+MWQ9ukGGjnEq/rMqi6FRuGaxXyDvyN5/Cg9OSZgxTJz8VQ9KnnMEDeIBs3psYrYPif
1543406573979	Marionette	DEBUG	[6442450945] Received DOM event pagehide for http://192.168.10.124/EdInsight/Form/LocalAssessment/ReportItemAnalysis.aspx?args=s79LFcKIz38I3KnjVa8bnU5473db3ys3vpjSi49eY0s ... ZOdLJRcDkLCjiQPAQeKgtsWhiqSAYmmk+aDhDAj6MTdLlt6+O0FSKe0YFT+MWQ9ukGGjnEq/rMqi6FRuGaxXyDvyN5/Cg9OSZgxTJz8VQ9KnnMEDeIBs3psYrYPif
1543406573984	Marionette	DEBUG	[6442450945] Received DOM event unload for http://192.168.10.124/EdInsight/Form/LocalAssessment/ReportItemAnalysis.aspx?args=s79LFcKIz38I3KnjVa8bnU5473db3ys3vpjSi49eY0s ... ZOdLJRcDkLCjiQPAQeKgtsWhiqSAYmmk+aDhDAj6MTdLlt6+O0FSKe0YFT+MWQ9ukGGjnEq/rMqi6FRuGaxXyDvyN5/Cg9OSZgxTJz8VQ9KnnMEDeIBs3psYrYPif
1543406574170	Marionette	DEBUG	[6442450945] Received observer notification outer-window-destroyed for 6442451565
1543406574171	Marionette	DEBUG	[6442450945] Received observer notification outer-window-destroyed for 6442451571
1543406574171	Marionette	DEBUG	[6442450945] Received observer notification outer-window-destroyed for 6442451572
1543406574235	Marionette	DEBUG	[6442450945] Received DOM event DOMContentLoaded for http://192.168.10.124/EdInsight/Form/LocalAssessment/ReportItemAnalysis.aspx?args=s79LFcKIz38I3KnjVa8bnU0SxlVK6i2YqzA2uCTdA/U ... ehHy56RPnBTTNjfJ7500dF7wyqfkFJw06fbp/dc209gG/GYNS+6TMAOWDpg9i/55eF0BW9lDTKLIyHg6R5Rnbl7o4XlCTpFNYxEmA1LTdPBFGPCykNYzC9MgY/GWN
1543406574284	Marionette	DEBUG	[6442450945] Received observer notification outer-window-destroyed for 6442451578
1543406574291	Marionette	DEBUG	[6442450945] Received observer notification outer-window-destroyed for 6442451579
JavaScript error: http://192.168.10.124/EdInsight/Form/LocalAssessment/ReportItemAnalysis.aspx?args=s79LFcKIz38I3KnjVa8bnU0SxlVK6i2YqzA2uCTdA/U8MUW6XwiIX1T+vbnoJC2x6oe64xuvOSETQT7x7VdpuMlMH2EOGbjNZQlU4Tst0Z9mxvHr62M8/2J64cwkdyjc1zxUELeGA5DizSDaE4Y7d5+phqnlnX9KwxbERvb8Dy0szHgSwBqiBiaFucDtqLZeJL+ntYM5EHOHm8kESD6h7dAMegGjDyGN1vTi3AR+ETUf/eGvc8E/iuNd7UZ7YE/pTxEHGuweU5U3dZMi58OXQUTduUjQtt9ZwV8iFzONfNKjuGHeLrPi3jKQjqU3L+S2H72ehHy56RPnBTTNjfJ7500dF7wyqfkFJw06fbp/dc209gG/GYNS+6TMAOWDpg9i/55eF0BW9lDTKLIyHg6R5Rnbl7o4XlCTpFNYxEmA1LTdPBFGPCykNYzC9MgY/GWN, line 1: ReferenceError: False is not defined
1543406574318	Marionette	DEBUG	[6442450945] Received DOM event pageshow for http://192.168.10.124/EdInsight/Form/LocalAssessment/ReportItemAnalysis.aspx?args=s79LFcKIz38I3KnjVa8bnU0SxlVK6i2YqzA2uCTdA/U ... ehHy56RPnBTTNjfJ7500dF7wyqfkFJw06fbp/dc209gG/GYNS+6TMAOWDpg9i/55eF0BW9lDTKLIyHg6R5Rnbl7o4XlCTpFNYxEmA1LTdPBFGPCykNYzC9MgY/GWN
1543406574370	Marionette	DEBUG	[6442450945] Received DOM event beforeunload for http://192.168.10.124/EdInsight/Form/LocalAssessment/ReportItemAnalysis.aspx?args=s79LFcKIz38I3KnjVa8bnU0SxlVK6i2YqzA2uCTdA/U ... ehHy56RPnBTTNjfJ7500dF7wyqfkFJw06fbp/dc209gG/GYNS+6TMAOWDpg9i/55eF0BW9lDTKLIyHg6R5Rnbl7o4XlCTpFNYxEmA1LTdPBFGPCykNYzC9MgY/GWN
1543406574672	Marionette	DEBUG	[6442450945] Received DOM event pagehide for http://192.168.10.124/EdInsight/Form/LocalAssessment/ReportItemAnalysis.aspx?args=s79LFcKIz38I3KnjVa8bnU0SxlVK6i2YqzA2uCTdA/U ... ehHy56RPnBTTNjfJ7500dF7wyqfkFJw06fbp/dc209gG/GYNS+6TMAOWDpg9i/55eF0BW9lDTKLIyHg6R5Rnbl7o4XlCTpFNYxEmA1LTdPBFGPCykNYzC9MgY/GWN
1543406574675	Marionette	DEBUG	[6442450945] Received DOM event unload for http://192.168.10.124/EdInsight/Form/LocalAssessment/ReportItemAnalysis.aspx?args=s79LFcKIz38I3KnjVa8bnU0SxlVK6i2YqzA2uCTdA/U ... ehHy56RPnBTTNjfJ7500dF7wyqfkFJw06fbp/dc209gG/GYNS+6TMAOWDpg9i/55eF0BW9lDTKLIyHg6R5Rnbl7o4XlCTpFNYxEmA1LTdPBFGPCykNYzC9MgY/GWN
1543406574887	Marionette	DEBUG	[6442450945] Received observer notification outer-window-destroyed for 6442451576
1543406574887	Marionette	DEBUG	[6442450945] Received observer notification outer-window-destroyed for 6442451582
1543406574888	Marionette	DEBUG	[6442450945] Received observer notification outer-window-destroyed for 6442451583
1543406574968	Marionette	DEBUG	[6442450945] Received DOM event DOMContentLoaded for http://192.168.10.124/EdInsight/Form/LocalAssessment/ReportItemAnalysis.aspx?args=s79LFcKIz38I3KnjVa8bnYjV91esALe+EJFsW2yVrnb ... l95OdioUyDR5rDSeXlCHpF72zhDDc3H5bNXhUIsdTzLfrS89jIQuD1o3ySXPn35c7D4nneU865m9NcCUrhp5N+4hhNODW+njs8fJ++AnBhdJodpM/AzSNBfAZ+Xoo
1543406575020	Marionette	DEBUG	[6442450945] Received observer notification outer-window-destroyed for 6442451589
1543406575021	Marionette	DEBUG	[6442450945] Received observer notification outer-window-destroyed for 6442451590
JavaScript error: http://192.168.10.124/EdInsight/Form/LocalAssessment/ReportItemAnalysis.aspx?args=s79LFcKIz38I3KnjVa8bnYjV91esALe+EJFsW2yVrnbA9ma/FfD35E0nQUU9M987QN92UlNy1FggYxblIxSVqjral1Os6oaUD1pq3KZY39I3O6Q8SYD3yvA+VH13PaHUA0EepA+cBH0Ncb1EvTjWXq84yRNS/phoIxAdghdnr/eAPC7Z+2uFoXGkIxnE5073uOpjBuRhhBmhUWC5mk32OLyNnj+MEpbsQHw/MVu32lbJB782IamEWWWY7jHE+mZ9gLRwUt+FquddtJUIceXf+ZIjfq4gGV/W3g3ypt0wnJqv6kvJWtaFztBpFauJ95Y4crLl95OdioUyDR5rDSeXlCHpF72zhDDc3H5bNXhUIsdTzLfrS89jIQuD1o3ySXPn35c7D4nneU865m9NcCUrhp5N+4hhNODW+njs8fJ++AnBhdJodpM/AzSNBfAZ+Xoo, line 1: ReferenceError: False is not defined
1543406575038	Marionette	DEBUG	[6442450945] Received DOM event pageshow for http://192.168.10.124/EdInsight/Form/LocalAssessment/ReportItemAnalysis.aspx?args=s79LFcKIz38I3KnjVa8bnYjV91esALe+EJFsW2yVrnb ... l95OdioUyDR5rDSeXlCHpF72zhDDc3H5bNXhUIsdTzLfrS89jIQuD1o3ySXPn35c7D4nneU865m9NcCUrhp5N+4hhNODW+njs8fJ++AnBhdJodpM/AzSNBfAZ+Xoo
]]></system-err>
  </testcase>
  <testcase name="TCED14092" classname="com.analyzeByScore.ItemAnalysisbyQuestion" time="9.729"/>
  <testcase name="TCED14093" classname="com.analyzeByScore.ItemAnalysisbyQuestion" time="9.827"/>
  <testcase name="TCED14094" classname="com.analyzeByScore.ItemAnalysisbyQuestion" time="11.101"/>
  <testcase name="TCED14095" classname="com.analyzeByScore.ItemAnalysisbyQuestion" time="6.361"/>
  <testcase name="TCED14096" classname="com.analyzeByScore.ItemAnalysisbyQuestion" time="0.806"/>
  <testcase name="TCED14097" classname="com.analyzeByScore.ItemAnalysisbyQuestion" time="10.066"/>
  <testcase name="TCED14098" classname="com.analyzeByScore.ItemAnalysisbyQuestion" time="8.548"/>
  <testcase name="TCED14099" classname="com.analyzeByScore.ItemAnalysisbyQuestion" time="8.934"/>
  <testcase name="TCED14100" classname="com.analyzeByScore.ItemAnalysisbyQuestion" time="8.194"/>
  <testcase name="TCED14101" classname="com.analyzeByScore.ItemAnalysisbyQuestion" time="14.532"/>
  <testcase name="TCED14102" classname="com.analyzeByScore.ItemAnalysisbyQuestion" time="16.656"/>
  <testcase name="TCED14103" classname="com.analyzeByScore.ItemAnalysisbyQuestion" time="33.881"/>
  <testcase name="TCED14104" classname="com.analyzeByScore.ItemAnalysisbyQuestion" time="110.506"/>
</testsuite>