<?xml version="1.0" encoding="UTF-8"?>
<testsuite name="TestSuite" time="3,571.546" tests="368" errors="0" skipped="0" failures="45">
  <properties>
    <property name="java.runtime.name" value="Java(TM) SE Runtime Environment"/>
    <property name="java.vm.version" value="10.0.2+13"/>
    <property name="sun.boot.library.path" value="C:\Program Files\Java\jdk-10.0.2\bin"/>
    <property name="maven.multiModuleProjectDirectory" value="F:\Vofox-Webdriver\Edinsight"/>
    <property name="java.vm.vendor" value="&quot;Oracle Corporation&quot;"/>
    <property name="java.vendor.url" value="http://java.oracle.com/"/>
    <property name="guice.disable.misplaced.annotation.check" value="true"/>
    <property name="path.separator" value=";"/>
    <property name="java.vm.name" value="Java HotSpot(TM) 64-Bit Server VM"/>
    <property name="file.encoding.pkg" value="sun.io"/>
    <property name="sun.os.patch.level" value=""/>
    <property name="user.script" value=""/>
    <property name="user.country" value="US"/>
    <property name="sun.java.launcher" value="SUN_STANDARD"/>
    <property name="java.vm.specification.name" value="Java Virtual Machine Specification"/>
    <property name="user.dir" value="F:\Vofox-Webdriver\Edinsight"/>
    <property name="java.vm.compressedOopsMode" value="Zero based"/>
    <property name="java.runtime.version" value="10.0.2+13"/>
    <property name="java.awt.graphicsenv" value="sun.awt.Win32GraphicsEnvironment"/>
    <property name="os.arch" value="amd64"/>
    <property name="java.io.tmpdir" value="C:\Users\DEVELO~1\AppData\Local\Temp\"/>
    <property name="line.separator" value="&#10;"/>
    <property name="java.vm.specification.vendor" value="Oracle Corporation"/>
    <property name="user.variant" value=""/>
    <property name="os.name" value="Windows 10"/>
    <property name="classworlds.conf" value="C:\Users\Developer\eclipse-workspace\.metadata\.plugins\org.eclipse.m2e.launching\launches\m2conf5061024614339907267.tmp"/>
    <property name="sun.jnu.encoding" value="Cp1252"/>
    <property name="java.library.path" value="C:\Program Files\Java\jdk-10.0.2\bin;C:\WINDOWS\Sun\Java\bin;C:\WINDOWS\system32;C:\WINDOWS;C:/Program Files/Java/jdk1.8.0_181/bin/../jre/bin/server;C:/Program Files/Java/jdk1.8.0_181/bin/../jre/bin;C:/Program Files/Java/jdk1.8.0_181/bin/../jre/lib/amd64;C:\Program Files\Java\jdk1.8.0_181\bin;C:\Program Files (x86)\Common Files\Oracle\Java\javapath;C:\WINDOWS\system32;C:\WINDOWS;C:\WINDOWS\System32\Wbem;C:\WINDOWS\System32\WindowsPowerShell\v1.0\;C:\Program Files\Git\cmd;C:\WINDOWS\System32\OpenSSH\;E:\apache-maven-3.5.4\bin;C:\Users\Developer\AppData\Local\Microsoft\WindowsApps;;C:\Users\Developer\Desktop;;."/>
    <property name="jdk.debug" value="release"/>
    <property name="java.class.version" value="54.0"/>
    <property name="java.specification.name" value="Java Platform API Specification"/>
    <property name="sun.management.compiler" value="HotSpot 64-Bit Tiered Compilers"/>
    <property name="os.version" value="10.0"/>
    <property name="user.home" value="C:\Users\Developer"/>
    <property name="user.timezone" value="Asia/Calcutta"/>
    <property name="java.awt.printerjob" value="sun.awt.windows.WPrinterJob"/>
    <property name="file.encoding" value="Cp1252"/>
    <property name="java.specification.version" value="10"/>
    <property name="user.name" value="Developer"/>
    <property name="java.class.path" value="C:\Users\Developer\.p2\pool\plugins\org.eclipse.m2e.maven.runtime_1.9.1.20180912-1600\jars\plexus-classworlds-2.5.2.jar"/>
    <property name="java.vm.specification.version" value="10"/>
    <property name="sun.arch.data.model" value="64"/>
    <property name="sun.java.command" value="org.codehaus.plexus.classworlds.launcher.Launcher -B test"/>
    <property name="java.home" value="C:\Program Files\Java\jdk-10.0.2"/>
    <property name="user.language" value="en"/>
    <property name="java.specification.vendor" value="Oracle Corporation"/>
    <property name="awt.toolkit" value="sun.awt.windows.WToolkit"/>
    <property name="java.vm.info" value="mixed mode"/>
    <property name="java.version" value="10.0.2"/>
    <property name="java.vendor" value="Oracle Corporation"/>
    <property name="maven.home" value="F:\Vofox-Webdriver\Edinsight\EMBEDDED"/>
    <property name="file.separator" value="\"/>
    <property name="java.version.date" value="2018-07-17"/>
    <property name="java.vendor.url.bug" value="http://bugreport.java.com/bugreport/"/>
    <property name="sun.io.unicode.encoding" value="UnicodeLittle"/>
    <property name="sun.cpu.endian" value="little"/>
    <property name="java.vendor.version" value="18.3"/>
    <property name="sun.desktop" value="windows"/>
    <property name="sun.cpu.isalist" value="amd64"/>
  </properties>
  <testcase name="TCED15202" classname="com.localassessment.Copy_assessment" time="10.322"/>
  <testcase name="TCED13301" classname="com.Local_Assessment_Score_Results.Test_Suite_Print_Login_Codes" time="5.938"/>
  <testcase name="TCED13302" classname="com.Local_Assessment_Score_Results.Test_Suite_Print_Login_Codes" time="3.594"/>
  <testcase name="TCED13303" classname="com.Local_Assessment_Score_Results.Test_Suite_Print_Login_Codes" time="0.302"/>
  <testcase name="TCED13304" classname="com.Local_Assessment_Score_Results.Test_Suite_Print_Login_Codes" time="2.203"/>
  <testcase name="TCED13305" classname="com.Local_Assessment_Score_Results.Test_Suite_Print_Login_Codes" time="4.215"/>
  <testcase name="TCED13306" classname="com.Local_Assessment_Score_Results.Test_Suite_Print_Login_Codes" time="22.942"/>
  <testcase name="TCED13307" classname="com.Local_Assessment_Score_Results.Test_Suite_Print_Login_Codes" time="22.96"/>
  <testcase name="TCED13308" classname="com.Local_Assessment_Score_Results.Test_Suite_Print_Login_Codes" time="23.244"/>
  <testcase name="TCED13309" classname="com.Local_Assessment_Score_Results.Test_Suite_Print_Login_Codes" time="12.284"/>
  <testcase name="TCED13310" classname="com.Local_Assessment_Score_Results.Test_Suite_Print_Login_Codes" time="1.098"/>
  <testcase name="TCED16201" classname="com.localassessment.Question_Bank_Apply_Standards" time="5.751"/>
  <testcase name="TCED16202" classname="com.localassessment.Question_Bank_Apply_Standards" time="6.694"/>
  <testcase name="TCED16203" classname="com.localassessment.Question_Bank_Apply_Standards" time="0.47"/>
  <testcase name="TCED16204" classname="com.localassessment.Question_Bank_Apply_Standards" time="1.77"/>
  <testcase name="TCED16205" classname="com.localassessment.Question_Bank_Apply_Standards" time="7.077">
    <failure message="Assigned standard not found expected [true] but found [false]" type="java.lang.AssertionError">java.lang.AssertionError: Assigned standard not found expected [true] but found [false]
	at org.testng.Assert.fail(Assert.java:96)
	at org.testng.Assert.failNotEquals(Assert.java:776)
	at org.testng.Assert.assertTrue(Assert.java:44)
	at com.localassessment.Question_Bank_Apply_Standards.TCED16205(Question_Bank_Apply_Standards.java:196)
</failure>
    <system-err><![CDATA[1540989083523	Marionette	DEBUG	[6442450945] Received DOM event beforeunload for http://192.168.10.124/EdInsight/Form/LocalAssessment/QuestionBankMassEditStandards.aspx?massIds=1000%2c1001&rwndrnd=0.17502149522669797
1540989083638	Marionette	DEBUG	[6442450945] Received DOM event pagehide for http://192.168.10.124/EdInsight/Form/LocalAssessment/QuestionBankMassEditStandards.aspx?massIds=1000%2c1001&rwndrnd=0.17502149522669797
1540989083641	Marionette	DEBUG	[6442450945] Received DOM event unload for http://192.168.10.124/EdInsight/Form/LocalAssessment/QuestionBankMassEditStandards.aspx?massIds=1000%2c1001&rwndrnd=0.17502149522669797
1540989083862	Marionette	DEBUG	[6442450945] Received DOM event DOMContentLoaded for http://192.168.10.124/EdInsight/Form/LocalAssessment/QuestionBankMassEditStandards.aspx?massIds=1000%2c1001&rwndrnd=0.17502149522669797
1540989083928	Marionette	DEBUG	[6442450945] Received DOM event pageshow for http://192.168.10.124/EdInsight/Form/LocalAssessment/QuestionBankMassEditStandards.aspx?massIds=1000%2c1001&rwndrnd=0.17502149522669797
1540989084144	addons.productaddons	INFO	sending request to: https://aus5.mozilla.org/update/3/GMP/62.0/20180830143136/WINNT_x86_64-msvc-x64/en-US/release/Windows_NT%2010.0.0.0.17134.286%20(x64)/default/default/update.xml
1540989084714	Marionette	DEBUG	[6442450945] Canceled page load listener because no navigation has been detected
1540989084991	Marionette	DEBUG	[6442450945] Canceled page load listener because no navigation has been detected
1540989085058	Marionette	DEBUG	[6442450945] Received DOM event beforeunload for http://192.168.10.124/EdInsight/Form/LocalAssessment/QuestionBankMassEditStandards.aspx?massIds=1000%2c1001&rwndrnd=0.17502149522669797
1540989085147	Marionette	DEBUG	[6442450945] Received DOM event pagehide for http://192.168.10.124/EdInsight/Form/LocalAssessment/QuestionBankMassEditStandards.aspx?massIds=1000%2c1001&rwndrnd=0.17502149522669797
1540989085148	Marionette	DEBUG	[6442450945] Received DOM event unload for http://192.168.10.124/EdInsight/Form/LocalAssessment/QuestionBankMassEditStandards.aspx?massIds=1000%2c1001&rwndrnd=0.17502149522669797
1540989085333	Marionette	DEBUG	[6442450945] Received DOM event DOMContentLoaded for http://192.168.10.124/EdInsight/Form/LocalAssessment/QuestionBankMassEditStandards.aspx?massIds=1000%2c1001&rwndrnd=0.17502149522669797
1540989085395	Marionette	DEBUG	[6442450945] Received DOM event pageshow for http://192.168.10.124/EdInsight/Form/LocalAssessment/QuestionBankMassEditStandards.aspx?massIds=1000%2c1001&rwndrnd=0.17502149522669797
1540989085687	Marionette	DEBUG	[6442450945] Canceled page load listener because no navigation has been detected
1540989086453	Marionette	DEBUG	[6442450945] Canceled page load listener because no navigation has been detected
]]></system-err>
  </testcase>
  <testcase name="TCED16206" classname="com.localassessment.Question_Bank_Apply_Standards" time="20.254">
    <failure message="Timeout during waiting for element: &apos;//a[contains(text(),&apos;Question Bank&apos;)]&apos;" type="java.lang.AssertionError">java.lang.AssertionError: Timeout during waiting for element: '//a[contains(text(),'Question Bank')]'
	at Library.BaseClassOne.waitFor(BaseClassOne.java:273)
	at Library.BaseClassOne.click(BaseClassOne.java:185)
	at com.localassessment.Question_Bank_Apply_Standards.TCED16206(Question_Bank_Apply_Standards.java:218)
</failure>
    <system-err><![CDATA[1540989104158	addons.productaddons	WARN	Failed downloading XML, status: 0, reason: timeout
1540989104158	addons.productaddons	INFO	fetching config from: chrome://global/content/gmp-sources/openh264.json
1540989104159	addons.productaddons	INFO	fetching config from: chrome://global/content/gmp-sources/widevinecdm.json
1540989104161	addons.productaddons	INFO	found plugin: gmp-gmpopenh264
1540989104162	addons.productaddons	INFO	found plugin: gmp-widevinecdm
1540989104732	addons.productaddons	INFO	downloadXHR File download. status=200
1540989104740	addons.productaddons	INFO	Downloaded file will be saved to C:\Users\DEVELO~1\AppData\Local\Temp\tmpaddon-8637ac
]]></system-err>
  </testcase>
  <testcase name="TCED16207" classname="com.localassessment.Question_Bank_Apply_Standards" time="16.02"/>
  <testcase name="TCED16208" classname="com.localassessment.Question_Bank_Apply_Standards" time="9.959"/>
  <testcase name="TCED13021" classname="com.localassessment.Score_Class_Results_Online" time="5.954"/>
  <testcase name="TCED13022" classname="com.localassessment.Score_Class_Results_Online" time="5.934"/>
  <testcase name="TCED13023" classname="com.localassessment.Score_Class_Results_Online" time="0.154"/>
  <testcase name="TCED13024" classname="com.localassessment.Score_Class_Results_Online" time="0.777"/>
  <testcase name="TCED13025" classname="com.localassessment.Score_Class_Results_Online" time="0.801"/>
  <testcase name="TCED13026" classname="com.localassessment.Score_Class_Results_Online" time="2.194"/>
  <testcase name="TCED13027" classname="com.localassessment.Score_Class_Results_Online" time="3.512"/>
  <testcase name="TCED13028" classname="com.localassessment.Score_Class_Results_Online" time="3.169"/>
  <testcase name="TCED13029" classname="com.localassessment.Score_Class_Results_Online" time="0.719"/>
  <testcase name="TCED13030" classname="com.localassessment.Score_Class_Results_Online" time="3.616"/>
  <testcase name="TCED14291" classname="com.analyzeByScore.AdministrationComparisonbyStudent" time="7.628">
    <failure message="expected [Administration Comparison by Student] but found [Test Administration Comparison Report]" type="java.lang.AssertionError">java.lang.AssertionError: expected [Administration Comparison by Student] but found [Test Administration Comparison Report]
	at org.testng.Assert.fail(Assert.java:96)
	at org.testng.Assert.failNotEquals(Assert.java:776)
	at org.testng.Assert.assertEqualsImpl(Assert.java:137)
	at org.testng.Assert.assertEquals(Assert.java:118)
	at org.testng.Assert.assertEquals(Assert.java:453)
	at org.testng.Assert.assertEquals(Assert.java:463)
	at com.analyzeByScore.AdministrationComparisonbyStudent.TCED14291(AdministrationComparisonbyStudent.java:39)
</failure>
    <system-err><![CDATA[1540989166176	geckodriver	INFO	geckodriver 0.20.1
1540989166182	geckodriver	INFO	Listening on 127.0.0.1:37020
1540989166760	mozrunner::runner	INFO	Running command: "C:\\Program Files\\Mozilla Firefox\\firefox.exe" "-marionette" "-profile" "C:\\Users\\DEVELO~1\\AppData\\Local\\Temp\\rust_mozprofile.HvQvxRVuy7B9"
1540989166884	addons.manager	DEBUG	Application has been upgraded
1540989167020	addons.manager	DEBUG	Loaded provider scope for resource://gre/modules/addons/XPIProvider.jsm: ["XPIProvider", "XPIInternal"]
1540989167027	addons.manager	DEBUG	Loaded provider scope for resource://gre/modules/LightweightThemeManager.jsm: ["LightweightThemeManager"]
1540989167049	addons.manager	DEBUG	Loaded provider scope for resource://gre/modules/addons/GMPProvider.jsm
1540989167051	addons.manager	DEBUG	Loaded provider scope for resource://gre/modules/addons/PluginProvider.jsm
1540989167052	addons.manager	DEBUG	Starting provider: XPIProvider
1540989167052	addons.xpi	DEBUG	startup
1540989167053	addons.xpi	INFO	SystemAddonLocation directory is missing
1540989167062	addons.xpi	INFO	Removing all system add-on upgrades.
1540989167062	addons.xpi	DEBUG	checkForChanges
1540989167063	addons.xpi	DEBUG	Loaded add-on state: ${}
1540989167063	addons.xpi	DEBUG	New add-on activity-stream@mozilla.org in app-system-defaults
1540989167064	addons.xpi	DEBUG	New add-on aushelper@mozilla.org in app-system-defaults
1540989167064	addons.xpi	DEBUG	New add-on firefox@getpocket.com in app-system-defaults
1540989167065	addons.xpi	DEBUG	New add-on formautofill@mozilla.org in app-system-defaults
1540989167065	addons.xpi	DEBUG	New add-on onboarding@mozilla.org in app-system-defaults
1540989167065	addons.xpi	DEBUG	New add-on screenshots@mozilla.org in app-system-defaults
1540989167066	addons.xpi	DEBUG	New add-on webcompat-reporter@mozilla.org in app-system-defaults
1540989167066	addons.xpi	DEBUG	New add-on webcompat@mozilla.org in app-system-defaults
1540989167066	addons.xpi	DEBUG	scanForChanges changed: true, state: {}
1540989167071	addons.xpi-utils	DEBUG	Error: Synchronously loading the add-ons database (resource://gre/modules/addons/XPIDatabase.jsm:1329:15) JS Stack trace: syncLoadDB@XPIDatabase.jsm:1329:15
checkForChanges@XPIProvider.jsm:2533:9
startup@XPIProvider.jsm:2116:25
callProvider@AddonManager.jsm:206:12
_startProvider@AddonManager.jsm:654:5
startup@AddonManager.jsm:813:9
startup@AddonManager.jsm:2811:5
observe@addonManager.js:66:9
1540989167071	addons.xpi-utils	DEBUG	Starting async load of XPI database C:\Users\Developer\AppData\Local\Temp\rust_mozprofile.HvQvxRVuy7B9\extensions.json
1540989167096	addons.xpi-utils	DEBUG	New add-on activity-stream@mozilla.org installed in app-system-defaults
*** Blocklist::_preloadBlocklistFile: blocklist is disabled
1540989167472	addons.xpi-utils	DEBUG	New add-on aushelper@mozilla.org installed in app-system-defaults
1540989167482	addons.xpi-utils	DEBUG	New add-on firefox@getpocket.com installed in app-system-defaults
1540989167488	addons.xpi-utils	DEBUG	New add-on formautofill@mozilla.org installed in app-system-defaults
1540989167495	addons.xpi-utils	DEBUG	New add-on onboarding@mozilla.org installed in app-system-defaults
1540989167501	addons.xpi-utils	DEBUG	New add-on screenshots@mozilla.org installed in app-system-defaults
1540989167505	addons.xpi-utils	DEBUG	New add-on webcompat-reporter@mozilla.org installed in app-system-defaults
1540989167507	addons.xpi-utils	DEBUG	XPI Database saved, setting schema version preference to 27
1540989167509	addons.xpi-utils	DEBUG	New add-on webcompat@mozilla.org installed in app-system-defaults
1540989167599	addons.manager	DEBUG	Registering startup change 'installed' for activity-stream@mozilla.org
1540989167603	addons.xpi	DEBUG	Loading bootstrap scope from C:\Program Files\Mozilla Firefox\browser\features\activity-stream@mozilla.org.xpi
1540989167605	addons.xpi	DEBUG	Calling bootstrap method install on activity-stream@mozilla.org version 2018.08.22.1219-93becf29
1540989167605	addons.xpi-utils	DEBUG	Make addon app-system-defaults:activity-stream@mozilla.org visible
1540989167606	addons.xpi	DEBUG	Updating XPIState for {"id":"activity-stream@mozilla.org","syncGUID":"{0b589598-4591-4653-9b3b-820398967418}","version":"2018.08.22.1219-93becf29","type":"extension","defaultLocale":{"name":"Activity Stream","description":"A rich visual history feed and a reimagined home page make it easier than ever to find exactly what you're looking for in Firefox."},"visible":true,"active":false,"userDisabled":false,"appDisabled":false,"installDate":1535646567086,"updateDate":1535646567086,"applyBackgroundUpdates":1,"path":"C:\\Program Files\\Mozilla Firefox\\browser\\features\\activity-stream@mozilla.org.xpi","skinnable":false,"sourceURI":null,"releaseNotesURI":null,"softDisabled":false,"foreignInstall":false,"strictCompatibility":false,"locales":[],"targetApplications":[{"id":"{ec8030f7-c20a-464f-9b0e-13a3a9e97384}","minVersion":"62.0","maxVersion":"62.*"}],"targetPlatforms":[],"seen":true,"dependencies":[],"hasEmbeddedWebExtension":false,"userPermissions":null,"icons":{},"blocklistState":0,"blocklistURL":null,"startupData":null,"location":"app-system-defaults"}
1540989167606	addons.manager	DEBUG	Registering startup change 'installed' for aushelper@mozilla.org
1540989167606	addons.xpi	DEBUG	Loading bootstrap scope from C:\Program Files\Mozilla Firefox\browser\features\aushelper@mozilla.org.xpi
1540989167608	addons.xpi	DEBUG	Calling bootstrap method install on aushelper@mozilla.org version 2.0
1540989167608	addons.xpi-utils	DEBUG	Make addon app-system-defaults:aushelper@mozilla.org visible
1540989167608	addons.xpi	DEBUG	Updating XPIState for {"id":"aushelper@mozilla.org","syncGUID":"{b05649a0-43f8-4425-bed2-1b2ac5344400}","version":"2.0","type":"extension","defaultLocale":{"name":"Application Update Service Helper","description":"Sets value(s) in the update url based on custom checks."},"visible":true,"active":false,"userDisabled":false,"appDisabled":false,"installDate":1535646567087,"updateDate":1535646567087,"applyBackgroundUpdates":1,"path":"C:\\Program Files\\Mozilla Firefox\\browser\\features\\aushelper@mozilla.org.xpi","skinnable":false,"sourceURI":null,"releaseNotesURI":null,"softDisabled":false,"foreignInstall":false,"strictCompatibility":false,"locales":[],"targetApplications":[{"id":"{ec8030f7-c20a-464f-9b0e-13a3a9e97384}","minVersion":"62.0","maxVersion":"62.*"}],"targetPlatforms":[],"seen":true,"dependencies":[],"hasEmbeddedWebExtension":false,"userPermissions":null,"icons":{},"blocklistState":0,"blocklistURL":null,"startupData":null,"location":"app-system-defaults"}
1540989167609	addons.manager	DEBUG	Registering startup change 'installed' for firefox@getpocket.com
1540989167609	addons.xpi	DEBUG	Loading bootstrap scope from C:\Program Files\Mozilla Firefox\browser\features\firefox@getpocket.com.xpi
1540989167615	addons.xpi	DEBUG	Calling bootstrap method install on firefox@getpocket.com version 1.0.5
1540989167615	addons.xpi-utils	DEBUG	Make addon app-system-defaults:firefox@getpocket.com visible
1540989167615	addons.xpi	DEBUG	Updating XPIState for {"id":"firefox@getpocket.com","syncGUID":"{6fdb6488-265e-4830-8b3c-3189acfba338}","version":"1.0.5","type":"extension","defaultLocale":{"name":"Pocket","description":"When you find something you want to view later, put it in Pocket."},"visible":true,"active":false,"userDisabled":false,"appDisabled":false,"installDate":1535646567092,"updateDate":1535646567092,"applyBackgroundUpdates":1,"path":"C:\\Program Files\\Mozilla Firefox\\browser\\features\\firefox@getpocket.com.xpi","skinnable":false,"sourceURI":null,"releaseNotesURI":null,"softDisabled":false,"foreignInstall":false,"strictCompatibility":false,"locales":[],"targetApplications":[{"id":"{ec8030f7-c20a-464f-9b0e-13a3a9e97384}","minVersion":"62.0","maxVersion":"62.*"}],"targetPlatforms":[],"seen":true,"dependencies":[],"hasEmbeddedWebExtension":false,"userPermissions":null,"icons":{},"blocklistState":0,"blocklistURL":null,"startupData":null,"location":"app-system-defaults"}
1540989167615	addons.manager	DEBUG	Registering startup change 'installed' for formautofill@mozilla.org
1540989167616	addons.xpi	DEBUG	Loading bootstrap scope from C:\Program Files\Mozilla Firefox\browser\features\formautofill@mozilla.org.xpi
1540989167618	addons.xpi	DEBUG	Calling bootstrap method install on formautofill@mozilla.org version 1.0
1540989167618	addons.xpi-utils	DEBUG	Make addon app-system-defaults:formautofill@mozilla.org visible
1540989167618	addons.xpi	DEBUG	Updating XPIState for {"id":"formautofill@mozilla.org","syncGUID":"{d2c34554-de07-4dd2-bfb4-80ed7c9ac7a7}","version":"1.0","type":"extension","defaultLocale":{"name":"Form Autofill","description":"Autofill forms with saved profiles"},"visible":true,"active":false,"userDisabled":false,"appDisabled":false,"installDate":1535646567095,"updateDate":1535646567095,"applyBackgroundUpdates":1,"path":"C:\\Program Files\\Mozilla Firefox\\browser\\features\\formautofill@mozilla.org.xpi","skinnable":false,"sourceURI":null,"releaseNotesURI":null,"softDisabled":false,"foreignInstall":false,"strictCompatibility":false,"locales":[],"targetApplications":[{"id":"{ec8030f7-c20a-464f-9b0e-13a3a9e97384}","minVersion":"62.0","maxVersion":"62.*"}],"targetPlatforms":[],"seen":true,"dependencies":[],"hasEmbeddedWebExtension":false,"userPermissions":null,"icons":{},"blocklistState":0,"blocklistURL":null,"startupData":null,"location":"app-system-defaults"}
1540989167618	addons.manager	DEBUG	Registering startup change 'installed' for onboarding@mozilla.org
1540989167618	addons.xpi	DEBUG	Loading bootstrap scope from C:\Program Files\Mozilla Firefox\browser\features\onboarding@mozilla.org.xpi
1540989167621	addons.xpi	DEBUG	Calling bootstrap method install on onboarding@mozilla.org version 1.0
1540989167621	addons.xpi-utils	DEBUG	Make addon app-system-defaults:onboarding@mozilla.org visible
1540989167621	addons.xpi	DEBUG	Updating XPIState for {"id":"onboarding@mozilla.org","syncGUID":"{12bde658-2aef-45bd-ae22-4197ef7d31b7}","version":"1.0","type":"extension","defaultLocale":{"name":"Photon onboarding","description":"Photon onboarding"},"visible":true,"active":false,"userDisabled":false,"appDisabled":false,"installDate":1535646567099,"updateDate":1535646567099,"applyBackgroundUpdates":1,"path":"C:\\Program Files\\Mozilla Firefox\\browser\\features\\onboarding@mozilla.org.xpi","skinnable":false,"sourceURI":null,"releaseNotesURI":null,"softDisabled":false,"foreignInstall":false,"strictCompatibility":false,"locales":[],"targetApplications":[{"id":"{ec8030f7-c20a-464f-9b0e-13a3a9e97384}","minVersion":"62.0","maxVersion":"62.*"}],"targetPlatforms":[],"seen":true,"dependencies":[],"hasEmbeddedWebExtension":false,"userPermissions":null,"icons":{},"blocklistState":0,"blocklistURL":null,"startupData":null,"location":"app-system-defaults"}
1540989167621	addons.manager	DEBUG	Registering startup change 'installed' for screenshots@mozilla.org
1540989167621	addons.xpi	DEBUG	Loading bootstrap scope from C:\Program Files\Mozilla Firefox\browser\features\screenshots@mozilla.org.xpi
1540989167624	addons.xpi	DEBUG	Calling bootstrap method install on screenshots@mozilla.org version 33.0.0
1540989167624	addons.xpi-utils	DEBUG	Make addon app-system-defaults:screenshots@mozilla.org visible
1540989167624	addons.xpi	DEBUG	Updating XPIState for {"id":"screenshots@mozilla.org","syncGUID":"{3af5b048-e0f2-410c-bb29-bb20edbc0370}","version":"33.0.0","type":"extension","defaultLocale":{"name":"Firefox Screenshots","homepageURL":"https://screenshots.firefox.com/"},"visible":true,"active":false,"userDisabled":false,"appDisabled":false,"installDate":1535646567105,"updateDate":1535646567105,"applyBackgroundUpdates":1,"path":"C:\\Program Files\\Mozilla Firefox\\browser\\features\\screenshots@mozilla.org.xpi","skinnable":false,"sourceURI":null,"releaseNotesURI":null,"softDisabled":false,"foreignInstall":false,"strictCompatibility":false,"locales":[],"targetApplications":[{"id":"{ec8030f7-c20a-464f-9b0e-13a3a9e97384}","minVersion":"57.0a1","maxVersion":"*"}],"targetPlatforms":[],"seen":true,"dependencies":[],"hasEmbeddedWebExtension":false,"userPermissions":null,"icons":{},"blocklistState":0,"blocklistURL":null,"startupData":null,"location":"app-system-defaults"}
1540989167624	addons.manager	DEBUG	Registering startup change 'installed' for webcompat-reporter@mozilla.org
1540989167624	addons.xpi	DEBUG	Loading bootstrap scope from C:\Program Files\Mozilla Firefox\browser\features\webcompat-reporter@mozilla.org.xpi
1540989167626	addons.xpi	DEBUG	Calling bootstrap method install on webcompat-reporter@mozilla.org version 1.0.0
1540989167626	addons.xpi-utils	DEBUG	Make addon app-system-defaults:webcompat-reporter@mozilla.org visible
1540989167626	addons.xpi	DEBUG	Updating XPIState for {"id":"webcompat-reporter@mozilla.org","syncGUID":"{d578ca79-9bf5-461e-8fc2-c92692eac575}","version":"1.0.0","type":"extension","defaultLocale":{"name":"WebCompat Reporter","description":"Report site compatibility issues on webcompat.com."},"visible":true,"active":false,"userDisabled":false,"appDisabled":false,"installDate":1535646567106,"updateDate":1535646567106,"applyBackgroundUpdates":1,"path":"C:\\Program Files\\Mozilla Firefox\\browser\\features\\webcompat-reporter@mozilla.org.xpi","skinnable":false,"sourceURI":null,"releaseNotesURI":null,"softDisabled":false,"foreignInstall":false,"strictCompatibility":false,"locales":[],"targetApplications":[{"id":"{ec8030f7-c20a-464f-9b0e-13a3a9e97384}","minVersion":"62.0","maxVersion":"62.*"}],"targetPlatforms":[],"seen":true,"dependencies":[],"hasEmbeddedWebExtension":false,"userPermissions":null,"icons":{},"blocklistState":0,"blocklistURL":null,"startupData":null,"location":"app-system-defaults"}
1540989167626	addons.manager	DEBUG	Registering startup change 'installed' for webcompat@mozilla.org
1540989167626	addons.xpi	DEBUG	Loading bootstrap scope from C:\Program Files\Mozilla Firefox\browser\features\webcompat@mozilla.org.xpi
1540989167628	addons.xpi	DEBUG	Calling bootstrap method install on webcompat@mozilla.org version 2.0
1540989167628	addons.xpi-utils	DEBUG	Make addon app-system-defaults:webcompat@mozilla.org visible
1540989167628	addons.xpi	DEBUG	Updating XPIState for {"id":"webcompat@mozilla.org","syncGUID":"{ddb97614-98bf-4070-bdba-1a6e5f1884c7}","version":"2.0","type":"extension","defaultLocale":{"name":"Web Compat","description":"Urgent post-release fixes for web compatibility."},"visible":true,"active":false,"userDisabled":false,"appDisabled":false,"installDate":1535646567106,"updateDate":1535646567106,"applyBackgroundUpdates":1,"path":"C:\\Program Files\\Mozilla Firefox\\browser\\features\\webcompat@mozilla.org.xpi","skinnable":false,"sourceURI":null,"releaseNotesURI":null,"softDisabled":false,"foreignInstall":false,"strictCompatibility":false,"locales":[],"targetApplications":[{"id":"{ec8030f7-c20a-464f-9b0e-13a3a9e97384}","minVersion":"62.0","maxVersion":"62.*"},{"id":"{aa3c5121-dab2-40e2-81ca-7ea25febc110}","minVersion":"62.0","maxVersion":"62.*"}],"targetPlatforms":[],"seen":true,"dependencies":[],"hasEmbeddedWebExtension":true,"userPermissions":null,"icons":{},"blocklistState":0,"blocklistURL":null,"startupData":null,"location":"app-system-defaults"}
1540989167628	addons.xpi	DEBUG	Updating XPIState for {"id":"activity-stream@mozilla.org","syncGUID":"{0b589598-4591-4653-9b3b-820398967418}","version":"2018.08.22.1219-93becf29","type":"extension","defaultLocale":{"name":"Activity Stream","description":"A rich visual history feed and a reimagined home page make it easier than ever to find exactly what you're looking for in Firefox."},"visible":true,"active":true,"userDisabled":false,"appDisabled":false,"installDate":1535646567086,"updateDate":1535646567086,"applyBackgroundUpdates":1,"path":"C:\\Program Files\\Mozilla Firefox\\browser\\features\\activity-stream@mozilla.org.xpi","skinnable":false,"sourceURI":null,"releaseNotesURI":null,"softDisabled":false,"foreignInstall":false,"strictCompatibility":false,"locales":[],"targetApplications":[{"id":"{ec8030f7-c20a-464f-9b0e-13a3a9e97384}","minVersion":"62.0","maxVersion":"62.*"}],"targetPlatforms":[],"seen":true,"dependencies":[],"hasEmbeddedWebExtension":false,"userPermissions":null,"icons":{},"blocklistState":0,"blocklistURL":null,"startupData":null,"location":"app-system-defaults"}
1540989167628	addons.xpi	DEBUG	Updating XPIState for {"id":"aushelper@mozilla.org","syncGUID":"{b05649a0-43f8-4425-bed2-1b2ac5344400}","version":"2.0","type":"extension","defaultLocale":{"name":"Application Update Service Helper","description":"Sets value(s) in the update url based on custom checks."},"visible":true,"active":true,"userDisabled":false,"appDisabled":false,"installDate":1535646567087,"updateDate":1535646567087,"applyBackgroundUpdates":1,"path":"C:\\Program Files\\Mozilla Firefox\\browser\\features\\aushelper@mozilla.org.xpi","skinnable":false,"sourceURI":null,"releaseNotesURI":null,"softDisabled":false,"foreignInstall":false,"strictCompatibility":false,"locales":[],"targetApplications":[{"id":"{ec8030f7-c20a-464f-9b0e-13a3a9e97384}","minVersion":"62.0","maxVersion":"62.*"}],"targetPlatforms":[],"seen":true,"dependencies":[],"hasEmbeddedWebExtension":false,"userPermissions":null,"icons":{},"blocklistState":0,"blocklistURL":null,"startupData":null,"location":"app-system-defaults"}
1540989167635	addons.xpi	DEBUG	Updating XPIState for {"id":"firefox@getpocket.com","syncGUID":"{6fdb6488-265e-4830-8b3c-3189acfba338}","version":"1.0.5","type":"extension","defaultLocale":{"name":"Pocket","description":"When you find something you want to view later, put it in Pocket."},"visible":true,"active":true,"userDisabled":false,"appDisabled":false,"installDate":1535646567092,"updateDate":1535646567092,"applyBackgroundUpdates":1,"path":"C:\\Program Files\\Mozilla Firefox\\browser\\features\\firefox@getpocket.com.xpi","skinnable":false,"sourceURI":null,"releaseNotesURI":null,"softDisabled":false,"foreignInstall":false,"strictCompatibility":false,"locales":[],"targetApplications":[{"id":"{ec8030f7-c20a-464f-9b0e-13a3a9e97384}","minVersion":"62.0","maxVersion":"62.*"}],"targetPlatforms":[],"seen":true,"dependencies":[],"hasEmbeddedWebExtension":false,"userPermissions":null,"icons":{},"blocklistState":0,"blocklistURL":null,"startupData":null,"location":"app-system-defaults"}
1540989167635	addons.xpi	DEBUG	Updating XPIState for {"id":"formautofill@mozilla.org","syncGUID":"{d2c34554-de07-4dd2-bfb4-80ed7c9ac7a7}","version":"1.0","type":"extension","defaultLocale":{"name":"Form Autofill","description":"Autofill forms with saved profiles"},"visible":true,"active":true,"userDisabled":false,"appDisabled":false,"installDate":1535646567095,"updateDate":1535646567095,"applyBackgroundUpdates":1,"path":"C:\\Program Files\\Mozilla Firefox\\browser\\features\\formautofill@mozilla.org.xpi","skinnable":false,"sourceURI":null,"releaseNotesURI":null,"softDisabled":false,"foreignInstall":false,"strictCompatibility":false,"locales":[],"targetApplications":[{"id":"{ec8030f7-c20a-464f-9b0e-13a3a9e97384}","minVersion":"62.0","maxVersion":"62.*"}],"targetPlatforms":[],"seen":true,"dependencies":[],"hasEmbeddedWebExtension":false,"userPermissions":null,"icons":{},"blocklistState":0,"blocklistURL":null,"startupData":null,"location":"app-system-defaults"}
1540989167635	addons.xpi	DEBUG	Updating XPIState for {"id":"onboarding@mozilla.org","syncGUID":"{12bde658-2aef-45bd-ae22-4197ef7d31b7}","version":"1.0","type":"extension","defaultLocale":{"name":"Photon onboarding","description":"Photon onboarding"},"visible":true,"active":true,"userDisabled":false,"appDisabled":false,"installDate":1535646567099,"updateDate":1535646567099,"applyBackgroundUpdates":1,"path":"C:\\Program Files\\Mozilla Firefox\\browser\\features\\onboarding@mozilla.org.xpi","skinnable":false,"sourceURI":null,"releaseNotesURI":null,"softDisabled":false,"foreignInstall":false,"strictCompatibility":false,"locales":[],"targetApplications":[{"id":"{ec8030f7-c20a-464f-9b0e-13a3a9e97384}","minVersion":"62.0","maxVersion":"62.*"}],"targetPlatforms":[],"seen":true,"dependencies":[],"hasEmbeddedWebExtension":false,"userPermissions":null,"icons":{},"blocklistState":0,"blocklistURL":null,"startupData":null,"location":"app-system-defaults"}
1540989167635	addons.xpi	DEBUG	Updating XPIState for {"id":"screenshots@mozilla.org","syncGUID":"{3af5b048-e0f2-410c-bb29-bb20edbc0370}","version":"33.0.0","type":"extension","defaultLocale":{"name":"Firefox Screenshots","homepageURL":"https://screenshots.firefox.com/"},"visible":true,"active":true,"userDisabled":false,"appDisabled":false,"installDate":1535646567105,"updateDate":1535646567105,"applyBackgroundUpdates":1,"path":"C:\\Program Files\\Mozilla Firefox\\browser\\features\\screenshots@mozilla.org.xpi","skinnable":false,"sourceURI":null,"releaseNotesURI":null,"softDisabled":false,"foreignInstall":false,"strictCompatibility":false,"locales":[],"targetApplications":[{"id":"{ec8030f7-c20a-464f-9b0e-13a3a9e97384}","minVersion":"57.0a1","maxVersion":"*"}],"targetPlatforms":[],"seen":true,"dependencies":[],"hasEmbeddedWebExtension":false,"userPermissions":null,"icons":{},"blocklistState":0,"blocklistURL":null,"startupData":null,"location":"app-system-defaults"}
1540989167636	addons.xpi	DEBUG	Updating XPIState for {"id":"webcompat-reporter@mozilla.org","syncGUID":"{d578ca79-9bf5-461e-8fc2-c92692eac575}","version":"1.0.0","type":"extension","defaultLocale":{"name":"WebCompat Reporter","description":"Report site compatibility issues on webcompat.com."},"visible":true,"active":true,"userDisabled":false,"appDisabled":false,"installDate":1535646567106,"updateDate":1535646567106,"applyBackgroundUpdates":1,"path":"C:\\Program Files\\Mozilla Firefox\\browser\\features\\webcompat-reporter@mozilla.org.xpi","skinnable":false,"sourceURI":null,"releaseNotesURI":null,"softDisabled":false,"foreignInstall":false,"strictCompatibility":false,"locales":[],"targetApplications":[{"id":"{ec8030f7-c20a-464f-9b0e-13a3a9e97384}","minVersion":"62.0","maxVersion":"62.*"}],"targetPlatforms":[],"seen":true,"dependencies":[],"hasEmbeddedWebExtension":false,"userPermissions":null,"icons":{},"blocklistState":0,"blocklistURL":null,"startupData":null,"location":"app-system-defaults"}
1540989167654	addons.xpi	DEBUG	Updating XPIState for {"id":"webcompat@mozilla.org","syncGUID":"{ddb97614-98bf-4070-bdba-1a6e5f1884c7}","version":"2.0","type":"extension","defaultLocale":{"name":"Web Compat","description":"Urgent post-release fixes for web compatibility."},"visible":true,"active":true,"userDisabled":false,"appDisabled":false,"installDate":1535646567106,"updateDate":1535646567106,"applyBackgroundUpdates":1,"path":"C:\\Program Files\\Mozilla Firefox\\browser\\features\\webcompat@mozilla.org.xpi","skinnable":false,"sourceURI":null,"releaseNotesURI":null,"softDisabled":false,"foreignInstall":false,"strictCompatibility":false,"locales":[],"targetApplications":[{"id":"{ec8030f7-c20a-464f-9b0e-13a3a9e97384}","minVersion":"62.0","maxVersion":"62.*"},{"id":"{aa3c5121-dab2-40e2-81ca-7ea25febc110}","minVersion":"62.0","maxVersion":"62.*"}],"targetPlatforms":[],"seen":true,"dependencies":[],"hasEmbeddedWebExtension":true,"userPermissions":null,"icons":{},"blocklistState":0,"blocklistURL":null,"startupData":null,"location":"app-system-defaults"}
1540989167655	addons.xpi-utils	DEBUG	Updating add-on states
1540989167657	addons.xpi	DEBUG	Registering manifest for C:\Program Files\Mozilla Firefox\browser\features\activity-stream@mozilla.org.xpi
1540989167658	addons.xpi	DEBUG	Calling bootstrap method startup on activity-stream@mozilla.org version 2018.08.22.1219-93becf29
1540989167659	addons.xpi	DEBUG	Registering manifest for C:\Program Files\Mozilla Firefox\browser\features\aushelper@mozilla.org.xpi
1540989167660	addons.xpi	DEBUG	Calling bootstrap method startup on aushelper@mozilla.org version 2.0
1540989167661	addons.xpi	DEBUG	Registering manifest for C:\Program Files\Mozilla Firefox\browser\features\firefox@getpocket.com.xpi
1540989167662	addons.xpi	DEBUG	Calling bootstrap method startup on firefox@getpocket.com version 1.0.5
1540989167666	addons.xpi	DEBUG	Registering manifest for C:\Program Files\Mozilla Firefox\browser\features\formautofill@mozilla.org.xpi
1540989167667	addons.xpi	DEBUG	Calling bootstrap method startup on formautofill@mozilla.org version 1.0
1540989167667	addons.xpi	DEBUG	Registering manifest for C:\Program Files\Mozilla Firefox\browser\features\onboarding@mozilla.org.xpi
1540989167668	addons.xpi	DEBUG	Calling bootstrap method startup on onboarding@mozilla.org version 1.0
1540989167668	addons.xpi	DEBUG	Registering manifest for C:\Program Files\Mozilla Firefox\browser\features\screenshots@mozilla.org.xpi
1540989167669	addons.xpi	DEBUG	Calling bootstrap method startup on screenshots@mozilla.org version 33.0.0
1540989167669	addons.xpi	DEBUG	Registering manifest for C:\Program Files\Mozilla Firefox\browser\features\webcompat-reporter@mozilla.org.xpi
1540989167670	addons.xpi	DEBUG	Calling bootstrap method startup on webcompat-reporter@mozilla.org version 1.0.0
1540989167670	addons.xpi	DEBUG	Registering manifest for C:\Program Files\Mozilla Firefox\browser\features\webcompat@mozilla.org.xpi
1540989167671	addons.xpi	DEBUG	Calling bootstrap method startup on webcompat@mozilla.org version 2.0
1540989167672	addons.manager	DEBUG	Registering shutdown blocker for XPIProvider
1540989167673	addons.manager	DEBUG	Provider finished startup: XPIProvider
1540989167673	addons.manager	DEBUG	Starting provider: LightweightThemeManager
1540989167673	addons.manager	DEBUG	Registering shutdown blocker for LightweightThemeManager
1540989167673	addons.manager	DEBUG	Provider finished startup: LightweightThemeManager
1540989167674	addons.manager	DEBUG	Starting provider: GMPProvider
1540989167675	addons.manager	DEBUG	Registering shutdown blocker for GMPProvider
1540989167676	addons.manager	DEBUG	Provider finished startup: GMPProvider
1540989167676	addons.manager	DEBUG	Starting provider: PluginProvider
1540989167676	addons.manager	DEBUG	Registering shutdown blocker for PluginProvider
1540989167676	addons.manager	DEBUG	Provider finished startup: PluginProvider
1540989167677	addons.manager	DEBUG	Completed startup sequence
1540989169441	addons.xpi	DEBUG	Existing add-on activity-stream@mozilla.org in app-system-defaults
1540989169441	addons.xpi	DEBUG	Existing add-on aushelper@mozilla.org in app-system-defaults
1540989169441	addons.xpi	DEBUG	Existing add-on firefox@getpocket.com in app-system-defaults
1540989169441	addons.xpi	DEBUG	Existing add-on formautofill@mozilla.org in app-system-defaults
1540989169442	addons.xpi	DEBUG	Existing add-on onboarding@mozilla.org in app-system-defaults
1540989169442	addons.xpi	DEBUG	Existing add-on screenshots@mozilla.org in app-system-defaults
1540989169442	addons.xpi	DEBUG	Existing add-on webcompat-reporter@mozilla.org in app-system-defaults
1540989169442	addons.xpi	DEBUG	Existing add-on webcompat@mozilla.org in app-system-defaults
1540989169442	addons.xpi	DEBUG	scanForChanges changed: false, state: {}
1540989169522	Marionette	INFO	Listening on port 60759
1540989169939	Marionette	WARN	TLS certificate errors will be ignored for this session
1540989169983	Marionette	DEBUG	[6442450945] Frame script loaded
1540989169984	Marionette	DEBUG	[6442450945] Frame script registered
Oct 31, 2018 6:02:49 PM org.openqa.selenium.remote.ProtocolHandshake createSession
INFO: Detected dialect: W3C
1540989170029	Marionette	DEBUG	[6442450945] Received DOM event beforeunload for about:blank
1540989170049	Marionette	DEBUG	[6442450945] Received DOM event pagehide for about:blank
JavaScript error: http://192.168.10.124/Edinsight/Login.aspx, line 148: ReferenceError: search is not defined
1540989170266	Marionette	DEBUG	[6442450945] Received DOM event DOMContentLoaded for http://192.168.10.124/Edinsight/Login.aspx
1540989171367	Marionette	DEBUG	[6442450945] Received DOM event pageshow for http://192.168.10.124/Edinsight/Login.aspx
1540989171374	Marionette	DEBUG	[6442450945] Received DOM event beforeunload for http://192.168.10.124/Edinsight/Login.aspx
1540989171423	Marionette	DEBUG	[6442450945] Received DOM event pagehide for http://192.168.10.124/Edinsight/Login.aspx
1540989171424	Marionette	DEBUG	[6442450945] Received DOM event unload for http://192.168.10.124/Edinsight/Login.aspx
JavaScript error: http://192.168.10.124/Edinsight/Login.aspx, line 148: ReferenceError: search is not defined
1540989171577	Marionette	DEBUG	[6442450945] Received DOM event DOMContentLoaded for http://192.168.10.124/Edinsight/Login.aspx
1540989171614	Marionette	DEBUG	[6442450945] Received DOM event pageshow for http://192.168.10.124/Edinsight/Login.aspx
1540989175272	Marionette	DEBUG	[6442450945] Received DOM event beforeunload for http://192.168.10.124/Edinsight/Login.aspx
1540989176151	Marionette	DEBUG	[6442450945] Received DOM event pagehide for http://192.168.10.124/Edinsight/Login.aspx
1540989176155	Marionette	DEBUG	[6442450945] Received DOM event unload for http://192.168.10.124/Edinsight/Login.aspx
1540989176600	Marionette	DEBUG	[6442450945] Received DOM event DOMContentLoaded for http://192.168.10.124/Edinsight/Dashboards/Dashboard.aspx?args=xVNF9/EmdfyYlZO24Xg2+uV04PVJmgZgtem/Imousj+kM7yoAoNbmuidFBz7eEAwjSCRaUOcMvjke2+xn8mZexWCpEPtngx24OC3PhLCoYc=
1540989176757	Marionette	DEBUG	[6442450945] Received observer notification outer-window-destroyed for 6442450951
1540989176759	Marionette	DEBUG	[6442450945] Received observer notification outer-window-destroyed for 6442450952
JavaScript error: http://192.168.10.124/Edinsight/Dashboards/Dashboard.aspx?args=xVNF9/EmdfyYlZO24Xg2+uV04PVJmgZgtem/Imousj+kM7yoAoNbmuidFBz7eEAwjSCRaUOcMvjke2+xn8mZexWCpEPtngx24OC3PhLCoYc=, line 1: ReferenceError: False is not defined
1540989176813	Marionette	DEBUG	[6442450945] Received DOM event pageshow for http://192.168.10.124/Edinsight/Dashboards/Dashboard.aspx?args=xVNF9/EmdfyYlZO24Xg2+uV04PVJmgZgtem/Imousj+kM7yoAoNbmuidFBz7eEAwjSCRaUOcMvjke2+xn8mZexWCpEPtngx24OC3PhLCoYc=
1540989177098	Marionette	DEBUG	[6442450945] Canceled page load listener because no navigation has been detected
JavaScript error: http://192.168.10.124/EdInsight/ScriptResource.axd?d=XOa34urf5kvQO-st5fkccv2gqN7LJJUall0FOI3N34FnXZL-lLWNn_3z0TS1wIJK0w6agHoIClfGrh-OXC8TgvhjWwv2zue_GDGqZVKLeXTPNWsOogcuaX6QjZ35wjLOEnQTlGU1nJAHYAysS0g8Rwf1quG6tCaFxcGIS98pTjGa_TbsTROLF-pmaNEZ0VlZ0&t=ffffffffcd368728:5273, line 84: Error: Sys.InvalidOperationException: A control is already associated with the element.
JavaScript error: http://192.168.10.124/EdInsight/ScriptResource.axd?d=XOa34urf5kvQO-st5fkccv2gqN7LJJUall0FOI3N34FnXZL-lLWNn_3z0TS1wIJK0w6agHoIClfGrh-OXC8TgvhjWwv2zue_GDGqZVKLeXTPNWsOogcuaX6QjZ35wjLOEnQTlGU1nJAHYAysS0g8Rwf1quG6tCaFxcGIS98pTjGa_TbsTROLF-pmaNEZ0VlZ0&t=ffffffffcd368728:5273, line 84: Error: Sys.InvalidOperationException: A control is already associated with the element.
JavaScript error: http://192.168.10.124/EdInsight/ScriptResource.axd?d=XOa34urf5kvQO-st5fkccv2gqN7LJJUall0FOI3N34FnXZL-lLWNn_3z0TS1wIJK0w6agHoIClfGrh-OXC8TgvhjWwv2zue_GDGqZVKLeXTPNWsOogcuaX6QjZ35wjLOEnQTlGU1nJAHYAysS0g8Rwf1quG6tCaFxcGIS98pTjGa_TbsTROLF-pmaNEZ0VlZ0&t=ffffffffcd368728:5273, line 84: Error: Sys.InvalidOperationException: A control is already associated with the element.
JavaScript error: http://192.168.10.124/EdInsight/ScriptResource.axd?d=XOa34urf5kvQO-st5fkccv2gqN7LJJUall0FOI3N34FnXZL-lLWNn_3z0TS1wIJK0w6agHoIClfGrh-OXC8TgvhjWwv2zue_GDGqZVKLeXTPNWsOogcuaX6QjZ35wjLOEnQTlGU1nJAHYAysS0g8Rwf1quG6tCaFxcGIS98pTjGa_TbsTROLF-pmaNEZ0VlZ0&t=ffffffffcd368728:5273, line 84: Error: Sys.InvalidOperationException: A control is already associated with the element.
JavaScript error: http://192.168.10.124/EdInsight/ScriptResource.axd?d=XOa34urf5kvQO-st5fkccv2gqN7LJJUall0FOI3N34FnXZL-lLWNn_3z0TS1wIJK0w6agHoIClfGrh-OXC8TgvhjWwv2zue_GDGqZVKLeXTPNWsOogcuaX6QjZ35wjLOEnQTlGU1nJAHYAysS0g8Rwf1quG6tCaFxcGIS98pTjGa_TbsTROLF-pmaNEZ0VlZ0&t=ffffffffcd368728:5273, line 84: Error: Sys.InvalidOperationException: A control is already associated with the element.
JavaScript error: http://192.168.10.124/EdInsight/ScriptResource.axd?d=XOa34urf5kvQO-st5fkccv2gqN7LJJUall0FOI3N34FnXZL-lLWNn_3z0TS1wIJK0w6agHoIClfGrh-OXC8TgvhjWwv2zue_GDGqZVKLeXTPNWsOogcuaX6QjZ35wjLOEnQTlGU1nJAHYAysS0g8Rwf1quG6tCaFxcGIS98pTjGa_TbsTROLF-pmaNEZ0VlZ0&t=ffffffffcd368728:5273, line 84: Error: Sys.InvalidOperationException: A control is already associated with the element.
JavaScript error: http://192.168.10.124/EdInsight/ScriptResource.axd?d=XOa34urf5kvQO-st5fkccv2gqN7LJJUall0FOI3N34FnXZL-lLWNn_3z0TS1wIJK0w6agHoIClfGrh-OXC8TgvhjWwv2zue_GDGqZVKLeXTPNWsOogcuaX6QjZ35wjLOEnQTlGU1nJAHYAysS0g8Rwf1quG6tCaFxcGIS98pTjGa_TbsTROLF-pmaNEZ0VlZ0&t=ffffffffcd368728:5273, line 84: Error: Sys.InvalidOperationException: A control is already associated with the element.
JavaScript error: http://192.168.10.124/EdInsight/ScriptResource.axd?d=XOa34urf5kvQO-st5fkccv2gqN7LJJUall0FOI3N34FnXZL-lLWNn_3z0TS1wIJK0w6agHoIClfGrh-OXC8TgvhjWwv2zue_GDGqZVKLeXTPNWsOogcuaX6QjZ35wjLOEnQTlGU1nJAHYAysS0g8Rwf1quG6tCaFxcGIS98pTjGa_TbsTROLF-pmaNEZ0VlZ0&t=ffffffffcd368728:5273, line 84: Error: Sys.InvalidOperationException: A control is already associated with the element.
JavaScript error: http://192.168.10.124/EdInsight/ScriptResource.axd?d=XOa34urf5kvQO-st5fkccv2gqN7LJJUall0FOI3N34FnXZL-lLWNn_3z0TS1wIJK0w6agHoIClfGrh-OXC8TgvhjWwv2zue_GDGqZVKLeXTPNWsOogcuaX6QjZ35wjLOEnQTlGU1nJAHYAysS0g8Rwf1quG6tCaFxcGIS98pTjGa_TbsTROLF-pmaNEZ0VlZ0&t=ffffffffcd368728:5273, line 84: Error: Sys.InvalidOperationException: A control is already associated with the element.
JavaScript error: http://192.168.10.124/EdInsight/ScriptResource.axd?d=XOa34urf5kvQO-st5fkccv2gqN7LJJUall0FOI3N34FnXZL-lLWNn_3z0TS1wIJK0w6agHoIClfGrh-OXC8TgvhjWwv2zue_GDGqZVKLeXTPNWsOogcuaX6QjZ35wjLOEnQTlGU1nJAHYAysS0g8Rwf1quG6tCaFxcGIS98pTjGa_TbsTROLF-pmaNEZ0VlZ0&t=ffffffffcd368728:5273, line 84: Error: Sys.InvalidOperationException: A control is already associated with the element.
JavaScript error: http://192.168.10.124/EdInsight/ScriptResource.axd?d=XOa34urf5kvQO-st5fkccv2gqN7LJJUall0FOI3N34FnXZL-lLWNn_3z0TS1wIJK0w6agHoIClfGrh-OXC8TgvhjWwv2zue_GDGqZVKLeXTPNWsOogcuaX6QjZ35wjLOEnQTlGU1nJAHYAysS0g8Rwf1quG6tCaFxcGIS98pTjGa_TbsTROLF-pmaNEZ0VlZ0&t=ffffffffcd368728:5273, line 84: Error: Sys.InvalidOperationException: A control is already associated with the element.
JavaScript error: http://192.168.10.124/EdInsight/ScriptResource.axd?d=XOa34urf5kvQO-st5fkccv2gqN7LJJUall0FOI3N34FnXZL-lLWNn_3z0TS1wIJK0w6agHoIClfGrh-OXC8TgvhjWwv2zue_GDGqZVKLeXTPNWsOogcuaX6QjZ35wjLOEnQTlGU1nJAHYAysS0g8Rwf1quG6tCaFxcGIS98pTjGa_TbsTROLF-pmaNEZ0VlZ0&t=ffffffffcd368728:5273, line 84: Error: Sys.InvalidOperationException: A control is already associated with the element.
JavaScript error: http://192.168.10.124/EdInsight/ScriptResource.axd?d=XOa34urf5kvQO-st5fkccv2gqN7LJJUall0FOI3N34FnXZL-lLWNn_3z0TS1wIJK0w6agHoIClfGrh-OXC8TgvhjWwv2zue_GDGqZVKLeXTPNWsOogcuaX6QjZ35wjLOEnQTlGU1nJAHYAysS0g8Rwf1quG6tCaFxcGIS98pTjGa_TbsTROLF-pmaNEZ0VlZ0&t=ffffffffcd368728:5273, line 84: Error: Sys.InvalidOperationException: A control is already associated with the element.
JavaScript error: http://192.168.10.124/EdInsight/ScriptResource.axd?d=XOa34urf5kvQO-st5fkccv2gqN7LJJUall0FOI3N34FnXZL-lLWNn_3z0TS1wIJK0w6agHoIClfGrh-OXC8TgvhjWwv2zue_GDGqZVKLeXTPNWsOogcuaX6QjZ35wjLOEnQTlGU1nJAHYAysS0g8Rwf1quG6tCaFxcGIS98pTjGa_TbsTROLF-pmaNEZ0VlZ0&t=ffffffffcd368728:5273, line 84: Error: Sys.InvalidOperationException: A control is already associated with the element.
JavaScript error: http://192.168.10.124/EdInsight/ScriptResource.axd?d=XOa34urf5kvQO-st5fkccv2gqN7LJJUall0FOI3N34FnXZL-lLWNn_3z0TS1wIJK0w6agHoIClfGrh-OXC8TgvhjWwv2zue_GDGqZVKLeXTPNWsOogcuaX6QjZ35wjLOEnQTlGU1nJAHYAysS0g8Rwf1quG6tCaFxcGIS98pTjGa_TbsTROLF-pmaNEZ0VlZ0&t=ffffffffcd368728:5273, line 84: Error: Sys.InvalidOperationException: A control is already associated with the element.
JavaScript error: http://192.168.10.124/EdInsight/ScriptResource.axd?d=XOa34urf5kvQO-st5fkccv2gqN7LJJUall0FOI3N34FnXZL-lLWNn_3z0TS1wIJK0w6agHoIClfGrh-OXC8TgvhjWwv2zue_GDGqZVKLeXTPNWsOogcuaX6QjZ35wjLOEnQTlGU1nJAHYAysS0g8Rwf1quG6tCaFxcGIS98pTjGa_TbsTROLF-pmaNEZ0VlZ0&t=ffffffffcd368728:5273, line 84: Error: Sys.InvalidOperationException: A control is already associated with the element.
JavaScript error: http://192.168.10.124/EdInsight/ScriptResource.axd?d=XOa34urf5kvQO-st5fkccv2gqN7LJJUall0FOI3N34FnXZL-lLWNn_3z0TS1wIJK0w6agHoIClfGrh-OXC8TgvhjWwv2zue_GDGqZVKLeXTPNWsOogcuaX6QjZ35wjLOEnQTlGU1nJAHYAysS0g8Rwf1quG6tCaFxcGIS98pTjGa_TbsTROLF-pmaNEZ0VlZ0&t=ffffffffcd368728:5273, line 84: Error: Sys.InvalidOperationException: A control is already associated with the element.
JavaScript error: http://192.168.10.124/EdInsight/ScriptResource.axd?d=XOa34urf5kvQO-st5fkccv2gqN7LJJUall0FOI3N34FnXZL-lLWNn_3z0TS1wIJK0w6agHoIClfGrh-OXC8TgvhjWwv2zue_GDGqZVKLeXTPNWsOogcuaX6QjZ35wjLOEnQTlGU1nJAHYAysS0g8Rwf1quG6tCaFxcGIS98pTjGa_TbsTROLF-pmaNEZ0VlZ0&t=ffffffffcd368728:5273, line 84: Error: Sys.InvalidOperationException: A control is already associated with the element.
JavaScript error: http://192.168.10.124/EdInsight/ScriptResource.axd?d=XOa34urf5kvQO-st5fkccv2gqN7LJJUall0FOI3N34FnXZL-lLWNn_3z0TS1wIJK0w6agHoIClfGrh-OXC8TgvhjWwv2zue_GDGqZVKLeXTPNWsOogcuaX6QjZ35wjLOEnQTlGU1nJAHYAysS0g8Rwf1quG6tCaFxcGIS98pTjGa_TbsTROLF-pmaNEZ0VlZ0&t=ffffffffcd368728:5273, line 84: Error: Sys.InvalidOperationException: A control is already associated with the element.
JavaScript error: http://192.168.10.124/EdInsight/ScriptResource.axd?d=XOa34urf5kvQO-st5fkccv2gqN7LJJUall0FOI3N34FnXZL-lLWNn_3z0TS1wIJK0w6agHoIClfGrh-OXC8TgvhjWwv2zue_GDGqZVKLeXTPNWsOogcuaX6QjZ35wjLOEnQTlGU1nJAHYAysS0g8Rwf1quG6tCaFxcGIS98pTjGa_TbsTROLF-pmaNEZ0VlZ0&t=ffffffffcd368728:5273, line 84: Error: Sys.InvalidOperationException: A control is already associated with the element.
JavaScript error: http://192.168.10.124/EdInsight/ScriptResource.axd?d=XOa34urf5kvQO-st5fkccv2gqN7LJJUall0FOI3N34FnXZL-lLWNn_3z0TS1wIJK0w6agHoIClfGrh-OXC8TgvhjWwv2zue_GDGqZVKLeXTPNWsOogcuaX6QjZ35wjLOEnQTlGU1nJAHYAysS0g8Rwf1quG6tCaFxcGIS98pTjGa_TbsTROLF-pmaNEZ0VlZ0&t=ffffffffcd368728:5273, line 84: Error: Sys.InvalidOperationException: A control is already associated with the element.
JavaScript error: http://192.168.10.124/EdInsight/ScriptResource.axd?d=XOa34urf5kvQO-st5fkccv2gqN7LJJUall0FOI3N34FnXZL-lLWNn_3z0TS1wIJK0w6agHoIClfGrh-OXC8TgvhjWwv2zue_GDGqZVKLeXTPNWsOogcuaX6QjZ35wjLOEnQTlGU1nJAHYAysS0g8Rwf1quG6tCaFxcGIS98pTjGa_TbsTROLF-pmaNEZ0VlZ0&t=ffffffffcd368728:5273, line 84: Error: Sys.InvalidOperationException: A control is already associated with the element.
JavaScript error: http://192.168.10.124/EdInsight/ScriptResource.axd?d=XOa34urf5kvQO-st5fkccv2gqN7LJJUall0FOI3N34FnXZL-lLWNn_3z0TS1wIJK0w6agHoIClfGrh-OXC8TgvhjWwv2zue_GDGqZVKLeXTPNWsOogcuaX6QjZ35wjLOEnQTlGU1nJAHYAysS0g8Rwf1quG6tCaFxcGIS98pTjGa_TbsTROLF-pmaNEZ0VlZ0&t=ffffffffcd368728:5273, line 84: Error: Sys.InvalidOperationException: A control is already associated with the element.
JavaScript error: http://192.168.10.124/EdInsight/ScriptResource.axd?d=XOa34urf5kvQO-st5fkccv2gqN7LJJUall0FOI3N34FnXZL-lLWNn_3z0TS1wIJK0w6agHoIClfGrh-OXC8TgvhjWwv2zue_GDGqZVKLeXTPNWsOogcuaX6QjZ35wjLOEnQTlGU1nJAHYAysS0g8Rwf1quG6tCaFxcGIS98pTjGa_TbsTROLF-pmaNEZ0VlZ0&t=ffffffffcd368728:5273, line 84: Error: Sys.InvalidOperationException: A control is already associated with the element.
JavaScript error: http://192.168.10.124/EdInsight/ScriptResource.axd?d=XOa34urf5kvQO-st5fkccv2gqN7LJJUall0FOI3N34FnXZL-lLWNn_3z0TS1wIJK0w6agHoIClfGrh-OXC8TgvhjWwv2zue_GDGqZVKLeXTPNWsOogcuaX6QjZ35wjLOEnQTlGU1nJAHYAysS0g8Rwf1quG6tCaFxcGIS98pTjGa_TbsTROLF-pmaNEZ0VlZ0&t=ffffffffcd368728:5273, line 84: Error: Sys.InvalidOperationException: A control is already associated with the element.
JavaScript error: http://192.168.10.124/EdInsight/ScriptResource.axd?d=XOa34urf5kvQO-st5fkccv2gqN7LJJUall0FOI3N34FnXZL-lLWNn_3z0TS1wIJK0w6agHoIClfGrh-OXC8TgvhjWwv2zue_GDGqZVKLeXTPNWsOogcuaX6QjZ35wjLOEnQTlGU1nJAHYAysS0g8Rwf1quG6tCaFxcGIS98pTjGa_TbsTROLF-pmaNEZ0VlZ0&t=ffffffffcd368728:5273, line 84: Error: Sys.InvalidOperationException: A control is already associated with the element.
JavaScript error: http://192.168.10.124/EdInsight/ScriptResource.axd?d=XOa34urf5kvQO-st5fkccv2gqN7LJJUall0FOI3N34FnXZL-lLWNn_3z0TS1wIJK0w6agHoIClfGrh-OXC8TgvhjWwv2zue_GDGqZVKLeXTPNWsOogcuaX6QjZ35wjLOEnQTlGU1nJAHYAysS0g8Rwf1quG6tCaFxcGIS98pTjGa_TbsTROLF-pmaNEZ0VlZ0&t=ffffffffcd368728:5273, line 84: Error: Sys.InvalidOperationException: A control is already associated with the element.
JavaScript error: http://192.168.10.124/EdInsight/ScriptResource.axd?d=XOa34urf5kvQO-st5fkccv2gqN7LJJUall0FOI3N34FnXZL-lLWNn_3z0TS1wIJK0w6agHoIClfGrh-OXC8TgvhjWwv2zue_GDGqZVKLeXTPNWsOogcuaX6QjZ35wjLOEnQTlGU1nJAHYAysS0g8Rwf1quG6tCaFxcGIS98pTjGa_TbsTROLF-pmaNEZ0VlZ0&t=ffffffffcd368728:5273, line 84: Error: Sys.InvalidOperationException: A control is already associated with the element.
1540989177788	Marionette	DEBUG	[6442450945] Received DOM event beforeunload for http://192.168.10.124/Edinsight/Dashboards/Dashboard.aspx?args=xVNF9/EmdfyYlZO24Xg2+uV04PVJmgZgtem/Imousj+kM7yoAoNbmuidFBz7eEAwjSCRaUOcMvjke2+xn8mZexWCpEPtngx24OC3PhLCoYc=
1540989177923	Marionette	DEBUG	[6442450945] Received DOM event pagehide for http://192.168.10.124/Edinsight/Dashboards/Dashboard.aspx?args=xVNF9/EmdfyYlZO24Xg2+uV04PVJmgZgtem/Imousj+kM7yoAoNbmuidFBz7eEAwjSCRaUOcMvjke2+xn8mZexWCpEPtngx24OC3PhLCoYc=
1540989177924	Marionette	DEBUG	[6442450945] Received DOM event unload for http://192.168.10.124/Edinsight/Dashboards/Dashboard.aspx?args=xVNF9/EmdfyYlZO24Xg2+uV04PVJmgZgtem/Imousj+kM7yoAoNbmuidFBz7eEAwjSCRaUOcMvjke2+xn8mZexWCpEPtngx24OC3PhLCoYc=
1540989178121	Marionette	DEBUG	[6442450945] Received observer notification outer-window-destroyed for 6442450955
1540989178121	Marionette	DEBUG	[6442450945] Received observer notification outer-window-destroyed for 6442450956
1540989178141	addons.productaddons	WARN	Failed downloading XML, status: 0, reason: timeout
1540989178141	addons.productaddons	INFO	fetching config from: chrome://global/content/gmp-sources/openh264.json
1540989178141	addons.productaddons	INFO	fetching config from: chrome://global/content/gmp-sources/widevinecdm.json
1540989178142	addons.productaddons	INFO	found plugin: gmp-gmpopenh264
1540989178143	addons.productaddons	INFO	found plugin: gmp-widevinecdm
1540989178250	Marionette	DEBUG	[6442450945] Received DOM event DOMContentLoaded for http://192.168.10.124/EdInsight/Form/LocalAssessment/AssessmentReports.aspx?args=s79LFcKIz38I3KnjVa8bnUPYgZ4hkkzvkKsUkBGCRlVTjj0oMvjeREFHLINA0Ral62qOBeo79KIFxjvUKV1kutp/yAypVtKGo3VO9LRQ8XP50WXNpLreAANHtN0ZCIh7HP2Ss6MeciKZ92/aMUL00Q==
1540989178342	Marionette	DEBUG	[6442450945] Received observer notification outer-window-destroyed for 6442450962
1540989178344	Marionette	DEBUG	[6442450945] Received observer notification outer-window-destroyed for 6442450963
JavaScript error: http://192.168.10.124/EdInsight/Form/LocalAssessment/AssessmentReports.aspx?args=s79LFcKIz38I3KnjVa8bnUPYgZ4hkkzvkKsUkBGCRlVTjj0oMvjeREFHLINA0Ral62qOBeo79KIFxjvUKV1kutp/yAypVtKGo3VO9LRQ8XP50WXNpLreAANHtN0ZCIh7HP2Ss6MeciKZ92/aMUL00Q==, line 1: ReferenceError: False is not defined
1540989178383	Marionette	DEBUG	[6442450945] Received DOM event pageshow for http://192.168.10.124/EdInsight/Form/LocalAssessment/AssessmentReports.aspx?args=s79LFcKIz38I3KnjVa8bnUPYgZ4hkkzvkKsUkBGCRlVTjj0oMvjeREFHLINA0Ral62qOBeo79KIFxjvUKV1kutp/yAypVtKGo3VO9LRQ8XP50WXNpLreAANHtN0ZCIh7HP2Ss6MeciKZ92/aMUL00Q==
1540989178426	Marionette	DEBUG	[6442450945] Received DOM event beforeunload for http://192.168.10.124/EdInsight/Form/LocalAssessment/AssessmentReports.aspx?args=s79LFcKIz38I3KnjVa8bnUPYgZ4hkkzvkKsUkBGCRlVTjj0oMvjeREFHLINA0Ral62qOBeo79KIFxjvUKV1kutp/yAypVtKGo3VO9LRQ8XP50WXNpLreAANHtN0ZCIh7HP2Ss6MeciKZ92/aMUL00Q==
1540989178553	Marionette	DEBUG	[6442450945] Received DOM event pagehide for http://192.168.10.124/EdInsight/Form/LocalAssessment/AssessmentReports.aspx?args=s79LFcKIz38I3KnjVa8bnUPYgZ4hkkzvkKsUkBGCRlVTjj0oMvjeREFHLINA0Ral62qOBeo79KIFxjvUKV1kutp/yAypVtKGo3VO9LRQ8XP50WXNpLreAANHtN0ZCIh7HP2Ss6MeciKZ92/aMUL00Q==
1540989178554	Marionette	DEBUG	[6442450945] Received DOM event unload for http://192.168.10.124/EdInsight/Form/LocalAssessment/AssessmentReports.aspx?args=s79LFcKIz38I3KnjVa8bnUPYgZ4hkkzvkKsUkBGCRlVTjj0oMvjeREFHLINA0Ral62qOBeo79KIFxjvUKV1kutp/yAypVtKGo3VO9LRQ8XP50WXNpLreAANHtN0ZCIh7HP2Ss6MeciKZ92/aMUL00Q==
1540989178649	addons.productaddons	INFO	downloadXHR File download. status=200
1540989178657	addons.productaddons	INFO	Downloaded file will be saved to C:\Users\DEVELO~1\AppData\Local\Temp\tmpaddon-6cd02
1540989178750	Marionette	DEBUG	[6442450945] Received observer notification outer-window-destroyed for 6442450960
1540989178750	Marionette	DEBUG	[6442450945] Received observer notification outer-window-destroyed for 6442450966
1540989178751	Marionette	DEBUG	[6442450945] Received observer notification outer-window-destroyed for 6442450967
1540989178842	Marionette	DEBUG	[6442450945] Received DOM event DOMContentLoaded for http://192.168.10.124/EdInsight/Form/LocalAssessment/ReportTestComparisonParams.aspx?args=s79LFcKIz38I3KnjVa8bneHpR7+90JZY3L4dUPIMM4JpiAl3gm7dS5UYbBzotpxslH/abR6cf4H4UHxicN3vSg==
1540989178928	Marionette	DEBUG	[6442450945] Received observer notification outer-window-destroyed for 6442450973
1540989178931	Marionette	DEBUG	[6442450945] Received observer notification outer-window-destroyed for 6442450974
JavaScript error: http://192.168.10.124/EdInsight/Form/LocalAssessment/ReportTestComparisonParams.aspx?args=s79LFcKIz38I3KnjVa8bneHpR7+90JZY3L4dUPIMM4JpiAl3gm7dS5UYbBzotpxslH/abR6cf4H4UHxicN3vSg==, line 1: ReferenceError: False is not defined
1540989178965	Marionette	DEBUG	[6442450945] Received DOM event pageshow for http://192.168.10.124/EdInsight/Form/LocalAssessment/ReportTestComparisonParams.aspx?args=s79LFcKIz38I3KnjVa8bneHpR7+90JZY3L4dUPIMM4JpiAl3gm7dS5UYbBzotpxslH/abR6cf4H4UHxicN3vSg==
]]></system-err>
  </testcase>
  <testcase name="TCED14292" classname="com.analyzeByScore.AdministrationComparisonbyStudent" time="0.725"/>
  <testcase name="TCED14293" classname="com.analyzeByScore.AdministrationComparisonbyStudent" time="8.586"/>
  <testcase name="TCED14294" classname="com.analyzeByScore.AdministrationComparisonbyStudent" time="1.506"/>
  <testcase name="TCED14295" classname="com.analyzeByScore.AdministrationComparisonbyStudent" time="32.202"/>
  <testcase name="TCED14296" classname="com.analyzeByScore.AdministrationComparisonbyStudent" time="2.13"/>
  <testcase name="TCED14297" classname="com.analyzeByScore.AdministrationComparisonbyStudent" time="30.755"/>
  <testcase name="TCED16501" classname="com.questionBank.Local_Assessment_Question_Bank_Add_Edit_or_View_Exhibits" time="5.72"/>
  <testcase name="TCED16502" classname="com.questionBank.Local_Assessment_Question_Bank_Add_Edit_or_View_Exhibits" time="4.705"/>
  <testcase name="TCED16503" classname="com.questionBank.Local_Assessment_Question_Bank_Add_Edit_or_View_Exhibits" time="0.164"/>
  <testcase name="TCED16504" classname="com.questionBank.Local_Assessment_Question_Bank_Add_Edit_or_View_Exhibits" time="0.154"/>
  <testcase name="TCED16505" classname="com.questionBank.Local_Assessment_Question_Bank_Add_Edit_or_View_Exhibits" time="4.206"/>
  <testcase name="TCED16506" classname="com.questionBank.Local_Assessment_Question_Bank_Add_Edit_or_View_Exhibits" time="1.791"/>
  <testcase name="TCED16507" classname="com.questionBank.Local_Assessment_Question_Bank_Add_Edit_or_View_Exhibits" time="1.999"/>
  <testcase name="TCED19101" classname="com.MTSS.MTSS_Tier_Intervention_Menu" time="8.497"/>
  <testcase name="TCED19102" classname="com.MTSS.MTSS_Tier_Intervention_Menu" time="0.756"/>
  <testcase name="TCED19103" classname="com.MTSS.MTSS_Tier_Intervention_Menu" time="1.514"/>
  <testcase name="TCED19104" classname="com.MTSS.MTSS_Tier_Intervention_Menu" time="1.467"/>
  <testcase name="TCED19105" classname="com.MTSS.MTSS_Tier_Intervention_Menu" time="1.477"/>
  <testcase name="TCED19601" classname="com.MTSS.Track_Student_Interventions" time="7.799"/>
  <testcase name="TCED19602" classname="com.MTSS.Track_Student_Interventions" time="0.143"/>
  <testcase name="TCED19603" classname="com.MTSS.Track_Student_Interventions" time="1.741"/>
  <testcase name="TCED19604" classname="com.MTSS.Track_Student_Interventions" time="2.034"/>
  <testcase name="TCED22101" classname="com.MTSS.Early_Warning_Identification" time="9.553"/>
  <testcase name="TCED22102" classname="com.MTSS.Early_Warning_Identification" time="8.228"/>
  <testcase name="TCED22103" classname="com.MTSS.Early_Warning_Identification" time="0.219"/>
  <testcase name="TCED22104" classname="com.MTSS.Early_Warning_Identification" time="0.109"/>
  <testcase name="TCED22106" classname="com.MTSS.Early_Warning_Identification" time="65.281"/>
  <testcase name="TCED22107" classname="com.MTSS.Early_Warning_Identification" time="13.408"/>
  <testcase name="TCED22108" classname="com.MTSS.Early_Warning_Identification" time="6.997"/>
  <testcase name="TCED22109" classname="com.MTSS.Early_Warning_Identification" time="5.296"/>
  <testcase name="TCED22111" classname="com.MTSS.Early_Warning_Identification" time="2.949"/>
  <testcase name="TCED22113" classname="com.MTSS.Early_Warning_Identification" time="13.301"/>
  <testcase name="TCED221001" classname="com.MTSS.Unsubmitted_Intervention_Plans" time="7.252"/>
  <testcase name="TCED221002" classname="com.MTSS.Unsubmitted_Intervention_Plans" time="0.031"/>
  <testcase name="TCED221003" classname="com.MTSS.Unsubmitted_Intervention_Plans" time="0.89"/>
  <testcase name="TCED221004" classname="com.MTSS.Unsubmitted_Intervention_Plans" time="0.295"/>
  <testcase name="TCED221005" classname="com.MTSS.Unsubmitted_Intervention_Plans" time="13.267"/>
  <testcase name="TCED221006" classname="com.MTSS.Unsubmitted_Intervention_Plans" time="11.33"/>
  <testcase name="TCED221007" classname="com.MTSS.Unsubmitted_Intervention_Plans" time="2.07"/>
  <testcase name="TCED221008" classname="com.MTSS.Unsubmitted_Intervention_Plans" time="2.053"/>
  <testcase name="TCED221009" classname="com.MTSS.Unsubmitted_Intervention_Plans" time="0.688"/>
  <testcase name="TCED221010" classname="com.MTSS.Unsubmitted_Intervention_Plans" time="11.588"/>
  <testcase name="TCED23101" classname="com.MTSS.Configure_Settings" time="7.388"/>
  <testcase name="TCED23102" classname="com.MTSS.Configure_Settings" time="0.557"/>
  <testcase name="TCED23103" classname="com.MTSS.Configure_Settings" time="4.313"/>
  <testcase name="TCED23104" classname="com.MTSS.Configure_Settings" time="1.623"/>
  <testcase name="TCED23105" classname="com.MTSS.Configure_Settings" time="1.951"/>
  <testcase name="TCED23106" classname="com.MTSS.Configure_Settings" time="1.587"/>
  <testcase name="TCED23107" classname="com.MTSS.Configure_Settings" time="1.695"/>
  <testcase name="TCED23108" classname="com.MTSS.Configure_Settings" time="1.601"/>
  <testcase name="TCED23109" classname="com.MTSS.Configure_Settings" time="1.479"/>
  <testcase name="TCED23110" classname="com.MTSS.Configure_Settings" time="1.414"/>
  <testcase name="TCED23111" classname="com.MTSS.Configure_Settings" time="1.341"/>
  <testcase name="TCED23112" classname="com.MTSS.Configure_Settings" time="1.303"/>
  <testcase name="TCED23113" classname="com.MTSS.Configure_Settings" time="1.325"/>
  <testcase name="TCED23114" classname="com.MTSS.Configure_Settings" time="1.671"/>
  <testcase name="TCED23115" classname="com.MTSS.Configure_Settings" time="1.677"/>
  <testcase name="TCED24101" classname="com.curriculum.My_lesson_plans_calendar" time="7.477"/>
  <testcase name="TCED24102" classname="com.curriculum.My_lesson_plans_calendar" time="1.089"/>
  <testcase name="TCED24105" classname="com.curriculum.My_lesson_plans_calendar" time="13.556"/>
  <testcase name="TCED25101" classname="com.curriculum.Print_Lessons" time="7.417"/>
  <testcase name="TCED25102" classname="com.curriculum.Print_Lessons" time="1.506"/>
  <testcase name="TCED25103" classname="com.curriculum.Print_Lessons" time="1.391"/>
  <testcase name="TCED25104" classname="com.curriculum.Print_Lessons" time="12.99"/>
  <testcase name="TCED25105" classname="com.curriculum.Print_Lessons" time="12.647"/>
  <testcase name="TCED25106" classname="com.curriculum.Print_Lessons" time="2.056"/>
  <testcase name="TCED25107" classname="com.curriculum.Print_Lessons" time="2.162"/>
  <testcase name="TCED25108" classname="com.curriculum.Print_Lessons" time="1.466"/>
  <testcase name="TCED25109" classname="com.curriculum.Print_Lessons" time="1.286"/>
  <testcase name="TCED25110" classname="com.curriculum.Print_Lessons" time="12.524"/>
  <testcase name="TCED25111" classname="com.curriculum.Print_Lessons" time="12.604"/>
  <testcase name="TCED25112" classname="com.curriculum.Print_Lessons" time="2.165"/>
  <testcase name="TCED25113" classname="com.curriculum.Print_Lessons" time="1.325"/>
  <testcase name="TCED25114" classname="com.curriculum.Print_Lessons" time="1.29"/>
  <testcase name="TCED25115" classname="com.curriculum.Print_Lessons" time="12.552"/>
  <testcase name="TCED25116" classname="com.curriculum.Print_Lessons" time="12.637"/>
  <testcase name="TCED25117" classname="com.curriculum.Print_Lessons" time="2.209"/>
  <testcase name="TCED25118" classname="com.curriculum.Print_Lessons" time="1.826"/>
  <testcase name="TCED25119" classname="com.curriculum.Print_Lessons" time="1.627"/>
  <testcase name="TCED25120" classname="com.curriculum.Print_Lessons" time="12.79"/>
  <testcase name="TCED25121" classname="com.curriculum.Print_Lessons" time="13.177"/>
  <testcase name="TCED25122" classname="com.curriculum.Print_Lessons" time="2.07"/>
  <testcase name="TCED25123" classname="com.curriculum.Print_Lessons" time="1.243"/>
  <testcase name="TCED25124" classname="com.curriculum.Print_Lessons" time="1.412"/>
  <testcase name="TCED25125" classname="com.curriculum.Print_Lessons" time="12.546"/>
  <testcase name="TCED25126" classname="com.curriculum.Print_Lessons" time="12.627"/>
  <testcase name="TCED25127" classname="com.curriculum.Print_Lessons" time="2.055"/>
  <testcase name="TCED27128" classname="com.curriculum.Print_Lessons" time="1.18"/>
  <testcase name="TCED26101" classname="com.curriculum.Report_By_Standard" time="8.575"/>
  <testcase name="TCED26102" classname="com.curriculum.Report_By_Standard" time="0.803"/>
  <testcase name="TCED26103" classname="com.curriculum.Report_By_Standard" time="1.329"/>
  <testcase name="TCED26104" classname="com.curriculum.Report_By_Standard" time="24.935"/>
  <testcase name="TCED26105" classname="com.curriculum.Report_By_Standard" time="1.399"/>
  <testcase name="TCED26106" classname="com.curriculum.Report_By_Standard" time="0.93"/>
  <testcase name="TCED27101" classname="com.curriculum.Submitted_Lesson_Plans" time="7.86"/>
  <testcase name="TCED27102" classname="com.curriculum.Submitted_Lesson_Plans" time="0.952"/>
  <testcase name="TCED27103" classname="com.curriculum.Submitted_Lesson_Plans" time="1.015"/>
  <testcase name="TCED27104" classname="com.curriculum.Submitted_Lesson_Plans" time="12.153"/>
  <testcase name="TCED27105" classname="com.curriculum.Submitted_Lesson_Plans" time="12.43"/>
  <testcase name="TCED27106" classname="com.curriculum.Submitted_Lesson_Plans" time="3.251"/>
  <testcase name="TCED27107" classname="com.curriculum.Submitted_Lesson_Plans" time="3.204"/>
  <testcase name="TCED27108" classname="com.curriculum.Submitted_Lesson_Plans" time="3.088"/>
  <testcase name="TCED27109" classname="com.curriculum.Submitted_Lesson_Plans" time="1.461"/>
  <testcase name="TCED27111" classname="com.curriculum.Submitted_Lesson_Plans" time="3.798"/>
  <testcase name="TCED27112" classname="com.curriculum.Submitted_Lesson_Plans" time="1.217"/>
  <testcase name="TCED28101" classname="com.curriculum.Batch_Print" time="7.604"/>
  <testcase name="TCED28102" classname="com.curriculum.Batch_Print" time="0.807"/>
  <testcase name="TCED28103" classname="com.curriculum.Batch_Print" time="4.527"/>
  <testcase name="TCED28104" classname="com.curriculum.Batch_Print" time="23.421"/>
  <testcase name="TCED28105" classname="com.curriculum.Batch_Print" time="0.357"/>
  <testcase name="TCED29201" classname="com.curriculum.Edit_Curriculum" time="6.817"/>
  <testcase name="TCED29202" classname="com.curriculum.Edit_Curriculum" time="0.936"/>
  <testcase name="TCED29203" classname="com.curriculum.Edit_Curriculum" time="12.509"/>
  <testcase name="TCED29204" classname="com.curriculum.Edit_Curriculum" time="13.468"/>
  <testcase name="TCED29205" classname="com.curriculum.Edit_Curriculum" time="15.162"/>
  <testcase name="TCED29206" classname="com.curriculum.Edit_Curriculum" time="23.195"/>
  <testcase name="TCED29207" classname="com.curriculum.Edit_Curriculum" time="23.574"/>
  <testcase name="TCED29208" classname="com.curriculum.Edit_Curriculum" time="9.265"/>
  <testcase name="TCED29209" classname="com.curriculum.Edit_Curriculum" time="9.283"/>
  <testcase name="TCED29210" classname="com.curriculum.Edit_Curriculum" time="9.36"/>
  <testcase name="TCED29211" classname="com.curriculum.Edit_Curriculum" time="1.045"/>
  <testcase name="TCED29212" classname="com.curriculum.Edit_Curriculum" time="4.264"/>
  <testcase name="TCED29213" classname="com.curriculum.Edit_Curriculum" time="28.545">
    <failure message="Could not find any element matching &apos;//*[@id=&apos;table1&apos;]/table/tbody/tr/td[1]/table/tbody/tr[18]/td/a&apos;" type="java.lang.AssertionError">java.lang.AssertionError: Could not find any element matching '//*[@id='table1']/table/tbody/tr/td[1]/table/tbody/tr[18]/td/a'
	at Library.BaseClassOne.find(BaseClassOne.java:221)
	at Library.BaseClassOne.getText(BaseClassOne.java:391)
	at Library.BaseClassOne.getText(BaseClassOne.java:341)
	at com.curriculum.Edit_Curriculum.TCED29213(Edit_Curriculum.java:1055)
</failure>
    <system-err><![CDATA[1540990079943	Marionette	DEBUG	[6442450945] Received DOM event beforeunload for http://192.168.10.124/EdInsight/Form/Curriculum/CurriculumMapEdit.aspx?args=0tDt8RAHg7B3J1saqg09FZYbYX4uEgVbVj9L/146EAAIzsHKveZ76cgmiAH4UK3M
1540990080049	Marionette	DEBUG	[6442450945] Received DOM event pagehide for http://192.168.10.124/EdInsight/Form/Curriculum/CurriculumMapEdit.aspx?args=0tDt8RAHg7B3J1saqg09FZYbYX4uEgVbVj9L/146EAAIzsHKveZ76cgmiAH4UK3M
1540990080049	Marionette	DEBUG	[6442450945] Received DOM event unload for http://192.168.10.124/EdInsight/Form/Curriculum/CurriculumMapEdit.aspx?args=0tDt8RAHg7B3J1saqg09FZYbYX4uEgVbVj9L/146EAAIzsHKveZ76cgmiAH4UK3M
1540990080247	Marionette	DEBUG	[6442450945] Received observer notification outer-window-destroyed for 6442451174
1540990080248	Marionette	DEBUG	[6442450945] Received observer notification outer-window-destroyed for 6442451180
1540990080249	Marionette	DEBUG	[6442450945] Received observer notification outer-window-destroyed for 6442451181
1540990080362	Marionette	DEBUG	[6442450945] Received DOM event DOMContentLoaded for http://192.168.10.124/EdInsight/Form/Curriculum/CurriculumMapEdit.aspx?args=0tDt8RAHg7B3J1saqg09FZYbYX4uEgVbVj9L/146EAAIzsHKveZ76cgmiAH4UK3M
1540990080426	Marionette	DEBUG	[6442450945] Received observer notification outer-window-destroyed for 6442451187
1540990080428	Marionette	DEBUG	[6442450945] Received observer notification outer-window-destroyed for 6442451188
JavaScript error: http://192.168.10.124/EdInsight/Form/Curriculum/CurriculumMapEdit.aspx?args=0tDt8RAHg7B3J1saqg09FZYbYX4uEgVbVj9L/146EAAIzsHKveZ76cgmiAH4UK3M, line 1: ReferenceError: False is not defined
1540990080472	Marionette	DEBUG	[6442450945] Received DOM event pageshow for http://192.168.10.124/EdInsight/Form/Curriculum/CurriculumMapEdit.aspx?args=0tDt8RAHg7B3J1saqg09FZYbYX4uEgVbVj9L/146EAAIzsHKveZ76cgmiAH4UK3M
1540990081952	addons.productaddons	INFO	sending request to: https://aus5.mozilla.org/update/3/GMP/62.0/20180830143136/WINNT_x86_64-msvc-x64/en-US/release/Windows_NT%2010.0.0.0.17134.286%20(x64)/default/default/update.xml
1540990082689	Marionette	DEBUG	[6442450945] Received DOM event beforeunload for http://192.168.10.124/EdInsight/Form/Curriculum/CurriculumMapEdit.aspx?args=0tDt8RAHg7B3J1saqg09FZYbYX4uEgVbVj9L/146EAAIzsHKveZ76cgmiAH4UK3M
1540990082851	Marionette	DEBUG	[6442450945] Received DOM event pagehide for http://192.168.10.124/EdInsight/Form/Curriculum/CurriculumMapEdit.aspx?args=0tDt8RAHg7B3J1saqg09FZYbYX4uEgVbVj9L/146EAAIzsHKveZ76cgmiAH4UK3M
1540990082855	Marionette	DEBUG	[6442450945] Received DOM event unload for http://192.168.10.124/EdInsight/Form/Curriculum/CurriculumMapEdit.aspx?args=0tDt8RAHg7B3J1saqg09FZYbYX4uEgVbVj9L/146EAAIzsHKveZ76cgmiAH4UK3M
1540990083050	Marionette	DEBUG	[6442450945] Received observer notification outer-window-destroyed for 6442451185
1540990083050	Marionette	DEBUG	[6442450945] Received observer notification outer-window-destroyed for 6442451191
1540990083050	Marionette	DEBUG	[6442450945] Received observer notification outer-window-destroyed for 6442451192
1540990083165	Marionette	DEBUG	[6442450945] Received DOM event DOMContentLoaded for http://192.168.10.124/EdInsight/Form/Curriculum/AdministratorCurriculumEdit.aspx?args=s79LFcKIz38I3KnjVa8bnbzOWWbfCX8d98gQQCLcnb8MhVxO+mFy9KkUg1K+svBMt69PqfRR5jBqEgY+0zE7LVrlIQsr8dsK1lHjc3kCk8ir5R7YN6CqB0F/kAmm9qKs
1540990083267	Marionette	DEBUG	[6442450945] Received observer notification outer-window-destroyed for 6442451198
1540990083268	Marionette	DEBUG	[6442450945] Received observer notification outer-window-destroyed for 6442451199
JavaScript error: http://192.168.10.124/EdInsight/Form/Curriculum/AdministratorCurriculumEdit.aspx?args=s79LFcKIz38I3KnjVa8bnbzOWWbfCX8d98gQQCLcnb8MhVxO+mFy9KkUg1K+svBMt69PqfRR5jBqEgY+0zE7LVrlIQsr8dsK1lHjc3kCk8ir5R7YN6CqB0F/kAmm9qKs, line 1: ReferenceError: False is not defined
1540990083300	Marionette	DEBUG	[6442450945] Received DOM event pageshow for http://192.168.10.124/EdInsight/Form/Curriculum/AdministratorCurriculumEdit.aspx?args=s79LFcKIz38I3KnjVa8bnbzOWWbfCX8d98gQQCLcnb8MhVxO+mFy9KkUg1K+svBMt69PqfRR5jBqEgY+0zE7LVrlIQsr8dsK1lHjc3kCk8ir5R7YN6CqB0F/kAmm9qKs
1540990083591	Marionette	DEBUG	[6442450945] Canceled page load listener because no navigation has been detected
1540990085885	Marionette	DEBUG	[6442450945] Canceled page load listener because no navigation has been detected
1540990087949	Marionette	DEBUG	[6442450945] Received DOM event beforeunload for http://192.168.10.124/EdInsight/Form/Curriculum/AdministratorCurriculumEdit.aspx?args=s79LFcKIz38I3KnjVa8bnbzOWWbfCX8d98gQQCLcnb8MhVxO+mFy9KkUg1K+svBMt69PqfRR5jBqEgY+0zE7LVrlIQsr8dsK1lHjc3kCk8ir5R7YN6CqB0F/kAmm9qKs
1540990088098	Marionette	DEBUG	[6442450945] Received DOM event pagehide for http://192.168.10.124/EdInsight/Form/Curriculum/AdministratorCurriculumEdit.aspx?args=s79LFcKIz38I3KnjVa8bnbzOWWbfCX8d98gQQCLcnb8MhVxO+mFy9KkUg1K+svBMt69PqfRR5jBqEgY+0zE7LVrlIQsr8dsK1lHjc3kCk8ir5R7YN6CqB0F/kAmm9qKs
1540990088099	Marionette	DEBUG	[6442450945] Received DOM event unload for http://192.168.10.124/EdInsight/Form/Curriculum/AdministratorCurriculumEdit.aspx?args=s79LFcKIz38I3KnjVa8bnbzOWWbfCX8d98gQQCLcnb8MhVxO+mFy9KkUg1K+svBMt69PqfRR5jBqEgY+0zE7LVrlIQsr8dsK1lHjc3kCk8ir5R7YN6CqB0F/kAmm9qKs
1540990088262	Marionette	DEBUG	[6442450945] Received observer notification outer-window-destroyed for 6442451196
1540990088262	Marionette	DEBUG	[6442450945] Received observer notification outer-window-destroyed for 6442451202
1540990088262	Marionette	DEBUG	[6442450945] Received observer notification outer-window-destroyed for 6442451203
1540990088406	Marionette	DEBUG	[6442450945] Received DOM event DOMContentLoaded for http://192.168.10.124/EdInsight/Form/Curriculum/AdministratorCurriculumEdit.aspx?args=s79LFcKIz38I3KnjVa8bnYSpvt57bkvHesSascrIvYSxNoaubY1pDz1XWW//0I0NNieTTWK+SfiU+PzJhPhtA2cL8e+FemdJW29VoGgtN5x38C+3srvYupL2osaB6/AF
1540990088502	Marionette	DEBUG	[6442450945] Received observer notification outer-window-destroyed for 6442451209
1540990088505	Marionette	DEBUG	[6442450945] Received observer notification outer-window-destroyed for 6442451210
JavaScript error: http://192.168.10.124/EdInsight/Form/Curriculum/AdministratorCurriculumEdit.aspx?args=s79LFcKIz38I3KnjVa8bnYSpvt57bkvHesSascrIvYSxNoaubY1pDz1XWW//0I0NNieTTWK+SfiU+PzJhPhtA2cL8e+FemdJW29VoGgtN5x38C+3srvYupL2osaB6/AF, line 1: ReferenceError: False is not defined
1540990088544	Marionette	DEBUG	[6442450945] Received DOM event pageshow for http://192.168.10.124/EdInsight/Form/Curriculum/AdministratorCurriculumEdit.aspx?args=s79LFcKIz38I3KnjVa8bnYSpvt57bkvHesSascrIvYSxNoaubY1pDz1XWW//0I0NNieTTWK+SfiU+PzJhPhtA2cL8e+FemdJW29VoGgtN5x38C+3srvYupL2osaB6/AF
1540990088598	Marionette	DEBUG	[6442450945] Received DOM event beforeunload for http://192.168.10.124/EdInsight/Form/Curriculum/AdministratorCurriculumEdit.aspx?args=s79LFcKIz38I3KnjVa8bnYSpvt57bkvHesSascrIvYSxNoaubY1pDz1XWW//0I0NNieTTWK+SfiU+PzJhPhtA2cL8e+FemdJW29VoGgtN5x38C+3srvYupL2osaB6/AF
1540990088709	Marionette	DEBUG	[6442450945] Received DOM event pagehide for http://192.168.10.124/EdInsight/Form/Curriculum/AdministratorCurriculumEdit.aspx?args=s79LFcKIz38I3KnjVa8bnYSpvt57bkvHesSascrIvYSxNoaubY1pDz1XWW//0I0NNieTTWK+SfiU+PzJhPhtA2cL8e+FemdJW29VoGgtN5x38C+3srvYupL2osaB6/AF
1540990088711	Marionette	DEBUG	[6442450945] Received DOM event unload for http://192.168.10.124/EdInsight/Form/Curriculum/AdministratorCurriculumEdit.aspx?args=s79LFcKIz38I3KnjVa8bnYSpvt57bkvHesSascrIvYSxNoaubY1pDz1XWW//0I0NNieTTWK+SfiU+PzJhPhtA2cL8e+FemdJW29VoGgtN5x38C+3srvYupL2osaB6/AF
1540990088893	Marionette	DEBUG	[6442450945] Received observer notification outer-window-destroyed for 6442451207
1540990088894	Marionette	DEBUG	[6442450945] Received observer notification outer-window-destroyed for 6442451213
1540990088894	Marionette	DEBUG	[6442450945] Received observer notification outer-window-destroyed for 6442451214
1540990088974	Marionette	DEBUG	[6442450945] Received DOM event DOMContentLoaded for http://192.168.10.124/EdInsight/Form/Curriculum/CurriculumMapCopy.aspx?args=s79LFcKIz38I3KnjVa8bnUBFcaBXA5M+KO0l5HDoz+KB+SulUHOLqf1oQymWvLdzW8I4ox+p4r2+bwntkxxrag==
1540990089035	Marionette	DEBUG	[6442450945] Received observer notification outer-window-destroyed for 6442451220
1540990089037	Marionette	DEBUG	[6442450945] Received observer notification outer-window-destroyed for 6442451221
JavaScript error: http://192.168.10.124/EdInsight/Form/Curriculum/CurriculumMapCopy.aspx?args=s79LFcKIz38I3KnjVa8bnUBFcaBXA5M+KO0l5HDoz+KB+SulUHOLqf1oQymWvLdzW8I4ox+p4r2+bwntkxxrag==, line 1: ReferenceError: False is not defined
1540990089065	Marionette	DEBUG	[6442450945] Received DOM event pageshow for http://192.168.10.124/EdInsight/Form/Curriculum/CurriculumMapCopy.aspx?args=s79LFcKIz38I3KnjVa8bnUBFcaBXA5M+KO0l5HDoz+KB+SulUHOLqf1oQymWvLdzW8I4ox+p4r2+bwntkxxrag==
1540990089136	Marionette	DEBUG	[6442450945] Received DOM event beforeunload for http://192.168.10.124/EdInsight/Form/Curriculum/CurriculumMapCopy.aspx?args=s79LFcKIz38I3KnjVa8bnUBFcaBXA5M+KO0l5HDoz+KB+SulUHOLqf1oQymWvLdzW8I4ox+p4r2+bwntkxxrag==
1540990089221	Marionette	DEBUG	[6442450945] Received DOM event pagehide for http://192.168.10.124/EdInsight/Form/Curriculum/CurriculumMapCopy.aspx?args=s79LFcKIz38I3KnjVa8bnUBFcaBXA5M+KO0l5HDoz+KB+SulUHOLqf1oQymWvLdzW8I4ox+p4r2+bwntkxxrag==
1540990089221	Marionette	DEBUG	[6442450945] Received DOM event unload for http://192.168.10.124/EdInsight/Form/Curriculum/CurriculumMapCopy.aspx?args=s79LFcKIz38I3KnjVa8bnUBFcaBXA5M+KO0l5HDoz+KB+SulUHOLqf1oQymWvLdzW8I4ox+p4r2+bwntkxxrag==
1540990089356	Marionette	DEBUG	[6442450945] Received observer notification outer-window-destroyed for 6442451218
1540990089356	Marionette	DEBUG	[6442450945] Received observer notification outer-window-destroyed for 6442451224
1540990089356	Marionette	DEBUG	[6442450945] Received observer notification outer-window-destroyed for 6442451225
1540990089419	Marionette	DEBUG	[6442450945] Received DOM event DOMContentLoaded for http://192.168.10.124/EdInsight/Form/Curriculum/CurriculumMapCopy.aspx?args=s79LFcKIz38I3KnjVa8bnSuzTCf+yNhmgAsrL0/dxMkZOHSdaZYT1U48z6Olh8YNYGKFPkUMUskyYL/XKIZ3qg==
1540990089467	Marionette	DEBUG	[6442450945] Received observer notification outer-window-destroyed for 6442451231
1540990089470	Marionette	DEBUG	[6442450945] Received observer notification outer-window-destroyed for 6442451232
JavaScript error: http://192.168.10.124/EdInsight/Form/Curriculum/CurriculumMapCopy.aspx?args=s79LFcKIz38I3KnjVa8bnSuzTCf+yNhmgAsrL0/dxMkZOHSdaZYT1U48z6Olh8YNYGKFPkUMUskyYL/XKIZ3qg==, line 1: ReferenceError: False is not defined
1540990089496	Marionette	DEBUG	[6442450945] Received DOM event pageshow for http://192.168.10.124/EdInsight/Form/Curriculum/CurriculumMapCopy.aspx?args=s79LFcKIz38I3KnjVa8bnSuzTCf+yNhmgAsrL0/dxMkZOHSdaZYT1U48z6Olh8YNYGKFPkUMUskyYL/XKIZ3qg==
1540990089535	Marionette	DEBUG	[6442450945] Received DOM event beforeunload for http://192.168.10.124/EdInsight/Form/Curriculum/CurriculumMapCopy.aspx?args=s79LFcKIz38I3KnjVa8bnSuzTCf+yNhmgAsrL0/dxMkZOHSdaZYT1U48z6Olh8YNYGKFPkUMUskyYL/XKIZ3qg==
1540990089623	Marionette	DEBUG	[6442450945] Received DOM event pagehide for http://192.168.10.124/EdInsight/Form/Curriculum/CurriculumMapCopy.aspx?args=s79LFcKIz38I3KnjVa8bnSuzTCf+yNhmgAsrL0/dxMkZOHSdaZYT1U48z6Olh8YNYGKFPkUMUskyYL/XKIZ3qg==
1540990089624	Marionette	DEBUG	[6442450945] Received DOM event unload for http://192.168.10.124/EdInsight/Form/Curriculum/CurriculumMapCopy.aspx?args=s79LFcKIz38I3KnjVa8bnSuzTCf+yNhmgAsrL0/dxMkZOHSdaZYT1U48z6Olh8YNYGKFPkUMUskyYL/XKIZ3qg==
1540990089755	Marionette	DEBUG	[6442450945] Received observer notification outer-window-destroyed for 6442451229
1540990089756	Marionette	DEBUG	[6442450945] Received observer notification outer-window-destroyed for 6442451235
1540990089756	Marionette	DEBUG	[6442450945] Received observer notification outer-window-destroyed for 6442451236
1540990089822	Marionette	DEBUG	[6442450945] Received DOM event DOMContentLoaded for http://192.168.10.124/EdInsight/Form/Curriculum/CurriculumMapCopy.aspx?args=s79LFcKIz38I3KnjVa8bnbSmoHKTXekGd05aqKHFcz5tY7bM/gOL7gK1yherkWRsJPtUdCb/q/rpncnhjwIMAA==
1540990089870	Marionette	DEBUG	[6442450945] Received observer notification outer-window-destroyed for 6442451242
1540990089872	Marionette	DEBUG	[6442450945] Received observer notification outer-window-destroyed for 6442451243
JavaScript error: http://192.168.10.124/EdInsight/Form/Curriculum/CurriculumMapCopy.aspx?args=s79LFcKIz38I3KnjVa8bnbSmoHKTXekGd05aqKHFcz5tY7bM/gOL7gK1yherkWRsJPtUdCb/q/rpncnhjwIMAA==, line 1: ReferenceError: False is not defined
1540990089893	Marionette	DEBUG	[6442450945] Received DOM event pageshow for http://192.168.10.124/EdInsight/Form/Curriculum/CurriculumMapCopy.aspx?args=s79LFcKIz38I3KnjVa8bnbSmoHKTXekGd05aqKHFcz5tY7bM/gOL7gK1yherkWRsJPtUdCb/q/rpncnhjwIMAA==
1540990090450	Marionette	DEBUG	[6442450945] Received DOM event beforeunload for http://192.168.10.124/EdInsight/Form/Curriculum/CurriculumMapCopy.aspx?args=s79LFcKIz38I3KnjVa8bnbSmoHKTXekGd05aqKHFcz5tY7bM/gOL7gK1yherkWRsJPtUdCb/q/rpncnhjwIMAA==
1540990090534	Marionette	DEBUG	[6442450945] Received DOM event pagehide for http://192.168.10.124/EdInsight/Form/Curriculum/CurriculumMapCopy.aspx?args=s79LFcKIz38I3KnjVa8bnbSmoHKTXekGd05aqKHFcz5tY7bM/gOL7gK1yherkWRsJPtUdCb/q/rpncnhjwIMAA==
1540990090537	Marionette	DEBUG	[6442450945] Received DOM event unload for http://192.168.10.124/EdInsight/Form/Curriculum/CurriculumMapCopy.aspx?args=s79LFcKIz38I3KnjVa8bnbSmoHKTXekGd05aqKHFcz5tY7bM/gOL7gK1yherkWRsJPtUdCb/q/rpncnhjwIMAA==
1540990090700	Marionette	DEBUG	[6442450945] Received observer notification outer-window-destroyed for 6442451240
1540990090700	Marionette	DEBUG	[6442450945] Received observer notification outer-window-destroyed for 6442451246
1540990090700	Marionette	DEBUG	[6442450945] Received observer notification outer-window-destroyed for 6442451247
1540990090764	Marionette	DEBUG	[6442450945] Received DOM event DOMContentLoaded for http://192.168.10.124/EdInsight/Form/Curriculum/CurriculumMapCopy.aspx?args=s79LFcKIz38I3KnjVa8bnSKCEjHkNhBM9FIjsa7T5xiNPiE5XXmw8B5vyCSDZ6F5kCcP/Hpk6JbNuPzgWf0GwA==
1540990090822	Marionette	DEBUG	[6442450945] Received observer notification outer-window-destroyed for 6442451253
1540990090824	Marionette	DEBUG	[6442450945] Received observer notification outer-window-destroyed for 6442451254
JavaScript error: http://192.168.10.124/EdInsight/Form/Curriculum/CurriculumMapCopy.aspx?args=s79LFcKIz38I3KnjVa8bnSKCEjHkNhBM9FIjsa7T5xiNPiE5XXmw8B5vyCSDZ6F5kCcP/Hpk6JbNuPzgWf0GwA==, line 1: ReferenceError: False is not defined
1540990090850	Marionette	DEBUG	[6442450945] Received DOM event pageshow for http://192.168.10.124/EdInsight/Form/Curriculum/CurriculumMapCopy.aspx?args=s79LFcKIz38I3KnjVa8bnSKCEjHkNhBM9FIjsa7T5xiNPiE5XXmw8B5vyCSDZ6F5kCcP/Hpk6JbNuPzgWf0GwA==
1540990090894	Marionette	DEBUG	[6442450945] Received DOM event beforeunload for http://192.168.10.124/EdInsight/Form/Curriculum/CurriculumMapCopy.aspx?args=s79LFcKIz38I3KnjVa8bnSKCEjHkNhBM9FIjsa7T5xiNPiE5XXmw8B5vyCSDZ6F5kCcP/Hpk6JbNuPzgWf0GwA==
1540990090945	Marionette	DEBUG	[6442450945] Received DOM event pagehide for http://192.168.10.124/EdInsight/Form/Curriculum/CurriculumMapCopy.aspx?args=s79LFcKIz38I3KnjVa8bnSKCEjHkNhBM9FIjsa7T5xiNPiE5XXmw8B5vyCSDZ6F5kCcP/Hpk6JbNuPzgWf0GwA==
1540990090945	Marionette	DEBUG	[6442450945] Received DOM event unload for http://192.168.10.124/EdInsight/Form/Curriculum/CurriculumMapCopy.aspx?args=s79LFcKIz38I3KnjVa8bnSKCEjHkNhBM9FIjsa7T5xiNPiE5XXmw8B5vyCSDZ6F5kCcP/Hpk6JbNuPzgWf0GwA==
1540990091091	Marionette	DEBUG	[6442450945] Received observer notification outer-window-destroyed for 6442451251
1540990091091	Marionette	DEBUG	[6442450945] Received observer notification outer-window-destroyed for 6442451257
1540990091091	Marionette	DEBUG	[6442450945] Received observer notification outer-window-destroyed for 6442451258
1540990091156	Marionette	DEBUG	[6442450945] Received DOM event DOMContentLoaded for http://192.168.10.124/EdInsight/Form/Curriculum/CurriculumMapCopy.aspx?args=s79LFcKIz38I3KnjVa8bnZt8Uy/12CAk4iaHqRbbR62eFTu0t7G2EYpQxu7442/cSyGGmlsaGYUe0PP1pQs/jg==
1540990091206	Marionette	DEBUG	[6442450945] Received observer notification outer-window-destroyed for 6442451264
1540990091208	Marionette	DEBUG	[6442450945] Received observer notification outer-window-destroyed for 6442451265
JavaScript error: http://192.168.10.124/EdInsight/Form/Curriculum/CurriculumMapCopy.aspx?args=s79LFcKIz38I3KnjVa8bnZt8Uy/12CAk4iaHqRbbR62eFTu0t7G2EYpQxu7442/cSyGGmlsaGYUe0PP1pQs/jg==, line 1: ReferenceError: False is not defined
1540990091243	Marionette	DEBUG	[6442450945] Received DOM event pageshow for http://192.168.10.124/EdInsight/Form/Curriculum/CurriculumMapCopy.aspx?args=s79LFcKIz38I3KnjVa8bnZt8Uy/12CAk4iaHqRbbR62eFTu0t7G2EYpQxu7442/cSyGGmlsaGYUe0PP1pQs/jg==
1540990091501	Marionette	DEBUG	[6442450945] Canceled page load listener because no navigation has been detected
1540990091577	Marionette	DEBUG	[6442450945] Received DOM event beforeunload for http://192.168.10.124/EdInsight/Form/Curriculum/CurriculumMapCopy.aspx?args=s79LFcKIz38I3KnjVa8bnZt8Uy/12CAk4iaHqRbbR62eFTu0t7G2EYpQxu7442/cSyGGmlsaGYUe0PP1pQs/jg==
1540990091675	Marionette	DEBUG	[6442450945] Received DOM event pagehide for http://192.168.10.124/EdInsight/Form/Curriculum/CurriculumMapCopy.aspx?args=s79LFcKIz38I3KnjVa8bnZt8Uy/12CAk4iaHqRbbR62eFTu0t7G2EYpQxu7442/cSyGGmlsaGYUe0PP1pQs/jg==
1540990091676	Marionette	DEBUG	[6442450945] Received DOM event unload for http://192.168.10.124/EdInsight/Form/Curriculum/CurriculumMapCopy.aspx?args=s79LFcKIz38I3KnjVa8bnZt8Uy/12CAk4iaHqRbbR62eFTu0t7G2EYpQxu7442/cSyGGmlsaGYUe0PP1pQs/jg==
1540990091823	Marionette	DEBUG	[6442450945] Received observer notification outer-window-destroyed for 6442451262
1540990091823	Marionette	DEBUG	[6442450945] Received observer notification outer-window-destroyed for 6442451268
1540990091824	Marionette	DEBUG	[6442450945] Received observer notification outer-window-destroyed for 6442451269
1540990091892	Marionette	DEBUG	[6442450945] Received DOM event DOMContentLoaded for http://192.168.10.124/EdInsight/Form/Curriculum/CurriculumMapCopy.aspx?args=s79LFcKIz38I3KnjVa8bnQK4jEDCul81YKOnQR7O5BttAXMcPjZv08KoObGQWEI293P8npzZ3XaZGoocu1gS5g==
JavaScript error: http://192.168.10.124/EdInsight/Form/Curriculum/CurriculumMapCopy.aspx?args=s79LFcKIz38I3KnjVa8bnQK4jEDCul81YKOnQR7O5BttAXMcPjZv08KoObGQWEI293P8npzZ3XaZGoocu1gS5g==, line 1: ReferenceError: False is not defined
1540990092026	Marionette	DEBUG	[6442450945] Received DOM event beforeunload for http://192.168.10.124/EdInsight/Form/Curriculum/CurriculumMapCopy.aspx?args=s79LFcKIz38I3KnjVa8bnQK4jEDCul81YKOnQR7O5BttAXMcPjZv08KoObGQWEI293P8npzZ3XaZGoocu1gS5g==
1540990092169	Marionette	DEBUG	[6442450945] Received DOM event pagehide for http://192.168.10.124/EdInsight/Form/Curriculum/CurriculumMapCopy.aspx?args=s79LFcKIz38I3KnjVa8bnQK4jEDCul81YKOnQR7O5BttAXMcPjZv08KoObGQWEI293P8npzZ3XaZGoocu1gS5g==
1540990092169	Marionette	DEBUG	[6442450945] Received DOM event unload for http://192.168.10.124/EdInsight/Form/Curriculum/CurriculumMapCopy.aspx?args=s79LFcKIz38I3KnjVa8bnQK4jEDCul81YKOnQR7O5BttAXMcPjZv08KoObGQWEI293P8npzZ3XaZGoocu1gS5g==
1540990092351	Marionette	DEBUG	[6442450945] Received observer notification outer-window-destroyed for 6442451273
1540990092351	Marionette	DEBUG	[6442450945] Received observer notification outer-window-destroyed for 6442451279
1540990092351	Marionette	DEBUG	[6442450945] Received observer notification outer-window-destroyed for 6442451280
1540990092432	Marionette	DEBUG	[6442450945] Received DOM event DOMContentLoaded for http://192.168.10.124/EdInsight/Form/Curriculum/CurriculumMapEdit.aspx?args=cG7DyZMzNigaGK+JmLmOI+lINJdJd9uQjxj5IBOmV4MxHyYux+IWJi1rRD6JZR5q
1540990092481	Marionette	DEBUG	[6442450945] Received observer notification outer-window-destroyed for 6442451286
1540990092484	Marionette	DEBUG	[6442450945] Received observer notification outer-window-destroyed for 6442451287
JavaScript error: http://192.168.10.124/EdInsight/Form/Curriculum/CurriculumMapEdit.aspx?args=cG7DyZMzNigaGK+JmLmOI+lINJdJd9uQjxj5IBOmV4MxHyYux+IWJi1rRD6JZR5q, line 1: ReferenceError: False is not defined
1540990092520	Marionette	DEBUG	[6442450945] Received DOM event pageshow for http://192.168.10.124/EdInsight/Form/Curriculum/CurriculumMapEdit.aspx?args=cG7DyZMzNigaGK+JmLmOI+lINJdJd9uQjxj5IBOmV4MxHyYux+IWJi1rRD6JZR5q
1540990092572	Marionette	DEBUG	[6442450945] Received DOM event beforeunload for http://192.168.10.124/EdInsight/Form/Curriculum/CurriculumMapEdit.aspx?args=cG7DyZMzNigaGK+JmLmOI+lINJdJd9uQjxj5IBOmV4MxHyYux+IWJi1rRD6JZR5q
1540990093040	Marionette	DEBUG	[6442450945] Received DOM event pagehide for http://192.168.10.124/EdInsight/Form/Curriculum/CurriculumMapEdit.aspx?args=cG7DyZMzNigaGK+JmLmOI+lINJdJd9uQjxj5IBOmV4MxHyYux+IWJi1rRD6JZR5q
1540990093041	Marionette	DEBUG	[6442450945] Received DOM event unload for http://192.168.10.124/EdInsight/Form/Curriculum/CurriculumMapEdit.aspx?args=cG7DyZMzNigaGK+JmLmOI+lINJdJd9uQjxj5IBOmV4MxHyYux+IWJi1rRD6JZR5q
1540990093194	Marionette	DEBUG	[6442450945] Received observer notification outer-window-destroyed for 6442451284
1540990093194	Marionette	DEBUG	[6442450945] Received observer notification outer-window-destroyed for 6442451290
1540990093194	Marionette	DEBUG	[6442450945] Received observer notification outer-window-destroyed for 6442451291
1540990093372	Marionette	DEBUG	[6442450945] Received DOM event DOMContentLoaded for http://192.168.10.124/EdInsight/Form/Curriculum/CurriculumMapEditUnit.aspx?args=s79LFcKIz38I3KnjVa8bna/NjNUMlWttmIfzTgEYkzWzvVH9g3Qms/zEzJXh61+zegTH/Sg5lKbB3Ogc7foR2FiqccM/5Ply1N+f+be3uN8=
1540990093452	Marionette	DEBUG	[6442450945] Received observer notification outer-window-destroyed for 6442451297
1540990093454	Marionette	DEBUG	[6442450945] Received observer notification outer-window-destroyed for 6442451298
JavaScript error: http://192.168.10.124/EdInsight/Form/Curriculum/CurriculumMapEditUnit.aspx?args=s79LFcKIz38I3KnjVa8bna/NjNUMlWttmIfzTgEYkzWzvVH9g3Qms/zEzJXh61+zegTH/Sg5lKbB3Ogc7foR2FiqccM/5Ply1N+f+be3uN8=, line 1: ReferenceError: False is not defined
1540990093471	Marionette	DEBUG	[6442450945] Received DOM event pageshow for http://192.168.10.124/EdInsight/Form/Curriculum/CurriculumMapEditUnit.aspx?args=s79LFcKIz38I3KnjVa8bna/NjNUMlWttmIfzTgEYkzWzvVH9g3Qms/zEzJXh61+zegTH/Sg5lKbB3Ogc7foR2FiqccM/5Ply1N+f+be3uN8=
1540990101967	addons.productaddons	WARN	Failed downloading XML, status: 0, reason: timeout
1540990101967	addons.productaddons	INFO	fetching config from: chrome://global/content/gmp-sources/openh264.json
1540990101970	addons.productaddons	INFO	fetching config from: chrome://global/content/gmp-sources/widevinecdm.json
1540990101972	addons.productaddons	INFO	found plugin: gmp-gmpopenh264
1540990101973	addons.productaddons	INFO	found plugin: gmp-widevinecdm
1540990102459	addons.productaddons	INFO	downloadXHR File download. status=200
1540990102463	addons.productaddons	INFO	Downloaded file will be saved to C:\Users\DEVELO~1\AppData\Local\Temp\tmpaddon-34f9f7
1540990104769	addons.productaddons	INFO	downloadXHR File download. status=200
1540990104775	addons.productaddons	INFO	Downloaded file will be saved to C:\Users\DEVELO~1\AppData\Local\Temp\tmpaddon-879c0f
]]></system-err>
  </testcase>
  <testcase name="TCED29401" classname="com.curriculum.Enter_weeks_minutes" time="13.885"/>
  <testcase name="TCED29402" classname="com.curriculum.Enter_weeks_minutes" time="0.668"/>
  <testcase name="TCED29403" classname="com.curriculum.Enter_weeks_minutes" time="6.204"/>
  <testcase name="TCED29404" classname="com.curriculum.Enter_weeks_minutes" time="5.685"/>
  <testcase name="TCED29501" classname="com.curriculum.Copy_Current_Map" time="16.323"/>
  <testcase name="TCED29502" classname="com.curriculum.Copy_Current_Map" time="0.829"/>
  <testcase name="TCED29503" classname="com.curriculum.Copy_Current_Map" time="1.065"/>
  <testcase name="TCED29504" classname="com.curriculum.Copy_Current_Map" time="4.775"/>
  <testcase name="TCED29505" classname="com.curriculum.Copy_Current_Map" time="8.456">
    <failure message="expected [Add Topic...] but found [Topic1]" type="java.lang.AssertionError">java.lang.AssertionError: expected [Add Topic...] but found [Topic1]
	at org.testng.Assert.fail(Assert.java:96)
	at org.testng.Assert.failNotEquals(Assert.java:776)
	at org.testng.Assert.assertEqualsImpl(Assert.java:137)
	at org.testng.Assert.assertEquals(Assert.java:118)
	at org.testng.Assert.assertEquals(Assert.java:453)
	at org.testng.Assert.assertEquals(Assert.java:463)
	at com.curriculum.Copy_Current_Map.TCED29505(Copy_Current_Map.java:311)
</failure>
    <system-err><![CDATA[1540990167792	Marionette	DEBUG	[6442450945] Received DOM event beforeunload for http://192.168.10.124/EdInsight/Form/Curriculum/CurriculumMapEdit.aspx?args=q7f0bMV0V7Uj4hwNjEcLEOzo+rCLhpW7MjR/vhQje+9p8jWG7SxIo1Y1/aQesJn2
1540990168105	Marionette	DEBUG	[6442450945] Received DOM event pagehide for http://192.168.10.124/EdInsight/Form/Curriculum/CurriculumMapEdit.aspx?args=q7f0bMV0V7Uj4hwNjEcLEOzo+rCLhpW7MjR/vhQje+9p8jWG7SxIo1Y1/aQesJn2
1540990168107	Marionette	DEBUG	[6442450945] Received DOM event unload for http://192.168.10.124/EdInsight/Form/Curriculum/CurriculumMapEdit.aspx?args=q7f0bMV0V7Uj4hwNjEcLEOzo+rCLhpW7MjR/vhQje+9p8jWG7SxIo1Y1/aQesJn2
1540990168337	Marionette	DEBUG	[6442450945] Received observer notification outer-window-destroyed for 6442451037
1540990168337	Marionette	DEBUG	[6442450945] Received observer notification outer-window-destroyed for 6442451043
1540990168337	Marionette	DEBUG	[6442450945] Received observer notification outer-window-destroyed for 6442451044
1540990168440	Marionette	DEBUG	[6442450945] Received DOM event DOMContentLoaded for http://192.168.10.124/EdInsight/Form/Curriculum/CurriculumMapEdit.aspx?args=q7f0bMV0V7Uj4hwNjEcLEOzo+rCLhpW7MjR/vhQje+9p8jWG7SxIo1Y1/aQesJn2
1540990168496	Marionette	DEBUG	[6442450945] Received observer notification outer-window-destroyed for 6442451050
1540990168498	Marionette	DEBUG	[6442450945] Received observer notification outer-window-destroyed for 6442451051
JavaScript error: http://192.168.10.124/EdInsight/Form/Curriculum/CurriculumMapEdit.aspx?args=q7f0bMV0V7Uj4hwNjEcLEOzo+rCLhpW7MjR/vhQje+9p8jWG7SxIo1Y1/aQesJn2, line 1: ReferenceError: False is not defined
1540990168536	Marionette	DEBUG	[6442450945] Received DOM event pageshow for http://192.168.10.124/EdInsight/Form/Curriculum/CurriculumMapEdit.aspx?args=q7f0bMV0V7Uj4hwNjEcLEOzo+rCLhpW7MjR/vhQje+9p8jWG7SxIo1Y1/aQesJn2
1540990170624	Marionette	DEBUG	[6442450945] Received DOM event beforeunload for http://192.168.10.124/EdInsight/Form/Curriculum/CurriculumMapEdit.aspx?args=q7f0bMV0V7Uj4hwNjEcLEOzo+rCLhpW7MjR/vhQje+9p8jWG7SxIo1Y1/aQesJn2
1540990170745	Marionette	DEBUG	[6442450945] Received DOM event pagehide for http://192.168.10.124/EdInsight/Form/Curriculum/CurriculumMapEdit.aspx?args=q7f0bMV0V7Uj4hwNjEcLEOzo+rCLhpW7MjR/vhQje+9p8jWG7SxIo1Y1/aQesJn2
1540990170750	Marionette	DEBUG	[6442450945] Received DOM event unload for http://192.168.10.124/EdInsight/Form/Curriculum/CurriculumMapEdit.aspx?args=q7f0bMV0V7Uj4hwNjEcLEOzo+rCLhpW7MjR/vhQje+9p8jWG7SxIo1Y1/aQesJn2
1540990170947	Marionette	DEBUG	[6442450945] Received observer notification outer-window-destroyed for 6442451048
1540990170948	Marionette	DEBUG	[6442450945] Received observer notification outer-window-destroyed for 6442451054
1540990170948	Marionette	DEBUG	[6442450945] Received observer notification outer-window-destroyed for 6442451055
1540990171037	Marionette	DEBUG	[6442450945] Received DOM event DOMContentLoaded for http://192.168.10.124/EdInsight/Form/Curriculum/CurriculumMapCopy.aspx?args=s79LFcKIz38I3KnjVa8bnXyhY0Zo0bUt68eez+leNa3ekaTcPklZVxbuNpXz5nCgyQSaOVKJLZrg/2/a7X8CrQ==
1540990171093	Marionette	DEBUG	[6442450945] Received observer notification outer-window-destroyed for 6442451061
1540990171095	Marionette	DEBUG	[6442450945] Received observer notification outer-window-destroyed for 6442451062
JavaScript error: http://192.168.10.124/EdInsight/Form/Curriculum/CurriculumMapCopy.aspx?args=s79LFcKIz38I3KnjVa8bnXyhY0Zo0bUt68eez+leNa3ekaTcPklZVxbuNpXz5nCgyQSaOVKJLZrg/2/a7X8CrQ==, line 1: ReferenceError: False is not defined
1540990171118	Marionette	DEBUG	[6442450945] Received DOM event pageshow for http://192.168.10.124/EdInsight/Form/Curriculum/CurriculumMapCopy.aspx?args=s79LFcKIz38I3KnjVa8bnXyhY0Zo0bUt68eez+leNa3ekaTcPklZVxbuNpXz5nCgyQSaOVKJLZrg/2/a7X8CrQ==
1540990171164	Marionette	DEBUG	[6442450945] Received DOM event beforeunload for http://192.168.10.124/EdInsight/Form/Curriculum/CurriculumMapCopy.aspx?args=s79LFcKIz38I3KnjVa8bnXyhY0Zo0bUt68eez+leNa3ekaTcPklZVxbuNpXz5nCgyQSaOVKJLZrg/2/a7X8CrQ==
1540990171361	Marionette	DEBUG	[6442450945] Received DOM event pagehide for http://192.168.10.124/EdInsight/Form/Curriculum/CurriculumMapCopy.aspx?args=s79LFcKIz38I3KnjVa8bnXyhY0Zo0bUt68eez+leNa3ekaTcPklZVxbuNpXz5nCgyQSaOVKJLZrg/2/a7X8CrQ==
1540990171361	Marionette	DEBUG	[6442450945] Received DOM event unload for http://192.168.10.124/EdInsight/Form/Curriculum/CurriculumMapCopy.aspx?args=s79LFcKIz38I3KnjVa8bnXyhY0Zo0bUt68eez+leNa3ekaTcPklZVxbuNpXz5nCgyQSaOVKJLZrg/2/a7X8CrQ==
1540990171528	Marionette	DEBUG	[6442450945] Received observer notification outer-window-destroyed for 6442451059
1540990171529	Marionette	DEBUG	[6442450945] Received observer notification outer-window-destroyed for 6442451065
1540990171529	Marionette	DEBUG	[6442450945] Received observer notification outer-window-destroyed for 6442451066
1540990171613	Marionette	DEBUG	[6442450945] Received DOM event DOMContentLoaded for http://192.168.10.124/EdInsight/Form/Curriculum/CurriculumMapCopy.aspx?args=s79LFcKIz38I3KnjVa8bnX220fSIKjNbKIjdgYPJ8GAgxvyntPAqINrYwKiAmCsmrMNV5w6sUR2G2BCd+SU8Og==
1540990171680	Marionette	DEBUG	[6442450945] Received observer notification outer-window-destroyed for 6442451072
1540990171682	Marionette	DEBUG	[6442450945] Received observer notification outer-window-destroyed for 6442451073
JavaScript error: http://192.168.10.124/EdInsight/Form/Curriculum/CurriculumMapCopy.aspx?args=s79LFcKIz38I3KnjVa8bnX220fSIKjNbKIjdgYPJ8GAgxvyntPAqINrYwKiAmCsmrMNV5w6sUR2G2BCd+SU8Og==, line 1: ReferenceError: False is not defined
1540990171702	Marionette	DEBUG	[6442450945] Received DOM event pageshow for http://192.168.10.124/EdInsight/Form/Curriculum/CurriculumMapCopy.aspx?args=s79LFcKIz38I3KnjVa8bnX220fSIKjNbKIjdgYPJ8GAgxvyntPAqINrYwKiAmCsmrMNV5w6sUR2G2BCd+SU8Og==
1540990171749	Marionette	DEBUG	[6442450945] Received DOM event beforeunload for http://192.168.10.124/EdInsight/Form/Curriculum/CurriculumMapCopy.aspx?args=s79LFcKIz38I3KnjVa8bnX220fSIKjNbKIjdgYPJ8GAgxvyntPAqINrYwKiAmCsmrMNV5w6sUR2G2BCd+SU8Og==
1540990171899	Marionette	DEBUG	[6442450945] Received DOM event pagehide for http://192.168.10.124/EdInsight/Form/Curriculum/CurriculumMapCopy.aspx?args=s79LFcKIz38I3KnjVa8bnX220fSIKjNbKIjdgYPJ8GAgxvyntPAqINrYwKiAmCsmrMNV5w6sUR2G2BCd+SU8Og==
1540990171900	Marionette	DEBUG	[6442450945] Received DOM event unload for http://192.168.10.124/EdInsight/Form/Curriculum/CurriculumMapCopy.aspx?args=s79LFcKIz38I3KnjVa8bnX220fSIKjNbKIjdgYPJ8GAgxvyntPAqINrYwKiAmCsmrMNV5w6sUR2G2BCd+SU8Og==
1540990172061	Marionette	DEBUG	[6442450945] Received observer notification outer-window-destroyed for 6442451070
1540990172061	Marionette	DEBUG	[6442450945] Received observer notification outer-window-destroyed for 6442451076
1540990172061	Marionette	DEBUG	[6442450945] Received observer notification outer-window-destroyed for 6442451077
1540990172143	Marionette	DEBUG	[6442450945] Received DOM event DOMContentLoaded for http://192.168.10.124/EdInsight/Form/Curriculum/CurriculumMapCopy.aspx?args=s79LFcKIz38I3KnjVa8bnbUHByUl/SayWS6sjpU2kx+diGPAaF+96+YT/4Id0tNdhGZg2y1bxgrncskz6OUXGg==
1540990172192	Marionette	DEBUG	[6442450945] Received observer notification outer-window-destroyed for 6442451083
1540990172194	Marionette	DEBUG	[6442450945] Received observer notification outer-window-destroyed for 6442451084
JavaScript error: http://192.168.10.124/EdInsight/Form/Curriculum/CurriculumMapCopy.aspx?args=s79LFcKIz38I3KnjVa8bnbUHByUl/SayWS6sjpU2kx+diGPAaF+96+YT/4Id0tNdhGZg2y1bxgrncskz6OUXGg==, line 1: ReferenceError: False is not defined
1540990172222	Marionette	DEBUG	[6442450945] Received DOM event pageshow for http://192.168.10.124/EdInsight/Form/Curriculum/CurriculumMapCopy.aspx?args=s79LFcKIz38I3KnjVa8bnbUHByUl/SayWS6sjpU2kx+diGPAaF+96+YT/4Id0tNdhGZg2y1bxgrncskz6OUXGg==
1540990172785	Marionette	DEBUG	[6442450945] Received DOM event beforeunload for http://192.168.10.124/EdInsight/Form/Curriculum/CurriculumMapCopy.aspx?args=s79LFcKIz38I3KnjVa8bnbUHByUl/SayWS6sjpU2kx+diGPAaF+96+YT/4Id0tNdhGZg2y1bxgrncskz6OUXGg==
1540990172908	Marionette	DEBUG	[6442450945] Received DOM event pagehide for http://192.168.10.124/EdInsight/Form/Curriculum/CurriculumMapCopy.aspx?args=s79LFcKIz38I3KnjVa8bnbUHByUl/SayWS6sjpU2kx+diGPAaF+96+YT/4Id0tNdhGZg2y1bxgrncskz6OUXGg==
1540990172912	Marionette	DEBUG	[6442450945] Received DOM event unload for http://192.168.10.124/EdInsight/Form/Curriculum/CurriculumMapCopy.aspx?args=s79LFcKIz38I3KnjVa8bnbUHByUl/SayWS6sjpU2kx+diGPAaF+96+YT/4Id0tNdhGZg2y1bxgrncskz6OUXGg==
1540990173066	Marionette	DEBUG	[6442450945] Received observer notification outer-window-destroyed for 6442451081
1540990173066	Marionette	DEBUG	[6442450945] Received observer notification outer-window-destroyed for 6442451087
1540990173067	Marionette	DEBUG	[6442450945] Received observer notification outer-window-destroyed for 6442451088
1540990173135	Marionette	DEBUG	[6442450945] Received DOM event DOMContentLoaded for http://192.168.10.124/EdInsight/Form/Curriculum/CurriculumMapCopy.aspx?args=s79LFcKIz38I3KnjVa8bnQqOTL3RTb6cK6lMMUWNDECD33OHi9IdEak3BqikhkiXCJBMZcf6yDgk+Gx/hiz5fw==
1540990173186	Marionette	DEBUG	[6442450945] Received observer notification outer-window-destroyed for 6442451094
1540990173192	Marionette	DEBUG	[6442450945] Received observer notification outer-window-destroyed for 6442451095
JavaScript error: http://192.168.10.124/EdInsight/Form/Curriculum/CurriculumMapCopy.aspx?args=s79LFcKIz38I3KnjVa8bnQqOTL3RTb6cK6lMMUWNDECD33OHi9IdEak3BqikhkiXCJBMZcf6yDgk+Gx/hiz5fw==, line 1: ReferenceError: False is not defined
1540990173219	Marionette	DEBUG	[6442450945] Received DOM event pageshow for http://192.168.10.124/EdInsight/Form/Curriculum/CurriculumMapCopy.aspx?args=s79LFcKIz38I3KnjVa8bnQqOTL3RTb6cK6lMMUWNDECD33OHi9IdEak3BqikhkiXCJBMZcf6yDgk+Gx/hiz5fw==
1540990173256	Marionette	DEBUG	[6442450945] Received DOM event beforeunload for http://192.168.10.124/EdInsight/Form/Curriculum/CurriculumMapCopy.aspx?args=s79LFcKIz38I3KnjVa8bnQqOTL3RTb6cK6lMMUWNDECD33OHi9IdEak3BqikhkiXCJBMZcf6yDgk+Gx/hiz5fw==
1540990173350	Marionette	DEBUG	[6442450945] Received DOM event pagehide for http://192.168.10.124/EdInsight/Form/Curriculum/CurriculumMapCopy.aspx?args=s79LFcKIz38I3KnjVa8bnQqOTL3RTb6cK6lMMUWNDECD33OHi9IdEak3BqikhkiXCJBMZcf6yDgk+Gx/hiz5fw==
1540990173350	Marionette	DEBUG	[6442450945] Received DOM event unload for http://192.168.10.124/EdInsight/Form/Curriculum/CurriculumMapCopy.aspx?args=s79LFcKIz38I3KnjVa8bnQqOTL3RTb6cK6lMMUWNDECD33OHi9IdEak3BqikhkiXCJBMZcf6yDgk+Gx/hiz5fw==
1540990173495	Marionette	DEBUG	[6442450945] Received observer notification outer-window-destroyed for 6442451092
1540990173496	Marionette	DEBUG	[6442450945] Received observer notification outer-window-destroyed for 6442451098
1540990173496	Marionette	DEBUG	[6442450945] Received observer notification outer-window-destroyed for 6442451099
1540990173569	Marionette	DEBUG	[6442450945] Received DOM event DOMContentLoaded for http://192.168.10.124/EdInsight/Form/Curriculum/CurriculumMapCopy.aspx?args=s79LFcKIz38I3KnjVa8bnb42ADpiDYj6yEorzLrxgUwCXi6jvcU2zgdSqtZKb8j1jzIQz0dvfk87ryTT/XuuHw==
1540990173612	Marionette	DEBUG	[6442450945] Received observer notification outer-window-destroyed for 6442451105
1540990173622	Marionette	DEBUG	[6442450945] Received observer notification outer-window-destroyed for 6442451106
JavaScript error: http://192.168.10.124/EdInsight/Form/Curriculum/CurriculumMapCopy.aspx?args=s79LFcKIz38I3KnjVa8bnb42ADpiDYj6yEorzLrxgUwCXi6jvcU2zgdSqtZKb8j1jzIQz0dvfk87ryTT/XuuHw==, line 1: ReferenceError: False is not defined
1540990173648	Marionette	DEBUG	[6442450945] Received DOM event pageshow for http://192.168.10.124/EdInsight/Form/Curriculum/CurriculumMapCopy.aspx?args=s79LFcKIz38I3KnjVa8bnb42ADpiDYj6yEorzLrxgUwCXi6jvcU2zgdSqtZKb8j1jzIQz0dvfk87ryTT/XuuHw==
1540990173895	Marionette	DEBUG	[6442450945] Canceled page load listener because no navigation has been detected
1540990173963	Marionette	DEBUG	[6442450945] Received DOM event beforeunload for http://192.168.10.124/EdInsight/Form/Curriculum/CurriculumMapCopy.aspx?args=s79LFcKIz38I3KnjVa8bnb42ADpiDYj6yEorzLrxgUwCXi6jvcU2zgdSqtZKb8j1jzIQz0dvfk87ryTT/XuuHw==
1540990174158	Marionette	DEBUG	[6442450945] Received DOM event pagehide for http://192.168.10.124/EdInsight/Form/Curriculum/CurriculumMapCopy.aspx?args=s79LFcKIz38I3KnjVa8bnb42ADpiDYj6yEorzLrxgUwCXi6jvcU2zgdSqtZKb8j1jzIQz0dvfk87ryTT/XuuHw==
1540990174163	Marionette	DEBUG	[6442450945] Received DOM event unload for http://192.168.10.124/EdInsight/Form/Curriculum/CurriculumMapCopy.aspx?args=s79LFcKIz38I3KnjVa8bnb42ADpiDYj6yEorzLrxgUwCXi6jvcU2zgdSqtZKb8j1jzIQz0dvfk87ryTT/XuuHw==
1540990174318	Marionette	DEBUG	[6442450945] Received observer notification outer-window-destroyed for 6442451103
1540990174318	Marionette	DEBUG	[6442450945] Received observer notification outer-window-destroyed for 6442451109
1540990174318	Marionette	DEBUG	[6442450945] Received observer notification outer-window-destroyed for 6442451110
1540990174387	Marionette	DEBUG	[6442450945] Received DOM event DOMContentLoaded for http://192.168.10.124/EdInsight/Form/Curriculum/CurriculumMapCopy.aspx?args=s79LFcKIz38I3KnjVa8bnUk6ZojjiTdjfc+4VXhywvv4C/RWn1n6OEKBr88ZV19OeSAISHXnGRAZHSVuYuSCaw==
JavaScript error: http://192.168.10.124/EdInsight/Form/Curriculum/CurriculumMapCopy.aspx?args=s79LFcKIz38I3KnjVa8bnUk6ZojjiTdjfc+4VXhywvv4C/RWn1n6OEKBr88ZV19OeSAISHXnGRAZHSVuYuSCaw==, line 1: ReferenceError: False is not defined
1540990174541	Marionette	DEBUG	[6442450945] Received DOM event beforeunload for http://192.168.10.124/EdInsight/Form/Curriculum/CurriculumMapCopy.aspx?args=s79LFcKIz38I3KnjVa8bnUk6ZojjiTdjfc+4VXhywvv4C/RWn1n6OEKBr88ZV19OeSAISHXnGRAZHSVuYuSCaw==
1540990174770	Marionette	DEBUG	[6442450945] Received DOM event pagehide for http://192.168.10.124/EdInsight/Form/Curriculum/CurriculumMapCopy.aspx?args=s79LFcKIz38I3KnjVa8bnUk6ZojjiTdjfc+4VXhywvv4C/RWn1n6OEKBr88ZV19OeSAISHXnGRAZHSVuYuSCaw==
1540990174773	Marionette	DEBUG	[6442450945] Received DOM event unload for http://192.168.10.124/EdInsight/Form/Curriculum/CurriculumMapCopy.aspx?args=s79LFcKIz38I3KnjVa8bnUk6ZojjiTdjfc+4VXhywvv4C/RWn1n6OEKBr88ZV19OeSAISHXnGRAZHSVuYuSCaw==
1540990174958	Marionette	DEBUG	[6442450945] Received observer notification outer-window-destroyed for 6442451114
1540990174958	Marionette	DEBUG	[6442450945] Received observer notification outer-window-destroyed for 6442451120
1540990174958	Marionette	DEBUG	[6442450945] Received observer notification outer-window-destroyed for 6442451121
1540990175040	Marionette	DEBUG	[6442450945] Received DOM event DOMContentLoaded for http://192.168.10.124/EdInsight/Form/Curriculum/CurriculumMapEdit.aspx?args=q7f0bMV0V7Uj4hwNjEcLEOzo+rCLhpW7MjR/vhQje+9/E79OFBPeKhlD4tDRggjj
1540990175102	Marionette	DEBUG	[6442450945] Received observer notification outer-window-destroyed for 6442451127
1540990175104	Marionette	DEBUG	[6442450945] Received observer notification outer-window-destroyed for 6442451128
JavaScript error: http://192.168.10.124/EdInsight/Form/Curriculum/CurriculumMapEdit.aspx?args=q7f0bMV0V7Uj4hwNjEcLEOzo+rCLhpW7MjR/vhQje+9/E79OFBPeKhlD4tDRggjj, line 1: ReferenceError: False is not defined
1540990175129	Marionette	DEBUG	[6442450945] Received DOM event pageshow for http://192.168.10.124/EdInsight/Form/Curriculum/CurriculumMapEdit.aspx?args=q7f0bMV0V7Uj4hwNjEcLEOzo+rCLhpW7MjR/vhQje+9/E79OFBPeKhlD4tDRggjj
1540990175194	Marionette	DEBUG	[6442450945] Received DOM event beforeunload for http://192.168.10.124/EdInsight/Form/Curriculum/CurriculumMapEdit.aspx?args=q7f0bMV0V7Uj4hwNjEcLEOzo+rCLhpW7MjR/vhQje+9/E79OFBPeKhlD4tDRggjj
1540990175759	Marionette	DEBUG	[6442450945] Received DOM event pagehide for http://192.168.10.124/EdInsight/Form/Curriculum/CurriculumMapEdit.aspx?args=q7f0bMV0V7Uj4hwNjEcLEOzo+rCLhpW7MjR/vhQje+9/E79OFBPeKhlD4tDRggjj
1540990175761	Marionette	DEBUG	[6442450945] Received DOM event unload for http://192.168.10.124/EdInsight/Form/Curriculum/CurriculumMapEdit.aspx?args=q7f0bMV0V7Uj4hwNjEcLEOzo+rCLhpW7MjR/vhQje+9/E79OFBPeKhlD4tDRggjj
1540990175987	Marionette	DEBUG	[6442450945] Received observer notification outer-window-destroyed for 6442451125
1540990175987	Marionette	DEBUG	[6442450945] Received observer notification outer-window-destroyed for 6442451131
1540990175987	Marionette	DEBUG	[6442450945] Received observer notification outer-window-destroyed for 6442451132
1540990176099	Marionette	DEBUG	[6442450945] Received DOM event DOMContentLoaded for http://192.168.10.124/EdInsight/Form/Curriculum/CurriculumMapEditUnit.aspx?args=s79LFcKIz38I3KnjVa8bnUEy1nKsOYtofSl/L8ySKBYz8CjmBJMPAdoWEYda1LvTKIe3Tq6mtf44xmzOsIJilvqvZCCZ7HiZTFKiDKP+aaA=
1540990176183	Marionette	DEBUG	[6442450945] Received observer notification outer-window-destroyed for 6442451138
1540990176184	Marionette	DEBUG	[6442450945] Received observer notification outer-window-destroyed for 6442451139
JavaScript error: http://192.168.10.124/EdInsight/Form/Curriculum/CurriculumMapEditUnit.aspx?args=s79LFcKIz38I3KnjVa8bnUEy1nKsOYtofSl/L8ySKBYz8CjmBJMPAdoWEYda1LvTKIe3Tq6mtf44xmzOsIJilvqvZCCZ7HiZTFKiDKP+aaA=, line 1: ReferenceError: False is not defined
1540990176203	Marionette	DEBUG	[6442450945] Received DOM event pageshow for http://192.168.10.124/EdInsight/Form/Curriculum/CurriculumMapEditUnit.aspx?args=s79LFcKIz38I3KnjVa8bnUEy1nKsOYtofSl/L8ySKBYz8CjmBJMPAdoWEYda1LvTKIe3Tq6mtf44xmzOsIJilvqvZCCZ7HiZTFKiDKP+aaA=
]]></system-err>
  </testcase>
  <testcase name="TCED29601" classname="com.curriculum.View_Print" time="14.798"/>
  <testcase name="TCED29602" classname="com.curriculum.View_Print" time="13.489"/>
  <testcase name="TCED29603" classname="com.curriculum.View_Print" time="15.037"/>
  <testcase name="TCED29604" classname="com.curriculum.View_Print" time="15.279"/>
  <testcase name="TCED29605" classname="com.curriculum.View_Print" time="23.948"/>
  <testcase name="TCED29701" classname="com.curriculum.Analyze_curriculam" time="19.239"/>
  <testcase name="TCED29702" classname="com.curriculum.Analyze_curriculam" time="4.344"/>
  <testcase name="TCED29703" classname="com.curriculum.Analyze_curriculam" time="0.494">
    <failure message="failed to assert  Health expected [true] but found [false]" type="java.lang.AssertionError">java.lang.AssertionError: failed to assert  Health expected [true] but found [false]
	at org.testng.Assert.fail(Assert.java:96)
	at org.testng.Assert.failNotEquals(Assert.java:776)
	at org.testng.Assert.assertTrue(Assert.java:44)
	at com.curriculum.Analyze_curriculam.TCED29703(Analyze_curriculam.java:135)
</failure>
    <system-err><![CDATA[1540990292931	Marionette	DEBUG	[6442450945] Canceled page load listener because no navigation has been detected
]]></system-err>
  </testcase>
  <testcase name="TCED29704" classname="com.curriculum.Analyze_curriculam" time="3.789"/>
  <testcase name="TCED29705" classname="com.curriculum.Analyze_curriculam" time="0.099"/>
  <testcase name="TCED29706" classname="com.curriculum.Analyze_curriculam" time="1.909"/>
  <testcase name="TCED29707" classname="com.curriculum.Analyze_curriculam" time="0.092"/>
  <testcase name="TCED29708" classname="com.curriculum.Analyze_curriculam" time="11.285"/>
  <testcase name="TCED29709" classname="com.curriculum.Analyze_curriculam" time="11.355"/>
  <testcase name="TCED29710" classname="com.curriculum.Analyze_curriculam" time="4.273"/>
  <testcase name="TCED29711" classname="com.curriculum.Analyze_curriculam" time="8.294">
    <failure message="failed to assert  Health expected [true] but found [false]" type="java.lang.AssertionError">java.lang.AssertionError: failed to assert  Health expected [true] but found [false]
	at org.testng.Assert.fail(Assert.java:96)
	at org.testng.Assert.failNotEquals(Assert.java:776)
	at org.testng.Assert.assertTrue(Assert.java:44)
	at com.curriculum.Analyze_curriculam.TCED29711(Analyze_curriculam.java:397)
</failure>
    <system-err><![CDATA[1540990326237	Marionette	DEBUG	[6442450945] Canceled page load listener because no navigation has been detected
]]></system-err>
  </testcase>
  <testcase name="TCED29712" classname="com.curriculum.Analyze_curriculam" time="10.315"/>
  <testcase name="TCED29713" classname="com.curriculum.Analyze_curriculam" time="11.268"/>
  <testcase name="TCED29714" classname="com.curriculum.Analyze_curriculam" time="0.988"/>
  <testcase name="TCED29715" classname="com.curriculum.Analyze_curriculam" time="0.172"/>
  <testcase name="TCED29716" classname="com.curriculum.Analyze_curriculam" time="5.883"/>
  <testcase name="TCED29717" classname="com.curriculum.Analyze_curriculam" time="23.651"/>
  <testcase name="TCED29718" classname="com.curriculum.Analyze_curriculam" time="1.073"/>
  <testcase name="TCED30201" classname="com.curriculum.Standards_Coverage_Report" time="13.777">
    <failure message="failed to assert text  For Automation [Do not Edit and Delete] expected [true] but found [false]" type="java.lang.AssertionError">java.lang.AssertionError: failed to assert text  For Automation [Do not Edit and Delete] expected [true] but found [false]
	at org.testng.Assert.fail(Assert.java:96)
	at org.testng.Assert.failNotEquals(Assert.java:776)
	at org.testng.Assert.assertTrue(Assert.java:44)
	at com.curriculum.Standards_Coverage_Report.TCED30201(Standards_Coverage_Report.java:65)
</failure>
    <system-err><![CDATA[1540990387683	geckodriver	INFO	geckodriver 0.20.1
1540990387683	geckodriver	INFO	Listening on 127.0.0.1:4077
1540990388246	mozrunner::runner	INFO	Running command: "C:\\Program Files\\Mozilla Firefox\\firefox.exe" "-marionette" "-profile" "C:\\Users\\DEVELO~1\\AppData\\Local\\Temp\\rust_mozprofile.KZtwoXRBuZ0t"
1540990388397	addons.manager	DEBUG	Application has been upgraded
1540990388413	addons.manager	DEBUG	Loaded provider scope for resource://gre/modules/addons/XPIProvider.jsm: ["XPIProvider", "XPIInternal"]
1540990388416	addons.manager	DEBUG	Loaded provider scope for resource://gre/modules/LightweightThemeManager.jsm: ["LightweightThemeManager"]
1540990388428	addons.manager	DEBUG	Loaded provider scope for resource://gre/modules/addons/GMPProvider.jsm
1540990388429	addons.manager	DEBUG	Loaded provider scope for resource://gre/modules/addons/PluginProvider.jsm
1540990388429	addons.manager	DEBUG	Starting provider: XPIProvider
1540990388430	addons.xpi	DEBUG	startup
1540990388431	addons.xpi	INFO	SystemAddonLocation directory is missing
1540990388439	addons.xpi	INFO	Removing all system add-on upgrades.
1540990388440	addons.xpi	DEBUG	checkForChanges
1540990388440	addons.xpi	DEBUG	Loaded add-on state: ${}
1540990388440	addons.xpi	DEBUG	New add-on activity-stream@mozilla.org in app-system-defaults
1540990388441	addons.xpi	DEBUG	New add-on aushelper@mozilla.org in app-system-defaults
1540990388442	addons.xpi	DEBUG	New add-on firefox@getpocket.com in app-system-defaults
1540990388442	addons.xpi	DEBUG	New add-on formautofill@mozilla.org in app-system-defaults
1540990388442	addons.xpi	DEBUG	New add-on onboarding@mozilla.org in app-system-defaults
1540990388443	addons.xpi	DEBUG	New add-on screenshots@mozilla.org in app-system-defaults
1540990388443	addons.xpi	DEBUG	New add-on webcompat-reporter@mozilla.org in app-system-defaults
1540990388443	addons.xpi	DEBUG	New add-on webcompat@mozilla.org in app-system-defaults
1540990388444	addons.xpi	DEBUG	scanForChanges changed: true, state: {}
1540990388448	addons.xpi-utils	DEBUG	Error: Synchronously loading the add-ons database (resource://gre/modules/addons/XPIDatabase.jsm:1329:15) JS Stack trace: syncLoadDB@XPIDatabase.jsm:1329:15
checkForChanges@XPIProvider.jsm:2533:9
startup@XPIProvider.jsm:2116:25
callProvider@AddonManager.jsm:206:12
_startProvider@AddonManager.jsm:654:5
startup@AddonManager.jsm:813:9
startup@AddonManager.jsm:2811:5
observe@addonManager.js:66:9
1540990388448	addons.xpi-utils	DEBUG	Starting async load of XPI database C:\Users\Developer\AppData\Local\Temp\rust_mozprofile.KZtwoXRBuZ0t\extensions.json
1540990388473	addons.xpi-utils	DEBUG	New add-on activity-stream@mozilla.org installed in app-system-defaults
*** Blocklist::_preloadBlocklistFile: blocklist is disabled
1540990388793	addons.xpi-utils	DEBUG	New add-on aushelper@mozilla.org installed in app-system-defaults
1540990388798	addons.xpi-utils	DEBUG	New add-on firefox@getpocket.com installed in app-system-defaults
1540990388802	addons.xpi-utils	DEBUG	New add-on formautofill@mozilla.org installed in app-system-defaults
1540990388806	addons.xpi-utils	DEBUG	New add-on onboarding@mozilla.org installed in app-system-defaults
1540990388809	addons.xpi-utils	DEBUG	New add-on screenshots@mozilla.org installed in app-system-defaults
1540990388816	addons.xpi-utils	DEBUG	New add-on webcompat-reporter@mozilla.org installed in app-system-defaults
1540990388820	addons.xpi-utils	DEBUG	New add-on webcompat@mozilla.org installed in app-system-defaults
1540990388841	addons.xpi-utils	DEBUG	XPI Database saved, setting schema version preference to 27
1540990388910	addons.manager	DEBUG	Registering startup change 'installed' for activity-stream@mozilla.org
1540990388915	addons.xpi	DEBUG	Loading bootstrap scope from C:\Program Files\Mozilla Firefox\browser\features\activity-stream@mozilla.org.xpi
1540990388917	addons.xpi	DEBUG	Calling bootstrap method install on activity-stream@mozilla.org version 2018.08.22.1219-93becf29
1540990388917	addons.xpi-utils	DEBUG	Make addon app-system-defaults:activity-stream@mozilla.org visible
1540990388917	addons.xpi	DEBUG	Updating XPIState for {"id":"activity-stream@mozilla.org","syncGUID":"{7bd14a8e-2229-4ecc-9cb3-e2b8fd13f497}","version":"2018.08.22.1219-93becf29","type":"extension","defaultLocale":{"name":"Activity Stream","description":"A rich visual history feed and a reimagined home page make it easier than ever to find exactly what you're looking for in Firefox."},"visible":true,"active":false,"userDisabled":false,"appDisabled":false,"installDate":1535646567086,"updateDate":1535646567086,"applyBackgroundUpdates":1,"path":"C:\\Program Files\\Mozilla Firefox\\browser\\features\\activity-stream@mozilla.org.xpi","skinnable":false,"sourceURI":null,"releaseNotesURI":null,"softDisabled":false,"foreignInstall":false,"strictCompatibility":false,"locales":[],"targetApplications":[{"id":"{ec8030f7-c20a-464f-9b0e-13a3a9e97384}","minVersion":"62.0","maxVersion":"62.*"}],"targetPlatforms":[],"seen":true,"dependencies":[],"hasEmbeddedWebExtension":false,"userPermissions":null,"icons":{},"blocklistState":0,"blocklistURL":null,"startupData":null,"location":"app-system-defaults"}
1540990388918	addons.manager	DEBUG	Registering startup change 'installed' for aushelper@mozilla.org
1540990388918	addons.xpi	DEBUG	Loading bootstrap scope from C:\Program Files\Mozilla Firefox\browser\features\aushelper@mozilla.org.xpi
1540990388920	addons.xpi	DEBUG	Calling bootstrap method install on aushelper@mozilla.org version 2.0
1540990388920	addons.xpi-utils	DEBUG	Make addon app-system-defaults:aushelper@mozilla.org visible
1540990388920	addons.xpi	DEBUG	Updating XPIState for {"id":"aushelper@mozilla.org","syncGUID":"{916885cc-368b-499c-8c78-4c3b1cf1213a}","version":"2.0","type":"extension","defaultLocale":{"name":"Application Update Service Helper","description":"Sets value(s) in the update url based on custom checks."},"visible":true,"active":false,"userDisabled":false,"appDisabled":false,"installDate":1535646567087,"updateDate":1535646567087,"applyBackgroundUpdates":1,"path":"C:\\Program Files\\Mozilla Firefox\\browser\\features\\aushelper@mozilla.org.xpi","skinnable":false,"sourceURI":null,"releaseNotesURI":null,"softDisabled":false,"foreignInstall":false,"strictCompatibility":false,"locales":[],"targetApplications":[{"id":"{ec8030f7-c20a-464f-9b0e-13a3a9e97384}","minVersion":"62.0","maxVersion":"62.*"}],"targetPlatforms":[],"seen":true,"dependencies":[],"hasEmbeddedWebExtension":false,"userPermissions":null,"icons":{},"blocklistState":0,"blocklistURL":null,"startupData":null,"location":"app-system-defaults"}
1540990388920	addons.manager	DEBUG	Registering startup change 'installed' for firefox@getpocket.com
1540990388921	addons.xpi	DEBUG	Loading bootstrap scope from C:\Program Files\Mozilla Firefox\browser\features\firefox@getpocket.com.xpi
1540990388925	addons.xpi	DEBUG	Calling bootstrap method install on firefox@getpocket.com version 1.0.5
1540990388925	addons.xpi-utils	DEBUG	Make addon app-system-defaults:firefox@getpocket.com visible
1540990388925	addons.xpi	DEBUG	Updating XPIState for {"id":"firefox@getpocket.com","syncGUID":"{9a16304e-4edf-46b7-90b0-eb21cce268d2}","version":"1.0.5","type":"extension","defaultLocale":{"name":"Pocket","description":"When you find something you want to view later, put it in Pocket."},"visible":true,"active":false,"userDisabled":false,"appDisabled":false,"installDate":1535646567092,"updateDate":1535646567092,"applyBackgroundUpdates":1,"path":"C:\\Program Files\\Mozilla Firefox\\browser\\features\\firefox@getpocket.com.xpi","skinnable":false,"sourceURI":null,"releaseNotesURI":null,"softDisabled":false,"foreignInstall":false,"strictCompatibility":false,"locales":[],"targetApplications":[{"id":"{ec8030f7-c20a-464f-9b0e-13a3a9e97384}","minVersion":"62.0","maxVersion":"62.*"}],"targetPlatforms":[],"seen":true,"dependencies":[],"hasEmbeddedWebExtension":false,"userPermissions":null,"icons":{},"blocklistState":0,"blocklistURL":null,"startupData":null,"location":"app-system-defaults"}
1540990388925	addons.manager	DEBUG	Registering startup change 'installed' for formautofill@mozilla.org
1540990388926	addons.xpi	DEBUG	Loading bootstrap scope from C:\Program Files\Mozilla Firefox\browser\features\formautofill@mozilla.org.xpi
1540990388927	addons.xpi	DEBUG	Calling bootstrap method install on formautofill@mozilla.org version 1.0
1540990388927	addons.xpi-utils	DEBUG	Make addon app-system-defaults:formautofill@mozilla.org visible
1540990388928	addons.xpi	DEBUG	Updating XPIState for {"id":"formautofill@mozilla.org","syncGUID":"{b0bc64c0-b23f-4501-a1f4-736a8ed890bd}","version":"1.0","type":"extension","defaultLocale":{"name":"Form Autofill","description":"Autofill forms with saved profiles"},"visible":true,"active":false,"userDisabled":false,"appDisabled":false,"installDate":1535646567095,"updateDate":1535646567095,"applyBackgroundUpdates":1,"path":"C:\\Program Files\\Mozilla Firefox\\browser\\features\\formautofill@mozilla.org.xpi","skinnable":false,"sourceURI":null,"releaseNotesURI":null,"softDisabled":false,"foreignInstall":false,"strictCompatibility":false,"locales":[],"targetApplications":[{"id":"{ec8030f7-c20a-464f-9b0e-13a3a9e97384}","minVersion":"62.0","maxVersion":"62.*"}],"targetPlatforms":[],"seen":true,"dependencies":[],"hasEmbeddedWebExtension":false,"userPermissions":null,"icons":{},"blocklistState":0,"blocklistURL":null,"startupData":null,"location":"app-system-defaults"}
1540990388928	addons.manager	DEBUG	Registering startup change 'installed' for onboarding@mozilla.org
1540990388928	addons.xpi	DEBUG	Loading bootstrap scope from C:\Program Files\Mozilla Firefox\browser\features\onboarding@mozilla.org.xpi
1540990388930	addons.xpi	DEBUG	Calling bootstrap method install on onboarding@mozilla.org version 1.0
1540990388930	addons.xpi-utils	DEBUG	Make addon app-system-defaults:onboarding@mozilla.org visible
1540990388930	addons.xpi	DEBUG	Updating XPIState for {"id":"onboarding@mozilla.org","syncGUID":"{45117e9a-f5c0-43db-9a42-f596c40998e8}","version":"1.0","type":"extension","defaultLocale":{"name":"Photon onboarding","description":"Photon onboarding"},"visible":true,"active":false,"userDisabled":false,"appDisabled":false,"installDate":1535646567099,"updateDate":1535646567099,"applyBackgroundUpdates":1,"path":"C:\\Program Files\\Mozilla Firefox\\browser\\features\\onboarding@mozilla.org.xpi","skinnable":false,"sourceURI":null,"releaseNotesURI":null,"softDisabled":false,"foreignInstall":false,"strictCompatibility":false,"locales":[],"targetApplications":[{"id":"{ec8030f7-c20a-464f-9b0e-13a3a9e97384}","minVersion":"62.0","maxVersion":"62.*"}],"targetPlatforms":[],"seen":true,"dependencies":[],"hasEmbeddedWebExtension":false,"userPermissions":null,"icons":{},"blocklistState":0,"blocklistURL":null,"startupData":null,"location":"app-system-defaults"}
1540990388931	addons.manager	DEBUG	Registering startup change 'installed' for screenshots@mozilla.org
1540990388931	addons.xpi	DEBUG	Loading bootstrap scope from C:\Program Files\Mozilla Firefox\browser\features\screenshots@mozilla.org.xpi
1540990388933	addons.xpi	DEBUG	Calling bootstrap method install on screenshots@mozilla.org version 33.0.0
1540990388933	addons.xpi-utils	DEBUG	Make addon app-system-defaults:screenshots@mozilla.org visible
1540990388933	addons.xpi	DEBUG	Updating XPIState for {"id":"screenshots@mozilla.org","syncGUID":"{b6df4ffc-be97-42ae-8629-f394d840df5d}","version":"33.0.0","type":"extension","defaultLocale":{"name":"Firefox Screenshots","homepageURL":"https://screenshots.firefox.com/"},"visible":true,"active":false,"userDisabled":false,"appDisabled":false,"installDate":1535646567105,"updateDate":1535646567105,"applyBackgroundUpdates":1,"path":"C:\\Program Files\\Mozilla Firefox\\browser\\features\\screenshots@mozilla.org.xpi","skinnable":false,"sourceURI":null,"releaseNotesURI":null,"softDisabled":false,"foreignInstall":false,"strictCompatibility":false,"locales":[],"targetApplications":[{"id":"{ec8030f7-c20a-464f-9b0e-13a3a9e97384}","minVersion":"57.0a1","maxVersion":"*"}],"targetPlatforms":[],"seen":true,"dependencies":[],"hasEmbeddedWebExtension":false,"userPermissions":null,"icons":{},"blocklistState":0,"blocklistURL":null,"startupData":null,"location":"app-system-defaults"}
1540990388933	addons.manager	DEBUG	Registering startup change 'installed' for webcompat-reporter@mozilla.org
1540990388934	addons.xpi	DEBUG	Loading bootstrap scope from C:\Program Files\Mozilla Firefox\browser\features\webcompat-reporter@mozilla.org.xpi
1540990388935	addons.xpi	DEBUG	Calling bootstrap method install on webcompat-reporter@mozilla.org version 1.0.0
1540990388935	addons.xpi-utils	DEBUG	Make addon app-system-defaults:webcompat-reporter@mozilla.org visible
1540990388935	addons.xpi	DEBUG	Updating XPIState for {"id":"webcompat-reporter@mozilla.org","syncGUID":"{7c7e652e-b9a5-4ea3-84ca-70c92c298195}","version":"1.0.0","type":"extension","defaultLocale":{"name":"WebCompat Reporter","description":"Report site compatibility issues on webcompat.com."},"visible":true,"active":false,"userDisabled":false,"appDisabled":false,"installDate":1535646567106,"updateDate":1535646567106,"applyBackgroundUpdates":1,"path":"C:\\Program Files\\Mozilla Firefox\\browser\\features\\webcompat-reporter@mozilla.org.xpi","skinnable":false,"sourceURI":null,"releaseNotesURI":null,"softDisabled":false,"foreignInstall":false,"strictCompatibility":false,"locales":[],"targetApplications":[{"id":"{ec8030f7-c20a-464f-9b0e-13a3a9e97384}","minVersion":"62.0","maxVersion":"62.*"}],"targetPlatforms":[],"seen":true,"dependencies":[],"hasEmbeddedWebExtension":false,"userPermissions":null,"icons":{},"blocklistState":0,"blocklistURL":null,"startupData":null,"location":"app-system-defaults"}
1540990388936	addons.manager	DEBUG	Registering startup change 'installed' for webcompat@mozilla.org
1540990388936	addons.xpi	DEBUG	Loading bootstrap scope from C:\Program Files\Mozilla Firefox\browser\features\webcompat@mozilla.org.xpi
1540990388939	addons.xpi	DEBUG	Calling bootstrap method install on webcompat@mozilla.org version 2.0
1540990388939	addons.xpi-utils	DEBUG	Make addon app-system-defaults:webcompat@mozilla.org visible
1540990388939	addons.xpi	DEBUG	Updating XPIState for {"id":"webcompat@mozilla.org","syncGUID":"{b9d066d2-bdef-4186-bb0e-a5fead16b965}","version":"2.0","type":"extension","defaultLocale":{"name":"Web Compat","description":"Urgent post-release fixes for web compatibility."},"visible":true,"active":false,"userDisabled":false,"appDisabled":false,"installDate":1535646567106,"updateDate":1535646567106,"applyBackgroundUpdates":1,"path":"C:\\Program Files\\Mozilla Firefox\\browser\\features\\webcompat@mozilla.org.xpi","skinnable":false,"sourceURI":null,"releaseNotesURI":null,"softDisabled":false,"foreignInstall":false,"strictCompatibility":false,"locales":[],"targetApplications":[{"id":"{ec8030f7-c20a-464f-9b0e-13a3a9e97384}","minVersion":"62.0","maxVersion":"62.*"},{"id":"{aa3c5121-dab2-40e2-81ca-7ea25febc110}","minVersion":"62.0","maxVersion":"62.*"}],"targetPlatforms":[],"seen":true,"dependencies":[],"hasEmbeddedWebExtension":true,"userPermissions":null,"icons":{},"blocklistState":0,"blocklistURL":null,"startupData":null,"location":"app-system-defaults"}
1540990388939	addons.xpi	DEBUG	Updating XPIState for {"id":"activity-stream@mozilla.org","syncGUID":"{7bd14a8e-2229-4ecc-9cb3-e2b8fd13f497}","version":"2018.08.22.1219-93becf29","type":"extension","defaultLocale":{"name":"Activity Stream","description":"A rich visual history feed and a reimagined home page make it easier than ever to find exactly what you're looking for in Firefox."},"visible":true,"active":true,"userDisabled":false,"appDisabled":false,"installDate":1535646567086,"updateDate":1535646567086,"applyBackgroundUpdates":1,"path":"C:\\Program Files\\Mozilla Firefox\\browser\\features\\activity-stream@mozilla.org.xpi","skinnable":false,"sourceURI":null,"releaseNotesURI":null,"softDisabled":false,"foreignInstall":false,"strictCompatibility":false,"locales":[],"targetApplications":[{"id":"{ec8030f7-c20a-464f-9b0e-13a3a9e97384}","minVersion":"62.0","maxVersion":"62.*"}],"targetPlatforms":[],"seen":true,"dependencies":[],"hasEmbeddedWebExtension":false,"userPermissions":null,"icons":{},"blocklistState":0,"blocklistURL":null,"startupData":null,"location":"app-system-defaults"}
1540990388940	addons.xpi	DEBUG	Updating XPIState for {"id":"aushelper@mozilla.org","syncGUID":"{916885cc-368b-499c-8c78-4c3b1cf1213a}","version":"2.0","type":"extension","defaultLocale":{"name":"Application Update Service Helper","description":"Sets value(s) in the update url based on custom checks."},"visible":true,"active":true,"userDisabled":false,"appDisabled":false,"installDate":1535646567087,"updateDate":1535646567087,"applyBackgroundUpdates":1,"path":"C:\\Program Files\\Mozilla Firefox\\browser\\features\\aushelper@mozilla.org.xpi","skinnable":false,"sourceURI":null,"releaseNotesURI":null,"softDisabled":false,"foreignInstall":false,"strictCompatibility":false,"locales":[],"targetApplications":[{"id":"{ec8030f7-c20a-464f-9b0e-13a3a9e97384}","minVersion":"62.0","maxVersion":"62.*"}],"targetPlatforms":[],"seen":true,"dependencies":[],"hasEmbeddedWebExtension":false,"userPermissions":null,"icons":{},"blocklistState":0,"blocklistURL":null,"startupData":null,"location":"app-system-defaults"}
1540990388940	addons.xpi	DEBUG	Updating XPIState for {"id":"firefox@getpocket.com","syncGUID":"{9a16304e-4edf-46b7-90b0-eb21cce268d2}","version":"1.0.5","type":"extension","defaultLocale":{"name":"Pocket","description":"When you find something you want to view later, put it in Pocket."},"visible":true,"active":true,"userDisabled":false,"appDisabled":false,"installDate":1535646567092,"updateDate":1535646567092,"applyBackgroundUpdates":1,"path":"C:\\Program Files\\Mozilla Firefox\\browser\\features\\firefox@getpocket.com.xpi","skinnable":false,"sourceURI":null,"releaseNotesURI":null,"softDisabled":false,"foreignInstall":false,"strictCompatibility":false,"locales":[],"targetApplications":[{"id":"{ec8030f7-c20a-464f-9b0e-13a3a9e97384}","minVersion":"62.0","maxVersion":"62.*"}],"targetPlatforms":[],"seen":true,"dependencies":[],"hasEmbeddedWebExtension":false,"userPermissions":null,"icons":{},"blocklistState":0,"blocklistURL":null,"startupData":null,"location":"app-system-defaults"}
1540990388953	addons.xpi	DEBUG	Updating XPIState for {"id":"formautofill@mozilla.org","syncGUID":"{b0bc64c0-b23f-4501-a1f4-736a8ed890bd}","version":"1.0","type":"extension","defaultLocale":{"name":"Form Autofill","description":"Autofill forms with saved profiles"},"visible":true,"active":true,"userDisabled":false,"appDisabled":false,"installDate":1535646567095,"updateDate":1535646567095,"applyBackgroundUpdates":1,"path":"C:\\Program Files\\Mozilla Firefox\\browser\\features\\formautofill@mozilla.org.xpi","skinnable":false,"sourceURI":null,"releaseNotesURI":null,"softDisabled":false,"foreignInstall":false,"strictCompatibility":false,"locales":[],"targetApplications":[{"id":"{ec8030f7-c20a-464f-9b0e-13a3a9e97384}","minVersion":"62.0","maxVersion":"62.*"}],"targetPlatforms":[],"seen":true,"dependencies":[],"hasEmbeddedWebExtension":false,"userPermissions":null,"icons":{},"blocklistState":0,"blocklistURL":null,"startupData":null,"location":"app-system-defaults"}
1540990388953	addons.xpi	DEBUG	Updating XPIState for {"id":"onboarding@mozilla.org","syncGUID":"{45117e9a-f5c0-43db-9a42-f596c40998e8}","version":"1.0","type":"extension","defaultLocale":{"name":"Photon onboarding","description":"Photon onboarding"},"visible":true,"active":true,"userDisabled":false,"appDisabled":false,"installDate":1535646567099,"updateDate":1535646567099,"applyBackgroundUpdates":1,"path":"C:\\Program Files\\Mozilla Firefox\\browser\\features\\onboarding@mozilla.org.xpi","skinnable":false,"sourceURI":null,"releaseNotesURI":null,"softDisabled":false,"foreignInstall":false,"strictCompatibility":false,"locales":[],"targetApplications":[{"id":"{ec8030f7-c20a-464f-9b0e-13a3a9e97384}","minVersion":"62.0","maxVersion":"62.*"}],"targetPlatforms":[],"seen":true,"dependencies":[],"hasEmbeddedWebExtension":false,"userPermissions":null,"icons":{},"blocklistState":0,"blocklistURL":null,"startupData":null,"location":"app-system-defaults"}
1540990388953	addons.xpi	DEBUG	Updating XPIState for {"id":"screenshots@mozilla.org","syncGUID":"{b6df4ffc-be97-42ae-8629-f394d840df5d}","version":"33.0.0","type":"extension","defaultLocale":{"name":"Firefox Screenshots","homepageURL":"https://screenshots.firefox.com/"},"visible":true,"active":true,"userDisabled":false,"appDisabled":false,"installDate":1535646567105,"updateDate":1535646567105,"applyBackgroundUpdates":1,"path":"C:\\Program Files\\Mozilla Firefox\\browser\\features\\screenshots@mozilla.org.xpi","skinnable":false,"sourceURI":null,"releaseNotesURI":null,"softDisabled":false,"foreignInstall":false,"strictCompatibility":false,"locales":[],"targetApplications":[{"id":"{ec8030f7-c20a-464f-9b0e-13a3a9e97384}","minVersion":"57.0a1","maxVersion":"*"}],"targetPlatforms":[],"seen":true,"dependencies":[],"hasEmbeddedWebExtension":false,"userPermissions":null,"icons":{},"blocklistState":0,"blocklistURL":null,"startupData":null,"location":"app-system-defaults"}
1540990388954	addons.xpi	DEBUG	Updating XPIState for {"id":"webcompat-reporter@mozilla.org","syncGUID":"{7c7e652e-b9a5-4ea3-84ca-70c92c298195}","version":"1.0.0","type":"extension","defaultLocale":{"name":"WebCompat Reporter","description":"Report site compatibility issues on webcompat.com."},"visible":true,"active":true,"userDisabled":false,"appDisabled":false,"installDate":1535646567106,"updateDate":1535646567106,"applyBackgroundUpdates":1,"path":"C:\\Program Files\\Mozilla Firefox\\browser\\features\\webcompat-reporter@mozilla.org.xpi","skinnable":false,"sourceURI":null,"releaseNotesURI":null,"softDisabled":false,"foreignInstall":false,"strictCompatibility":false,"locales":[],"targetApplications":[{"id":"{ec8030f7-c20a-464f-9b0e-13a3a9e97384}","minVersion":"62.0","maxVersion":"62.*"}],"targetPlatforms":[],"seen":true,"dependencies":[],"hasEmbeddedWebExtension":false,"userPermissions":null,"icons":{},"blocklistState":0,"blocklistURL":null,"startupData":null,"location":"app-system-defaults"}
1540990388954	addons.xpi	DEBUG	Updating XPIState for {"id":"webcompat@mozilla.org","syncGUID":"{b9d066d2-bdef-4186-bb0e-a5fead16b965}","version":"2.0","type":"extension","defaultLocale":{"name":"Web Compat","description":"Urgent post-release fixes for web compatibility."},"visible":true,"active":true,"userDisabled":false,"appDisabled":false,"installDate":1535646567106,"updateDate":1535646567106,"applyBackgroundUpdates":1,"path":"C:\\Program Files\\Mozilla Firefox\\browser\\features\\webcompat@mozilla.org.xpi","skinnable":false,"sourceURI":null,"releaseNotesURI":null,"softDisabled":false,"foreignInstall":false,"strictCompatibility":false,"locales":[],"targetApplications":[{"id":"{ec8030f7-c20a-464f-9b0e-13a3a9e97384}","minVersion":"62.0","maxVersion":"62.*"},{"id":"{aa3c5121-dab2-40e2-81ca-7ea25febc110}","minVersion":"62.0","maxVersion":"62.*"}],"targetPlatforms":[],"seen":true,"dependencies":[],"hasEmbeddedWebExtension":true,"userPermissions":null,"icons":{},"blocklistState":0,"blocklistURL":null,"startupData":null,"location":"app-system-defaults"}
1540990388968	addons.xpi-utils	DEBUG	Updating add-on states
1540990388971	addons.xpi	DEBUG	Registering manifest for C:\Program Files\Mozilla Firefox\browser\features\activity-stream@mozilla.org.xpi
1540990388973	addons.xpi	DEBUG	Calling bootstrap method startup on activity-stream@mozilla.org version 2018.08.22.1219-93becf29
1540990388974	addons.xpi	DEBUG	Registering manifest for C:\Program Files\Mozilla Firefox\browser\features\aushelper@mozilla.org.xpi
1540990388975	addons.xpi	DEBUG	Calling bootstrap method startup on aushelper@mozilla.org version 2.0
1540990388976	addons.xpi	DEBUG	Registering manifest for C:\Program Files\Mozilla Firefox\browser\features\firefox@getpocket.com.xpi
1540990388977	addons.xpi	DEBUG	Calling bootstrap method startup on firefox@getpocket.com version 1.0.5
1540990388981	addons.xpi	DEBUG	Registering manifest for C:\Program Files\Mozilla Firefox\browser\features\formautofill@mozilla.org.xpi
1540990388982	addons.xpi	DEBUG	Calling bootstrap method startup on formautofill@mozilla.org version 1.0
1540990388982	addons.xpi	DEBUG	Registering manifest for C:\Program Files\Mozilla Firefox\browser\features\onboarding@mozilla.org.xpi
1540990388984	addons.xpi	DEBUG	Calling bootstrap method startup on onboarding@mozilla.org version 1.0
1540990388984	addons.xpi	DEBUG	Registering manifest for C:\Program Files\Mozilla Firefox\browser\features\screenshots@mozilla.org.xpi
1540990388985	addons.xpi	DEBUG	Calling bootstrap method startup on screenshots@mozilla.org version 33.0.0
1540990388985	addons.xpi	DEBUG	Registering manifest for C:\Program Files\Mozilla Firefox\browser\features\webcompat-reporter@mozilla.org.xpi
1540990388986	addons.xpi	DEBUG	Calling bootstrap method startup on webcompat-reporter@mozilla.org version 1.0.0
1540990388986	addons.xpi	DEBUG	Registering manifest for C:\Program Files\Mozilla Firefox\browser\features\webcompat@mozilla.org.xpi
1540990388988	addons.xpi	DEBUG	Calling bootstrap method startup on webcompat@mozilla.org version 2.0
1540990388989	addons.manager	DEBUG	Registering shutdown blocker for XPIProvider
1540990388989	addons.manager	DEBUG	Provider finished startup: XPIProvider
1540990388989	addons.manager	DEBUG	Starting provider: LightweightThemeManager
1540990388989	addons.manager	DEBUG	Registering shutdown blocker for LightweightThemeManager
1540990388990	addons.manager	DEBUG	Provider finished startup: LightweightThemeManager
1540990388990	addons.manager	DEBUG	Starting provider: GMPProvider
1540990388992	addons.manager	DEBUG	Registering shutdown blocker for GMPProvider
1540990388992	addons.manager	DEBUG	Provider finished startup: GMPProvider
1540990388992	addons.manager	DEBUG	Starting provider: PluginProvider
1540990388992	addons.manager	DEBUG	Registering shutdown blocker for PluginProvider
1540990388992	addons.manager	DEBUG	Provider finished startup: PluginProvider
1540990388993	addons.manager	DEBUG	Completed startup sequence
1540990390658	addons.xpi	DEBUG	Existing add-on activity-stream@mozilla.org in app-system-defaults
1540990390658	addons.xpi	DEBUG	Existing add-on aushelper@mozilla.org in app-system-defaults
1540990390658	addons.xpi	DEBUG	Existing add-on firefox@getpocket.com in app-system-defaults
1540990390658	addons.xpi	DEBUG	Existing add-on formautofill@mozilla.org in app-system-defaults
1540990390659	addons.xpi	DEBUG	Existing add-on onboarding@mozilla.org in app-system-defaults
1540990390659	addons.xpi	DEBUG	Existing add-on screenshots@mozilla.org in app-system-defaults
1540990390659	addons.xpi	DEBUG	Existing add-on webcompat-reporter@mozilla.org in app-system-defaults
1540990390659	addons.xpi	DEBUG	Existing add-on webcompat@mozilla.org in app-system-defaults
1540990390659	addons.xpi	DEBUG	scanForChanges changed: false, state: {}
1540990390765	Marionette	INFO	Listening on port 49337
1540990391433	Marionette	WARN	TLS certificate errors will be ignored for this session
1540990391480	Marionette	DEBUG	[6442450945] Frame script loaded
1540990391481	Marionette	DEBUG	[6442450945] Frame script registered
Oct 31, 2018 6:23:11 PM org.openqa.selenium.remote.ProtocolHandshake createSession
INFO: Detected dialect: W3C
1540990391584	Marionette	DEBUG	[6442450945] Received DOM event beforeunload for about:blank
1540990391616	Marionette	DEBUG	[6442450945] Received DOM event pagehide for about:blank
JavaScript error: http://192.168.10.124/Edinsight/Login.aspx, line 148: ReferenceError: search is not defined
1540990391813	Marionette	DEBUG	[6442450945] Received DOM event DOMContentLoaded for http://192.168.10.124/Edinsight/Login.aspx
1540990392484	Marionette	DEBUG	[6442450945] Received DOM event pageshow for http://192.168.10.124/Edinsight/Login.aspx
1540990392491	Marionette	DEBUG	[6442450945] Received DOM event beforeunload for http://192.168.10.124/Edinsight/Login.aspx
1540990392535	Marionette	DEBUG	[6442450945] Received DOM event pagehide for http://192.168.10.124/Edinsight/Login.aspx
1540990392537	Marionette	DEBUG	[6442450945] Received DOM event unload for http://192.168.10.124/Edinsight/Login.aspx
JavaScript error: http://192.168.10.124/Edinsight/Login.aspx, line 148: ReferenceError: search is not defined
1540990392841	Marionette	DEBUG	[6442450945] Received DOM event DOMContentLoaded for http://192.168.10.124/Edinsight/Login.aspx
1540990392877	Marionette	DEBUG	[6442450945] Received DOM event pageshow for http://192.168.10.124/Edinsight/Login.aspx
1540990396579	Marionette	DEBUG	[6442450945] Received DOM event beforeunload for http://192.168.10.124/Edinsight/Login.aspx
1540990398344	Marionette	DEBUG	[6442450945] Received DOM event pagehide for http://192.168.10.124/Edinsight/Login.aspx
1540990398345	Marionette	DEBUG	[6442450945] Received DOM event unload for http://192.168.10.124/Edinsight/Login.aspx
1540990398786	Marionette	DEBUG	[6442450945] Received DOM event DOMContentLoaded for http://192.168.10.124/Edinsight/Dashboards/Dashboard.aspx?args=xVNF9/EmdfyYlZO24Xg2+uV04PVJmgZgtem/Imousj+kM7yoAoNbmuidFBz7eEAwJFvQRbqGPLLisKBGd0lpRQ7X3B3I42hklKHQNptq9t4=
1540990398968	Marionette	DEBUG	[6442450945] Received observer notification outer-window-destroyed for 6442450951
1540990398970	Marionette	DEBUG	[6442450945] Received observer notification outer-window-destroyed for 6442450952
JavaScript error: http://192.168.10.124/Edinsight/Dashboards/Dashboard.aspx?args=xVNF9/EmdfyYlZO24Xg2+uV04PVJmgZgtem/Imousj+kM7yoAoNbmuidFBz7eEAwJFvQRbqGPLLisKBGd0lpRQ7X3B3I42hklKHQNptq9t4=, line 1: ReferenceError: False is not defined
1540990399025	Marionette	DEBUG	[6442450945] Received DOM event pageshow for http://192.168.10.124/Edinsight/Dashboards/Dashboard.aspx?args=xVNF9/EmdfyYlZO24Xg2+uV04PVJmgZgtem/Imousj+kM7yoAoNbmuidFBz7eEAwJFvQRbqGPLLisKBGd0lpRQ7X3B3I42hklKHQNptq9t4=
1540990399236	Marionette	DEBUG	[6442450945] Received DOM event beforeunload for http://192.168.10.124/Edinsight/Dashboards/Dashboard.aspx?args=xVNF9/EmdfyYlZO24Xg2+uV04PVJmgZgtem/Imousj+kM7yoAoNbmuidFBz7eEAwJFvQRbqGPLLisKBGd0lpRQ7X3B3I42hklKHQNptq9t4=
1540990400460	Marionette	DEBUG	[6442450945] Received DOM event pagehide for http://192.168.10.124/Edinsight/Dashboards/Dashboard.aspx?args=xVNF9/EmdfyYlZO24Xg2+uV04PVJmgZgtem/Imousj+kM7yoAoNbmuidFBz7eEAwJFvQRbqGPLLisKBGd0lpRQ7X3B3I42hklKHQNptq9t4=
1540990400462	Marionette	DEBUG	[6442450945] Received DOM event unload for http://192.168.10.124/Edinsight/Dashboards/Dashboard.aspx?args=xVNF9/EmdfyYlZO24Xg2+uV04PVJmgZgtem/Imousj+kM7yoAoNbmuidFBz7eEAwJFvQRbqGPLLisKBGd0lpRQ7X3B3I42hklKHQNptq9t4=
1540990400610	Marionette	DEBUG	[6442450945] Received observer notification outer-window-destroyed for 6442450955
1540990400612	Marionette	DEBUG	[6442450945] Received observer notification outer-window-destroyed for 6442450956
1540990400674	Marionette	DEBUG	[6442450945] Received DOM event DOMContentLoaded for http://192.168.10.124/EdInsight/Form/Curriculum/CurriculumMapReports.aspx?args=s79LFcKIz38I3KnjVa8bnSv3eapwU1j5HsllWVCYf1l4bQIiXXoeHQYxEwUsZvkqnfIldHdA6t586ovueiLwYVDud+LIJVW9HMc/YvpfgUU=
1540990400744	Marionette	DEBUG	[6442450945] Received observer notification outer-window-destroyed for 6442450962
1540990400746	Marionette	DEBUG	[6442450945] Received observer notification outer-window-destroyed for 6442450963
JavaScript error: http://192.168.10.124/EdInsight/Form/Curriculum/CurriculumMapReports.aspx?args=s79LFcKIz38I3KnjVa8bnSv3eapwU1j5HsllWVCYf1l4bQIiXXoeHQYxEwUsZvkqnfIldHdA6t586ovueiLwYVDud+LIJVW9HMc/YvpfgUU=, line 1: ReferenceError: False is not defined
1540990400831	Marionette	DEBUG	[6442450945] Received DOM event pageshow for http://192.168.10.124/EdInsight/Form/Curriculum/CurriculumMapReports.aspx?args=s79LFcKIz38I3KnjVa8bnSv3eapwU1j5HsllWVCYf1l4bQIiXXoeHQYxEwUsZvkqnfIldHdA6t586ovueiLwYVDud+LIJVW9HMc/YvpfgUU=
1540990400872	Marionette	DEBUG	[6442450945] Received DOM event beforeunload for http://192.168.10.124/EdInsight/Form/Curriculum/CurriculumMapReports.aspx?args=s79LFcKIz38I3KnjVa8bnSv3eapwU1j5HsllWVCYf1l4bQIiXXoeHQYxEwUsZvkqnfIldHdA6t586ovueiLwYVDud+LIJVW9HMc/YvpfgUU=
1540990401200	Marionette	DEBUG	[6442450945] Received DOM event pagehide for http://192.168.10.124/EdInsight/Form/Curriculum/CurriculumMapReports.aspx?args=s79LFcKIz38I3KnjVa8bnSv3eapwU1j5HsllWVCYf1l4bQIiXXoeHQYxEwUsZvkqnfIldHdA6t586ovueiLwYVDud+LIJVW9HMc/YvpfgUU=
1540990401203	Marionette	DEBUG	[6442450945] Received DOM event unload for http://192.168.10.124/EdInsight/Form/Curriculum/CurriculumMapReports.aspx?args=s79LFcKIz38I3KnjVa8bnSv3eapwU1j5HsllWVCYf1l4bQIiXXoeHQYxEwUsZvkqnfIldHdA6t586ovueiLwYVDud+LIJVW9HMc/YvpfgUU=
1540990401421	Marionette	DEBUG	[6442450945] Received observer notification outer-window-destroyed for 6442450960
1540990401421	Marionette	DEBUG	[6442450945] Received observer notification outer-window-destroyed for 6442450966
1540990401421	Marionette	DEBUG	[6442450945] Received observer notification outer-window-destroyed for 6442450967
1540990401526	Marionette	DEBUG	[6442450945] Received DOM event DOMContentLoaded for http://192.168.10.124/EdInsight/Form/Curriculum/CurriculumMapStandardsCoverage.aspx?args=s79LFcKIz38I3KnjVa8bnWKm19W+VbIFhSxs9fV7Gfw=
1540990401575	Marionette	DEBUG	[6442450945] Received observer notification outer-window-destroyed for 6442450973
1540990401577	Marionette	DEBUG	[6442450945] Received observer notification outer-window-destroyed for 6442450974
JavaScript error: http://192.168.10.124/EdInsight/Form/Curriculum/CurriculumMapStandardsCoverage.aspx?args=s79LFcKIz38I3KnjVa8bnWKm19W+VbIFhSxs9fV7Gfw=, line 1: ReferenceError: False is not defined
1540990401614	Marionette	DEBUG	[6442450945] Received DOM event pageshow for http://192.168.10.124/EdInsight/Form/Curriculum/CurriculumMapStandardsCoverage.aspx?args=s79LFcKIz38I3KnjVa8bnWKm19W+VbIFhSxs9fV7Gfw=
1540990401912	Marionette	DEBUG	[6442450945] Canceled page load listener because no navigation has been detected
1540990401979	Marionette	DEBUG	[6442450945] Received DOM event beforeunload for http://192.168.10.124/EdInsight/Form/Curriculum/CurriculumMapStandardsCoverage.aspx?args=s79LFcKIz38I3KnjVa8bnWKm19W+VbIFhSxs9fV7Gfw=
1540990402174	Marionette	DEBUG	[6442450945] Received DOM event pagehide for http://192.168.10.124/EdInsight/Form/Curriculum/CurriculumMapStandardsCoverage.aspx?args=s79LFcKIz38I3KnjVa8bnWKm19W+VbIFhSxs9fV7Gfw=
1540990402175	Marionette	DEBUG	[6442450945] Received DOM event unload for http://192.168.10.124/EdInsight/Form/Curriculum/CurriculumMapStandardsCoverage.aspx?args=s79LFcKIz38I3KnjVa8bnWKm19W+VbIFhSxs9fV7Gfw=
1540990402366	Marionette	DEBUG	[6442450945] Received observer notification outer-window-destroyed for 6442450971
1540990402366	Marionette	DEBUG	[6442450945] Received observer notification outer-window-destroyed for 6442450977
1540990402366	Marionette	DEBUG	[6442450945] Received observer notification outer-window-destroyed for 6442450978
1540990402453	Marionette	DEBUG	[6442450945] Received DOM event DOMContentLoaded for http://192.168.10.124/EdInsight/Form/Curriculum/CurriculumMapStandardsCoverage.aspx?args=s79LFcKIz38I3KnjVa8bnWhzH1zmyTWhI5eUv6UWQv8=
1540990402512	Marionette	DEBUG	[6442450945] Received observer notification outer-window-destroyed for 6442450984
1540990402514	Marionette	DEBUG	[6442450945] Received observer notification outer-window-destroyed for 6442450985
JavaScript error: http://192.168.10.124/EdInsight/Form/Curriculum/CurriculumMapStandardsCoverage.aspx?args=s79LFcKIz38I3KnjVa8bnWhzH1zmyTWhI5eUv6UWQv8=, line 1: ReferenceError: False is not defined
1540990402540	Marionette	DEBUG	[6442450945] Received DOM event pageshow for http://192.168.10.124/EdInsight/Form/Curriculum/CurriculumMapStandardsCoverage.aspx?args=s79LFcKIz38I3KnjVa8bnWhzH1zmyTWhI5eUv6UWQv8=
1540990405663	Marionette	DEBUG	[6442450945] Received DOM event beforeunload for http://192.168.10.124/EdInsight/Form/Curriculum/CurriculumMapStandardsCoverage.aspx?args=s79LFcKIz38I3KnjVa8bnWhzH1zmyTWhI5eUv6UWQv8=
1540990405795	Marionette	DEBUG	[6442450945] Received DOM event pagehide for http://192.168.10.124/EdInsight/Form/Curriculum/CurriculumMapStandardsCoverage.aspx?args=s79LFcKIz38I3KnjVa8bnWhzH1zmyTWhI5eUv6UWQv8=
1540990405797	Marionette	DEBUG	[6442450945] Received DOM event unload for http://192.168.10.124/EdInsight/Form/Curriculum/CurriculumMapStandardsCoverage.aspx?args=s79LFcKIz38I3KnjVa8bnWhzH1zmyTWhI5eUv6UWQv8=
1540990406003	Marionette	DEBUG	[6442450945] Received observer notification outer-window-destroyed for 6442450982
1540990406003	Marionette	DEBUG	[6442450945] Received observer notification outer-window-destroyed for 6442450988
1540990406003	Marionette	DEBUG	[6442450945] Received observer notification outer-window-destroyed for 6442450989
1540990406098	Marionette	DEBUG	[6442450945] Received DOM event DOMContentLoaded for http://192.168.10.124/EdInsight/Form/Curriculum/CurriculumMapStandardsCoverage.aspx?args=s79LFcKIz38I3KnjVa8bnTop3o0ziOPnOAt61sDUoJU=
1540990406151	Marionette	DEBUG	[6442450945] Received observer notification outer-window-destroyed for 6442450995
1540990406160	Marionette	DEBUG	[6442450945] Received observer notification outer-window-destroyed for 6442450996
JavaScript error: http://192.168.10.124/EdInsight/Form/Curriculum/CurriculumMapStandardsCoverage.aspx?args=s79LFcKIz38I3KnjVa8bnTop3o0ziOPnOAt61sDUoJU=, line 1: ReferenceError: False is not defined
1540990406187	Marionette	DEBUG	[6442450945] Received DOM event pageshow for http://192.168.10.124/EdInsight/Form/Curriculum/CurriculumMapStandardsCoverage.aspx?args=s79LFcKIz38I3KnjVa8bnTop3o0ziOPnOAt61sDUoJU=
]]></system-err>
  </testcase>
  <testcase name="TCED30202" classname="com.curriculum.Standards_Coverage_Report" time="0.557">
    <failure message="failed to assert textMaps selected: For Automation [Do not Edit and Delete] expected [true] but found [false]" type="java.lang.AssertionError">java.lang.AssertionError: failed to assert textMaps selected: For Automation [Do not Edit and Delete] expected [true] but found [false]
	at org.testng.Assert.fail(Assert.java:96)
	at org.testng.Assert.failNotEquals(Assert.java:776)
	at org.testng.Assert.assertTrue(Assert.java:44)
	at com.curriculum.Analyze_curriculam.TCED29703(Analyze_curriculam.java:115)
	at com.curriculum.Standards_Coverage_Report.TCED30202(Standards_Coverage_Report.java:89)
</failure>
    <system-err><![CDATA[1540990406515	Marionette	DEBUG	[6442450945] Canceled page load listener because no navigation has been detected
1540990406770	Marionette	DEBUG	[6442450945] Canceled page load listener because no navigation has been detected
]]></system-err>
  </testcase>
  <testcase name="TCED30203" classname="com.curriculum.Standards_Coverage_Report" time="2.601"/>
  <testcase name="TCED30204" classname="com.curriculum.Standards_Coverage_Report" time="0.016">
    <failure message="failed to assert text For Automation [Do not Edit and Delete] expected [true] but found [false]" type="java.lang.AssertionError">java.lang.AssertionError: failed to assert text For Automation [Do not Edit and Delete] expected [true] but found [false]
	at org.testng.Assert.fail(Assert.java:96)
	at org.testng.Assert.failNotEquals(Assert.java:776)
	at org.testng.Assert.assertTrue(Assert.java:44)
	at com.curriculum.Analyze_curriculam.TCED29705(Analyze_curriculam.java:187)
	at com.curriculum.Standards_Coverage_Report.TCED30204(Standards_Coverage_Report.java:130)
</failure>
  </testcase>
  <testcase name="TCED30205" classname="com.curriculum.Standards_Coverage_Report" time="1.733"/>
  <testcase name="TCED30206" classname="com.curriculum.Standards_Coverage_Report" time="0.046">
    <failure message="failed to assert text  For Automation [Do not Edit and Delete] expected [true] but found [false]" type="java.lang.AssertionError">java.lang.AssertionError: failed to assert text  For Automation [Do not Edit and Delete] expected [true] but found [false]
	at org.testng.Assert.fail(Assert.java:96)
	at org.testng.Assert.failNotEquals(Assert.java:776)
	at org.testng.Assert.assertTrue(Assert.java:44)
	at com.curriculum.Analyze_curriculam.TCED29707(Analyze_curriculam.java:252)
	at com.curriculum.Standards_Coverage_Report.TCED30206(Standards_Coverage_Report.java:171)
</failure>
  </testcase>
  <testcase name="TCED30207" classname="com.curriculum.Standards_Coverage_Report" time="11.275"/>
  <testcase name="TCED30208" classname="com.curriculum.Standards_Coverage_Report" time="11.335"/>
  <testcase name="TCED30601" classname="com.curriculum.Custom_Reports" time="8.283"/>
  <testcase name="TCED30602" classname="com.curriculum.Custom_Reports" time="0.997"/>
  <testcase name="TCED30603" classname="com.curriculum.Custom_Reports" time="0.964"/>
  <testcase name="TCED30604" classname="com.curriculum.Custom_Reports" time="45.275">
    <failure message="Failed to download document which has extension .PDF expected [true] but found [false]" type="java.lang.AssertionError">java.lang.AssertionError: Failed to download document which has extension .PDF expected [true] but found [false]
	at org.testng.Assert.fail(Assert.java:96)
	at org.testng.Assert.failNotEquals(Assert.java:776)
	at org.testng.Assert.assertTrue(Assert.java:44)
	at com.curriculum.Custom_Reports.TCED30604(Custom_Reports.java:153)
</failure>
    <system-err><![CDATA[1540990449040	Marionette	DEBUG	[6442450970] Received DOM event beforeunload for http://192.168.10.124/EdInsight/Form/Curriculum/CurriculumMapViewReports.aspx?args=s79LFcKIz38I3KnjVa8bnbaS4fEiGt4OYXXSFUiSY3k=
1540990454256	Marionette	DEBUG	[6442450970] Canceled page load listener because no navigation has been detected
1540990455130	addons.productaddons	INFO	sending request to: https://aus5.mozilla.org/update/3/GMP/62.0/20180830143136/WINNT_x86_64-msvc-x64/en-US/release/Windows_NT%2010.0.0.0.17134.286%20(x64)/default/default/update.xml
1540990475137	addons.productaddons	WARN	Failed downloading XML, status: 0, reason: timeout
1540990475137	addons.productaddons	INFO	fetching config from: chrome://global/content/gmp-sources/openh264.json
1540990475138	addons.productaddons	INFO	fetching config from: chrome://global/content/gmp-sources/widevinecdm.json
1540990475140	addons.productaddons	INFO	found plugin: gmp-gmpopenh264
1540990475140	addons.productaddons	INFO	found plugin: gmp-widevinecdm
1540990475653	addons.productaddons	INFO	downloadXHR File download. status=200
1540990475663	addons.productaddons	INFO	Downloaded file will be saved to C:\Users\DEVELO~1\AppData\Local\Temp\tmpaddon-6dba6d
1540990477734	addons.productaddons	INFO	downloadXHR File download. status=200
1540990477739	addons.productaddons	INFO	Downloaded file will be saved to C:\Users\DEVELO~1\AppData\Local\Temp\tmpaddon-262b5f
]]></system-err>
  </testcase>
  <testcase name="TCED30605" classname="com.curriculum.Custom_Reports" time="40.316">
    <failure message="Failed to download document which has extension .DOC expected [true] but found [false]" type="java.lang.AssertionError">java.lang.AssertionError: Failed to download document which has extension .DOC expected [true] but found [false]
	at org.testng.Assert.fail(Assert.java:96)
	at org.testng.Assert.failNotEquals(Assert.java:776)
	at org.testng.Assert.assertTrue(Assert.java:44)
	at com.curriculum.Custom_Reports.TCED30605(Custom_Reports.java:176)
</failure>
    <system-err><![CDATA[1540990494574	Marionette	DEBUG	[6442450970] Canceled page load listener because no navigation has been detected
1540990500057	addons.manager	DEBUG	Background update check beginning
1540990500058	addons.xpi	INFO	Starting system add-on update check from https://aus5.mozilla.org/update/3/SystemAddons/62.0/20180830143136/WINNT_x86_64-msvc-x64/en-US/release/Windows_NT%2010.0.0.0.17134.286%20(x64)/default/default/update.xml.
1540990500059	addons.productaddons	INFO	sending request to: https://aus5.mozilla.org/update/3/SystemAddons/62.0/20180830143136/WINNT_x86_64-msvc-x64/en-US/release/Windows_NT%2010.0.0.0.17134.286%20(x64)/default/default/update.xml
1540990520075	addons.productaddons	WARN	Failed downloading XML, status: 0, reason: timeout
1540990520076	addons.productaddons	INFO	fetching config from: chrome://global/content/gmp-sources/openh264.json
1540990520077	addons.productaddons	INFO	fetching config from: chrome://global/content/gmp-sources/widevinecdm.json
1540990520084	addons.productaddons	INFO	found plugin: gmp-gmpopenh264
1540990520084	addons.productaddons	INFO	found plugin: gmp-widevinecdm
1540990520096	addons.productaddons	INFO	downloadXHR File download. status=200
1540990520102	addons.productaddons	INFO	Downloaded file will be saved to C:\Users\DEVELO~1\AppData\Local\Temp\tmpaddon-bb7185
1540990520154	addons.xpi	ERROR	Failed to download system add-on gmp-gmpopenh264: Error: File C:\Users\DEVELO~1\AppData\Local\Temp\tmpaddon-bb7185 does not contain a valid manifest (resource://gre/modules/addons/XPIInstall.jsm:802:11) JS Stack trace: loadManifest@XPIInstall.jsm:802:11
1540990522061	addons.productaddons	INFO	downloadXHR File download. status=200
1540990522067	addons.productaddons	INFO	Downloaded file will be saved to C:\Users\DEVELO~1\AppData\Local\Temp\tmpaddon-e26e43
1540990522263	addons.webextension.<unknown>	WARN	Loading extension 'null': Reading manifest: Error processing arch: An unexpected property was found in the WebExtension manifest.
1540990522263	addons.webextension.<unknown>	WARN	Loading extension 'null': Reading manifest: Error processing os: An unexpected property was found in the WebExtension manifest.
1540990522264	addons.webextension.<unknown>	WARN	Loading extension 'null': Reading manifest: Error processing x-cdm-codecs: An unexpected property was found in the WebExtension manifest.
1540990522264	addons.webextension.<unknown>	WARN	Loading extension 'null': Reading manifest: Error processing x-cdm-host-versions: An unexpected property was found in the WebExtension manifest.
1540990522264	addons.webextension.<unknown>	WARN	Loading extension 'null': Reading manifest: Error processing x-cdm-interface-versions: An unexpected property was found in the WebExtension manifest.
1540990522264	addons.webextension.<unknown>	WARN	Loading extension 'null': Reading manifest: Error processing x-cdm-module-versions: An unexpected property was found in the WebExtension manifest.
1540990522264	addons.webextension.<unknown>	WARN	Loading extension 'null': Reading manifest: Error processing x-cdm-persistent-license-support: An unexpected property was found in the WebExtension manifest.
1540990522266	addons.xpi-utils	WARN	Add-on undefined is not correctly signed.
1540990522266	addons.xpi-utils	WARN	Add-on undefined is not correctly signed.
1540990522266	addons.manager	WARN	Failed to update system addons: Error: Rejecting updated system add-on set that either could not be downloaded or contained unusable add-ons. (resource://gre/modules/addons/XPIInstall.jsm:3645:13) JS Stack trace: updateSystemAddons@XPIInstall.jsm:3645:13
1540990522267	addons.manager	DEBUG	Background update check complete
1540990531540	addons.manager	DEBUG	Background update check beginning
1540990531542	addons.xpi	INFO	Starting system add-on update check from https://aus5.mozilla.org/update/3/SystemAddons/62.0/20180830143136/WINNT_x86_64-msvc-x64/en-US/release/Windows_NT%2010.0.0.0.17134.286%20(x64)/default/default/update.xml.
1540990531543	addons.productaddons	INFO	sending request to: https://aus5.mozilla.org/update/3/SystemAddons/62.0/20180830143136/WINNT_x86_64-msvc-x64/en-US/release/Windows_NT%2010.0.0.0.17134.286%20(x64)/default/default/update.xml
]]></system-err>
  </testcase>
  <testcase name="TCED30701" classname="com.curriculum.CTE_Competency_List" time="34.979"/>
  <testcase name="TCED30702" classname="com.curriculum.CTE_Competency_List" time="0.914"/>
  <testcase name="TCED30703" classname="com.curriculum.CTE_Competency_List" time="35.523">
    <failure message="Failed to download document which has extension .PDF expected [true] but found [false]" type="java.lang.AssertionError">java.lang.AssertionError: Failed to download document which has extension .PDF expected [true] but found [false]
	at org.testng.Assert.fail(Assert.java:96)
	at org.testng.Assert.failNotEquals(Assert.java:776)
	at org.testng.Assert.assertTrue(Assert.java:44)
	at com.curriculum.CTE_Competency_List.TCED30703(CTE_Competency_List.java:114)
</failure>
    <system-err><![CDATA[1540990575907	Marionette	DEBUG	[6442450970] Received DOM event beforeunload for http://192.168.10.124/EdInsight/Form/shared/ReportDisplay.aspx?args=s79LFcKIz38I3KnjVa8bncXHT+DCu2xJ3DSxTNhWnsm5W5eZ0QUGuZoOc5jl/d1WubhHrmmeU4ZKZDWjAJd0aPnv1CupkkN0ZUunwkotqJWVb54RRZ0Sv06SHKlwCFn4
1540990576414	addons.productaddons	WARN	Failed downloading XML, status: 0, reason: timeout
1540990576414	addons.productaddons	INFO	fetching config from: chrome://global/content/gmp-sources/openh264.json
1540990576415	addons.productaddons	INFO	fetching config from: chrome://global/content/gmp-sources/widevinecdm.json
1540990576416	addons.productaddons	INFO	found plugin: gmp-widevinecdm
1540990576416	addons.productaddons	INFO	found plugin: gmp-gmpopenh264
1540990577012	addons.productaddons	INFO	downloadXHR File download. status=200
1540990577017	addons.productaddons	INFO	Downloaded file will be saved to C:\Users\DEVELO~1\AppData\Local\Temp\tmpaddon-960b08
1540990579240	addons.productaddons	INFO	downloadXHR File download. status=200
1540990579245	addons.productaddons	INFO	Downloaded file will be saved to C:\Users\DEVELO~1\AppData\Local\Temp\tmpaddon-fdea75
1540990581135	Marionette	DEBUG	[6442450970] Canceled page load listener because no navigation has been detected
1540990587689	addons.productaddons	WARN	Failed downloading XML, status: 0, reason: timeout
1540990587690	addons.productaddons	INFO	fetching config from: chrome://global/content/gmp-sources/openh264.json
1540990587692	addons.productaddons	INFO	fetching config from: chrome://global/content/gmp-sources/widevinecdm.json
1540990587696	addons.productaddons	INFO	found plugin: gmp-gmpopenh264
1540990587696	addons.productaddons	INFO	found plugin: gmp-widevinecdm
1540990587707	addons.productaddons	INFO	downloadXHR File download. status=200
1540990587713	addons.productaddons	INFO	Downloaded file will be saved to C:\Users\DEVELO~1\AppData\Local\Temp\tmpaddon-4729ed
1540990587779	addons.xpi	ERROR	Failed to download system add-on gmp-gmpopenh264: Error: File C:\Users\DEVELO~1\AppData\Local\Temp\tmpaddon-4729ed does not contain a valid manifest (resource://gre/modules/addons/XPIInstall.jsm:802:11) JS Stack trace: loadManifest@XPIInstall.jsm:802:11
1540990589518	addons.productaddons	INFO	downloadXHR File download. status=200
1540990589522	addons.productaddons	INFO	Downloaded file will be saved to C:\Users\DEVELO~1\AppData\Local\Temp\tmpaddon-49b794
1540990589729	addons.webextension.<unknown>	WARN	Loading extension 'null': Reading manifest: Error processing arch: An unexpected property was found in the WebExtension manifest.
1540990589729	addons.webextension.<unknown>	WARN	Loading extension 'null': Reading manifest: Error processing os: An unexpected property was found in the WebExtension manifest.
1540990589729	addons.webextension.<unknown>	WARN	Loading extension 'null': Reading manifest: Error processing x-cdm-codecs: An unexpected property was found in the WebExtension manifest.
1540990589729	addons.webextension.<unknown>	WARN	Loading extension 'null': Reading manifest: Error processing x-cdm-host-versions: An unexpected property was found in the WebExtension manifest.
1540990589729	addons.webextension.<unknown>	WARN	Loading extension 'null': Reading manifest: Error processing x-cdm-interface-versions: An unexpected property was found in the WebExtension manifest.
1540990589729	addons.webextension.<unknown>	WARN	Loading extension 'null': Reading manifest: Error processing x-cdm-module-versions: An unexpected property was found in the WebExtension manifest.
1540990589730	addons.webextension.<unknown>	WARN	Loading extension 'null': Reading manifest: Error processing x-cdm-persistent-license-support: An unexpected property was found in the WebExtension manifest.
1540990589732	addons.xpi-utils	WARN	Add-on undefined is not correctly signed.
1540990589732	addons.xpi-utils	WARN	Add-on undefined is not correctly signed.
1540990589732	addons.manager	WARN	Failed to update system addons: Error: Rejecting updated system add-on set that either could not be downloaded or contained unusable add-ons. (resource://gre/modules/addons/XPIInstall.jsm:3645:13) JS Stack trace: updateSystemAddons@XPIInstall.jsm:3645:13
1540990589733	addons.manager	DEBUG	Background update check complete
]]></system-err>
  </testcase>
  <testcase name="TCED30704" classname="com.curriculum.CTE_Competency_List" time="35.813"/>
  <testcase name="TCED30705" classname="com.curriculum.CTE_Competency_List" time="35.98"/>
  <testcase name="TCED34201" classname="com.Home.Assessments" time="11.149"/>
  <testcase name="TCED34202" classname="com.Home.Assessments" time="0.267"/>
  <testcase name="TCED34203" classname="com.Home.Assessments" time="0.842"/>
  <testcase name="TCED34204" classname="com.Home.Assessments" time="0.137"/>
  <testcase name="TCED34205" classname="com.Home.Assessments" time="11.265"/>
  <testcase name="TCED34206" classname="com.Home.Assessments" time="4.491"/>
  <testcase name="TCED34207" classname="com.Home.Assessments" time="0.203"/>
  <testcase name="TCED34208" classname="com.Home.Assessments" time="2.163"/>
  <testcase name="TCED34209" classname="com.Home.Assessments" time="11.32"/>
  <testcase name="TCED34210" classname="com.Home.Assessments" time="4.871"/>
  <testcase name="TCED34211" classname="com.Home.Assessments" time="0.858"/>
  <testcase name="TCED34212" classname="com.Home.Assessments" time="4.836"/>
  <testcase name="TCED34213" classname="com.Home.Assessments" time="11.279"/>
  <testcase name="TCED34214" classname="com.Home.Assessments" time="3.946"/>
  <testcase name="TCED34215" classname="com.Home.Assessments" time="0.172"/>
  <testcase name="TCED34216" classname="com.Home.Assessments" time="11.284"/>
  <testcase name="TCED34301" classname="com.Home.Attendance" time="24.54">
    <failure message="Could not find any element matching &apos;//*[@id=&apos;ctl00_tdContentCell&apos;]/table/tbody/tr[3]/td/div[1]/div[2]&apos;" type="java.lang.AssertionError">java.lang.AssertionError: Could not find any element matching '//*[@id='ctl00_tdContentCell']/table/tbody/tr[3]/td/div[1]/div[2]'
	at Library.BaseClassOne.find(BaseClassOne.java:221)
	at Library.BaseClassOne.getText(BaseClassOne.java:391)
	at Library.BaseClassOne.getText(BaseClassOne.java:341)
	at com.Home.Attendance.TCED34301(Attendance.java:56)
</failure>
    <system-err><![CDATA[1540990767203	geckodriver	INFO	geckodriver 0.20.1
1540990767217	geckodriver	INFO	Listening on 127.0.0.1:4896
1540990767795	mozrunner::runner	INFO	Running command: "C:\\Program Files\\Mozilla Firefox\\firefox.exe" "-marionette" "-profile" "C:\\Users\\DEVELO~1\\AppData\\Local\\Temp\\rust_mozprofile.Yi5awGmykyEM"
1540990767934	addons.manager	DEBUG	Application has been upgraded
1540990768063	addons.manager	DEBUG	Loaded provider scope for resource://gre/modules/addons/XPIProvider.jsm: ["XPIProvider", "XPIInternal"]
1540990768065	addons.manager	DEBUG	Loaded provider scope for resource://gre/modules/LightweightThemeManager.jsm: ["LightweightThemeManager"]
1540990768084	addons.manager	DEBUG	Loaded provider scope for resource://gre/modules/addons/GMPProvider.jsm
1540990768085	addons.manager	DEBUG	Loaded provider scope for resource://gre/modules/addons/PluginProvider.jsm
1540990768086	addons.manager	DEBUG	Starting provider: XPIProvider
1540990768086	addons.xpi	DEBUG	startup
1540990768087	addons.xpi	INFO	SystemAddonLocation directory is missing
1540990768095	addons.xpi	INFO	Removing all system add-on upgrades.
1540990768096	addons.xpi	DEBUG	checkForChanges
1540990768096	addons.xpi	DEBUG	Loaded add-on state: ${}
1540990768097	addons.xpi	DEBUG	New add-on activity-stream@mozilla.org in app-system-defaults
1540990768097	addons.xpi	DEBUG	New add-on aushelper@mozilla.org in app-system-defaults
1540990768098	addons.xpi	DEBUG	New add-on firefox@getpocket.com in app-system-defaults
1540990768098	addons.xpi	DEBUG	New add-on formautofill@mozilla.org in app-system-defaults
1540990768098	addons.xpi	DEBUG	New add-on onboarding@mozilla.org in app-system-defaults
1540990768099	addons.xpi	DEBUG	New add-on screenshots@mozilla.org in app-system-defaults
1540990768099	addons.xpi	DEBUG	New add-on webcompat-reporter@mozilla.org in app-system-defaults
1540990768099	addons.xpi	DEBUG	New add-on webcompat@mozilla.org in app-system-defaults
1540990768100	addons.xpi	DEBUG	scanForChanges changed: true, state: {}
1540990768104	addons.xpi-utils	DEBUG	Error: Synchronously loading the add-ons database (resource://gre/modules/addons/XPIDatabase.jsm:1329:15) JS Stack trace: syncLoadDB@XPIDatabase.jsm:1329:15
checkForChanges@XPIProvider.jsm:2533:9
startup@XPIProvider.jsm:2116:25
callProvider@AddonManager.jsm:206:12
_startProvider@AddonManager.jsm:654:5
startup@AddonManager.jsm:813:9
startup@AddonManager.jsm:2811:5
observe@addonManager.js:66:9
1540990768105	addons.xpi-utils	DEBUG	Starting async load of XPI database C:\Users\Developer\AppData\Local\Temp\rust_mozprofile.Yi5awGmykyEM\extensions.json
1540990768132	addons.xpi-utils	DEBUG	New add-on activity-stream@mozilla.org installed in app-system-defaults
*** Blocklist::_preloadBlocklistFile: blocklist is disabled
1540990768545	addons.xpi-utils	DEBUG	New add-on aushelper@mozilla.org installed in app-system-defaults
1540990768572	addons.xpi-utils	DEBUG	New add-on firefox@getpocket.com installed in app-system-defaults
1540990768578	addons.xpi-utils	DEBUG	New add-on formautofill@mozilla.org installed in app-system-defaults
1540990768584	addons.xpi-utils	DEBUG	New add-on onboarding@mozilla.org installed in app-system-defaults
1540990768589	addons.xpi-utils	DEBUG	New add-on screenshots@mozilla.org installed in app-system-defaults
1540990768598	addons.xpi-utils	DEBUG	New add-on webcompat-reporter@mozilla.org installed in app-system-defaults
1540990768603	addons.xpi-utils	DEBUG	New add-on webcompat@mozilla.org installed in app-system-defaults
1540990768627	addons.xpi-utils	DEBUG	XPI Database saved, setting schema version preference to 27
1540990768697	addons.manager	DEBUG	Registering startup change 'installed' for activity-stream@mozilla.org
1540990768701	addons.xpi	DEBUG	Loading bootstrap scope from C:\Program Files\Mozilla Firefox\browser\features\activity-stream@mozilla.org.xpi
1540990768703	addons.xpi	DEBUG	Calling bootstrap method install on activity-stream@mozilla.org version 2018.08.22.1219-93becf29
1540990768703	addons.xpi-utils	DEBUG	Make addon app-system-defaults:activity-stream@mozilla.org visible
1540990768703	addons.xpi	DEBUG	Updating XPIState for {"id":"activity-stream@mozilla.org","syncGUID":"{65a4e67d-e095-4751-adeb-c2e7d23e808d}","version":"2018.08.22.1219-93becf29","type":"extension","defaultLocale":{"name":"Activity Stream","description":"A rich visual history feed and a reimagined home page make it easier than ever to find exactly what you're looking for in Firefox."},"visible":true,"active":false,"userDisabled":false,"appDisabled":false,"installDate":1535646567086,"updateDate":1535646567086,"applyBackgroundUpdates":1,"path":"C:\\Program Files\\Mozilla Firefox\\browser\\features\\activity-stream@mozilla.org.xpi","skinnable":false,"sourceURI":null,"releaseNotesURI":null,"softDisabled":false,"foreignInstall":false,"strictCompatibility":false,"locales":[],"targetApplications":[{"id":"{ec8030f7-c20a-464f-9b0e-13a3a9e97384}","minVersion":"62.0","maxVersion":"62.*"}],"targetPlatforms":[],"seen":true,"dependencies":[],"hasEmbeddedWebExtension":false,"userPermissions":null,"icons":{},"blocklistState":0,"blocklistURL":null,"startupData":null,"location":"app-system-defaults"}
1540990768704	addons.manager	DEBUG	Registering startup change 'installed' for aushelper@mozilla.org
1540990768704	addons.xpi	DEBUG	Loading bootstrap scope from C:\Program Files\Mozilla Firefox\browser\features\aushelper@mozilla.org.xpi
1540990768706	addons.xpi	DEBUG	Calling bootstrap method install on aushelper@mozilla.org version 2.0
1540990768706	addons.xpi-utils	DEBUG	Make addon app-system-defaults:aushelper@mozilla.org visible
1540990768707	addons.xpi	DEBUG	Updating XPIState for {"id":"aushelper@mozilla.org","syncGUID":"{fc9e6b6f-c865-4340-a9ac-6cbe256d8585}","version":"2.0","type":"extension","defaultLocale":{"name":"Application Update Service Helper","description":"Sets value(s) in the update url based on custom checks."},"visible":true,"active":false,"userDisabled":false,"appDisabled":false,"installDate":1535646567087,"updateDate":1535646567087,"applyBackgroundUpdates":1,"path":"C:\\Program Files\\Mozilla Firefox\\browser\\features\\aushelper@mozilla.org.xpi","skinnable":false,"sourceURI":null,"releaseNotesURI":null,"softDisabled":false,"foreignInstall":false,"strictCompatibility":false,"locales":[],"targetApplications":[{"id":"{ec8030f7-c20a-464f-9b0e-13a3a9e97384}","minVersion":"62.0","maxVersion":"62.*"}],"targetPlatforms":[],"seen":true,"dependencies":[],"hasEmbeddedWebExtension":false,"userPermissions":null,"icons":{},"blocklistState":0,"blocklistURL":null,"startupData":null,"location":"app-system-defaults"}
1540990768707	addons.manager	DEBUG	Registering startup change 'installed' for firefox@getpocket.com
1540990768707	addons.xpi	DEBUG	Loading bootstrap scope from C:\Program Files\Mozilla Firefox\browser\features\firefox@getpocket.com.xpi
1540990768711	addons.xpi	DEBUG	Calling bootstrap method install on firefox@getpocket.com version 1.0.5
1540990768711	addons.xpi-utils	DEBUG	Make addon app-system-defaults:firefox@getpocket.com visible
1540990768711	addons.xpi	DEBUG	Updating XPIState for {"id":"firefox@getpocket.com","syncGUID":"{995aa664-e151-4e2d-8981-82f44b3a6448}","version":"1.0.5","type":"extension","defaultLocale":{"name":"Pocket","description":"When you find something you want to view later, put it in Pocket."},"visible":true,"active":false,"userDisabled":false,"appDisabled":false,"installDate":1535646567092,"updateDate":1535646567092,"applyBackgroundUpdates":1,"path":"C:\\Program Files\\Mozilla Firefox\\browser\\features\\firefox@getpocket.com.xpi","skinnable":false,"sourceURI":null,"releaseNotesURI":null,"softDisabled":false,"foreignInstall":false,"strictCompatibility":false,"locales":[],"targetApplications":[{"id":"{ec8030f7-c20a-464f-9b0e-13a3a9e97384}","minVersion":"62.0","maxVersion":"62.*"}],"targetPlatforms":[],"seen":true,"dependencies":[],"hasEmbeddedWebExtension":false,"userPermissions":null,"icons":{},"blocklistState":0,"blocklistURL":null,"startupData":null,"location":"app-system-defaults"}
1540990768711	addons.manager	DEBUG	Registering startup change 'installed' for formautofill@mozilla.org
1540990768711	addons.xpi	DEBUG	Loading bootstrap scope from C:\Program Files\Mozilla Firefox\browser\features\formautofill@mozilla.org.xpi
1540990768713	addons.xpi	DEBUG	Calling bootstrap method install on formautofill@mozilla.org version 1.0
1540990768713	addons.xpi-utils	DEBUG	Make addon app-system-defaults:formautofill@mozilla.org visible
1540990768713	addons.xpi	DEBUG	Updating XPIState for {"id":"formautofill@mozilla.org","syncGUID":"{cbd0c2b3-1573-4bde-a116-cf189b218d5a}","version":"1.0","type":"extension","defaultLocale":{"name":"Form Autofill","description":"Autofill forms with saved profiles"},"visible":true,"active":false,"userDisabled":false,"appDisabled":false,"installDate":1535646567095,"updateDate":1535646567095,"applyBackgroundUpdates":1,"path":"C:\\Program Files\\Mozilla Firefox\\browser\\features\\formautofill@mozilla.org.xpi","skinnable":false,"sourceURI":null,"releaseNotesURI":null,"softDisabled":false,"foreignInstall":false,"strictCompatibility":false,"locales":[],"targetApplications":[{"id":"{ec8030f7-c20a-464f-9b0e-13a3a9e97384}","minVersion":"62.0","maxVersion":"62.*"}],"targetPlatforms":[],"seen":true,"dependencies":[],"hasEmbeddedWebExtension":false,"userPermissions":null,"icons":{},"blocklistState":0,"blocklistURL":null,"startupData":null,"location":"app-system-defaults"}
1540990768714	addons.manager	DEBUG	Registering startup change 'installed' for onboarding@mozilla.org
1540990768714	addons.xpi	DEBUG	Loading bootstrap scope from C:\Program Files\Mozilla Firefox\browser\features\onboarding@mozilla.org.xpi
1540990768719	addons.xpi	DEBUG	Calling bootstrap method install on onboarding@mozilla.org version 1.0
1540990768719	addons.xpi-utils	DEBUG	Make addon app-system-defaults:onboarding@mozilla.org visible
1540990768719	addons.xpi	DEBUG	Updating XPIState for {"id":"onboarding@mozilla.org","syncGUID":"{c9f08d9a-fb87-4492-8237-6bd6e897d7ff}","version":"1.0","type":"extension","defaultLocale":{"name":"Photon onboarding","description":"Photon onboarding"},"visible":true,"active":false,"userDisabled":false,"appDisabled":false,"installDate":1535646567099,"updateDate":1535646567099,"applyBackgroundUpdates":1,"path":"C:\\Program Files\\Mozilla Firefox\\browser\\features\\onboarding@mozilla.org.xpi","skinnable":false,"sourceURI":null,"releaseNotesURI":null,"softDisabled":false,"foreignInstall":false,"strictCompatibility":false,"locales":[],"targetApplications":[{"id":"{ec8030f7-c20a-464f-9b0e-13a3a9e97384}","minVersion":"62.0","maxVersion":"62.*"}],"targetPlatforms":[],"seen":true,"dependencies":[],"hasEmbeddedWebExtension":false,"userPermissions":null,"icons":{},"blocklistState":0,"blocklistURL":null,"startupData":null,"location":"app-system-defaults"}
1540990768719	addons.manager	DEBUG	Registering startup change 'installed' for screenshots@mozilla.org
1540990768720	addons.xpi	DEBUG	Loading bootstrap scope from C:\Program Files\Mozilla Firefox\browser\features\screenshots@mozilla.org.xpi
1540990768722	addons.xpi	DEBUG	Calling bootstrap method install on screenshots@mozilla.org version 33.0.0
1540990768722	addons.xpi-utils	DEBUG	Make addon app-system-defaults:screenshots@mozilla.org visible
1540990768722	addons.xpi	DEBUG	Updating XPIState for {"id":"screenshots@mozilla.org","syncGUID":"{9becd3f2-4154-4b00-9182-ff2339e9780b}","version":"33.0.0","type":"extension","defaultLocale":{"name":"Firefox Screenshots","homepageURL":"https://screenshots.firefox.com/"},"visible":true,"active":false,"userDisabled":false,"appDisabled":false,"installDate":1535646567105,"updateDate":1535646567105,"applyBackgroundUpdates":1,"path":"C:\\Program Files\\Mozilla Firefox\\browser\\features\\screenshots@mozilla.org.xpi","skinnable":false,"sourceURI":null,"releaseNotesURI":null,"softDisabled":false,"foreignInstall":false,"strictCompatibility":false,"locales":[],"targetApplications":[{"id":"{ec8030f7-c20a-464f-9b0e-13a3a9e97384}","minVersion":"57.0a1","maxVersion":"*"}],"targetPlatforms":[],"seen":true,"dependencies":[],"hasEmbeddedWebExtension":false,"userPermissions":null,"icons":{},"blocklistState":0,"blocklistURL":null,"startupData":null,"location":"app-system-defaults"}
1540990768722	addons.manager	DEBUG	Registering startup change 'installed' for webcompat-reporter@mozilla.org
1540990768722	addons.xpi	DEBUG	Loading bootstrap scope from C:\Program Files\Mozilla Firefox\browser\features\webcompat-reporter@mozilla.org.xpi
1540990768724	addons.xpi	DEBUG	Calling bootstrap method install on webcompat-reporter@mozilla.org version 1.0.0
1540990768724	addons.xpi-utils	DEBUG	Make addon app-system-defaults:webcompat-reporter@mozilla.org visible
1540990768724	addons.xpi	DEBUG	Updating XPIState for {"id":"webcompat-reporter@mozilla.org","syncGUID":"{e96472aa-891d-4ce6-b630-f329a836ba67}","version":"1.0.0","type":"extension","defaultLocale":{"name":"WebCompat Reporter","description":"Report site compatibility issues on webcompat.com."},"visible":true,"active":false,"userDisabled":false,"appDisabled":false,"installDate":1535646567106,"updateDate":1535646567106,"applyBackgroundUpdates":1,"path":"C:\\Program Files\\Mozilla Firefox\\browser\\features\\webcompat-reporter@mozilla.org.xpi","skinnable":false,"sourceURI":null,"releaseNotesURI":null,"softDisabled":false,"foreignInstall":false,"strictCompatibility":false,"locales":[],"targetApplications":[{"id":"{ec8030f7-c20a-464f-9b0e-13a3a9e97384}","minVersion":"62.0","maxVersion":"62.*"}],"targetPlatforms":[],"seen":true,"dependencies":[],"hasEmbeddedWebExtension":false,"userPermissions":null,"icons":{},"blocklistState":0,"blocklistURL":null,"startupData":null,"location":"app-system-defaults"}
1540990768724	addons.manager	DEBUG	Registering startup change 'installed' for webcompat@mozilla.org
1540990768724	addons.xpi	DEBUG	Loading bootstrap scope from C:\Program Files\Mozilla Firefox\browser\features\webcompat@mozilla.org.xpi
1540990768726	addons.xpi	DEBUG	Calling bootstrap method install on webcompat@mozilla.org version 2.0
1540990768726	addons.xpi-utils	DEBUG	Make addon app-system-defaults:webcompat@mozilla.org visible
1540990768726	addons.xpi	DEBUG	Updating XPIState for {"id":"webcompat@mozilla.org","syncGUID":"{8e3edc46-074e-411d-a287-0164c1532c48}","version":"2.0","type":"extension","defaultLocale":{"name":"Web Compat","description":"Urgent post-release fixes for web compatibility."},"visible":true,"active":false,"userDisabled":false,"appDisabled":false,"installDate":1535646567106,"updateDate":1535646567106,"applyBackgroundUpdates":1,"path":"C:\\Program Files\\Mozilla Firefox\\browser\\features\\webcompat@mozilla.org.xpi","skinnable":false,"sourceURI":null,"releaseNotesURI":null,"softDisabled":false,"foreignInstall":false,"strictCompatibility":false,"locales":[],"targetApplications":[{"id":"{ec8030f7-c20a-464f-9b0e-13a3a9e97384}","minVersion":"62.0","maxVersion":"62.*"},{"id":"{aa3c5121-dab2-40e2-81ca-7ea25febc110}","minVersion":"62.0","maxVersion":"62.*"}],"targetPlatforms":[],"seen":true,"dependencies":[],"hasEmbeddedWebExtension":true,"userPermissions":null,"icons":{},"blocklistState":0,"blocklistURL":null,"startupData":null,"location":"app-system-defaults"}
1540990768726	addons.xpi	DEBUG	Updating XPIState for {"id":"activity-stream@mozilla.org","syncGUID":"{65a4e67d-e095-4751-adeb-c2e7d23e808d}","version":"2018.08.22.1219-93becf29","type":"extension","defaultLocale":{"name":"Activity Stream","description":"A rich visual history feed and a reimagined home page make it easier than ever to find exactly what you're looking for in Firefox."},"visible":true,"active":true,"userDisabled":false,"appDisabled":false,"installDate":1535646567086,"updateDate":1535646567086,"applyBackgroundUpdates":1,"path":"C:\\Program Files\\Mozilla Firefox\\browser\\features\\activity-stream@mozilla.org.xpi","skinnable":false,"sourceURI":null,"releaseNotesURI":null,"softDisabled":false,"foreignInstall":false,"strictCompatibility":false,"locales":[],"targetApplications":[{"id":"{ec8030f7-c20a-464f-9b0e-13a3a9e97384}","minVersion":"62.0","maxVersion":"62.*"}],"targetPlatforms":[],"seen":true,"dependencies":[],"hasEmbeddedWebExtension":false,"userPermissions":null,"icons":{},"blocklistState":0,"blocklistURL":null,"startupData":null,"location":"app-system-defaults"}
1540990768727	addons.xpi	DEBUG	Updating XPIState for {"id":"aushelper@mozilla.org","syncGUID":"{fc9e6b6f-c865-4340-a9ac-6cbe256d8585}","version":"2.0","type":"extension","defaultLocale":{"name":"Application Update Service Helper","description":"Sets value(s) in the update url based on custom checks."},"visible":true,"active":true,"userDisabled":false,"appDisabled":false,"installDate":1535646567087,"updateDate":1535646567087,"applyBackgroundUpdates":1,"path":"C:\\Program Files\\Mozilla Firefox\\browser\\features\\aushelper@mozilla.org.xpi","skinnable":false,"sourceURI":null,"releaseNotesURI":null,"softDisabled":false,"foreignInstall":false,"strictCompatibility":false,"locales":[],"targetApplications":[{"id":"{ec8030f7-c20a-464f-9b0e-13a3a9e97384}","minVersion":"62.0","maxVersion":"62.*"}],"targetPlatforms":[],"seen":true,"dependencies":[],"hasEmbeddedWebExtension":false,"userPermissions":null,"icons":{},"blocklistState":0,"blocklistURL":null,"startupData":null,"location":"app-system-defaults"}
1540990768733	addons.xpi	DEBUG	Updating XPIState for {"id":"firefox@getpocket.com","syncGUID":"{995aa664-e151-4e2d-8981-82f44b3a6448}","version":"1.0.5","type":"extension","defaultLocale":{"name":"Pocket","description":"When you find something you want to view later, put it in Pocket."},"visible":true,"active":true,"userDisabled":false,"appDisabled":false,"installDate":1535646567092,"updateDate":1535646567092,"applyBackgroundUpdates":1,"path":"C:\\Program Files\\Mozilla Firefox\\browser\\features\\firefox@getpocket.com.xpi","skinnable":false,"sourceURI":null,"releaseNotesURI":null,"softDisabled":false,"foreignInstall":false,"strictCompatibility":false,"locales":[],"targetApplications":[{"id":"{ec8030f7-c20a-464f-9b0e-13a3a9e97384}","minVersion":"62.0","maxVersion":"62.*"}],"targetPlatforms":[],"seen":true,"dependencies":[],"hasEmbeddedWebExtension":false,"userPermissions":null,"icons":{},"blocklistState":0,"blocklistURL":null,"startupData":null,"location":"app-system-defaults"}
1540990768733	addons.xpi	DEBUG	Updating XPIState for {"id":"formautofill@mozilla.org","syncGUID":"{cbd0c2b3-1573-4bde-a116-cf189b218d5a}","version":"1.0","type":"extension","defaultLocale":{"name":"Form Autofill","description":"Autofill forms with saved profiles"},"visible":true,"active":true,"userDisabled":false,"appDisabled":false,"installDate":1535646567095,"updateDate":1535646567095,"applyBackgroundUpdates":1,"path":"C:\\Program Files\\Mozilla Firefox\\browser\\features\\formautofill@mozilla.org.xpi","skinnable":false,"sourceURI":null,"releaseNotesURI":null,"softDisabled":false,"foreignInstall":false,"strictCompatibility":false,"locales":[],"targetApplications":[{"id":"{ec8030f7-c20a-464f-9b0e-13a3a9e97384}","minVersion":"62.0","maxVersion":"62.*"}],"targetPlatforms":[],"seen":true,"dependencies":[],"hasEmbeddedWebExtension":false,"userPermissions":null,"icons":{},"blocklistState":0,"blocklistURL":null,"startupData":null,"location":"app-system-defaults"}
1540990768733	addons.xpi	DEBUG	Updating XPIState for {"id":"onboarding@mozilla.org","syncGUID":"{c9f08d9a-fb87-4492-8237-6bd6e897d7ff}","version":"1.0","type":"extension","defaultLocale":{"name":"Photon onboarding","description":"Photon onboarding"},"visible":true,"active":true,"userDisabled":false,"appDisabled":false,"installDate":1535646567099,"updateDate":1535646567099,"applyBackgroundUpdates":1,"path":"C:\\Program Files\\Mozilla Firefox\\browser\\features\\onboarding@mozilla.org.xpi","skinnable":false,"sourceURI":null,"releaseNotesURI":null,"softDisabled":false,"foreignInstall":false,"strictCompatibility":false,"locales":[],"targetApplications":[{"id":"{ec8030f7-c20a-464f-9b0e-13a3a9e97384}","minVersion":"62.0","maxVersion":"62.*"}],"targetPlatforms":[],"seen":true,"dependencies":[],"hasEmbeddedWebExtension":false,"userPermissions":null,"icons":{},"blocklistState":0,"blocklistURL":null,"startupData":null,"location":"app-system-defaults"}
1540990768734	addons.xpi	DEBUG	Updating XPIState for {"id":"screenshots@mozilla.org","syncGUID":"{9becd3f2-4154-4b00-9182-ff2339e9780b}","version":"33.0.0","type":"extension","defaultLocale":{"name":"Firefox Screenshots","homepageURL":"https://screenshots.firefox.com/"},"visible":true,"active":true,"userDisabled":false,"appDisabled":false,"installDate":1535646567105,"updateDate":1535646567105,"applyBackgroundUpdates":1,"path":"C:\\Program Files\\Mozilla Firefox\\browser\\features\\screenshots@mozilla.org.xpi","skinnable":false,"sourceURI":null,"releaseNotesURI":null,"softDisabled":false,"foreignInstall":false,"strictCompatibility":false,"locales":[],"targetApplications":[{"id":"{ec8030f7-c20a-464f-9b0e-13a3a9e97384}","minVersion":"57.0a1","maxVersion":"*"}],"targetPlatforms":[],"seen":true,"dependencies":[],"hasEmbeddedWebExtension":false,"userPermissions":null,"icons":{},"blocklistState":0,"blocklistURL":null,"startupData":null,"location":"app-system-defaults"}
1540990768734	addons.xpi	DEBUG	Updating XPIState for {"id":"webcompat-reporter@mozilla.org","syncGUID":"{e96472aa-891d-4ce6-b630-f329a836ba67}","version":"1.0.0","type":"extension","defaultLocale":{"name":"WebCompat Reporter","description":"Report site compatibility issues on webcompat.com."},"visible":true,"active":true,"userDisabled":false,"appDisabled":false,"installDate":1535646567106,"updateDate":1535646567106,"applyBackgroundUpdates":1,"path":"C:\\Program Files\\Mozilla Firefox\\browser\\features\\webcompat-reporter@mozilla.org.xpi","skinnable":false,"sourceURI":null,"releaseNotesURI":null,"softDisabled":false,"foreignInstall":false,"strictCompatibility":false,"locales":[],"targetApplications":[{"id":"{ec8030f7-c20a-464f-9b0e-13a3a9e97384}","minVersion":"62.0","maxVersion":"62.*"}],"targetPlatforms":[],"seen":true,"dependencies":[],"hasEmbeddedWebExtension":false,"userPermissions":null,"icons":{},"blocklistState":0,"blocklistURL":null,"startupData":null,"location":"app-system-defaults"}
1540990768753	addons.xpi	DEBUG	Updating XPIState for {"id":"webcompat@mozilla.org","syncGUID":"{8e3edc46-074e-411d-a287-0164c1532c48}","version":"2.0","type":"extension","defaultLocale":{"name":"Web Compat","description":"Urgent post-release fixes for web compatibility."},"visible":true,"active":true,"userDisabled":false,"appDisabled":false,"installDate":1535646567106,"updateDate":1535646567106,"applyBackgroundUpdates":1,"path":"C:\\Program Files\\Mozilla Firefox\\browser\\features\\webcompat@mozilla.org.xpi","skinnable":false,"sourceURI":null,"releaseNotesURI":null,"softDisabled":false,"foreignInstall":false,"strictCompatibility":false,"locales":[],"targetApplications":[{"id":"{ec8030f7-c20a-464f-9b0e-13a3a9e97384}","minVersion":"62.0","maxVersion":"62.*"},{"id":"{aa3c5121-dab2-40e2-81ca-7ea25febc110}","minVersion":"62.0","maxVersion":"62.*"}],"targetPlatforms":[],"seen":true,"dependencies":[],"hasEmbeddedWebExtension":true,"userPermissions":null,"icons":{},"blocklistState":0,"blocklistURL":null,"startupData":null,"location":"app-system-defaults"}
1540990768754	addons.xpi-utils	DEBUG	Updating add-on states
1540990768756	addons.xpi	DEBUG	Registering manifest for C:\Program Files\Mozilla Firefox\browser\features\activity-stream@mozilla.org.xpi
1540990768757	addons.xpi	DEBUG	Calling bootstrap method startup on activity-stream@mozilla.org version 2018.08.22.1219-93becf29
1540990768758	addons.xpi	DEBUG	Registering manifest for C:\Program Files\Mozilla Firefox\browser\features\aushelper@mozilla.org.xpi
1540990768759	addons.xpi	DEBUG	Calling bootstrap method startup on aushelper@mozilla.org version 2.0
1540990768760	addons.xpi	DEBUG	Registering manifest for C:\Program Files\Mozilla Firefox\browser\features\firefox@getpocket.com.xpi
1540990768761	addons.xpi	DEBUG	Calling bootstrap method startup on firefox@getpocket.com version 1.0.5
1540990768765	addons.xpi	DEBUG	Registering manifest for C:\Program Files\Mozilla Firefox\browser\features\formautofill@mozilla.org.xpi
1540990768766	addons.xpi	DEBUG	Calling bootstrap method startup on formautofill@mozilla.org version 1.0
1540990768766	addons.xpi	DEBUG	Registering manifest for C:\Program Files\Mozilla Firefox\browser\features\onboarding@mozilla.org.xpi
1540990768767	addons.xpi	DEBUG	Calling bootstrap method startup on onboarding@mozilla.org version 1.0
1540990768768	addons.xpi	DEBUG	Registering manifest for C:\Program Files\Mozilla Firefox\browser\features\screenshots@mozilla.org.xpi
1540990768768	addons.xpi	DEBUG	Calling bootstrap method startup on screenshots@mozilla.org version 33.0.0
1540990768768	addons.xpi	DEBUG	Registering manifest for C:\Program Files\Mozilla Firefox\browser\features\webcompat-reporter@mozilla.org.xpi
1540990768769	addons.xpi	DEBUG	Calling bootstrap method startup on webcompat-reporter@mozilla.org version 1.0.0
1540990768769	addons.xpi	DEBUG	Registering manifest for C:\Program Files\Mozilla Firefox\browser\features\webcompat@mozilla.org.xpi
1540990768771	addons.xpi	DEBUG	Calling bootstrap method startup on webcompat@mozilla.org version 2.0
1540990768772	addons.manager	DEBUG	Registering shutdown blocker for XPIProvider
1540990768773	addons.manager	DEBUG	Provider finished startup: XPIProvider
1540990768773	addons.manager	DEBUG	Starting provider: LightweightThemeManager
1540990768773	addons.manager	DEBUG	Registering shutdown blocker for LightweightThemeManager
1540990768773	addons.manager	DEBUG	Provider finished startup: LightweightThemeManager
1540990768773	addons.manager	DEBUG	Starting provider: GMPProvider
1540990768775	addons.manager	DEBUG	Registering shutdown blocker for GMPProvider
1540990768775	addons.manager	DEBUG	Provider finished startup: GMPProvider
1540990768775	addons.manager	DEBUG	Starting provider: PluginProvider
1540990768775	addons.manager	DEBUG	Registering shutdown blocker for PluginProvider
1540990768775	addons.manager	DEBUG	Provider finished startup: PluginProvider
1540990768776	addons.manager	DEBUG	Completed startup sequence
1540990770640	addons.xpi	DEBUG	Existing add-on activity-stream@mozilla.org in app-system-defaults
1540990770640	addons.xpi	DEBUG	Existing add-on aushelper@mozilla.org in app-system-defaults
1540990770641	addons.xpi	DEBUG	Existing add-on firefox@getpocket.com in app-system-defaults
1540990770641	addons.xpi	DEBUG	Existing add-on formautofill@mozilla.org in app-system-defaults
1540990770641	addons.xpi	DEBUG	Existing add-on onboarding@mozilla.org in app-system-defaults
1540990770641	addons.xpi	DEBUG	Existing add-on screenshots@mozilla.org in app-system-defaults
1540990770641	addons.xpi	DEBUG	Existing add-on webcompat-reporter@mozilla.org in app-system-defaults
1540990770641	addons.xpi	DEBUG	Existing add-on webcompat@mozilla.org in app-system-defaults
1540990770641	addons.xpi	DEBUG	scanForChanges changed: false, state: {}
1540990771798	Marionette	INFO	Listening on port 50258
1540990772007	Marionette	WARN	TLS certificate errors will be ignored for this session
1540990772031	Marionette	DEBUG	[6442450945] Frame script loaded
1540990772032	Marionette	DEBUG	[6442450945] Frame script registered
Oct 31, 2018 6:29:32 PM org.openqa.selenium.remote.ProtocolHandshake createSession
INFO: Detected dialect: W3C
1540990772146	Marionette	DEBUG	[6442450945] Received DOM event beforeunload for about:blank
1540990772243	Marionette	DEBUG	[6442450945] Received DOM event pagehide for about:blank
JavaScript error: http://192.168.10.124/Edinsight/Login.aspx, line 148: ReferenceError: search is not defined
1540990772496	Marionette	DEBUG	[6442450945] Received DOM event DOMContentLoaded for http://192.168.10.124/Edinsight/Login.aspx
1540990773020	Marionette	DEBUG	[6442450945] Received DOM event pageshow for http://192.168.10.124/Edinsight/Login.aspx
1540990773028	Marionette	DEBUG	[6442450945] Received DOM event beforeunload for http://192.168.10.124/Edinsight/Login.aspx
1540990773067	Marionette	DEBUG	[6442450945] Received DOM event pagehide for http://192.168.10.124/Edinsight/Login.aspx
1540990773068	Marionette	DEBUG	[6442450945] Received DOM event unload for http://192.168.10.124/Edinsight/Login.aspx
JavaScript error: http://192.168.10.124/Edinsight/Login.aspx, line 148: ReferenceError: search is not defined
1540990773260	Marionette	DEBUG	[6442450945] Received DOM event DOMContentLoaded for http://192.168.10.124/Edinsight/Login.aspx
1540990773301	Marionette	DEBUG	[6442450945] Received DOM event pageshow for http://192.168.10.124/Edinsight/Login.aspx
1540990777011	Marionette	DEBUG	[6442450945] Received DOM event beforeunload for http://192.168.10.124/Edinsight/Login.aspx
1540990777791	Marionette	DEBUG	[6442450945] Received DOM event pagehide for http://192.168.10.124/Edinsight/Login.aspx
1540990777792	Marionette	DEBUG	[6442450945] Received DOM event unload for http://192.168.10.124/Edinsight/Login.aspx
1540990778283	Marionette	DEBUG	[6442450945] Received DOM event DOMContentLoaded for http://192.168.10.124/Edinsight/Dashboards/Dashboard.aspx?args=xVNF9/EmdfyYlZO24Xg2+uV04PVJmgZgtem/Imousj+kM7yoAoNbmuidFBz7eEAwZoG2v3Ew+4zgPg5SzyQiDAvUbKHPbZKziAlU7Qb+baQ=
1540990778435	Marionette	DEBUG	[6442450945] Received observer notification outer-window-destroyed for 6442450951
1540990778448	Marionette	DEBUG	[6442450945] Received observer notification outer-window-destroyed for 6442450952
JavaScript error: http://192.168.10.124/Edinsight/Dashboards/Dashboard.aspx?args=xVNF9/EmdfyYlZO24Xg2+uV04PVJmgZgtem/Imousj+kM7yoAoNbmuidFBz7eEAwZoG2v3Ew+4zgPg5SzyQiDAvUbKHPbZKziAlU7Qb+baQ=, line 1: ReferenceError: False is not defined
1540990778515	Marionette	DEBUG	[6442450945] Received DOM event pageshow for http://192.168.10.124/Edinsight/Dashboards/Dashboard.aspx?args=xVNF9/EmdfyYlZO24Xg2+uV04PVJmgZgtem/Imousj+kM7yoAoNbmuidFBz7eEAwZoG2v3Ew+4zgPg5SzyQiDAvUbKHPbZKziAlU7Qb+baQ=
1540990778705	Marionette	DEBUG	[6442450945] Received DOM event beforeunload for http://192.168.10.124/Edinsight/Dashboards/Dashboard.aspx?args=xVNF9/EmdfyYlZO24Xg2+uV04PVJmgZgtem/Imousj+kM7yoAoNbmuidFBz7eEAwZoG2v3Ew+4zgPg5SzyQiDAvUbKHPbZKziAlU7Qb+baQ=
1540990779122	addons.manager	DEBUG	Background update check beginning
1540990779124	addons.xpi	INFO	Starting system add-on update check from https://aus5.mozilla.org/update/3/SystemAddons/62.0/20180830143136/WINNT_x86_64-msvc-x64/en-US/release/Windows_NT%2010.0.0.0.17134.286%20(x64)/default/default/update.xml.
1540990779125	addons.productaddons	INFO	sending request to: https://aus5.mozilla.org/update/3/SystemAddons/62.0/20180830143136/WINNT_x86_64-msvc-x64/en-US/release/Windows_NT%2010.0.0.0.17134.286%20(x64)/default/default/update.xml
1540990779463	Marionette	DEBUG	[6442450945] Received DOM event pagehide for http://192.168.10.124/Edinsight/Dashboards/Dashboard.aspx?args=xVNF9/EmdfyYlZO24Xg2+uV04PVJmgZgtem/Imousj+kM7yoAoNbmuidFBz7eEAwZoG2v3Ew+4zgPg5SzyQiDAvUbKHPbZKziAlU7Qb+baQ=
1540990779465	Marionette	DEBUG	[6442450945] Received DOM event unload for http://192.168.10.124/Edinsight/Dashboards/Dashboard.aspx?args=xVNF9/EmdfyYlZO24Xg2+uV04PVJmgZgtem/Imousj+kM7yoAoNbmuidFBz7eEAwZoG2v3Ew+4zgPg5SzyQiDAvUbKHPbZKziAlU7Qb+baQ=
1540990779642	Marionette	DEBUG	[6442450945] Received observer notification outer-window-destroyed for 6442450955
1540990779643	Marionette	DEBUG	[6442450945] Received observer notification outer-window-destroyed for 6442450956
1540990779834	Marionette	DEBUG	[6442450945] Received DOM event DOMContentLoaded for http://192.168.10.124/EdInsight/Form/SUPERINTENDENT/SuperintendentStudents.aspx?args=s79LFcKIz38I3KnjVa8bnQcRyvs9bpEbz7nudPvu5KJpEQRagJoIku3hnDoxUATvaPWCx/p8bFVboF60aHKUv3q+J2kFCgSVAiv3C9g5gzjZdJ/dgnhWevW/sqVoeL7O
1540990779911	Marionette	DEBUG	[6442450945] Received observer notification outer-window-destroyed for 6442450962
1540990779912	Marionette	DEBUG	[6442450945] Received observer notification outer-window-destroyed for 6442450963
JavaScript error: http://192.168.10.124/EdInsight/Form/SUPERINTENDENT/SuperintendentStudents.aspx?args=s79LFcKIz38I3KnjVa8bnQcRyvs9bpEbz7nudPvu5KJpEQRagJoIku3hnDoxUATvaPWCx/p8bFVboF60aHKUv3q+J2kFCgSVAiv3C9g5gzjZdJ/dgnhWevW/sqVoeL7O, line 1: ReferenceError: False is not defined
1540990779964	Marionette	DEBUG	[6442450945] Received DOM event pageshow for http://192.168.10.124/EdInsight/Form/SUPERINTENDENT/SuperintendentStudents.aspx?args=s79LFcKIz38I3KnjVa8bnQcRyvs9bpEbz7nudPvu5KJpEQRagJoIku3hnDoxUATvaPWCx/p8bFVboF60aHKUv3q+J2kFCgSVAiv3C9g5gzjZdJ/dgnhWevW/sqVoeL7O
1540990780307	Marionette	DEBUG	[6442450945] Canceled page load listener because no navigation has been detected
1540990780357	Marionette	DEBUG	[6442450945] Received DOM event beforeunload for http://192.168.10.124/EdInsight/Form/SUPERINTENDENT/SuperintendentStudents.aspx?args=s79LFcKIz38I3KnjVa8bnQcRyvs9bpEbz7nudPvu5KJpEQRagJoIku3hnDoxUATvaPWCx/p8bFVboF60aHKUv3q+J2kFCgSVAiv3C9g5gzjZdJ/dgnhWevW/sqVoeL7O
1540990780544	Marionette	DEBUG	[6442450945] Received DOM event pagehide for http://192.168.10.124/EdInsight/Form/SUPERINTENDENT/SuperintendentStudents.aspx?args=s79LFcKIz38I3KnjVa8bnQcRyvs9bpEbz7nudPvu5KJpEQRagJoIku3hnDoxUATvaPWCx/p8bFVboF60aHKUv3q+J2kFCgSVAiv3C9g5gzjZdJ/dgnhWevW/sqVoeL7O
1540990780547	Marionette	DEBUG	[6442450945] Received DOM event unload for http://192.168.10.124/EdInsight/Form/SUPERINTENDENT/SuperintendentStudents.aspx?args=s79LFcKIz38I3KnjVa8bnQcRyvs9bpEbz7nudPvu5KJpEQRagJoIku3hnDoxUATvaPWCx/p8bFVboF60aHKUv3q+J2kFCgSVAiv3C9g5gzjZdJ/dgnhWevW/sqVoeL7O
1540990780770	Marionette	DEBUG	[6442450945] Received observer notification outer-window-destroyed for 6442450960
1540990780773	Marionette	DEBUG	[6442450945] Received observer notification outer-window-destroyed for 6442450966
1540990780773	Marionette	DEBUG	[6442450945] Received observer notification outer-window-destroyed for 6442450967
1540990780888	Marionette	DEBUG	[6442450945] Received DOM event DOMContentLoaded for http://192.168.10.124/EdInsight/Form/SUPERINTENDENT/SuperintendentStudents.aspx?args=s79LFcKIz38I3KnjVa8bnUMtnMdUYF4ZnP4N0b1ygpV+8kDVtruVPifxVABmLINSHdj7uh3PLAi9l2S9YkfHvXTyoafhgKUO5f6QGqPqNu6CvY3IDrwYIySpmLchH+6b
1540990780996	Marionette	DEBUG	[6442450945] Received observer notification outer-window-destroyed for 6442450973
1540990780998	Marionette	DEBUG	[6442450945] Received observer notification outer-window-destroyed for 6442450974
JavaScript error: http://192.168.10.124/EdInsight/Form/SUPERINTENDENT/SuperintendentStudents.aspx?args=s79LFcKIz38I3KnjVa8bnUMtnMdUYF4ZnP4N0b1ygpV+8kDVtruVPifxVABmLINSHdj7uh3PLAi9l2S9YkfHvXTyoafhgKUO5f6QGqPqNu6CvY3IDrwYIySpmLchH+6b, line 1: ReferenceError: False is not defined
1540990781032	Marionette	DEBUG	[6442450945] Received DOM event pageshow for http://192.168.10.124/EdInsight/Form/SUPERINTENDENT/SuperintendentStudents.aspx?args=s79LFcKIz38I3KnjVa8bnUMtnMdUYF4ZnP4N0b1ygpV+8kDVtruVPifxVABmLINSHdj7uh3PLAi9l2S9YkfHvXTyoafhgKUO5f6QGqPqNu6CvY3IDrwYIySpmLchH+6b
1540990781086	Marionette	DEBUG	[6442450945] Received DOM event beforeunload for http://192.168.10.124/EdInsight/Form/SUPERINTENDENT/SuperintendentStudents.aspx?args=s79LFcKIz38I3KnjVa8bnUMtnMdUYF4ZnP4N0b1ygpV+8kDVtruVPifxVABmLINSHdj7uh3PLAi9l2S9YkfHvXTyoafhgKUO5f6QGqPqNu6CvY3IDrwYIySpmLchH+6b
1540990781276	Marionette	DEBUG	[6442450945] Received DOM event pagehide for http://192.168.10.124/EdInsight/Form/SUPERINTENDENT/SuperintendentStudents.aspx?args=s79LFcKIz38I3KnjVa8bnUMtnMdUYF4ZnP4N0b1ygpV+8kDVtruVPifxVABmLINSHdj7uh3PLAi9l2S9YkfHvXTyoafhgKUO5f6QGqPqNu6CvY3IDrwYIySpmLchH+6b
1540990781279	Marionette	DEBUG	[6442450945] Received DOM event unload for http://192.168.10.124/EdInsight/Form/SUPERINTENDENT/SuperintendentStudents.aspx?args=s79LFcKIz38I3KnjVa8bnUMtnMdUYF4ZnP4N0b1ygpV+8kDVtruVPifxVABmLINSHdj7uh3PLAi9l2S9YkfHvXTyoafhgKUO5f6QGqPqNu6CvY3IDrwYIySpmLchH+6b
1540990781453	Marionette	DEBUG	[6442450945] Received observer notification outer-window-destroyed for 6442450971
1540990781453	Marionette	DEBUG	[6442450945] Received observer notification outer-window-destroyed for 6442450977
1540990781454	Marionette	DEBUG	[6442450945] Received observer notification outer-window-destroyed for 6442450978
1540990781519	Marionette	DEBUG	[6442450945] Received DOM event DOMContentLoaded for http://192.168.10.124/EdInsight/Form/Student/StudentDisplay.aspx?args=s79LFcKIz38I3KnjVa8bnV6vzgeA4Wit6GBddbaKMUSnXHNuZsZ5E+kPF096hY465aw2gHrlkGrUE3dQlm74Iw==
1540990781592	Marionette	DEBUG	[6442450945] Received observer notification outer-window-destroyed for 6442450984
1540990781594	Marionette	DEBUG	[6442450945] Received observer notification outer-window-destroyed for 6442450985
JavaScript error: http://192.168.10.124/EdInsight/Form/Student/StudentDisplay.aspx?args=s79LFcKIz38I3KnjVa8bnV6vzgeA4Wit6GBddbaKMUSnXHNuZsZ5E+kPF096hY465aw2gHrlkGrUE3dQlm74Iw==, line 1: ReferenceError: False is not defined
1540990781631	Marionette	DEBUG	[6442450945] Received DOM event pageshow for http://192.168.10.124/EdInsight/Form/Student/StudentDisplay.aspx?args=s79LFcKIz38I3KnjVa8bnV6vzgeA4Wit6GBddbaKMUSnXHNuZsZ5E+kPF096hY465aw2gHrlkGrUE3dQlm74Iw==
1540990781680	Marionette	DEBUG	[6442450945] Received DOM event beforeunload for http://192.168.10.124/EdInsight/Form/Student/StudentDisplay.aspx?args=s79LFcKIz38I3KnjVa8bnV6vzgeA4Wit6GBddbaKMUSnXHNuZsZ5E+kPF096hY465aw2gHrlkGrUE3dQlm74Iw==
1540990782228	Marionette	DEBUG	[6442450945] Received DOM event pagehide for http://192.168.10.124/EdInsight/Form/Student/StudentDisplay.aspx?args=s79LFcKIz38I3KnjVa8bnV6vzgeA4Wit6GBddbaKMUSnXHNuZsZ5E+kPF096hY465aw2gHrlkGrUE3dQlm74Iw==
1540990782229	Marionette	DEBUG	[6442450945] Received DOM event unload for http://192.168.10.124/EdInsight/Form/Student/StudentDisplay.aspx?args=s79LFcKIz38I3KnjVa8bnV6vzgeA4Wit6GBddbaKMUSnXHNuZsZ5E+kPF096hY465aw2gHrlkGrUE3dQlm74Iw==
1540990782394	Marionette	DEBUG	[6442450945] Received observer notification outer-window-destroyed for 6442450982
1540990782395	Marionette	DEBUG	[6442450945] Received observer notification outer-window-destroyed for 6442450988
1540990782395	Marionette	DEBUG	[6442450945] Received observer notification outer-window-destroyed for 6442450989
1540990782461	Marionette	DEBUG	[6442450945] Received DOM event DOMContentLoaded for http://192.168.10.124/EdInsight/Form/Student/StudentAttendance.aspx?args=s79LFcKIz38I3KnjVa8bnXMDuteY/gm90AC7RftpVdnzRLTqhNBMO90Hlr+6z72pwkpt+GSMQmv1j1lj78Sdukyo6Xmy9SlX9g20z852FH4=
1540990782510	Marionette	DEBUG	[6442450945] Received observer notification outer-window-destroyed for 6442450995
1540990782511	Marionette	DEBUG	[6442450945] Received observer notification outer-window-destroyed for 6442450996
JavaScript error: http://192.168.10.124/EdInsight/Form/Student/StudentAttendance.aspx?args=s79LFcKIz38I3KnjVa8bnXMDuteY/gm90AC7RftpVdnzRLTqhNBMO90Hlr+6z72pwkpt+GSMQmv1j1lj78Sdukyo6Xmy9SlX9g20z852FH4=, line 1: ReferenceError: False is not defined
1540990782549	Marionette	DEBUG	[6442450945] Received DOM event pageshow for http://192.168.10.124/EdInsight/Form/Student/StudentAttendance.aspx?args=s79LFcKIz38I3KnjVa8bnXMDuteY/gm90AC7RftpVdnzRLTqhNBMO90Hlr+6z72pwkpt+GSMQmv1j1lj78Sdukyo6Xmy9SlX9g20z852FH4=
1540990792166	addons.productaddons	INFO	sending request to: https://aus5.mozilla.org/update/3/GMP/62.0/20180830143136/WINNT_x86_64-msvc-x64/en-US/release/Windows_NT%2010.0.0.0.17134.286%20(x64)/default/default/update.xml
]]></system-err>
  </testcase>
  <testcase name="TCED34302" classname="com.Home.Attendance" time="15.026">
    <failure message="Could not find any element matching &apos;//*[@id=&apos;ctl00_tdContentCell&apos;]/table/tbody/tr[3]/td/div[1]/div[3]/table/tbody/tr[1]/td[1]/table[1]/tbody/tr/td&apos;" type="java.lang.AssertionError">java.lang.AssertionError: Could not find any element matching '//*[@id='ctl00_tdContentCell']/table/tbody/tr[3]/td/div[1]/div[3]/table/tbody/tr[1]/td[1]/table[1]/tbody/tr/td'
	at Library.BaseClassOne.find(BaseClassOne.java:221)
	at Library.BaseClassOne.getText(BaseClassOne.java:391)
	at Library.BaseClassOne.getText(BaseClassOne.java:341)
	at com.Home.Attendance.TCED34302(Attendance.java:73)
</failure>
    <system-err><![CDATA[1540990799141	addons.productaddons	WARN	Failed downloading XML, status: 0, reason: timeout
1540990799142	addons.productaddons	INFO	fetching config from: chrome://global/content/gmp-sources/openh264.json
1540990799143	addons.productaddons	INFO	fetching config from: chrome://global/content/gmp-sources/widevinecdm.json
1540990799153	addons.productaddons	INFO	found plugin: gmp-gmpopenh264
1540990799154	addons.productaddons	INFO	found plugin: gmp-widevinecdm
1540990799172	addons.productaddons	INFO	downloadXHR File download. status=200
1540990799179	addons.productaddons	INFO	Downloaded file will be saved to C:\Users\DEVELO~1\AppData\Local\Temp\tmpaddon-2decd8
1540990799236	addons.xpi	ERROR	Failed to download system add-on gmp-gmpopenh264: Error: File C:\Users\DEVELO~1\AppData\Local\Temp\tmpaddon-2decd8 does not contain a valid manifest (resource://gre/modules/addons/XPIInstall.jsm:802:11) JS Stack trace: loadManifest@XPIInstall.jsm:802:11
1540990801069	addons.productaddons	INFO	downloadXHR File download. status=200
1540990801074	addons.productaddons	INFO	Downloaded file will be saved to C:\Users\DEVELO~1\AppData\Local\Temp\tmpaddon-614a4b
1540990801264	addons.webextension.<unknown>	WARN	Loading extension 'null': Reading manifest: Error processing arch: An unexpected property was found in the WebExtension manifest.
1540990801264	addons.webextension.<unknown>	WARN	Loading extension 'null': Reading manifest: Error processing os: An unexpected property was found in the WebExtension manifest.
1540990801265	addons.webextension.<unknown>	WARN	Loading extension 'null': Reading manifest: Error processing x-cdm-codecs: An unexpected property was found in the WebExtension manifest.
1540990801265	addons.webextension.<unknown>	WARN	Loading extension 'null': Reading manifest: Error processing x-cdm-host-versions: An unexpected property was found in the WebExtension manifest.
1540990801265	addons.webextension.<unknown>	WARN	Loading extension 'null': Reading manifest: Error processing x-cdm-interface-versions: An unexpected property was found in the WebExtension manifest.
1540990801265	addons.webextension.<unknown>	WARN	Loading extension 'null': Reading manifest: Error processing x-cdm-module-versions: An unexpected property was found in the WebExtension manifest.
1540990801265	addons.webextension.<unknown>	WARN	Loading extension 'null': Reading manifest: Error processing x-cdm-persistent-license-support: An unexpected property was found in the WebExtension manifest.
1540990801267	addons.xpi-utils	WARN	Add-on undefined is not correctly signed.
1540990801267	addons.xpi-utils	WARN	Add-on undefined is not correctly signed.
1540990801268	addons.manager	WARN	Failed to update system addons: Error: Rejecting updated system add-on set that either could not be downloaded or contained unusable add-ons. (resource://gre/modules/addons/XPIInstall.jsm:3645:13) JS Stack trace: updateSystemAddons@XPIInstall.jsm:3645:13
1540990801268	addons.manager	DEBUG	Background update check complete
1540990812182	addons.productaddons	WARN	Failed downloading XML, status: 0, reason: timeout
1540990812184	addons.productaddons	INFO	fetching config from: chrome://global/content/gmp-sources/openh264.json
1540990812184	addons.productaddons	INFO	fetching config from: chrome://global/content/gmp-sources/widevinecdm.json
1540990812186	addons.productaddons	INFO	found plugin: gmp-gmpopenh264
1540990812187	addons.productaddons	INFO	found plugin: gmp-widevinecdm
1540990812579	addons.productaddons	INFO	downloadXHR File download. status=200
1540990812586	addons.productaddons	INFO	Downloaded file will be saved to C:\Users\DEVELO~1\AppData\Local\Temp\tmpaddon-9cebcf
]]></system-err>
  </testcase>
  <testcase name="TCED34303" classname="com.Home.Attendance" time="16.479">
    <failure message="Unable to locate element: //*[@id=&apos;shcAttendanceHistory2017Toggle&apos;]/a[1]&#10;For documentation on this error, please visit: http://seleniumhq.org/exceptions/no_such_element.html&#10;Build info: version: &apos;3.11.0&apos;, revision: &apos;e59cfb3&apos;, time: &apos;2018-03-11T20:26:55.152Z&apos;&#10;System info: host: &apos;QA-SCHEDULER&apos;, ip: &apos;192.168.10.111&apos;, os.name: &apos;Windows 10&apos;, os.arch: &apos;amd64&apos;, os.version: &apos;10.0&apos;, java.version: &apos;10.0.2&apos;&#10;Driver info: org.openqa.selenium.firefox.FirefoxDriver&#10;Capabilities {acceptInsecureCerts: true, browserName: firefox, browserVersion: 62.0, javascriptEnabled: true, moz:accessibilityChecks: false, moz:headless: false, moz:processID: 23516, moz:profile: C:\Users\Developer\AppData\..., moz:useNonSpecCompliantPointerOrigin: false, moz:webdriverClick: true, pageLoadStrategy: normal, platform: XP, platformName: XP, platformVersion: 10.0, rotatable: false, timeouts: {implicit: 0, pageLoad: 300000, script: 30000}}&#10;Session ID: faf7401d-9b57-41f9-9029-46e0800c540b&#10;*** Element info: {Using=xpath, value=//*[@id=&apos;shcAttendanceHistory2017Toggle&apos;]/a[1]}" type="java.lang.AssertionError">java.lang.AssertionError: Unable to locate element: //*[@id='shcAttendanceHistory2017Toggle']/a[1]
For documentation on this error, please visit: http://seleniumhq.org/exceptions/no_such_element.html
Build info: version: '3.11.0', revision: 'e59cfb3', time: '2018-03-11T20:26:55.152Z'
System info: host: 'QA-SCHEDULER', ip: '192.168.10.111', os.name: 'Windows 10', os.arch: 'amd64', os.version: '10.0', java.version: '10.0.2'
Driver info: org.openqa.selenium.firefox.FirefoxDriver
Capabilities {acceptInsecureCerts: true, browserName: firefox, browserVersion: 62.0, javascriptEnabled: true, moz:accessibilityChecks: false, moz:headless: false, moz:processID: 23516, moz:profile: C:\Users\Developer\AppData\..., moz:useNonSpecCompliantPointerOrigin: false, moz:webdriverClick: true, pageLoadStrategy: normal, platform: XP, platformName: XP, platformVersion: 10.0, rotatable: false, timeouts: {implicit: 0, pageLoad: 300000, script: 30000}}
Session ID: faf7401d-9b57-41f9-9029-46e0800c540b
*** Element info: {Using=xpath, value=//*[@id='shcAttendanceHistory2017Toggle']/a[1]}
	at org.testng.Assert.fail(Assert.java:96)
	at com.Home.Attendance.TCED34303(Attendance.java:162)
</failure>
    <system-err><![CDATA[1540990812613	Marionette	DEBUG	[6442450945] Received DOM event beforeunload for http://192.168.10.124/EdInsight/Form/Student/StudentAttendance.aspx?args=s79LFcKIz38I3KnjVa8bnXMDuteY/gm90AC7RftpVdnzRLTqhNBMO90Hlr+6z72pwkpt+GSMQmv1j1lj78Sdukyo6Xmy9SlX9g20z852FH4=
1540990813576	Marionette	DEBUG	[6442450945] Received DOM event pagehide for http://192.168.10.124/EdInsight/Form/Student/StudentAttendance.aspx?args=s79LFcKIz38I3KnjVa8bnXMDuteY/gm90AC7RftpVdnzRLTqhNBMO90Hlr+6z72pwkpt+GSMQmv1j1lj78Sdukyo6Xmy9SlX9g20z852FH4=
1540990813578	Marionette	DEBUG	[6442450945] Received DOM event unload for http://192.168.10.124/EdInsight/Form/Student/StudentAttendance.aspx?args=s79LFcKIz38I3KnjVa8bnXMDuteY/gm90AC7RftpVdnzRLTqhNBMO90Hlr+6z72pwkpt+GSMQmv1j1lj78Sdukyo6Xmy9SlX9g20z852FH4=
1540990813875	Marionette	DEBUG	[6442450945] Received DOM event DOMContentLoaded for http://192.168.10.124/EdInsight/Form/Student/StudentAttendance.aspx?args=s79LFcKIz38I3KnjVa8bnXMDuteY/gm90AC7RftpVdnzRLTqhNBMO90Hlr+6z72pwkpt+GSMQmv1j1lj78Sdukyo6Xmy9SlX9g20z852FH4=
1540990813922	Marionette	DEBUG	[6442450945] Received observer notification outer-window-destroyed for 6442450993
1540990813922	Marionette	DEBUG	[6442450945] Received observer notification outer-window-destroyed for 6442450999
1540990813923	Marionette	DEBUG	[6442450945] Received observer notification outer-window-destroyed for 6442451000
1540990813927	Marionette	DEBUG	[6442450945] Received observer notification outer-window-destroyed for 6442451006
1540990813929	Marionette	DEBUG	[6442450945] Received observer notification outer-window-destroyed for 6442451007
JavaScript error: http://192.168.10.124/EdInsight/Form/Student/StudentAttendance.aspx?args=s79LFcKIz38I3KnjVa8bnXMDuteY/gm90AC7RftpVdnzRLTqhNBMO90Hlr+6z72pwkpt+GSMQmv1j1lj78Sdukyo6Xmy9SlX9g20z852FH4=, line 1: ReferenceError: False is not defined
1540990813973	Marionette	DEBUG	[6442450945] Received DOM event pageshow for http://192.168.10.124/EdInsight/Form/Student/StudentAttendance.aspx?args=s79LFcKIz38I3KnjVa8bnXMDuteY/gm90AC7RftpVdnzRLTqhNBMO90Hlr+6z72pwkpt+GSMQmv1j1lj78Sdukyo6Xmy9SlX9g20z852FH4=
1540990814892	addons.productaddons	INFO	downloadXHR File download. status=200
1540990814895	addons.productaddons	INFO	Downloaded file will be saved to C:\Users\DEVELO~1\AppData\Local\Temp\tmpaddon-fdfec6
1540990825231	addons.manager	DEBUG	Background update check beginning
1540990825234	addons.xpi	INFO	Starting system add-on update check from https://aus5.mozilla.org/update/3/SystemAddons/62.0/20180830143136/WINNT_x86_64-msvc-x64/en-US/release/Windows_NT%2010.0.0.0.17134.286%20(x64)/default/default/update.xml.
1540990825235	addons.productaddons	INFO	sending request to: https://aus5.mozilla.org/update/3/SystemAddons/62.0/20180830143136/WINNT_x86_64-msvc-x64/en-US/release/Windows_NT%2010.0.0.0.17134.286%20(x64)/default/default/update.xml
]]></system-err>
  </testcase>
  <testcase name="TCED34304" classname="com.Home.Attendance" time="15.028">
    <failure message="Could not find any element matching &apos;//*[@id=&apos;ctl00_MainContent_StudentDisplayAttendance1_shcAttendanceHistory2017_ctl00_rdgStudentScores_ctl00&apos;]/thead/tr[1]/th[1]/a&apos;" type="java.lang.AssertionError">java.lang.AssertionError: Could not find any element matching '//*[@id='ctl00_MainContent_StudentDisplayAttendance1_shcAttendanceHistory2017_ctl00_rdgStudentScores_ctl00']/thead/tr[1]/th[1]/a'
	at Library.BaseClassOne.find(BaseClassOne.java:221)
	at Library.BaseClassOne.getText(BaseClassOne.java:391)
	at Library.BaseClassOne.getText(BaseClassOne.java:341)
	at com.Home.Attendance.TCED34304(Attendance.java:176)
</failure>
  </testcase>
  <testcase name="TCED34305" classname="com.Home.Attendance" time="33.295">
    <failure message="Timeout during waiting for element: &apos;//*[@id=&apos;shcAttendanceHistory2016Toggle&apos;]/a[1]&apos;" type="java.lang.AssertionError">java.lang.AssertionError: Timeout during waiting for element: '//*[@id='shcAttendanceHistory2016Toggle']/a[1]'
	at Library.BaseClassOne.waitFor(BaseClassOne.java:273)
	at Library.BaseClassOne.click(BaseClassOne.java:185)
	at com.Home.Attendance.TCED34305(Attendance.java:218)
</failure>
    <system-err><![CDATA[1540990844125	Marionette	DEBUG	[6442450945] Received DOM event beforeunload for http://192.168.10.124/EdInsight/Form/Student/StudentAttendance.aspx?args=s79LFcKIz38I3KnjVa8bnXMDuteY/gm90AC7RftpVdnzRLTqhNBMO90Hlr+6z72pwkpt+GSMQmv1j1lj78Sdukyo6Xmy9SlX9g20z852FH4=
1540990844660	Marionette	DEBUG	[6442450945] Received DOM event pagehide for http://192.168.10.124/EdInsight/Form/Student/StudentAttendance.aspx?args=s79LFcKIz38I3KnjVa8bnXMDuteY/gm90AC7RftpVdnzRLTqhNBMO90Hlr+6z72pwkpt+GSMQmv1j1lj78Sdukyo6Xmy9SlX9g20z852FH4=
1540990844662	Marionette	DEBUG	[6442450945] Received DOM event unload for http://192.168.10.124/EdInsight/Form/Student/StudentAttendance.aspx?args=s79LFcKIz38I3KnjVa8bnXMDuteY/gm90AC7RftpVdnzRLTqhNBMO90Hlr+6z72pwkpt+GSMQmv1j1lj78Sdukyo6Xmy9SlX9g20z852FH4=
1540990845018	Marionette	DEBUG	[6442450945] Received observer notification outer-window-destroyed for 6442451004
1540990845018	Marionette	DEBUG	[6442450945] Received observer notification outer-window-destroyed for 6442451010
1540990845018	Marionette	DEBUG	[6442450945] Received observer notification outer-window-destroyed for 6442451011
1540990845026	Marionette	DEBUG	[6442450945] Received DOM event DOMContentLoaded for http://192.168.10.124/EdInsight/Form/Student/StudentAttendance.aspx?args=s79LFcKIz38I3KnjVa8bnXMDuteY/gm90AC7RftpVdnzRLTqhNBMO90Hlr+6z72pwkpt+GSMQmv1j1lj78Sdukyo6Xmy9SlX9g20z852FH4=
1540990845067	Marionette	DEBUG	[6442450945] Received observer notification outer-window-destroyed for 6442451017
1540990845069	Marionette	DEBUG	[6442450945] Received observer notification outer-window-destroyed for 6442451018
JavaScript error: http://192.168.10.124/EdInsight/Form/Student/StudentAttendance.aspx?args=s79LFcKIz38I3KnjVa8bnXMDuteY/gm90AC7RftpVdnzRLTqhNBMO90Hlr+6z72pwkpt+GSMQmv1j1lj78Sdukyo6Xmy9SlX9g20z852FH4=, line 1: ReferenceError: False is not defined
1540990845120	Marionette	DEBUG	[6442450945] Received DOM event pageshow for http://192.168.10.124/EdInsight/Form/Student/StudentAttendance.aspx?args=s79LFcKIz38I3KnjVa8bnXMDuteY/gm90AC7RftpVdnzRLTqhNBMO90Hlr+6z72pwkpt+GSMQmv1j1lj78Sdukyo6Xmy9SlX9g20z852FH4=
1540990845236	addons.productaddons	WARN	Failed downloading XML, status: 0, reason: timeout
1540990845237	addons.productaddons	INFO	fetching config from: chrome://global/content/gmp-sources/openh264.json
1540990845237	addons.productaddons	INFO	fetching config from: chrome://global/content/gmp-sources/widevinecdm.json
1540990845238	addons.productaddons	INFO	found plugin: gmp-gmpopenh264
1540990845238	addons.productaddons	INFO	found plugin: gmp-widevinecdm
1540990845252	addons.productaddons	INFO	downloadXHR File download. status=200
1540990845255	addons.productaddons	INFO	Downloaded file will be saved to C:\Users\DEVELO~1\AppData\Local\Temp\tmpaddon-d6046d
1540990845290	addons.xpi	ERROR	Failed to download system add-on gmp-gmpopenh264: Error: File C:\Users\DEVELO~1\AppData\Local\Temp\tmpaddon-d6046d does not contain a valid manifest (resource://gre/modules/addons/XPIInstall.jsm:802:11) JS Stack trace: loadManifest@XPIInstall.jsm:802:11
1540990847112	addons.productaddons	INFO	downloadXHR File download. status=200
1540990847117	addons.productaddons	INFO	Downloaded file will be saved to C:\Users\DEVELO~1\AppData\Local\Temp\tmpaddon-b711b
1540990847340	addons.webextension.<unknown>	WARN	Loading extension 'null': Reading manifest: Error processing arch: An unexpected property was found in the WebExtension manifest.
1540990847341	addons.webextension.<unknown>	WARN	Loading extension 'null': Reading manifest: Error processing os: An unexpected property was found in the WebExtension manifest.
1540990847341	addons.webextension.<unknown>	WARN	Loading extension 'null': Reading manifest: Error processing x-cdm-codecs: An unexpected property was found in the WebExtension manifest.
1540990847341	addons.webextension.<unknown>	WARN	Loading extension 'null': Reading manifest: Error processing x-cdm-host-versions: An unexpected property was found in the WebExtension manifest.
1540990847341	addons.webextension.<unknown>	WARN	Loading extension 'null': Reading manifest: Error processing x-cdm-interface-versions: An unexpected property was found in the WebExtension manifest.
1540990847341	addons.webextension.<unknown>	WARN	Loading extension 'null': Reading manifest: Error processing x-cdm-module-versions: An unexpected property was found in the WebExtension manifest.
1540990847341	addons.webextension.<unknown>	WARN	Loading extension 'null': Reading manifest: Error processing x-cdm-persistent-license-support: An unexpected property was found in the WebExtension manifest.
1540990847343	addons.xpi-utils	WARN	Add-on undefined is not correctly signed.
1540990847343	addons.xpi-utils	WARN	Add-on undefined is not correctly signed.
1540990847344	addons.manager	WARN	Failed to update system addons: Error: Rejecting updated system add-on set that either could not be downloaded or contained unusable add-ons. (resource://gre/modules/addons/XPIInstall.jsm:3645:13) JS Stack trace: updateSystemAddons@XPIInstall.jsm:3645:13
1540990847344	addons.manager	DEBUG	Background update check complete
]]></system-err>
  </testcase>
  <testcase name="TCED34306" classname="com.Home.Attendance" time="33.223">
    <failure message="Timeout during waiting for element: &apos;//*[@id=&apos;shcAttendanceHistory2015Toggle&apos;]/a[1]&apos;" type="java.lang.AssertionError">java.lang.AssertionError: Timeout during waiting for element: '//*[@id='shcAttendanceHistory2015Toggle']/a[1]'
	at Library.BaseClassOne.waitFor(BaseClassOne.java:273)
	at Library.BaseClassOne.click(BaseClassOne.java:185)
	at com.Home.Attendance.TCED34306(Attendance.java:268)
</failure>
    <system-err><![CDATA[1540990877428	Marionette	DEBUG	[6442450945] Received DOM event beforeunload for http://192.168.10.124/EdInsight/Form/Student/StudentAttendance.aspx?args=s79LFcKIz38I3KnjVa8bnXMDuteY/gm90AC7RftpVdnzRLTqhNBMO90Hlr+6z72pwkpt+GSMQmv1j1lj78Sdukyo6Xmy9SlX9g20z852FH4=
1540990878028	Marionette	DEBUG	[6442450945] Received DOM event pagehide for http://192.168.10.124/EdInsight/Form/Student/StudentAttendance.aspx?args=s79LFcKIz38I3KnjVa8bnXMDuteY/gm90AC7RftpVdnzRLTqhNBMO90Hlr+6z72pwkpt+GSMQmv1j1lj78Sdukyo6Xmy9SlX9g20z852FH4=
1540990878032	Marionette	DEBUG	[6442450945] Received DOM event unload for http://192.168.10.124/EdInsight/Form/Student/StudentAttendance.aspx?args=s79LFcKIz38I3KnjVa8bnXMDuteY/gm90AC7RftpVdnzRLTqhNBMO90Hlr+6z72pwkpt+GSMQmv1j1lj78Sdukyo6Xmy9SlX9g20z852FH4=
1540990878268	Marionette	DEBUG	[6442450945] Received observer notification outer-window-destroyed for 6442451015
1540990878269	Marionette	DEBUG	[6442450945] Received observer notification outer-window-destroyed for 6442451021
1540990878269	Marionette	DEBUG	[6442450945] Received observer notification outer-window-destroyed for 6442451022
1540990878274	Marionette	DEBUG	[6442450945] Received DOM event DOMContentLoaded for http://192.168.10.124/EdInsight/Form/Student/StudentAttendance.aspx?args=s79LFcKIz38I3KnjVa8bnXMDuteY/gm90AC7RftpVdnzRLTqhNBMO90Hlr+6z72pwkpt+GSMQmv1j1lj78Sdukyo6Xmy9SlX9g20z852FH4=
1540990878324	Marionette	DEBUG	[6442450945] Received observer notification outer-window-destroyed for 6442451028
1540990878324	Marionette	DEBUG	[6442450945] Received observer notification outer-window-destroyed for 6442451029
JavaScript error: http://192.168.10.124/EdInsight/Form/Student/StudentAttendance.aspx?args=s79LFcKIz38I3KnjVa8bnXMDuteY/gm90AC7RftpVdnzRLTqhNBMO90Hlr+6z72pwkpt+GSMQmv1j1lj78Sdukyo6Xmy9SlX9g20z852FH4=, line 1: ReferenceError: False is not defined
1540990878373	Marionette	DEBUG	[6442450945] Received DOM event pageshow for http://192.168.10.124/EdInsight/Form/Student/StudentAttendance.aspx?args=s79LFcKIz38I3KnjVa8bnXMDuteY/gm90AC7RftpVdnzRLTqhNBMO90Hlr+6z72pwkpt+GSMQmv1j1lj78Sdukyo6Xmy9SlX9g20z852FH4=
]]></system-err>
  </testcase>
  <testcase name="TCED34307" classname="com.Home.Attendance" time="31.186">
    <failure message="Timeout during waiting for element: &apos;//*[@id=&apos;LinkHideTruancyAlerts&apos;]&apos;" type="java.lang.AssertionError">java.lang.AssertionError: Timeout during waiting for element: '//*[@id='LinkHideTruancyAlerts']'
	at Library.BaseClassOne.waitFor(BaseClassOne.java:273)
	at Library.BaseClassOne.click(BaseClassOne.java:185)
	at com.Home.Attendance.TCED34307(Attendance.java:314)
</failure>
    <system-err><![CDATA[1540990910649	Marionette	DEBUG	[6442450945] Received DOM event beforeunload for http://192.168.10.124/EdInsight/Form/Student/StudentAttendance.aspx?args=s79LFcKIz38I3KnjVa8bnXMDuteY/gm90AC7RftpVdnzRLTqhNBMO90Hlr+6z72pwkpt+GSMQmv1j1lj78Sdukyo6Xmy9SlX9g20z852FH4=
1540990911231	Marionette	DEBUG	[6442450945] Received DOM event pagehide for http://192.168.10.124/EdInsight/Form/Student/StudentAttendance.aspx?args=s79LFcKIz38I3KnjVa8bnXMDuteY/gm90AC7RftpVdnzRLTqhNBMO90Hlr+6z72pwkpt+GSMQmv1j1lj78Sdukyo6Xmy9SlX9g20z852FH4=
1540990911232	Marionette	DEBUG	[6442450945] Received DOM event unload for http://192.168.10.124/EdInsight/Form/Student/StudentAttendance.aspx?args=s79LFcKIz38I3KnjVa8bnXMDuteY/gm90AC7RftpVdnzRLTqhNBMO90Hlr+6z72pwkpt+GSMQmv1j1lj78Sdukyo6Xmy9SlX9g20z852FH4=
1540990911478	Marionette	DEBUG	[6442450945] Received observer notification outer-window-destroyed for 6442451026
1540990911479	Marionette	DEBUG	[6442450945] Received observer notification outer-window-destroyed for 6442451032
1540990911479	Marionette	DEBUG	[6442450945] Received observer notification outer-window-destroyed for 6442451033
1540990911485	Marionette	DEBUG	[6442450945] Received DOM event DOMContentLoaded for http://192.168.10.124/EdInsight/Form/Student/StudentAttendance.aspx?args=s79LFcKIz38I3KnjVa8bnXMDuteY/gm90AC7RftpVdnzRLTqhNBMO90Hlr+6z72pwkpt+GSMQmv1j1lj78Sdukyo6Xmy9SlX9g20z852FH4=
1540990911532	Marionette	DEBUG	[6442450945] Received observer notification outer-window-destroyed for 6442451039
1540990911533	Marionette	DEBUG	[6442450945] Received observer notification outer-window-destroyed for 6442451040
JavaScript error: http://192.168.10.124/EdInsight/Form/Student/StudentAttendance.aspx?args=s79LFcKIz38I3KnjVa8bnXMDuteY/gm90AC7RftpVdnzRLTqhNBMO90Hlr+6z72pwkpt+GSMQmv1j1lj78Sdukyo6Xmy9SlX9g20z852FH4=, line 1: ReferenceError: False is not defined
1540990911574	Marionette	DEBUG	[6442450945] Received DOM event pageshow for http://192.168.10.124/EdInsight/Form/Student/StudentAttendance.aspx?args=s79LFcKIz38I3KnjVa8bnXMDuteY/gm90AC7RftpVdnzRLTqhNBMO90Hlr+6z72pwkpt+GSMQmv1j1lj78Sdukyo6Xmy9SlX9g20z852FH4=
1540990926456	addons.manager	DEBUG	Background update check beginning
1540990926459	addons.xpi	INFO	Starting system add-on update check from https://aus5.mozilla.org/update/3/SystemAddons/62.0/20180830143136/WINNT_x86_64-msvc-x64/en-US/release/Windows_NT%2010.0.0.0.17134.286%20(x64)/default/default/update.xml.
1540990926460	addons.productaddons	INFO	sending request to: https://aus5.mozilla.org/update/3/SystemAddons/62.0/20180830143136/WINNT_x86_64-msvc-x64/en-US/release/Windows_NT%2010.0.0.0.17134.286%20(x64)/default/default/update.xml
]]></system-err>
  </testcase>
  <testcase name="TCED34308" classname="com.Home.Attendance" time="31.617">
    <failure message="Timeout during waiting for element: &apos;//*[@id=&apos;ctl00_MainContent_btnPrintToPDF&apos;]&apos;" type="java.lang.AssertionError">java.lang.AssertionError: Timeout during waiting for element: '//*[@id='ctl00_MainContent_btnPrintToPDF']'
	at Library.BaseClassOne.waitFor(BaseClassOne.java:273)
	at Library.BaseClassOne.click(BaseClassOne.java:185)
	at com.Home.Attendance.TCED34308(Attendance.java:340)
</failure>
    <system-err><![CDATA[1540990941828	Marionette	DEBUG	[6442450945] Received DOM event beforeunload for http://192.168.10.124/EdInsight/Form/Student/StudentAttendance.aspx?args=s79LFcKIz38I3KnjVa8bnXMDuteY/gm90AC7RftpVdnzRLTqhNBMO90Hlr+6z72pwkpt+GSMQmv1j1lj78Sdukyo6Xmy9SlX9g20z852FH4=
1540990942839	Marionette	DEBUG	[6442450945] Received DOM event pagehide for http://192.168.10.124/EdInsight/Form/Student/StudentAttendance.aspx?args=s79LFcKIz38I3KnjVa8bnXMDuteY/gm90AC7RftpVdnzRLTqhNBMO90Hlr+6z72pwkpt+GSMQmv1j1lj78Sdukyo6Xmy9SlX9g20z852FH4=
1540990942841	Marionette	DEBUG	[6442450945] Received DOM event unload for http://192.168.10.124/EdInsight/Form/Student/StudentAttendance.aspx?args=s79LFcKIz38I3KnjVa8bnXMDuteY/gm90AC7RftpVdnzRLTqhNBMO90Hlr+6z72pwkpt+GSMQmv1j1lj78Sdukyo6Xmy9SlX9g20z852FH4=
1540990943095	Marionette	DEBUG	[6442450945] Received observer notification outer-window-destroyed for 6442451037
1540990943096	Marionette	DEBUG	[6442450945] Received observer notification outer-window-destroyed for 6442451043
1540990943097	Marionette	DEBUG	[6442450945] Received observer notification outer-window-destroyed for 6442451044
1540990943102	Marionette	DEBUG	[6442450945] Received DOM event DOMContentLoaded for http://192.168.10.124/EdInsight/Form/Student/StudentAttendance.aspx?args=s79LFcKIz38I3KnjVa8bnXMDuteY/gm90AC7RftpVdnzRLTqhNBMO90Hlr+6z72pwkpt+GSMQmv1j1lj78Sdukyo6Xmy9SlX9g20z852FH4=
1540990943156	Marionette	DEBUG	[6442450945] Received observer notification outer-window-destroyed for 6442451050
1540990943157	Marionette	DEBUG	[6442450945] Received observer notification outer-window-destroyed for 6442451051
JavaScript error: http://192.168.10.124/EdInsight/Form/Student/StudentAttendance.aspx?args=s79LFcKIz38I3KnjVa8bnXMDuteY/gm90AC7RftpVdnzRLTqhNBMO90Hlr+6z72pwkpt+GSMQmv1j1lj78Sdukyo6Xmy9SlX9g20z852FH4=, line 1: ReferenceError: False is not defined
1540990943196	Marionette	DEBUG	[6442450945] Received DOM event pageshow for http://192.168.10.124/EdInsight/Form/Student/StudentAttendance.aspx?args=s79LFcKIz38I3KnjVa8bnXMDuteY/gm90AC7RftpVdnzRLTqhNBMO90Hlr+6z72pwkpt+GSMQmv1j1lj78Sdukyo6Xmy9SlX9g20z852FH4=
1540990946461	addons.productaddons	WARN	Failed downloading XML, status: 0, reason: timeout
1540990946462	addons.productaddons	INFO	fetching config from: chrome://global/content/gmp-sources/openh264.json
1540990946462	addons.productaddons	INFO	fetching config from: chrome://global/content/gmp-sources/widevinecdm.json
1540990946467	addons.productaddons	INFO	found plugin: gmp-gmpopenh264
1540990946468	addons.productaddons	INFO	found plugin: gmp-widevinecdm
1540990946508	addons.productaddons	INFO	downloadXHR File download. status=200
1540990946512	addons.productaddons	INFO	Downloaded file will be saved to C:\Users\DEVELO~1\AppData\Local\Temp\tmpaddon-2077c1
1540990946571	addons.xpi	ERROR	Failed to download system add-on gmp-gmpopenh264: Error: File C:\Users\DEVELO~1\AppData\Local\Temp\tmpaddon-2077c1 does not contain a valid manifest (resource://gre/modules/addons/XPIInstall.jsm:802:11) JS Stack trace: loadManifest@XPIInstall.jsm:802:11
1540990948416	addons.productaddons	INFO	downloadXHR File download. status=200
1540990948420	addons.productaddons	INFO	Downloaded file will be saved to C:\Users\DEVELO~1\AppData\Local\Temp\tmpaddon-f72769
1540990948716	addons.webextension.<unknown>	WARN	Loading extension 'null': Reading manifest: Error processing arch: An unexpected property was found in the WebExtension manifest.
1540990948716	addons.webextension.<unknown>	WARN	Loading extension 'null': Reading manifest: Error processing os: An unexpected property was found in the WebExtension manifest.
1540990948716	addons.webextension.<unknown>	WARN	Loading extension 'null': Reading manifest: Error processing x-cdm-codecs: An unexpected property was found in the WebExtension manifest.
1540990948716	addons.webextension.<unknown>	WARN	Loading extension 'null': Reading manifest: Error processing x-cdm-host-versions: An unexpected property was found in the WebExtension manifest.
1540990948716	addons.webextension.<unknown>	WARN	Loading extension 'null': Reading manifest: Error processing x-cdm-interface-versions: An unexpected property was found in the WebExtension manifest.
1540990948716	addons.webextension.<unknown>	WARN	Loading extension 'null': Reading manifest: Error processing x-cdm-module-versions: An unexpected property was found in the WebExtension manifest.
1540990948717	addons.webextension.<unknown>	WARN	Loading extension 'null': Reading manifest: Error processing x-cdm-persistent-license-support: An unexpected property was found in the WebExtension manifest.
1540990948718	addons.xpi-utils	WARN	Add-on undefined is not correctly signed.
1540990948718	addons.xpi-utils	WARN	Add-on undefined is not correctly signed.
1540990948719	addons.manager	WARN	Failed to update system addons: Error: Rejecting updated system add-on set that either could not be downloaded or contained unusable add-ons. (resource://gre/modules/addons/XPIInstall.jsm:3645:13) JS Stack trace: updateSystemAddons@XPIInstall.jsm:3645:13
1540990948719	addons.manager	DEBUG	Background update check complete
]]></system-err>
  </testcase>
  <testcase name="TCED15001" classname="com.localassessment.Copy_assessment_vendor" time="5.984"/>
  <testcase name="TCED15002" classname="com.localassessment.Copy_assessment_vendor" time="3.774"/>
  <testcase name="TCED15003" classname="com.localassessment.Copy_assessment_vendor" time="30.032">
    <failure message="No frame element found by name or id rwCopyAssessment&#10;Build info: version: &apos;3.11.0&apos;, revision: &apos;e59cfb3&apos;, time: &apos;2018-03-11T20:26:55.152Z&apos;&#10;System info: host: &apos;QA-SCHEDULER&apos;, ip: &apos;192.168.10.111&apos;, os.name: &apos;Windows 10&apos;, os.arch: &apos;amd64&apos;, os.version: &apos;10.0&apos;, java.version: &apos;10.0.2&apos;&#10;Driver info: driver.version: unknown" type="java.lang.AssertionError">java.lang.AssertionError: No frame element found by name or id rwCopyAssessment
Build info: version: '3.11.0', revision: 'e59cfb3', time: '2018-03-11T20:26:55.152Z'
System info: host: 'QA-SCHEDULER', ip: '192.168.10.111', os.name: 'Windows 10', os.arch: 'amd64', os.version: '10.0', java.version: '10.0.2'
Driver info: driver.version: unknown
	at org.testng.Assert.fail(Assert.java:96)
	at com.localassessment.Copy_assessment_vendor.TCED15003(Copy_assessment_vendor.java:68)
</failure>
    <system-err><![CDATA[1540991017895	addons.productaddons	INFO	sending request to: https://aus5.mozilla.org/update/3/GMP/62.0/20180830143136/WINNT_x86_64-msvc-x64/en-US/release/Windows_NT%2010.0.0.0.17134.286%20(x64)/default/default/update.xml
]]></system-err>
  </testcase>
  <testcase name="TCED15004" classname="com.localassessment.Copy_assessment_vendor" time="15.027">
    <failure message="Could not find any element matching &apos;//*[@id=&apos;aspnetForm&apos;]/div[4]/div/table/tbody/tr[2]/td/table/tbody/tr[1]/td[1]&apos;" type="java.lang.AssertionError">java.lang.AssertionError: Could not find any element matching '//*[@id='aspnetForm']/div[4]/div/table/tbody/tr[2]/td/table/tbody/tr[1]/td[1]'
	at Library.BaseClassOne.find(BaseClassOne.java:221)
	at Library.BaseClassOne.getText(BaseClassOne.java:391)
	at Library.BaseClassOne.getText(BaseClassOne.java:341)
	at com.localassessment.Copy_assessment_vendor.TCED15004(Copy_assessment_vendor.java:80)
</failure>
  </testcase>
  <testcase name="TCED15005" classname="com.localassessment.Copy_assessment_vendor" time="30.243">
    <failure message="Timeout during waiting for element: &apos;//*[@id=&apos;ctl00_ContentPlaceHolder1_btnSaveAssessment&apos;]&apos;" type="java.lang.AssertionError">java.lang.AssertionError: Timeout during waiting for element: '//*[@id='ctl00_ContentPlaceHolder1_btnSaveAssessment']'
	at Library.BaseClassOne.waitFor(BaseClassOne.java:273)
	at Library.BaseClassOne.click(BaseClassOne.java:185)
	at com.localassessment.Copy_assessment_vendor.TCED15005(Copy_assessment_vendor.java:110)
</failure>
    <system-err><![CDATA[1540991037914	addons.productaddons	WARN	Failed downloading XML, status: 0, reason: timeout
1540991037915	addons.productaddons	INFO	fetching config from: chrome://global/content/gmp-sources/openh264.json
1540991037915	addons.productaddons	INFO	fetching config from: chrome://global/content/gmp-sources/widevinecdm.json
1540991037920	addons.productaddons	INFO	found plugin: gmp-gmpopenh264
1540991037921	addons.productaddons	INFO	found plugin: gmp-widevinecdm
1540991038392	addons.productaddons	INFO	downloadXHR File download. status=200
1540991038398	addons.productaddons	INFO	Downloaded file will be saved to C:\Users\DEVELO~1\AppData\Local\Temp\tmpaddon-37e8ea
1540991040702	addons.productaddons	INFO	downloadXHR File download. status=200
1540991040707	addons.productaddons	INFO	Downloaded file will be saved to C:\Users\DEVELO~1\AppData\Local\Temp\tmpaddon-a293c3
]]></system-err>
  </testcase>
  <testcase name="TCED15006" classname="com.localassessment.Copy_assessment_vendor" time="30.233">
    <failure message="Timeout during waiting for element: &apos;input#ctl00_ContentPlaceHolder1_txtQuestionStartingId&apos;" type="java.lang.AssertionError">java.lang.AssertionError: Timeout during waiting for element: 'input#ctl00_ContentPlaceHolder1_txtQuestionStartingId'
	at Library.BaseClassOne.waitFor(BaseClassOne.java:273)
	at Library.BaseClassOne.type(BaseClassOne.java:166)
	at com.localassessment.Copy_assessment_vendor.TCED15006(Copy_assessment_vendor.java:183)
</failure>
    <system-err><![CDATA[JavaScript error: http://192.168.10.124/EdInsight/Login.aspx, line 148: ReferenceError: search is not defined
1540991074468	addons.manager	DEBUG	Background update check beginning
1540991074471	addons.xpi	INFO	Starting system add-on update check from https://aus5.mozilla.org/update/3/SystemAddons/62.0/20180830143136/WINNT_x86_64-msvc-x64/en-US/release/Windows_NT%2010.0.0.0.17134.286%20(x64)/default/default/update.xml.
1540991074472	addons.productaddons	INFO	sending request to: https://aus5.mozilla.org/update/3/SystemAddons/62.0/20180830143136/WINNT_x86_64-msvc-x64/en-US/release/Windows_NT%2010.0.0.0.17134.286%20(x64)/default/default/update.xml
1540991094473	addons.productaddons	WARN	Failed downloading XML, status: 0, reason: timeout
1540991094474	addons.productaddons	INFO	fetching config from: chrome://global/content/gmp-sources/openh264.json
1540991094475	addons.productaddons	INFO	fetching config from: chrome://global/content/gmp-sources/widevinecdm.json
1540991094484	addons.productaddons	INFO	found plugin: gmp-gmpopenh264
1540991094485	addons.productaddons	INFO	found plugin: gmp-widevinecdm
1540991094495	addons.productaddons	INFO	downloadXHR File download. status=200
1540991094503	addons.productaddons	INFO	Downloaded file will be saved to C:\Users\DEVELO~1\AppData\Local\Temp\tmpaddon-c45a9f
1540991094552	addons.xpi	ERROR	Failed to download system add-on gmp-gmpopenh264: Error: File C:\Users\DEVELO~1\AppData\Local\Temp\tmpaddon-c45a9f does not contain a valid manifest (resource://gre/modules/addons/XPIInstall.jsm:802:11) JS Stack trace: loadManifest@XPIInstall.jsm:802:11
1540991096430	addons.productaddons	INFO	downloadXHR File download. status=200
1540991096433	addons.productaddons	INFO	Downloaded file will be saved to C:\Users\DEVELO~1\AppData\Local\Temp\tmpaddon-9c5569
1540991096659	addons.webextension.<unknown>	WARN	Loading extension 'null': Reading manifest: Error processing arch: An unexpected property was found in the WebExtension manifest.
1540991096659	addons.webextension.<unknown>	WARN	Loading extension 'null': Reading manifest: Error processing os: An unexpected property was found in the WebExtension manifest.
1540991096660	addons.webextension.<unknown>	WARN	Loading extension 'null': Reading manifest: Error processing x-cdm-codecs: An unexpected property was found in the WebExtension manifest.
1540991096660	addons.webextension.<unknown>	WARN	Loading extension 'null': Reading manifest: Error processing x-cdm-host-versions: An unexpected property was found in the WebExtension manifest.
1540991096660	addons.webextension.<unknown>	WARN	Loading extension 'null': Reading manifest: Error processing x-cdm-interface-versions: An unexpected property was found in the WebExtension manifest.
1540991096660	addons.webextension.<unknown>	WARN	Loading extension 'null': Reading manifest: Error processing x-cdm-module-versions: An unexpected property was found in the WebExtension manifest.
1540991096660	addons.webextension.<unknown>	WARN	Loading extension 'null': Reading manifest: Error processing x-cdm-persistent-license-support: An unexpected property was found in the WebExtension manifest.
1540991096662	addons.xpi-utils	WARN	Add-on undefined is not correctly signed.
1540991096662	addons.xpi-utils	WARN	Add-on undefined is not correctly signed.
1540991096663	addons.manager	WARN	Failed to update system addons: Error: Rejecting updated system add-on set that either could not be downloaded or contained unusable add-ons. (resource://gre/modules/addons/XPIInstall.jsm:3645:13) JS Stack trace: updateSystemAddons@XPIInstall.jsm:3645:13
1540991096663	addons.manager	DEBUG	Background update check complete
]]></system-err>
  </testcase>
  <testcase name="TCED11001" classname="com.administerAssessment.Create_New_Administration" time="5.546"/>
  <testcase name="TCED11002" classname="com.administerAssessment.Create_New_Administration" time="4.035"/>
  <testcase name="TCED11003" classname="com.administerAssessment.Create_New_Administration" time="1.29"/>
  <testcase name="TCED11004" classname="com.administerAssessment.Create_New_Administration" time="0.547"/>
  <testcase name="TCED11005" classname="com.administerAssessment.Create_New_Administration" time="1.264"/>
  <testcase name="TCED11006" classname="com.administerAssessment.Create_New_Administration" time="0.315"/>
  <testcase name="TCED11007" classname="com.administerAssessment.Create_New_Administration" time="2.548"/>
  <testcase name="TCED11008" classname="com.administerAssessment.Create_New_Administration" time="68.349"/>
  <testcase name="TCED11009" classname="com.administerAssessment.Create_New_Administration" time="3.252"/>
  <testcase name="TCED14081" classname="com.analyzeByScore.ItemAnalysisbyQuestion" time="10.14"/>
  <testcase name="TCED14082" classname="com.analyzeByScore.ItemAnalysisbyQuestion" time="0.124"/>
  <testcase name="TCED14083" classname="com.analyzeByScore.ItemAnalysisbyQuestion" time="0.895"/>
  <testcase name="TCED14084" classname="com.analyzeByScore.ItemAnalysisbyQuestion" time="0.838"/>
  <testcase name="TCED14085" classname="com.analyzeByScore.ItemAnalysisbyQuestion" time="34.434">
    <failure message="Timeout during waiting for element: &apos;//a[contains(text(),&apos;6(75%)&apos;)]&apos;" type="java.lang.AssertionError">java.lang.AssertionError: Timeout during waiting for element: '//a[contains(text(),'6(75%)')]'
	at Library.BaseClassOne.waitFor(BaseClassOne.java:273)
	at Library.BaseClassOne.click(BaseClassOne.java:185)
	at com.analyzeByScore.ItemAnalysisbyQuestion.TCED14085(ItemAnalysisbyQuestion.java:124)
</failure>
    <system-err><![CDATA[1540991207679	Marionette	DEBUG	[6442450945] Canceled page load listener because no navigation has been detected
1540991207752	Marionette	DEBUG	[6442450945] Received DOM event beforeunload for http://192.168.10.124/EdInsight/Form/LocalAssessment/ReportStudentList.aspx?args=s79LFcKIz38I3KnjVa8bnf5ZBB1oJRRv+mDq3NE2H+91 ... AW5KHmu6O3rLlRhNNxu2T/i5N+p9a8WLj02jQFQ4tH9ihyrC4zMCqPIsULlUlwaa1lMb5eXCWs/62LJhXijYeUx0Ga1okUxmtDBb/SQlSByCtM1KDQ0wtFqopY0U=
1540991207874	Marionette	DEBUG	[6442450945] Received DOM event pagehide for http://192.168.10.124/EdInsight/Form/LocalAssessment/ReportStudentList.aspx?args=s79LFcKIz38I3KnjVa8bnf5ZBB1oJRRv+mDq3NE2H+91 ... AW5KHmu6O3rLlRhNNxu2T/i5N+p9a8WLj02jQFQ4tH9ihyrC4zMCqPIsULlUlwaa1lMb5eXCWs/62LJhXijYeUx0Ga1okUxmtDBb/SQlSByCtM1KDQ0wtFqopY0U=
1540991207877	Marionette	DEBUG	[6442450945] Received DOM event unload for http://192.168.10.124/EdInsight/Form/LocalAssessment/ReportStudentList.aspx?args=s79LFcKIz38I3KnjVa8bnf5ZBB1oJRRv+mDq3NE2H+91 ... AW5KHmu6O3rLlRhNNxu2T/i5N+p9a8WLj02jQFQ4tH9ihyrC4zMCqPIsULlUlwaa1lMb5eXCWs/62LJhXijYeUx0Ga1okUxmtDBb/SQlSByCtM1KDQ0wtFqopY0U=
1540991208053	Marionette	DEBUG	[6442450945] Received observer notification outer-window-destroyed for 6442451037
1540991208053	Marionette	DEBUG	[6442450945] Received observer notification outer-window-destroyed for 6442451043
1540991208054	Marionette	DEBUG	[6442450945] Received observer notification outer-window-destroyed for 6442451044
1540991208129	Marionette	DEBUG	[6442450945] Received DOM event DOMContentLoaded for http://192.168.10.124/EdInsight/Form/LocalAssessment/AssessmentReports.aspx?args=s79LFcKIz38I3KnjVa8bnfibHyg+ZP3Q3faXrtciYMVtgbryGu1b0qquFmLTX+fuYViYioo1GbkmfUI12/d/g+HRU3LaxIAl6WGCcY4EeTTzlPdMxK5p/BVVtCZXQ6nrzCEc9BXd7IW+7ZSUgj87XA==
1540991208203	Marionette	DEBUG	[6442450945] Received observer notification outer-window-destroyed for 6442451050
1540991208204	Marionette	DEBUG	[6442450945] Received observer notification outer-window-destroyed for 6442451051
JavaScript error: http://192.168.10.124/EdInsight/Form/LocalAssessment/AssessmentReports.aspx?args=s79LFcKIz38I3KnjVa8bnfibHyg+ZP3Q3faXrtciYMVtgbryGu1b0qquFmLTX+fuYViYioo1GbkmfUI12/d/g+HRU3LaxIAl6WGCcY4EeTTzlPdMxK5p/BVVtCZXQ6nrzCEc9BXd7IW+7ZSUgj87XA==, line 1: ReferenceError: False is not defined
1540991208222	Marionette	DEBUG	[6442450945] Received DOM event pageshow for http://192.168.10.124/EdInsight/Form/LocalAssessment/AssessmentReports.aspx?args=s79LFcKIz38I3KnjVa8bnfibHyg+ZP3Q3faXrtciYMVtgbryGu1b0qquFmLTX+fuYViYioo1GbkmfUI12/d/g+HRU3LaxIAl6WGCcY4EeTTzlPdMxK5p/BVVtCZXQ6nrzCEc9BXd7IW+7ZSUgj87XA==
1540991208271	Marionette	DEBUG	[6442450945] Received DOM event beforeunload for http://192.168.10.124/EdInsight/Form/LocalAssessment/AssessmentReports.aspx?args=s79LFcKIz38I3KnjVa8bnfibHyg+ZP3Q3faXrtciYMVtgbryGu1b0qquFmLTX+fuYViYioo1GbkmfUI12/d/g+HRU3LaxIAl6WGCcY4EeTTzlPdMxK5p/BVVtCZXQ6nrzCEc9BXd7IW+7ZSUgj87XA==
1540991208416	Marionette	DEBUG	[6442450945] Received DOM event pagehide for http://192.168.10.124/EdInsight/Form/LocalAssessment/AssessmentReports.aspx?args=s79LFcKIz38I3KnjVa8bnfibHyg+ZP3Q3faXrtciYMVtgbryGu1b0qquFmLTX+fuYViYioo1GbkmfUI12/d/g+HRU3LaxIAl6WGCcY4EeTTzlPdMxK5p/BVVtCZXQ6nrzCEc9BXd7IW+7ZSUgj87XA==
1540991208417	Marionette	DEBUG	[6442450945] Received DOM event unload for http://192.168.10.124/EdInsight/Form/LocalAssessment/AssessmentReports.aspx?args=s79LFcKIz38I3KnjVa8bnfibHyg+ZP3Q3faXrtciYMVtgbryGu1b0qquFmLTX+fuYViYioo1GbkmfUI12/d/g+HRU3LaxIAl6WGCcY4EeTTzlPdMxK5p/BVVtCZXQ6nrzCEc9BXd7IW+7ZSUgj87XA==
1540991208564	Marionette	DEBUG	[6442450945] Received observer notification outer-window-destroyed for 6442451048
1540991208564	Marionette	DEBUG	[6442450945] Received observer notification outer-window-destroyed for 6442451054
1540991208564	Marionette	DEBUG	[6442450945] Received observer notification outer-window-destroyed for 6442451055
1540991208638	Marionette	DEBUG	[6442450945] Received DOM event DOMContentLoaded for http://192.168.10.124/EdInsight/Form/LocalAssessment/ReportItemAnalysisParams.aspx?args=s79LFcKIz38I3KnjVa8bndyqoEcySCYmSK10U1WNtgs=
1540991208685	Marionette	DEBUG	[6442450945] Received observer notification outer-window-destroyed for 6442451061
1540991208686	Marionette	DEBUG	[6442450945] Received observer notification outer-window-destroyed for 6442451062
JavaScript error: http://192.168.10.124/EdInsight/Form/LocalAssessment/ReportItemAnalysisParams.aspx?args=s79LFcKIz38I3KnjVa8bndyqoEcySCYmSK10U1WNtgs=, line 1: ReferenceError: False is not defined
1540991208721	Marionette	DEBUG	[6442450945] Received DOM event pageshow for http://192.168.10.124/EdInsight/Form/LocalAssessment/ReportItemAnalysisParams.aspx?args=s79LFcKIz38I3KnjVa8bndyqoEcySCYmSK10U1WNtgs=
1540991208828	Marionette	DEBUG	[6442450945] Received DOM event beforeunload for http://192.168.10.124/EdInsight/Form/LocalAssessment/ReportItemAnalysisParams.aspx?args=s79LFcKIz38I3KnjVa8bndyqoEcySCYmSK10U1WNtgs=
1540991208952	Marionette	DEBUG	[6442450945] Received DOM event pagehide for http://192.168.10.124/EdInsight/Form/LocalAssessment/ReportItemAnalysisParams.aspx?args=s79LFcKIz38I3KnjVa8bndyqoEcySCYmSK10U1WNtgs=
1540991208953	Marionette	DEBUG	[6442450945] Received DOM event unload for http://192.168.10.124/EdInsight/Form/LocalAssessment/ReportItemAnalysisParams.aspx?args=s79LFcKIz38I3KnjVa8bndyqoEcySCYmSK10U1WNtgs=
1540991209110	Marionette	DEBUG	[6442450945] Received observer notification outer-window-destroyed for 6442451059
1540991209111	Marionette	DEBUG	[6442450945] Received observer notification outer-window-destroyed for 6442451065
1540991209111	Marionette	DEBUG	[6442450945] Received observer notification outer-window-destroyed for 6442451066
1540991209178	Marionette	DEBUG	[6442450945] Received DOM event DOMContentLoaded for http://192.168.10.124/EdInsight/Form/LocalAssessment/ReportItemAnalysisParams.aspx?args=s79LFcKIz38I3KnjVa8bnbnCZQvuU2R5sFNUK1uT81g=
1540991209231	Marionette	DEBUG	[6442450945] Received observer notification outer-window-destroyed for 6442451072
1540991209236	Marionette	DEBUG	[6442450945] Received observer notification outer-window-destroyed for 6442451073
JavaScript error: http://192.168.10.124/EdInsight/Form/LocalAssessment/ReportItemAnalysisParams.aspx?args=s79LFcKIz38I3KnjVa8bnbnCZQvuU2R5sFNUK1uT81g=, line 1: ReferenceError: False is not defined
1540991209268	Marionette	DEBUG	[6442450945] Received DOM event pageshow for http://192.168.10.124/EdInsight/Form/LocalAssessment/ReportItemAnalysisParams.aspx?args=s79LFcKIz38I3KnjVa8bnbnCZQvuU2R5sFNUK1uT81g=
1540991209301	Marionette	DEBUG	[6442450945] Received DOM event beforeunload for http://192.168.10.124/EdInsight/Form/LocalAssessment/ReportItemAnalysisParams.aspx?args=s79LFcKIz38I3KnjVa8bnbnCZQvuU2R5sFNUK1uT81g=
1540991209363	Marionette	DEBUG	[6442450945] Received DOM event pagehide for http://192.168.10.124/EdInsight/Form/LocalAssessment/ReportItemAnalysisParams.aspx?args=s79LFcKIz38I3KnjVa8bnbnCZQvuU2R5sFNUK1uT81g=
1540991209363	Marionette	DEBUG	[6442450945] Received DOM event unload for http://192.168.10.124/EdInsight/Form/LocalAssessment/ReportItemAnalysisParams.aspx?args=s79LFcKIz38I3KnjVa8bnbnCZQvuU2R5sFNUK1uT81g=
1540991209516	Marionette	DEBUG	[6442450945] Received observer notification outer-window-destroyed for 6442451070
1540991209516	Marionette	DEBUG	[6442450945] Received observer notification outer-window-destroyed for 6442451076
1540991209516	Marionette	DEBUG	[6442450945] Received observer notification outer-window-destroyed for 6442451077
1540991209642	Marionette	DEBUG	[6442450945] Received DOM event DOMContentLoaded for http://192.168.10.124/EdInsight/Form/LocalAssessment/ReportItemAnalysisParams.aspx?args=s79LFcKIz38I3KnjVa8bnd9QfDWm1wWtT24Js9oyKzQ=
1540991209690	Marionette	DEBUG	[6442450945] Received observer notification outer-window-destroyed for 6442451083
1540991209692	Marionette	DEBUG	[6442450945] Received observer notification outer-window-destroyed for 6442451084
JavaScript error: http://192.168.10.124/EdInsight/Form/LocalAssessment/ReportItemAnalysisParams.aspx?args=s79LFcKIz38I3KnjVa8bnd9QfDWm1wWtT24Js9oyKzQ=, line 1: ReferenceError: False is not defined
1540991209731	Marionette	DEBUG	[6442450945] Received DOM event pageshow for http://192.168.10.124/EdInsight/Form/LocalAssessment/ReportItemAnalysisParams.aspx?args=s79LFcKIz38I3KnjVa8bnd9QfDWm1wWtT24Js9oyKzQ=
1540991209788	Marionette	DEBUG	[6442450945] Received DOM event beforeunload for http://192.168.10.124/EdInsight/Form/LocalAssessment/ReportItemAnalysisParams.aspx?args=s79LFcKIz38I3KnjVa8bnd9QfDWm1wWtT24Js9oyKzQ=
1540991209952	Marionette	DEBUG	[6442450945] Received DOM event pagehide for http://192.168.10.124/EdInsight/Form/LocalAssessment/ReportItemAnalysisParams.aspx?args=s79LFcKIz38I3KnjVa8bnd9QfDWm1wWtT24Js9oyKzQ=
1540991209952	Marionette	DEBUG	[6442450945] Received DOM event unload for http://192.168.10.124/EdInsight/Form/LocalAssessment/ReportItemAnalysisParams.aspx?args=s79LFcKIz38I3KnjVa8bnd9QfDWm1wWtT24Js9oyKzQ=
1540991210057	Marionette	DEBUG	[6442450945] Received observer notification outer-window-destroyed for 6442451081
1540991210057	Marionette	DEBUG	[6442450945] Received observer notification outer-window-destroyed for 6442451087
1540991210057	Marionette	DEBUG	[6442450945] Received observer notification outer-window-destroyed for 6442451088
1540991210147	Marionette	DEBUG	[6442450945] Received DOM event DOMContentLoaded for http://192.168.10.124/EdInsight/Form/LocalAssessment/ReportItemAnalysisParams.aspx?args=s79LFcKIz38I3KnjVa8bnZpm01XHuyE5ruSHSvbnhH4=
1540991210193	Marionette	DEBUG	[6442450945] Received observer notification outer-window-destroyed for 6442451094
1540991210195	Marionette	DEBUG	[6442450945] Received observer notification outer-window-destroyed for 6442451095
JavaScript error: http://192.168.10.124/EdInsight/Form/LocalAssessment/ReportItemAnalysisParams.aspx?args=s79LFcKIz38I3KnjVa8bnZpm01XHuyE5ruSHSvbnhH4=, line 1: ReferenceError: False is not defined
1540991210228	Marionette	DEBUG	[6442450945] Received DOM event pageshow for http://192.168.10.124/EdInsight/Form/LocalAssessment/ReportItemAnalysisParams.aspx?args=s79LFcKIz38I3KnjVa8bnZpm01XHuyE5ruSHSvbnhH4=
1540991210294	Marionette	DEBUG	[6442450945] Received DOM event beforeunload for http://192.168.10.124/EdInsight/Form/LocalAssessment/ReportItemAnalysisParams.aspx?args=s79LFcKIz38I3KnjVa8bnZpm01XHuyE5ruSHSvbnhH4=
1540991210473	Marionette	DEBUG	[6442450945] Received DOM event pagehide for http://192.168.10.124/EdInsight/Form/LocalAssessment/ReportItemAnalysisParams.aspx?args=s79LFcKIz38I3KnjVa8bnZpm01XHuyE5ruSHSvbnhH4=
1540991210473	Marionette	DEBUG	[6442450945] Received DOM event unload for http://192.168.10.124/EdInsight/Form/LocalAssessment/ReportItemAnalysisParams.aspx?args=s79LFcKIz38I3KnjVa8bnZpm01XHuyE5ruSHSvbnhH4=
1540991210636	Marionette	DEBUG	[6442450945] Received observer notification outer-window-destroyed for 6442451092
1540991210637	Marionette	DEBUG	[6442450945] Received observer notification outer-window-destroyed for 6442451098
1540991210637	Marionette	DEBUG	[6442450945] Received observer notification outer-window-destroyed for 6442451099
1540991210746	Marionette	DEBUG	[6442450945] Received DOM event DOMContentLoaded for http://192.168.10.124/EdInsight/Form/LocalAssessment/ReportItemAnalysis.aspx?args=yMN/V9xZUJl/u0X8hD/kYiZ7N0Rvgi5YBzRhOsQaIx2 ... F1KivenFQAOgGL+AwkzP9rrHXMfdYT0V3GYIHPnXbROY7dT5IA+zFOBFEFENOsA/DLVqOtn1gWmpdj5IY2MIaJmfqYhCUdg2G5HrD0iEekupf/MyRjzPxh+Vp9V5q
1540991210793	Marionette	DEBUG	[6442450945] Received observer notification outer-window-destroyed for 6442451105
1540991210803	Marionette	DEBUG	[6442450945] Received observer notification outer-window-destroyed for 6442451106
JavaScript error: http://192.168.10.124/EdInsight/Form/LocalAssessment/ReportItemAnalysis.aspx?args=yMN/V9xZUJl/u0X8hD/kYiZ7N0Rvgi5YBzRhOsQaIx2mYxSQdbKVFfM1rObJke4qY2jmWGTDWQhora0W/Gx32FL/9aojlkzHVUS5tAusVVyFkOWM8YdCgFbWdyUDIrCUS4aA7fD2JCo7KPo+Cz6IHsfsXHcntD5dOawOuvsRZrAgd3TQMpok850TAt4OT6wF2sae+aEViUURES7Od7iNG9ewfA0QwA72GoKBJtPVvWhCwC+vDOTmWPuwNhJMIyJgakcVrwN9m2yvF7ga5c5M98N/WlHCn9hmy7z9J/B/G8smERdHjOAcep6vMnATRh76NgxF1KivenFQAOgGL+AwkzP9rrHXMfdYT0V3GYIHPnXbR1540991210825	Marionette	DEBUG	[6442450945] Received DOM event pageshow for http://192.168.10.124/EdInsight/Form/LocalAssessment/ReportItemAnalysis.aspx?args=yMN/V9xZUJl/u0X8hD/kYiZ7N0Rvgi5YBzRhOsQaIx2 ... F1KivenFQAOgGL+AwkzP9rrHXMfdYT0V3GYIHPnXbROY7dT5IA+zFOBFEFENOsA/DLVqOtn1gWmpdj5IY2MIaJmfqYhCUdg2G5HrD0iEekupf/MyRjzPxh+Vp9V5q
OY7dT5IA+zFOBFEFENOsA/DLVqOtn1gWmpdj5IY2MIaJmfqYhCUdg2G5HrD0iEekupf/MyRjzPxh+Vp9V5q, line 1: ReferenceError: False is not defined
1540991210841	addons.productaddons	INFO	sending request to: https://aus5.mozilla.org/update/3/GMP/62.0/20180830143136/WINNT_x86_64-msvc-x64/en-US/release/Windows_NT%2010.0.0.0.17134.286%20(x64)/default/default/update.xml
1540991210877	Marionette	DEBUG	[6442450945] Received DOM event beforeunload for http://192.168.10.124/EdInsight/Form/LocalAssessment/ReportItemAnalysis.aspx?args=yMN/V9xZUJl/u0X8hD/kYiZ7N0Rvgi5YBzRhOsQaIx2 ... F1KivenFQAOgGL+AwkzP9rrHXMfdYT0V3GYIHPnXbROY7dT5IA+zFOBFEFENOsA/DLVqOtn1gWmpdj5IY2MIaJmfqYhCUdg2G5HrD0iEekupf/MyRjzPxh+Vp9V5q
1540991211084	Marionette	DEBUG	[6442450945] Received DOM event pagehide for http://192.168.10.124/EdInsight/Form/LocalAssessment/ReportItemAnalysis.aspx?args=yMN/V9xZUJl/u0X8hD/kYiZ7N0Rvgi5YBzRhOsQaIx2 ... F1KivenFQAOgGL+AwkzP9rrHXMfdYT0V3GYIHPnXbROY7dT5IA+zFOBFEFENOsA/DLVqOtn1gWmpdj5IY2MIaJmfqYhCUdg2G5HrD0iEekupf/MyRjzPxh+Vp9V5q
1540991211086	Marionette	DEBUG	[6442450945] Received DOM event unload for http://192.168.10.124/EdInsight/Form/LocalAssessment/ReportItemAnalysis.aspx?args=yMN/V9xZUJl/u0X8hD/kYiZ7N0Rvgi5YBzRhOsQaIx2 ... F1KivenFQAOgGL+AwkzP9rrHXMfdYT0V3GYIHPnXbROY7dT5IA+zFOBFEFENOsA/DLVqOtn1gWmpdj5IY2MIaJmfqYhCUdg2G5HrD0iEekupf/MyRjzPxh+Vp9V5q
1540991211182	Marionette	DEBUG	[6442450945] Received observer notification outer-window-destroyed for 6442451103
1540991211182	Marionette	DEBUG	[6442450945] Received observer notification outer-window-destroyed for 6442451109
1540991211182	Marionette	DEBUG	[6442450945] Received observer notification outer-window-destroyed for 6442451110
1540991211338	Marionette	DEBUG	[6442450945] Received DOM event DOMContentLoaded for http://192.168.10.124/EdInsight/Form/LocalAssessment/ReportItemAnalysis.aspx?args=s79LFcKIz38I3KnjVa8bnUegevwKOBP/EP9DHk/+UB4 ... kj0ZoDu+2iFwRmKFbGZh8GBO6gpVYFhtlhC211AVjx3fcJdZVKWdXU60MBq9jS3sFtNTMeygiHxv3K91pJH1IKmY+jMEJNlkIeUVFLsCEwLcANPWVAXC20QvpVxxa
1540991211384	Marionette	DEBUG	[6442450945] Received observer notification outer-window-destroyed for 6442451116
1540991211386	Marionette	DEBUG	[6442450945] Received observer notification outer-window-destroyed for 6442451117
JavaScript error: http://192.168.10.124/EdInsight/Form/LocalAssessment/ReportItemAnalysis.aspx?args=s79LFcKIz38I3KnjVa8bnUegevwKOBP/EP9DHk/+UB4xwY1xX0SPXt1AQjO5Orp4ZA8Nc3acbVOYdkmTOI0vjNpLqv6KbTgXPZRDWeWV1PTppSOaEg8rBz5lJ1aZlwlyxCtYcmIBM2Z8Vs81Oayptf9Yj6Bixnqetlwt+ejbjLg3Cc9BVZvNZtWt7E5VVMGJ72bfOTzSnHRmoByXmBlKF72pSquiNZLqqLl7s+6fn+Yib0V/oCTe86ybW+2D2HDAaKiqlRE8jp88b9ziet/wYdx4IS2x/p/CwjdcLgcFNObGY5PIxu0mtNm4/Z3FTAGBmCCkj0ZoDu+2iFwRmKFbGZh8GBO6gpVYFhtlhC211AVjx3fcJdZVKWdXU60MBq9jS3sFtNTMeygiHxv3K91pJH1IKmY+jMEJNlkIeUVFLsCEwLcANPWVAXC20QvpVxxa, line 1: ReferenceError: False is not defined
1540991211417	Marionette	DEBUG	[6442450945] Received DOM event pageshow for http://192.168.10.124/EdInsight/Form/LocalAssessment/ReportItemAnalysis.aspx?args=s79LFcKIz38I3KnjVa8bnUegevwKOBP/EP9DHk/+UB4 ... kj0ZoDu+2iFwRmKFbGZh8GBO6gpVYFhtlhC211AVjx3fcJdZVKWdXU60MBq9jS3sFtNTMeygiHxv3K91pJH1IKmY+jMEJNlkIeUVFLsCEwLcANPWVAXC20QvpVxxa
1540991230856	addons.productaddons	WARN	Failed downloading XML, status: 0, reason: timeout
1540991230857	addons.productaddons	INFO	fetching config from: chrome://global/content/gmp-sources/openh264.json
1540991230858	addons.productaddons	INFO	fetching config from: chrome://global/content/gmp-sources/widevinecdm.json
1540991230864	addons.productaddons	INFO	found plugin: gmp-gmpopenh264
1540991230865	addons.productaddons	INFO	found plugin: gmp-widevinecdm
1540991231428	addons.productaddons	INFO	downloadXHR File download. status=200
1540991231442	addons.productaddons	INFO	Downloaded file will be saved to C:\Users\DEVELO~1\AppData\Local\Temp\tmpaddon-922bcd
1540991234528	addons.productaddons	INFO	downloadXHR File download. status=200
1540991234535	addons.productaddons	INFO	Downloaded file will be saved to C:\Users\DEVELO~1\AppData\Local\Temp\tmpaddon-bbbc77
]]></system-err>
  </testcase>
  <testcase name="TCED14086" classname="com.analyzeByScore.ItemAnalysisbyQuestion" time="34.696">
    <failure message="Timeout during waiting for element: &apos;//a[contains(text(),&apos;1(12.5%)&apos;)]&apos;" type="java.lang.AssertionError">java.lang.AssertionError: Timeout during waiting for element: '//a[contains(text(),'1(12.5%)')]'
	at Library.BaseClassOne.waitFor(BaseClassOne.java:273)
	at Library.BaseClassOne.click(BaseClassOne.java:185)
	at com.analyzeByScore.ItemAnalysisbyQuestion.TCED14086(ItemAnalysisbyQuestion.java:147)
</failure>
    <system-err><![CDATA[1540991242079	Marionette	DEBUG	[6442450945] Canceled page load listener because no navigation has been detected
1540991242118	Marionette	DEBUG	[6442450945] Received DOM event beforeunload for http://192.168.10.124/EdInsight/Form/LocalAssessment/ReportItemAnalysis.aspx?args=s79LFcKIz38I3KnjVa8bnUegevwKOBP/EP9DHk/+UB4 ... kj0ZoDu+2iFwRmKFbGZh8GBO6gpVYFhtlhC211AVjx3fcJdZVKWdXU60MBq9jS3sFtNTMeygiHxv3K91pJH1IKmY+jMEJNlkIeUVFLsCEwLcANPWVAXC20QvpVxxa
1540991242266	Marionette	DEBUG	[6442450945] Received DOM event pagehide for http://192.168.10.124/EdInsight/Form/LocalAssessment/ReportItemAnalysis.aspx?args=s79LFcKIz38I3KnjVa8bnUegevwKOBP/EP9DHk/+UB4 ... kj0ZoDu+2iFwRmKFbGZh8GBO6gpVYFhtlhC211AVjx3fcJdZVKWdXU60MBq9jS3sFtNTMeygiHxv3K91pJH1IKmY+jMEJNlkIeUVFLsCEwLcANPWVAXC20QvpVxxa
1540991242271	Marionette	DEBUG	[6442450945] Received DOM event unload for http://192.168.10.124/EdInsight/Form/LocalAssessment/ReportItemAnalysis.aspx?args=s79LFcKIz38I3KnjVa8bnUegevwKOBP/EP9DHk/+UB4 ... kj0ZoDu+2iFwRmKFbGZh8GBO6gpVYFhtlhC211AVjx3fcJdZVKWdXU60MBq9jS3sFtNTMeygiHxv3K91pJH1IKmY+jMEJNlkIeUVFLsCEwLcANPWVAXC20QvpVxxa
1540991242441	Marionette	DEBUG	[6442450945] Received observer notification outer-window-destroyed for 6442451114
1540991242442	Marionette	DEBUG	[6442450945] Received observer notification outer-window-destroyed for 6442451120
1540991242445	Marionette	DEBUG	[6442450945] Received observer notification outer-window-destroyed for 6442451121
1540991242532	Marionette	DEBUG	[6442450945] Received DOM event DOMContentLoaded for http://192.168.10.124/EdInsight/Form/LocalAssessment/AssessmentReports.aspx?args=s79LFcKIz38I3KnjVa8bnfnqTYeu06TEnTyAvQd39nbaTeMA29LCgW+s6fvevKBr66V0xE3yMTrATcPvZHEuhn7T41oHOG2Itn1XyZa5rlpeMTM/eU4K5/1w3K8A4gX+Dxj3fKOa9f2hn5qDxRRheg==
1540991242610	Marionette	DEBUG	[6442450945] Received observer notification outer-window-destroyed for 6442451127
1540991242612	Marionette	DEBUG	[6442450945] Received observer notification outer-window-destroyed for 6442451128
JavaScript error: http://192.168.10.124/EdInsight/Form/LocalAssessment/AssessmentReports.aspx?args=s79LFcKIz38I3KnjVa8bnfnqTYeu06TEnTyAvQd39nbaTeMA29LCgW+s6fvevKBr66V0xE3yMTrATcPvZHEuhn7T41oHOG2Itn1XyZa5rlpeMTM/eU4K5/1w3K8A4gX+Dxj3fKOa9f2hn5qDxRRheg==, line 1: ReferenceError: False is not defined
1540991242633	Marionette	DEBUG	[6442450945] Received DOM event pageshow for http://192.168.10.124/EdInsight/Form/LocalAssessment/AssessmentReports.aspx?args=s79LFcKIz38I3KnjVa8bnfnqTYeu06TEnTyAvQd39nbaTeMA29LCgW+s6fvevKBr66V0xE3yMTrATcPvZHEuhn7T41oHOG2Itn1XyZa5rlpeMTM/eU4K5/1w3K8A4gX+Dxj3fKOa9f2hn5qDxRRheg==
1540991242681	Marionette	DEBUG	[6442450945] Received DOM event beforeunload for http://192.168.10.124/EdInsight/Form/LocalAssessment/AssessmentReports.aspx?args=s79LFcKIz38I3KnjVa8bnfnqTYeu06TEnTyAvQd39nbaTeMA29LCgW+s6fvevKBr66V0xE3yMTrATcPvZHEuhn7T41oHOG2Itn1XyZa5rlpeMTM/eU4K5/1w3K8A4gX+Dxj3fKOa9f2hn5qDxRRheg==
1540991242865	Marionette	DEBUG	[6442450945] Received DOM event pagehide for http://192.168.10.124/EdInsight/Form/LocalAssessment/AssessmentReports.aspx?args=s79LFcKIz38I3KnjVa8bnfnqTYeu06TEnTyAvQd39nbaTeMA29LCgW+s6fvevKBr66V0xE3yMTrATcPvZHEuhn7T41oHOG2Itn1XyZa5rlpeMTM/eU4K5/1w3K8A4gX+Dxj3fKOa9f2hn5qDxRRheg==
1540991242866	Marionette	DEBUG	[6442450945] Received DOM event unload for http://192.168.10.124/EdInsight/Form/LocalAssessment/AssessmentReports.aspx?args=s79LFcKIz38I3KnjVa8bnfnqTYeu06TEnTyAvQd39nbaTeMA29LCgW+s6fvevKBr66V0xE3yMTrATcPvZHEuhn7T41oHOG2Itn1XyZa5rlpeMTM/eU4K5/1w3K8A4gX+Dxj3fKOa9f2hn5qDxRRheg==
1540991243041	Marionette	DEBUG	[6442450945] Received observer notification outer-window-destroyed for 6442451125
1540991243041	Marionette	DEBUG	[6442450945] Received observer notification outer-window-destroyed for 6442451131
1540991243041	Marionette	DEBUG	[6442450945] Received observer notification outer-window-destroyed for 6442451132
1540991243113	Marionette	DEBUG	[6442450945] Received DOM event DOMContentLoaded for http://192.168.10.124/EdInsight/Form/LocalAssessment/ReportItemAnalysisParams.aspx?args=s79LFcKIz38I3KnjVa8bnZ8SXKBF2uXk3wDnz3AdwnA=
1540991243162	Marionette	DEBUG	[6442450945] Received observer notification outer-window-destroyed for 6442451138
1540991243170	Marionette	DEBUG	[6442450945] Received observer notification outer-window-destroyed for 6442451139
JavaScript error: http://192.168.10.124/EdInsight/Form/LocalAssessment/ReportItemAnalysisParams.aspx?args=s79LFcKIz38I3KnjVa8bnZ8SXKBF2uXk3wDnz3AdwnA=, line 1: ReferenceError: False is not defined
1540991243193	Marionette	DEBUG	[6442450945] Received DOM event pageshow for http://192.168.10.124/EdInsight/Form/LocalAssessment/ReportItemAnalysisParams.aspx?args=s79LFcKIz38I3KnjVa8bnZ8SXKBF2uXk3wDnz3AdwnA=
1540991243299	Marionette	DEBUG	[6442450945] Received DOM event beforeunload for http://192.168.10.124/EdInsight/Form/LocalAssessment/ReportItemAnalysisParams.aspx?args=s79LFcKIz38I3KnjVa8bnZ8SXKBF2uXk3wDnz3AdwnA=
1540991243455	Marionette	DEBUG	[6442450945] Received DOM event pagehide for http://192.168.10.124/EdInsight/Form/LocalAssessment/ReportItemAnalysisParams.aspx?args=s79LFcKIz38I3KnjVa8bnZ8SXKBF2uXk3wDnz3AdwnA=
1540991243456	Marionette	DEBUG	[6442450945] Received DOM event unload for http://192.168.10.124/EdInsight/Form/LocalAssessment/ReportItemAnalysisParams.aspx?args=s79LFcKIz38I3KnjVa8bnZ8SXKBF2uXk3wDnz3AdwnA=
1540991243606	Marionette	DEBUG	[6442450945] Received observer notification outer-window-destroyed for 6442451136
1540991243607	Marionette	DEBUG	[6442450945] Received observer notification outer-window-destroyed for 6442451142
1540991243607	Marionette	DEBUG	[6442450945] Received observer notification outer-window-destroyed for 6442451143
1540991243679	Marionette	DEBUG	[6442450945] Received DOM event DOMContentLoaded for http://192.168.10.124/EdInsight/Form/LocalAssessment/ReportItemAnalysisParams.aspx?args=s79LFcKIz38I3KnjVa8bnVzYVrNNCQTzhGRhmsCyz+Q=
1540991243734	Marionette	DEBUG	[6442450945] Received observer notification outer-window-destroyed for 6442451149
1540991243740	Marionette	DEBUG	[6442450945] Received observer notification outer-window-destroyed for 6442451150
JavaScript error: http://192.168.10.124/EdInsight/Form/LocalAssessment/ReportItemAnalysisParams.aspx?args=s79LFcKIz38I3KnjVa8bnVzYVrNNCQTzhGRhmsCyz+Q=, line 1: ReferenceError: False is not defined
1540991243772	Marionette	DEBUG	[6442450945] Received DOM event pageshow for http://192.168.10.124/EdInsight/Form/LocalAssessment/ReportItemAnalysisParams.aspx?args=s79LFcKIz38I3KnjVa8bnVzYVrNNCQTzhGRhmsCyz+Q=
1540991243809	Marionette	DEBUG	[6442450945] Received DOM event beforeunload for http://192.168.10.124/EdInsight/Form/LocalAssessment/ReportItemAnalysisParams.aspx?args=s79LFcKIz38I3KnjVa8bnVzYVrNNCQTzhGRhmsCyz+Q=
1540991243953	Marionette	DEBUG	[6442450945] Received DOM event pagehide for http://192.168.10.124/EdInsight/Form/LocalAssessment/ReportItemAnalysisParams.aspx?args=s79LFcKIz38I3KnjVa8bnVzYVrNNCQTzhGRhmsCyz+Q=
1540991243953	Marionette	DEBUG	[6442450945] Received DOM event unload for http://192.168.10.124/EdInsight/Form/LocalAssessment/ReportItemAnalysisParams.aspx?args=s79LFcKIz38I3KnjVa8bnVzYVrNNCQTzhGRhmsCyz+Q=
1540991244107	Marionette	DEBUG	[6442450945] Received observer notification outer-window-destroyed for 6442451147
1540991244107	Marionette	DEBUG	[6442450945] Received observer notification outer-window-destroyed for 6442451153
1540991244107	Marionette	DEBUG	[6442450945] Received observer notification outer-window-destroyed for 6442451154
1540991244186	Marionette	DEBUG	[6442450945] Received DOM event DOMContentLoaded for http://192.168.10.124/EdInsight/Form/LocalAssessment/ReportItemAnalysisParams.aspx?args=s79LFcKIz38I3KnjVa8bnTKSaGca/c0UGasU+2II97M=
1540991244250	Marionette	DEBUG	[6442450945] Received observer notification outer-window-destroyed for 6442451160
1540991244252	Marionette	DEBUG	[6442450945] Received observer notification outer-window-destroyed for 6442451161
JavaScript error: http://192.168.10.124/EdInsight/Form/LocalAssessment/ReportItemAnalysisParams.aspx?args=s79LFcKIz38I3KnjVa8bnTKSaGca/c0UGasU+2II97M=, line 1: ReferenceError: False is not defined
1540991244284	Marionette	DEBUG	[6442450945] Received DOM event pageshow for http://192.168.10.124/EdInsight/Form/LocalAssessment/ReportItemAnalysisParams.aspx?args=s79LFcKIz38I3KnjVa8bnTKSaGca/c0UGasU+2II97M=
1540991244325	Marionette	DEBUG	[6442450945] Received DOM event beforeunload for http://192.168.10.124/EdInsight/Form/LocalAssessment/ReportItemAnalysisParams.aspx?args=s79LFcKIz38I3KnjVa8bnTKSaGca/c0UGasU+2II97M=
1540991244462	Marionette	DEBUG	[6442450945] Received DOM event pagehide for http://192.168.10.124/EdInsight/Form/LocalAssessment/ReportItemAnalysisParams.aspx?args=s79LFcKIz38I3KnjVa8bnTKSaGca/c0UGasU+2II97M=
1540991244463	Marionette	DEBUG	[6442450945] Received DOM event unload for http://192.168.10.124/EdInsight/Form/LocalAssessment/ReportItemAnalysisParams.aspx?args=s79LFcKIz38I3KnjVa8bnTKSaGca/c0UGasU+2II97M=
1540991244608	Marionette	DEBUG	[6442450945] Received observer notification outer-window-destroyed for 6442451158
1540991244608	Marionette	DEBUG	[6442450945] Received observer notification outer-window-destroyed for 6442451164
1540991244608	Marionette	DEBUG	[6442450945] Received observer notification outer-window-destroyed for 6442451165
1540991244686	Marionette	DEBUG	[6442450945] Received DOM event DOMContentLoaded for http://192.168.10.124/EdInsight/Form/LocalAssessment/ReportItemAnalysisParams.aspx?args=s79LFcKIz38I3KnjVa8bnVZ9DNDkRa6ThYnX7lnxlo0=
1540991244733	Marionette	DEBUG	[6442450945] Received observer notification outer-window-destroyed for 6442451171
1540991244735	Marionette	DEBUG	[6442450945] Received observer notification outer-window-destroyed for 6442451172
JavaScript error: http://192.168.10.124/EdInsight/Form/LocalAssessment/ReportItemAnalysisParams.aspx?args=s79LFcKIz38I3KnjVa8bnVZ9DNDkRa6ThYnX7lnxlo0=, line 1: ReferenceError: False is not defined
1540991244769	Marionette	DEBUG	[6442450945] Received DOM event pageshow for http://192.168.10.124/EdInsight/Form/LocalAssessment/ReportItemAnalysisParams.aspx?args=s79LFcKIz38I3KnjVa8bnVZ9DNDkRa6ThYnX7lnxlo0=
1540991244824	Marionette	DEBUG	[6442450945] Received DOM event beforeunload for http://192.168.10.124/EdInsight/Form/LocalAssessment/ReportItemAnalysisParams.aspx?args=s79LFcKIz38I3KnjVa8bnVZ9DNDkRa6ThYnX7lnxlo0=
1540991245041	Marionette	DEBUG	[6442450945] Received DOM event pagehide for http://192.168.10.124/EdInsight/Form/LocalAssessment/ReportItemAnalysisParams.aspx?args=s79LFcKIz38I3KnjVa8bnVZ9DNDkRa6ThYnX7lnxlo0=
1540991245043	Marionette	DEBUG	[6442450945] Received DOM event unload for http://192.168.10.124/EdInsight/Form/LocalAssessment/ReportItemAnalysisParams.aspx?args=s79LFcKIz38I3KnjVa8bnVZ9DNDkRa6ThYnX7lnxlo0=
1540991245215	Marionette	DEBUG	[6442450945] Received observer notification outer-window-destroyed for 6442451169
1540991245215	Marionette	DEBUG	[6442450945] Received observer notification outer-window-destroyed for 6442451175
1540991245216	Marionette	DEBUG	[6442450945] Received observer notification outer-window-destroyed for 6442451176
1540991245299	Marionette	DEBUG	[6442450945] Received DOM event DOMContentLoaded for http://192.168.10.124/EdInsight/Form/LocalAssessment/ReportItemAnalysis.aspx?args=yMN/V9xZUJl/u0X8hD/kYiZ7N0Rvgi5YBzRhOsQaIx2 ... F1KivenFQAOgGL+AwkzP9rrHXMfdYT0V3GYIHPnXbROY7dT5IA+zFOBFEFENOsA/DLVqOtn1gWmpdj5IY2A0gFxdTHAfzPC/f5sEnImn33kdyxbA7K7QYwIiOTHq9
1540991245357	Marionette	DEBUG	[6442450945] Received observer notification outer-window-destroyed for 6442451182
1540991245366	Marionette	DEBUG	[6442450945] Received observer notification outer-window-destroyed for 6442451183
JavaScript error: http://192.168.10.124/EdInsight/Form/LocalAssessment/ReportItemAnalysis.aspx?args=yMN/V9xZUJl/u0X8hD/kYiZ7N0Rvgi5YBzRhOsQaIx2mYxSQdbKVFfM1rObJke4qY2jmWGTDWQhora0W/Gx32FL/9aojlkzHVUS5tAusVVyFkOWM8YdCgFbWdyUDIrCUS4aA7fD2JCo7KPo+Cz6IHsfsXHcntD5dOawOuvsRZrAgd3TQMpok850TAt4OT6wF2sae+aEViUURES7Od7iNG9ewfA0QwA72GoKBJtPVvWhCwC+vDOTmWPuwNhJMIyJgakcVrwN9m2yvF7ga5c5M98N/WlHCn9hmy7z9J/B/G8smERdHjOAcep6vMnATRh76NgxF1KivenFQAOgGL+AwkzP9rrHXMfdYT0V3GYIHPnXbROY7dT5IA+zFOBFEFENOsA/DLVqOtn1gWmpdj5IY2A0gFxdTHAfzPC/f5sEnImn33kdyxbA7K7QYwIiOTHq9, 1540991245396	Marionette	DEBUG	[6442450945] Received DOM event pageshow for http://192.168.10.124/EdInsight/Form/LocalAssessment/ReportItemAnalysis.aspx?args=yMN/V9xZUJl/u0X8hD/kYiZ7N0Rvgi5YBzRhOsQaIx2 ... F1KivenFQAOgGL+AwkzP9rrHXMfdYT0V3GYIHPnXbROY7dT5IA+zFOBFEFENOsA/DLVqOtn1gWmpdj5IY2A0gFxdTHAfzPC/f5sEnImn33kdyxbA7K7QYwIiOTHq9
line 1: ReferenceError: False is not defined
1540991245442	Marionette	DEBUG	[6442450945] Received DOM event beforeunload for http://192.168.10.124/EdInsight/Form/LocalAssessment/ReportItemAnalysis.aspx?args=yMN/V9xZUJl/u0X8hD/kYiZ7N0Rvgi5YBzRhOsQaIx2 ... F1KivenFQAOgGL+AwkzP9rrHXMfdYT0V3GYIHPnXbROY7dT5IA+zFOBFEFENOsA/DLVqOtn1gWmpdj5IY2A0gFxdTHAfzPC/f5sEnImn33kdyxbA7K7QYwIiOTHq9
1540991245791	Marionette	DEBUG	[6442450945] Received DOM event pagehide for http://192.168.10.124/EdInsight/Form/LocalAssessment/ReportItemAnalysis.aspx?args=yMN/V9xZUJl/u0X8hD/kYiZ7N0Rvgi5YBzRhOsQaIx2 ... F1KivenFQAOgGL+AwkzP9rrHXMfdYT0V3GYIHPnXbROY7dT5IA+zFOBFEFENOsA/DLVqOtn1gWmpdj5IY2A0gFxdTHAfzPC/f5sEnImn33kdyxbA7K7QYwIiOTHq9
1540991245794	Marionette	DEBUG	[6442450945] Received DOM event unload for http://192.168.10.124/EdInsight/Form/LocalAssessment/ReportItemAnalysis.aspx?args=yMN/V9xZUJl/u0X8hD/kYiZ7N0Rvgi5YBzRhOsQaIx2 ... F1KivenFQAOgGL+AwkzP9rrHXMfdYT0V3GYIHPnXbROY7dT5IA+zFOBFEFENOsA/DLVqOtn1gWmpdj5IY2A0gFxdTHAfzPC/f5sEnImn33kdyxbA7K7QYwIiOTHq9
1540991245978	Marionette	DEBUG	[6442450945] Received observer notification outer-window-destroyed for 6442451180
1540991245978	Marionette	DEBUG	[6442450945] Received observer notification outer-window-destroyed for 6442451186
1540991245979	Marionette	DEBUG	[6442450945] Received observer notification outer-window-destroyed for 6442451187
1540991246057	Marionette	DEBUG	[6442450945] Received DOM event DOMContentLoaded for http://192.168.10.124/EdInsight/Form/LocalAssessment/ReportItemAnalysis.aspx?args=s79LFcKIz38I3KnjVa8bndXW10O9xT8iHBsDLrrvKeJ ... 09nxy++4UunTbRGY3I1G4vAeLgWot1282/8i3uCa5XNUQDgrs4/NO1LPDS1LIntHErxmQtzlua6MG2md6GGMIEhZvaQ5JdgLYsdUOqOIuN65juNL+L9WVeVuifp1B
1540991246113	Marionette	DEBUG	[6442450945] Received observer notification outer-window-destroyed for 6442451193
1540991246115	Marionette	DEBUG	[6442450945] Received observer notification outer-window-destroyed for 6442451194
JavaScript error: http://192.168.10.124/EdInsight/Form/LocalAssessment/ReportItemAnalysis.aspx?args=s79LFcKIz38I3KnjVa8bndXW10O9xT8iHBsDLrrvKeJOwtiTDWDiVuCzhYMbeV9FLCOwa367J9bhcQl+wWPAKQDk2sJrDQeeuLuVkHXvO6dR9pDnA2xw25fbHEADFLf4GR/d96Sz2zzke4Are5p5Q2OROWhjPYbjSBNZvUxv8ElO7x9AwlwKc+A14Ii9ABoqcLBd+XgaKfFs5tCyhgvo34FYQBRx2tVWH8t35jyFdFa22XRBT7oLCktx+ZL60griLeYEIkTsB19xoGyXFmdert1pTZtdFNcWc96KvsaIdryt/c3sI1kQsDL6dVT+5o0iv9T09nxy++4UunTbRGY3I1G4vAeLgWot1282/8i3uCa5XNUQDgrs4/NO1LPDS1LIntHErxmQtzlua6MG2md6GGMIEhZvaQ5JdgLYsdUOqOIuN65juNL+L9WVeVuifp1B, line 1: ReferenceError: False is not defined
1540991246143	Marionette	DEBUG	[6442450945] Received DOM event pageshow for http://192.168.10.124/EdInsight/Form/LocalAssessment/ReportItemAnalysis.aspx?args=s79LFcKIz38I3KnjVa8bndXW10O9xT8iHBsDLrrvKeJ ... 09nxy++4UunTbRGY3I1G4vAeLgWot1282/8i3uCa5XNUQDgrs4/NO1LPDS1LIntHErxmQtzlua6MG2md6GGMIEhZvaQ5JdgLYsdUOqOIuN65juNL+L9WVeVuifp1B
JavaScript error: http://192.168.10.124/EdInsight/Login.aspx, line 148: ReferenceError: search is not defined
]]></system-err>
  </testcase>
  <testcase name="TCED14087" classname="com.analyzeByScore.ItemAnalysisbyQuestion" time="5.187"/>
  <testcase name="TCED14088" classname="com.analyzeByScore.ItemAnalysisbyQuestion" time="4.994"/>
  <testcase name="TCED14089" classname="com.analyzeByScore.ItemAnalysisbyQuestion" time="8.645"/>
  <testcase name="TCED14090" classname="com.analyzeByScore.ItemAnalysisbyQuestion" time="0.891"/>
  <testcase name="TCED14091" classname="com.analyzeByScore.ItemAnalysisbyQuestion" time="38.708">
    <failure message="Timeout during waiting for element: &apos;//a[contains(text(),&apos;2(50%)&apos;)]&apos;" type="java.lang.AssertionError">java.lang.AssertionError: Timeout during waiting for element: '//a[contains(text(),'2(50%)')]'
	at Library.BaseClassOne.waitFor(BaseClassOne.java:273)
	at Library.BaseClassOne.click(BaseClassOne.java:185)
	at com.analyzeByScore.ItemAnalysisbyQuestion.TCED14091(ItemAnalysisbyQuestion.java:263)
</failure>
    <system-err><![CDATA[1540991296508	Marionette	DEBUG	[6442450945] Canceled page load listener because no navigation has been detected
1540991296578	Marionette	DEBUG	[6442450945] Received DOM event beforeunload for http://192.168.10.124/EdInsight/Form/LocalAssessment/ReportStudentList.aspx?args=s79LFcKIz38I3KnjVa8bncQOxJtcOeXgVEcXyxJKap2n ... jrKDNYCLrefqHKdznOLV0CN+y9+UMJlAshKFDCV3408rquxv5Wb94Zqpxdi0BZuWWdGjD0fGwxWBLsfUsadL78SwQnRBgf94CG6en+QE9e3i2MlWcIo9zpe7q6Q==
1540991296711	Marionette	DEBUG	[6442450945] Received DOM event pagehide for http://192.168.10.124/EdInsight/Form/LocalAssessment/ReportStudentList.aspx?args=s79LFcKIz38I3KnjVa8bncQOxJtcOeXgVEcXyxJKap2n ... jrKDNYCLrefqHKdznOLV0CN+y9+UMJlAshKFDCV3408rquxv5Wb94Zqpxdi0BZuWWdGjD0fGwxWBLsfUsadL78SwQnRBgf94CG6en+QE9e3i2MlWcIo9zpe7q6Q==
1540991296713	Marionette	DEBUG	[6442450945] Received DOM event unload for http://192.168.10.124/EdInsight/Form/LocalAssessment/ReportStudentList.aspx?args=s79LFcKIz38I3KnjVa8bncQOxJtcOeXgVEcXyxJKap2n ... jrKDNYCLrefqHKdznOLV0CN+y9+UMJlAshKFDCV3408rquxv5Wb94Zqpxdi0BZuWWdGjD0fGwxWBLsfUsadL78SwQnRBgf94CG6en+QE9e3i2MlWcIo9zpe7q6Q==
1540991296892	Marionette	DEBUG	[6442450945] Received observer notification outer-window-destroyed for 6442451477
1540991296892	Marionette	DEBUG	[6442450945] Received observer notification outer-window-destroyed for 6442451483
1540991296892	Marionette	DEBUG	[6442450945] Received observer notification outer-window-destroyed for 6442451484
1540991296964	Marionette	DEBUG	[6442450945] Received DOM event DOMContentLoaded for http://192.168.10.124/EdInsight/Form/LocalAssessment/AssessmentReports.aspx?args=s79LFcKIz38I3KnjVa8bnZW0gJogFXuRkb5nxpk/dE2QzhfL7BxR7KP7p0Ejgk1u+q9A9FR61qGDOjLZ2auh7AQqpJ+DJSI75mFM8Xm9tDPmnfZR+IgGjAdnrliubYHTYVtMBCoy2ItZ93aJBQXCHw==
1540991297032	Marionette	DEBUG	[6442450945] Received observer notification outer-window-destroyed for 6442451490
1540991297033	Marionette	DEBUG	[6442450945] Received observer notification outer-window-destroyed for 6442451491
JavaScript error: http://192.168.10.124/EdInsight/Form/LocalAssessment/AssessmentReports.aspx?args=s79LFcKIz38I3KnjVa8bnZW0gJogFXuRkb5nxpk/dE2QzhfL7BxR7KP7p0Ejgk1u+q9A9FR61qGDOjLZ2auh7AQqpJ+DJSI75mFM8Xm9tDPmnfZR+IgGjAdnrliubYHTYVtMBCoy2ItZ93aJBQXCHw==, line 1: ReferenceError: False is not defined
1540991297051	Marionette	DEBUG	[6442450945] Received DOM event pageshow for http://192.168.10.124/EdInsight/Form/LocalAssessment/AssessmentReports.aspx?args=s79LFcKIz38I3KnjVa8bnZW0gJogFXuRkb5nxpk/dE2QzhfL7BxR7KP7p0Ejgk1u+q9A9FR61qGDOjLZ2auh7AQqpJ+DJSI75mFM8Xm9tDPmnfZR+IgGjAdnrliubYHTYVtMBCoy2ItZ93aJBQXCHw==
1540991297094	Marionette	DEBUG	[6442450945] Received DOM event beforeunload for http://192.168.10.124/EdInsight/Form/LocalAssessment/AssessmentReports.aspx?args=s79LFcKIz38I3KnjVa8bnZW0gJogFXuRkb5nxpk/dE2QzhfL7BxR7KP7p0Ejgk1u+q9A9FR61qGDOjLZ2auh7AQqpJ+DJSI75mFM8Xm9tDPmnfZR+IgGjAdnrliubYHTYVtMBCoy2ItZ93aJBQXCHw==
1540991297219	Marionette	DEBUG	[6442450945] Received DOM event pagehide for http://192.168.10.124/EdInsight/Form/LocalAssessment/AssessmentReports.aspx?args=s79LFcKIz38I3KnjVa8bnZW0gJogFXuRkb5nxpk/dE2QzhfL7BxR7KP7p0Ejgk1u+q9A9FR61qGDOjLZ2auh7AQqpJ+DJSI75mFM8Xm9tDPmnfZR+IgGjAdnrliubYHTYVtMBCoy2ItZ93aJBQXCHw==
1540991297219	Marionette	DEBUG	[6442450945] Received DOM event unload for http://192.168.10.124/EdInsight/Form/LocalAssessment/AssessmentReports.aspx?args=s79LFcKIz38I3KnjVa8bnZW0gJogFXuRkb5nxpk/dE2QzhfL7BxR7KP7p0Ejgk1u+q9A9FR61qGDOjLZ2auh7AQqpJ+DJSI75mFM8Xm9tDPmnfZR+IgGjAdnrliubYHTYVtMBCoy2ItZ93aJBQXCHw==
1540991297373	Marionette	DEBUG	[6442450945] Received observer notification outer-window-destroyed for 6442451488
1540991297374	Marionette	DEBUG	[6442450945] Received observer notification outer-window-destroyed for 6442451494
1540991297374	Marionette	DEBUG	[6442450945] Received observer notification outer-window-destroyed for 6442451495
1540991297443	Marionette	DEBUG	[6442450945] Received DOM event DOMContentLoaded for http://192.168.10.124/EdInsight/Form/LocalAssessment/ReportItemAnalysisParams.aspx?args=s79LFcKIz38I3KnjVa8bnXe7VZQVKajnWFSdSlge3M8=
1540991297497	Marionette	DEBUG	[6442450945] Received observer notification outer-window-destroyed for 6442451501
1540991297501	Marionette	DEBUG	[6442450945] Received observer notification outer-window-destroyed for 6442451502
JavaScript error: http://192.168.10.124/EdInsight/Form/LocalAssessment/ReportItemAnalysisParams.aspx?args=s79LFcKIz38I3KnjVa8bnXe7VZQVKajnWFSdSlge3M8=, line 1: ReferenceError: False is not defined
1540991297530	Marionette	DEBUG	[6442450945] Received DOM event pageshow for http://192.168.10.124/EdInsight/Form/LocalAssessment/ReportItemAnalysisParams.aspx?args=s79LFcKIz38I3KnjVa8bnXe7VZQVKajnWFSdSlge3M8=
1540991297621	Marionette	DEBUG	[6442450945] Received DOM event beforeunload for http://192.168.10.124/EdInsight/Form/LocalAssessment/ReportItemAnalysisParams.aspx?args=s79LFcKIz38I3KnjVa8bnXe7VZQVKajnWFSdSlge3M8=
1540991297784	Marionette	DEBUG	[6442450945] Received DOM event pagehide for http://192.168.10.124/EdInsight/Form/LocalAssessment/ReportItemAnalysisParams.aspx?args=s79LFcKIz38I3KnjVa8bnXe7VZQVKajnWFSdSlge3M8=
1540991297785	Marionette	DEBUG	[6442450945] Received DOM event unload for http://192.168.10.124/EdInsight/Form/LocalAssessment/ReportItemAnalysisParams.aspx?args=s79LFcKIz38I3KnjVa8bnXe7VZQVKajnWFSdSlge3M8=
1540991297957	Marionette	DEBUG	[6442450945] Received observer notification outer-window-destroyed for 6442451499
1540991297957	Marionette	DEBUG	[6442450945] Received observer notification outer-window-destroyed for 6442451505
1540991297959	Marionette	DEBUG	[6442450945] Received observer notification outer-window-destroyed for 6442451506
1540991298033	Marionette	DEBUG	[6442450945] Received DOM event DOMContentLoaded for http://192.168.10.124/EdInsight/Form/LocalAssessment/ReportItemAnalysisParams.aspx?args=s79LFcKIz38I3KnjVa8bnXVCYhDgKfFFjpDUv7wpr/E=
1540991298078	Marionette	DEBUG	[6442450945] Received observer notification outer-window-destroyed for 6442451512
1540991298080	Marionette	DEBUG	[6442450945] Received observer notification outer-window-destroyed for 6442451513
JavaScript error: http://192.168.10.124/EdInsight/Form/LocalAssessment/ReportItemAnalysisParams.aspx?args=s79LFcKIz38I3KnjVa8bnXVCYhDgKfFFjpDUv7wpr/E=, line 1: ReferenceError: False is not defined
1540991298112	Marionette	DEBUG	[6442450945] Received DOM event pageshow for http://192.168.10.124/EdInsight/Form/LocalAssessment/ReportItemAnalysisParams.aspx?args=s79LFcKIz38I3KnjVa8bnXVCYhDgKfFFjpDUv7wpr/E=
1540991298151	Marionette	DEBUG	[6442450945] Received DOM event beforeunload for http://192.168.10.124/EdInsight/Form/LocalAssessment/ReportItemAnalysisParams.aspx?args=s79LFcKIz38I3KnjVa8bnXVCYhDgKfFFjpDUv7wpr/E=
1540991298257	Marionette	DEBUG	[6442450945] Received DOM event pagehide for http://192.168.10.124/EdInsight/Form/LocalAssessment/ReportItemAnalysisParams.aspx?args=s79LFcKIz38I3KnjVa8bnXVCYhDgKfFFjpDUv7wpr/E=
1540991298257	Marionette	DEBUG	[6442450945] Received DOM event unload for http://192.168.10.124/EdInsight/Form/LocalAssessment/ReportItemAnalysisParams.aspx?args=s79LFcKIz38I3KnjVa8bnXVCYhDgKfFFjpDUv7wpr/E=
1540991298407	Marionette	DEBUG	[6442450945] Received observer notification outer-window-destroyed for 6442451510
1540991298407	Marionette	DEBUG	[6442450945] Received observer notification outer-window-destroyed for 6442451516
1540991298407	Marionette	DEBUG	[6442450945] Received observer notification outer-window-destroyed for 6442451517
1540991298491	Marionette	DEBUG	[6442450945] Received DOM event DOMContentLoaded for http://192.168.10.124/EdInsight/Form/LocalAssessment/ReportItemAnalysisParams.aspx?args=s79LFcKIz38I3KnjVa8bnbOUhoX+w1joAfRSwAg++98=
1540991298549	Marionette	DEBUG	[6442450945] Received observer notification outer-window-destroyed for 6442451523
1540991298553	Marionette	DEBUG	[6442450945] Received observer notification outer-window-destroyed for 6442451524
JavaScript error: http://192.168.10.124/EdInsight/Form/LocalAssessment/ReportItemAnalysisParams.aspx?args=s79LFcKIz38I3KnjVa8bnbOUhoX+w1joAfRSwAg++98=, line 1: ReferenceError: False is not defined
1540991298585	Marionette	DEBUG	[6442450945] Received DOM event pageshow for http://192.168.10.124/EdInsight/Form/LocalAssessment/ReportItemAnalysisParams.aspx?args=s79LFcKIz38I3KnjVa8bnbOUhoX+w1joAfRSwAg++98=
1540991298619	Marionette	DEBUG	[6442450945] Received DOM event beforeunload for http://192.168.10.124/EdInsight/Form/LocalAssessment/ReportItemAnalysisParams.aspx?args=s79LFcKIz38I3KnjVa8bnbOUhoX+w1joAfRSwAg++98=
1540991298722	Marionette	DEBUG	[6442450945] Received DOM event pagehide for http://192.168.10.124/EdInsight/Form/LocalAssessment/ReportItemAnalysisParams.aspx?args=s79LFcKIz38I3KnjVa8bnbOUhoX+w1joAfRSwAg++98=
1540991298722	Marionette	DEBUG	[6442450945] Received DOM event unload for http://192.168.10.124/EdInsight/Form/LocalAssessment/ReportItemAnalysisParams.aspx?args=s79LFcKIz38I3KnjVa8bnbOUhoX+w1joAfRSwAg++98=
1540991298821	Marionette	DEBUG	[6442450945] Received observer notification outer-window-destroyed for 6442451521
1540991298821	Marionette	DEBUG	[6442450945] Received observer notification outer-window-destroyed for 6442451527
1540991298821	Marionette	DEBUG	[6442450945] Received observer notification outer-window-destroyed for 6442451528
1540991298941	Marionette	DEBUG	[6442450945] Received DOM event DOMContentLoaded for http://192.168.10.124/EdInsight/Form/LocalAssessment/ReportItemAnalysisParams.aspx?args=s79LFcKIz38I3KnjVa8bnaktgbzrF9NpJXj/Shr/pKs=
1540991298985	Marionette	DEBUG	[6442450945] Received observer notification outer-window-destroyed for 6442451534
1540991298987	Marionette	DEBUG	[6442450945] Received observer notification outer-window-destroyed for 6442451535
JavaScript error: http://192.168.10.124/EdInsight/Form/LocalAssessment/ReportItemAnalysisParams.aspx?args=s79LFcKIz38I3KnjVa8bnaktgbzrF9NpJXj/Shr/pKs=, line 1: ReferenceError: False is not defined
1540991299017	Marionette	DEBUG	[6442450945] Received DOM event pageshow for http://192.168.10.124/EdInsight/Form/LocalAssessment/ReportItemAnalysisParams.aspx?args=s79LFcKIz38I3KnjVa8bnaktgbzrF9NpJXj/Shr/pKs=
1540991299060	Marionette	DEBUG	[6442450945] Received DOM event beforeunload for http://192.168.10.124/EdInsight/Form/LocalAssessment/ReportItemAnalysisParams.aspx?args=s79LFcKIz38I3KnjVa8bnaktgbzrF9NpJXj/Shr/pKs=
1540991299211	Marionette	DEBUG	[6442450945] Received DOM event pagehide for http://192.168.10.124/EdInsight/Form/LocalAssessment/ReportItemAnalysisParams.aspx?args=s79LFcKIz38I3KnjVa8bnaktgbzrF9NpJXj/Shr/pKs=
1540991299212	Marionette	DEBUG	[6442450945] Received DOM event unload for http://192.168.10.124/EdInsight/Form/LocalAssessment/ReportItemAnalysisParams.aspx?args=s79LFcKIz38I3KnjVa8bnaktgbzrF9NpJXj/Shr/pKs=
1540991299325	Marionette	DEBUG	[6442450945] Received observer notification outer-window-destroyed for 6442451532
1540991299325	Marionette	DEBUG	[6442450945] Received observer notification outer-window-destroyed for 6442451538
1540991299325	Marionette	DEBUG	[6442450945] Received observer notification outer-window-destroyed for 6442451539
1540991299402	Marionette	DEBUG	[6442450945] Received DOM event DOMContentLoaded for http://192.168.10.124/EdInsight/Form/LocalAssessment/ReportItemAnalysis.aspx?args=yMN/V9xZUJl/u0X8hD/kYiZ7N0Rvgi5YBzRhOsQaIx2 ... F1KivenFQAOgGL+AwkzP9rrHXMfdYT0V3GYIHPnXbROY7dT5IA+zFOBFEFENOsA/DLVqOtn1gWmpdj5IY2GotqMm4RX4CRd0mBI69+OGVC9u116S1b1Ap5b1nB4eO
1540991299457	Marionette	DEBUG	[6442450945] Received observer notification outer-window-destroyed for 6442451545
1540991299460	Marionette	DEBUG	[6442450945] Received observer notification outer-window-destroyed for 6442451546
JavaScript error: http://192.168.10.124/EdInsight/Form/LocalAssessment/ReportItemAnalysis.aspx?args=yMN/V9xZUJl/u0X8hD/kYiZ7N0Rvgi5YBzRhOsQaIx2mYxSQdbKVFfM1rObJke4qY2jmWGTDWQhora0W/Gx32FL/9aojlkzHVUS5tAusVVyFkOWM8YdCgFbWdyUDIrCUS4aA7fD2JCo7KPo+Cz6IHsfsXHcntD5dOawOuvsRZrAgd3TQMpok850TAt4OT6wF2sae+aEViUURES7Od7iNG9ewfA0QwA72GoKBJtPVvWhCwC+vDOTmWPuwNhJMIyJgakcVrwN9m2yvF7ga5c5M98N/WlHCn9hmy7z9J/B/G8smERdHjOAcep6vMnATRh76NgxF1KivenFQAOgGL+AwkzP9rrHXMfdYT0V3GYIHPnXbROY7dT5IA+zFOBFEFENOsA/DLVqOtn1gWmpdj5IY2GotqMm4RX4CRd0mBI69+OGVC9u116S1b1Ap5b1nB4eO, line 1: ReferenceError: False is not defined
1540991299495	Marionette	DEBUG	[6442450945] Received DOM event pageshow for http://192.168.10.124/EdInsight/Form/LocalAssessment/ReportItemAnalysis.aspx?args=yMN/V9xZUJl/u0X8hD/kYiZ7N0Rvgi5YBzRhOsQaIx2 ... F1KivenFQAOgGL+AwkzP9rrHXMfdYT0V3GYIHPnXbROY7dT5IA+zFOBFEFENOsA/DLVqOtn1gWmpdj5IY2GotqMm4RX4CRd0mBI69+OGVC9u116S1b1Ap5b1nB4eO
1540991300571	Marionette	DEBUG	[6442450945] Received DOM event beforeunload for http://192.168.10.124/EdInsight/Form/LocalAssessment/ReportItemAnalysis.aspx?args=yMN/V9xZUJl/u0X8hD/kYiZ7N0Rvgi5YBzRhOsQaIx2 ... F1KivenFQAOgGL+AwkzP9rrHXMfdYT0V3GYIHPnXbROY7dT5IA+zFOBFEFENOsA/DLVqOtn1gWmpdj5IY2GotqMm4RX4CRd0mBI69+OGVC9u116S1b1Ap5b1nB4eO
1540991300691	Marionette	DEBUG	[6442450945] Received DOM event pagehide for http://192.168.10.124/EdInsight/Form/LocalAssessment/ReportItemAnalysis.aspx?args=yMN/V9xZUJl/u0X8hD/kYiZ7N0Rvgi5YBzRhOsQaIx2 ... F1KivenFQAOgGL+AwkzP9rrHXMfdYT0V3GYIHPnXbROY7dT5IA+zFOBFEFENOsA/DLVqOtn1gWmpdj5IY2GotqMm4RX4CRd0mBI69+OGVC9u116S1b1Ap5b1nB4eO
1540991300692	Marionette	DEBUG	[6442450945] Received DOM event unload for http://192.168.10.124/EdInsight/Form/LocalAssessment/ReportItemAnalysis.aspx?args=yMN/V9xZUJl/u0X8hD/kYiZ7N0Rvgi5YBzRhOsQaIx2 ... F1KivenFQAOgGL+AwkzP9rrHXMfdYT0V3GYIHPnXbROY7dT5IA+zFOBFEFENOsA/DLVqOtn1gWmpdj5IY2GotqMm4RX4CRd0mBI69+OGVC9u116S1b1Ap5b1nB4eO
1540991300853	Marionette	DEBUG	[6442450945] Received observer notification outer-window-destroyed for 6442451543
1540991300853	Marionette	DEBUG	[6442450945] Received observer notification outer-window-destroyed for 6442451549
1540991300853	Marionette	DEBUG	[6442450945] Received observer notification outer-window-destroyed for 6442451550
1540991300925	Marionette	DEBUG	[6442450945] Received DOM event DOMContentLoaded for http://192.168.10.124/EdInsight/Form/LocalAssessment/ReportItemAnalysis.aspx?args=s79LFcKIz38I3KnjVa8bnTjZG/0C/5DA++XXUq6y2AL ... qCVrWnb1115iY6fgVG5M0HFEdOwejKlurWPsIwjjRamFbfr8NA/JpBwrAh0U4a7+Enhbr71mGj6MPNqzgfPhjPDWPJJrZXdCLxgl2DmnK4/NJFFeN8IwtPl8dbAuq
1540991300970	Marionette	DEBUG	[6442450945] Received observer notification outer-window-destroyed for 6442451556
1540991300972	Marionette	DEBUG	[6442450945] Received observer notification outer-window-destroyed for 6442451557
JavaScript error: http://192.168.10.124/EdInsight/Form/LocalAssessment/ReportItemAnalysis.aspx?args=s79LFcKIz38I3KnjVa8bnTjZG/0C/5DA++XXUq6y2ALYW9jAkilFmbkDyOFav6KG9Z0JSxm2WVCXSQ59gnxYx05aVq4aBUYz6gjkJDAcsPlgYZ8AFO1I6WLIidU3xXtNeHM8BR88f7LvI+dKbL0sda6g6Ma6sti4WhUQhwCKwZ0EpzdUUJa7QaylXVZ/B4mON4/BmXJ+dUOKO68YKxY7SBqOgpLVeklHJAnxRp2b9q8h4U1BxLmFEIJv693AX+uE7cxmLuJhG6naasdOVr6czhftTLcKQEAEplkyY91mbyt5UH4C/A6ClQtW6aLSIgKpfZHqCVrWnb1115iY6fgVG5M0HFEdOwejKlurWPsIwjjRamFbfr8NA/JpBwrAh0U4a7+Enhbr71mGj6MPNqzgfPhjPDWPJJrZXdCLxgl2DmnK4/NJFFeN8IwtPl8dbAuq, line 1: ReferenceError: False is not defined
1540991301004	Marionette	DEBUG	[6442450945] Received DOM event pageshow for http://192.168.10.124/EdInsight/Form/LocalAssessment/ReportItemAnalysis.aspx?args=s79LFcKIz38I3KnjVa8bnTjZG/0C/5DA++XXUq6y2AL ... qCVrWnb1115iY6fgVG5M0HFEdOwejKlurWPsIwjjRamFbfr8NA/JpBwrAh0U4a7+Enhbr71mGj6MPNqzgfPhjPDWPJJrZXdCLxgl2DmnK4/NJFFeN8IwtPl8dbAuq
1540991303095	Marionette	DEBUG	[6442450945] Received DOM event beforeunload for http://192.168.10.124/EdInsight/Form/LocalAssessment/ReportItemAnalysis.aspx?args=s79LFcKIz38I3KnjVa8bnTjZG/0C/5DA++XXUq6y2AL ... qCVrWnb1115iY6fgVG5M0HFEdOwejKlurWPsIwjjRamFbfr8NA/JpBwrAh0U4a7+Enhbr71mGj6MPNqzgfPhjPDWPJJrZXdCLxgl2DmnK4/NJFFeN8IwtPl8dbAuq
1540991303298	Marionette	DEBUG	[6442450945] Received DOM event pagehide for http://192.168.10.124/EdInsight/Form/LocalAssessment/ReportItemAnalysis.aspx?args=s79LFcKIz38I3KnjVa8bnTjZG/0C/5DA++XXUq6y2AL ... qCVrWnb1115iY6fgVG5M0HFEdOwejKlurWPsIwjjRamFbfr8NA/JpBwrAh0U4a7+Enhbr71mGj6MPNqzgfPhjPDWPJJrZXdCLxgl2DmnK4/NJFFeN8IwtPl8dbAuq
1540991303299	Marionette	DEBUG	[6442450945] Received DOM event unload for http://192.168.10.124/EdInsight/Form/LocalAssessment/ReportItemAnalysis.aspx?args=s79LFcKIz38I3KnjVa8bnTjZG/0C/5DA++XXUq6y2AL ... qCVrWnb1115iY6fgVG5M0HFEdOwejKlurWPsIwjjRamFbfr8NA/JpBwrAh0U4a7+Enhbr71mGj6MPNqzgfPhjPDWPJJrZXdCLxgl2DmnK4/NJFFeN8IwtPl8dbAuq
1540991303464	Marionette	DEBUG	[6442450945] Received observer notification outer-window-destroyed for 6442451554
1540991303465	Marionette	DEBUG	[6442450945] Received observer notification outer-window-destroyed for 6442451560
1540991303465	Marionette	DEBUG	[6442450945] Received observer notification outer-window-destroyed for 6442451561
1540991303537	Marionette	DEBUG	[6442450945] Received DOM event DOMContentLoaded for http://192.168.10.124/EdInsight/Form/LocalAssessment/ReportItemAnalysis.aspx?args=s79LFcKIz38I3KnjVa8bnfxb0qd4HVYWHI+yNFTge82 ... OGKBzj9lv6hCmI3jc/JkJLUjd7df6AhoGPrgRAnKh+xTXT6ya24b5NcvPqaXzNCQ+1MfanDm0bG5k+juYihN/6E3mOf+SU+oxxoqMLqADFuQdkYR0f0RuX3M6yEUb
1540991303585	Marionette	DEBUG	[6442450945] Received observer notification outer-window-destroyed for 6442451567
1540991303590	Marionette	DEBUG	[6442450945] Received observer notification outer-window-destroyed for 6442451568
JavaScript error: http://192.168.10.124/EdInsight/Form/LocalAssessment/ReportItemAnalysis.aspx?args=s79LFcKIz38I3KnjVa8bnfxb0qd4HVYWHI+yNFTge82zBZ5kYeKjDN8C5BS4ZPJ/l9dvQ3+tzFvaStEk3qZ2hA+1shOkrxPqqTpg8f4pugzljolggQBv71BZEwijesUybaU0spuPjB/stwKqrf2PNeQeUD2PtSNCPJtKVH5p1Wi2Q7vgzFGRWlziTyyVD02yNFKYKQduc1wmALHR8ofe/0uv9HV4ssnMtE5+dHIDc607vxPjp458AKSkbcuhZXZi82mz7YJ3mPOb15WFdU6WYIcKgRw/hqJCqg3TWjkGHTcZu7crBc0n+EyRTAzkEww2R9vOGKBzj9lv6hCmI3jc/JkJLUjd7df6AhoGPrgRAnKh+xTXT6ya24b5NcvPqaXzNCQ+1MfanDm0bG5k+juYihN/6E3mOf+SU+oxxoqMLqADFuQdkYR0f0RuX3M6yEUb, line 1: ReferenceError: False is not defined
1540991303609	Marionette	DEBUG	[6442450945] Received DOM event pageshow for http://192.168.10.124/EdInsight/Form/LocalAssessment/ReportItemAnalysis.aspx?args=s79LFcKIz38I3KnjVa8bnfxb0qd4HVYWHI+yNFTge82 ... OGKBzj9lv6hCmI3jc/JkJLUjd7df6AhoGPrgRAnKh+xTXT6ya24b5NcvPqaXzNCQ+1MfanDm0bG5k+juYihN/6E3mOf+SU+oxxoqMLqADFuQdkYR0f0RuX3M6yEUb
1540991303654	Marionette	DEBUG	[6442450945] Received DOM event beforeunload for http://192.168.10.124/EdInsight/Form/LocalAssessment/ReportItemAnalysis.aspx?args=s79LFcKIz38I3KnjVa8bnfxb0qd4HVYWHI+yNFTge82 ... OGKBzj9lv6hCmI3jc/JkJLUjd7df6AhoGPrgRAnKh+xTXT6ya24b5NcvPqaXzNCQ+1MfanDm0bG5k+juYihN/6E3mOf+SU+oxxoqMLqADFuQdkYR0f0RuX3M6yEUb
1540991304185	Marionette	DEBUG	[6442450945] Received DOM event pagehide for http://192.168.10.124/EdInsight/Form/LocalAssessment/ReportItemAnalysis.aspx?args=s79LFcKIz38I3KnjVa8bnfxb0qd4HVYWHI+yNFTge82 ... OGKBzj9lv6hCmI3jc/JkJLUjd7df6AhoGPrgRAnKh+xTXT6ya24b5NcvPqaXzNCQ+1MfanDm0bG5k+juYihN/6E3mOf+SU+oxxoqMLqADFuQdkYR0f0RuX3M6yEUb
1540991304187	Marionette	DEBUG	[6442450945] Received DOM event unload for http://192.168.10.124/EdInsight/Form/LocalAssessment/ReportItemAnalysis.aspx?args=s79LFcKIz38I3KnjVa8bnfxb0qd4HVYWHI+yNFTge82 ... OGKBzj9lv6hCmI3jc/JkJLUjd7df6AhoGPrgRAnKh+xTXT6ya24b5NcvPqaXzNCQ+1MfanDm0bG5k+juYihN/6E3mOf+SU+oxxoqMLqADFuQdkYR0f0RuX3M6yEUb
1540991304383	Marionette	DEBUG	[6442450945] Received observer notification outer-window-destroyed for 6442451565
1540991304384	Marionette	DEBUG	[6442450945] Received observer notification outer-window-destroyed for 6442451571
1540991304384	Marionette	DEBUG	[6442450945] Received observer notification outer-window-destroyed for 6442451572
1540991304479	Marionette	DEBUG	[6442450945] Received DOM event DOMContentLoaded for http://192.168.10.124/EdInsight/Form/LocalAssessment/ReportItemAnalysis.aspx?args=s79LFcKIz38I3KnjVa8bnbvIenoR+Sjlw+acAdP/aFo ... SaY+c2lxhQpTD5ZC6Zx6igbnv7Y2YJfrFBn1R/4mlVPD03ia6Mf/OXjVyxWmOeGKCGRkZEAXAXG+OVbgd3J0wL+TFVXgKO+0Z5Csr95ZEFXK8C5zAKgfTRcTzTLX+
1540991304534	Marionette	DEBUG	[6442450945] Received observer notification outer-window-destroyed for 6442451578
1540991304536	Marionette	DEBUG	[6442450945] Received observer notification outer-window-destroyed for 6442451579
JavaScript error: http://192.168.10.124/EdInsight/Form/LocalAssessment/ReportItemAnalysis.aspx?args=s79LFcKIz38I3KnjVa8bnbvIenoR+Sjlw+acAdP/aFoYLSagaxImid1h4gPIl37aOwgsn5b9P+ivKiLb/HhyV+wInhmeo7SnZhJ7Fr0p/Ssv5sJiPV1LFW+gDAIrFIIE48v6gLGZDXS9Yc5Bg77k426f/5r+4sAM1AVmOCGz9cG2E4RGobT50pUF/9Sm5kY952X49pGl7Qm2G+A5gDtYisfgJFy2hmsqyOHfy/UukoBi/OYXWVgLsNeQODHvtGEqQInc6NEVxsRp51qEl/ylwuCGQbit2yPlkCE7a6JdlLtXZ7KdOgD1Wc6Uiw5EWV1cQIISaY+c2lxhQpTD5ZC6Zx6igbnv7Y2YJfrFBn1R/4mlVPD03ia6Mf/OXjVyxWmOeGKCGRkZEAXAXG+OVbgd3J0wL+TFVXgKO+0Z5Csr95ZEFXK8C5zAKgfTRcTzTLX+, line 1: ReferenceError: False is not defined
1540991304566	Marionette	DEBUG	[6442450945] Received DOM event pageshow for http://192.168.10.124/EdInsight/Form/LocalAssessment/ReportItemAnalysis.aspx?args=s79LFcKIz38I3KnjVa8bnbvIenoR+Sjlw+acAdP/aFo ... SaY+c2lxhQpTD5ZC6Zx6igbnv7Y2YJfrFBn1R/4mlVPD03ia6Mf/OXjVyxWmOeGKCGRkZEAXAXG+OVbgd3J0wL+TFVXgKO+0Z5Csr95ZEFXK8C5zAKgfTRcTzTLX+
]]></system-err>
  </testcase>
  <testcase name="TCED14092" classname="com.analyzeByScore.ItemAnalysisbyQuestion" time="39.761">
    <failure message="Timeout during waiting for element: &apos;//a[contains(text(),&apos;1(25%)&apos;)]&apos;" type="java.lang.AssertionError">java.lang.AssertionError: Timeout during waiting for element: '//a[contains(text(),'1(25%)')]'
	at Library.BaseClassOne.waitFor(BaseClassOne.java:273)
	at Library.BaseClassOne.click(BaseClassOne.java:185)
	at com.analyzeByScore.ItemAnalysisbyQuestion.TCED14092(ItemAnalysisbyQuestion.java:294)
</failure>
    <system-err><![CDATA[1540991335373	Marionette	DEBUG	[6442450945] Canceled page load listener because no navigation has been detected
1540991335438	Marionette	DEBUG	[6442450945] Received DOM event beforeunload for http://192.168.10.124/EdInsight/Form/LocalAssessment/ReportItemAnalysis.aspx?args=s79LFcKIz38I3KnjVa8bnbvIenoR+Sjlw+acAdP/aFo ... SaY+c2lxhQpTD5ZC6Zx6igbnv7Y2YJfrFBn1R/4mlVPD03ia6Mf/OXjVyxWmOeGKCGRkZEAXAXG+OVbgd3J0wL+TFVXgKO+0Z5Csr95ZEFXK8C5zAKgfTRcTzTLX+
1540991335575	Marionette	DEBUG	[6442450945] Received DOM event pagehide for http://192.168.10.124/EdInsight/Form/LocalAssessment/ReportItemAnalysis.aspx?args=s79LFcKIz38I3KnjVa8bnbvIenoR+Sjlw+acAdP/aFo ... SaY+c2lxhQpTD5ZC6Zx6igbnv7Y2YJfrFBn1R/4mlVPD03ia6Mf/OXjVyxWmOeGKCGRkZEAXAXG+OVbgd3J0wL+TFVXgKO+0Z5Csr95ZEFXK8C5zAKgfTRcTzTLX+
1540991335576	Marionette	DEBUG	[6442450945] Received DOM event unload for http://192.168.10.124/EdInsight/Form/LocalAssessment/ReportItemAnalysis.aspx?args=s79LFcKIz38I3KnjVa8bnbvIenoR+Sjlw+acAdP/aFo ... SaY+c2lxhQpTD5ZC6Zx6igbnv7Y2YJfrFBn1R/4mlVPD03ia6Mf/OXjVyxWmOeGKCGRkZEAXAXG+OVbgd3J0wL+TFVXgKO+0Z5Csr95ZEFXK8C5zAKgfTRcTzTLX+
1540991335756	Marionette	DEBUG	[6442450945] Received observer notification outer-window-destroyed for 6442451576
1540991335756	Marionette	DEBUG	[6442450945] Received observer notification outer-window-destroyed for 6442451582
1540991335756	Marionette	DEBUG	[6442450945] Received observer notification outer-window-destroyed for 6442451583
1540991335827	Marionette	DEBUG	[6442450945] Received DOM event DOMContentLoaded for http://192.168.10.124/EdInsight/Form/LocalAssessment/AssessmentReports.aspx?args=s79LFcKIz38I3KnjVa8bnaTUAdvuU7PNXVNjsmrPuDLvTi2HrB3ZftMNWOmzafJqNMSiB/dFB9Yb6SzXNUFP2WkW1VBJCaq90JKK8AJ0U7tMWnzlxJyonP4k8134Kba0oiu9CstiA/JcCdf4aBabOg==
1540991335900	Marionette	DEBUG	[6442450945] Received observer notification outer-window-destroyed for 6442451589
1540991335902	Marionette	DEBUG	[6442450945] Received observer notification outer-window-destroyed for 6442451590
JavaScript error: http://192.168.10.124/EdInsight/Form/LocalAssessment/AssessmentReports.aspx?args=s79LFcKIz38I3KnjVa8bnaTUAdvuU7PNXVNjsmrPuDLvTi2HrB3ZftMNWOmzafJqNMSiB/dFB9Yb6SzXNUFP2WkW1VBJCaq90JKK8AJ0U7tMWnzlxJyonP4k8134Kba0oiu9CstiA/JcCdf4aBabOg==, line 1: ReferenceError: False is not defined
1540991335920	Marionette	DEBUG	[6442450945] Received DOM event pageshow for http://192.168.10.124/EdInsight/Form/LocalAssessment/AssessmentReports.aspx?args=s79LFcKIz38I3KnjVa8bnaTUAdvuU7PNXVNjsmrPuDLvTi2HrB3ZftMNWOmzafJqNMSiB/dFB9Yb6SzXNUFP2WkW1VBJCaq90JKK8AJ0U7tMWnzlxJyonP4k8134Kba0oiu9CstiA/JcCdf4aBabOg==
1540991335968	Marionette	DEBUG	[6442450945] Received DOM event beforeunload for http://192.168.10.124/EdInsight/Form/LocalAssessment/AssessmentReports.aspx?args=s79LFcKIz38I3KnjVa8bnaTUAdvuU7PNXVNjsmrPuDLvTi2HrB3ZftMNWOmzafJqNMSiB/dFB9Yb6SzXNUFP2WkW1VBJCaq90JKK8AJ0U7tMWnzlxJyonP4k8134Kba0oiu9CstiA/JcCdf4aBabOg==
1540991336142	Marionette	DEBUG	[6442450945] Received DOM event pagehide for http://192.168.10.124/EdInsight/Form/LocalAssessment/AssessmentReports.aspx?args=s79LFcKIz38I3KnjVa8bnaTUAdvuU7PNXVNjsmrPuDLvTi2HrB3ZftMNWOmzafJqNMSiB/dFB9Yb6SzXNUFP2WkW1VBJCaq90JKK8AJ0U7tMWnzlxJyonP4k8134Kba0oiu9CstiA/JcCdf4aBabOg==
1540991336146	Marionette	DEBUG	[6442450945] Received DOM event unload for http://192.168.10.124/EdInsight/Form/LocalAssessment/AssessmentReports.aspx?args=s79LFcKIz38I3KnjVa8bnaTUAdvuU7PNXVNjsmrPuDLvTi2HrB3ZftMNWOmzafJqNMSiB/dFB9Yb6SzXNUFP2WkW1VBJCaq90JKK8AJ0U7tMWnzlxJyonP4k8134Kba0oiu9CstiA/JcCdf4aBabOg==
1540991336321	Marionette	DEBUG	[6442450945] Received observer notification outer-window-destroyed for 6442451587
1540991336322	Marionette	DEBUG	[6442450945] Received observer notification outer-window-destroyed for 6442451593
1540991336322	Marionette	DEBUG	[6442450945] Received observer notification outer-window-destroyed for 6442451594
1540991336407	Marionette	DEBUG	[6442450945] Received DOM event DOMContentLoaded for http://192.168.10.124/EdInsight/Form/LocalAssessment/ReportItemAnalysisParams.aspx?args=s79LFcKIz38I3KnjVa8bnSdgEUdT1luhAavb2hBCdKI=
1540991336465	Marionette	DEBUG	[6442450945] Received observer notification outer-window-destroyed for 6442451600
1540991336471	Marionette	DEBUG	[6442450945] Received observer notification outer-window-destroyed for 6442451601
JavaScript error: http://192.168.10.124/EdInsight/Form/LocalAssessment/ReportItemAnalysisParams.aspx?args=s79LFcKIz38I3KnjVa8bnSdgEUdT1luhAavb2hBCdKI=, line 1: ReferenceError: False is not defined
1540991336504	Marionette	DEBUG	[6442450945] Received DOM event pageshow for http://192.168.10.124/EdInsight/Form/LocalAssessment/ReportItemAnalysisParams.aspx?args=s79LFcKIz38I3KnjVa8bnSdgEUdT1luhAavb2hBCdKI=
1540991336645	Marionette	DEBUG	[6442450945] Received DOM event beforeunload for http://192.168.10.124/EdInsight/Form/LocalAssessment/ReportItemAnalysisParams.aspx?args=s79LFcKIz38I3KnjVa8bnSdgEUdT1luhAavb2hBCdKI=
1540991336826	Marionette	DEBUG	[6442450945] Received DOM event pagehide for http://192.168.10.124/EdInsight/Form/LocalAssessment/ReportItemAnalysisParams.aspx?args=s79LFcKIz38I3KnjVa8bnSdgEUdT1luhAavb2hBCdKI=
1540991336828	Marionette	DEBUG	[6442450945] Received DOM event unload for http://192.168.10.124/EdInsight/Form/LocalAssessment/ReportItemAnalysisParams.aspx?args=s79LFcKIz38I3KnjVa8bnSdgEUdT1luhAavb2hBCdKI=
1540991336973	Marionette	DEBUG	[6442450945] Received observer notification outer-window-destroyed for 6442451598
1540991336974	Marionette	DEBUG	[6442450945] Received observer notification outer-window-destroyed for 6442451604
1540991336974	Marionette	DEBUG	[6442450945] Received observer notification outer-window-destroyed for 6442451605
1540991337051	Marionette	DEBUG	[6442450945] Received DOM event DOMContentLoaded for http://192.168.10.124/EdInsight/Form/LocalAssessment/ReportItemAnalysisParams.aspx?args=s79LFcKIz38I3KnjVa8bnUclZK8T9j+0PwlJXQGaSB0=
1540991337107	Marionette	DEBUG	[6442450945] Received observer notification outer-window-destroyed for 6442451611
1540991337111	Marionette	DEBUG	[6442450945] Received observer notification outer-window-destroyed for 6442451612
JavaScript error: http://192.168.10.124/EdInsight/Form/LocalAssessment/ReportItemAnalysisParams.aspx?args=s79LFcKIz38I3KnjVa8bnUclZK8T9j+0PwlJXQGaSB0=, line 1: ReferenceError: False is not defined
1540991337144	Marionette	DEBUG	[6442450945] Received DOM event pageshow for http://192.168.10.124/EdInsight/Form/LocalAssessment/ReportItemAnalysisParams.aspx?args=s79LFcKIz38I3KnjVa8bnUclZK8T9j+0PwlJXQGaSB0=
1540991337189	Marionette	DEBUG	[6442450945] Received DOM event beforeunload for http://192.168.10.124/EdInsight/Form/LocalAssessment/ReportItemAnalysisParams.aspx?args=s79LFcKIz38I3KnjVa8bnUclZK8T9j+0PwlJXQGaSB0=
1540991337347	Marionette	DEBUG	[6442450945] Received DOM event pagehide for http://192.168.10.124/EdInsight/Form/LocalAssessment/ReportItemAnalysisParams.aspx?args=s79LFcKIz38I3KnjVa8bnUclZK8T9j+0PwlJXQGaSB0=
1540991337348	Marionette	DEBUG	[6442450945] Received DOM event unload for http://192.168.10.124/EdInsight/Form/LocalAssessment/ReportItemAnalysisParams.aspx?args=s79LFcKIz38I3KnjVa8bnUclZK8T9j+0PwlJXQGaSB0=
1540991337495	Marionette	DEBUG	[6442450945] Received observer notification outer-window-destroyed for 6442451609
1540991337496	Marionette	DEBUG	[6442450945] Received observer notification outer-window-destroyed for 6442451615
1540991337496	Marionette	DEBUG	[6442450945] Received observer notification outer-window-destroyed for 6442451616
1540991337570	Marionette	DEBUG	[6442450945] Received DOM event DOMContentLoaded for http://192.168.10.124/EdInsight/Form/LocalAssessment/ReportItemAnalysisParams.aspx?args=s79LFcKIz38I3KnjVa8bnXsN6UO/zc0OFZzqYZQ1iRk=
1540991337617	Marionette	DEBUG	[6442450945] Received observer notification outer-window-destroyed for 6442451622
1540991337618	Marionette	DEBUG	[6442450945] Received observer notification outer-window-destroyed for 6442451623
JavaScript error: http://192.168.10.124/EdInsight/Form/LocalAssessment/ReportItemAnalysisParams.aspx?args=s79LFcKIz38I3KnjVa8bnXsN6UO/zc0OFZzqYZQ1iRk=, line 1: ReferenceError: False is not defined
1540991337650	Marionette	DEBUG	[6442450945] Received DOM event pageshow for http://192.168.10.124/EdInsight/Form/LocalAssessment/ReportItemAnalysisParams.aspx?args=s79LFcKIz38I3KnjVa8bnXsN6UO/zc0OFZzqYZQ1iRk=
1540991337696	Marionette	DEBUG	[6442450945] Received DOM event beforeunload for http://192.168.10.124/EdInsight/Form/LocalAssessment/ReportItemAnalysisParams.aspx?args=s79LFcKIz38I3KnjVa8bnXsN6UO/zc0OFZzqYZQ1iRk=
1540991337827	Marionette	DEBUG	[6442450945] Received DOM event pagehide for http://192.168.10.124/EdInsight/Form/LocalAssessment/ReportItemAnalysisParams.aspx?args=s79LFcKIz38I3KnjVa8bnXsN6UO/zc0OFZzqYZQ1iRk=
1540991337827	Marionette	DEBUG	[6442450945] Received DOM event unload for http://192.168.10.124/EdInsight/Form/LocalAssessment/ReportItemAnalysisParams.aspx?args=s79LFcKIz38I3KnjVa8bnXsN6UO/zc0OFZzqYZQ1iRk=
1540991337975	Marionette	DEBUG	[6442450945] Received observer notification outer-window-destroyed for 6442451620
1540991337975	Marionette	DEBUG	[6442450945] Received observer notification outer-window-destroyed for 6442451626
1540991337975	Marionette	DEBUG	[6442450945] Received observer notification outer-window-destroyed for 6442451627
1540991338046	Marionette	DEBUG	[6442450945] Received DOM event DOMContentLoaded for http://192.168.10.124/EdInsight/Form/LocalAssessment/ReportItemAnalysisParams.aspx?args=s79LFcKIz38I3KnjVa8bnRVTR7eMAzRGnSegAMn2js8=
1540991338103	Marionette	DEBUG	[6442450945] Received observer notification outer-window-destroyed for 6442451633
1540991338109	Marionette	DEBUG	[6442450945] Received observer notification outer-window-destroyed for 6442451634
JavaScript error: http://192.168.10.124/EdInsight/Form/LocalAssessment/ReportItemAnalysisParams.aspx?args=s79LFcKIz38I3KnjVa8bnRVTR7eMAzRGnSegAMn2js8=, line 1: ReferenceError: False is not defined
1540991338139	Marionette	DEBUG	[6442450945] Received DOM event pageshow for http://192.168.10.124/EdInsight/Form/LocalAssessment/ReportItemAnalysisParams.aspx?args=s79LFcKIz38I3KnjVa8bnRVTR7eMAzRGnSegAMn2js8=
1540991338186	Marionette	DEBUG	[6442450945] Received DOM event beforeunload for http://192.168.10.124/EdInsight/Form/LocalAssessment/ReportItemAnalysisParams.aspx?args=s79LFcKIz38I3KnjVa8bnRVTR7eMAzRGnSegAMn2js8=
1540991338418	Marionette	DEBUG	[6442450945] Received DOM event pagehide for http://192.168.10.124/EdInsight/Form/LocalAssessment/ReportItemAnalysisParams.aspx?args=s79LFcKIz38I3KnjVa8bnRVTR7eMAzRGnSegAMn2js8=
1540991338419	Marionette	DEBUG	[6442450945] Received DOM event unload for http://192.168.10.124/EdInsight/Form/LocalAssessment/ReportItemAnalysisParams.aspx?args=s79LFcKIz38I3KnjVa8bnRVTR7eMAzRGnSegAMn2js8=
1540991338589	Marionette	DEBUG	[6442450945] Received observer notification outer-window-destroyed for 6442451631
1540991338589	Marionette	DEBUG	[6442450945] Received observer notification outer-window-destroyed for 6442451637
1540991338589	Marionette	DEBUG	[6442450945] Received observer notification outer-window-destroyed for 6442451638
1540991338654	Marionette	DEBUG	[6442450945] Received DOM event DOMContentLoaded for http://192.168.10.124/EdInsight/Form/LocalAssessment/ReportItemAnalysis.aspx?args=yMN/V9xZUJl/u0X8hD/kYiZ7N0Rvgi5YBzRhOsQaIx2 ... F1KivenFQAOgGL+AwkzP9rrHXMfdYT0V3GYIHPnXbROY7dT5IA+zFOBFEFENOsA/DLVqOtn1gWmpdj5IY2PGFkXXofKDnYMkjvX8KeI3RA0Xasq0SOOZ/+AZMc3Ed
1540991338710	Marionette	DEBUG	[6442450945] Received observer notification outer-window-destroyed for 6442451644
1540991338712	Marionette	DEBUG	[6442450945] Received observer notification outer-window-destroyed for 6442451645
JavaScript error: http://192.168.10.124/EdInsight/Form/LocalAssessment/ReportItemAnalysis.aspx?args=yMN/V9xZUJl/u0X8hD/kYiZ7N0Rvgi5YBzRhOsQaIx2mYxSQdbKVFfM1rObJke4qY2jmWGTDWQhora0W/Gx32FL/9aojlkzHVUS5tAusVVyFkOWM8YdCgFbWdyUDIrCUS4aA7fD2JCo7KPo+Cz6IHsfsXHcntD5dOawOuvsRZrAgd3TQMpok850TAt4OT6wF2sae+aEViUURES7Od7iNG9ewfA0QwA72GoKBJtPVvWhCwC+vDOTmWPuwNhJMIyJgakcVrwN9m2yvF7ga5c5M98N/WlHCn9hmy7z9J/B/G8smERdHjOAcep6vMnATRh76NgxF1KivenFQAOgGL+AwkzP9rrHXMfdYT0V3GYIHPnXbROY7dT5IA1540991338743	Marionette	DEBUG	[6442450945] Received DOM event pageshow for http://192.168.10.124/EdInsight/Form/LocalAssessment/ReportItemAnalysis.aspx?args=yMN/V9xZUJl/u0X8hD/kYiZ7N0Rvgi5YBzRhOsQaIx2 ... F1KivenFQAOgGL+AwkzP9rrHXMfdYT0V3GYIHPnXbROY7dT5IA+zFOBFEFENOsA/DLVqOtn1gWmpdj5IY2PGFkXXofKDnYMkjvX8KeI3RA0Xasq0SOOZ/+AZMc3Ed
+zFOBFEFENOsA/DLVqOtn1gWmpdj5IY2PGFkXXofKDnYMkjvX8KeI3RA0Xasq0SOOZ/+AZMc3Ed, line 1: ReferenceError: False is not defined
1540991339833	Marionette	DEBUG	[6442450945] Received DOM event beforeunload for http://192.168.10.124/EdInsight/Form/LocalAssessment/ReportItemAnalysis.aspx?args=yMN/V9xZUJl/u0X8hD/kYiZ7N0Rvgi5YBzRhOsQaIx2 ... F1KivenFQAOgGL+AwkzP9rrHXMfdYT0V3GYIHPnXbROY7dT5IA+zFOBFEFENOsA/DLVqOtn1gWmpdj5IY2PGFkXXofKDnYMkjvX8KeI3RA0Xasq0SOOZ/+AZMc3Ed
1540991339988	Marionette	DEBUG	[6442450945] Received DOM event pagehide for http://192.168.10.124/EdInsight/Form/LocalAssessment/ReportItemAnalysis.aspx?args=yMN/V9xZUJl/u0X8hD/kYiZ7N0Rvgi5YBzRhOsQaIx2 ... F1KivenFQAOgGL+AwkzP9rrHXMfdYT0V3GYIHPnXbROY7dT5IA+zFOBFEFENOsA/DLVqOtn1gWmpdj5IY2PGFkXXofKDnYMkjvX8KeI3RA0Xasq0SOOZ/+AZMc3Ed
1540991339989	Marionette	DEBUG	[6442450945] Received DOM event unload for http://192.168.10.124/EdInsight/Form/LocalAssessment/ReportItemAnalysis.aspx?args=yMN/V9xZUJl/u0X8hD/kYiZ7N0Rvgi5YBzRhOsQaIx2 ... F1KivenFQAOgGL+AwkzP9rrHXMfdYT0V3GYIHPnXbROY7dT5IA+zFOBFEFENOsA/DLVqOtn1gWmpdj5IY2PGFkXXofKDnYMkjvX8KeI3RA0Xasq0SOOZ/+AZMc3Ed
1540991340162	Marionette	DEBUG	[6442450945] Received observer notification outer-window-destroyed for 6442451642
1540991340162	Marionette	DEBUG	[6442450945] Received observer notification outer-window-destroyed for 6442451648
1540991340163	Marionette	DEBUG	[6442450945] Received observer notification outer-window-destroyed for 6442451649
1540991340225	Marionette	DEBUG	[6442450945] Received DOM event DOMContentLoaded for http://192.168.10.124/EdInsight/Form/LocalAssessment/ReportItemAnalysis.aspx?args=s79LFcKIz38I3KnjVa8bnd1IAK+WF+xKskApTsDWdgT ... Co6NguCqWz0cNYNheK6IB/Fud4f8ngtOr2D2Zrm3NanMTixNtUZpk2yq9Eg9IHtWBLhL0NdSuA65CFS5F9w61qWjitk1b7z0CmRWtGwqIV7cqsi8Xtsh4nYbXxWae
1540991340279	Marionette	DEBUG	[6442450945] Received observer notification outer-window-destroyed for 6442451655
1540991340281	Marionette	DEBUG	[6442450945] Received observer notification outer-window-destroyed for 6442451656
JavaScript error: http://192.168.10.124/EdInsight/Form/LocalAssessment/ReportItemAnalysis.aspx?args=s79LFcKIz38I3KnjVa8bnd1IAK+WF+xKskApTsDWdgTGEA4WYWIc3FcD5bOj2ERFC2ngjrNzz8xR0o+8cXARr0TjpJi9WZ9Jt59kqxpUH/hB3kvIXep/OmLan4uuYzzQM/R27SNVZrKPsp4mBkiBTOrpPemcJ6CHBEbWqFPq71lGqlMx55BpGlI3rk8lEb+w1P6gNyjIEikL+tSvKltzH+Zm71dwXGym7fh1SvTdLlkF1TcgrnSti4FeR6c9N/GyE8AUF0CcWsz+xwo7pPff3cJ2TqvZ6p2imcgRC8Q76rEFBRpB6ez4CfDA31540991340313	Marionette	DEBUG	[6442450945] Received DOM event pageshow for http://192.168.10.124/EdInsight/Form/LocalAssessment/ReportItemAnalysis.aspx?args=s79LFcKIz38I3KnjVa8bnd1IAK+WF+xKskApTsDWdgT ... Co6NguCqWz0cNYNheK6IB/Fud4f8ngtOr2D2Zrm3NanMTixNtUZpk2yq9Eg9IHtWBLhL0NdSuA65CFS5F9w61qWjitk1b7z0CmRWtGwqIV7cqsi8Xtsh4nYbXxWae
MxpLr8E+rxCo6NguCqWz0cNYNheK6IB/Fud4f8ngtOr2D2Zrm3NanMTixNtUZpk2yq9Eg9IHtWBLhL0NdSuA65CFS5F9w61qWjitk1b7z0CmRWtGwqIV7cqsi8Xtsh4nYbXxWae, line 1: ReferenceError: False is not defined
1540991342393	Marionette	DEBUG	[6442450945] Received DOM event beforeunload for http://192.168.10.124/EdInsight/Form/LocalAssessment/ReportItemAnalysis.aspx?args=s79LFcKIz38I3KnjVa8bnd1IAK+WF+xKskApTsDWdgT ... Co6NguCqWz0cNYNheK6IB/Fud4f8ngtOr2D2Zrm3NanMTixNtUZpk2yq9Eg9IHtWBLhL0NdSuA65CFS5F9w61qWjitk1b7z0CmRWtGwqIV7cqsi8Xtsh4nYbXxWae
1540991342566	Marionette	DEBUG	[6442450945] Received DOM event pagehide for http://192.168.10.124/EdInsight/Form/LocalAssessment/ReportItemAnalysis.aspx?args=s79LFcKIz38I3KnjVa8bnd1IAK+WF+xKskApTsDWdgT ... Co6NguCqWz0cNYNheK6IB/Fud4f8ngtOr2D2Zrm3NanMTixNtUZpk2yq9Eg9IHtWBLhL0NdSuA65CFS5F9w61qWjitk1b7z0CmRWtGwqIV7cqsi8Xtsh4nYbXxWae
1540991342567	Marionette	DEBUG	[6442450945] Received DOM event unload for http://192.168.10.124/EdInsight/Form/LocalAssessment/ReportItemAnalysis.aspx?args=s79LFcKIz38I3KnjVa8bnd1IAK+WF+xKskApTsDWdgT ... Co6NguCqWz0cNYNheK6IB/Fud4f8ngtOr2D2Zrm3NanMTixNtUZpk2yq9Eg9IHtWBLhL0NdSuA65CFS5F9w61qWjitk1b7z0CmRWtGwqIV7cqsi8Xtsh4nYbXxWae
1540991342732	Marionette	DEBUG	[6442450945] Received observer notification outer-window-destroyed for 6442451653
1540991342733	Marionette	DEBUG	[6442450945] Received observer notification outer-window-destroyed for 6442451659
1540991342733	Marionette	DEBUG	[6442450945] Received observer notification outer-window-destroyed for 6442451660
1540991343061	Marionette	DEBUG	[6442450945] Received DOM event DOMContentLoaded for http://192.168.10.124/EdInsight/Form/LocalAssessment/ReportItemAnalysis.aspx?args=s79LFcKIz38I3KnjVa8bnb2/XBQ8mkrxrm1GLAt+S/R ... cqhDz7d0c3w8jKENAbHn4EI2wR3j7yPy+X6F5oAhE4gVRoOI4+HGNxgvkrzg03Ehbdmr9hi6QymlH5SHqJueL1mcDyF7RPdAgDs9wj90a+hFohvzFwkMqXs/Ld+6t
1540991343105	Marionette	DEBUG	[6442450945] Received observer notification outer-window-destroyed for 6442451666
1540991343107	Marionette	DEBUG	[6442450945] Received observer notification outer-window-destroyed for 6442451667
JavaScript error: http://192.168.10.124/EdInsight/Form/LocalAssessment/ReportItemAnalysis.aspx?args=s79LFcKIz38I3KnjVa8bnb2/XBQ8mkrxrm1GLAt+S/RUzD3CuTaqlSqDLww84MEMT9KOyn0ISGKMpPjKG0e2k6GATcSNZdSz1DLwQxNGRVzg9eErX+ies6154v7svnYnQauhh6Anka4LQmHbMi6lgCpKfF13XP0judrFUZzYMmzWOCkRgiEJLxFI3j1HI9MIfKMkqLd3moJii3yQSXoeEN3PerurEPysg1YB0aLRcQzlCrrEdqbiT9Jk3t3RWxMQ9tJM6URwayHnBGNE0lEEk1rqSMD9NWDjsQ5loF4UaqoMviKUIgKRLBcjec32dZdNxkV/87cqhDz7d0c3w8jKENAbHn4EI2wR3j7yPy+X6F5oAhE4gVRoOI4+HGNxgvkrzg03Ehbdmr9hi6QymlH5SHqJueL1mcDyF7RPdAgDs9wj90a+hFohvzFwkMqXs/Ld+6t, line 1: ReferenceError: False is not defined
0991343130	Marionette	DEBUG	[6442450945] Received DOM event pageshow for http://192.168.10.124/EdInsight/Form/LocalAssessment/ReportItemAnalysis.aspx?args=s79LFcKIz38I3KnjVa8bnb2/XBQ8mkrxrm1GLAt+S/R ... cqhDz7d0c3w8jKENAbHn4EI2wR3j7yPy+X6F5oAhE4gVRoOI4+HGNxgvkrzg03Ehbdmr9hi6QymlH5SHqJueL1mcDyF7RPdAgDs9wj90a+hFohvzFwkMqXs/Ld+6t
1540991343170	Marionette	DEBUG	[6442450945] Received DOM event beforeunload for http://192.168.10.124/EdInsight/Form/LocalAssessment/ReportItemAnalysis.aspx?args=s79LFcKIz38I3KnjVa8bnb2/XBQ8mkrxrm1GLAt+S/R ... cqhDz7d0c3w8jKENAbHn4EI2wR3j7yPy+X6F5oAhE4gVRoOI4+HGNxgvkrzg03Ehbdmr9hi6QymlH5SHqJueL1mcDyF7RPdAgDs9wj90a+hFohvzFwkMqXs/Ld+6t
1540991343956	Marionette	DEBUG	[6442450945] Received DOM event pagehide for http://192.168.10.124/EdInsight/Form/LocalAssessment/ReportItemAnalysis.aspx?args=s79LFcKIz38I3KnjVa8bnb2/XBQ8mkrxrm1GLAt+S/R ... cqhDz7d0c3w8jKENAbHn4EI2wR3j7yPy+X6F5oAhE4gVRoOI4+HGNxgvkrzg03Ehbdmr9hi6QymlH5SHqJueL1mcDyF7RPdAgDs9wj90a+hFohvzFwkMqXs/Ld+6t
1540991343962	Marionette	DEBUG	[6442450945] Received DOM event unload for http://192.168.10.124/EdInsight/Form/LocalAssessment/ReportItemAnalysis.aspx?args=s79LFcKIz38I3KnjVa8bnb2/XBQ8mkrxrm1GLAt+S/R ... cqhDz7d0c3w8jKENAbHn4EI2wR3j7yPy+X6F5oAhE4gVRoOI4+HGNxgvkrzg03Ehbdmr9hi6QymlH5SHqJueL1mcDyF7RPdAgDs9wj90a+hFohvzFwkMqXs/Ld+6t
1540991344156	Marionette	DEBUG	[6442450945] Received observer notification outer-window-destroyed for 6442451664
1540991344156	Marionette	DEBUG	[6442450945] Received observer notification outer-window-destroyed for 6442451670
1540991344157	Marionette	DEBUG	[6442450945] Received observer notification outer-window-destroyed for 6442451671
1540991344236	Marionette	DEBUG	[6442450945] Received DOM event DOMContentLoaded for http://192.168.10.124/EdInsight/Form/LocalAssessment/ReportItemAnalysis.aspx?args=s79LFcKIz38I3KnjVa8bnS1KqZnXQZNiV9tmyHHDS9l ... H7EahtUgWtkjOLX8yBL8P9LorIfiBkWC9EtKfGQxHvLRLYzei1XRlmL+DtfMkayNRO+TgRdyC4qps6sNzk6rAP58CHxu9MuXsyPLHEsO0Len3sew4DBx41Jhq57ta
1540991344290	Marionette	DEBUG	[6442450945] Received observer notification outer-window-destroyed for 6442451677
1540991344292	Marionette	DEBUG	[6442450945] Received observer notification outer-window-destroyed for 6442451678
JavaScript error: http://192.168.10.124/EdInsight/Form/LocalAssessment/ReportItemAnalysis.aspx?args=s79LFcKIz38I3KnjVa8bnS1KqZnXQZNiV9tmyHHDS9lZfgyhDFRhdzmRAOYsEFtcfc48mMEre3gXSN53/c1sDw8bCSejNfHgjFTDt/ddXaRwPEwiM2U69g5hNEt/JJzcgeMkdDyRkXgrPxRMKJFFqVcfaW3A4NdHg0z1SgXjvKhXhhf0Q4Hy7sRST6ClWFN0jAcdtUsxLQUFOXK2qKkYlOmFeG+U/JleD+/AtZJkcSqU7rBUDCA1pnNBc08YF0vIWFP7A1VNy8/2z93/71SPPCDjFPKW9G4h1yqVA6F6lMpyNkP9BTDpz7Kq8F5R+6DRcLcH7EahtUgWtkjOLX8yBL8P9LorIfiBkWC9EtKfGQxHvLRLYzei1XRlmL+DtfMkayNRO+TgRdyC4qps6sNzk6rAP58CHxu9MuXsyPLHEsO0Len3sew4DBx41Jhq57ta, line 1: ReferenceError: False is not defined
1540991344312	Marionette	DEBUG	[6442450945] Received DOM event pageshow for http://192.168.10.124/EdInsight/Form/LocalAssessment/ReportItemAnalysis.aspx?args=s79LFcKIz38I3KnjVa8bnS1KqZnXQZNiV9tmyHHDS9l ... H7EahtUgWtkjOLX8yBL8P9LorIfiBkWC9EtKfGQxHvLRLYzei1XRlmL+DtfMkayNRO+TgRdyC4qps6sNzk6rAP58CHxu9MuXsyPLHEsO0Len3sew4DBx41Jhq57ta
1540991365257	addons.manager	DEBUG	Background update check beginning
1540991365258	addons.xpi	INFO	Starting system add-on update check from https://aus5.mozilla.org/update/3/SystemAddons/62.0/20180830143136/WINNT_x86_64-msvc-x64/en-US/release/Windows_NT%2010.0.0.0.17134.286%20(x64)/default/default/update.xml.
1540991365259	addons.productaddons	INFO	sending request to: https://aus5.mozilla.org/update/3/SystemAddons/62.0/20180830143136/WINNT_x86_64-msvc-x64/en-US/release/Windows_NT%2010.0.0.0.17134.286%20(x64)/default/default/update.xml
]]></system-err>
  </testcase>
  <testcase name="TCED14093" classname="com.analyzeByScore.ItemAnalysisbyQuestion" time="10.124"/>
  <testcase name="TCED14094" classname="com.analyzeByScore.ItemAnalysisbyQuestion" time="9.693"/>
  <testcase name="TCED14095" classname="com.analyzeByScore.ItemAnalysisbyQuestion" time="6.821"/>
  <testcase name="TCED14096" classname="com.analyzeByScore.ItemAnalysisbyQuestion" time="0.734"/>
  <testcase name="TCED14097" classname="com.analyzeByScore.ItemAnalysisbyQuestion" time="37.639">
    <failure message="Timeout during waiting for element: &apos;//a[contains(text(),&apos;6(75%)&apos;)]&apos;" type="java.lang.AssertionError">java.lang.AssertionError: Timeout during waiting for element: '//a[contains(text(),'6(75%)')]'
	at Library.BaseClassOne.waitFor(BaseClassOne.java:273)
	at Library.BaseClassOne.click(BaseClassOne.java:185)
	at com.analyzeByScore.ItemAnalysisbyQuestion.TCED14097(ItemAnalysisbyQuestion.java:414)
</failure>
    <system-err><![CDATA[1540991402334	Marionette	DEBUG	[6442450945] Canceled page load listener because no navigation has been detected
1540991402390	Marionette	DEBUG	[6442450945] Received DOM event beforeunload for http://192.168.10.124/EdInsight/Form/LocalAssessment/ReportStudentList.aspx?args=s79LFcKIz38I3KnjVa8bncpwdAbCP56rHXkx22C3pzlF ... Qdkm2YdVwbVlN7stklmgYexJCzdk5I7iKeLX9CTs+aSd629wMKmtHT2PQVYJq6/fefEgZDE6o62ZjxPYvyKjVrzsotApXFTgM+8ZdltkL2WYzOj1tjDArt3gojZGv
1540991402541	Marionette	DEBUG	[6442450945] Received DOM event pagehide for http://192.168.10.124/EdInsight/Form/LocalAssessment/ReportStudentList.aspx?args=s79LFcKIz38I3KnjVa8bncpwdAbCP56rHXkx22C3pzlF ... Qdkm2YdVwbVlN7stklmgYexJCzdk5I7iKeLX9CTs+aSd629wMKmtHT2PQVYJq6/fefEgZDE6o62ZjxPYvyKjVrzsotApXFTgM+8ZdltkL2WYzOj1tjDArt3gojZGv
1540991402541	Marionette	DEBUG	[6442450945] Received DOM event unload for http://192.168.10.124/EdInsight/Form/LocalAssessment/ReportStudentList.aspx?args=s79LFcKIz38I3KnjVa8bncpwdAbCP56rHXkx22C3pzlF ... Qdkm2YdVwbVlN7stklmgYexJCzdk5I7iKeLX9CTs+aSd629wMKmtHT2PQVYJq6/fefEgZDE6o62ZjxPYvyKjVrzsotApXFTgM+8ZdltkL2WYzOj1tjDArt3gojZGv
1540991402726	Marionette	DEBUG	[6442450945] Received observer notification outer-window-destroyed for 6442452005
1540991402727	Marionette	DEBUG	[6442450945] Received observer notification outer-window-destroyed for 6442452011
1540991402727	Marionette	DEBUG	[6442450945] Received observer notification outer-window-destroyed for 6442452012
1540991402840	Marionette	DEBUG	[6442450945] Received DOM event DOMContentLoaded for http://192.168.10.124/EdInsight/Form/LocalAssessment/AssessmentReports.aspx?args=s79LFcKIz38I3KnjVa8bncs3Jw37jBgAX++nVLygO4O5dTWEM0sMXsl3PcH4M/exD1egSXwlfx19wEEw7ylAAPI12GXiCcvRd1bmMFGO/KOdhAMJ1CnDsPyzceCSyj8phyX2hyRkgmBDkCjb8hrc8Q==
1540991402907	Marionette	DEBUG	[6442450945] Received observer notification outer-window-destroyed for 6442452018
1540991402916	Marionette	DEBUG	[6442450945] Received observer notification outer-window-destroyed for 6442452019
JavaScript error: http://192.168.10.124/EdInsight/Form/LocalAssessment/AssessmentReports.aspx?args=s79LFcKIz38I3KnjVa8bncs3Jw37jBgAX++nVLygO4O5dTWEM0sMXsl3PcH4M/exD1egSXwlfx19wEEw7ylAAPI12GXiCcvRd1bmMFGO/KOdhAMJ1CnDsPyzceCSyj8phyX2hyRkgmBDkCjb8hrc8Q==, line 1: ReferenceError: False is not defined
1540991402938	Marionette	DEBUG	[6442450945] Received DOM event pageshow for http://192.168.10.124/EdInsight/Form/LocalAssessment/AssessmentReports.aspx?args=s79LFcKIz38I3KnjVa8bncs3Jw37jBgAX++nVLygO4O5dTWEM0sMXsl3PcH4M/exD1egSXwlfx19wEEw7ylAAPI12GXiCcvRd1bmMFGO/KOdhAMJ1CnDsPyzceCSyj8phyX2hyRkgmBDkCjb8hrc8Q==
1540991402982	Marionette	DEBUG	[6442450945] Received DOM event beforeunload for http://192.168.10.124/EdInsight/Form/LocalAssessment/AssessmentReports.aspx?args=s79LFcKIz38I3KnjVa8bncs3Jw37jBgAX++nVLygO4O5dTWEM0sMXsl3PcH4M/exD1egSXwlfx19wEEw7ylAAPI12GXiCcvRd1bmMFGO/KOdhAMJ1CnDsPyzceCSyj8phyX2hyRkgmBDkCjb8hrc8Q==
1540991403145	Marionette	DEBUG	[6442450945] Received DOM event pagehide for http://192.168.10.124/EdInsight/Form/LocalAssessment/AssessmentReports.aspx?args=s79LFcKIz38I3KnjVa8bncs3Jw37jBgAX++nVLygO4O5dTWEM0sMXsl3PcH4M/exD1egSXwlfx19wEEw7ylAAPI12GXiCcvRd1bmMFGO/KOdhAMJ1CnDsPyzceCSyj8phyX2hyRkgmBDkCjb8hrc8Q==
1540991403146	Marionette	DEBUG	[6442450945] Received DOM event unload for http://192.168.10.124/EdInsight/Form/LocalAssessment/AssessmentReports.aspx?args=s79LFcKIz38I3KnjVa8bncs3Jw37jBgAX++nVLygO4O5dTWEM0sMXsl3PcH4M/exD1egSXwlfx19wEEw7ylAAPI12GXiCcvRd1bmMFGO/KOdhAMJ1CnDsPyzceCSyj8phyX2hyRkgmBDkCjb8hrc8Q==
1540991403293	Marionette	DEBUG	[6442450945] Received observer notification outer-window-destroyed for 6442452016
1540991403293	Marionette	DEBUG	[6442450945] Received observer notification outer-window-destroyed for 6442452022
1540991403294	Marionette	DEBUG	[6442450945] Received observer notification outer-window-destroyed for 6442452023
1540991403375	Marionette	DEBUG	[6442450945] Received DOM event DOMContentLoaded for http://192.168.10.124/EdInsight/Form/LocalAssessment/ReportItemAnalysisParams.aspx?args=s79LFcKIz38I3KnjVa8bnT+UNCyWhm4Rx0oQ5iBK0cE=
1540991403433	Marionette	DEBUG	[6442450945] Received observer notification outer-window-destroyed for 6442452029
1540991403436	Marionette	DEBUG	[6442450945] Received observer notification outer-window-destroyed for 6442452030
JavaScript error: http://192.168.10.124/EdInsight/Form/LocalAssessment/ReportItemAnalysisParams.aspx?args=s79LFcKIz38I3KnjVa8bnT+UNCyWhm4Rx0oQ5iBK0cE=, line 1: ReferenceError: False is not defined
1540991403468	Marionette	DEBUG	[6442450945] Received DOM event pageshow for http://192.168.10.124/EdInsight/Form/LocalAssessment/ReportItemAnalysisParams.aspx?args=s79LFcKIz38I3KnjVa8bnT+UNCyWhm4Rx0oQ5iBK0cE=
1540991403565	Marionette	DEBUG	[6442450945] Received DOM event beforeunload for http://192.168.10.124/EdInsight/Form/LocalAssessment/ReportItemAnalysisParams.aspx?args=s79LFcKIz38I3KnjVa8bnT+UNCyWhm4Rx0oQ5iBK0cE=
1540991403705	Marionette	DEBUG	[6442450945] Received DOM event pagehide for http://192.168.10.124/EdInsight/Form/LocalAssessment/ReportItemAnalysisParams.aspx?args=s79LFcKIz38I3KnjVa8bnT+UNCyWhm4Rx0oQ5iBK0cE=
1540991403706	Marionette	DEBUG	[6442450945] Received DOM event unload for http://192.168.10.124/EdInsight/Form/LocalAssessment/ReportItemAnalysisParams.aspx?args=s79LFcKIz38I3KnjVa8bnT+UNCyWhm4Rx0oQ5iBK0cE=
1540991403862	Marionette	DEBUG	[6442450945] Received observer notification outer-window-destroyed for 6442452027
1540991403862	Marionette	DEBUG	[6442450945] Received observer notification outer-window-destroyed for 6442452033
1540991403863	Marionette	DEBUG	[6442450945] Received observer notification outer-window-destroyed for 6442452034
1540991403953	Marionette	DEBUG	[6442450945] Received DOM event DOMContentLoaded for http://192.168.10.124/EdInsight/Form/LocalAssessment/ReportItemAnalysisParams.aspx?args=s79LFcKIz38I3KnjVa8bncYn0Jpwor1MwGb9UZECKUs=
1540991404001	Marionette	DEBUG	[6442450945] Received observer notification outer-window-destroyed for 6442452040
1540991404002	Marionette	DEBUG	[6442450945] Received observer notification outer-window-destroyed for 6442452041
JavaScript error: http://192.168.10.124/EdInsight/Form/LocalAssessment/ReportItemAnalysisParams.aspx?args=s79LFcKIz38I3KnjVa8bncYn0Jpwor1MwGb9UZECKUs=, line 1: ReferenceError: False is not defined
1540991404047	Marionette	DEBUG	[6442450945] Received DOM event pageshow for http://192.168.10.124/EdInsight/Form/LocalAssessment/ReportItemAnalysisParams.aspx?args=s79LFcKIz38I3KnjVa8bncYn0Jpwor1MwGb9UZECKUs=
1540991404086	Marionette	DEBUG	[6442450945] Received DOM event beforeunload for http://192.168.10.124/EdInsight/Form/LocalAssessment/ReportItemAnalysisParams.aspx?args=s79LFcKIz38I3KnjVa8bncYn0Jpwor1MwGb9UZECKUs=
1540991404139	Marionette	DEBUG	[6442450945] Received DOM event pagehide for http://192.168.10.124/EdInsight/Form/LocalAssessment/ReportItemAnalysisParams.aspx?args=s79LFcKIz38I3KnjVa8bncYn0Jpwor1MwGb9UZECKUs=
1540991404139	Marionette	DEBUG	[6442450945] Received DOM event unload for http://192.168.10.124/EdInsight/Form/LocalAssessment/ReportItemAnalysisParams.aspx?args=s79LFcKIz38I3KnjVa8bncYn0Jpwor1MwGb9UZECKUs=
1540991404295	Marionette	DEBUG	[6442450945] Received observer notification outer-window-destroyed for 6442452038
1540991404296	Marionette	DEBUG	[6442450945] Received observer notification outer-window-destroyed for 6442452044
1540991404296	Marionette	DEBUG	[6442450945] Received observer notification outer-window-destroyed for 6442452045
1540991404370	Marionette	DEBUG	[6442450945] Received DOM event DOMContentLoaded for http://192.168.10.124/EdInsight/Form/LocalAssessment/ReportItemAnalysisParams.aspx?args=s79LFcKIz38I3KnjVa8bneU8K+mLcqgvw/CVbbYFZpw=
1540991404433	Marionette	DEBUG	[6442450945] Received observer notification outer-window-destroyed for 6442452051
1540991404435	Marionette	DEBUG	[6442450945] Received observer notification outer-window-destroyed for 6442452052
JavaScript error: http://192.168.10.124/EdInsight/Form/LocalAssessment/ReportItemAnalysisParams.aspx?args=s79LFcKIz38I3KnjVa8bneU8K+mLcqgvw/CVbbYFZpw=, line 1: ReferenceError: False is not defined
1540991404468	Marionette	DEBUG	[6442450945] Received DOM event pageshow for http://192.168.10.124/EdInsight/Form/LocalAssessment/ReportItemAnalysisParams.aspx?args=s79LFcKIz38I3KnjVa8bneU8K+mLcqgvw/CVbbYFZpw=
1540991404507	Marionette	DEBUG	[6442450945] Received DOM event beforeunload for http://192.168.10.124/EdInsight/Form/LocalAssessment/ReportItemAnalysisParams.aspx?args=s79LFcKIz38I3KnjVa8bneU8K+mLcqgvw/CVbbYFZpw=
1540991404624	Marionette	DEBUG	[6442450945] Received DOM event pagehide for http://192.168.10.124/EdInsight/Form/LocalAssessment/ReportItemAnalysisParams.aspx?args=s79LFcKIz38I3KnjVa8bneU8K+mLcqgvw/CVbbYFZpw=
1540991404624	Marionette	DEBUG	[6442450945] Received DOM event unload for http://192.168.10.124/EdInsight/Form/LocalAssessment/ReportItemAnalysisParams.aspx?args=s79LFcKIz38I3KnjVa8bneU8K+mLcqgvw/CVbbYFZpw=
1540991404782	Marionette	DEBUG	[6442450945] Received observer notification outer-window-destroyed for 6442452049
1540991404782	Marionette	DEBUG	[6442450945] Received observer notification outer-window-destroyed for 6442452055
1540991404782	Marionette	DEBUG	[6442450945] Received observer notification outer-window-destroyed for 6442452056
1540991404869	Marionette	DEBUG	[6442450945] Received DOM event DOMContentLoaded for http://192.168.10.124/EdInsight/Form/LocalAssessment/ReportItemAnalysisParams.aspx?args=s79LFcKIz38I3KnjVa8bneC9RRHciZnabAGJdk2QSII=
1540991404976	Marionette	DEBUG	[6442450945] Received observer notification outer-window-destroyed for 6442452062
1540991404977	Marionette	DEBUG	[6442450945] Received observer notification outer-window-destroyed for 6442452063
JavaScript error: http://192.168.10.124/EdInsight/Form/LocalAssessment/ReportItemAnalysisParams.aspx?args=s79LFcKIz38I3KnjVa8bneC9RRHciZnabAGJdk2QSII=, line 1: ReferenceError: False is not defined
1540991405011	Marionette	DEBUG	[6442450945] Received DOM event pageshow for http://192.168.10.124/EdInsight/Form/LocalAssessment/ReportItemAnalysisParams.aspx?args=s79LFcKIz38I3KnjVa8bneC9RRHciZnabAGJdk2QSII=
1540991405066	Marionette	DEBUG	[6442450945] Received DOM event beforeunload for http://192.168.10.124/EdInsight/Form/LocalAssessment/ReportItemAnalysisParams.aspx?args=s79LFcKIz38I3KnjVa8bneC9RRHciZnabAGJdk2QSII=
1540991405385	Marionette	DEBUG	[6442450945] Received DOM event pagehide for http://192.168.10.124/EdInsight/Form/LocalAssessment/ReportItemAnalysisParams.aspx?args=s79LFcKIz38I3KnjVa8bneC9RRHciZnabAGJdk2QSII=
1540991405386	Marionette	DEBUG	[6442450945] Received DOM event unload for http://192.168.10.124/EdInsight/Form/LocalAssessment/ReportItemAnalysisParams.aspx?args=s79LFcKIz38I3KnjVa8bneC9RRHciZnabAGJdk2QSII=
1540991405555	Marionette	DEBUG	[6442450945] Received observer notification outer-window-destroyed for 6442452060
1540991405555	Marionette	DEBUG	[6442450945] Received observer notification outer-window-destroyed for 6442452066
1540991405556	Marionette	DEBUG	[6442450945] Received observer notification outer-window-destroyed for 6442452067
1540991405619	Marionette	DEBUG	[6442450945] Received DOM event DOMContentLoaded for http://192.168.10.124/EdInsight/Form/LocalAssessment/ReportItemAnalysis.aspx?args=yMN/V9xZUJl/u0X8hD/kYiZ7N0Rvgi5YBzRhOsQaIx2 ... F1KivenFQAOgGL+AwkzP9rrHXMfdYT0V3GYIHPnXbROY7dT5IA+zFOBFEFENOsA/DLVqOtn1gWmpdj5IY2GRnGufrUHvHycsPIZ+odiSQnKsGxMvD9W9U04ylHEuA
1540991405676	Marionette	DEBUG	[6442450945] Received observer notification outer-window-destroyed for 6442452073
1540991405677	Marionette	DEBUG	[6442450945] Received observer notification outer-window-destroyed for 6442452074
JavaScript error: http://192.168.10.124/EdInsight/Form/LocalAssessment/ReportItemAnalysis.aspx?args=yMN/V9xZUJl/u0X8hD/kYiZ7N0Rvgi5YBzRhOsQaIx2mYxSQdbKVFfM1rObJke4qY2jmWGTDWQhora0W/Gx32FL/9aojlkzHVUS5tAusVVyFkOWM8YdCgFbWdyUDIrCUS4aA7fD2JCo7KPo+Cz6IHsfsXHcntD5dOawOuvsRZrAgd3TQMpok850TAt4OT6wF2sae+aEViUURES7Od7iNG9ewfA0QwA72GoKBJtPVvWhCwC+vDOTmWPuwNhJMIyJgakcVrwN9m2yvF7ga5c5M98N/WlHCn9hmy7z9J/B/G8smERdHjOAcep6vMnATRh76NgxF1KivenFQAOgGL+AwkzP9rrHXMfdYT0V3GYIHPnXbROY7dT5IA+zFOBFEFENOsA/DLVqOtn1gWmpdj5IY2GRnGufrUHvHycsPIZ+odiSQnKsGxMvD9W9U04ylHEuA, line 1: ReferenceError: False is not defined
1540991405709	Marionette	DEBUG	[6442450945] Received DOM event pageshow for http://192.168.10.124/EdInsight/Form/LocalAssessment/ReportItemAnalysis.aspx?args=yMN/V9xZUJl/u0X8hD/kYiZ7N0Rvgi5YBzRhOsQaIx2 ... F1KivenFQAOgGL+AwkzP9rrHXMfdYT0V3GYIHPnXbROY7dT5IA+zFOBFEFENOsA/DLVqOtn1gWmpdj5IY2GRnGufrUHvHycsPIZ+odiSQnKsGxMvD9W9U04ylHEuA
1540991406789	Marionette	DEBUG	[6442450945] Received DOM event beforeunload for http://192.168.10.124/EdInsight/Form/LocalAssessment/ReportItemAnalysis.aspx?args=yMN/V9xZUJl/u0X8hD/kYiZ7N0Rvgi5YBzRhOsQaIx2 ... F1KivenFQAOgGL+AwkzP9rrHXMfdYT0V3GYIHPnXbROY7dT5IA+zFOBFEFENOsA/DLVqOtn1gWmpdj5IY2GRnGufrUHvHycsPIZ+odiSQnKsGxMvD9W9U04ylHEuA
1540991406922	Marionette	DEBUG	[6442450945] Received DOM event pagehide for http://192.168.10.124/EdInsight/Form/LocalAssessment/ReportItemAnalysis.aspx?args=yMN/V9xZUJl/u0X8hD/kYiZ7N0Rvgi5YBzRhOsQaIx2 ... F1KivenFQAOgGL+AwkzP9rrHXMfdYT0V3GYIHPnXbROY7dT5IA+zFOBFEFENOsA/DLVqOtn1gWmpdj5IY2GRnGufrUHvHycsPIZ+odiSQnKsGxMvD9W9U04ylHEuA
1540991406924	Marionette	DEBUG	[6442450945] Received DOM event unload for http://192.168.10.124/EdInsight/Form/LocalAssessment/ReportItemAnalysis.aspx?args=yMN/V9xZUJl/u0X8hD/kYiZ7N0Rvgi5YBzRhOsQaIx2 ... F1KivenFQAOgGL+AwkzP9rrHXMfdYT0V3GYIHPnXbROY7dT5IA+zFOBFEFENOsA/DLVqOtn1gWmpdj5IY2GRnGufrUHvHycsPIZ+odiSQnKsGxMvD9W9U04ylHEuA
1540991407095	Marionette	DEBUG	[6442450945] Received observer notification outer-window-destroyed for 6442452071
1540991407095	Marionette	DEBUG	[6442450945] Received observer notification outer-window-destroyed for 6442452077
1540991407095	Marionette	DEBUG	[6442450945] Received observer notification outer-window-destroyed for 6442452078
1540991407162	Marionette	DEBUG	[6442450945] Received DOM event DOMContentLoaded for http://192.168.10.124/EdInsight/Form/LocalAssessment/ReportItemAnalysis.aspx?args=s79LFcKIz38I3KnjVa8bneec948UfzqMceDltPu+UUl ... FkqL6Ogw/SBSyfi+HDDtpubwkEVdtUNyCcRlX5O99IGMgsoCcDOARt/LEbrSHW06VhyCoD6fG5arFR73+es6fe6pRYZBJeYsQMZficKXRh4P2n9TfyBFRHCaW6OOh
1540991407207	Marionette	DEBUG	[6442450945] Received observer notification outer-window-destroyed for 6442452084
1540991407209	Marionette	DEBUG	[6442450945] Received observer notification outer-window-destroyed for 6442452085
JavaScript error: http://192.168.10.124/EdInsight/Form/LocalAssessment/ReportItemAnalysis.aspx?args=s79LFcKIz38I3KnjVa8bneec948UfzqMceDltPu+UUlH2KCBKtbjOSvasGGo3ROJL2j1rYZLtK+wmGGC4XH+S4TiOFFerXBtpaJsMOwwCZtygNJuz8YTpGu0h8FcGkcBniQnLMuNpGAoa1eKx4I3toSViIc4LelWc5RH8ZITZ56OjGG7q1Ok2BCcsiz8HAADsUPerSTgL0I8jbt1BmAM9jIeAGbi96fYo+foXIkNsBsLAfZhLeaTm5IbJGa34o75VvjGaWxpa/Xfv4uuYrR8NZ4lvJajG93pcQGNKPaZuU/5CT0Thq0NBF4EaU1aebOovCpFkqL6Ogw/SBSyfi+HDDtpubwkEVdtUNyCcRlX5O99IGMgsoCcDOARt/LEbrSHW06VhyCoD6fG5arFR73+es6fe6pRYZBJeYsQMZficKXRh4P2n9TfyBFRHCaW6OOh, line 1: ReferenceError: False is 1540991407241	Marionette	DEBUG	[6442450945] Received DOM event pageshow for http://192.168.10.124/EdInsight/Form/LocalAssessment/ReportItemAnalysis.aspx?args=s79LFcKIz38I3KnjVa8bneec948UfzqMceDltPu+UUl ... FkqL6Ogw/SBSyfi+HDDtpubwkEVdtUNyCcRlX5O99IGMgsoCcDOARt/LEbrSHW06VhyCoD6fG5arFR73+es6fe6pRYZBJeYsQMZficKXRh4P2n9TfyBFRHCaW6OOh
not defined
1540991408313	Marionette	DEBUG	[6442450945] Received DOM event beforeunload for http://192.168.10.124/EdInsight/Form/LocalAssessment/ReportItemAnalysis.aspx?args=s79LFcKIz38I3KnjVa8bneec948UfzqMceDltPu+UUl ... FkqL6Ogw/SBSyfi+HDDtpubwkEVdtUNyCcRlX5O99IGMgsoCcDOARt/LEbrSHW06VhyCoD6fG5arFR73+es6fe6pRYZBJeYsQMZficKXRh4P2n9TfyBFRHCaW6OOh
1540991408380	Marionette	DEBUG	[6442450945] Received DOM event pagehide for http://192.168.10.124/EdInsight/Form/LocalAssessment/ReportItemAnalysis.aspx?args=s79LFcKIz38I3KnjVa8bneec948UfzqMceDltPu+UUl ... FkqL6Ogw/SBSyfi+HDDtpubwkEVdtUNyCcRlX5O99IGMgsoCcDOARt/LEbrSHW06VhyCoD6fG5arFR73+es6fe6pRYZBJeYsQMZficKXRh4P2n9TfyBFRHCaW6OOh
1540991408381	Marionette	DEBUG	[6442450945] Received DOM event unload for http://192.168.10.124/EdInsight/Form/LocalAssessment/ReportItemAnalysis.aspx?args=s79LFcKIz38I3KnjVa8bneec948UfzqMceDltPu+UUl ... FkqL6Ogw/SBSyfi+HDDtpubwkEVdtUNyCcRlX5O99IGMgsoCcDOARt/LEbrSHW06VhyCoD6fG5arFR73+es6fe6pRYZBJeYsQMZficKXRh4P2n9TfyBFRHCaW6OOh
1540991408544	Marionette	DEBUG	[6442450945] Received observer notification outer-window-destroyed for 6442452082
1540991408544	Marionette	DEBUG	[6442450945] Received observer notification outer-window-destroyed for 6442452088
1540991408544	Marionette	DEBUG	[6442450945] Received observer notification outer-window-destroyed for 6442452089
1540991408610	Marionette	DEBUG	[6442450945] Received DOM event DOMContentLoaded for http://192.168.10.124/EdInsight/Form/LocalAssessment/ReportItemAnalysis.aspx?args=s79LFcKIz38I3KnjVa8bnUEJFlRBaqemlzGcAwi5HWL ... qK3/erZtvkZ1JUgGfU9YhNdWWjvh4+d/lLMyGCBDtuWkW3wH8NxaWkRhaoZaP1Xp509HLoBe96Y6xoWKydKBcq/bWsD7QaD+rVksGHDWscTj08J8OWBKL2dv/RDKA
1540991408656	Marionette	DEBUG	[6442450945] Received observer notification outer-window-destroyed for 6442452095
1540991408667	Marionette	DEBUG	[6442450945] Received observer notification outer-window-destroyed for 6442452096
JavaScript error: http://192.168.10.124/EdInsight/Form/LocalAssessment/ReportItemAnalysis.aspx?args=s79LFcKIz38I3KnjVa8bnUEJFlRBaqemlzGcAwi5HWLWivLttshPTM/pPDYd5bZTXXelrdllYdktUow7MoA0ocWQLGlbb8k9zmH7bKGd5EXonMU2znY6dMNgz/3RZOED6M4+gIz7CfaZW9jWPqryP7EzsAM4bWS4VDQ/2WGpe21dJjxMcLRc0s7/SDdmf/T99lFhHTCYT4J7cgRNkAKmFmXy3f3q1mrjN/DN6CCW0YwVs6YxNYsSvSiTjlZe+pxAARpxYQsHWSlNr4+i+6G7Wuy+xuq9ZWou28VLO3p5mc/f1540991408691	Marionette	DEBUG	[6442450945] Received DOM event pageshow for http://192.168.10.124/EdInsight/Form/LocalAssessment/ReportItemAnalysis.asnC4nHpL3Pe6Q/FtjNY4w44lqK3/erZtvkZ1JUgGfU9YhNdWWjvh4+d/lLMyGCBDtuWkW3wH8NxaWkRhaoZaP1Xp509HLoBe96Y6xoWKydKBcq/bWsD7QaD+rVksGHDWscTjpx?args=s79LFcKIz38I3KnjVa8bnUEJFlRBaqemlzGcAwi5HWL ... qK3/erZtvkZ1JUgGfU9YhNdWWjvh4+d/lLMyGCBDtuWkW3wH8NxaWkRhaoZaP1Xp509HLoBe96Y6xoWKydKBcq/bWsD7QaD+rVksGHDWscTj08J8OWBKL2dv/RDKA
08J8OWBKL2dv/RDKA, line 1: ReferenceError: False is not defined
1540991408740	Marionette	DEBUG	[6442450945] Received DOM event beforeunload for http://192.168.10.124/EdInsight/Form/LocalAssessment/ReportItemAnalysis.aspx?args=s79LFcKIz38I3KnjVa8bnUEJFlRBaqemlzGcAwi5HWL ... qK3/erZtvkZ1JUgGfU9YhNdWWjvh4+d/lLMyGCBDtuWkW3wH8NxaWkRhaoZaP1Xp509HLoBe96Y6xoWKydKBcq/bWsD7QaD+rVksGHDWscTj08J8OWBKL2dv/RDKA
1540991408987	Marionette	DEBUG	[6442450945] Received DOM event pagehide for http://192.168.10.124/EdInsight/Form/LocalAssessment/ReportItemAnalysis.aspx?args=s79LFcKIz38I3KnjVa8bnUEJFlRBaqemlzGcAwi5HWL ... qK3/erZtvkZ1JUgGfU9YhNdWWjvh4+d/lLMyGCBDtuWkW3wH8NxaWkRhaoZaP1Xp509HLoBe96Y6xoWKydKBcq/bWsD7QaD+rVksGHDWscTj08J8OWBKL2dv/RDKA
1540991408992	Marionette	DEBUG	[6442450945] Received DOM event unload for http://192.168.10.124/EdInsight/Form/LocalAssessment/ReportItemAnalysis.aspx?args=s79LFcKIz38I3KnjVa8bnUEJFlRBaqemlzGcAwi5HWL ... qK3/erZtvkZ1JUgGfU9YhNdWWjvh4+d/lLMyGCBDtuWkW3wH8NxaWkRhaoZaP1Xp509HLoBe96Y6xoWKydKBcq/bWsD7QaD+rVksGHDWscTj08J8OWBKL2dv/RDKA
1540991409174	Marionette	DEBUG	[6442450945] Received observer notification outer-window-destroyed for 6442452093
1540991409174	Marionette	DEBUG	[6442450945] Received observer notification outer-window-destroyed for 6442452099
1540991409175	Marionette	DEBUG	[6442450945] Received observer notification outer-window-destroyed for 6442452100
1540991409260	Marionette	DEBUG	[6442450945] Received DOM event DOMContentLoaded for http://192.168.10.124/EdInsight/Form/LocalAssessment/ReportItemAnalysis.aspx?args=s79LFcKIz38I3KnjVa8bndPDkLBM4V9oXrpkZ3ckqYV ... 1yjlz23fBqEWw3isztX4AHP5uskw0s7jBqHiYeCMojLbxlrvtz2BQ45SQGQ85/Zm0K7sHOH3DQGcl+AF7TATUBS2EMIjJSuUBs5bNfzw6HAWFnGKyelbrddUFukD1
1540991409307	Marionette	DEBUG	[6442450945] Received observer notification outer-window-destroyed for 6442452106
1540991409309	Marionette	DEBUG	[6442450945] Received observer notification outer-window-destroyed for 6442452107
JavaScript error: http://192.168.10.124/EdInsight/Form/LocalAssessment/ReportItemAnalysis.aspx?args=s79LFcKIz38I3KnjVa8bndPDkLBM4V9oXrpkZ3ckqYV6QWe1OMadwcdLlzwCdsJOxD5sUkUNPyLuA/qEDnUYcdukxhVKaX/5bsVHRLqJ9mZsKZ8LkyHagHJnNDfjb0j6Q5iqavUsoBT4hPiztuDDS6jArwLNIa0WUGngLoNmKbEmYSHItNmzTGREv54YSDNCwoRSXSBT4LdsBl5uPMBOAdzlBiMIfpcvmsnmD2t7vdYJPA4YmqGQMCwGH0iTsJg7s1d9Putczy13Gndj1540991409333	Marionette	DEBUG	[6442450945] Received DOM event pageshow fkO03bUDKOir/A34bA75MeHzyjxce+IbJlHqsCr6gJbvgM71TjAE1yjlz23fBqEWw3isztX4AHP5uskw0s7jBqHiYeCMojLbxlrvtz2BQ45SQGQ85/Zm0K7sHOH3DQGcl+AF7TATUBS2EMIjJSuUBs5bNfzw6HAWFnGKyelbrddUFukD1, line 1: ReferenceError: False is not defined
or http://192.168.10.124/EdInsight/Form/LocalAssessment/ReportItemAnalysis.aspx?args=s79LFcKIz38I3KnjVa8bndPDkLBM4V9oXrpkZ3ckqYV ... 1yjlz23fBqEWw3isztX4AHP5uskw0s7jBqHiYeCMojLbxlrvtz2BQ45SQGQ85/Zm0K7sHOH3DQGcl+AF7TATUBS2EMIjJSuUBs5bNfzw6HAWFnGKyelbrddUFukD1
]]></system-err>
  </testcase>
  <testcase name="TCED14098" classname="com.analyzeByScore.ItemAnalysisbyQuestion" time="37.747">
    <failure message="Timeout during waiting for element: &apos;//a[contains(text(),&apos;1(12.5%)&apos;)]&apos;" type="java.lang.AssertionError">java.lang.AssertionError: Timeout during waiting for element: '//a[contains(text(),'1(12.5%)')]'
	at Library.BaseClassOne.waitFor(BaseClassOne.java:273)
	at Library.BaseClassOne.click(BaseClassOne.java:185)
	at com.analyzeByScore.ItemAnalysisbyQuestion.TCED14098(ItemAnalysisbyQuestion.java:437)
</failure>
    <system-err><![CDATA[1540991439942	Marionette	DEBUG	[6442450945] Canceled page load listener because no navigation has been detected
1540991440018	Marionette	DEBUG	[6442450945] Received DOM event beforeunload for http://192.168.10.124/EdInsight/Form/LocalAssessment/ReportItemAnalysis.aspx?args=s79LFcKIz38I3KnjVa8bndPDkLBM4V9oXrpkZ3ckqYV ... 1yjlz23fBqEWw3isztX4AHP5uskw0s7jBqHiYeCMojLbxlrvtz2BQ45SQGQ85/Zm0K7sHOH3DQGcl+AF7TATUBS2EMIjJSuUBs5bNfzw6HAWFnGKyelbrddUFukD1
1540991440177	Marionette	DEBUG	[6442450945] Received DOM event pagehide for http://192.168.10.124/EdInsight/Form/LocalAssessment/ReportItemAnalysis.aspx?args=s79LFcKIz38I3KnjVa8bndPDkLBM4V9oXrpkZ3ckqYV ... 1yjlz23fBqEWw3isztX4AHP5uskw0s7jBqHiYeCMojLbxlrvtz2BQ45SQGQ85/Zm0K7sHOH3DQGcl+AF7TATUBS2EMIjJSuUBs5bNfzw6HAWFnGKyelbrddUFukD1
1540991440179	Marionette	DEBUG	[6442450945] Received DOM event unload for http://192.168.10.124/EdInsight/Form/LocalAssessment/ReportItemAnalysis.aspx?args=s79LFcKIz38I3KnjVa8bndPDkLBM4V9oXrpkZ3ckqYV ... 1yjlz23fBqEWw3isztX4AHP5uskw0s7jBqHiYeCMojLbxlrvtz2BQ45SQGQ85/Zm0K7sHOH3DQGcl+AF7TATUBS2EMIjJSuUBs5bNfzw6HAWFnGKyelbrddUFukD1
1540991440352	Marionette	DEBUG	[6442450945] Received observer notification outer-window-destroyed for 6442452104
1540991440352	Marionette	DEBUG	[6442450945] Received observer notification outer-window-destroyed for 6442452110
1540991440352	Marionette	DEBUG	[6442450945] Received observer notification outer-window-destroyed for 6442452111
1540991440427	Marionette	DEBUG	[6442450945] Received DOM event DOMContentLoaded for http://192.168.10.124/EdInsight/Form/LocalAssessment/AssessmentReports.aspx?args=s79LFcKIz38I3KnjVa8bnT9H5jC88WQvTvBSdvqWwiv67KAsEBnbq+BLEBXlV2VJRg+uU960OB76cNpAOi9zeypLy1uWi8e+FStdK63dVVWG+/gS9G5OQFNvnJDsOlzUZVh1gwI7cvBN7i1XppqfIA==
1540991440496	Marionette	DEBUG	[6442450945] Received observer notification outer-window-destroyed for 6442452117
1540991440497	Marionette	DEBUG	[6442450945] Received observer notification outer-window-destroyed for 6442452118
JavaScript error: http://192.168.10.124/EdInsight/Form/LocalAssessment/AssessmentReports.aspx?args=s79LFcKIz38I3KnjVa8bnT9H5jC88WQvTvBSdvqWwiv67KAsEBnbq+BLEBXlV2VJRg+uU960OB76cNpAOi9zeypLy1uWi8e+FStdK63dVVWG+/gS9G5OQFNvnJDsOlzUZVh1gwI7cvBN7i1XppqfIA==, line 1: ReferenceError: False is not defined
1540991440530	Marionette	DEBUG	[6442450945] Received DOM event pageshow for http://192.168.10.124/EdInsight/Form/LocalAssessment/AssessmentReports.aspx?args=s79LFcKIz38I3KnjVa8bnT9H5jC88WQvTvBSdvqWwiv67KAsEBnbq+BLEBXlV2VJRg+uU960OB76cNpAOi9zeypLy1uWi8e+FStdK63dVVWG+/gS9G5OQFNvnJDsOlzUZVh1gwI7cvBN7i1XppqfIA==
1540991440573	Marionette	DEBUG	[6442450945] Received DOM event beforeunload for http://192.168.10.124/EdInsight/Form/LocalAssessment/AssessmentReports.aspx?args=s79LFcKIz38I3KnjVa8bnT9H5jC88WQvTvBSdvqWwiv67KAsEBnbq+BLEBXlV2VJRg+uU960OB76cNpAOi9zeypLy1uWi8e+FStdK63dVVWG+/gS9G5OQFNvnJDsOlzUZVh1gwI7cvBN7i1XppqfIA==
1540991440717	Marionette	DEBUG	[6442450945] Received DOM event pagehide for http://192.168.10.124/EdInsight/Form/LocalAssessment/AssessmentReports.aspx?args=s79LFcKIz38I3KnjVa8bnT9H5jC88WQvTvBSdvqWwiv67KAsEBnbq+BLEBXlV2VJRg+uU960OB76cNpAOi9zeypLy1uWi8e+FStdK63dVVWG+/gS9G5OQFNvnJDsOlzUZVh1gwI7cvBN7i1XppqfIA==
1540991440721	Marionette	DEBUG	[6442450945] Received DOM event unload for http://192.168.10.124/EdInsight/Form/LocalAssessment/AssessmentReports.aspx?args=s79LFcKIz38I3KnjVa8bnT9H5jC88WQvTvBSdvqWwiv67KAsEBnbq+BLEBXlV2VJRg+uU960OB76cNpAOi9zeypLy1uWi8e+FStdK63dVVWG+/gS9G5OQFNvnJDsOlzUZVh1gwI7cvBN7i1XppqfIA==
1540991440885	Marionette	DEBUG	[6442450945] Received observer notification outer-window-destroyed for 6442452115
1540991440886	Marionette	DEBUG	[6442450945] Received observer notification outer-window-destroyed for 6442452121
1540991440886	Marionette	DEBUG	[6442450945] Received observer notification outer-window-destroyed for 6442452122
1540991440960	Marionette	DEBUG	[6442450945] Received DOM event DOMContentLoaded for http://192.168.10.124/EdInsight/Form/LocalAssessment/ReportItemAnalysisParams.aspx?args=s79LFcKIz38I3KnjVa8bnejUJP9KsYvMnSwGbse3BJ4=
1540991441018	Marionette	DEBUG	[6442450945] Received observer notification outer-window-destroyed for 6442452128
1540991441021	Marionette	DEBUG	[6442450945] Received observer notification outer-window-destroyed for 6442452129
JavaScript error: http://192.168.10.124/EdInsight/Form/LocalAssessment/ReportItemAnalysisParams.aspx?args=s79LFcKIz38I3KnjVa8bnejUJP9KsYvMnSwGbse3BJ4=, line 1: ReferenceError: False is not defined
1540991441047	Marionette	DEBUG	[6442450945] Received DOM event pageshow for http://192.168.10.124/EdInsight/Form/LocalAssessment/ReportItemAnalysisParams.aspx?args=s79LFcKIz38I3KnjVa8bnejUJP9KsYvMnSwGbse3BJ4=
1540991441156	Marionette	DEBUG	[6442450945] Received DOM event beforeunload for http://192.168.10.124/EdInsight/Form/LocalAssessment/ReportItemAnalysisParams.aspx?args=s79LFcKIz38I3KnjVa8bnejUJP9KsYvMnSwGbse3BJ4=
1540991441317	Marionette	DEBUG	[6442450945] Received DOM event pagehide for http://192.168.10.124/EdInsight/Form/LocalAssessment/ReportItemAnalysisParams.aspx?args=s79LFcKIz38I3KnjVa8bnejUJP9KsYvMnSwGbse3BJ4=
1540991441320	Marionette	DEBUG	[6442450945] Received DOM event unload for http://192.168.10.124/EdInsight/Form/LocalAssessment/ReportItemAnalysisParams.aspx?args=s79LFcKIz38I3KnjVa8bnejUJP9KsYvMnSwGbse3BJ4=
1540991441484	Marionette	DEBUG	[6442450945] Received observer notification outer-window-destroyed for 6442452126
1540991441484	Marionette	DEBUG	[6442450945] Received observer notification outer-window-destroyed for 6442452132
1540991441484	Marionette	DEBUG	[6442450945] Received observer notification outer-window-destroyed for 6442452133
1540991441555	Marionette	DEBUG	[6442450945] Received DOM event DOMContentLoaded for http://192.168.10.124/EdInsight/Form/LocalAssessment/ReportItemAnalysisParams.aspx?args=s79LFcKIz38I3KnjVa8bnakE21F0HaWWO23QoOQ8ZJY=
1540991441608	Marionette	DEBUG	[6442450945] Received observer notification outer-window-destroyed for 6442452139
1540991441610	Marionette	DEBUG	[6442450945] Received observer notification outer-window-destroyed for 6442452140
JavaScript error: http://192.168.10.124/EdInsight/Form/LocalAssessment/ReportItemAnalysisParams.aspx?args=s79LFcKIz38I3KnjVa8bnakE21F0HaWWO23QoOQ8ZJY=, line 1: ReferenceError: False is not defined
1540991441640	Marionette	DEBUG	[6442450945] Received DOM event pageshow for http://192.168.10.124/EdInsight/Form/LocalAssessment/ReportItemAnalysisParams.aspx?args=s79LFcKIz38I3KnjVa8bnakE21F0HaWWO23QoOQ8ZJY=
1540991441680	Marionette	DEBUG	[6442450945] Received DOM event beforeunload for http://192.168.10.124/EdInsight/Form/LocalAssessment/ReportItemAnalysisParams.aspx?args=s79LFcKIz38I3KnjVa8bnakE21F0HaWWO23QoOQ8ZJY=
1540991441788	Marionette	DEBUG	[6442450945] Received DOM event pagehide for http://192.168.10.124/EdInsight/Form/LocalAssessment/ReportItemAnalysisParams.aspx?args=s79LFcKIz38I3KnjVa8bnakE21F0HaWWO23QoOQ8ZJY=
1540991441788	Marionette	DEBUG	[6442450945] Received DOM event unload for http://192.168.10.124/EdInsight/Form/LocalAssessment/ReportItemAnalysisParams.aspx?args=s79LFcKIz38I3KnjVa8bnakE21F0HaWWO23QoOQ8ZJY=
1540991441936	Marionette	DEBUG	[6442450945] Received observer notification outer-window-destroyed for 6442452137
1540991441936	Marionette	DEBUG	[6442450945] Received observer notification outer-window-destroyed for 6442452143
1540991441936	Marionette	DEBUG	[6442450945] Received observer notification outer-window-destroyed for 6442452144
1540991442006	Marionette	DEBUG	[6442450945] Received DOM event DOMContentLoaded for http://192.168.10.124/EdInsight/Form/LocalAssessment/ReportItemAnalysisParams.aspx?args=s79LFcKIz38I3KnjVa8bnXgWL7qgIuw5pBJt6T0oFE0=
1540991442062	Marionette	DEBUG	[6442450945] Received observer notification outer-window-destroyed for 6442452150
1540991442064	Marionette	DEBUG	[6442450945] Received observer notification outer-window-destroyed for 6442452151
JavaScript error: http://192.168.10.124/EdInsight/Form/LocalAssessment/ReportItemAnalysisParams.aspx?args=s79LFcKIz38I3KnjVa8bnXgWL7qgIuw5pBJt6T0oFE0=, line 1: ReferenceError: False is not defined
1540991442092	Marionette	DEBUG	[6442450945] Received DOM event pageshow for http://192.168.10.124/EdInsight/Form/LocalAssessment/ReportItemAnalysisParams.aspx?args=s79LFcKIz38I3KnjVa8bnXgWL7qgIuw5pBJt6T0oFE0=
1540991442134	Marionette	DEBUG	[6442450945] Received DOM event beforeunload for http://192.168.10.124/EdInsight/Form/LocalAssessment/ReportItemAnalysisParams.aspx?args=s79LFcKIz38I3KnjVa8bnXgWL7qgIuw5pBJt6T0oFE0=
1540991442257	Marionette	DEBUG	[6442450945] Received DOM event pagehide for http://192.168.10.124/EdInsight/Form/LocalAssessment/ReportItemAnalysisParams.aspx?args=s79LFcKIz38I3KnjVa8bnXgWL7qgIuw5pBJt6T0oFE0=
1540991442258	Marionette	DEBUG	[6442450945] Received DOM event unload for http://192.168.10.124/EdInsight/Form/LocalAssessment/ReportItemAnalysisParams.aspx?args=s79LFcKIz38I3KnjVa8bnXgWL7qgIuw5pBJt6T0oFE0=
1540991442406	Marionette	DEBUG	[6442450945] Received observer notification outer-window-destroyed for 6442452148
1540991442407	Marionette	DEBUG	[6442450945] Received observer notification outer-window-destroyed for 6442452154
1540991442407	Marionette	DEBUG	[6442450945] Received observer notification outer-window-destroyed for 6442452155
1540991442475	Marionette	DEBUG	[6442450945] Received DOM event DOMContentLoaded for http://192.168.10.124/EdInsight/Form/LocalAssessment/ReportItemAnalysisParams.aspx?args=s79LFcKIz38I3KnjVa8bnSC8hnZKKlZk+OIHTBzE008=
1540991442525	Marionette	DEBUG	[6442450945] Received observer notification outer-window-destroyed for 6442452161
1540991442527	Marionette	DEBUG	[6442450945] Received observer notification outer-window-destroyed for 6442452162
JavaScript error: http://192.168.10.124/EdInsight/Form/LocalAssessment/ReportItemAnalysisParams.aspx?args=s79LFcKIz38I3KnjVa8bnSC8hnZKKlZk+OIHTBzE008=, line 1: ReferenceError: False is not defined
1540991442568	Marionette	DEBUG	[6442450945] Received DOM event pageshow for http://192.168.10.124/EdInsight/Form/LocalAssessment/ReportItemAnalysisParams.aspx?args=s79LFcKIz38I3KnjVa8bnSC8hnZKKlZk+OIHTBzE008=
1540991442614	Marionette	DEBUG	[6442450945] Received DOM event beforeunload for http://192.168.10.124/EdInsight/Form/LocalAssessment/ReportItemAnalysisParams.aspx?args=s79LFcKIz38I3KnjVa8bnSC8hnZKKlZk+OIHTBzE008=
1540991442881	Marionette	DEBUG	[6442450945] Received DOM event pagehide for http://192.168.10.124/EdInsight/Form/LocalAssessment/ReportItemAnalysisParams.aspx?args=s79LFcKIz38I3KnjVa8bnSC8hnZKKlZk+OIHTBzE008=
1540991442884	Marionette	DEBUG	[6442450945] Received DOM event unload for http://192.168.10.124/EdInsight/Form/LocalAssessment/ReportItemAnalysisParams.aspx?args=s79LFcKIz38I3KnjVa8bnSC8hnZKKlZk+OIHTBzE008=
1540991443050	Marionette	DEBUG	[6442450945] Received observer notification outer-window-destroyed for 6442452159
1540991443050	Marionette	DEBUG	[6442450945] Received observer notification outer-window-destroyed for 6442452165
1540991443050	Marionette	DEBUG	[6442450945] Received observer notification outer-window-destroyed for 6442452166
1540991443113	Marionette	DEBUG	[6442450945] Received DOM event DOMContentLoaded for http://192.168.10.124/EdInsight/Form/LocalAssessment/ReportItemAnalysis.aspx?args=yMN/V9xZUJl/u0X8hD/kYiZ7N0Rvgi5YBzRhOsQaIx2 ... F1KivenFQAOgGL+AwkzP9rrHXMfdYT0V3GYIHPnXbROY7dT5IA+zFOBFEFENOsA/DLVqOtn1gWmpdj5IY2Cm0zJfOpE21sUUgUPRu4Oij0PFHZwlbrM8ZnoozjA+j
1540991443169	Marionette	DEBUG	[6442450945] Received observer notification outer-window-destroyed for 6442452172
1540991443176	Marionette	DEBUG	[6442450945] Received observer notification outer-window-destroyed for 6442452173
JavaScript error: http://192.168.10.124/EdInsight/Form/LocalAssessment/ReportItemAnalysis.aspx?args=yMN/V9xZUJl/u0X8hD/kYiZ7N0Rvgi5YBzRhOsQaIx2mYxSQdbKVFfM1rObJke4qY2jmWGTDWQhora0W/Gx32FL/9aojlkzHVUS5tAusVVyFkOWM8YdCgFbWdyUDIrCUS4aA7fD2JCo7KPo+Cz6IHsfsXHcntD5dOawOuvsRZrAgd3TQMpok850TAt4OT6wF2sae+aEViUURES7Od7iNG9ewfA0QwA72GoKBJtPVvWhCwC+vDOTmWPuwNhJMIyJgakcVrwN9m2yvF7ga5c5M98N/WlHCn9hmy7z9J/B/G8smERdHjOAcep6vMnATRh76NgxF1KivenFQAOgGL+AwkzP9rrHXMfdYT0V3GYIHPnXbROY7dT5IA+zFOBFEFENOsA/DLVqOtn1gWmpdj5IY2Cm0zJfOpE21sUUgUPRu4Oij0PFHZwlbrM8ZnoozjA+j, line 1: ReferenceError: False1540991443206	Marionette	DEBUG	[64 is not defined
42450945] Received DOM event pageshow for http://192.168.10.124/EdInsight/Form/LocalAssessment/ReportItemAnalysis.aspx?args=yMN/V9xZUJl/u0X8hD/kYiZ7N0Rvgi5YBzRhOsQaIx2 ... F1KivenFQAOgGL+AwkzP9rrHXMfdYT0V3GYIHPnXbROY7dT5IA+zFOBFEFENOsA/DLVqOtn1gWmpdj5IY2Cm0zJfOpE21sUUgUPRu4Oij0PFHZwlbrM8ZnoozjA+j
1540991444274	Marionette	DEBUG	[6442450945] Received DOM event beforeunload for http://192.168.10.124/EdInsight/Form/LocalAssessment/ReportItemAnalysis.aspx?args=yMN/V9xZUJl/u0X8hD/kYiZ7N0Rvgi5YBzRhOsQaIx2 ... F1KivenFQAOgGL+AwkzP9rrHXMfdYT0V3GYIHPnXbROY7dT5IA+zFOBFEFENOsA/DLVqOtn1gWmpdj5IY2Cm0zJfOpE21sUUgUPRu4Oij0PFHZwlbrM8ZnoozjA+j
1540991444418	Marionette	DEBUG	[6442450945] Received DOM event pagehide for http://192.168.10.124/EdInsight/Form/LocalAssessment/ReportItemAnalysis.aspx?args=yMN/V9xZUJl/u0X8hD/kYiZ7N0Rvgi5YBzRhOsQaIx2 ... F1KivenFQAOgGL+AwkzP9rrHXMfdYT0V3GYIHPnXbROY7dT5IA+zFOBFEFENOsA/DLVqOtn1gWmpdj5IY2Cm0zJfOpE21sUUgUPRu4Oij0PFHZwlbrM8ZnoozjA+j
1540991444421	Marionette	DEBUG	[6442450945] Received DOM event unload for http://192.168.10.124/EdInsight/Form/LocalAssessment/ReportItemAnalysis.aspx?args=yMN/V9xZUJl/u0X8hD/kYiZ7N0Rvgi5YBzRhOsQaIx2 ... F1KivenFQAOgGL+AwkzP9rrHXMfdYT0V3GYIHPnXbROY7dT5IA+zFOBFEFENOsA/DLVqOtn1gWmpdj5IY2Cm0zJfOpE21sUUgUPRu4Oij0PFHZwlbrM8ZnoozjA+j
1540991444597	Marionette	DEBUG	[6442450945] Received observer notification outer-window-destroyed for 6442452170
1540991444597	Marionette	DEBUG	[6442450945] Received observer notification outer-window-destroyed for 6442452176
1540991444597	Marionette	DEBUG	[6442450945] Received observer notification outer-window-destroyed for 6442452177
1540991444659	Marionette	DEBUG	[6442450945] Received DOM event DOMContentLoaded for http://192.168.10.124/EdInsight/Form/LocalAssessment/ReportItemAnalysis.aspx?args=s79LFcKIz38I3KnjVa8bnQLVDwQXtRrw4b5sOTwWgqy ... zCSNwjKR3u2jKF7S9uMZCJld+kYAVgi7dKPNWfpyARChmB0q29D5WdTcaoDOuKuOq3I+AK/o+FnBryf4MmFWQ3JJxpc4AGx+JEKluLGXti2AVN9jRUjPQA0ITgwX8
1540991444714	Marionette	DEBUG	[6442450945] Received observer notification outer-window-destroyed for 6442452183
1540991444716	Marionette	DEBUG	[6442450945] Received observer notification outer-window-destroyed for 6442452184
JavaScript error: http://192.168.10.124/EdInsight/Form/LocalAssessment/ReportItemAnalysis.aspx?args=s79LFcKIz38I3KnjVa8bnQLVDwQXtRrw4b5sOTwWgqymGMPVC1C3TS79MztvSF4j1MUI1zIIQNmEUuBoqNN+qgGeIICU/Abnhm0DWOB4humwWmHc7E+lN0qzfaxIKzq4UBK/AkgBIcTnMD5MI9y3IWOPn0VNA7AYIHCmZJnjCJbq4IL/29bWWMPv/gyBnyfTO0Rm3LYLOZJzMPziMak02Ekbx7885ELOxKDtfvGA1aWS7vRSyjAa9if+eYc95fLLZIHevzkdIPP8Gikh3oQ9dPFOoK4SshP4Xx9W3MiLi28qyZZeHDXFH1jOUMR73STIQmjzCSNwjKR3u2jKF7S9uMZCJld+kYAVgi7dKPNWfpyARChmB0q29D5WdTcaoDOuKuOq3I+AK/o+FnBryf4MmFWQ3JJxpc4AGx+JEKluLGXti2AVN9jRUjPQA0ITgwX8, line 1: ReferenceError: False is not defined
1540991444747	Marionette	DEBUG	[6442450945] Received DOM event pageshow for http://192.168.10.124/EdInsight/Form/LocalAssessment/ReportItemAnalysis.aspx?args=s79LFcKIz38I3KnjVa8bnQLVDwQXtRrw4b5sOTwWgqy ... zCSNwjKR3u2jKF7S9uMZCJld+kYAVgi7dKPNWfpyARChmB0q29D5WdTcaoDOuKuOq3I+AK/o+FnBryf4MmFWQ3JJxpc4AGx+JEKluLGXti2AVN9jRUjPQA0ITgwX8
1540991445786	Marionette	DEBUG	[6442450945] Received DOM event beforeunload for http://192.168.10.124/EdInsight/Form/LocalAssessment/ReportItemAnalysis.aspx?args=s79LFcKIz38I3KnjVa8bnQLVDwQXtRrw4b5sOTwWgqy ... zCSNwjKR3u2jKF7S9uMZCJld+kYAVgi7dKPNWfpyARChmB0q29D5WdTcaoDOuKuOq3I+AK/o+FnBryf4MmFWQ3JJxpc4AGx+JEKluLGXti2AVN9jRUjPQA0ITgwX8
1540991445974	Marionette	DEBUG	[6442450945] Received DOM event pagehide for http://192.168.10.124/EdInsight/Form/LocalAssessment/ReportItemAnalysis.aspx?args=s79LFcKIz38I3KnjVa8bnQLVDwQXtRrw4b5sOTwWgqy ... zCSNwjKR3u2jKF7S9uMZCJld+kYAVgi7dKPNWfpyARChmB0q29D5WdTcaoDOuKuOq3I+AK/o+FnBryf4MmFWQ3JJxpc4AGx+JEKluLGXti2AVN9jRUjPQA0ITgwX8
1540991445974	Marionette	DEBUG	[6442450945] Received DOM event unload for http://192.168.10.124/EdInsight/Form/LocalAssessment/ReportItemAnalysis.aspx?args=s79LFcKIz38I3KnjVa8bnQLVDwQXtRrw4b5sOTwWgqy ... zCSNwjKR3u2jKF7S9uMZCJld+kYAVgi7dKPNWfpyARChmB0q29D5WdTcaoDOuKuOq3I+AK/o+FnBryf4MmFWQ3JJxpc4AGx+JEKluLGXti2AVN9jRUjPQA0ITgwX8
1540991446150	Marionette	DEBUG	[6442450945] Received observer notification outer-window-destroyed for 6442452181
1540991446150	Marionette	DEBUG	[6442450945] Received observer notification outer-window-destroyed for 6442452187
1540991446150	Marionette	DEBUG	[6442450945] Received observer notification outer-window-destroyed for 6442452188
1540991446224	Marionette	DEBUG	[6442450945] Received DOM event DOMContentLoaded for http://192.168.10.124/EdInsight/Form/LocalAssessment/ReportItemAnalysis.aspx?args=s79LFcKIz38I3KnjVa8bnXMZkgGWM+OgblLjUcCbO45 ... 7VDxDxf1Fia9Qijd1iyGBjHLHiqmF89kTktPiWnsAgwj3mZW0WuRbcoiKWt6+D9mYjfABsHNei6q8N2NAVxGk2xzeiADV5uVH9hlNV/+y+i3qlSFb6r6G/QCEvlW7
1540991446272	Marionette	DEBUG	[6442450945] Received observer notification outer-window-destroyed for 6442452194
1540991446274	Marionette	DEBUG	[6442450945] Received observer notification outer-window-destroyed for 6442452195
JavaScript error: http://192.168.10.124/EdInsight/Form/LocalAssessment/ReportItemAnalysis.aspx?args=s79LFcKIz38I3KnjVa8bnXMZkgGWM+OgblLjUcCbO457LLzSs9JH+FNBmmwgiq3YUDbvKQ4cqm6D8GeGNDdh+tzyCkd5Z0MSKP70QOltj6ji21l+ONA8izJcf8XkRAPm9ot89Mt83xhiiHUOvaXznHwVqDZxoo2Nqt+evqaZQmMGC+wpvRNED64NU+l2kiANV4pZdU3B8EVSgJ1Jl8z7Z4gVln8bl/ShuqFXDOnBGh039w0dtMXkl9CmchC/TgGVSPW8cTAizn4a0BuNBAN09JDq1CKrDkmtdxSnZCRC0tKmzGUqEynN2OH9lUGuT8wuyNO7VDxDxf1Fia9Qijd1iyGBjHLHiqmF89kTktPiWnsAgwj3mZW0WuRbcoiKWt6+D9mYjfABsHNei6q8N2NAVxGk2xzeiADV5uVH9hlNV/+y+i3qlSFb6r6G/QCEvlW7, line 1: ReferenceError: False is not defined
1540991446312	Marionette	DEBUG	[6442450945] Received DOM event pageshow for http://192.168.10.124/EdInsight/Form/LocalAssessment/ReportItemAnalysis.aspx?args=s79LFcKIz38I3KnjVa8bnXMZkgGWM+OgblLjUcCbO45 ... 7VDxDxf1Fia9Qijd1iyGBjHLHiqmF89kTktPiWnsAgwj3mZW0WuRbcoiKWt6+D9mYjfABsHNei6q8N2NAVxGk2xzeiADV5uVH9hlNV/+y+i3qlSFb6r6G/QCEvlW7
1540991446357	Marionette	DEBUG	[6442450945] Received DOM event beforeunload for http://192.168.10.124/EdInsight/Form/LocalAssessment/ReportItemAnalysis.aspx?args=s79LFcKIz38I3KnjVa8bnXMZkgGWM+OgblLjUcCbO45 ... 7VDxDxf1Fia9Qijd1iyGBjHLHiqmF89kTktPiWnsAgwj3mZW0WuRbcoiKWt6+D9mYjfABsHNei6q8N2NAVxGk2xzeiADV5uVH9hlNV/+y+i3qlSFb6r6G/QCEvlW7
1540991446734	Marionette	DEBUG	[6442450945] Received DOM event pagehide for http://192.168.10.124/EdInsight/Form/LocalAssessment/ReportItemAnalysis.aspx?args=s79LFcKIz38I3KnjVa8bnXMZkgGWM+OgblLjUcCbO45 ... 7VDxDxf1Fia9Qijd1iyGBjHLHiqmF89kTktPiWnsAgwj3mZW0WuRbcoiKWt6+D9mYjfABsHNei6q8N2NAVxGk2xzeiADV5uVH9hlNV/+y+i3qlSFb6r6G/QCEvlW7
1540991446737	Marionette	DEBUG	[6442450945] Received DOM event unload for http://192.168.10.124/EdInsight/Form/LocalAssessment/ReportItemAnalysis.aspx?args=s79LFcKIz38I3KnjVa8bnXMZkgGWM+OgblLjUcCbO45 ... 7VDxDxf1Fia9Qijd1iyGBjHLHiqmF89kTktPiWnsAgwj3mZW0WuRbcoiKWt6+D9mYjfABsHNei6q8N2NAVxGk2xzeiADV5uVH9hlNV/+y+i3qlSFb6r6G/QCEvlW7
1540991446927	Marionette	DEBUG	[6442450945] Received observer notification outer-window-destroyed for 6442452192
1540991446927	Marionette	DEBUG	[6442450945] Received observer notification outer-window-destroyed for 6442452198
1540991446927	Marionette	DEBUG	[6442450945] Received observer notification outer-window-destroyed for 6442452199
1540991447003	Marionette	DEBUG	[6442450945] Received DOM event DOMContentLoaded for http://192.168.10.124/EdInsight/Form/LocalAssessment/ReportItemAnalysis.aspx?args=s79LFcKIz38I3KnjVa8bnRH5LhL43GnnjCyCp7fH0OD ... uU/RIdWHfcuHMQkEzO8JutjO4mukEeTWuzN7ZWUuJX2mc0UyfNx6DeKxejKyntkt2qJHdJ7BYShLscAHU4/Jm/kXrRrDXxKw4tFki78pbi3IsdQPzw5WO1jS6DfpK
1540991447060	Marionette	DEBUG	[6442450945] Received observer notification outer-window-destroyed for 6442452205
1540991447061	Marionette	DEBUG	[6442450945] Received observer notification outer-window-destroyed for 6442452206
JavaScript error: http://192.168.10.124/EdInsight/Form/LocalAssessment/ReportItemAnalysis.aspx?args=s79LFcKIz38I3KnjVa8bnRH5LhL43GnnjCyCp7fH0ODwfiK18Foy4zSBMwm7wE9k9ONm4Pr75QXPvj9/KNJ15zujC631E+NKaMjRgT5fyMz4bMiQmQXGOBL4zYmThB6ovM4Axmd/PcsoVyi9G10ao9SIx3FSw0415gguMwKIWF2EvMQfDE/L21hlaF1Dr2viHBBn+05uA4vJg3E6TWTZFY2pqLSPGbAKO2C/przfAjdm1QniSHBB9hKxqaPqYL+PH7AURa4+aB9u/RkSzqHcDeoZo8SUvZnzGUqvIdn/Q0IIRma9+657N9PXdkc0C+c87eLuU/RIdWHfcuHMQkEzO8JutjO4mukEeTWuzN7ZWUuJX2mc0UyfNx6DeKxejKyntkt2qJHdJ7BYShLscAHU4/Jm/kXrRrDXxKw4tFki78pbi3IsdQPzw5WO1jS6DfpK, line 1: ReferenceError: False is not defined
1540991447088	Marionette	DEBUG	[6442450945] Received DOM event pageshow for http://192.168.10.124/EdInsight/Form/LocalAssessment/ReportItemAnalysis.aspx?args=s79LFcKIz38I3KnjVa8bnRH5LhL43GnnjCyCp7fH0OD ... uU/RIdWHfcuHMQkEzO8JutjO4mukEeTWuzN7ZWUuJX2mc0UyfNx6DeKxejKyntkt2qJHdJ7BYShLscAHU4/Jm/kXrRrDXxKw4tFki78pbi3IsdQPzw5WO1jS6DfpK
]]></system-err>
  </testcase>
  <testcase name="TCED14099" classname="com.analyzeByScore.ItemAnalysisbyQuestion" time="8.378"/>
  <testcase name="TCED14100" classname="com.analyzeByScore.ItemAnalysisbyQuestion" time="8.202"/>
  <testcase name="TCED14101" classname="com.analyzeByScore.ItemAnalysisbyQuestion" time="13.519"/>
  <testcase name="TCED14102" classname="com.analyzeByScore.ItemAnalysisbyQuestion" time="14.57"/>
  <testcase name="TCED14103" classname="com.analyzeByScore.ItemAnalysisbyQuestion" time="32.564"/>
  <testcase name="TCED14104" classname="com.analyzeByScore.ItemAnalysisbyQuestion" time="69.323"/>
  <testcase name="TCED14121" classname="com.analyzeByScore.Local_Assessment_Item_Analysisby_Student" time="5.813"/>
  <testcase name="TCED14122" classname="com.analyzeByScore.Local_Assessment_Item_Analysisby_Student" time="4.703"/>
  <testcase name="TCED14123" classname="com.analyzeByScore.Local_Assessment_Item_Analysisby_Student" time="0.215"/>
  <testcase name="TCED14124" classname="com.analyzeByScore.Local_Assessment_Item_Analysisby_Student" time="1.94"/>
  <testcase name="TCED14125" classname="com.analyzeByScore.Local_Assessment_Item_Analysisby_Student" time="1.486"/>
  <testcase name="TCED14126" classname="com.analyzeByScore.Local_Assessment_Item_Analysisby_Student" time="11.287"/>
  <testcase name="TCED14127" classname="com.analyzeByScore.Local_Assessment_Item_Analysisby_Student" time="28.127"/>
  <testcase name="TCED14128" classname="com.analyzeByScore.Local_Assessment_Item_Analysisby_Student" time="68.894"/>
  <testcase name="TCED14151" classname="com.analyzeByScore.StudentAssessmentAdministrationResultsbyTeacher" time="10.983"/>
  <testcase name="TCED14152" classname="com.analyzeByScore.StudentAssessmentAdministrationResultsbyTeacher" time="0.181"/>
  <testcase name="TCED14153" classname="com.analyzeByScore.StudentAssessmentAdministrationResultsbyTeacher" time="1.254"/>
  <testcase name="TCED14154" classname="com.analyzeByScore.StudentAssessmentAdministrationResultsbyTeacher" time="16.407"/>
  <testcase name="TCED14155" classname="com.analyzeByScore.StudentAssessmentAdministrationResultsbyTeacher" time="4.187">
    <failure message="Failed to download document which has extension .PDF expected [true] but found [false]" type="java.lang.AssertionError">java.lang.AssertionError: Failed to download document which has extension .PDF expected [true] but found [false]
	at org.testng.Assert.fail(Assert.java:96)
	at org.testng.Assert.failNotEquals(Assert.java:776)
	at org.testng.Assert.assertTrue(Assert.java:44)
	at com.analyzeByScore.StudentAssessmentAdministrationResultsbyTeacher.TCED14155(StudentAssessmentAdministrationResultsbyTeacher.java:236)
</failure>
  </testcase>
  <testcase name="TCED14156" classname="com.analyzeByScore.StudentAssessmentAdministrationResultsbyTeacher" time="4.228">
    <failure message="Failed to download document which has extension .CSV expected [true] but found [false]" type="java.lang.AssertionError">java.lang.AssertionError: Failed to download document which has extension .CSV expected [true] but found [false]
	at org.testng.Assert.fail(Assert.java:96)
	at org.testng.Assert.failNotEquals(Assert.java:776)
	at org.testng.Assert.assertTrue(Assert.java:44)
	at com.analyzeByScore.StudentAssessmentAdministrationResultsbyTeacher.TCED14156(StudentAssessmentAdministrationResultsbyTeacher.java:258)
</failure>
    <system-err><![CDATA[1540991792746	addons.productaddons	WARN	Failed downloading XML, status: 0, reason: timeout
1540991792746	addons.productaddons	INFO	fetching config from: chrome://global/content/gmp-sources/openh264.json
1540991792747	addons.productaddons	INFO	fetching config from: chrome://global/content/gmp-sources/widevinecdm.json
1540991792756	addons.productaddons	INFO	found plugin: gmp-gmpopenh264
1540991792756	addons.productaddons	INFO	found plugin: gmp-widevinecdm
1540991793223	addons.productaddons	INFO	downloadXHR File download. status=200
1540991793229	addons.productaddons	INFO	Downloaded file will be saved to C:\Users\DEVELO~1\AppData\Local\Temp\tmpaddon-175622
]]></system-err>
  </testcase>
  <testcase name="TCED14157" classname="com.analyzeByScore.StudentAssessmentAdministrationResultsbyTeacher" time="1.667"/>
  <testcase name="TCED14158" classname="com.analyzeByScore.StudentAssessmentAdministrationResultsbyTeacher" time="10.171"/>
  <testcase name="TCED14159" classname="com.analyzeByScore.StudentAssessmentAdministrationResultsbyTeacher" time="9.287"/>
  <testcase name="TCED14160" classname="com.analyzeByScore.StudentAssessmentAdministrationResultsbyTeacher" time="1.302"/>
  <testcase name="TCED14161" classname="com.analyzeByScore.StudentAssessmentAdministrationResultsbyTeacher" time="10.235"/>
  <testcase name="TCED14162" classname="com.analyzeByScore.StudentAssessmentAdministrationResultsbyTeacher" time="1.489"/>
  <testcase name="TCED14163" classname="com.analyzeByScore.StudentAssessmentAdministrationResultsbyTeacher" time="10.525"/>
  <testcase name="TCED14164" classname="com.analyzeByScore.StudentAssessmentAdministrationResultsbyTeacher" time="27.977"/>
  <testcase name="TCED14165" classname="com.analyzeByScore.StudentAssessmentAdministrationResultsbyTeacher" time="71.011"/>
  <testcase name="TCED21101" classname="com.MTSS.Mass_Change_Person_Responsible" time="9.011"/>
  <testcase name="TCED21102" classname="com.MTSS.Mass_Change_Person_Responsible" time="0.125"/>
  <testcase name="TCED21103" classname="com.MTSS.Mass_Change_Person_Responsible" time="1.788"/>
  <testcase name="TCED21104" classname="com.MTSS.Mass_Change_Person_Responsible" time="0.1"/>
  <testcase name="TCED21105" classname="com.MTSS.Mass_Change_Person_Responsible" time="23.893"/>
  <testcase name="TCED21106" classname="com.MTSS.Mass_Change_Person_Responsible" time="2.167"/>
  <testcase name="TCED21107" classname="com.MTSS.Mass_Change_Person_Responsible" time="1.243"/>
  <testcase name="TCED20201" classname="com.MTSS.Manage_meetings" time="9.183"/>
  <testcase name="TCED20202" classname="com.MTSS.Manage_meetings" time="0.124"/>
  <testcase name="TCED20203" classname="com.MTSS.Manage_meetings" time="2.629"/>
  <testcase name="TCED20204" classname="com.MTSS.Manage_meetings" time="2.133"/>
  <testcase name="TCED20205" classname="com.MTSS.Manage_meetings" time="0.109"/>
  <testcase name="TCED20206" classname="com.MTSS.Manage_meetings" time="6.374"/>
  <testcase name="TCED20207" classname="com.MTSS.Manage_meetings" time="0.094"/>
  <testcase name="TCED20208" classname="com.MTSS.Manage_meetings" time="7.51"/>
  <testcase name="TCED20209" classname="com.MTSS.Manage_meetings" time="2.21"/>
  <testcase name="TCED20210" classname="com.MTSS.Manage_meetings" time="7.812"/>
  <testcase name="TCED20211" classname="com.MTSS.Manage_meetings" time="10.72"/>
  <testcase name="TCED20212" classname="com.MTSS.Manage_meetings" time="4.382">
    <failure message="expected [Next Steps] but found [Meeting Summary Form]" type="java.lang.AssertionError">java.lang.AssertionError: expected [Next Steps] but found [Meeting Summary Form]
	at org.testng.Assert.fail(Assert.java:96)
	at org.testng.Assert.failNotEquals(Assert.java:776)
	at org.testng.Assert.assertEqualsImpl(Assert.java:137)
	at org.testng.Assert.assertEquals(Assert.java:118)
	at org.testng.Assert.assertEquals(Assert.java:453)
	at org.testng.Assert.assertEquals(Assert.java:463)
	at com.MTSS.Manage_meetings.TCED20212(Manage_meetings.java:379)
</failure>
    <system-err><![CDATA[1540992036025	Marionette	DEBUG	[6442450945] Canceled page load listener because no navigation has been detected
1540992036320	Marionette	DEBUG	[6442450945] Canceled page load listener because no navigation has been detected
1540992037085	Marionette	DEBUG	[6442450945] Canceled page load listener because no navigation has been detected
1540992037587	addons.productaddons	INFO	downloadXHR File download. status=200
1540992037592	addons.productaddons	INFO	Downloaded file will be saved to C:\Users\DEVELO~1\AppData\Local\Temp\tmpaddon-2ab2b1
1540992037802	addons.webextension.<unknown>	WARN	Loading extension 'null': Reading manifest: Error processing arch: An unexpected property was found in the WebExtension manifest.
1540992037803	addons.webextension.<unknown>	WARN	Loading extension 'null': Reading manifest: Error processing os: An unexpected property was found in the WebExtension manifest.
1540992037803	addons.webextension.<unknown>	WARN	Loading extension 'null': Reading manifest: Error processing x-cdm-codecs: An unexpected property was found in the WebExtension manifest.
1540992037803	addons.webextension.<unknown>	WARN	Loading extension 'null': Reading manifest: Error processing x-cdm-host-versions: An unexpected property was found in the WebExtension manifest.
1540992037803	addons.webextension.<unknown>	WARN	Loading extension 'null': Reading manifest: Error processing x-cdm-interface-versions: An unexpected property was found in the WebExtension manifest.
1540992037803	addons.webextension.<unknown>	WARN	Loading extension 'null': Reading manifest: Error processing x-cdm-module-versions: An unexpected property was found in the WebExtension manifest.
1540992037803	addons.webextension.<unknown>	WARN	Loading extension 'null': Reading manifest: Error processing x-cdm-persistent-license-support: An unexpected property was found in the WebExtension manifest.
1540992037805	addons.xpi-utils	WARN	Add-on undefined is not correctly signed.
1540992037805	addons.xpi-utils	WARN	Add-on undefined is not correctly signed.
1540992037806	addons.manager	WARN	Failed to update system addons: Error: Rejecting updated system add-on set that either could not be downloaded or contained unusable add-ons. (resource://gre/modules/addons/XPIInstall.jsm:3645:13) JS Stack trace: updateSystemAddons@XPIInstall.jsm:3645:13
1540992037806	addons.manager	DEBUG	Background update check complete
]]></system-err>
  </testcase>
  <testcase name="TCED20213" classname="com.MTSS.Manage_meetings" time="15.002">
    <failure message="Could not find any element matching &apos;//*[@id=&apos;ctl00_ContentPlaceHolder1_trNextSteps&apos;]/td/fieldset/legend/span&apos;" type="java.lang.AssertionError">java.lang.AssertionError: Could not find any element matching '//*[@id='ctl00_ContentPlaceHolder1_trNextSteps']/td/fieldset/legend/span'
	at Library.BaseClassOne.find(BaseClassOne.java:221)
	at Library.BaseClassOne.getText(BaseClassOne.java:391)
	at Library.BaseClassOne.getText(BaseClassOne.java:341)
	at com.MTSS.Manage_meetings.TCED20213(Manage_meetings.java:405)
</failure>
    <system-err><![CDATA[1540992051970	addons.productaddons	WARN	Failed downloading XML, status: 0, reason: timeout
1540992051970	addons.productaddons	INFO	fetching config from: chrome://global/content/gmp-sources/openh264.json
1540992051970	addons.productaddons	INFO	fetching config from: chrome://global/content/gmp-sources/widevinecdm.json
1540992051972	addons.productaddons	INFO	found plugin: gmp-gmpopenh264
1540992051973	addons.productaddons	INFO	found plugin: gmp-widevinecdm
1540992052322	addons.productaddons	INFO	downloadXHR File download. status=200
1540992052333	addons.productaddons	INFO	Downloaded file will be saved to C:\Users\DEVELO~1\AppData\Local\Temp\tmpaddon-9d9e81
1540992054434	addons.productaddons	INFO	downloadXHR File download. status=200
1540992054438	addons.productaddons	INFO	Downloaded file will be saved to C:\Users\DEVELO~1\AppData\Local\Temp\tmpaddon-5703c2
]]></system-err>
  </testcase>
  <testcase name="TCED20214" classname="com.MTSS.Manage_meetings" time="32.273">
    <failure message="Timeout during waiting for element: &apos;//*[@id=&apos;ctl00_ContentPlaceHolder1_btnReTier&apos;]&apos;" type="java.lang.AssertionError">java.lang.AssertionError: Timeout during waiting for element: '//*[@id='ctl00_ContentPlaceHolder1_btnReTier']'
	at Library.BaseClassOne.waitFor(BaseClassOne.java:273)
	at Library.BaseClassOne.click(BaseClassOne.java:185)
	at com.MTSS.Manage_meetings.TCED20214(Manage_meetings.java:429)
</failure>
  </testcase>
  <testcase name="TCED20215" classname="com.MTSS.Manage_meetings" time="32.258">
    <failure message="Timeout during waiting for element: &apos;//*[@id=&apos;ctl00_ContentPlaceHolder1_btnInterventions&apos;]&apos;" type="java.lang.AssertionError">java.lang.AssertionError: Timeout during waiting for element: '//*[@id='ctl00_ContentPlaceHolder1_btnInterventions']'
	at Library.BaseClassOne.waitFor(BaseClassOne.java:273)
	at Library.BaseClassOne.click(BaseClassOne.java:185)
	at com.MTSS.Manage_meetings.TCED20215(Manage_meetings.java:466)
</failure>
  </testcase>
  <testcase name="TCED20216" classname="com.MTSS.Manage_meetings" time="6.029"/>
  <testcase name="TCED20217" classname="com.MTSS.Manage_meetings" time="9.406"/>
  <testcase name="TCED20218" classname="com.MTSS.Manage_meetings" time="0.093"/>
  <testcase name="TCED20219" classname="com.MTSS.Manage_meetings" time="8.929">
    <failure message=": &#10;Build info: version: &apos;3.11.0&apos;, revision: &apos;e59cfb3&apos;, time: &apos;2018-03-11T20:26:55.152Z&apos;&#10;System info: host: &apos;QA-SCHEDULER&apos;, ip: &apos;192.168.10.111&apos;, os.name: &apos;Windows 10&apos;, os.arch: &apos;amd64&apos;, os.version: &apos;10.0&apos;, java.version: &apos;10.0.2&apos;&#10;Driver info: org.openqa.selenium.firefox.FirefoxDriver&#10;Capabilities {acceptInsecureCerts: true, browserName: firefox, browserVersion: 62.0, javascriptEnabled: true, moz:accessibilityChecks: false, moz:headless: false, moz:processID: 28288, moz:profile: C:\Users\Developer\AppData\..., moz:useNonSpecCompliantPointerOrigin: false, moz:webdriverClick: true, pageLoadStrategy: normal, platform: XP, platformName: XP, platformVersion: 10.0, rotatable: false, timeouts: {implicit: 0, pageLoad: 300000, script: 30000}}&#10;Session ID: 01b9bb6c-bb67-4f94-aea8-ab48b039fa0f&#10;*** Element info: {Using=name, value=RadWindow1}" type="java.lang.AssertionError">java.lang.AssertionError: : 
Build info: version: '3.11.0', revision: 'e59cfb3', time: '2018-03-11T20:26:55.152Z'
System info: host: 'QA-SCHEDULER', ip: '192.168.10.111', os.name: 'Windows 10', os.arch: 'amd64', os.version: '10.0', java.version: '10.0.2'
Driver info: org.openqa.selenium.firefox.FirefoxDriver
Capabilities {acceptInsecureCerts: true, browserName: firefox, browserVersion: 62.0, javascriptEnabled: true, moz:accessibilityChecks: false, moz:headless: false, moz:processID: 28288, moz:profile: C:\Users\Developer\AppData\..., moz:useNonSpecCompliantPointerOrigin: false, moz:webdriverClick: true, pageLoadStrategy: normal, platform: XP, platformName: XP, platformVersion: 10.0, rotatable: false, timeouts: {implicit: 0, pageLoad: 300000, script: 30000}}
Session ID: 01b9bb6c-bb67-4f94-aea8-ab48b039fa0f
*** Element info: {Using=name, value=RadWindow1}
	at org.testng.Assert.fail(Assert.java:96)
	at com.MTSS.Manage_meetings.TCED20219(Manage_meetings.java:608)
</failure>
    <system-err><![CDATA[1540992135498	Marionette	DEBUG	[6442450945] Canceled page load listener because no navigation has been detected
1540992135785	Marionette	DEBUG	[6442450945] Canceled page load listener because no navigation has been detected
1540992138893	Marionette	DEBUG	[6442450945] Received DOM event beforeunload for http://192.168.10.124/EdInsight/Form/RTI/MeetingStudentSearch.aspx?args=s79LFcKIz38I3KnjVa8bnVSXnGOPx7NQ/KrBcSLIReQ=
1540992139616	Marionette	DEBUG	[6442450945] Received DOM event pagehide for http://192.168.10.124/EdInsight/Form/RTI/MeetingStudentSearch.aspx?args=s79LFcKIz38I3KnjVa8bnVSXnGOPx7NQ/KrBcSLIReQ=
1540992139620	Marionette	DEBUG	[6442450945] Received DOM event unload for http://192.168.10.124/EdInsight/Form/RTI/MeetingStudentSearch.aspx?args=s79LFcKIz38I3KnjVa8bnVSXnGOPx7NQ/KrBcSLIReQ=
1540992139859	Marionette	DEBUG	[6442450945] Received observer notification outer-window-destroyed for 6442451027
1540992139859	Marionette	DEBUG	[6442450945] Received observer notification outer-window-destroyed for 6442451033
1540992139859	Marionette	DEBUG	[6442450945] Received observer notification outer-window-destroyed for 6442451034
1540992139945	Marionette	DEBUG	[6442450945] Received DOM event DOMContentLoaded for http://192.168.10.124/EdInsight/Form/RTI/MeetingStudentSearch.aspx?args=s79LFcKIz38I3KnjVa8bnWsGwlekPRY6emPq/Mt09yI=
1540992140005	Marionette	DEBUG	[6442450945] Received observer notification outer-window-destroyed for 6442451040
1540992140007	Marionette	DEBUG	[6442450945] Received observer notification outer-window-destroyed for 6442451041
1540992142802	addons.manager	DEBUG	Background update check beginning
1540992142805	addons.xpi	INFO	Starting system add-on update check from https://aus5.mozilla.org/update/3/SystemAddons/62.0/20180830143136/WINNT_x86_64-msvc-x64/en-US/release/Windows_NT%2010.0.0.0.17134.286%20(x64)/default/default/update.xml.
1540992142806	addons.productaddons	INFO	sending request to: https://aus5.mozilla.org/update/3/SystemAddons/62.0/20180830143136/WINNT_x86_64-msvc-x64/en-US/release/Windows_NT%2010.0.0.0.17134.286%20(x64)/default/default/update.xml
org.openqa.selenium.UnhandledAlertException: : 
Build info: version: '3.11.0', revision: 'e59cfb3', time: '2018-03-11T20:26:55.152Z'
System info: host: 'QA-SCHEDULER', ip: '192.168.10.111', os.name: 'Windows 10', os.arch: 'amd64', os.version: '10.0', java.version: '10.0.2'
Driver info: org.openqa.selenium.firefox.FirefoxDriver
Capabilities {acceptInsecureCerts: true, browserName: firefox, browserVersion: 62.0, javascriptEnabled: true, moz:accessibilityChecks: false, moz:headless: false, moz:processID: 28288, moz:profile: C:\Users\Developer\AppData\..., moz:useNonSpecCompliantPointerOrigin: false, moz:webdriverClick: true, pageLoadStrategy: normal, platform: XP, platformName: XP, platformVersion: 10.0, rotatable: false, timeouts: {implicit: 0, pageLoad: 300000, script: 30000}}
Session ID: 01b9bb6c-bb67-4f94-aea8-ab48b039fa0f
*** Element info: {Using=name, value=RadWindow1}
	at org.openqa.selenium.remote.http.W3CHttpResponseCodec.decode(W3CHttpResponseCodec.java:120)
	at org.openqa.selenium.remote.http.W3CHttpResponseCodec.decode(W3CHttpResponseCodec.java:49)
	at org.openqa.selenium.remote.HttpCommandExecutor.execute(HttpCommandExecutor.java:158)
	at org.openqa.selenium.remote.service.DriverCommandExecutor.execute(DriverCommandExecutor.java:83)
	at org.openqa.selenium.remote.RemoteWebDriver.execute(RemoteWebDriver.java:545)
	at org.openqa.selenium.remote.RemoteWebDriver.findElement(RemoteWebDriver.java:319)
	at org.openqa.selenium.remote.RemoteWebDriver.findElementByName(RemoteWebDriver.java:397)
	at org.openqa.selenium.By$ByName.findElement(By.java:303)
	at org.openqa.selenium.remote.RemoteWebDriver.findElement(RemoteWebDriver.java:311)
	at Library.BaseClassOne.SwitchFrameName(BaseClassOne.java:319)
	at com.MTSS.Manage_meetings.TCED20219(Manage_meetings.java:598)
	at java.base/jdk.internal.reflect.NativeMethodAccessorImpl.invoke0(Native Method)
	at java.base/jdk.internal.reflect.NativeMethodAccessorImpl.invoke(NativeMethodAccessorImpl.java:62)
	at java.base/jdk.internal.reflect.DelegatingMethodAccessorImpl.invoke(DelegatingMethodAccessorImpl.java:43)
	at java.base/java.lang.reflect.Method.invoke(Method.java:564)
	at org.testng.internal.MethodInvocationHelper.invokeMethod(MethodInvocationHelper.java:124)
	at org.testng.internal.Invoker.invokeMethod(Invoker.java:580)
	at org.testng.internal.Invoker.invokeTestMethod(Invoker.java:716)
	at org.testng.internal.Invoker.invokeTestMethods(Invoker.java:988)
	at org.testng.internal.TestMethodWorker.invokeTestMethods(TestMethodWorker.java:125)
	at org.testng.internal.TestMethodWorker.run(TestMethodWorker.java:109)
	at org.testng.TestRunner.privateRun(TestRunner.java:648)
	at org.testng.TestRunner.run(TestRunner.java:505)
	at org.testng.SuiteRunner.runTest(SuiteRunner.java:455)
	at org.testng.SuiteRunner.runSequentially(SuiteRunner.java:450)
	at org.testng.SuiteRunner.privateRun(SuiteRunner.java:415)
	at org.testng.SuiteRunner.run(SuiteRunner.java:364)
	at org.testng.SuiteRunnerWorker.runSuite(SuiteRunnerWorker.java:52)
	at org.testng.SuiteRunnerWorker.run(SuiteRunnerWorker.java:84)
	at org.testng.TestNG.runSuitesSequentially(TestNG.java:1208)
	at org.testng.TestNG.runSuitesLocally(TestNG.java:1137)
	at org.testng.TestNG.runSuites(TestNG.java:1049)
	at org.testng.TestNG.run(TestNG.java:1017)
	at org.apache.maven.surefire.testng.TestNGExecutor.run(TestNGExecutor.java:295)
	at org.apache.maven.surefire.testng.TestNGXmlTestSuite.execute(TestNGXmlTestSuite.java:84)
	at org.apache.maven.surefire.testng.TestNGProvider.invoke(TestNGProvider.java:90)
	at org.apache.maven.surefire.booter.ForkedBooter.invokeProviderInSameClassLoader(ForkedBooter.java:203)
	at org.apache.maven.surefire.booter.ForkedBooter.runSuitesInProcess(ForkedBooter.java:155)
	at org.apache.maven.surefire.booter.ForkedBooter.main(ForkedBooter.java:103)
]]></system-err>
  </testcase>
  <testcase name="TCED20220" classname="com.MTSS.Manage_meetings" time="15.014">
    <failure message="Could not find any element matching &apos;//*[@id=&apos;aspnetForm&apos;]/div[4]/div[2]/div[1]/table/tbody/tr[1]/td[1]/b&apos;" type="java.lang.AssertionError">java.lang.AssertionError: Could not find any element matching '//*[@id='aspnetForm']/div[4]/div[2]/div[1]/table/tbody/tr[1]/td[1]/b'
	at Library.BaseClassOne.find(BaseClassOne.java:221)
	at Library.BaseClassOne.getText(BaseClassOne.java:391)
	at Library.BaseClassOne.getText(BaseClassOne.java:341)
	at com.MTSS.Manage_meetings.TCED20220(Manage_meetings.java:621)
</failure>
    <system-err><![CDATA[JavaScript error: http://192.168.10.124/EdInsight/Form/RTI/MeetingStudentSearch.aspx?args=s79LFcKIz38I3KnjVa8bnWsGwlekPRY6emPq/Mt09yI=, line 1: ReferenceError: False is not defined
JavaScript error: http://192.168.10.124/EdInsight/Login.aspx, line 148: ReferenceError: search is not defined
]]></system-err>
  </testcase>
  <testcase name="TCED20221" classname="com.MTSS.Manage_meetings" time="15.028">
    <failure message="Could not find any element matching &apos;//*[@id=&apos;ctl00_ContentPlaceHolder1_trNotes&apos;]/td/div/fieldset/legend/b&apos;" type="java.lang.AssertionError">java.lang.AssertionError: Could not find any element matching '//*[@id='ctl00_ContentPlaceHolder1_trNotes']/td/div/fieldset/legend/b'
	at Library.BaseClassOne.find(BaseClassOne.java:221)
	at Library.BaseClassOne.ScrollTo_Location(BaseClassOne.java:614)
	at com.MTSS.Manage_meetings.TCED20221(Manage_meetings.java:673)
</failure>
    <system-err><![CDATA[1540992162816	addons.productaddons	WARN	Failed downloading XML, status: 0, reason: timeout
1540992162816	addons.productaddons	INFO	fetching config from: chrome://global/content/gmp-sources/openh264.json
1540992162817	addons.productaddons	INFO	fetching config from: chrome://global/content/gmp-sources/widevinecdm.json
1540992162828	addons.productaddons	INFO	found plugin: gmp-gmpopenh264
1540992162828	addons.productaddons	INFO	found plugin: gmp-widevinecdm
1540992162914	addons.productaddons	INFO	downloadXHR File download. status=200
1540992162918	addons.productaddons	INFO	Downloaded file will be saved to C:\Users\DEVELO~1\AppData\Local\Temp\tmpaddon-3c0993
1540992162975	addons.xpi	ERROR	Failed to download system add-on gmp-gmpopenh264: Error: File C:\Users\DEVELO~1\AppData\Local\Temp\tmpaddon-3c0993 does not contain a valid manifest (resource://gre/modules/addons/XPIInstall.jsm:802:11) JS Stack trace: loadManifest@XPIInstall.jsm:802:11
1540992165359	addons.productaddons	INFO	downloadXHR File download. status=200
1540992165373	addons.productaddons	INFO	Downloaded file will be saved to C:\Users\DEVELO~1\AppData\Local\Temp\tmpaddon-5b89ad
1540992165562	addons.webextension.<unknown>	WARN	Loading extension 'null': Reading manifest: Error processing arch: An unexpected property was found in the WebExtension manifest.
1540992165562	addons.webextension.<unknown>	WARN	Loading extension 'null': Reading manifest: Error processing os: An unexpected property was found in the WebExtension manifest.
1540992165562	addons.webextension.<unknown>	WARN	Loading extension 'null': Reading manifest: Error processing x-cdm-codecs: An unexpected property was found in the WebExtension manifest.
1540992165563	addons.webextension.<unknown>	WARN	Loading extension 'null': Reading manifest: Error processing x-cdm-host-versions: An unexpected property was found in the WebExtension manifest.
1540992165563	addons.webextension.<unknown>	WARN	Loading extension 'null': Reading manifest: Error processing x-cdm-interface-versions: An unexpected property was found in the WebExtension manifest.
1540992165563	addons.webextension.<unknown>	WARN	Loading extension 'null': Reading manifest: Error processing x-cdm-module-versions: An unexpected property was found in the WebExtension manifest.
1540992165563	addons.webextension.<unknown>	WARN	Loading extension 'null': Reading manifest: Error processing x-cdm-persistent-license-support: An unexpected property was found in the WebExtension manifest.
1540992165565	addons.xpi-utils	WARN	Add-on undefined is not correctly signed.
1540992165565	addons.xpi-utils	WARN	Add-on undefined is not correctly signed.
1540992165565	addons.manager	WARN	Failed to update system addons: Error: Rejecting updated system add-on set that either could not be downloaded or contained unusable add-ons. (resource://gre/modules/addons/XPIInstall.jsm:3645:13) JS Stack trace: updateSystemAddons@XPIInstall.jsm:3645:13
1540992165565	addons.manager	DEBUG	Background update check complete
]]></system-err>
  </testcase>
  <testcase name="TCED20222" classname="com.MTSS.Manage_meetings" time="32.255">
    <failure message="Timeout during waiting for element: &apos;//*[@id=&apos;ctl00_ContentPlaceHolder1_btnSaveSubmit&apos;]&apos;" type="java.lang.AssertionError">java.lang.AssertionError: Timeout during waiting for element: '//*[@id='ctl00_ContentPlaceHolder1_btnSaveSubmit']'
	at Library.BaseClassOne.waitFor(BaseClassOne.java:273)
	at Library.BaseClassOne.click(BaseClassOne.java:185)
	at com.MTSS.Manage_meetings.TCED20222(Manage_meetings.java:702)
</failure>
    <system-err><![CDATA[JavaScript error: http://192.168.10.124/EdInsight/Login.aspx, line 148: ReferenceError: search is not defined
]]></system-err>
  </testcase>
  <testcase name="TCED20223" classname="com.MTSS.Manage_meetings" time="15.012">
    <failure message="Could not find any element matching &apos;//*[@id=&apos;aspnetForm&apos;]/div[4]/div/table/tbody/tr[2]/td/fieldset/legend/span&apos;" type="java.lang.AssertionError">java.lang.AssertionError: Could not find any element matching '//*[@id='aspnetForm']/div[4]/div/table/tbody/tr[2]/td/fieldset/legend/span'
	at Library.BaseClassOne.find(BaseClassOne.java:221)
	at Library.BaseClassOne.getText(BaseClassOne.java:391)
	at Library.BaseClassOne.getText(BaseClassOne.java:341)
	at com.MTSS.Manage_meetings.TCED20223(Manage_meetings.java:761)
</failure>
  </testcase>
  <testcase name="TCED20224" classname="com.MTSS.Manage_meetings" time="30.259">
    <failure message="Timeout during waiting for element: &apos;//*[@id=&apos;adWindowWrapper_ctl00_MainContent_RadWindow1&apos;]/div[1]/div/ul/li[2]/span&apos;" type="java.lang.AssertionError">java.lang.AssertionError: Timeout during waiting for element: '//*[@id='adWindowWrapper_ctl00_MainContent_RadWindow1']/div[1]/div/ul/li[2]/span'
	at Library.BaseClassOne.waitFor(BaseClassOne.java:273)
	at Library.BaseClassOne.click(BaseClassOne.java:185)
	at com.MTSS.Manage_meetings.TCED20224(Manage_meetings.java:787)
</failure>
  </testcase>
  <testcase name="TCED22501" classname="com.MTSS.Meeting_History_Report" time="7.359"/>
  <testcase name="TCED22502" classname="com.MTSS.Meeting_History_Report" time="0.118"/>
  <testcase name="TCED22503" classname="com.MTSS.Meeting_History_Report" time="0.738"/>
  <testcase name="TCED22504" classname="com.MTSS.Meeting_History_Report" time="0.036"/>
  <testcase name="TCED22505" classname="com.MTSS.Meeting_History_Report" time="0.165"/>
  <testcase name="TCED22506" classname="com.MTSS.Meeting_History_Report" time="11.271"/>
  <testcase name="TCED22507" classname="com.MTSS.Meeting_History_Report" time="11.331"/>
  <testcase name="TCED22508" classname="com.MTSS.Meeting_History_Report" time="1.645"/>
  <testcase name="TCED22509" classname="com.MTSS.Meeting_History_Report" time="0.864"/>
  <testcase name="TCED22510" classname="com.MTSS.Meeting_History_Report" time="0.172"/>
  <testcase name="TCED22511" classname="com.MTSS.Meeting_History_Report" time="17.363"/>
  <testcase name="TCED22512" classname="com.MTSS.Meeting_History_Report" time="11.269"/>
  <testcase name="TCED22513" classname="com.MTSS.Meeting_History_Report" time="11.264"/>
  <testcase name="TCED22514" classname="com.MTSS.Meeting_History_Report" time="2.755"/>
  <testcase name="TCED22515" classname="com.MTSS.Meeting_History_Report" time="11.287"/>
  <testcase name="TCED22516" classname="com.MTSS.Meeting_History_Report" time="11.316"/>
  <testcase name="TCED22517" classname="com.MTSS.Meeting_History_Report" time="11.617"/>
  <testcase name="TCED22601" classname="com.MTSS.TeamDecisionReport" time="7.384"/>
  <testcase name="TCED22602" classname="com.MTSS.TeamDecisionReport" time="0.156"/>
  <testcase name="TCED22603" classname="com.MTSS.TeamDecisionReport" time="2.864"/>
  <testcase name="TCED22604" classname="com.MTSS.TeamDecisionReport" time="0.052"/>
  <testcase name="TCED22605" classname="com.MTSS.TeamDecisionReport" time="0.139"/>
  <testcase name="TCED22606" classname="com.MTSS.TeamDecisionReport" time="9.242"/>
  <testcase name="TCED22607" classname="com.MTSS.TeamDecisionReport" time="9.336"/>
  <testcase name="TCED22608" classname="com.MTSS.TeamDecisionReport" time="19.12"/>
  <testcase name="TCED22609" classname="com.MTSS.TeamDecisionReport" time="21.281"/>
  <testcase name="TCED22610" classname="com.MTSS.TeamDecisionReport" time="3.791"/>
  <testcase name="TCED22611" classname="com.MTSS.TeamDecisionReport" time="20.879"/>
  <testcase name="TCED22612" classname="com.MTSS.TeamDecisionReport" time="9.267"/>
  <testcase name="TCED22613" classname="com.MTSS.TeamDecisionReport" time="9.332"/>
  <testcase name="TCED22614" classname="com.MTSS.TeamDecisionReport" time="7.393"/>
  <testcase name="TCED22615" classname="com.MTSS.TeamDecisionReport" time="9.295"/>
  <testcase name="TCED22616" classname="com.MTSS.TeamDecisionReport" time="9.299"/>
  <testcase name="TCED22617" classname="com.MTSS.TeamDecisionReport" time="9.323"/>
  <testcase name="TCED22706" classname="com.MTSS.TierHistoryReport" time="17.361"/>
  <testcase name="TCED22707" classname="com.MTSS.TierHistoryReport" time="9.34"/>
  <testcase name="TCED22711" classname="com.MTSS.TierHistoryReport" time="9.301"/>
  <testcase name="TCED19207" classname="com.MTSS.Test_Suite_MTSS_Tier_Students_plan_interventions" time="38.572">
    <failure message="Timeout during waiting for element: &apos;//a[contains(text(),&apos;Tier Students &amp; Plan Interventions&apos;)]&apos;" type="java.lang.AssertionError"><![CDATA[java.lang.AssertionError: Timeout during waiting for element: '//a[contains(text(),'Tier Students & Plan Interventions')]'
	at Library.BaseClassOne.waitFor(BaseClassOne.java:273)
	at Library.BaseClassOne.click(BaseClassOne.java:185)
	at com.MTSS.Test_Suite_MTSS_Tier_Students_plan_interventions.TCED19207(Test_Suite_MTSS_Tier_Students_plan_interventions.java:38)
]]></failure>
    <system-err><![CDATA[1540992561709	geckodriver	INFO	geckodriver 0.20.1
1540992561718	geckodriver	INFO	Listening on 127.0.0.1:35484
1540992561735	addons.productaddons	WARN	Failed downloading XML, status: 0, reason: timeout
1540992561735	addons.productaddons	INFO	fetching config from: chrome://global/content/gmp-sources/openh264.json
1540992561735	addons.productaddons	INFO	fetching config from: chrome://global/content/gmp-sources/widevinecdm.json
1540992561740	addons.productaddons	INFO	found plugin: gmp-gmpopenh264
1540992561740	addons.productaddons	INFO	found plugin: gmp-widevinecdm
1540992562281	addons.productaddons	INFO	downloadXHR File download. status=200
1540992562285	addons.productaddons	INFO	Downloaded file will be saved to C:\Users\DEVELO~1\AppData\Local\Temp\tmpaddon-a83691
1540992562328	mozrunner::runner	INFO	Running command: "C:\\Program Files\\Mozilla Firefox\\firefox.exe" "-marionette" "-profile" "C:\\Users\\DEVELO~1\\AppData\\Local\\Temp\\rust_mozprofile.Ner2j5KHxumo"
1540992563071	addons.manager	DEBUG	Application has been upgraded
1540992563110	addons.manager	DEBUG	Loaded provider scope for resource://gre/modules/addons/XPIProvider.jsm: ["XPIProvider", "XPIInternal"]
1540992563112	addons.manager	DEBUG	Loaded provider scope for resource://gre/modules/LightweightThemeManager.jsm: ["LightweightThemeManager"]
1540992563128	addons.manager	DEBUG	Loaded provider scope for resource://gre/modules/addons/GMPProvider.jsm
1540992563129	addons.manager	DEBUG	Loaded provider scope for resource://gre/modules/addons/PluginProvider.jsm
1540992563129	addons.manager	DEBUG	Starting provider: XPIProvider
1540992563129	addons.xpi	DEBUG	startup
1540992563131	addons.xpi	INFO	SystemAddonLocation directory is missing
1540992563137	addons.xpi	INFO	Removing all system add-on upgrades.
1540992563138	addons.xpi	DEBUG	checkForChanges
1540992563138	addons.xpi	DEBUG	Loaded add-on state: ${}
1540992563139	addons.xpi	DEBUG	New add-on activity-stream@mozilla.org in app-system-defaults
1540992563139	addons.xpi	DEBUG	New add-on aushelper@mozilla.org in app-system-defaults
1540992563140	addons.xpi	DEBUG	New add-on firefox@getpocket.com in app-system-defaults
1540992563140	addons.xpi	DEBUG	New add-on formautofill@mozilla.org in app-system-defaults
1540992563141	addons.xpi	DEBUG	New add-on onboarding@mozilla.org in app-system-defaults
1540992563141	addons.xpi	DEBUG	New add-on screenshots@mozilla.org in app-system-defaults
1540992563141	addons.xpi	DEBUG	New add-on webcompat-reporter@mozilla.org in app-system-defaults
1540992563142	addons.xpi	DEBUG	New add-on webcompat@mozilla.org in app-system-defaults
1540992563142	addons.xpi	DEBUG	scanForChanges changed: true, state: {}
1540992563147	addons.xpi-utils	DEBUG	Error: Synchronously loading the add-ons database (resource://gre/modules/addons/XPIDatabase.jsm:1329:15) JS Stack trace: syncLoadDB@XPIDatabase.jsm:1329:15
checkForChanges@XPIProvider.jsm:2533:9
startup@XPIProvider.jsm:2116:25
callProvider@AddonManager.jsm:206:12
_startProvider@AddonManager.jsm:654:5
startup@AddonManager.jsm:813:9
startup@AddonManager.jsm:2811:5
observe@addonManager.js:66:9
1540992563147	addons.xpi-utils	DEBUG	Starting async load of XPI database C:\Users\Developer\AppData\Local\Temp\rust_mozprofile.Ner2j5KHxumo\extensions.json
1540992563172	addons.xpi-utils	DEBUG	New add-on activity-stream@mozilla.org installed in app-system-defaults
*** Blocklist::_preloadBlocklistFile: blocklist is disabled
1540992563493	addons.xpi-utils	DEBUG	New add-on aushelper@mozilla.org installed in app-system-defaults
1540992563510	addons.xpi-utils	DEBUG	New add-on firefox@getpocket.com installed in app-system-defaults
1540992563516	addons.xpi-utils	DEBUG	New add-on formautofill@mozilla.org installed in app-system-defaults
1540992563522	addons.xpi-utils	DEBUG	New add-on onboarding@mozilla.org installed in app-system-defaults
1540992563527	addons.xpi-utils	DEBUG	New add-on screenshots@mozilla.org installed in app-system-defaults
1540992563530	addons.xpi-utils	DEBUG	XPI Database saved, setting schema version preference to 27
1540992563536	addons.xpi-utils	DEBUG	New add-on webcompat-reporter@mozilla.org installed in app-system-defaults
1540992563541	addons.xpi-utils	DEBUG	New add-on webcompat@mozilla.org installed in app-system-defaults
1540992563650	addons.manager	DEBUG	Registering startup change 'installed' for activity-stream@mozilla.org
1540992563655	addons.xpi	DEBUG	Loading bootstrap scope from C:\Program Files\Mozilla Firefox\browser\features\activity-stream@mozilla.org.xpi
1540992563657	addons.xpi	DEBUG	Calling bootstrap method install on activity-stream@mozilla.org version 2018.08.22.1219-93becf29
1540992563657	addons.xpi-utils	DEBUG	Make addon app-system-defaults:activity-stream@mozilla.org visible
1540992563658	addons.xpi	DEBUG	Updating XPIState for {"id":"activity-stream@mozilla.org","syncGUID":"{260b5a2e-126f-4585-ba37-5964bfe972cd}","version":"2018.08.22.1219-93becf29","type":"extension","defaultLocale":{"name":"Activity Stream","description":"A rich visual history feed and a reimagined home page make it easier than ever to find exactly what you're looking for in Firefox."},"visible":true,"active":false,"userDisabled":false,"appDisabled":false,"installDate":1535646567086,"updateDate":1535646567086,"applyBackgroundUpdates":1,"path":"C:\\Program Files\\Mozilla Firefox\\browser\\features\\activity-stream@mozilla.org.xpi","skinnable":false,"sourceURI":null,"releaseNotesURI":null,"softDisabled":false,"foreignInstall":false,"strictCompatibility":false,"locales":[],"targetApplications":[{"id":"{ec8030f7-c20a-464f-9b0e-13a3a9e97384}","minVersion":"62.0","maxVersion":"62.*"}],"targetPlatforms":[],"seen":true,"dependencies":[],"hasEmbeddedWebExtension":false,"userPermissions":null,"icons":{},"blocklistState":0,"blocklistURL":null,"startupData":null,"location":"app-system-defaults"}
1540992563658	addons.manager	DEBUG	Registering startup change 'installed' for aushelper@mozilla.org
1540992563658	addons.xpi	DEBUG	Loading bootstrap scope from C:\Program Files\Mozilla Firefox\browser\features\aushelper@mozilla.org.xpi
1540992563661	addons.xpi	DEBUG	Calling bootstrap method install on aushelper@mozilla.org version 2.0
1540992563661	addons.xpi-utils	DEBUG	Make addon app-system-defaults:aushelper@mozilla.org visible
1540992563661	addons.xpi	DEBUG	Updating XPIState for {"id":"aushelper@mozilla.org","syncGUID":"{a4a8da16-130a-4cbe-ba5e-8ec7fc239ac8}","version":"2.0","type":"extension","defaultLocale":{"name":"Application Update Service Helper","description":"Sets value(s) in the update url based on custom checks."},"visible":true,"active":false,"userDisabled":false,"appDisabled":false,"installDate":1535646567087,"updateDate":1535646567087,"applyBackgroundUpdates":1,"path":"C:\\Program Files\\Mozilla Firefox\\browser\\features\\aushelper@mozilla.org.xpi","skinnable":false,"sourceURI":null,"releaseNotesURI":null,"softDisabled":false,"foreignInstall":false,"strictCompatibility":false,"locales":[],"targetApplications":[{"id":"{ec8030f7-c20a-464f-9b0e-13a3a9e97384}","minVersion":"62.0","maxVersion":"62.*"}],"targetPlatforms":[],"seen":true,"dependencies":[],"hasEmbeddedWebExtension":false,"userPermissions":null,"icons":{},"blocklistState":0,"blocklistURL":null,"startupData":null,"location":"app-system-defaults"}
1540992563662	addons.manager	DEBUG	Registering startup change 'installed' for firefox@getpocket.com
1540992563662	addons.xpi	DEBUG	Loading bootstrap scope from C:\Program Files\Mozilla Firefox\browser\features\firefox@getpocket.com.xpi
1540992563666	addons.xpi	DEBUG	Calling bootstrap method install on firefox@getpocket.com version 1.0.5
1540992563666	addons.xpi-utils	DEBUG	Make addon app-system-defaults:firefox@getpocket.com visible
1540992563666	addons.xpi	DEBUG	Updating XPIState for {"id":"firefox@getpocket.com","syncGUID":"{13171502-7263-4f69-b54f-d4157f5d921b}","version":"1.0.5","type":"extension","defaultLocale":{"name":"Pocket","description":"When you find something you want to view later, put it in Pocket."},"visible":true,"active":false,"userDisabled":false,"appDisabled":false,"installDate":1535646567092,"updateDate":1535646567092,"applyBackgroundUpdates":1,"path":"C:\\Program Files\\Mozilla Firefox\\browser\\features\\firefox@getpocket.com.xpi","skinnable":false,"sourceURI":null,"releaseNotesURI":null,"softDisabled":false,"foreignInstall":false,"strictCompatibility":false,"locales":[],"targetApplications":[{"id":"{ec8030f7-c20a-464f-9b0e-13a3a9e97384}","minVersion":"62.0","maxVersion":"62.*"}],"targetPlatforms":[],"seen":true,"dependencies":[],"hasEmbeddedWebExtension":false,"userPermissions":null,"icons":{},"blocklistState":0,"blocklistURL":null,"startupData":null,"location":"app-system-defaults"}
1540992563666	addons.manager	DEBUG	Registering startup change 'installed' for formautofill@mozilla.org
1540992563666	addons.xpi	DEBUG	Loading bootstrap scope from C:\Program Files\Mozilla Firefox\browser\features\formautofill@mozilla.org.xpi
1540992563668	addons.xpi	DEBUG	Calling bootstrap method install on formautofill@mozilla.org version 1.0
1540992563669	addons.xpi-utils	DEBUG	Make addon app-system-defaults:formautofill@mozilla.org visible
1540992563669	addons.xpi	DEBUG	Updating XPIState for {"id":"formautofill@mozilla.org","syncGUID":"{4b12b0d8-5c08-4420-b112-c4334af4d4cd}","version":"1.0","type":"extension","defaultLocale":{"name":"Form Autofill","description":"Autofill forms with saved profiles"},"visible":true,"active":false,"userDisabled":false,"appDisabled":false,"installDate":1535646567095,"updateDate":1535646567095,"applyBackgroundUpdates":1,"path":"C:\\Program Files\\Mozilla Firefox\\browser\\features\\formautofill@mozilla.org.xpi","skinnable":false,"sourceURI":null,"releaseNotesURI":null,"softDisabled":false,"foreignInstall":false,"strictCompatibility":false,"locales":[],"targetApplications":[{"id":"{ec8030f7-c20a-464f-9b0e-13a3a9e97384}","minVersion":"62.0","maxVersion":"62.*"}],"targetPlatforms":[],"seen":true,"dependencies":[],"hasEmbeddedWebExtension":false,"userPermissions":null,"icons":{},"blocklistState":0,"blocklistURL":null,"startupData":null,"location":"app-system-defaults"}
1540992563669	addons.manager	DEBUG	Registering startup change 'installed' for onboarding@mozilla.org
1540992563669	addons.xpi	DEBUG	Loading bootstrap scope from C:\Program Files\Mozilla Firefox\browser\features\onboarding@mozilla.org.xpi
1540992563671	addons.xpi	DEBUG	Calling bootstrap method install on onboarding@mozilla.org version 1.0
1540992563671	addons.xpi-utils	DEBUG	Make addon app-system-defaults:onboarding@mozilla.org visible
1540992563671	addons.xpi	DEBUG	Updating XPIState for {"id":"onboarding@mozilla.org","syncGUID":"{93d96288-a7cb-47d7-8e2f-563b89db05a0}","version":"1.0","type":"extension","defaultLocale":{"name":"Photon onboarding","description":"Photon onboarding"},"visible":true,"active":false,"userDisabled":false,"appDisabled":false,"installDate":1535646567099,"updateDate":1535646567099,"applyBackgroundUpdates":1,"path":"C:\\Program Files\\Mozilla Firefox\\browser\\features\\onboarding@mozilla.org.xpi","skinnable":false,"sourceURI":null,"releaseNotesURI":null,"softDisabled":false,"foreignInstall":false,"strictCompatibility":false,"locales":[],"targetApplications":[{"id":"{ec8030f7-c20a-464f-9b0e-13a3a9e97384}","minVersion":"62.0","maxVersion":"62.*"}],"targetPlatforms":[],"seen":true,"dependencies":[],"hasEmbeddedWebExtension":false,"userPermissions":null,"icons":{},"blocklistState":0,"blocklistURL":null,"startupData":null,"location":"app-system-defaults"}
1540992563672	addons.manager	DEBUG	Registering startup change 'installed' for screenshots@mozilla.org
1540992563672	addons.xpi	DEBUG	Loading bootstrap scope from C:\Program Files\Mozilla Firefox\browser\features\screenshots@mozilla.org.xpi
1540992563674	addons.xpi	DEBUG	Calling bootstrap method install on screenshots@mozilla.org version 33.0.0
1540992563674	addons.xpi-utils	DEBUG	Make addon app-system-defaults:screenshots@mozilla.org visible
1540992563674	addons.xpi	DEBUG	Updating XPIState for {"id":"screenshots@mozilla.org","syncGUID":"{e9a4c114-de54-48c9-bc11-a683c8ed338a}","version":"33.0.0","type":"extension","defaultLocale":{"name":"Firefox Screenshots","homepageURL":"https://screenshots.firefox.com/"},"visible":true,"active":false,"userDisabled":false,"appDisabled":false,"installDate":1535646567105,"updateDate":1535646567105,"applyBackgroundUpdates":1,"path":"C:\\Program Files\\Mozilla Firefox\\browser\\features\\screenshots@mozilla.org.xpi","skinnable":false,"sourceURI":null,"releaseNotesURI":null,"softDisabled":false,"foreignInstall":false,"strictCompatibility":false,"locales":[],"targetApplications":[{"id":"{ec8030f7-c20a-464f-9b0e-13a3a9e97384}","minVersion":"57.0a1","maxVersion":"*"}],"targetPlatforms":[],"seen":true,"dependencies":[],"hasEmbeddedWebExtension":false,"userPermissions":null,"icons":{},"blocklistState":0,"blocklistURL":null,"startupData":null,"location":"app-system-defaults"}
1540992563675	addons.manager	DEBUG	Registering startup change 'installed' for webcompat-reporter@mozilla.org
1540992563675	addons.xpi	DEBUG	Loading bootstrap scope from C:\Program Files\Mozilla Firefox\browser\features\webcompat-reporter@mozilla.org.xpi
1540992563676	addons.xpi	DEBUG	Calling bootstrap method install on webcompat-reporter@mozilla.org version 1.0.0
1540992563676	addons.xpi-utils	DEBUG	Make addon app-system-defaults:webcompat-reporter@mozilla.org visible
1540992563676	addons.xpi	DEBUG	Updating XPIState for {"id":"webcompat-reporter@mozilla.org","syncGUID":"{f29fb313-c048-43f0-ba80-3059f3d87b9f}","version":"1.0.0","type":"extension","defaultLocale":{"name":"WebCompat Reporter","description":"Report site compatibility issues on webcompat.com."},"visible":true,"active":false,"userDisabled":false,"appDisabled":false,"installDate":1535646567106,"updateDate":1535646567106,"applyBackgroundUpdates":1,"path":"C:\\Program Files\\Mozilla Firefox\\browser\\features\\webcompat-reporter@mozilla.org.xpi","skinnable":false,"sourceURI":null,"releaseNotesURI":null,"softDisabled":false,"foreignInstall":false,"strictCompatibility":false,"locales":[],"targetApplications":[{"id":"{ec8030f7-c20a-464f-9b0e-13a3a9e97384}","minVersion":"62.0","maxVersion":"62.*"}],"targetPlatforms":[],"seen":true,"dependencies":[],"hasEmbeddedWebExtension":false,"userPermissions":null,"icons":{},"blocklistState":0,"blocklistURL":null,"startupData":null,"location":"app-system-defaults"}
1540992563676	addons.manager	DEBUG	Registering startup change 'installed' for webcompat@mozilla.org
1540992563678	addons.xpi	DEBUG	Loading bootstrap scope from C:\Program Files\Mozilla Firefox\browser\features\webcompat@mozilla.org.xpi
1540992563680	addons.xpi	DEBUG	Calling bootstrap method install on webcompat@mozilla.org version 2.0
1540992563680	addons.xpi-utils	DEBUG	Make addon app-system-defaults:webcompat@mozilla.org visible
1540992563680	addons.xpi	DEBUG	Updating XPIState for {"id":"webcompat@mozilla.org","syncGUID":"{c98ab4b0-1bcc-4331-a82c-731fcfc1c589}","version":"2.0","type":"extension","defaultLocale":{"name":"Web Compat","description":"Urgent post-release fixes for web compatibility."},"visible":true,"active":false,"userDisabled":false,"appDisabled":false,"installDate":1535646567106,"updateDate":1535646567106,"applyBackgroundUpdates":1,"path":"C:\\Program Files\\Mozilla Firefox\\browser\\features\\webcompat@mozilla.org.xpi","skinnable":false,"sourceURI":null,"releaseNotesURI":null,"softDisabled":false,"foreignInstall":false,"strictCompatibility":false,"locales":[],"targetApplications":[{"id":"{ec8030f7-c20a-464f-9b0e-13a3a9e97384}","minVersion":"62.0","maxVersion":"62.*"},{"id":"{aa3c5121-dab2-40e2-81ca-7ea25febc110}","minVersion":"62.0","maxVersion":"62.*"}],"targetPlatforms":[],"seen":true,"dependencies":[],"hasEmbeddedWebExtension":true,"userPermissions":null,"icons":{},"blocklistState":0,"blocklistURL":null,"startupData":null,"location":"app-system-defaults"}
1540992563680	addons.xpi	DEBUG	Updating XPIState for {"id":"activity-stream@mozilla.org","syncGUID":"{260b5a2e-126f-4585-ba37-5964bfe972cd}","version":"2018.08.22.1219-93becf29","type":"extension","defaultLocale":{"name":"Activity Stream","description":"A rich visual history feed and a reimagined home page make it easier than ever to find exactly what you're looking for in Firefox."},"visible":true,"active":true,"userDisabled":false,"appDisabled":false,"installDate":1535646567086,"updateDate":1535646567086,"applyBackgroundUpdates":1,"path":"C:\\Program Files\\Mozilla Firefox\\browser\\features\\activity-stream@mozilla.org.xpi","skinnable":false,"sourceURI":null,"releaseNotesURI":null,"softDisabled":false,"foreignInstall":false,"strictCompatibility":false,"locales":[],"targetApplications":[{"id":"{ec8030f7-c20a-464f-9b0e-13a3a9e97384}","minVersion":"62.0","maxVersion":"62.*"}],"targetPlatforms":[],"seen":true,"dependencies":[],"hasEmbeddedWebExtension":false,"userPermissions":null,"icons":{},"blocklistState":0,"blocklistURL":null,"startupData":null,"location":"app-system-defaults"}
1540992563680	addons.xpi	DEBUG	Updating XPIState for {"id":"aushelper@mozilla.org","syncGUID":"{a4a8da16-130a-4cbe-ba5e-8ec7fc239ac8}","version":"2.0","type":"extension","defaultLocale":{"name":"Application Update Service Helper","description":"Sets value(s) in the update url based on custom checks."},"visible":true,"active":true,"userDisabled":false,"appDisabled":false,"installDate":1535646567087,"updateDate":1535646567087,"applyBackgroundUpdates":1,"path":"C:\\Program Files\\Mozilla Firefox\\browser\\features\\aushelper@mozilla.org.xpi","skinnable":false,"sourceURI":null,"releaseNotesURI":null,"softDisabled":false,"foreignInstall":false,"strictCompatibility":false,"locales":[],"targetApplications":[{"id":"{ec8030f7-c20a-464f-9b0e-13a3a9e97384}","minVersion":"62.0","maxVersion":"62.*"}],"targetPlatforms":[],"seen":true,"dependencies":[],"hasEmbeddedWebExtension":false,"userPermissions":null,"icons":{},"blocklistState":0,"blocklistURL":null,"startupData":null,"location":"app-system-defaults"}
1540992563680	addons.xpi	DEBUG	Updating XPIState for {"id":"firefox@getpocket.com","syncGUID":"{13171502-7263-4f69-b54f-d4157f5d921b}","version":"1.0.5","type":"extension","defaultLocale":{"name":"Pocket","description":"When you find something you want to view later, put it in Pocket."},"visible":true,"active":true,"userDisabled":false,"appDisabled":false,"installDate":1535646567092,"updateDate":1535646567092,"applyBackgroundUpdates":1,"path":"C:\\Program Files\\Mozilla Firefox\\browser\\features\\firefox@getpocket.com.xpi","skinnable":false,"sourceURI":null,"releaseNotesURI":null,"softDisabled":false,"foreignInstall":false,"strictCompatibility":false,"locales":[],"targetApplications":[{"id":"{ec8030f7-c20a-464f-9b0e-13a3a9e97384}","minVersion":"62.0","maxVersion":"62.*"}],"targetPlatforms":[],"seen":true,"dependencies":[],"hasEmbeddedWebExtension":false,"userPermissions":null,"icons":{},"blocklistState":0,"blocklistURL":null,"startupData":null,"location":"app-system-defaults"}
1540992563694	addons.xpi	DEBUG	Updating XPIState for {"id":"formautofill@mozilla.org","syncGUID":"{4b12b0d8-5c08-4420-b112-c4334af4d4cd}","version":"1.0","type":"extension","defaultLocale":{"name":"Form Autofill","description":"Autofill forms with saved profiles"},"visible":true,"active":true,"userDisabled":false,"appDisabled":false,"installDate":1535646567095,"updateDate":1535646567095,"applyBackgroundUpdates":1,"path":"C:\\Program Files\\Mozilla Firefox\\browser\\features\\formautofill@mozilla.org.xpi","skinnable":false,"sourceURI":null,"releaseNotesURI":null,"softDisabled":false,"foreignInstall":false,"strictCompatibility":false,"locales":[],"targetApplications":[{"id":"{ec8030f7-c20a-464f-9b0e-13a3a9e97384}","minVersion":"62.0","maxVersion":"62.*"}],"targetPlatforms":[],"seen":true,"dependencies":[],"hasEmbeddedWebExtension":false,"userPermissions":null,"icons":{},"blocklistState":0,"blocklistURL":null,"startupData":null,"location":"app-system-defaults"}
1540992563694	addons.xpi	DEBUG	Updating XPIState for {"id":"onboarding@mozilla.org","syncGUID":"{93d96288-a7cb-47d7-8e2f-563b89db05a0}","version":"1.0","type":"extension","defaultLocale":{"name":"Photon onboarding","description":"Photon onboarding"},"visible":true,"active":true,"userDisabled":false,"appDisabled":false,"installDate":1535646567099,"updateDate":1535646567099,"applyBackgroundUpdates":1,"path":"C:\\Program Files\\Mozilla Firefox\\browser\\features\\onboarding@mozilla.org.xpi","skinnable":false,"sourceURI":null,"releaseNotesURI":null,"softDisabled":false,"foreignInstall":false,"strictCompatibility":false,"locales":[],"targetApplications":[{"id":"{ec8030f7-c20a-464f-9b0e-13a3a9e97384}","minVersion":"62.0","maxVersion":"62.*"}],"targetPlatforms":[],"seen":true,"dependencies":[],"hasEmbeddedWebExtension":false,"userPermissions":null,"icons":{},"blocklistState":0,"blocklistURL":null,"startupData":null,"location":"app-system-defaults"}
1540992563694	addons.xpi	DEBUG	Updating XPIState for {"id":"screenshots@mozilla.org","syncGUID":"{e9a4c114-de54-48c9-bc11-a683c8ed338a}","version":"33.0.0","type":"extension","defaultLocale":{"name":"Firefox Screenshots","homepageURL":"https://screenshots.firefox.com/"},"visible":true,"active":true,"userDisabled":false,"appDisabled":false,"installDate":1535646567105,"updateDate":1535646567105,"applyBackgroundUpdates":1,"path":"C:\\Program Files\\Mozilla Firefox\\browser\\features\\screenshots@mozilla.org.xpi","skinnable":false,"sourceURI":null,"releaseNotesURI":null,"softDisabled":false,"foreignInstall":false,"strictCompatibility":false,"locales":[],"targetApplications":[{"id":"{ec8030f7-c20a-464f-9b0e-13a3a9e97384}","minVersion":"57.0a1","maxVersion":"*"}],"targetPlatforms":[],"seen":true,"dependencies":[],"hasEmbeddedWebExtension":false,"userPermissions":null,"icons":{},"blocklistState":0,"blocklistURL":null,"startupData":null,"location":"app-system-defaults"}
1540992563694	addons.xpi	DEBUG	Updating XPIState for {"id":"webcompat-reporter@mozilla.org","syncGUID":"{f29fb313-c048-43f0-ba80-3059f3d87b9f}","version":"1.0.0","type":"extension","defaultLocale":{"name":"WebCompat Reporter","description":"Report site compatibility issues on webcompat.com."},"visible":true,"active":true,"userDisabled":false,"appDisabled":false,"installDate":1535646567106,"updateDate":1535646567106,"applyBackgroundUpdates":1,"path":"C:\\Program Files\\Mozilla Firefox\\browser\\features\\webcompat-reporter@mozilla.org.xpi","skinnable":false,"sourceURI":null,"releaseNotesURI":null,"softDisabled":false,"foreignInstall":false,"strictCompatibility":false,"locales":[],"targetApplications":[{"id":"{ec8030f7-c20a-464f-9b0e-13a3a9e97384}","minVersion":"62.0","maxVersion":"62.*"}],"targetPlatforms":[],"seen":true,"dependencies":[],"hasEmbeddedWebExtension":false,"userPermissions":null,"icons":{},"blocklistState":0,"blocklistURL":null,"startupData":null,"location":"app-system-defaults"}
1540992563694	addons.xpi	DEBUG	Updating XPIState for {"id":"webcompat@mozilla.org","syncGUID":"{c98ab4b0-1bcc-4331-a82c-731fcfc1c589}","version":"2.0","type":"extension","defaultLocale":{"name":"Web Compat","description":"Urgent post-release fixes for web compatibility."},"visible":true,"active":true,"userDisabled":false,"appDisabled":false,"installDate":1535646567106,"updateDate":1535646567106,"applyBackgroundUpdates":1,"path":"C:\\Program Files\\Mozilla Firefox\\browser\\features\\webcompat@mozilla.org.xpi","skinnable":false,"sourceURI":null,"releaseNotesURI":null,"softDisabled":false,"foreignInstall":false,"strictCompatibility":false,"locales":[],"targetApplications":[{"id":"{ec8030f7-c20a-464f-9b0e-13a3a9e97384}","minVersion":"62.0","maxVersion":"62.*"},{"id":"{aa3c5121-dab2-40e2-81ca-7ea25febc110}","minVersion":"62.0","maxVersion":"62.*"}],"targetPlatforms":[],"seen":true,"dependencies":[],"hasEmbeddedWebExtension":true,"userPermissions":null,"icons":{},"blocklistState":0,"blocklistURL":null,"startupData":null,"location":"app-system-defaults"}
1540992563708	addons.xpi-utils	DEBUG	Updating add-on states
1540992563711	addons.xpi	DEBUG	Registering manifest for C:\Program Files\Mozilla Firefox\browser\features\activity-stream@mozilla.org.xpi
1540992563713	addons.xpi	DEBUG	Calling bootstrap method startup on activity-stream@mozilla.org version 2018.08.22.1219-93becf29
1540992563713	addons.xpi	DEBUG	Registering manifest for C:\Program Files\Mozilla Firefox\browser\features\aushelper@mozilla.org.xpi
1540992563714	addons.xpi	DEBUG	Calling bootstrap method startup on aushelper@mozilla.org version 2.0
1540992563715	addons.xpi	DEBUG	Registering manifest for C:\Program Files\Mozilla Firefox\browser\features\firefox@getpocket.com.xpi
1540992563719	addons.xpi	DEBUG	Calling bootstrap method startup on firefox@getpocket.com version 1.0.5
1540992563725	addons.xpi	DEBUG	Registering manifest for C:\Program Files\Mozilla Firefox\browser\features\formautofill@mozilla.org.xpi
1540992563726	addons.xpi	DEBUG	Calling bootstrap method startup on formautofill@mozilla.org version 1.0
1540992563726	addons.xpi	DEBUG	Registering manifest for C:\Program Files\Mozilla Firefox\browser\features\onboarding@mozilla.org.xpi
1540992563727	addons.xpi	DEBUG	Calling bootstrap method startup on onboarding@mozilla.org version 1.0
1540992563727	addons.xpi	DEBUG	Registering manifest for C:\Program Files\Mozilla Firefox\browser\features\screenshots@mozilla.org.xpi
1540992563728	addons.xpi	DEBUG	Calling bootstrap method startup on screenshots@mozilla.org version 33.0.0
1540992563728	addons.xpi	DEBUG	Registering manifest for C:\Program Files\Mozilla Firefox\browser\features\webcompat-reporter@mozilla.org.xpi
1540992563729	addons.xpi	DEBUG	Calling bootstrap method startup on webcompat-reporter@mozilla.org version 1.0.0
1540992563729	addons.xpi	DEBUG	Registering manifest for C:\Program Files\Mozilla Firefox\browser\features\webcompat@mozilla.org.xpi
1540992563731	addons.xpi	DEBUG	Calling bootstrap method startup on webcompat@mozilla.org version 2.0
1540992563732	addons.manager	DEBUG	Registering shutdown blocker for XPIProvider
1540992563732	addons.manager	DEBUG	Provider finished startup: XPIProvider
1540992563733	addons.manager	DEBUG	Starting provider: LightweightThemeManager
1540992563733	addons.manager	DEBUG	Registering shutdown blocker for LightweightThemeManager
1540992563733	addons.manager	DEBUG	Provider finished startup: LightweightThemeManager
1540992563733	addons.manager	DEBUG	Starting provider: GMPProvider
1540992563735	addons.manager	DEBUG	Registering shutdown blocker for GMPProvider
1540992563735	addons.manager	DEBUG	Provider finished startup: GMPProvider
1540992563735	addons.manager	DEBUG	Starting provider: PluginProvider
1540992563735	addons.manager	DEBUG	Registering shutdown blocker for PluginProvider
1540992563735	addons.manager	DEBUG	Provider finished startup: PluginProvider
1540992563736	addons.manager	DEBUG	Completed startup sequence
1540992564566	addons.productaddons	INFO	downloadXHR File download. status=200
1540992564573	addons.productaddons	INFO	Downloaded file will be saved to C:\Users\DEVELO~1\AppData\Local\Temp\tmpaddon-7572b
1540992567557	addons.xpi	DEBUG	Existing add-on activity-stream@mozilla.org in app-system-defaults
1540992567557	addons.xpi	DEBUG	Existing add-on aushelper@mozilla.org in app-system-defaults
1540992567557	addons.xpi	DEBUG	Existing add-on firefox@getpocket.com in app-system-defaults
1540992567557	addons.xpi	DEBUG	Existing add-on formautofill@mozilla.org in app-system-defaults
1540992567557	addons.xpi	DEBUG	Existing add-on onboarding@mozilla.org in app-system-defaults
1540992567557	addons.xpi	DEBUG	Existing add-on screenshots@mozilla.org in app-system-defaults
1540992567558	addons.xpi	DEBUG	Existing add-on webcompat-reporter@mozilla.org in app-system-defaults
1540992567558	addons.xpi	DEBUG	Existing add-on webcompat@mozilla.org in app-system-defaults
1540992567558	addons.xpi	DEBUG	scanForChanges changed: false, state: {}
1540992567759	Marionette	INFO	Listening on port 54439
1540992568192	Marionette	WARN	TLS certificate errors will be ignored for this session
1540992569913	Marionette	DEBUG	[6442450945] Frame script loaded
1540992569915	Marionette	DEBUG	[6442450945] Frame script registered
Oct 31, 2018 6:59:29 PM org.openqa.selenium.remote.ProtocolHandshake createSession
INFO: Detected dialect: W3C
1540992569983	Marionette	DEBUG	[6442450945] Received DOM event beforeunload for about:blank
1540992570018	Marionette	DEBUG	[6442450945] Received DOM event pagehide for about:blank
JavaScript error: http://192.168.10.124/Edinsight/Login.aspx, line 148: ReferenceError: search is not defined
1540992570304	Marionette	DEBUG	[6442450945] Received DOM event DOMContentLoaded for http://192.168.10.124/Edinsight/Login.aspx
1540992571091	Marionette	DEBUG	[6442450945] Received DOM event pageshow for http://192.168.10.124/Edinsight/Login.aspx
1540992571102	Marionette	DEBUG	[6442450945] Received DOM event beforeunload for http://192.168.10.124/Edinsight/Login.aspx
1540992571139	Marionette	DEBUG	[6442450945] Received DOM event pagehide for http://192.168.10.124/Edinsight/Login.aspx
1540992571140	Marionette	DEBUG	[6442450945] Received DOM event unload for http://192.168.10.124/Edinsight/Login.aspx
JavaScript error: http://192.168.10.124/Edinsight/Login.aspx, line 148: ReferenceError: search is not defined
1540992571278	Marionette	DEBUG	[6442450945] Received DOM event DOMContentLoaded for http://192.168.10.124/Edinsight/Login.aspx
1540992571320	Marionette	DEBUG	[6442450945] Received DOM event pageshow for http://192.168.10.124/Edinsight/Login.aspx
1540992575038	Marionette	DEBUG	[6442450945] Received DOM event beforeunload for http://192.168.10.124/Edinsight/Login.aspx
1540992576089	Marionette	DEBUG	[6442450945] Received DOM event pagehide for http://192.168.10.124/Edinsight/Login.aspx
1540992576093	Marionette	DEBUG	[6442450945] Received DOM event unload for http://192.168.10.124/Edinsight/Login.aspx
1540992576479	Marionette	DEBUG	[6442450945] Received DOM event DOMContentLoaded for http://192.168.10.124/Edinsight/Dashboards/Dashboard.aspx?args=xVNF9/EmdfyYlZO24Xg2+uV04PVJmgZgtem/Imousj+kM7yoAoNbmuidFBz7eEAw29WO5sXpnNoy2IbxMecGyw5W2io/e8WNXep471JtwwM=
1540992576639	Marionette	DEBUG	[6442450945] Received observer notification outer-window-destroyed for 6442450951
1540992576642	Marionette	DEBUG	[6442450945] Received observer notification outer-window-destroyed for 6442450952
JavaScript error: http://192.168.10.124/Edinsight/Dashboards/Dashboard.aspx?args=xVNF9/EmdfyYlZO24Xg2+uV04PVJmgZgtem/Imousj+kM7yoAoNbmuidFBz7eEAw29WO5sXpnNoy2IbxMecGyw5W2io/e8WNXep471JtwwM=, line 1: ReferenceError: False is not defined
1540992576708	Marionette	DEBUG	[6442450945] Received DOM event pageshow for http://192.168.10.124/Edinsight/Dashboards/Dashboard.aspx?args=xVNF9/EmdfyYlZO24Xg2+uV04PVJmgZgtem/Imousj+kM7yoAoNbmuidFBz7eEAw29WO5sXpnNoy2IbxMecGyw5W2io/e8WNXep471JtwwM=
JavaScript error: http://192.168.10.124/EdInsight/ScriptResource.axd?d=XOa34urf5kvQO-st5fkccv2gqN7LJJUall0FOI3N34FnXZL-lLWNn_3z0TS1wIJK0w6agHoIClfGrh-OXC8TgvhjWwv2zue_GDGqZVKLeXTPNWsOogcuaX6QjZ35wjLOEnQTlGU1nJAHYAysS0g8Rwf1quG6tCaFxcGIS98pTjGa_TbsTROLF-pmaNEZ0VlZ0&t=ffffffffcd368728:5273, line 84: Error: Sys.InvalidOperationException: A control is already associated with the element.
JavaScript error: http://192.168.10.124/EdInsight/ScriptResource.axd?d=XOa34urf5kvQO-st5fkccv2gqN7LJJUall0FOI3N34FnXZL-lLWNn_3z0TS1wIJK0w6agHoIClfGrh-OXC8TgvhjWwv2zue_GDGqZVKLeXTPNWsOogcuaX6QjZ35wjLOEnQTlGU1nJAHYAysS0g8Rwf1quG6tCaFxcGIS98pTjGa_TbsTROLF-pmaNEZ0VlZ0&t=ffffffffcd368728:5273, line 84: Error: Sys.InvalidOperationException: A control is already associated with the element.
JavaScript error: http://192.168.10.124/EdInsight/ScriptResource.axd?d=XOa34urf5kvQO-st5fkccv2gqN7LJJUall0FOI3N34FnXZL-lLWNn_3z0TS1wIJK0w6agHoIClfGrh-OXC8TgvhjWwv2zue_GDGqZVKLeXTPNWsOogcuaX6QjZ35wjLOEnQTlGU1nJAHYAysS0g8Rwf1quG6tCaFxcGIS98pTjGa_TbsTROLF-pmaNEZ0VlZ0&t=ffffffffcd368728:5273, line 84: Error: Sys.InvalidOperationException: A control is already associated with the element.
JavaScript error: http://192.168.10.124/EdInsight/ScriptResource.axd?d=XOa34urf5kvQO-st5fkccv2gqN7LJJUall0FOI3N34FnXZL-lLWNn_3z0TS1wIJK0w6agHoIClfGrh-OXC8TgvhjWwv2zue_GDGqZVKLeXTPNWsOogcuaX6QjZ35wjLOEnQTlGU1nJAHYAysS0g8Rwf1quG6tCaFxcGIS98pTjGa_TbsTROLF-pmaNEZ0VlZ0&t=ffffffffcd368728:5273, line 84: Error: Sys.InvalidOperationException: A control is already associated with the element.
JavaScript error: http://192.168.10.124/EdInsight/ScriptResource.axd?d=XOa34urf5kvQO-st5fkccv2gqN7LJJUall0FOI3N34FnXZL-lLWNn_3z0TS1wIJK0w6agHoIClfGrh-OXC8TgvhjWwv2zue_GDGqZVKLeXTPNWsOogcuaX6QjZ35wjLOEnQTlGU1nJAHYAysS0g8Rwf1quG6tCaFxcGIS98pTjGa_TbsTROLF-pmaNEZ0VlZ0&t=ffffffffcd368728:5273, line 84: Error: Sys.InvalidOperationException: A control is already associated with the element.
JavaScript error: http://192.168.10.124/EdInsight/ScriptResource.axd?d=XOa34urf5kvQO-st5fkccv2gqN7LJJUall0FOI3N34FnXZL-lLWNn_3z0TS1wIJK0w6agHoIClfGrh-OXC8TgvhjWwv2zue_GDGqZVKLeXTPNWsOogcuaX6QjZ35wjLOEnQTlGU1nJAHYAysS0g8Rwf1quG6tCaFxcGIS98pTjGa_TbsTROLF-pmaNEZ0VlZ0&t=ffffffffcd368728:5273, line 84: Error: Sys.InvalidOperationException: A control is already associated with the element.
JavaScript error: http://192.168.10.124/EdInsight/ScriptResource.axd?d=XOa34urf5kvQO-st5fkccv2gqN7LJJUall0FOI3N34FnXZL-lLWNn_3z0TS1wIJK0w6agHoIClfGrh-OXC8TgvhjWwv2zue_GDGqZVKLeXTPNWsOogcuaX6QjZ35wjLOEnQTlGU1nJAHYAysS0g8Rwf1quG6tCaFxcGIS98pTjGa_TbsTROLF-pmaNEZ0VlZ0&t=ffffffffcd368728:5273, line 84: Error: Sys.InvalidOperationException: A control is already associated with the element.
JavaScript error: http://192.168.10.124/EdInsight/ScriptResource.axd?d=XOa34urf5kvQO-st5fkccv2gqN7LJJUall0FOI3N34FnXZL-lLWNn_3z0TS1wIJK0w6agHoIClfGrh-OXC8TgvhjWwv2zue_GDGqZVKLeXTPNWsOogcuaX6QjZ35wjLOEnQTlGU1nJAHYAysS0g8Rwf1quG6tCaFxcGIS98pTjGa_TbsTROLF-pmaNEZ0VlZ0&t=ffffffffcd368728:5273, line 84: Error: Sys.InvalidOperationException: A control is already associated with the element.
JavaScript error: http://192.168.10.124/EdInsight/ScriptResource.axd?d=XOa34urf5kvQO-st5fkccv2gqN7LJJUall0FOI3N34FnXZL-lLWNn_3z0TS1wIJK0w6agHoIClfGrh-OXC8TgvhjWwv2zue_GDGqZVKLeXTPNWsOogcuaX6QjZ35wjLOEnQTlGU1nJAHYAysS0g8Rwf1quG6tCaFxcGIS98pTjGa_TbsTROLF-pmaNEZ0VlZ0&t=ffffffffcd368728:5273, line 84: Error: Sys.InvalidOperationException: A control is already associated with the element.
JavaScript error: http://192.168.10.124/EdInsight/ScriptResource.axd?d=XOa34urf5kvQO-st5fkccv2gqN7LJJUall0FOI3N34FnXZL-lLWNn_3z0TS1wIJK0w6agHoIClfGrh-OXC8TgvhjWwv2zue_GDGqZVKLeXTPNWsOogcuaX6QjZ35wjLOEnQTlGU1nJAHYAysS0g8Rwf1quG6tCaFxcGIS98pTjGa_TbsTROLF-pmaNEZ0VlZ0&t=ffffffffcd368728:5273, line 84: Error: Sys.InvalidOperationException: A control is already associated with the element.
JavaScript error: http://192.168.10.124/EdInsight/ScriptResource.axd?d=XOa34urf5kvQO-st5fkccv2gqN7LJJUall0FOI3N34FnXZL-lLWNn_3z0TS1wIJK0w6agHoIClfGrh-OXC8TgvhjWwv2zue_GDGqZVKLeXTPNWsOogcuaX6QjZ35wjLOEnQTlGU1nJAHYAysS0g8Rwf1quG6tCaFxcGIS98pTjGa_TbsTROLF-pmaNEZ0VlZ0&t=ffffffffcd368728:5273, line 84: Error: Sys.InvalidOperationException: A control is already associated with the element.
JavaScript error: http://192.168.10.124/EdInsight/ScriptResource.axd?d=XOa34urf5kvQO-st5fkccv2gqN7LJJUall0FOI3N34FnXZL-lLWNn_3z0TS1wIJK0w6agHoIClfGrh-OXC8TgvhjWwv2zue_GDGqZVKLeXTPNWsOogcuaX6QjZ35wjLOEnQTlGU1nJAHYAysS0g8Rwf1quG6tCaFxcGIS98pTjGa_TbsTROLF-pmaNEZ0VlZ0&t=ffffffffcd368728:5273, line 84: Error: Sys.InvalidOperationException: A control is already associated with the element.
JavaScript error: http://192.168.10.124/EdInsight/ScriptResource.axd?d=XOa34urf5kvQO-st5fkccv2gqN7LJJUall0FOI3N34FnXZL-lLWNn_3z0TS1wIJK0w6agHoIClfGrh-OXC8TgvhjWwv2zue_GDGqZVKLeXTPNWsOogcuaX6QjZ35wjLOEnQTlGU1nJAHYAysS0g8Rwf1quG6tCaFxcGIS98pTjGa_TbsTROLF-pmaNEZ0VlZ0&t=ffffffffcd368728:5273, line 84: Error: Sys.InvalidOperationException: A control is already associated with the element.
JavaScript error: http://192.168.10.124/EdInsight/ScriptResource.axd?d=XOa34urf5kvQO-st5fkccv2gqN7LJJUall0FOI3N34FnXZL-lLWNn_3z0TS1wIJK0w6agHoIClfGrh-OXC8TgvhjWwv2zue_GDGqZVKLeXTPNWsOogcuaX6QjZ35wjLOEnQTlGU1nJAHYAysS0g8Rwf1quG6tCaFxcGIS98pTjGa_TbsTROLF-pmaNEZ0VlZ0&t=ffffffffcd368728:5273, line 84: Error: Sys.InvalidOperationException: A control is already associated with the element.
JavaScript error: http://192.168.10.124/EdInsight/ScriptResource.axd?d=XOa34urf5kvQO-st5fkccv2gqN7LJJUall0FOI3N34FnXZL-lLWNn_3z0TS1wIJK0w6agHoIClfGrh-OXC8TgvhjWwv2zue_GDGqZVKLeXTPNWsOogcuaX6QjZ35wjLOEnQTlGU1nJAHYAysS0g8Rwf1quG6tCaFxcGIS98pTjGa_TbsTROLF-pmaNEZ0VlZ0&t=ffffffffcd368728:5273, line 84: Error: Sys.InvalidOperationException: A control is already associated with the element.
JavaScript error: http://192.168.10.124/EdInsight/ScriptResource.axd?d=XOa34urf5kvQO-st5fkccv2gqN7LJJUall0FOI3N34FnXZL-lLWNn_3z0TS1wIJK0w6agHoIClfGrh-OXC8TgvhjWwv2zue_GDGqZVKLeXTPNWsOogcuaX6QjZ35wjLOEnQTlGU1nJAHYAysS0g8Rwf1quG6tCaFxcGIS98pTjGa_TbsTROLF-pmaNEZ0VlZ0&t=ffffffffcd368728:5273, line 84: Error: Sys.InvalidOperationException: A control is already associated with the element.
JavaScript error: http://192.168.10.124/EdInsight/ScriptResource.axd?d=XOa34urf5kvQO-st5fkccv2gqN7LJJUall0FOI3N34FnXZL-lLWNn_3z0TS1wIJK0w6agHoIClfGrh-OXC8TgvhjWwv2zue_GDGqZVKLeXTPNWsOogcuaX6QjZ35wjLOEnQTlGU1nJAHYAysS0g8Rwf1quG6tCaFxcGIS98pTjGa_TbsTROLF-pmaNEZ0VlZ0&t=ffffffffcd368728:5273, line 84: Error: Sys.InvalidOperationException: A control is already associated with the element.
JavaScript error: http://192.168.10.124/EdInsight/ScriptResource.axd?d=XOa34urf5kvQO-st5fkccv2gqN7LJJUall0FOI3N34FnXZL-lLWNn_3z0TS1wIJK0w6agHoIClfGrh-OXC8TgvhjWwv2zue_GDGqZVKLeXTPNWsOogcuaX6QjZ35wjLOEnQTlGU1nJAHYAysS0g8Rwf1quG6tCaFxcGIS98pTjGa_TbsTROLF-pmaNEZ0VlZ0&t=ffffffffcd368728:5273, line 84: Error: Sys.InvalidOperationException: A control is already associated with the element.
JavaScript error: http://192.168.10.124/EdInsight/ScriptResource.axd?d=XOa34urf5kvQO-st5fkccv2gqN7LJJUall0FOI3N34FnXZL-lLWNn_3z0TS1wIJK0w6agHoIClfGrh-OXC8TgvhjWwv2zue_GDGqZVKLeXTPNWsOogcuaX6QjZ35wjLOEnQTlGU1nJAHYAysS0g8Rwf1quG6tCaFxcGIS98pTjGa_TbsTROLF-pmaNEZ0VlZ0&t=ffffffffcd368728:5273, line 84: Error: Sys.InvalidOperationException: A control is already associated with the element.
JavaScript error: http://192.168.10.124/EdInsight/ScriptResource.axd?d=XOa34urf5kvQO-st5fkccv2gqN7LJJUall0FOI3N34FnXZL-lLWNn_3z0TS1wIJK0w6agHoIClfGrh-OXC8TgvhjWwv2zue_GDGqZVKLeXTPNWsOogcuaX6QjZ35wjLOEnQTlGU1nJAHYAysS0g8Rwf1quG6tCaFxcGIS98pTjGa_TbsTROLF-pmaNEZ0VlZ0&t=ffffffffcd368728:5273, line 84: Error: Sys.InvalidOperationException: A control is already associated with the element.
JavaScript error: http://192.168.10.124/EdInsight/ScriptResource.axd?d=XOa34urf5kvQO-st5fkccv2gqN7LJJUall0FOI3N34FnXZL-lLWNn_3z0TS1wIJK0w6agHoIClfGrh-OXC8TgvhjWwv2zue_GDGqZVKLeXTPNWsOogcuaX6QjZ35wjLOEnQTlGU1nJAHYAysS0g8Rwf1quG6tCaFxcGIS98pTjGa_TbsTROLF-pmaNEZ0VlZ0&t=ffffffffcd368728:5273, line 84: Error: Sys.InvalidOperationException: A control is already associated with the element.
JavaScript error: http://192.168.10.124/EdInsight/ScriptResource.axd?d=XOa34urf5kvQO-st5fkccv2gqN7LJJUall0FOI3N34FnXZL-lLWNn_3z0TS1wIJK0w6agHoIClfGrh-OXC8TgvhjWwv2zue_GDGqZVKLeXTPNWsOogcuaX6QjZ35wjLOEnQTlGU1nJAHYAysS0g8Rwf1quG6tCaFxcGIS98pTjGa_TbsTROLF-pmaNEZ0VlZ0&t=ffffffffcd368728:5273, line 84: Error: Sys.InvalidOperationException: A control is already associated with the element.
JavaScript error: http://192.168.10.124/EdInsight/ScriptResource.axd?d=XOa34urf5kvQO-st5fkccv2gqN7LJJUall0FOI3N34FnXZL-lLWNn_3z0TS1wIJK0w6agHoIClfGrh-OXC8TgvhjWwv2zue_GDGqZVKLeXTPNWsOogcuaX6QjZ35wjLOEnQTlGU1nJAHYAysS0g8Rwf1quG6tCaFxcGIS98pTjGa_TbsTROLF-pmaNEZ0VlZ0&t=ffffffffcd368728:5273, line 84: Error: Sys.InvalidOperationException: A control is already associated with the element.
JavaScript error: http://192.168.10.124/EdInsight/ScriptResource.axd?d=XOa34urf5kvQO-st5fkccv2gqN7LJJUall0FOI3N34FnXZL-lLWNn_3z0TS1wIJK0w6agHoIClfGrh-OXC8TgvhjWwv2zue_GDGqZVKLeXTPNWsOogcuaX6QjZ35wjLOEnQTlGU1nJAHYAysS0g8Rwf1quG6tCaFxcGIS98pTjGa_TbsTROLF-pmaNEZ0VlZ0&t=ffffffffcd368728:5273, line 84: Error: Sys.InvalidOperationException: A control is already associated with the element.
JavaScript error: http://192.168.10.124/EdInsight/ScriptResource.axd?d=XOa34urf5kvQO-st5fkccv2gqN7LJJUall0FOI3N34FnXZL-lLWNn_3z0TS1wIJK0w6agHoIClfGrh-OXC8TgvhjWwv2zue_GDGqZVKLeXTPNWsOogcuaX6QjZ35wjLOEnQTlGU1nJAHYAysS0g8Rwf1quG6tCaFxcGIS98pTjGa_TbsTROLF-pmaNEZ0VlZ0&t=ffffffffcd368728:5273, line 84: Error: Sys.InvalidOperationException: A control is already associated with the element.
JavaScript error: http://192.168.10.124/EdInsight/ScriptResource.axd?d=XOa34urf5kvQO-st5fkccv2gqN7LJJUall0FOI3N34FnXZL-lLWNn_3z0TS1wIJK0w6agHoIClfGrh-OXC8TgvhjWwv2zue_GDGqZVKLeXTPNWsOogcuaX6QjZ35wjLOEnQTlGU1nJAHYAysS0g8Rwf1quG6tCaFxcGIS98pTjGa_TbsTROLF-pmaNEZ0VlZ0&t=ffffffffcd368728:5273, line 84: Error: Sys.InvalidOperationException: A control is already associated with the element.
JavaScript error: http://192.168.10.124/EdInsight/ScriptResource.axd?d=XOa34urf5kvQO-st5fkccv2gqN7LJJUall0FOI3N34FnXZL-lLWNn_3z0TS1wIJK0w6agHoIClfGrh-OXC8TgvhjWwv2zue_GDGqZVKLeXTPNWsOogcuaX6QjZ35wjLOEnQTlGU1nJAHYAysS0g8Rwf1quG6tCaFxcGIS98pTjGa_TbsTROLF-pmaNEZ0VlZ0&t=ffffffffcd368728:5273, line 84: Error: Sys.InvalidOperationException: A control is already associated with the element.
JavaScript error: http://192.168.10.124/EdInsight/ScriptResource.axd?d=XOa34urf5kvQO-st5fkccv2gqN7LJJUall0FOI3N34FnXZL-lLWNn_3z0TS1wIJK0w6agHoIClfGrh-OXC8TgvhjWwv2zue_GDGqZVKLeXTPNWsOogcuaX6QjZ35wjLOEnQTlGU1nJAHYAysS0g8Rwf1quG6tCaFxcGIS98pTjGa_TbsTROLF-pmaNEZ0VlZ0&t=ffffffffcd368728:5273, line 84: Error: Sys.InvalidOperationException: A control is already associated with the element.
1540992578932	Marionette	DEBUG	[6442450945] Received DOM event beforeunload for http://192.168.10.124/Edinsight/Dashboards/Dashboard.aspx?args=xVNF9/EmdfyYlZO24Xg2+uV04PVJmgZgtem/Imousj+kM7yoAoNbmuidFBz7eEAw29WO5sXpnNoy2IbxMecGyw5W2io/e8WNXep471JtwwM=
1540992579064	Marionette	DEBUG	[6442450945] Received DOM event pagehide for http://192.168.10.124/Edinsight/Dashboards/Dashboard.aspx?args=xVNF9/EmdfyYlZO24Xg2+uV04PVJmgZgtem/Imousj+kM7yoAoNbmuidFBz7eEAw29WO5sXpnNoy2IbxMecGyw5W2io/e8WNXep471JtwwM=
1540992579065	Marionette	DEBUG	[6442450945] Received DOM event unload for http://192.168.10.124/Edinsight/Dashboards/Dashboard.aspx?args=xVNF9/EmdfyYlZO24Xg2+uV04PVJmgZgtem/Imousj+kM7yoAoNbmuidFBz7eEAw29WO5sXpnNoy2IbxMecGyw5W2io/e8WNXep471JtwwM=
1540992579218	Marionette	DEBUG	[6442450945] Received observer notification outer-window-destroyed for 6442450955
1540992579219	Marionette	DEBUG	[6442450945] Received observer notification outer-window-destroyed for 6442450956
1540992579290	Marionette	DEBUG	[6442450945] Received DOM event DOMContentLoaded for http://192.168.10.124/EdInsight/Form/RTI/Menu.aspx?args=s79LFcKIz38I3KnjVa8bnUIYMU2/3BmupBytiw3rsri04JZ+wsFjqzp76Zqm1YJZvFlhEVzovdml4hTy6EWtKRqT1lagW81p1Iw5lTodazFdb5iFm5JegKkn4S69nMB6MMFqXECKTLSI90i0a46Zpg==
1540992579360	Marionette	DEBUG	[6442450945] Received observer notification outer-window-destroyed for 6442450962
1540992579365	Marionette	DEBUG	[6442450945] Received observer notification outer-window-destroyed for 6442450963
JavaScript error: http://192.168.10.124/EdInsight/Form/RTI/Menu.aspx?args=s79LFcKIz38I3KnjVa8bnUIYMU2/3BmupBytiw3rsri04JZ+wsFjqzp76Zqm1YJZvFlhEVzovdml4hTy6EWtKRqT1lagW81p1Iw5lTodazFdb5iFm5JegKkn4S69nMB6MMFqXECKTLSI90i0a46Zpg==, line 1: ReferenceError: False is not defined
1540992579423	Marionette	DEBUG	[6442450945] Received DOM event pageshow for http://192.168.10.124/EdInsight/Form/RTI/Menu.aspx?args=s79LFcKIz38I3KnjVa8bnUIYMU2/3BmupBytiw3rsri04JZ+wsFjqzp76Zqm1YJZvFlhEVzovdml4hTy6EWtKRqT1lagW81p1Iw5lTodazFdb5iFm5JegKkn4S69nMB6MMFqXECKTLSI90i0a46Zpg==
1540992583783	addons.productaddons	INFO	sending request to: https://aus5.mozilla.org/update/3/GMP/62.0/20180830143136/WINNT_x86_64-msvc-x64/en-US/release/Windows_NT%2010.0.0.0.17134.286%20(x64)/default/default/update.xml
1540992603786	addons.productaddons	WARN	Failed downloading XML, status: 0, reason: timeout
1540992603787	addons.productaddons	INFO	fetching config from: chrome://global/content/gmp-sources/openh264.json
1540992603788	addons.productaddons	INFO	fetching config from: chrome://global/content/gmp-sources/widevinecdm.json
1540992603791	addons.productaddons	INFO	found plugin: gmp-gmpopenh264
1540992603792	addons.productaddons	INFO	found plugin: gmp-widevinecdm
1540992604499	addons.productaddons	INFO	downloadXHR File download. status=200
1540992604510	addons.productaddons	INFO	Downloaded file will be saved to C:\Users\DEVELO~1\AppData\Local\Temp\tmpaddon-656434
1540992607472	addons.productaddons	INFO	downloadXHR File download. status=200
1540992607478	addons.productaddons	INFO	Downloaded file will be saved to C:\Users\DEVELO~1\AppData\Local\Temp\tmpaddon-72ee80
]]></system-err>
  </testcase>
  <testcase name="TCED30104" classname="com.curriculum.Browse_By_Standard" time="28.104"/>
  <testcase name="TCED30404" classname="com.curriculum.CompletionStatusReport" time="17.807"/>
  <testcase name="TCED30405" classname="com.curriculum.CompletionStatusReport" time="9.706"/>
  <testcase name="TCED30404" classname="com.curriculum.Print_View_Multiple_Maps" time="17.612"/>
  <testcase name="TCED30405" classname="com.curriculum.Print_View_Multiple_Maps" time="10.036"/>
  <testcase name="TCED33106" classname="com.Home.Student_Search" time="19.052"/>
  <testcase name="TCED34103" classname="com.Home.Contacts" time="18.752"/>
  <testcase name="TCED34508" classname="com.Home.Grades" time="18.703"/>
  <testcase name="TCED34603" classname="com.Home.Schedule" time="18.445"/>
  <testcase name="TCED34703" classname="com.Home.Data_sets" time="18.81"/>
</testsuite>