<?xml version="1.0" encoding="UTF-8"?>
<!-- Generated by org.testng.reporters.JUnitReportReporter -->
<testsuite skipped="0" hostname="Vofox-Sebastian" name="com.manageAssessment.EditAssessment" tests="1" failures="0" timestamp="06 Aug 2018 13:33:23 GMT" time="19.052" errors="0">
  <testcase name="TCAA02003" time="19.052" classname="com.manageAssessment.EditAssessment"/>
</testsuite> <!-- com.manageAssessment.EditAssessment -->
