<?xml version="1.0" encoding="UTF-8"?>
<!-- Generated by org.testng.reporters.JUnitReportReporter -->
<testsuite skipped="0" hostname="Manoj-D" name="com.MTSS.Mass_Change_Person_Responsible" tests="7" failures="0" timestamp="05 Nov 2018 08:53:15 GMT" time="43.977" errors="0">
  <testcase name="TCED21101" time="10.444" classname="com.MTSS.Mass_Change_Person_Responsible"/>
  <testcase name="TCED21102" time="0.232" classname="com.MTSS.Mass_Change_Person_Responsible"/>
  <testcase name="TCED21103" time="2.963" classname="com.MTSS.Mass_Change_Person_Responsible"/>
  <testcase name="TCED21104" time="0.201" classname="com.MTSS.Mass_Change_Person_Responsible"/>
  <testcase name="TCED21105" time="25.702" classname="com.MTSS.Mass_Change_Person_Responsible"/>
  <testcase name="TCED21106" time="2.629" classname="com.MTSS.Mass_Change_Person_Responsible"/>
  <testcase name="TCED21107" time="1.806" classname="com.MTSS.Mass_Change_Person_Responsible"/>
</testsuite> <!-- com.MTSS.Mass_Change_Person_Responsible -->
