<?xml version="1.0" encoding="UTF-8"?>
<!-- Generated by org.testng.reporters.JUnitReportReporter -->
<testsuite skipped="0" hostname="Manoj-D" name="com.curriculum.Custom_Reports" tests="5" failures="0" timestamp="15 Oct 2018 09:43:54 GMT" time="102.158" errors="0">
  <testcase name="TCED30601" time="8.871" classname="com.curriculum.Custom_Reports"/>
  <testcase name="TCED30602" time="1.014" classname="com.curriculum.Custom_Reports"/>
  <testcase name="TCED30603" time="1.201" classname="com.curriculum.Custom_Reports"/>
  <testcase name="TCED30604" time="45.273" classname="com.curriculum.Custom_Reports"/>
  <testcase name="TCED30605" time="45.799" classname="com.curriculum.Custom_Reports"/>
</testsuite> <!-- com.curriculum.Custom_Reports -->
