<?xml version="1.0" encoding="UTF-8"?>
<!-- Generated by org.testng.reporters.JUnitReportReporter -->
<testsuite skipped="0" hostname="Manoj-D" name="com.MTSS.TeamDecisionReport" tests="9" failures="0" timestamp="13 Aug 2018 14:05:47 GMT" time="130.066" errors="0">
  <testcase name="TCED22606" time="17.858" classname="com.MTSS.TeamDecisionReport"/>
  <testcase name="TCED22607" time="9.308" classname="com.MTSS.TeamDecisionReport"/>
  <testcase name="TCED22612" time="18.358" classname="com.MTSS.TeamDecisionReport"/>
  <testcase name="TCED22613" time="9.304" classname="com.MTSS.TeamDecisionReport"/>
  <testcase name="TCED22615" time="18.015" classname="com.MTSS.TeamDecisionReport"/>
  <testcase name="TCED22616" time="9.283" classname="com.MTSS.TeamDecisionReport"/>
  <testcase name="TCED22617" time="9.282" classname="com.MTSS.TeamDecisionReport"/>
  <testcase name="TCED22608" time="19.249" classname="com.MTSS.TeamDecisionReport"/>
  <testcase name="TCED22609" time="19.409" classname="com.MTSS.TeamDecisionReport"/>
</testsuite> <!-- com.MTSS.TeamDecisionReport -->
