<?xml version="1.0" encoding="UTF-8"?>
<!-- Generated by org.testng.reporters.JUnitReportReporter -->
<testsuite skipped="0" hostname="Manoj-D" name="com.Home.Schedule" tests="1" failures="0" timestamp="11 Oct 2018 13:40:30 GMT" time="19.645" errors="0">
  <testcase name="TCED34603" time="19.645" classname="com.Home.Schedule"/>
</testsuite> <!-- com.Home.Schedule -->
