<?xml version="1.0" encoding="UTF-8"?>
<!-- Generated by org.testng.reporters.JUnitReportReporter -->
<testsuite skipped="0" hostname="Manoj-D" name="com.MTSS.Early_Warning_Identification" tests="10" failures="0" timestamp="29 Oct 2018 12:09:46 GMT" time="125.621" errors="0">
  <testcase name="TCED22101" time="10.150" classname="com.MTSS.Early_Warning_Identification"/>
  <testcase name="TCED22102" time="7.261" classname="com.MTSS.Early_Warning_Identification"/>
  <testcase name="TCED22103" time="0.251" classname="com.MTSS.Early_Warning_Identification"/>
  <testcase name="TCED22104" time="0.119" classname="com.MTSS.Early_Warning_Identification"/>
  <testcase name="TCED22106" time="65.269" classname="com.MTSS.Early_Warning_Identification"/>
  <testcase name="TCED22107" time="13.379" classname="com.MTSS.Early_Warning_Identification"/>
  <testcase name="TCED22108" time="7.264" classname="com.MTSS.Early_Warning_Identification"/>
  <testcase name="TCED22109" time="5.302" classname="com.MTSS.Early_Warning_Identification"/>
  <testcase name="TCED22111" time="3.359" classname="com.MTSS.Early_Warning_Identification"/>
  <testcase name="TCED22113" time="13.267" classname="com.MTSS.Early_Warning_Identification"/>
</testsuite> <!-- com.MTSS.Early_Warning_Identification -->
