<?xml version="1.0" encoding="UTF-8"?>
<!-- Generated by org.testng.reporters.JUnitReportReporter -->
<testsuite skipped="0" hostname="Manoj-D" name="com.Home.Data_sets" tests="1" failures="0" timestamp="11 Oct 2018 13:54:37 GMT" time="20.479" errors="0">
  <testcase name="TCED34703" time="20.479" classname="com.Home.Data_sets"/>
</testsuite> <!-- com.Home.Data_sets -->
