<?xml version="1.0" encoding="UTF-8"?>
<!-- Generated by org.testng.reporters.JUnitReportReporter -->
<testsuite skipped="0" hostname="Manoj-D" name="com.Home.Student_Search" tests="1" failures="0" timestamp="05 Oct 2018 04:46:53 GMT" time="20.657" errors="0">
  <testcase name="TCED33106" time="20.657" classname="com.Home.Student_Search"/>
</testsuite> <!-- com.Home.Student_Search -->
