<?xml version="1.0" encoding="UTF-8"?>
<!-- Generated by org.testng.reporters.JUnitReportReporter -->
<testsuite skipped="0" hostname="Vofox-Sebastian" name="com.analyzeByScore.ItemAnalysisbyStudent" tests="3" failures="0" timestamp="27 Jul 2018 11:02:47 GMT" time="107.000" errors="0">
  <testcase name="TCED14124" time="34.380" classname="com.analyzeByScore.ItemAnalysisbyStudent"/>
  <testcase name="TCED14125" time="17.938" classname="com.analyzeByScore.ItemAnalysisbyStudent"/>
  <testcase name="TCED14126" time="54.682" classname="com.analyzeByScore.ItemAnalysisbyStudent"/>
</testsuite> <!-- com.analyzeByScore.ItemAnalysisbyStudent -->
