<?xml version="1.0" encoding="UTF-8"?>
<!-- Generated by org.testng.reporters.JUnitReportReporter -->
<testsuite skipped="0" hostname="Manoj-D" name="com.curriculum.Copy_Current_Map" tests="5" failures="0" timestamp="24 Sep 2018 12:33:47 GMT" time="36.190" errors="0">
  <testcase name="TCED29501" time="15.141" classname="com.curriculum.Copy_Current_Map"/>
  <testcase name="TCED29502" time="1.008" classname="com.curriculum.Copy_Current_Map"/>
  <testcase name="TCED29503" time="1.144" classname="com.curriculum.Copy_Current_Map"/>
  <testcase name="TCED29504" time="4.639" classname="com.curriculum.Copy_Current_Map"/>
  <testcase name="TCED29505" time="14.258" classname="com.curriculum.Copy_Current_Map"/>
</testsuite> <!-- com.curriculum.Copy_Current_Map -->
