<?xml version="1.0" encoding="UTF-8"?>
<!-- Generated by org.testng.reporters.JUnitReportReporter -->
<testsuite skipped="0" hostname="Manoj-D" name="com.curriculum.Enter_weeks_minutes" tests="4" failures="0" timestamp="24 Sep 2018 12:32:36 GMT" time="31.693" errors="0">
  <testcase name="TCED29401" time="15.511" classname="com.curriculum.Enter_weeks_minutes"/>
  <testcase name="TCED29402" time="0.982" classname="com.curriculum.Enter_weeks_minutes"/>
  <testcase name="TCED29403" time="8.350" classname="com.curriculum.Enter_weeks_minutes"/>
  <testcase name="TCED29404" time="6.850" classname="com.curriculum.Enter_weeks_minutes"/>
</testsuite> <!-- com.curriculum.Enter_weeks_minutes -->
