<?xml version="1.0" encoding="UTF-8"?>
<!-- Generated by org.testng.reporters.JUnitReportReporter -->
<testsuite skipped="0" hostname="Vofox-Sebastian" name="com.analyzeByScore.StandardMasteryReportbyClass" tests="4" failures="0" timestamp="30 Jul 2018 13:54:31 GMT" time="72.771" errors="0">
  <testcase name="TCED14318" time="32.280" classname="com.analyzeByScore.StandardMasteryReportbyClass"/>
  <testcase name="TCED14319" time="9.298" classname="com.analyzeByScore.StandardMasteryReportbyClass"/>
  <testcase name="TCED14323" time="21.911" classname="com.analyzeByScore.StandardMasteryReportbyClass"/>
  <testcase name="TCED14324" time="9.282" classname="com.analyzeByScore.StandardMasteryReportbyClass"/>
</testsuite> <!-- com.analyzeByScore.StandardMasteryReportbyClass -->
