<?xml version="1.0" encoding="UTF-8"?>
<!-- Generated by org.testng.reporters.JUnitReportReporter -->
<testsuite skipped="0" hostname="Manoj-D" name="com.curriculum.Analyze_curriculam" tests="18" failures="0" timestamp="17 Oct 2018 06:46:37 GMT" time="130.138" errors="0">
  <testcase name="TCED29701" time="25.310" classname="com.curriculum.Analyze_curriculam"/>
  <testcase name="TCED29702" time="6.095" classname="com.curriculum.Analyze_curriculam"/>
  <testcase name="TCED29703" time="0.685" classname="com.curriculum.Analyze_curriculam"/>
  <testcase name="TCED29704" time="4.229" classname="com.curriculum.Analyze_curriculam"/>
  <testcase name="TCED29705" time="0.117" classname="com.curriculum.Analyze_curriculam"/>
  <testcase name="TCED29706" time="2.380" classname="com.curriculum.Analyze_curriculam"/>
  <testcase name="TCED29707" time="0.127" classname="com.curriculum.Analyze_curriculam"/>
  <testcase name="TCED29708" time="11.277" classname="com.curriculum.Analyze_curriculam"/>
  <testcase name="TCED29709" time="11.303" classname="com.curriculum.Analyze_curriculam"/>
  <testcase name="TCED29710" time="4.554" classname="com.curriculum.Analyze_curriculam"/>
  <testcase name="TCED29711" time="9.026" classname="com.curriculum.Analyze_curriculam"/>
  <testcase name="TCED29712" time="11.147" classname="com.curriculum.Analyze_curriculam"/>
  <testcase name="TCED29713" time="11.298" classname="com.curriculum.Analyze_curriculam"/>
  <testcase name="TCED29714" time="1.241" classname="com.curriculum.Analyze_curriculam"/>
  <testcase name="TCED29715" time="0.203" classname="com.curriculum.Analyze_curriculam"/>
  <testcase name="TCED29716" time="6.496" classname="com.curriculum.Analyze_curriculam"/>
  <testcase name="TCED29717" time="23.434" classname="com.curriculum.Analyze_curriculam"/>
  <testcase name="TCED29718" time="1.216" classname="com.curriculum.Analyze_curriculam"/>
</testsuite> <!-- com.curriculum.Analyze_curriculam -->
