<?xml version="1.0" encoding="UTF-8"?>
<!-- Generated by org.testng.reporters.JUnitReportReporter -->
<testsuite skipped="0" hostname="Manoj-D" name="com.localassessment.Question_Bank_Apply_Standards" tests="8" failures="0" timestamp="12 Oct 2018 12:31:43 GMT" time="61.104" errors="0">
  <testcase name="TCED16201" time="6.608" classname="com.localassessment.Question_Bank_Apply_Standards"/>
  <testcase name="TCED16202" time="6.782" classname="com.localassessment.Question_Bank_Apply_Standards"/>
  <testcase name="TCED16203" time="0.653" classname="com.localassessment.Question_Bank_Apply_Standards"/>
  <testcase name="TCED16204" time="2.468" classname="com.localassessment.Question_Bank_Apply_Standards"/>
  <testcase name="TCED16205" time="8.442" classname="com.localassessment.Question_Bank_Apply_Standards"/>
  <testcase name="TCED16206" time="10.064" classname="com.localassessment.Question_Bank_Apply_Standards"/>
  <testcase name="TCED16207" time="15.158" classname="com.localassessment.Question_Bank_Apply_Standards"/>
  <testcase name="TCED16208" time="10.929" classname="com.localassessment.Question_Bank_Apply_Standards"/>
</testsuite> <!-- com.localassessment.Question_Bank_Apply_Standards -->
