<?xml version="1.0" encoding="UTF-8"?>
<!-- Generated by org.testng.reporters.JUnitReportReporter -->
<testsuite skipped="0" hostname="Vofox-Sebastian" name="com.analyzeByQuestion.AnalyzeByQuestionAutomation" tests="1" failures="0" timestamp="12 Jul 2018 06:13:56 GMT" time="34.361" errors="0">
  <testcase name="TCED14126" time="34.361" classname="com.analyzeByQuestion.AnalyzeByQuestionAutomation"/>
</testsuite> <!-- com.analyzeByQuestion.AnalyzeByQuestionAutomation -->
