<?xml version="1.0" encoding="UTF-8"?>
<!-- Generated by org.testng.reporters.JUnitReportReporter -->
<testsuite skipped="0" hostname="Vofox-Sebastian" name="com.MTSS.MeetingHistoryReport" tests="7" failures="0" timestamp="13 Aug 2018 08:15:54 GMT" time="92.009" errors="0">
  <testcase name="TCED22506" time="17.946" classname="com.MTSS.MeetingHistoryReport"/>
  <testcase name="TCED22507" time="9.355" classname="com.MTSS.MeetingHistoryReport"/>
  <testcase name="TCED22512" time="17.537" classname="com.MTSS.MeetingHistoryReport"/>
  <testcase name="TCED22513" time="9.331" classname="com.MTSS.MeetingHistoryReport"/>
  <testcase name="TCED22515" time="19.154" classname="com.MTSS.MeetingHistoryReport"/>
  <testcase name="TCED22516" time="9.345" classname="com.MTSS.MeetingHistoryReport"/>
  <testcase name="TCED22517" time="9.341" classname="com.MTSS.MeetingHistoryReport"/>
</testsuite> <!-- com.MTSS.MeetingHistoryReport -->
