<?xml version="1.0" encoding="UTF-8"?>
<!-- Generated by org.testng.reporters.JUnitReportReporter -->
<testsuite skipped="0" hostname="Manoj-D" name="com.MTSS.MeetingHistoryReport" tests="7" failures="0" timestamp="13 Aug 2018 08:52:31 GMT" time="88.623" errors="0">
  <testcase name="TCED22506" time="17.146" classname="com.MTSS.MeetingHistoryReport"/>
  <testcase name="TCED22507" time="9.298" classname="com.MTSS.MeetingHistoryReport"/>
  <testcase name="TCED22512" time="16.897" classname="com.MTSS.MeetingHistoryReport"/>
  <testcase name="TCED22513" time="9.280" classname="com.MTSS.MeetingHistoryReport"/>
  <testcase name="TCED22515" time="17.404" classname="com.MTSS.MeetingHistoryReport"/>
  <testcase name="TCED22516" time="9.301" classname="com.MTSS.MeetingHistoryReport"/>
  <testcase name="TCED22517" time="9.297" classname="com.MTSS.MeetingHistoryReport"/>
</testsuite> <!-- com.MTSS.MeetingHistoryReport -->
