<?xml version="1.0" encoding="UTF-8"?>
<!-- Generated by org.testng.reporters.JUnitReportReporter -->
<testsuite skipped="0" hostname="Manoj-D" name="com.curriculum.Batch_Print" tests="5" failures="0" timestamp="15 Oct 2018 09:41:14 GMT" time="37.481" errors="0">
  <testcase name="TCED28101" time="7.737" classname="com.curriculum.Batch_Print"/>
  <testcase name="TCED28102" time="1.036" classname="com.curriculum.Batch_Print"/>
  <testcase name="TCED28103" time="4.893" classname="com.curriculum.Batch_Print"/>
  <testcase name="TCED28104" time="23.425" classname="com.curriculum.Batch_Print"/>
  <testcase name="TCED28105" time="0.390" classname="com.curriculum.Batch_Print"/>
</testsuite> <!-- com.curriculum.Batch_Print -->
