<?xml version="1.0" encoding="UTF-8"?>
<!-- Generated by org.testng.reporters.JUnitReportReporter -->
<testsuite skipped="0" hostname="Manoj-D" name="com.Home.Assessments" tests="16" failures="0" timestamp="31 Oct 2018 04:54:13 GMT" time="86.987" errors="0">
  <testcase name="TCED34201" time="14.451" classname="com.Home.Assessments"/>
  <testcase name="TCED34202" time="0.370" classname="com.Home.Assessments"/>
  <testcase name="TCED34203" time="1.230" classname="com.Home.Assessments"/>
  <testcase name="TCED34204" time="0.248" classname="com.Home.Assessments"/>
  <testcase name="TCED34205" time="11.281" classname="com.Home.Assessments"/>
  <testcase name="TCED34206" time="5.621" classname="com.Home.Assessments"/>
  <testcase name="TCED34207" time="0.299" classname="com.Home.Assessments"/>
  <testcase name="TCED34208" time="2.604" classname="com.Home.Assessments"/>
  <testcase name="TCED34209" time="11.284" classname="com.Home.Assessments"/>
  <testcase name="TCED34210" time="4.803" classname="com.Home.Assessments"/>
  <testcase name="TCED34211" time="1.163" classname="com.Home.Assessments"/>
  <testcase name="TCED34212" time="5.677" classname="com.Home.Assessments"/>
  <testcase name="TCED34213" time="11.274" classname="com.Home.Assessments"/>
  <testcase name="TCED34214" time="4.830" classname="com.Home.Assessments"/>
  <testcase name="TCED34215" time="0.216" classname="com.Home.Assessments"/>
  <testcase name="TCED34216" time="11.636" classname="com.Home.Assessments"/>
</testsuite> <!-- com.Home.Assessments -->
