<?xml version="1.0" encoding="UTF-8"?>
<!-- Generated by org.testng.reporters.JUnitReportReporter -->
<testsuite skipped="0" hostname="Vofox-Sebastian" name="com.manageAssessment.SharingOptions" tests="2" failures="0" timestamp="01 Aug 2018 08:54:25 GMT" time="22.968" errors="0">
  <testcase name="TCED10004" time="16.168" classname="com.manageAssessment.SharingOptions"/>
  <testcase name="TCED10006" time="6.800" classname="com.manageAssessment.SharingOptions"/>
</testsuite> <!-- com.manageAssessment.SharingOptions -->
