<?xml version="1.0" encoding="UTF-8"?>
<!-- Generated by org.testng.reporters.JUnitReportReporter -->
<testsuite skipped="0" hostname="Manoj-D" name="com.questionBank.SearchQuestion" tests="6" failures="0" timestamp="06 Aug 2018 05:17:19 GMT" time="36.525" errors="0">
  <testcase name="TCED16117" time="12.880" classname="com.questionBank.SearchQuestion"/>
  <testcase name="TCED16118" time="16.267" classname="com.questionBank.SearchQuestion"/>
  <testcase name="TCED16119" time="0.358" classname="com.questionBank.SearchQuestion"/>
  <testcase name="TCED16120" time="2.334" classname="com.questionBank.SearchQuestion"/>
  <testcase name="TCED16121" time="2.345" classname="com.questionBank.SearchQuestion"/>
  <testcase name="TCED16122" time="2.341" classname="com.questionBank.SearchQuestion"/>
</testsuite> <!-- com.questionBank.SearchQuestion -->
