<?xml version="1.0" encoding="UTF-8"?>
<!-- Generated by org.testng.reporters.JUnitReportReporter -->
<testsuite skipped="0" hostname="Vofox-Sebastian" name="com.analyzeByScore.AnalyzeByStandard" tests="4" failures="0" timestamp="16 Jul 2018 12:42:14 GMT" time="104.942" errors="0">
  <testcase name="TCED14124" time="22.702" classname="com.analyzeByScore.AnalyzeByStandard"/>
  <testcase name="TCED14125" time="8.311" classname="com.analyzeByScore.AnalyzeByStandard"/>
  <testcase name="TCED14126" time="17.873" classname="com.analyzeByScore.AnalyzeByStandard"/>
  <testcase name="TCED14127" time="56.056" classname="com.analyzeByScore.AnalyzeByStandard"/>
</testsuite> <!-- com.analyzeByScore.AnalyzeByStandard -->
