<?xml version="1.0" encoding="UTF-8"?>
<!-- Generated by org.testng.reporters.JUnitReportReporter -->
<testsuite skipped="0" hostname="Manoj-D" name="com.curriculum.Standards_Coverage_Report" tests="8" failures="0" timestamp="03 Oct 2018 11:23:22 GMT" time="43.802" errors="0">
  <testcase name="TCED30201" time="15.013" classname="com.curriculum.Standards_Coverage_Report"/>
  <testcase name="TCED30202" time="0.910" classname="com.curriculum.Standards_Coverage_Report"/>
  <testcase name="TCED30203" time="2.966" classname="com.curriculum.Standards_Coverage_Report"/>
  <testcase name="TCED30204" time="0.102" classname="com.curriculum.Standards_Coverage_Report"/>
  <testcase name="TCED30205" time="2.090" classname="com.curriculum.Standards_Coverage_Report"/>
  <testcase name="TCED30206" time="0.106" classname="com.curriculum.Standards_Coverage_Report"/>
  <testcase name="TCED30207" time="11.299" classname="com.curriculum.Standards_Coverage_Report"/>
  <testcase name="TCED30208" time="11.316" classname="com.curriculum.Standards_Coverage_Report"/>
</testsuite> <!-- com.curriculum.Standards_Coverage_Report -->
