<?xml version="1.0" encoding="UTF-8"?>
<!-- Generated by org.testng.reporters.JUnitReportReporter -->
<testsuite skipped="0" hostname="Vofox-Sebastian" name="com.MTSS.InterventionEffectivenessBySkill" tests="3" failures="0" timestamp="04 Sep 2018 14:57:00 GMT" time="41.006" errors="0">
  <testcase name="TCED22807" time="22.414" classname="com.MTSS.InterventionEffectivenessBySkill"/>
  <testcase name="TCED22808" time="9.303" classname="com.MTSS.InterventionEffectivenessBySkill"/>
  <testcase name="TCED22811" time="9.289" classname="com.MTSS.InterventionEffectivenessBySkill"/>
</testsuite> <!-- com.MTSS.InterventionEffectivenessBySkill -->
