<?xml version="1.0" encoding="UTF-8"?>
<!-- Generated by org.testng.reporters.JUnitReportReporter -->
<testsuite skipped="0" hostname="Manoj-D" name="com.curriculum.Enter_weeks_minutes" tests="4" failures="0" timestamp="26 Sep 2018 05:10:34 GMT" time="28.700" errors="0">
  <testcase name="TCED29401" time="15.546" classname="com.curriculum.Enter_weeks_minutes"/>
  <testcase name="TCED29402" time="0.793" classname="com.curriculum.Enter_weeks_minutes"/>
  <testcase name="TCED29403" time="6.519" classname="com.curriculum.Enter_weeks_minutes"/>
  <testcase name="TCED29404" time="5.842" classname="com.curriculum.Enter_weeks_minutes"/>
</testsuite> <!-- com.curriculum.Enter_weeks_minutes -->
