<?xml version="1.0" encoding="UTF-8"?>
<!-- Generated by org.testng.reporters.JUnitReportReporter -->
<testsuite skipped="0" hostname="Manoj-D" name="com.curriculum.View_Print" tests="5" failures="0" timestamp="24 Sep 2018 12:35:35 GMT" time="83.809" errors="0">
  <testcase name="TCED29601" time="15.998" classname="com.curriculum.View_Print"/>
  <testcase name="TCED29602" time="13.650" classname="com.curriculum.View_Print"/>
  <testcase name="TCED29603" time="15.125" classname="com.curriculum.View_Print"/>
  <testcase name="TCED29604" time="14.917" classname="com.curriculum.View_Print"/>
  <testcase name="TCED29605" time="24.119" classname="com.curriculum.View_Print"/>
</testsuite> <!-- com.curriculum.View_Print -->
