<?xml version="1.0" encoding="UTF-8"?>
<!-- Generated by org.testng.reporters.JUnitReportReporter -->
<testsuite skipped="0" hostname="Manoj-D" name="com.MTSS.Unsubmitted_Intervention_Plans" tests="10" failures="0" timestamp="18 Oct 2018 05:12:48 GMT" time="51.908" errors="0">
  <testcase name="TCED221001" time="8.579" classname="com.MTSS.Unsubmitted_Intervention_Plans"/>
  <testcase name="TCED221002" time="0.032" classname="com.MTSS.Unsubmitted_Intervention_Plans"/>
  <testcase name="TCED221003" time="1.551" classname="com.MTSS.Unsubmitted_Intervention_Plans"/>
  <testcase name="TCED221004" time="0.426" classname="com.MTSS.Unsubmitted_Intervention_Plans"/>
  <testcase name="TCED221005" time="13.363" classname="com.MTSS.Unsubmitted_Intervention_Plans"/>
  <testcase name="TCED221006" time="11.296" classname="com.MTSS.Unsubmitted_Intervention_Plans"/>
  <testcase name="TCED221007" time="2.127" classname="com.MTSS.Unsubmitted_Intervention_Plans"/>
  <testcase name="TCED221008" time="1.843" classname="com.MTSS.Unsubmitted_Intervention_Plans"/>
  <testcase name="TCED221009" time="1.007" classname="com.MTSS.Unsubmitted_Intervention_Plans"/>
  <testcase name="TCED221010" time="11.684" classname="com.MTSS.Unsubmitted_Intervention_Plans"/>
</testsuite> <!-- com.MTSS.Unsubmitted_Intervention_Plans -->
