<?xml version="1.0" encoding="UTF-8"?>
<!-- Generated by org.testng.reporters.JUnitReportReporter -->
<testsuite skipped="0" hostname="Manoj-D" name="com.Home.Attendance" tests="8" failures="0" timestamp="11 Oct 2018 13:36:17 GMT" time="42.525" errors="0">
  <testcase name="TCED34301" time="14.491" classname="com.Home.Attendance"/>
  <testcase name="TCED34302" time="0.365" classname="com.Home.Attendance"/>
  <testcase name="TCED34303" time="2.395" classname="com.Home.Attendance"/>
  <testcase name="TCED34304" time="1.415" classname="com.Home.Attendance"/>
  <testcase name="TCED34305" time="4.398" classname="com.Home.Attendance"/>
  <testcase name="TCED34306" time="4.277" classname="com.Home.Attendance"/>
  <testcase name="TCED34307" time="1.805" classname="com.Home.Attendance"/>
  <testcase name="TCED34308" time="13.379" classname="com.Home.Attendance"/>
</testsuite> <!-- com.Home.Attendance -->
