<?xml version="1.0" encoding="UTF-8"?>
<!-- Generated by org.testng.reporters.JUnitReportReporter -->
<testsuite skipped="0" hostname="Manoj-D" name="com.questionBank.Local_Assessment_Question_Bank_Add_Edit_or_View_Exhibits" tests="7" failures="0" timestamp="23 Oct 2018 05:22:24 GMT" time="18.794" errors="0">
  <testcase name="TCED16501" time="7.660" classname="com.questionBank.Local_Assessment_Question_Bank_Add_Edit_or_View_Exhibits"/>
  <testcase name="TCED16502" time="3.624" classname="com.questionBank.Local_Assessment_Question_Bank_Add_Edit_or_View_Exhibits"/>
  <testcase name="TCED16503" time="0.164" classname="com.questionBank.Local_Assessment_Question_Bank_Add_Edit_or_View_Exhibits"/>
  <testcase name="TCED16504" time="0.178" classname="com.questionBank.Local_Assessment_Question_Bank_Add_Edit_or_View_Exhibits"/>
  <testcase name="TCED16505" time="4.009" classname="com.questionBank.Local_Assessment_Question_Bank_Add_Edit_or_View_Exhibits"/>
  <testcase name="TCED16506" time="1.335" classname="com.questionBank.Local_Assessment_Question_Bank_Add_Edit_or_View_Exhibits"/>
  <testcase name="TCED16507" time="1.824" classname="com.questionBank.Local_Assessment_Question_Bank_Add_Edit_or_View_Exhibits"/>
</testsuite> <!-- com.questionBank.Local_Assessment_Question_Bank_Add_Edit_or_View_Exhibits -->
