<?xml version="1.0" encoding="UTF-8"?>
<!-- Generated by org.testng.reporters.JUnitReportReporter -->
<testsuite skipped="0" hostname="Vofox-Sebastian" name="com.analyzeByScore.AnalyzeByTag" tests="4" failures="0" timestamp="16 Jul 2018 12:42:14 GMT" time="103.975" errors="0">
  <testcase name="TCED14324" time="22.142" classname="com.analyzeByScore.AnalyzeByTag"/>
  <testcase name="TCED14325" time="8.334" classname="com.analyzeByScore.AnalyzeByTag"/>
  <testcase name="TCED14326" time="17.855" classname="com.analyzeByScore.AnalyzeByTag"/>
  <testcase name="TCED14327" time="55.644" classname="com.analyzeByScore.AnalyzeByTag"/>
</testsuite> <!-- com.analyzeByScore.AnalyzeByTag -->
