<?xml version="1.0" encoding="UTF-8"?>
<!-- Generated by org.testng.reporters.JUnitReportReporter -->
<testsuite skipped="0" hostname="Manoj-D" name="com.Home.Notes_Tracking_Summary" tests="6" failures="0" timestamp="13 Nov 2018 09:57:39 GMT" time="21.783" errors="0">
  <testcase name="TCED33601" time="8.151" classname="com.Home.Notes_Tracking_Summary"/>
  <testcase name="TCED33602" time="0.074" classname="com.Home.Notes_Tracking_Summary"/>
  <testcase name="TCED33603" time="1.851" classname="com.Home.Notes_Tracking_Summary"/>
  <testcase name="TCED33604" time="11.250" classname="com.Home.Notes_Tracking_Summary"/>
  <testcase name="TCED33605" time="0.114" classname="com.Home.Notes_Tracking_Summary"/>
  <testcase name="TCED33606" time="0.343" classname="com.Home.Notes_Tracking_Summary"/>
</testsuite> <!-- com.Home.Notes_Tracking_Summary -->
