<?xml version="1.0" encoding="UTF-8"?>
<!-- Generated by org.testng.reporters.JUnitReportReporter -->
<testsuite skipped="0" hostname="Manoj-D" name="com.curriculum.CompletionStatusReport" tests="2" failures="0" timestamp="05 Oct 2018 04:44:17 GMT" time="28.860" errors="0">
  <testcase name="TCED30404" time="19.160" classname="com.curriculum.CompletionStatusReport"/>
  <testcase name="TCED30405" time="9.700" classname="com.curriculum.CompletionStatusReport"/>
</testsuite> <!-- com.curriculum.CompletionStatusReport -->
