<?xml version="1.0" encoding="UTF-8"?>
<!-- Generated by org.testng.reporters.JUnitReportReporter -->
<testsuite skipped="0" hostname="Vofox-Sebastian" name="com.analyzeByScore.AdministrationComparisonbyStudent" tests="2" failures="0" timestamp="07 Aug 2018 08:56:35 GMT" time="51.293" errors="0">
  <testcase name="TCED14296" time="30.044" classname="com.analyzeByScore.AdministrationComparisonbyStudent"/>
  <testcase name="TCED14298" time="21.249" classname="com.analyzeByScore.AdministrationComparisonbyStudent"/>
</testsuite> <!-- com.analyzeByScore.AdministrationComparisonbyStudent -->
