<?xml version="1.0" encoding="UTF-8"?>
<!-- Generated by org.testng.reporters.JUnitReportReporter -->
<testsuite skipped="0" hostname="Vofox-Sebastian" name="com.analyzeByScore.StudentAssessmentAdministrationResultsbyTeacher" tests="7" failures="0" timestamp="18 Jul 2018 10:05:44 GMT" time="140.868" errors="0">
  <testcase name="TCED14124" time="21.396" classname="com.analyzeByScore.StudentAssessmentAdministrationResultsbyTeacher"/>
  <testcase name="TCED14157" time="9.343" classname="com.analyzeByScore.StudentAssessmentAdministrationResultsbyTeacher"/>
  <testcase name="TCED14159" time="11.229" classname="com.analyzeByScore.StudentAssessmentAdministrationResultsbyTeacher"/>
  <testcase name="TCED14160" time="9.291" classname="com.analyzeByScore.StudentAssessmentAdministrationResultsbyTeacher"/>
  <testcase name="TCED14164" time="10.353" classname="com.analyzeByScore.StudentAssessmentAdministrationResultsbyTeacher"/>
  <testcase name="TCED14165" time="58.977" classname="com.analyzeByScore.StudentAssessmentAdministrationResultsbyTeacher"/>
  <testcase name="TCED14166" time="20.279" classname="com.analyzeByScore.StudentAssessmentAdministrationResultsbyTeacher"/>
</testsuite> <!-- com.analyzeByScore.StudentAssessmentAdministrationResultsbyTeacher -->
