<?xml version="1.0" encoding="UTF-8"?>
<!-- Generated by org.testng.reporters.JUnitReportReporter -->
<testsuite skipped="0" hostname="Manoj-D" name="com.manageAssessment.SharingOptions" tests="2" failures="0" timestamp="01 Aug 2018 09:47:12 GMT" time="21.678" errors="0">
  <testcase name="TCED10004" time="15.197" classname="com.manageAssessment.SharingOptions"/>
  <testcase name="TCED10006" time="6.481" classname="com.manageAssessment.SharingOptions"/>
</testsuite> <!-- com.manageAssessment.SharingOptions -->
