<?xml version="1.0" encoding="UTF-8"?>
<!-- Generated by org.testng.reporters.JUnitReportReporter -->
<testsuite skipped="0" hostname="Manoj-D" name="com.curriculum.View_Print" tests="5" failures="0" timestamp="26 Sep 2018 05:08:43 GMT" time="84.392" errors="0">
  <testcase name="TCED29601" time="15.961" classname="com.curriculum.View_Print"/>
  <testcase name="TCED29602" time="13.485" classname="com.curriculum.View_Print"/>
  <testcase name="TCED29603" time="15.789" classname="com.curriculum.View_Print"/>
  <testcase name="TCED29604" time="14.874" classname="com.curriculum.View_Print"/>
  <testcase name="TCED29605" time="24.283" classname="com.curriculum.View_Print"/>
</testsuite> <!-- com.curriculum.View_Print -->
