<?xml version="1.0" encoding="UTF-8"?>
<!-- Generated by org.testng.reporters.JUnitReportReporter -->
<testsuite skipped="0" hostname="Manoj-D" name="com.analyzeByScore.StandardMasteryReportbyClass" tests="4" failures="0" timestamp="31 Jul 2018 05:45:27 GMT" time="71.195" errors="0">
  <testcase name="TCED14318" time="31.689" classname="com.analyzeByScore.StandardMasteryReportbyClass"/>
  <testcase name="TCED14323" time="20.916" classname="com.analyzeByScore.StandardMasteryReportbyClass"/>
  <testcase name="TCED14319" time="9.301" classname="com.analyzeByScore.StandardMasteryReportbyClass"/>
  <testcase name="TCED14324" time="9.289" classname="com.analyzeByScore.StandardMasteryReportbyClass"/>
</testsuite> <!-- com.analyzeByScore.StandardMasteryReportbyClass -->
