<?xml version="1.0" encoding="UTF-8"?>
<!-- Generated by org.testng.reporters.JUnitReportReporter -->
<testsuite skipped="0" hostname="Vofox-Sebastian" name="com.analyzeByScore.BuildingComparisonReportbyAdministration" tests="8" failures="0" timestamp="18 Jul 2018 11:51:51 GMT" time="144.201" errors="0">
  <testcase name="TCED14248" time="22.802" classname="com.analyzeByScore.BuildingComparisonReportbyAdministration"/>
  <testcase name="TCED14249" time="8.281" classname="com.analyzeByScore.BuildingComparisonReportbyAdministration"/>
  <testcase name="TCED14251" time="9.272" classname="com.analyzeByScore.BuildingComparisonReportbyAdministration"/>
  <testcase name="TCED14252" time="11.280" classname="com.analyzeByScore.BuildingComparisonReportbyAdministration"/>
  <testcase name="TCED14258" time="10.802" classname="com.analyzeByScore.BuildingComparisonReportbyAdministration"/>
  <testcase name="TCED14260" time="9.090" classname="com.analyzeByScore.BuildingComparisonReportbyAdministration"/>
  <testcase name="TCED14262" time="18.809" classname="com.analyzeByScore.BuildingComparisonReportbyAdministration"/>
  <testcase name="TCED14261" time="53.865" classname="com.analyzeByScore.BuildingComparisonReportbyAdministration"/>
</testsuite> <!-- com.analyzeByScore.BuildingComparisonReportbyAdministration -->
