<?xml version="1.0" encoding="UTF-8"?>
<!-- Generated by org.testng.reporters.JUnitReportReporter -->
<testsuite skipped="0" hostname="Manoj-D" name="com.MTSS.Track_Student_Interventions" tests="4" failures="0" timestamp="22 Oct 2018 05:03:09 GMT" time="14.264" errors="0">
  <testcase name="TCED19601" time="9.286" classname="com.MTSS.Track_Student_Interventions"/>
  <testcase name="TCED19602" time="0.198" classname="com.MTSS.Track_Student_Interventions"/>
  <testcase name="TCED19603" time="2.466" classname="com.MTSS.Track_Student_Interventions"/>
  <testcase name="TCED19604" time="2.314" classname="com.MTSS.Track_Student_Interventions"/>
</testsuite> <!-- com.MTSS.Track_Student_Interventions -->
