<?xml version="1.0" encoding="UTF-8"?>
<!-- Generated by org.testng.reporters.JUnitReportReporter -->
<testsuite skipped="0" hostname="Manoj-D" name="com.manageAssessment.EditAssessment" tests="1" failures="0" timestamp="07 Aug 2018 04:55:20 GMT" time="19.574" errors="0">
  <testcase name="TCAA02003" time="19.574" classname="com.manageAssessment.EditAssessment"/>
</testsuite> <!-- com.manageAssessment.EditAssessment -->
