<?xml version="1.0" encoding="UTF-8"?>
<!-- Generated by org.testng.reporters.JUnitReportReporter -->
<testsuite skipped="0" hostname="Manoj-D" name="com.curriculum.Print_View_Multiple_Maps" tests="2" failures="0" timestamp="05 Oct 2018 04:42:54 GMT" time="29.565" errors="0">
  <testcase name="TCED30404" time="19.558" classname="com.curriculum.Print_View_Multiple_Maps"/>
  <testcase name="TCED30405" time="10.007" classname="com.curriculum.Print_View_Multiple_Maps"/>
</testsuite> <!-- com.curriculum.Print_View_Multiple_Maps -->
