<?xml version="1.0" encoding="UTF-8"?>
<!-- Generated by org.testng.reporters.JUnitReportReporter -->
<testsuite skipped="0" hostname="Manoj-D" name="com.MTSS.Fix_and_Delete_intervention_plan" tests="4" failures="0" timestamp="10 Aug 2018 09:27:01 GMT" time="46.052" errors="0">
  <testcase name="TCED19807" time="18.738" classname="com.MTSS.Fix_and_Delete_intervention_plan"/>
  <testcase name="TCED19808" time="20.058" classname="com.MTSS.Fix_and_Delete_intervention_plan"/>
  <testcase name="TCED19809" time="5.111" classname="com.MTSS.Fix_and_Delete_intervention_plan"/>
  <testcase name="TCED19812" time="2.145" classname="com.MTSS.Fix_and_Delete_intervention_plan"/>
</testsuite> <!-- com.MTSS.Fix_and_Delete_intervention_plan -->
