<?xml version="1.0" encoding="UTF-8"?>
<!-- Generated by org.testng.reporters.JUnitReportReporter -->
<testsuite skipped="0" hostname="Manoj-D" name="com.Home.Grades" tests="1" failures="0" timestamp="11 Oct 2018 13:37:54 GMT" time="20.644" errors="0">
  <testcase name="TCED34508" time="20.644" classname="com.Home.Grades"/>
</testsuite> <!-- com.Home.Grades -->
