<?xml version="1.0" encoding="UTF-8"?>
<!-- Generated by org.testng.reporters.JUnitReportReporter -->
<testsuite skipped="0" hostname="Vofox-Sebastian" name="com.MTSS.TeamDecisionReport" tests="9" failures="0" timestamp="13 Aug 2018 11:53:02 GMT" time="132.486" errors="0">
  <testcase name="TCED22606" time="18.546" classname="com.MTSS.TeamDecisionReport"/>
  <testcase name="TCED22607" time="9.300" classname="com.MTSS.TeamDecisionReport"/>
  <testcase name="TCED22612" time="18.762" classname="com.MTSS.TeamDecisionReport"/>
  <testcase name="TCED22613" time="9.285" classname="com.MTSS.TeamDecisionReport"/>
  <testcase name="TCED22615" time="18.960" classname="com.MTSS.TeamDecisionReport"/>
  <testcase name="TCED22616" time="9.344" classname="com.MTSS.TeamDecisionReport"/>
  <testcase name="TCED22617" time="9.357" classname="com.MTSS.TeamDecisionReport"/>
  <testcase name="TCED22608" time="19.550" classname="com.MTSS.TeamDecisionReport"/>
  <testcase name="TCED22609" time="19.382" classname="com.MTSS.TeamDecisionReport"/>
</testsuite> <!-- com.MTSS.TeamDecisionReport -->
