<?xml version="1.0" encoding="UTF-8"?>
<!-- Generated by org.testng.reporters.JUnitReportReporter -->
<testsuite skipped="0" hostname="Manoj-D" name="com.localassessment.Score_Class_Results_Online" tests="10" failures="0" timestamp="18 Oct 2018 05:11:05 GMT" time="28.215" errors="0">
  <testcase name="TCED13021" time="6.628" classname="com.localassessment.Score_Class_Results_Online"/>
  <testcase name="TCED13022" time="6.303" classname="com.localassessment.Score_Class_Results_Online"/>
  <testcase name="TCED13023" time="0.191" classname="com.localassessment.Score_Class_Results_Online"/>
  <testcase name="TCED13024" time="0.811" classname="com.localassessment.Score_Class_Results_Online"/>
  <testcase name="TCED13025" time="1.040" classname="com.localassessment.Score_Class_Results_Online"/>
  <testcase name="TCED13026" time="2.598" classname="com.localassessment.Score_Class_Results_Online"/>
  <testcase name="TCED13027" time="3.411" classname="com.localassessment.Score_Class_Results_Online"/>
  <testcase name="TCED13028" time="2.693" classname="com.localassessment.Score_Class_Results_Online"/>
  <testcase name="TCED13029" time="0.858" classname="com.localassessment.Score_Class_Results_Online"/>
  <testcase name="TCED13030" time="3.682" classname="com.localassessment.Score_Class_Results_Online"/>
</testsuite> <!-- com.localassessment.Score_Class_Results_Online -->
