<?xml version="1.0" encoding="UTF-8"?>
<!-- Generated by org.testng.reporters.JUnitReportReporter -->
<testsuite skipped="0" hostname="Manoj-D" name="com.analyzeByScore.AdministrationComparisonbyStudent" tests="2" failures="0" timestamp="07 Aug 2018 09:44:31 GMT" time="51.130" errors="0">
  <testcase name="TCED14296" time="29.890" classname="com.analyzeByScore.AdministrationComparisonbyStudent"/>
  <testcase name="TCED14298" time="21.240" classname="com.analyzeByScore.AdministrationComparisonbyStudent"/>
</testsuite> <!-- com.analyzeByScore.AdministrationComparisonbyStudent -->
