<?xml version="1.0" encoding="UTF-8"?>
<!-- Generated by org.testng.reporters.JUnitReportReporter -->
<testsuite skipped="0" hostname="Vofox-Sebastian" name="com.MTSS.TierHistoryReport" tests="3" failures="0" timestamp="03 Sep 2018 13:17:43 GMT" time="39.166" errors="0">
  <testcase name="TCED22706" time="20.482" classname="com.MTSS.TierHistoryReport"/>
  <testcase name="TCED22707" time="9.381" classname="com.MTSS.TierHistoryReport"/>
  <testcase name="TCED22711" time="9.303" classname="com.MTSS.TierHistoryReport"/>
</testsuite> <!-- com.MTSS.TierHistoryReport -->
