<?xml version="1.0" encoding="UTF-8"?>
<!-- Generated by org.testng.reporters.JUnitReportReporter -->
<testsuite skipped="0" hostname="Manoj-D" name="com.localassessment.Test_Suite_Print_Login_Codes" tests="10" failures="0" timestamp="12 Oct 2018 11:16:25 GMT" time="101.129" errors="0">
  <testcase name="TCED13301" time="8.022" classname="com.localassessment.Test_Suite_Print_Login_Codes"/>
  <testcase name="TCED13302" time="4.704" classname="com.localassessment.Test_Suite_Print_Login_Codes"/>
  <testcase name="TCED13303" time="0.418" classname="com.localassessment.Test_Suite_Print_Login_Codes"/>
  <testcase name="TCED13304" time="1.973" classname="com.localassessment.Test_Suite_Print_Login_Codes"/>
  <testcase name="TCED13305" time="4.091" classname="com.localassessment.Test_Suite_Print_Login_Codes"/>
  <testcase name="TCED13306" time="22.942" classname="com.localassessment.Test_Suite_Print_Login_Codes"/>
  <testcase name="TCED13307" time="22.938" classname="com.localassessment.Test_Suite_Print_Login_Codes"/>
  <testcase name="TCED13308" time="23.271" classname="com.localassessment.Test_Suite_Print_Login_Codes"/>
  <testcase name="TCED13309" time="12.084" classname="com.localassessment.Test_Suite_Print_Login_Codes"/>
  <testcase name="TCED13310" time="0.686" classname="com.localassessment.Test_Suite_Print_Login_Codes"/>
</testsuite> <!-- com.localassessment.Test_Suite_Print_Login_Codes -->
