<?xml version="1.0" encoding="UTF-8"?>
<!-- Generated by org.testng.reporters.JUnitReportReporter -->
<testsuite skipped="0" hostname="Vofox-Sebastian" name="com.analyzeByScore.AnalyzeByQuestion" tests="4" failures="0" timestamp="02 Aug 2018 14:19:47 GMT" time="106.739" errors="0">
  <testcase name="TCED14124" time="25.070" classname="com.analyzeByScore.AnalyzeByQuestion"/>
  <testcase name="TCED14125" time="8.309" classname="com.analyzeByScore.AnalyzeByQuestion"/>
  <testcase name="TCED14126" time="18.135" classname="com.analyzeByScore.AnalyzeByQuestion"/>
  <testcase name="TCED14127" time="55.225" classname="com.analyzeByScore.AnalyzeByQuestion"/>
</testsuite> <!-- com.analyzeByScore.AnalyzeByQuestion -->
