<?xml version="1.0" encoding="UTF-8"?>
<!-- Generated by org.testng.reporters.JUnitReportReporter -->
<testsuite skipped="0" hostname="Manoj-D" name="com.Local_Assessment_Score_Results.Test_Suite_Print_Login_Codes" tests="10" failures="0" timestamp="30 Oct 2018 06:38:36 GMT" time="99.979" errors="0">
  <testcase name="TCED13301" time="6.922" classname="com.Local_Assessment_Score_Results.Test_Suite_Print_Login_Codes"/>
  <testcase name="TCED13302" time="4.909" classname="com.Local_Assessment_Score_Results.Test_Suite_Print_Login_Codes"/>
  <testcase name="TCED13303" time="0.403" classname="com.Local_Assessment_Score_Results.Test_Suite_Print_Login_Codes"/>
  <testcase name="TCED13304" time="1.834" classname="com.Local_Assessment_Score_Results.Test_Suite_Print_Login_Codes"/>
  <testcase name="TCED13305" time="4.180" classname="com.Local_Assessment_Score_Results.Test_Suite_Print_Login_Codes"/>
  <testcase name="TCED13306" time="22.865" classname="com.Local_Assessment_Score_Results.Test_Suite_Print_Login_Codes"/>
  <testcase name="TCED13307" time="22.871" classname="com.Local_Assessment_Score_Results.Test_Suite_Print_Login_Codes"/>
  <testcase name="TCED13308" time="23.211" classname="com.Local_Assessment_Score_Results.Test_Suite_Print_Login_Codes"/>
  <testcase name="TCED13309" time="12.129" classname="com.Local_Assessment_Score_Results.Test_Suite_Print_Login_Codes"/>
  <testcase name="TCED13310" time="0.655" classname="com.Local_Assessment_Score_Results.Test_Suite_Print_Login_Codes"/>
</testsuite> <!-- com.Local_Assessment_Score_Results.Test_Suite_Print_Login_Codes -->
