<?xml version="1.0" encoding="UTF-8"?>
<!-- Generated by org.testng.reporters.JUnitReportReporter -->
<testsuite skipped="0" hostname="Vofox-Sebastian" name="com.localassessment.Copy_assessment" tests="1" failures="0" timestamp="19 Jul 2018 09:13:28 GMT" time="20.434" errors="0">
  <testcase name="TCED15202" time="20.434" classname="com.localassessment.Copy_assessment"/>
</testsuite> <!-- com.localassessment.Copy_assessment -->
