<?xml version="1.0" encoding="UTF-8"?>
<!-- Generated by org.testng.reporters.JUnitReportReporter -->
<testsuite skipped="0" hostname="Vofox-Sebastian" name="com.MTSS.Meeting_History_Report" tests="17" failures="0" timestamp="31 Oct 2018 14:38:23 GMT" time="121.089" errors="0">
  <testcase name="TCED22501" time="14.841" classname="com.MTSS.Meeting_History_Report"/>
  <testcase name="TCED22502" time="0.190" classname="com.MTSS.Meeting_History_Report"/>
  <testcase name="TCED22503" time="1.294" classname="com.MTSS.Meeting_History_Report"/>
  <testcase name="TCED22504" time="0.070" classname="com.MTSS.Meeting_History_Report"/>
  <testcase name="TCED22505" time="0.361" classname="com.MTSS.Meeting_History_Report"/>
  <testcase name="TCED22506" time="11.286" classname="com.MTSS.Meeting_History_Report"/>
  <testcase name="TCED22507" time="11.318" classname="com.MTSS.Meeting_History_Report"/>
  <testcase name="TCED22508" time="2.190" classname="com.MTSS.Meeting_History_Report"/>
  <testcase name="TCED22509" time="0.986" classname="com.MTSS.Meeting_History_Report"/>
  <testcase name="TCED22510" time="0.285" classname="com.MTSS.Meeting_History_Report"/>
  <testcase name="TCED22511" time="17.935" classname="com.MTSS.Meeting_History_Report"/>
  <testcase name="TCED22512" time="11.300" classname="com.MTSS.Meeting_History_Report"/>
  <testcase name="TCED22513" time="11.344" classname="com.MTSS.Meeting_History_Report"/>
  <testcase name="TCED22514" time="3.339" classname="com.MTSS.Meeting_History_Report"/>
  <testcase name="TCED22515" time="11.283" classname="com.MTSS.Meeting_History_Report"/>
  <testcase name="TCED22516" time="11.340" classname="com.MTSS.Meeting_History_Report"/>
  <testcase name="TCED22517" time="11.727" classname="com.MTSS.Meeting_History_Report"/>
</testsuite> <!-- com.MTSS.Meeting_History_Report -->
