<?xml version="1.0" encoding="UTF-8"?>
<!-- Generated by org.testng.reporters.JUnitReportReporter -->
<testsuite hostname="QA-Scheduler" failures="0" tests="17" name="com.MTSS.Meeting_History_Report" time="104.900" errors="0" timestamp="06 Nov 2019 07:56:24 GMT" skipped="0">
  <testcase classname="com.MTSS.Meeting_History_Report" name="TCED22501" time="5.389"/>
  <testcase classname="com.MTSS.Meeting_History_Report" name="TCED22502" time="0.156"/>
  <testcase classname="com.MTSS.Meeting_History_Report" name="TCED22503" time="1.187"/>
  <testcase classname="com.MTSS.Meeting_History_Report" name="TCED22504" time="0.046"/>
  <testcase classname="com.MTSS.Meeting_History_Report" name="TCED22505" time="0.213"/>
  <testcase classname="com.MTSS.Meeting_History_Report" name="TCED22506" time="14.323"/>
  <testcase classname="com.MTSS.Meeting_History_Report" name="TCED22507" time="9.329"/>
  <testcase classname="com.MTSS.Meeting_History_Report" name="TCED22508" time="5.104"/>
  <testcase classname="com.MTSS.Meeting_History_Report" name="TCED22509" time="3.764"/>
  <testcase classname="com.MTSS.Meeting_History_Report" name="TCED22510" time="0.892"/>
  <testcase classname="com.MTSS.Meeting_History_Report" name="TCED22511" time="14.289"/>
  <testcase classname="com.MTSS.Meeting_History_Report" name="TCED22512" time="9.246"/>
  <testcase classname="com.MTSS.Meeting_History_Report" name="TCED22513" time="9.460"/>
  <testcase classname="com.MTSS.Meeting_History_Report" name="TCED22514" time="3.346"/>
  <testcase classname="com.MTSS.Meeting_History_Report" name="TCED22515" time="9.249"/>
  <testcase classname="com.MTSS.Meeting_History_Report" name="TCED22516" time="9.261"/>
  <testcase classname="com.MTSS.Meeting_History_Report" name="TCED22517" time="9.646"/>
</testsuite> <!-- com.MTSS.Meeting_History_Report -->
