<?xml version="1.0" encoding="UTF-8"?>
<!-- Generated by org.testng.reporters.JUnitReportReporter -->
<testsuite skipped="0" hostname="Vofox-Sebastian" name="com.Home.Teacher_Course_Section_Attendance" tests="7" failures="0" timestamp="21 Nov 2018 10:53:22 GMT" time="46.201" errors="0">
  <testcase name="TCED35601" time="15.180" classname="com.Home.Teacher_Course_Section_Attendance"/>
  <testcase name="TCED35602" time="0.157" classname="com.Home.Teacher_Course_Section_Attendance"/>
  <testcase name="TCED35603" time="11.297" classname="com.Home.Teacher_Course_Section_Attendance"/>
  <testcase name="TCED35604" time="6.615" classname="com.Home.Teacher_Course_Section_Attendance"/>
  <testcase name="TCED35605" time="12.198" classname="com.Home.Teacher_Course_Section_Attendance"/>
  <testcase name="TCED35606" time="0.069" classname="com.Home.Teacher_Course_Section_Attendance"/>
  <testcase name="TCED35607" time="0.685" classname="com.Home.Teacher_Course_Section_Attendance"/>
</testsuite> <!-- com.Home.Teacher_Course_Section_Attendance -->
