<?xml version="1.0" encoding="UTF-8"?>
<!-- Generated by org.testng.reporters.JUnitReportReporter -->
<testsuite skipped="0" hostname="AKHIL-TS" name="com.Student_Data_Depot.Student_Data_Depot_Configure_Testing_Periods" tests="1" failures="0" timestamp="27 Nov 2018 07:12:33 GMT" time="2.082" errors="0">
  <testcase name="TCED62201" time="2.082" classname="com.Student_Data_Depot.Student_Data_Depot_Configure_Testing_Periods"/>
</testsuite> <!-- com.Student_Data_Depot.Student_Data_Depot_Configure_Testing_Periods -->
