<?xml version="1.0" encoding="UTF-8"?>
<!-- Generated by org.testng.reporters.JUnitReportReporter -->
<testsuite skipped="0" hostname="Vofox-Sebastian" name="com.curriculum.Analyze_curriculam" tests="13" failures="1" timestamp="25 Sep 2018 14:33:37 GMT" time="116.582" errors="0">
  <testcase name="TCED29701" time="21.388" classname="com.curriculum.Analyze_curriculam"/>
  <testcase name="TCED29702" time="4.533" classname="com.curriculum.Analyze_curriculam"/>
  <testcase name="TCED29703" time="0.805" classname="com.curriculum.Analyze_curriculam"/>
  <testcase name="TCED29704" time="5.559" classname="com.curriculum.Analyze_curriculam"/>
  <testcase name="TCED29705" time="0.201" classname="com.curriculum.Analyze_curriculam"/>
  <testcase name="TCED29706" time="2.918" classname="com.curriculum.Analyze_curriculam"/>
  <testcase name="TCED29707" time="0.182" classname="com.curriculum.Analyze_curriculam"/>
  <testcase name="TCED29708" time="11.318" classname="com.curriculum.Analyze_curriculam"/>
  <testcase name="TCED29709" time="11.330" classname="com.curriculum.Analyze_curriculam"/>
  <testcase name="TCED29710" time="4.262" classname="com.curriculum.Analyze_curriculam"/>
  <testcase name="TCED29711" time="12.488" classname="com.curriculum.Analyze_curriculam"/>
  <testcase name="TCED29712" time="11.368" classname="com.curriculum.Analyze_curriculam"/>
  <testcase name="TCED29718" time="30.230" classname="com.curriculum.Analyze_curriculam">
    <failure type="java.lang.AssertionError" message="Timeout during waiting for element: &#039;//*[@id=&#039;ctl00_MainContent_CurriculumReportByStandards1_btnClearPrintList&#039;]&#039;">
      <![CDATA[java.lang.AssertionError: Timeout during waiting for element: '//*[@id='ctl00_MainContent_CurriculumReportByStandards1_btnClearPrintList']'
at Library.BaseClassOne.waitFor(BaseClassOne.java:258)
at Library.BaseClassOne.click(BaseClassOne.java:170)
at com.curriculum.Analyze_curriculam.TCED29718(Analyze_curriculam.java:800)
at sun.reflect.NativeMethodAccessorImpl.invoke0(Native Method)
at sun.reflect.NativeMethodAccessorImpl.invoke(NativeMethodAccessorImpl.java:62)
at sun.reflect.DelegatingMethodAccessorImpl.invoke(DelegatingMethodAccessorImpl.java:43)
at java.lang.reflect.Method.invoke(Method.java:498)
at org.testng.internal.MethodInvocationHelper.invokeMethod(MethodInvocationHelper.java:124)
at org.testng.internal.Invoker.invokeMethod(Invoker.java:583)
at org.testng.internal.Invoker.invokeTestMethod(Invoker.java:719)
at org.testng.internal.Invoker.invokeTestMethods(Invoker.java:989)
at org.testng.internal.TestMethodWorker.invokeTestMethods(TestMethodWorker.java:125)
at org.testng.internal.TestMethodWorker.run(TestMethodWorker.java:109)
at org.testng.TestRunner.privateRun(TestRunner.java:648)
at org.testng.TestRunner.run(TestRunner.java:505)
at org.testng.SuiteRunner.runTest(SuiteRunner.java:455)
at org.testng.SuiteRunner.runSequentially(SuiteRunner.java:450)
at org.testng.SuiteRunner.privateRun(SuiteRunner.java:415)
at org.testng.SuiteRunner.run(SuiteRunner.java:364)
at org.testng.SuiteRunnerWorker.runSuite(SuiteRunnerWorker.java:52)
at org.testng.SuiteRunnerWorker.run(SuiteRunnerWorker.java:84)
at org.testng.TestNG.runSuitesSequentially(TestNG.java:1208)
at org.testng.TestNG.runSuitesLocally(TestNG.java:1137)
at org.testng.TestNG.runSuites(TestNG.java:1049)
at org.testng.TestNG.run(TestNG.java:1017)
at org.testng.remote.AbstractRemoteTestNG.run(AbstractRemoteTestNG.java:114)
at org.testng.remote.RemoteTestNG.initAndRun(RemoteTestNG.java:251)
at org.testng.remote.RemoteTestNG.main(RemoteTestNG.java:77)
]]>
    </failure>
  </testcase> <!-- TCED29718 -->
</testsuite> <!-- com.curriculum.Analyze_curriculam -->
