<?xml version="1.0" encoding="UTF-8"?>
<!-- Generated by org.testng.reporters.JUnitReportReporter -->
<testsuite skipped="0" hostname="AKHIL-TS" name="com.curriculum.Standards_Coverage_Report" tests="8" failures="0" timestamp="25 Sep 2018 07:32:47 GMT" time="44.369" errors="0">
  <testcase name="TCED30205" time="2.506" classname="com.curriculum.Standards_Coverage_Report"/>
  <testcase name="TCED30204" time="0.118" classname="com.curriculum.Standards_Coverage_Report"/>
  <testcase name="TCED30206" time="0.155" classname="com.curriculum.Standards_Coverage_Report"/>
  <testcase name="TCED30202" time="0.970" classname="com.curriculum.Standards_Coverage_Report"/>
  <testcase name="TCED30207" time="11.296" classname="com.curriculum.Standards_Coverage_Report"/>
  <testcase name="TCED30208" time="11.325" classname="com.curriculum.Standards_Coverage_Report"/>
  <testcase name="TCED30201" time="15.099" classname="com.curriculum.Standards_Coverage_Report"/>
  <testcase name="TCED30203" time="2.900" classname="com.curriculum.Standards_Coverage_Report"/>
</testsuite> <!-- com.curriculum.Standards_Coverage_Report -->
