<?xml version="1.0" encoding="UTF-8"?>
<!-- Generated by org.testng.reporters.JUnitReportReporter -->
<testsuite skipped="0" hostname="Vofox-Sebastian" name="com.localassessment.Score_Class_Results_Online" tests="10" failures="0" timestamp="09 Jun 2020 04:24:54 GMT" time="43.125" errors="0">
  <testcase name="TCED13021" time="5.017" classname="com.localassessment.Score_Class_Results_Online"/>
  <testcase name="TCED13022" time="10.132" classname="com.localassessment.Score_Class_Results_Online"/>
  <testcase name="TCED13023" time="0.220" classname="com.localassessment.Score_Class_Results_Online"/>
  <testcase name="TCED13024" time="1.565" classname="com.localassessment.Score_Class_Results_Online"/>
  <testcase name="TCED13025" time="1.318" classname="com.localassessment.Score_Class_Results_Online"/>
  <testcase name="TCED13026" time="11.507" classname="com.localassessment.Score_Class_Results_Online"/>
  <testcase name="TCED13027" time="4.248" classname="com.localassessment.Score_Class_Results_Online"/>
  <testcase name="TCED13028" time="3.472" classname="com.localassessment.Score_Class_Results_Online"/>
  <testcase name="TCED13029" time="1.397" classname="com.localassessment.Score_Class_Results_Online"/>
  <testcase name="TCED13030" time="4.249" classname="com.localassessment.Score_Class_Results_Online"/>
</testsuite> <!-- com.localassessment.Score_Class_Results_Online -->
