<?xml version="1.0" encoding="UTF-8"?>
<!-- Generated by org.testng.reporters.JUnitReportReporter -->
<testsuite skipped="0" hostname="AKHIL-TS" name="com.curriculum.Edit_Curriculum" tests="13" failures="0" timestamp="6 Nov 2018 09:48:28 GMT" time="157.416" errors="0">
  <testcase name="TCED29209" time="9.926" classname="com.curriculum.Edit_Curriculum"/>
  <testcase name="TCED29205" time="15.557" classname="com.curriculum.Edit_Curriculum"/>
  <testcase name="TCED29206" time="23.624" classname="com.curriculum.Edit_Curriculum"/>
  <testcase name="TCED29201" time="8.299" classname="com.curriculum.Edit_Curriculum"/>
  <testcase name="TCED29213" time="20.645" classname="com.curriculum.Edit_Curriculum"/>
  <testcase name="TCED29204" time="14.849" classname="com.curriculum.Edit_Curriculum"/>
  <testcase name="TCED29212" time="4.700" classname="com.curriculum.Edit_Curriculum"/>
  <testcase name="TCED29208" time="9.992" classname="com.curriculum.Edit_Curriculum"/>
  <testcase name="TCED29210" time="9.858" classname="com.curriculum.Edit_Curriculum"/>
  <testcase name="TCED29203" time="13.246" classname="com.curriculum.Edit_Curriculum"/>
  <testcase name="TCED29202" time="1.312" classname="com.curriculum.Edit_Curriculum"/>
  <testcase name="TCED29211" time="1.363" classname="com.curriculum.Edit_Curriculum"/>
  <testcase name="TCED29207" time="24.045" classname="com.curriculum.Edit_Curriculum"/>
</testsuite> <!-- com.curriculum.Edit_Curriculum -->
