<?xml version="1.0" encoding="UTF-8"?>
<!-- Generated by org.testng.reporters.JUnitReportReporter -->
<testsuite skipped="24" hostname="Vofox-Sebastian" name="com.analyzeByScore.ItemAnalysisbyQuestion" tests="25" failures="0" timestamp="31 Oct 2018 09:07:32 GMT" time="10.750" errors="1">
  <testcase name="setup1" time="10.750" classname="com.analyzeByScore.ItemAnalysisbyQuestion">
    <error type="org.openqa.selenium.WebDriverException" message="Failed to decode response from marionette
Build info: version: &#039;3.11.0&#039;, revision: &#039;e59cfb3&#039;, time: &#039;2018-03-11T20:26:55.152Z&#039;
System info: host: &#039;VOFOX-SEBASTIAN&#039;, ip: &#039;192.168.10.130&#039;, os.name: &#039;Windows 10&#039;, os.arch: &#039;amd64&#039;, os.version: &#039;10.0&#039;, java.version: &#039;1.8.0_111&#039;
Driver info: driver.version: FirefoxDriver
remote stacktrace: ">
      <![CDATA[org.openqa.selenium.WebDriverException: Failed to decode response from marionette
Build info: version: '3.11.0', revision: 'e59cfb3', time: '2018-03-11T20:26:55.152Z'
System info: host: 'VOFOX-SEBASTIAN', ip: '192.168.10.130', os.name: 'Windows 10', os.arch: 'amd64', os.version: '10.0', java.version: '1.8.0_111'
Driver info: driver.version: FirefoxDriver
remote stacktrace: 
at sun.reflect.NativeConstructorAccessorImpl.newInstance0(Native Method)
at sun.reflect.NativeConstructorAccessorImpl.newInstance(NativeConstructorAccessorImpl.java:62)
at sun.reflect.DelegatingConstructorAccessorImpl.newInstance(DelegatingConstructorAccessorImpl.java:45)
at java.lang.reflect.Constructor.newInstance(Constructor.java:423)
at org.openqa.selenium.remote.W3CHandshakeResponse.lambda$new$0(W3CHandshakeResponse.java:57)
at org.openqa.selenium.remote.W3CHandshakeResponse.lambda$getResponseFunction$2(W3CHandshakeResponse.java:104)
at org.openqa.selenium.remote.ProtocolHandshake.lambda$createSession$0(ProtocolHandshake.java:123)
at java.util.stream.ReferencePipeline$3$1.accept(ReferencePipeline.java:193)
at java.util.Spliterators$ArraySpliterator.tryAdvance(Spliterators.java:958)
at java.util.stream.ReferencePipeline.forEachWithCancel(ReferencePipeline.java:126)
at java.util.stream.AbstractPipeline.copyIntoWithCancel(AbstractPipeline.java:498)
at java.util.stream.AbstractPipeline.copyInto(AbstractPipeline.java:485)
at java.util.stream.AbstractPipeline.wrapAndCopyInto(AbstractPipeline.java:471)
at java.util.stream.FindOps$FindOp.evaluateSequential(FindOps.java:152)
at java.util.stream.AbstractPipeline.evaluate(AbstractPipeline.java:234)
at java.util.stream.ReferencePipeline.findFirst(ReferencePipeline.java:464)
at org.openqa.selenium.remote.ProtocolHandshake.createSession(ProtocolHandshake.java:126)
at org.openqa.selenium.remote.ProtocolHandshake.createSession(ProtocolHandshake.java:73)
at org.openqa.selenium.remote.HttpCommandExecutor.execute(HttpCommandExecutor.java:136)
at org.openqa.selenium.remote.service.DriverCommandExecutor.execute(DriverCommandExecutor.java:83)
at org.openqa.selenium.remote.RemoteWebDriver.execute(RemoteWebDriver.java:545)
at org.openqa.selenium.remote.RemoteWebDriver.startSession(RemoteWebDriver.java:209)
at org.openqa.selenium.remote.RemoteWebDriver.<init>(RemoteWebDriver.java:132)
at org.openqa.selenium.firefox.FirefoxDriver.<init>(FirefoxDriver.java:120)
at Library.BaseClassOne.setup1(BaseClassOne.java:114)
at sun.reflect.NativeMethodAccessorImpl.invoke0(Native Method)
at sun.reflect.NativeMethodAccessorImpl.invoke(NativeMethodAccessorImpl.java:62)
at sun.reflect.DelegatingMethodAccessorImpl.invoke(DelegatingMethodAccessorImpl.java:43)
at java.lang.reflect.Method.invoke(Method.java:498)
at org.testng.internal.MethodInvocationHelper.invokeMethod(MethodInvocationHelper.java:124)
at org.testng.internal.MethodInvocationHelper.invokeMethodConsideringTimeout(MethodInvocationHelper.java:59)
at org.testng.internal.Invoker.invokeConfigurationMethod(Invoker.java:458)
at org.testng.internal.Invoker.invokeConfigurations(Invoker.java:222)
at org.testng.internal.Invoker.invokeConfigurations(Invoker.java:142)
at org.testng.TestRunner.beforeRun(TestRunner.java:529)
at org.testng.TestRunner.run(TestRunner.java:497)
at org.testng.SuiteRunner.runTest(SuiteRunner.java:455)
at org.testng.SuiteRunner.runSequentially(SuiteRunner.java:450)
at org.testng.SuiteRunner.privateRun(SuiteRunner.java:415)
at org.testng.SuiteRunner.run(SuiteRunner.java:364)
at org.testng.SuiteRunnerWorker.runSuite(SuiteRunnerWorker.java:52)
at org.testng.SuiteRunnerWorker.run(SuiteRunnerWorker.java:84)
at org.testng.TestNG.runSuitesSequentially(TestNG.java:1208)
at org.testng.TestNG.runSuitesLocally(TestNG.java:1137)
at org.testng.TestNG.runSuites(TestNG.java:1049)
at org.testng.TestNG.run(TestNG.java:1017)
at org.testng.remote.AbstractRemoteTestNG.run(AbstractRemoteTestNG.java:114)
at org.testng.remote.RemoteTestNG.initAndRun(RemoteTestNG.java:251)
at org.testng.remote.RemoteTestNG.main(RemoteTestNG.java:77)
]]>
    </error>
  </testcase> <!-- setup1 -->
  <testcase name="TCED14081" time="0.000" classname="com.analyzeByScore.ItemAnalysisbyQuestion">
    <skipped/>
  </testcase> <!-- TCED14081 -->
  <testcase name="TCED14082" time="0.000" classname="com.analyzeByScore.ItemAnalysisbyQuestion">
    <skipped/>
  </testcase> <!-- TCED14082 -->
  <testcase name="TCED14083" time="0.000" classname="com.analyzeByScore.ItemAnalysisbyQuestion">
    <skipped/>
  </testcase> <!-- TCED14083 -->
  <testcase name="TCED14084" time="0.000" classname="com.analyzeByScore.ItemAnalysisbyQuestion">
    <skipped/>
  </testcase> <!-- TCED14084 -->
  <testcase name="TCED14085" time="0.000" classname="com.analyzeByScore.ItemAnalysisbyQuestion">
    <skipped/>
  </testcase> <!-- TCED14085 -->
  <testcase name="TCED14086" time="0.000" classname="com.analyzeByScore.ItemAnalysisbyQuestion">
    <skipped/>
  </testcase> <!-- TCED14086 -->
  <testcase name="TCED14087" time="0.000" classname="com.analyzeByScore.ItemAnalysisbyQuestion">
    <skipped/>
  </testcase> <!-- TCED14087 -->
  <testcase name="TCED14088" time="0.000" classname="com.analyzeByScore.ItemAnalysisbyQuestion">
    <skipped/>
  </testcase> <!-- TCED14088 -->
  <testcase name="TCED14089" time="0.000" classname="com.analyzeByScore.ItemAnalysisbyQuestion">
    <skipped/>
  </testcase> <!-- TCED14089 -->
  <testcase name="TCED14090" time="0.000" classname="com.analyzeByScore.ItemAnalysisbyQuestion">
    <skipped/>
  </testcase> <!-- TCED14090 -->
  <testcase name="TCED14091" time="0.000" classname="com.analyzeByScore.ItemAnalysisbyQuestion">
    <skipped/>
  </testcase> <!-- TCED14091 -->
  <testcase name="TCED14092" time="0.000" classname="com.analyzeByScore.ItemAnalysisbyQuestion">
    <skipped/>
  </testcase> <!-- TCED14092 -->
  <testcase name="TCED14093" time="0.000" classname="com.analyzeByScore.ItemAnalysisbyQuestion">
    <skipped/>
  </testcase> <!-- TCED14093 -->
  <testcase name="TCED14094" time="0.000" classname="com.analyzeByScore.ItemAnalysisbyQuestion">
    <skipped/>
  </testcase> <!-- TCED14094 -->
  <testcase name="TCED14095" time="0.000" classname="com.analyzeByScore.ItemAnalysisbyQuestion">
    <skipped/>
  </testcase> <!-- TCED14095 -->
  <testcase name="TCED14096" time="0.000" classname="com.analyzeByScore.ItemAnalysisbyQuestion">
    <skipped/>
  </testcase> <!-- TCED14096 -->
  <testcase name="TCED14097" time="0.000" classname="com.analyzeByScore.ItemAnalysisbyQuestion">
    <skipped/>
  </testcase> <!-- TCED14097 -->
  <testcase name="TCED14098" time="0.000" classname="com.analyzeByScore.ItemAnalysisbyQuestion">
    <skipped/>
  </testcase> <!-- TCED14098 -->
  <testcase name="TCED14099" time="0.000" classname="com.analyzeByScore.ItemAnalysisbyQuestion">
    <skipped/>
  </testcase> <!-- TCED14099 -->
  <testcase name="TCED14100" time="0.000" classname="com.analyzeByScore.ItemAnalysisbyQuestion">
    <skipped/>
  </testcase> <!-- TCED14100 -->
  <testcase name="TCED14101" time="0.000" classname="com.analyzeByScore.ItemAnalysisbyQuestion">
    <skipped/>
  </testcase> <!-- TCED14101 -->
  <testcase name="TCED14102" time="0.000" classname="com.analyzeByScore.ItemAnalysisbyQuestion">
    <skipped/>
  </testcase> <!-- TCED14102 -->
  <testcase name="TCED14103" time="0.000" classname="com.analyzeByScore.ItemAnalysisbyQuestion">
    <skipped/>
  </testcase> <!-- TCED14103 -->
  <testcase name="TCED14104" time="0.000" classname="com.analyzeByScore.ItemAnalysisbyQuestion">
    <skipped/>
  </testcase> <!-- TCED14104 -->
</testsuite> <!-- com.analyzeByScore.ItemAnalysisbyQuestion -->
