<?xml version="1.0" encoding="UTF-8"?>
<!-- Generated by org.testng.reporters.JUnitReportReporter -->
<testsuite skipped="0" hostname="Vofox-Sebastian" name="com.Home.Assessments" tests="13" failures="0" timestamp="02 Jul 2019 12:50:50 GMT" time="58.946" errors="0">
  <testcase name="TCED34201" time="14.312" classname="com.Home.Assessments"/>
  <testcase name="TCED34202" time="0.351" classname="com.Home.Assessments"/>
  <testcase name="TCED34203" time="1.551" classname="com.Home.Assessments"/>
  <testcase name="TCED34204" time="0.250" classname="com.Home.Assessments"/>
  <testcase name="TCED34206" time="7.042" classname="com.Home.Assessments"/>
  <testcase name="TCED34207" time="0.293" classname="com.Home.Assessments"/>
  <testcase name="TCED34208" time="4.275" classname="com.Home.Assessments"/>
  <testcase name="TCED34210" time="6.984" classname="com.Home.Assessments"/>
  <testcase name="TCED34211" time="2.116" classname="com.Home.Assessments"/>
  <testcase name="TCED34212" time="8.802" classname="com.Home.Assessments"/>
  <testcase name="TCED34214" time="6.713" classname="com.Home.Assessments"/>
  <testcase name="TCED34215" time="0.256" classname="com.Home.Assessments"/>
  <testcase name="TCED34216" time="6.001" classname="com.Home.Assessments"/>
</testsuite> <!-- com.Home.Assessments -->
