<?xml version="1.0" encoding="UTF-8"?>
<!-- Generated by org.testng.reporters.JUnitReportReporter -->
<testsuite skipped="0" hostname="Vofox-Sebastian" name="com.localassessment.Copy_assessment" tests="1" failures="0" timestamp="22 Jan 2020 08:51:06 GMT" time="8.832" errors="0">
  <testcase name="TCED15202" time="8.832" classname="com.localassessment.Copy_assessment"/>
</testsuite> <!-- com.localassessment.Copy_assessment -->
