<?xml version="1.0" encoding="UTF-8"?>
<!-- Generated by org.testng.reporters.JUnitReportReporter -->
<testsuite skipped="0" hostname="AKHIL-TS" name="com.analyzeByScore.Local_Assessment_Item_Analysisby_Student" tests="8" failures="0" timestamp="23 Oct 2018 06:23:51 GMT" time="126.171" errors="0">
  <testcase name="TCED14126" time="11.504" classname="com.analyzeByScore.Local_Assessment_Item_Analysisby_Student"/>
  <testcase name="TCED14127" time="28.245" classname="com.analyzeByScore.Local_Assessment_Item_Analysisby_Student"/>
  <testcase name="TCED14128" time="68.977" classname="com.analyzeByScore.Local_Assessment_Item_Analysisby_Student"/>
  <testcase name="TCED14125" time="2.274" classname="com.analyzeByScore.Local_Assessment_Item_Analysisby_Student"/>
  <testcase name="TCED14124" time="2.493" classname="com.analyzeByScore.Local_Assessment_Item_Analysisby_Student"/>
  <testcase name="TCED14122" time="6.297" classname="com.analyzeByScore.Local_Assessment_Item_Analysisby_Student"/>
  <testcase name="TCED14121" time="6.060" classname="com.analyzeByScore.Local_Assessment_Item_Analysisby_Student"/>
  <testcase name="TCED14123" time="0.321" classname="com.analyzeByScore.Local_Assessment_Item_Analysisby_Student"/>
</testsuite> <!-- com.analyzeByScore.Local_Assessment_Item_Analysisby_Student -->
