<?xml version="1.0" encoding="UTF-8"?>
<!-- Generated by org.testng.reporters.JUnitReportReporter -->
<testsuite skipped="0" hostname="AKHIL-TS" name="com.curriculum.Batch_Print" tests="5" failures="0" timestamp="19 Sep 2018 11:14:17 GMT" time="45.549" errors="0">
  <testcase name="TCED28101" time="8.592" classname="com.curriculum.Batch_Print"/>
  <testcase name="TCED28102" time="1.554" classname="com.curriculum.Batch_Print"/>
  <testcase name="TCED28103" time="3.322" classname="com.curriculum.Batch_Print"/>
  <testcase name="TCED28104" time="29.527" classname="com.curriculum.Batch_Print"/>
  <testcase name="TCED28105" time="2.554" classname="com.curriculum.Batch_Print"/>
</testsuite> <!-- com.curriculum.Batch_Print -->
