<?xml version="1.0" encoding="UTF-8"?>
<!-- Generated by org.testng.reporters.JUnitReportReporter -->
<testsuite skipped="0" hostname="AKHIL-TS" name="com.administerAssessment.Create_New_Administration" tests="3" failures="0" timestamp="19 Oct 2018 09:15:47 GMT" time="12.208" errors="0">
  <testcase name="TCED11003" time="0.002" classname="com.administerAssessment.Create_New_Administration"/>
  <testcase name="TCED11002" time="5.424" classname="com.administerAssessment.Create_New_Administration"/>
  <testcase name="TCED11001" time="6.782" classname="com.administerAssessment.Create_New_Administration"/>
</testsuite> <!-- com.administerAssessment.Create_New_Administration -->
