<?xml version="1.0" encoding="UTF-8"?>
<!-- Generated by org.testng.reporters.JUnitReportReporter -->
<testsuite skipped="0" hostname="Vofox-Sebastian" name="com.MTSS.TieredStudentsWithNoInterventionPlan" tests="3" failures="0" timestamp="12 Sep 2018 10:04:25 GMT" time="39.633" errors="0">
  <testcase name="TCED221105" time="21.034" classname="com.MTSS.TieredStudentsWithNoInterventionPlan"/>
  <testcase name="TCED221106" time="9.306" classname="com.MTSS.TieredStudentsWithNoInterventionPlan"/>
  <testcase name="TCED221111" time="9.293" classname="com.MTSS.TieredStudentsWithNoInterventionPlan"/>
</testsuite> <!-- com.MTSS.TieredStudentsWithNoInterventionPlan -->
