<?xml version="1.0" encoding="UTF-8"?>
<!-- Generated by org.testng.reporters.JUnitReportReporter -->
<testsuite skipped="0" hostname="AKHIL-TS" name="com.MTSS.Unsubmitted_Intervention_Plans" tests="4" failures="0" timestamp="16 Oct 2018 08:33:45 GMT" time="13.376" errors="0">
  <testcase name="TCED221001" time="8.602" classname="com.MTSS.Unsubmitted_Intervention_Plans"/>
  <testcase name="TCED221004" time="3.552" classname="com.MTSS.Unsubmitted_Intervention_Plans"/>
  <testcase name="TCED221002" time="0.057" classname="com.MTSS.Unsubmitted_Intervention_Plans"/>
  <testcase name="TCED221003" time="1.165" classname="com.MTSS.Unsubmitted_Intervention_Plans"/>
</testsuite> <!-- com.MTSS.Unsubmitted_Intervention_Plans -->
