<?xml version="1.0" encoding="UTF-8"?>
<!-- Generated by org.testng.reporters.JUnitReportReporter -->
<testsuite hostname="QA-Scheduler" failures="0" tests="4" name="com.curriculum.Enter_weeks_minutes" time="26.614" errors="0" timestamp="06 Nov 2018 06:38:27 GMT" skipped="0">
  <testcase classname="com.curriculum.Enter_weeks_minutes" name="TCED29401" time="14.423"/>
  <testcase classname="com.curriculum.Enter_weeks_minutes" name="TCED29402" time="0.705"/>
  <testcase classname="com.curriculum.Enter_weeks_minutes" name="TCED29403" time="6.245"/>
  <testcase classname="com.curriculum.Enter_weeks_minutes" name="TCED29404" time="5.241"/>
</testsuite> <!-- com.curriculum.Enter_weeks_minutes -->
