<?xml version="1.0" encoding="UTF-8"?>
<!-- Generated by org.testng.reporters.JUnitReportReporter -->
<testsuite skipped="0" hostname="AKHIL-TS" name="com.MTSS.Students_Receiving_Interventions_by_Teacher" tests="11" failures="0" timestamp="31 Oct 2018 09:01:13 GMT" time="50.067" errors="0">
  <testcase name="TCED221202" time="0.084" classname="com.MTSS.Students_Receiving_Interventions_by_Teacher"/>
  <testcase name="TCED221205" time="0.112" classname="com.MTSS.Students_Receiving_Interventions_by_Teacher"/>
  <testcase name="TCED221210" time="1.350" classname="com.MTSS.Students_Receiving_Interventions_by_Teacher"/>
  <testcase name="TCED221211" time="12.267" classname="com.MTSS.Students_Receiving_Interventions_by_Teacher"/>
  <testcase name="TCED221201" time="8.460" classname="com.MTSS.Students_Receiving_Interventions_by_Teacher"/>
  <testcase name="TCED221207" time="11.282" classname="com.MTSS.Students_Receiving_Interventions_by_Teacher"/>
  <testcase name="TCED221203" time="0.906" classname="com.MTSS.Students_Receiving_Interventions_by_Teacher"/>
  <testcase name="TCED221204" time="8.555" classname="com.MTSS.Students_Receiving_Interventions_by_Teacher"/>
  <testcase name="TCED221208" time="4.366" classname="com.MTSS.Students_Receiving_Interventions_by_Teacher"/>
  <testcase name="TCED221209" time="2.623" classname="com.MTSS.Students_Receiving_Interventions_by_Teacher"/>
  <testcase name="TCED221206" time="0.062" classname="com.MTSS.Students_Receiving_Interventions_by_Teacher"/>
</testsuite> <!-- com.MTSS.Students_Receiving_Interventions_by_Teacher -->
