<?xml version="1.0" encoding="UTF-8"?>
<!-- Generated by org.testng.reporters.JUnitReportReporter -->
<testsuite skipped="0" hostname="Vofox-Sebastian" name="com.MTSS.Mass_Change_Person_Responsible" tests="7" failures="0" timestamp="05 Nov 2018 08:33:59 GMT" time="43.138" errors="0">
  <testcase name="TCED21101" time="10.243" classname="com.MTSS.Mass_Change_Person_Responsible"/>
  <testcase name="TCED21102" time="0.255" classname="com.MTSS.Mass_Change_Person_Responsible"/>
  <testcase name="TCED21103" time="2.349" classname="com.MTSS.Mass_Change_Person_Responsible"/>
  <testcase name="TCED21104" time="0.201" classname="com.MTSS.Mass_Change_Person_Responsible"/>
  <testcase name="TCED21105" time="25.118" classname="com.MTSS.Mass_Change_Person_Responsible"/>
  <testcase name="TCED21106" time="2.823" classname="com.MTSS.Mass_Change_Person_Responsible"/>
  <testcase name="TCED21107" time="2.149" classname="com.MTSS.Mass_Change_Person_Responsible"/>
</testsuite> <!-- com.MTSS.Mass_Change_Person_Responsible -->
