<?xml version="1.0" encoding="UTF-8"?>
<!-- Generated by org.testng.reporters.JUnitReportReporter -->
<testsuite skipped="0" hostname="Vofox-Sebastian" name="com.Home.Notes_Tracking_Summary" tests="6" failures="0" timestamp="13 Nov 2018 08:57:17 GMT" time="22.847" errors="0">
  <testcase name="TCED33601" time="8.084" classname="com.Home.Notes_Tracking_Summary"/>
  <testcase name="TCED33602" time="0.086" classname="com.Home.Notes_Tracking_Summary"/>
  <testcase name="TCED33603" time="2.413" classname="com.Home.Notes_Tracking_Summary"/>
  <testcase name="TCED33604" time="11.283" classname="com.Home.Notes_Tracking_Summary"/>
  <testcase name="TCED33605" time="0.156" classname="com.Home.Notes_Tracking_Summary"/>
  <testcase name="TCED33606" time="0.825" classname="com.Home.Notes_Tracking_Summary"/>
</testsuite> <!-- com.Home.Notes_Tracking_Summary -->
