<?xml version="1.0" encoding="UTF-8"?>
<!-- Generated by org.testng.reporters.JUnitReportReporter -->
<testsuite hostname="QA-Scheduler" failures="0" tests="10" name="com.MTSS.Early_Warning_Identification" time="122.450" errors="0" timestamp="02 Nov 2018 05:11:32 GMT" skipped="0">
  <testcase classname="com.MTSS.Early_Warning_Identification" name="TCED22101" time="8.794"/>
  <testcase classname="com.MTSS.Early_Warning_Identification" name="TCED22102" time="7.154"/>
  <testcase classname="com.MTSS.Early_Warning_Identification" name="TCED22103" time="0.218"/>
  <testcase classname="com.MTSS.Early_Warning_Identification" name="TCED22104" time="0.110"/>
  <testcase classname="com.MTSS.Early_Warning_Identification" name="TCED22106" time="65.262"/>
  <testcase classname="com.MTSS.Early_Warning_Identification" name="TCED22107" time="12.909"/>
  <testcase classname="com.MTSS.Early_Warning_Identification" name="TCED22108" time="6.705"/>
  <testcase classname="com.MTSS.Early_Warning_Identification" name="TCED22109" time="5.280"/>
  <testcase classname="com.MTSS.Early_Warning_Identification" name="TCED22111" time="2.730"/>
  <testcase classname="com.MTSS.Early_Warning_Identification" name="TCED22113" time="13.288"/>
</testsuite> <!-- com.MTSS.Early_Warning_Identification -->
