<?xml version="1.0" encoding="UTF-8"?>
<!-- Generated by org.testng.reporters.JUnitReportReporter -->
<testsuite skipped="0" hostname="Vofox-Sebastian" name="com.questionBank.Local_Assessment_Question_Bank_Add_Edit_or_View_Exhibits" tests="7" failures="0" timestamp="21 May 2020 09:39:04 GMT" time="41.984" errors="0">
  <testcase name="TCED16501" time="4.487" classname="com.questionBank.Local_Assessment_Question_Bank_Add_Edit_or_View_Exhibits"/>
  <testcase name="TCED16502" time="14.595" classname="com.questionBank.Local_Assessment_Question_Bank_Add_Edit_or_View_Exhibits"/>
  <testcase name="TCED16503" time="0.325" classname="com.questionBank.Local_Assessment_Question_Bank_Add_Edit_or_View_Exhibits"/>
  <testcase name="TCED16504" time="0.311" classname="com.questionBank.Local_Assessment_Question_Bank_Add_Edit_or_View_Exhibits"/>
  <testcase name="TCED16505" time="13.505" classname="com.questionBank.Local_Assessment_Question_Bank_Add_Edit_or_View_Exhibits"/>
  <testcase name="TCED16506" time="5.536" classname="com.questionBank.Local_Assessment_Question_Bank_Add_Edit_or_View_Exhibits"/>
  <testcase name="TCED16507" time="3.225" classname="com.questionBank.Local_Assessment_Question_Bank_Add_Edit_or_View_Exhibits"/>
</testsuite> <!-- com.questionBank.Local_Assessment_Question_Bank_Add_Edit_or_View_Exhibits -->
