<?xml version="1.0" encoding="UTF-8"?>
<!-- Generated by org.testng.reporters.JUnitReportReporter -->
<testsuite skipped="0" hostname="Ans-A" name="com.analyzeByScore.AdministrationComparisonbyStudent" tests="7" failures="1" timestamp="17 Oct 2018 10:42:22 GMT" time="86.339" errors="0">
  <testcase name="TCED14295" time="30.904" classname="com.analyzeByScore.AdministrationComparisonbyStudent"/>
  <testcase name="TCED14292" time="0.988" classname="com.analyzeByScore.AdministrationComparisonbyStudent"/>
  <testcase name="TCED14291" time="9.786" classname="com.analyzeByScore.AdministrationComparisonbyStudent">
    <failure type="java.lang.AssertionError" message="expected [Test Administration Comparison Report] but found [Administration Comparison by Student]">
      <![CDATA[java.lang.AssertionError: expected [Test Administration Comparison Report] but found [Administration Comparison by Student]
	at org.testng.Assert.fail(Assert.java:94)
	at org.testng.Assert.failNotEquals(Assert.java:513)
	at org.testng.Assert.assertEqualsImpl(Assert.java:135)
	at org.testng.Assert.assertEquals(Assert.java:116)
	at org.testng.Assert.assertEquals(Assert.java:190)
	at org.testng.Assert.assertEquals(Assert.java:200)
	at com.analyzeByScore.AdministrationComparisonbyStudent.TCED14291(AdministrationComparisonbyStudent.java:32)
	at sun.reflect.NativeMethodAccessorImpl.invoke0(Native Method)
	at sun.reflect.NativeMethodAccessorImpl.invoke(NativeMethodAccessorImpl.java:62)
	at sun.reflect.DelegatingMethodAccessorImpl.invoke(DelegatingMethodAccessorImpl.java:43)
	at java.lang.reflect.Method.invoke(Method.java:498)
	at org.testng.internal.MethodInvocationHelper.invokeMethod(MethodInvocationHelper.java:100)
	at org.testng.internal.Invoker.invokeMethod(Invoker.java:646)
	at org.testng.internal.Invoker.invokeTestMethod(Invoker.java:811)
	at org.testng.internal.Invoker.invokeTestMethods(Invoker.java:1137)
	at org.testng.internal.TestMethodWorker.invokeTestMethods(TestMethodWorker.java:129)
	at org.testng.internal.TestMethodWorker.run(TestMethodWorker.java:112)
	at org.testng.TestRunner.privateRun(TestRunner.java:753)
	at org.testng.TestRunner.run(TestRunner.java:607)
	at org.testng.SuiteRunner.runTest(SuiteRunner.java:368)
	at org.testng.SuiteRunner.runSequentially(SuiteRunner.java:363)
	at org.testng.SuiteRunner.privateRun(SuiteRunner.java:321)
	at org.testng.SuiteRunner.run(SuiteRunner.java:270)
	at org.testng.SuiteRunnerWorker.runSuite(SuiteRunnerWorker.java:52)
	at org.testng.SuiteRunnerWorker.run(SuiteRunnerWorker.java:86)
	at org.testng.TestNG.runSuitesSequentially(TestNG.java:1284)
	at org.testng.TestNG.runSuitesLocally(TestNG.java:1209)
	at org.testng.TestNG.runSuites(TestNG.java:1124)
	at org.testng.TestNG.run(TestNG.java:1096)
	at org.testng.remote.AbstractRemoteTestNG.run(AbstractRemoteTestNG.java:132)
	at org.testng.remote.RemoteTestNG.initAndRun(RemoteTestNG.java:236)
	at org.testng.remote.RemoteTestNG.main(RemoteTestNG.java:81)
]]>
    </failure>
  </testcase> <!-- TCED14291 -->
  <testcase name="TCED14293" time="6.588" classname="com.analyzeByScore.AdministrationComparisonbyStudent"/>
  <testcase name="TCED14296" time="2.104" classname="com.analyzeByScore.AdministrationComparisonbyStudent"/>
  <testcase name="TCED14294" time="1.536" classname="com.analyzeByScore.AdministrationComparisonbyStudent"/>
  <testcase name="TCED14297" time="34.433" classname="com.analyzeByScore.AdministrationComparisonbyStudent"/>
</testsuite> <!-- com.analyzeByScore.AdministrationComparisonbyStudent -->
