<?xml version="1.0" encoding="UTF-8"?>
<!-- Generated by org.testng.reporters.JUnitReportReporter -->
<testsuite skipped="0" hostname="AKHIL-TS" name="com.administerAssessment.Create_New_Administration" tests="9" failures="0" timestamp="23 Oct 2018 07:30:34 GMT" time="98.263" errors="0">
  <testcase name="TCED11005" time="1.914" classname="com.administerAssessment.Create_New_Administration"/>
  <testcase name="TCED11002" time="6.447" classname="com.administerAssessment.Create_New_Administration"/>
  <testcase name="TCED11007" time="2.880" classname="com.administerAssessment.Create_New_Administration"/>
  <testcase name="TCED11006" time="0.418" classname="com.administerAssessment.Create_New_Administration"/>
  <testcase name="TCED11004" time="0.644" classname="com.administerAssessment.Create_New_Administration"/>
  <testcase name="TCED11001" time="11.634" classname="com.administerAssessment.Create_New_Administration"/>
  <testcase name="TCED11003" time="1.783" classname="com.administerAssessment.Create_New_Administration"/>
  <testcase name="TCED11009" time="3.278" classname="com.administerAssessment.Create_New_Administration"/>
  <testcase name="TCED11008" time="69.265" classname="com.administerAssessment.Create_New_Administration"/>
</testsuite> <!-- com.administerAssessment.Create_New_Administration -->
