<?xml version="1.0" encoding="UTF-8"?>
<!-- Generated by org.testng.reporters.JUnitReportReporter -->
<testsuite skipped="0" hostname="Vofox-Sebastian" name="com.analyzeByScore.Local_Assessment_AnalyzeByTag" tests="27" failures="0" timestamp="20 Nov 2018 06:14:15 GMT" time="277.193" errors="0">
  <testcase name="TCED14301" time="6.060" classname="com.analyzeByScore.Local_Assessment_AnalyzeByTag"/>
  <testcase name="TCED14302" time="6.111" classname="com.analyzeByScore.Local_Assessment_AnalyzeByTag"/>
  <testcase name="TCED14303" time="0.324" classname="com.analyzeByScore.Local_Assessment_AnalyzeByTag"/>
  <testcase name="TCED14304" time="1.219" classname="com.analyzeByScore.Local_Assessment_AnalyzeByTag"/>
  <testcase name="TCED14305" time="6.404" classname="com.analyzeByScore.Local_Assessment_AnalyzeByTag"/>
  <testcase name="TCED14306" time="6.307" classname="com.analyzeByScore.Local_Assessment_AnalyzeByTag"/>
  <testcase name="TCED14307" time="8.442" classname="com.analyzeByScore.Local_Assessment_AnalyzeByTag"/>
  <testcase name="TCED14308" time="8.253" classname="com.analyzeByScore.Local_Assessment_AnalyzeByTag"/>
  <testcase name="TCED14309" time="11.561" classname="com.analyzeByScore.Local_Assessment_AnalyzeByTag"/>
  <testcase name="TCED14310" time="10.552" classname="com.analyzeByScore.Local_Assessment_AnalyzeByTag"/>
  <testcase name="TCED14311" time="1.294" classname="com.analyzeByScore.Local_Assessment_AnalyzeByTag"/>
  <testcase name="TCED14312" time="6.604" classname="com.analyzeByScore.Local_Assessment_AnalyzeByTag"/>
  <testcase name="TCED14313" time="11.497" classname="com.analyzeByScore.Local_Assessment_AnalyzeByTag"/>
  <testcase name="TCED14314" time="11.487" classname="com.analyzeByScore.Local_Assessment_AnalyzeByTag"/>
  <testcase name="TCED14315" time="12.865" classname="com.analyzeByScore.Local_Assessment_AnalyzeByTag"/>
  <testcase name="TCED14316" time="13.839" classname="com.analyzeByScore.Local_Assessment_AnalyzeByTag"/>
  <testcase name="TCED14317" time="7.713" classname="com.analyzeByScore.Local_Assessment_AnalyzeByTag"/>
  <testcase name="TCED14318" time="1.185" classname="com.analyzeByScore.Local_Assessment_AnalyzeByTag"/>
  <testcase name="TCED14319" time="8.967" classname="com.analyzeByScore.Local_Assessment_AnalyzeByTag"/>
  <testcase name="TCED14320" time="8.813" classname="com.analyzeByScore.Local_Assessment_AnalyzeByTag"/>
  <testcase name="TCED14321" time="8.850" classname="com.analyzeByScore.Local_Assessment_AnalyzeByTag"/>
  <testcase name="TCED14322" time="8.785" classname="com.analyzeByScore.Local_Assessment_AnalyzeByTag"/>
  <testcase name="TCED14323" time="11.767" classname="com.analyzeByScore.Local_Assessment_AnalyzeByTag"/>
  <testcase name="TCED14324" time="13.977" classname="com.analyzeByScore.Local_Assessment_AnalyzeByTag"/>
  <testcase name="TCED14325" time="8.287" classname="com.analyzeByScore.Local_Assessment_AnalyzeByTag"/>
  <testcase name="TCED14326" time="20.992" classname="com.analyzeByScore.Local_Assessment_AnalyzeByTag"/>
  <testcase name="TCED14327" time="55.038" classname="com.analyzeByScore.Local_Assessment_AnalyzeByTag"/>
</testsuite> <!-- com.analyzeByScore.Local_Assessment_AnalyzeByTag -->
