<?xml version="1.0" encoding="UTF-8"?>
<!-- Generated by org.testng.reporters.JUnitReportReporter -->
<testsuite skipped="0" hostname="Ans-A" name="com.analyzeByScore.AdministrationComparisonbyStudent" tests="7" failures="0" timestamp="14 Mar 2019 14:20:20 GMT" time="86.092" errors="0">
  <testcase name="TCED14297" time="30.532" classname="com.analyzeByScore.AdministrationComparisonbyStudent"/>
  <testcase name="TCED14295" time="31.414" classname="com.analyzeByScore.AdministrationComparisonbyStudent"/>
  <testcase name="TCED14292" time="0.699" classname="com.analyzeByScore.AdministrationComparisonbyStudent"/>
  <testcase name="TCED14291" time="4.436" classname="com.analyzeByScore.AdministrationComparisonbyStudent"/>
  <testcase name="TCED14293" time="9.260" classname="com.analyzeByScore.AdministrationComparisonbyStudent"/>
  <testcase name="TCED14296" time="2.135" classname="com.analyzeByScore.AdministrationComparisonbyStudent"/>
  <testcase name="TCED14294" time="7.616" classname="com.analyzeByScore.AdministrationComparisonbyStudent"/>
</testsuite> <!-- com.analyzeByScore.AdministrationComparisonbyStudent -->
