<?xml version="1.0" encoding="UTF-8"?>
<!-- Generated by org.testng.reporters.JUnitReportReporter -->
<testsuite hostname="QA-Scheduler" failures="0" tests="10" name="com.Local_Assessment_Score_Results.Test_Suite_Print_Login_Codes" time="98.576" errors="0" timestamp="02 Nov 2018 05:00:19 GMT" skipped="0">
  <testcase classname="com.Local_Assessment_Score_Results.Test_Suite_Print_Login_Codes" name="TCED13301" time="5.609"/>
  <testcase classname="com.Local_Assessment_Score_Results.Test_Suite_Print_Login_Codes" name="TCED13302" time="3.675"/>
  <testcase classname="com.Local_Assessment_Score_Results.Test_Suite_Print_Login_Codes" name="TCED13303" time="0.309"/>
  <testcase classname="com.Local_Assessment_Score_Results.Test_Suite_Print_Login_Codes" name="TCED13304" time="2.551"/>
  <testcase classname="com.Local_Assessment_Score_Results.Test_Suite_Print_Login_Codes" name="TCED13305" time="4.079"/>
  <testcase classname="com.Local_Assessment_Score_Results.Test_Suite_Print_Login_Codes" name="TCED13306" time="22.924"/>
  <testcase classname="com.Local_Assessment_Score_Results.Test_Suite_Print_Login_Codes" name="TCED13307" time="22.950"/>
  <testcase classname="com.Local_Assessment_Score_Results.Test_Suite_Print_Login_Codes" name="TCED13308" time="23.289"/>
  <testcase classname="com.Local_Assessment_Score_Results.Test_Suite_Print_Login_Codes" name="TCED13309" time="12.100"/>
  <testcase classname="com.Local_Assessment_Score_Results.Test_Suite_Print_Login_Codes" name="TCED13310" time="1.090"/>
</testsuite> <!-- com.Local_Assessment_Score_Results.Test_Suite_Print_Login_Codes -->
