<?xml version="1.0" encoding="UTF-8"?>
<!-- Generated by org.testng.reporters.JUnitReportReporter -->
<testsuite skipped="0" hostname="Vofox-Sebastian" name="com.localassessment.Question_Bank_Apply_Standards" tests="8" failures="0" timestamp="12 Oct 2018 12:18:08 GMT" time="70.865" errors="0">
  <testcase name="TCED16201" time="6.741" classname="com.localassessment.Question_Bank_Apply_Standards"/>
  <testcase name="TCED16202" time="7.440" classname="com.localassessment.Question_Bank_Apply_Standards"/>
  <testcase name="TCED16203" time="0.760" classname="com.localassessment.Question_Bank_Apply_Standards"/>
  <testcase name="TCED16204" time="3.248" classname="com.localassessment.Question_Bank_Apply_Standards"/>
  <testcase name="TCED16205" time="10.338" classname="com.localassessment.Question_Bank_Apply_Standards"/>
  <testcase name="TCED16206" time="12.491" classname="com.localassessment.Question_Bank_Apply_Standards"/>
  <testcase name="TCED16207" time="17.678" classname="com.localassessment.Question_Bank_Apply_Standards"/>
  <testcase name="TCED16208" time="12.169" classname="com.localassessment.Question_Bank_Apply_Standards"/>
</testsuite> <!-- com.localassessment.Question_Bank_Apply_Standards -->
