<?xml version="1.0" encoding="UTF-8"?>
<!-- Generated by org.testng.reporters.JUnitReportReporter -->
<testsuite skipped="0" hostname="Vofox-Sebastian" name="com.localassessment.Score_Class_Results_Online" tests="10" failures="0" timestamp="16 Oct 2018 10:57:19 GMT" time="31.303" errors="0">
  <testcase name="TCED13021" time="6.943" classname="com.localassessment.Score_Class_Results_Online"/>
  <testcase name="TCED13022" time="7.299" classname="com.localassessment.Score_Class_Results_Online"/>
  <testcase name="TCED13023" time="0.406" classname="com.localassessment.Score_Class_Results_Online"/>
  <testcase name="TCED13024" time="1.052" classname="com.localassessment.Score_Class_Results_Online"/>
  <testcase name="TCED13025" time="1.181" classname="com.localassessment.Score_Class_Results_Online"/>
  <testcase name="TCED13026" time="2.660" classname="com.localassessment.Score_Class_Results_Online"/>
  <testcase name="TCED13027" time="4.056" classname="com.localassessment.Score_Class_Results_Online"/>
  <testcase name="TCED13028" time="2.819" classname="com.localassessment.Score_Class_Results_Online"/>
  <testcase name="TCED13029" time="0.926" classname="com.localassessment.Score_Class_Results_Online"/>
  <testcase name="TCED13030" time="3.961" classname="com.localassessment.Score_Class_Results_Online"/>
</testsuite> <!-- com.localassessment.Score_Class_Results_Online -->
