<?xml version="1.0" encoding="UTF-8"?>
<!-- Generated by org.testng.reporters.JUnitReportReporter -->
<testsuite skipped="0" hostname="Vofox-Sebastian" name="com.curriculum.Custom_Reports" tests="5" failures="0" timestamp="12 Oct 2018 15:10:35 GMT" time="103.063" errors="0">
  <testcase name="TCED30601" time="8.950" classname="com.curriculum.Custom_Reports"/>
  <testcase name="TCED30602" time="1.822" classname="com.curriculum.Custom_Reports"/>
  <testcase name="TCED30603" time="1.101" classname="com.curriculum.Custom_Reports"/>
  <testcase name="TCED30604" time="45.294" classname="com.curriculum.Custom_Reports"/>
  <testcase name="TCED30605" time="45.896" classname="com.curriculum.Custom_Reports"/>
</testsuite> <!-- com.curriculum.Custom_Reports -->
