<?xml version="1.0" encoding="UTF-8"?>
<!-- Generated by org.testng.reporters.JUnitReportReporter -->
<testsuite skipped="0" hostname="Vofox-Sebastian" name="com.curriculum.Custom_Reports" tests="5" failures="0" timestamp="29 Oct 2019 12:57:52 GMT" time="129.213" errors="0">
  <testcase name="TCED30601" time="7.195" classname="com.curriculum.Custom_Reports"/>
  <testcase name="TCED30602" time="2.068" classname="com.curriculum.Custom_Reports"/>
  <testcase name="TCED30603" time="1.272" classname="com.curriculum.Custom_Reports"/>
  <testcase name="TCED30604" time="58.996" classname="com.curriculum.Custom_Reports"/>
  <testcase name="TCED30605" time="59.682" classname="com.curriculum.Custom_Reports"/>
</testsuite> <!-- com.curriculum.Custom_Reports -->
