<?xml version="1.0" encoding="UTF-8"?>
<!-- Generated by org.testng.reporters.JUnitReportReporter -->
<testsuite skipped="0" hostname="AKHIL-TS" name="com.curriculum.Copy_Current_Map" tests="5" failures="0" timestamp="6 Nov 2018 09:31:39 GMT" time="36.792" errors="0">
  <testcase name="TCED29501" time="15.800" classname="com.curriculum.Copy_Current_Map"/>
  <testcase name="TCED29503" time="1.253" classname="com.curriculum.Copy_Current_Map"/>
  <testcase name="TCED29502" time="1.430" classname="com.curriculum.Copy_Current_Map"/>
  <testcase name="TCED29504" time="4.825" classname="com.curriculum.Copy_Current_Map"/>
  <testcase name="TCED29505" time="13.484" classname="com.curriculum.Copy_Current_Map"/>
</testsuite> <!-- com.curriculum.Copy_Current_Map -->
