<?xml version="1.0" encoding="UTF-8"?>
<!-- Generated by org.testng.reporters.JUnitReportReporter -->
<testsuite skipped="0" hostname="AKHIL-TS" name="com.localassessment.Copy_assessment_vendor" tests="6" failures="0" timestamp="24 Oct 2018 12:33:24 GMT" time="19.479" errors="0">
  <testcase name="TCED15004" time="0.102" classname="com.localassessment.Copy_assessment_vendor"/>
  <testcase name="TCED15002" time="3.518" classname="com.localassessment.Copy_assessment_vendor"/>
  <testcase name="TCED15003" time="0.040" classname="com.localassessment.Copy_assessment_vendor"/>
  <testcase name="TCED15001" time="6.476" classname="com.localassessment.Copy_assessment_vendor"/>
  <testcase name="TCED15005" time="5.336" classname="com.localassessment.Copy_assessment_vendor"/>
  <testcase name="TCED15006" time="4.007" classname="com.localassessment.Copy_assessment_vendor"/>
</testsuite> <!-- com.localassessment.Copy_assessment_vendor -->
