<?xml version="1.0" encoding="UTF-8"?>
<!-- Generated by org.testng.reporters.JUnitReportReporter -->
<testsuite skipped="0" hostname="Vofox-Sebastian" name="com.Student_Data_Depot.Data_Depot_Menu_Items" tests="14" failures="0" timestamp="30 Oct 2019 10:20:31 GMT" time="35.778" errors="0">
  <testcase name="TCED62401" time="6.855" classname="com.Student_Data_Depot.Data_Depot_Menu_Items"/>
  <testcase name="TCED62402" time="0.300" classname="com.Student_Data_Depot.Data_Depot_Menu_Items"/>
  <testcase name="TCED62403" time="1.667" classname="com.Student_Data_Depot.Data_Depot_Menu_Items"/>
  <testcase name="TCED62404" time="2.871" classname="com.Student_Data_Depot.Data_Depot_Menu_Items"/>
  <testcase name="TCED62405" time="2.360" classname="com.Student_Data_Depot.Data_Depot_Menu_Items"/>
  <testcase name="TCED62406" time="2.652" classname="com.Student_Data_Depot.Data_Depot_Menu_Items"/>
  <testcase name="TCED62407" time="2.172" classname="com.Student_Data_Depot.Data_Depot_Menu_Items"/>
  <testcase name="TCED62409" time="2.220" classname="com.Student_Data_Depot.Data_Depot_Menu_Items"/>
  <testcase name="TCED62410" time="2.302" classname="com.Student_Data_Depot.Data_Depot_Menu_Items"/>
  <testcase name="TCED62411" time="2.406" classname="com.Student_Data_Depot.Data_Depot_Menu_Items"/>
  <testcase name="TCED62412" time="2.163" classname="com.Student_Data_Depot.Data_Depot_Menu_Items"/>
  <testcase name="TCED62413" time="2.695" classname="com.Student_Data_Depot.Data_Depot_Menu_Items"/>
  <testcase name="TCED62414" time="2.256" classname="com.Student_Data_Depot.Data_Depot_Menu_Items"/>
  <testcase name="TCED62415" time="2.859" classname="com.Student_Data_Depot.Data_Depot_Menu_Items"/>
</testsuite> <!-- com.Student_Data_Depot.Data_Depot_Menu_Items -->
