<?xml version="1.0" encoding="UTF-8"?>
<!-- Generated by org.testng.reporters.JUnitReportReporter -->
<testsuite skipped="0" hostname="AKHIL-TS" name="com.analyzeByScore.Local_Assessment_Item_Analysisby_Student" tests="8" failures="0" timestamp="18 Oct 2018 09:33:47 GMT" time="126.148" errors="0">
  <testcase name="TCED14126" time="11.266" classname="com.analyzeByScore.Local_Assessment_Item_Analysisby_Student"/>
  <testcase name="TCED14122" time="6.635" classname="com.analyzeByScore.Local_Assessment_Item_Analysisby_Student"/>
  <testcase name="TCED14125" time="1.852" classname="com.analyzeByScore.Local_Assessment_Item_Analysisby_Student"/>
  <testcase name="TCED14123" time="0.327" classname="com.analyzeByScore.Local_Assessment_Item_Analysisby_Student"/>
  <testcase name="TCED14121" time="6.361" classname="com.analyzeByScore.Local_Assessment_Item_Analysisby_Student"/>
  <testcase name="TCED14124" time="2.581" classname="com.analyzeByScore.Local_Assessment_Item_Analysisby_Student"/>
  <testcase name="TCED14127" time="28.137" classname="com.analyzeByScore.Local_Assessment_Item_Analysisby_Student"/>
  <testcase name="TCED14128" time="68.989" classname="com.analyzeByScore.Local_Assessment_Item_Analysisby_Student"/>
</testsuite> <!-- com.analyzeByScore.Local_Assessment_Item_Analysisby_Student -->
