<?xml version="1.0" encoding="UTF-8"?>
<!-- Generated by org.testng.reporters.JUnitReportReporter -->
<testsuite skipped="0" hostname="Vofox-Sebastian" name="com.Home.Student_Building_Grade_Lists" tests="15" failures="0" timestamp="21 May 2020 10:15:47 GMT" time="110.002" errors="0">
  <testcase name="TCED33201" time="16.418" classname="com.Home.Student_Building_Grade_Lists"/>
  <testcase name="TCED33202" time="0.505" classname="com.Home.Student_Building_Grade_Lists"/>
  <testcase name="TCED33203" time="12.918" classname="com.Home.Student_Building_Grade_Lists"/>
  <testcase name="TCED33204" time="0.335" classname="com.Home.Student_Building_Grade_Lists"/>
  <testcase name="TCED33205" time="11.302" classname="com.Home.Student_Building_Grade_Lists"/>
  <testcase name="TCED33206" time="11.324" classname="com.Home.Student_Building_Grade_Lists"/>
  <testcase name="TCED33207" time="3.675" classname="com.Home.Student_Building_Grade_Lists"/>
  <testcase name="TCED33208" time="3.838" classname="com.Home.Student_Building_Grade_Lists"/>
  <testcase name="TCED33209" time="6.546" classname="com.Home.Student_Building_Grade_Lists"/>
  <testcase name="TCED33210" time="0.449" classname="com.Home.Student_Building_Grade_Lists"/>
  <testcase name="TCED33211" time="11.458" classname="com.Home.Student_Building_Grade_Lists"/>
  <testcase name="TCED33212" time="11.346" classname="com.Home.Student_Building_Grade_Lists"/>
  <testcase name="TCED33213" time="3.826" classname="com.Home.Student_Building_Grade_Lists"/>
  <testcase name="TCED33214" time="4.495" classname="com.Home.Student_Building_Grade_Lists"/>
  <testcase name="TCED33215" time="11.567" classname="com.Home.Student_Building_Grade_Lists"/>
</testsuite> <!-- com.Home.Student_Building_Grade_Lists -->
