<?xml version="1.0" encoding="UTF-8"?>
<!-- Generated by org.testng.reporters.JUnitReportReporter -->
<testsuite skipped="23" hostname="Ans-A" name="com.MTSS.Manage_meetings" tests="24" failures="0" timestamp="20 Nov 2018 11:46:30 GMT" time="0.033" errors="1">
  <testcase name="TCED20211" time="0.001" classname="com.MTSS.Manage_meetings">
    <skipped/>
  </testcase> <!-- TCED20211 -->
  <testcase name="TCED20212" time="0.001" classname="com.MTSS.Manage_meetings">
    <skipped/>
  </testcase> <!-- TCED20212 -->
  <testcase name="TCED20222" time="0.003" classname="com.MTSS.Manage_meetings">
    <skipped/>
  </testcase> <!-- TCED20222 -->
  <testcase name="TCED20217" time="0.001" classname="com.MTSS.Manage_meetings">
    <skipped/>
  </testcase> <!-- TCED20217 -->
  <testcase name="setup1" time="0.001" classname="com.MTSS.Manage_meetings">
    <error type="java.lang.IllegalStateException" message="The driver executable does not exist: D:\Jars\Drivers\New-geckodriver\geckodriver.exe">
      <![CDATA[java.lang.IllegalStateException: The driver executable does not exist: D:\Jars\Drivers\New-geckodriver\geckodriver.exe
	at com.google.common.base.Preconditions.checkState(Preconditions.java:585)
	at org.openqa.selenium.remote.service.DriverService.checkExecutable(DriverService.java:136)
	at org.openqa.selenium.remote.service.DriverService.findExecutable(DriverService.java:131)
	at org.openqa.selenium.firefox.GeckoDriverService.access$100(GeckoDriverService.java:41)
	at org.openqa.selenium.firefox.GeckoDriverService$Builder.findDefaultExecutable(GeckoDriverService.java:141)
	at org.openqa.selenium.remote.service.DriverService$Builder.build(DriverService.java:339)
	at org.openqa.selenium.firefox.FirefoxDriver.toExecutor(FirefoxDriver.java:158)
	at org.openqa.selenium.firefox.FirefoxDriver.<init>(FirefoxDriver.java:120)
	at Library.BaseClassOne.setup1(BaseClassOne.java:121)
	at sun.reflect.NativeMethodAccessorImpl.invoke0(Native Method)
	at sun.reflect.NativeMethodAccessorImpl.invoke(NativeMethodAccessorImpl.java:62)
	at sun.reflect.DelegatingMethodAccessorImpl.invoke(DelegatingMethodAccessorImpl.java:43)
	at java.lang.reflect.Method.invoke(Method.java:498)
	at org.testng.internal.MethodInvocationHelper.invokeMethod(MethodInvocationHelper.java:100)
	at org.testng.internal.Invoker.invokeConfigurationMethod(Invoker.java:515)
	at org.testng.internal.Invoker.invokeConfigurations(Invoker.java:216)
	at org.testng.internal.Invoker.invokeConfigurations(Invoker.java:143)
	at org.testng.TestRunner.beforeRun(TestRunner.java:631)
	at org.testng.TestRunner.run(TestRunner.java:599)
	at org.testng.SuiteRunner.runTest(SuiteRunner.java:368)
	at org.testng.SuiteRunner.runSequentially(SuiteRunner.java:363)
	at org.testng.SuiteRunner.privateRun(SuiteRunner.java:321)
	at org.testng.SuiteRunner.run(SuiteRunner.java:270)
	at org.testng.SuiteRunnerWorker.runSuite(SuiteRunnerWorker.java:52)
	at org.testng.SuiteRunnerWorker.run(SuiteRunnerWorker.java:86)
	at org.testng.TestNG.runSuitesSequentially(TestNG.java:1284)
	at org.testng.TestNG.runSuitesLocally(TestNG.java:1209)
	at org.testng.TestNG.runSuites(TestNG.java:1124)
	at org.testng.TestNG.run(TestNG.java:1096)
	at org.testng.remote.AbstractRemoteTestNG.run(AbstractRemoteTestNG.java:132)
	at org.testng.remote.RemoteTestNG.initAndRun(RemoteTestNG.java:236)
	at org.testng.remote.RemoteTestNG.main(RemoteTestNG.java:81)
]]>
    </error>
  </testcase> <!-- setup1 -->
  <testcase name="TCED20208" time="0.001" classname="com.MTSS.Manage_meetings">
    <skipped/>
  </testcase> <!-- TCED20208 -->
  <testcase name="TCED20213" time="0.001" classname="com.MTSS.Manage_meetings">
    <skipped/>
  </testcase> <!-- TCED20213 -->
  <testcase name="TCED20224" time="0.000" classname="com.MTSS.Manage_meetings">
    <skipped/>
  </testcase> <!-- TCED20224 -->
  <testcase name="TCED20205" time="0.002" classname="com.MTSS.Manage_meetings">
    <skipped/>
  </testcase> <!-- TCED20205 -->
  <testcase name="TCED20210" time="0.001" classname="com.MTSS.Manage_meetings">
    <skipped/>
  </testcase> <!-- TCED20210 -->
  <testcase name="TCED20201" time="0.001" classname="com.MTSS.Manage_meetings">
    <skipped/>
  </testcase> <!-- TCED20201 -->
  <testcase name="TCED20221" time="0.001" classname="com.MTSS.Manage_meetings">
    <skipped/>
  </testcase> <!-- TCED20221 -->
  <testcase name="TCED20215" time="0.003" classname="com.MTSS.Manage_meetings">
    <skipped/>
  </testcase> <!-- TCED20215 -->
  <testcase name="TCED20204" time="0.004" classname="com.MTSS.Manage_meetings">
    <skipped/>
  </testcase> <!-- TCED20204 -->
  <testcase name="TCED20206" time="0.002" classname="com.MTSS.Manage_meetings">
    <skipped/>
  </testcase> <!-- TCED20206 -->
  <testcase name="TCED20220" time="0.001" classname="com.MTSS.Manage_meetings">
    <skipped/>
  </testcase> <!-- TCED20220 -->
  <testcase name="TCED20218" time="0.000" classname="com.MTSS.Manage_meetings">
    <skipped/>
  </testcase> <!-- TCED20218 -->
  <testcase name="TCED20203" time="0.001" classname="com.MTSS.Manage_meetings">
    <skipped/>
  </testcase> <!-- TCED20203 -->
  <testcase name="TCED20207" time="0.001" classname="com.MTSS.Manage_meetings">
    <skipped/>
  </testcase> <!-- TCED20207 -->
  <testcase name="TCED20223" time="0.002" classname="com.MTSS.Manage_meetings">
    <skipped/>
  </testcase> <!-- TCED20223 -->
  <testcase name="TCED20202" time="0.001" classname="com.MTSS.Manage_meetings">
    <skipped/>
  </testcase> <!-- TCED20202 -->
  <testcase name="TCED20219" time="0.002" classname="com.MTSS.Manage_meetings">
    <skipped/>
  </testcase> <!-- TCED20219 -->
  <testcase name="TCED20209" time="0.001" classname="com.MTSS.Manage_meetings">
    <skipped/>
  </testcase> <!-- TCED20209 -->
  <testcase name="TCED20214" time="0.001" classname="com.MTSS.Manage_meetings">
    <skipped/>
  </testcase> <!-- TCED20214 -->
</testsuite> <!-- com.MTSS.Manage_meetings -->
