<?xml version="1.0" encoding="UTF-8"?>
<!-- Generated by org.testng.reporters.JUnitReportReporter -->
<testsuite skipped="0" hostname="AKHIL-TS" name="com.MTSS.Fix_and_Delete_intervention_plan" tests="4" failures="0" timestamp="10 Aug 2018 07:27:32 GMT" time="48.121" errors="0">
  <testcase name="TCED19807" time="19.422" classname="com.MTSS.Fix_and_Delete_intervention_plan"/>
  <testcase name="TCED19809" time="5.910" classname="com.MTSS.Fix_and_Delete_intervention_plan"/>
  <testcase name="TCED19812" time="2.257" classname="com.MTSS.Fix_and_Delete_intervention_plan"/>
  <testcase name="TCED19808" time="20.532" classname="com.MTSS.Fix_and_Delete_intervention_plan"/>
</testsuite> <!-- com.MTSS.Fix_and_Delete_intervention_plan -->
