<?xml version="1.0" encoding="UTF-8"?>
<!-- Generated by org.testng.reporters.JUnitReportReporter -->
<testsuite skipped="0" hostname="Vofox-Sebastian" name="com.Home.Grades" tests="1" failures="0" timestamp="11 Oct 2018 09:52:38 GMT" time="25.282" errors="0">
  <testcase name="TCED34508" time="25.282" classname="com.Home.Grades"/>
</testsuite> <!-- com.Home.Grades -->
