<?xml version="1.0" encoding="UTF-8"?>
<!-- Generated by org.testng.reporters.JUnitReportReporter -->
<testsuite skipped="0" hostname="Vofox-Sebastian" name="com.Home.Teacher_Course_Section_MTSS" tests="6" failures="0" timestamp="01 Nov 2019 12:59:45 GMT" time="66.975" errors="0">
  <testcase name="TCED351101" time="12.840" classname="com.Home.Teacher_Course_Section_MTSS"/>
  <testcase name="TCED351102" time="0.194" classname="com.Home.Teacher_Course_Section_MTSS"/>
  <testcase name="TCED351103" time="11.286" classname="com.Home.Teacher_Course_Section_MTSS"/>
  <testcase name="TCED351104" time="11.339" classname="com.Home.Teacher_Course_Section_MTSS"/>
  <testcase name="TCED351105" time="15.533" classname="com.Home.Teacher_Course_Section_MTSS"/>
  <testcase name="TCED351106" time="15.783" classname="com.Home.Teacher_Course_Section_MTSS"/>
</testsuite> <!-- com.Home.Teacher_Course_Section_MTSS -->
