<?xml version="1.0" encoding="UTF-8"?>
<!-- Generated by org.testng.reporters.JUnitReportReporter -->
<testsuite skipped="0" hostname="Vofox-Sebastian" name="com.MTSS.InterventionEffectivenessBySkill" tests="3" failures="0" timestamp="05 Sep 2018 07:04:17 GMT" time="43.139" errors="0">
  <testcase name="TCED22807" time="24.491" classname="com.MTSS.InterventionEffectivenessBySkill"/>
  <testcase name="TCED22808" time="9.345" classname="com.MTSS.InterventionEffectivenessBySkill"/>
  <testcase name="TCED22811" time="9.303" classname="com.MTSS.InterventionEffectivenessBySkill"/>
</testsuite> <!-- com.MTSS.InterventionEffectivenessBySkill -->
