<?xml version="1.0" encoding="UTF-8"?>
<!-- Generated by org.testng.reporters.JUnitReportReporter -->
<testsuite skipped="0" hostname="Vofox-Sebastian" name="com.MTSS.Unsubmitted_Intervention_Plans" tests="10" failures="0" timestamp="30 Oct 2019 11:16:45 GMT" time="52.258" errors="0">
  <testcase name="TCED221001" time="7.811" classname="com.MTSS.Unsubmitted_Intervention_Plans"/>
  <testcase name="TCED221002" time="0.062" classname="com.MTSS.Unsubmitted_Intervention_Plans"/>
  <testcase name="TCED221003" time="1.626" classname="com.MTSS.Unsubmitted_Intervention_Plans"/>
  <testcase name="TCED221004" time="0.702" classname="com.MTSS.Unsubmitted_Intervention_Plans"/>
  <testcase name="TCED221005" time="13.282" classname="com.MTSS.Unsubmitted_Intervention_Plans"/>
  <testcase name="TCED221006" time="11.291" classname="com.MTSS.Unsubmitted_Intervention_Plans"/>
  <testcase name="TCED221007" time="2.390" classname="com.MTSS.Unsubmitted_Intervention_Plans"/>
  <testcase name="TCED221008" time="2.121" classname="com.MTSS.Unsubmitted_Intervention_Plans"/>
  <testcase name="TCED221009" time="1.194" classname="com.MTSS.Unsubmitted_Intervention_Plans"/>
  <testcase name="TCED221010" time="11.779" classname="com.MTSS.Unsubmitted_Intervention_Plans"/>
</testsuite> <!-- com.MTSS.Unsubmitted_Intervention_Plans -->
