<?xml version="1.0" encoding="UTF-8"?>
<!-- Generated by org.testng.reporters.JUnitReportReporter -->
<testsuite skipped="0" hostname="Ans-A" name="com.MTSS.Manage_meetings" tests="24" failures="1" timestamp="29 Oct 2018 13:03:38 GMT" time="189.124" errors="0">
  <testcase name="TCED20205" time="0.111" classname="com.MTSS.Manage_meetings"/>
  <testcase name="TCED20214" time="13.783" classname="com.MTSS.Manage_meetings"/>
  <testcase name="TCED20223" time="0.067" classname="com.MTSS.Manage_meetings"/>
  <testcase name="TCED20212" time="8.561" classname="com.MTSS.Manage_meetings"/>
  <testcase name="TCED20206" time="6.369" classname="com.MTSS.Manage_meetings"/>
  <testcase name="TCED20217" time="9.343" classname="com.MTSS.Manage_meetings"/>
  <testcase name="TCED20201" time="10.108" classname="com.MTSS.Manage_meetings"/>
  <testcase name="TCED20215" time="13.324" classname="com.MTSS.Manage_meetings"/>
  <testcase name="TCED20208" time="7.106" classname="com.MTSS.Manage_meetings"/>
  <testcase name="TCED20220" time="0.156" classname="com.MTSS.Manage_meetings"/>
  <testcase name="TCED20222" time="39.486" classname="com.MTSS.Manage_meetings">
    <failure type="java.lang.AssertionError" message="Unable to locate element: *[name=&#039;RadWindow1&#039;]
For documentation on this error, please visit: http://seleniumhq.org/exceptions/no_such_element.html
Build info: version: &#039;3.11.0&#039;, revision: &#039;e59cfb3&#039;, time: &#039;2018-03-11T20:26:55.152Z&#039;
System info: host: &#039;ANS-A&#039;, ip: &#039;192.168.10.124&#039;, os.name: &#039;Windows 10&#039;, os.arch: &#039;amd64&#039;, os.version: &#039;10.0&#039;, java.version: &#039;1.8.0_111&#039;
Driver info: org.openqa.selenium.firefox.FirefoxDriver
Capabilities {acceptInsecureCerts: true, browserName: firefox, browserVersion: 57.0.1, javascriptEnabled: true, moz:accessibilityChecks: false, moz:headless: false, moz:processID: 8228, moz:profile: C:\Users\Ans-A\AppData\Loca..., moz:webdriverClick: false, pageLoadStrategy: normal, platform: XP, platformName: XP, platformVersion: 10.0, rotatable: false, timeouts: {implicit: 0, pageLoad: 300000, script: 30000}}
Session ID: 667ae678-a642-444b-a039-12fd13eac380
*** Element info: {Using=name, value=RadWindow1}">
      <![CDATA[java.lang.AssertionError: Unable to locate element: *[name='RadWindow1']
For documentation on this error, please visit: http://seleniumhq.org/exceptions/no_such_element.html
Build info: version: '3.11.0', revision: 'e59cfb3', time: '2018-03-11T20:26:55.152Z'
System info: host: 'ANS-A', ip: '192.168.10.124', os.name: 'Windows 10', os.arch: 'amd64', os.version: '10.0', java.version: '1.8.0_111'
Driver info: org.openqa.selenium.firefox.FirefoxDriver
Capabilities {acceptInsecureCerts: true, browserName: firefox, browserVersion: 57.0.1, javascriptEnabled: true, moz:accessibilityChecks: false, moz:headless: false, moz:processID: 8228, moz:profile: C:\Users\Ans-A\AppData\Loca..., moz:webdriverClick: false, pageLoadStrategy: normal, platform: XP, platformName: XP, platformVersion: 10.0, rotatable: false, timeouts: {implicit: 0, pageLoad: 300000, script: 30000}}
Session ID: 667ae678-a642-444b-a039-12fd13eac380
*** Element info: {Using=name, value=RadWindow1}
	at org.testng.Assert.fail(Assert.java:94)
	at com.MTSS.Manage_meetings.TCED20222(Manage_meetings.java:723)
	at sun.reflect.NativeMethodAccessorImpl.invoke0(Native Method)
	at sun.reflect.NativeMethodAccessorImpl.invoke(NativeMethodAccessorImpl.java:62)
	at sun.reflect.DelegatingMethodAccessorImpl.invoke(DelegatingMethodAccessorImpl.java:43)
	at java.lang.reflect.Method.invoke(Method.java:498)
	at org.testng.internal.MethodInvocationHelper.invokeMethod(MethodInvocationHelper.java:100)
	at org.testng.internal.Invoker.invokeMethod(Invoker.java:646)
	at org.testng.internal.Invoker.invokeTestMethod(Invoker.java:811)
	at org.testng.internal.Invoker.invokeTestMethods(Invoker.java:1137)
	at org.testng.internal.TestMethodWorker.invokeTestMethods(TestMethodWorker.java:129)
	at org.testng.internal.TestMethodWorker.run(TestMethodWorker.java:112)
	at org.testng.TestRunner.privateRun(TestRunner.java:753)
	at org.testng.TestRunner.run(TestRunner.java:607)
	at org.testng.SuiteRunner.runTest(SuiteRunner.java:368)
	at org.testng.SuiteRunner.runSequentially(SuiteRunner.java:363)
	at org.testng.SuiteRunner.privateRun(SuiteRunner.java:321)
	at org.testng.SuiteRunner.run(SuiteRunner.java:270)
	at org.testng.SuiteRunnerWorker.runSuite(SuiteRunnerWorker.java:52)
	at org.testng.SuiteRunnerWorker.run(SuiteRunnerWorker.java:86)
	at org.testng.TestNG.runSuitesSequentially(TestNG.java:1284)
	at org.testng.TestNG.runSuitesLocally(TestNG.java:1209)
	at org.testng.TestNG.runSuites(TestNG.java:1124)
	at org.testng.TestNG.run(TestNG.java:1096)
	at org.testng.remote.AbstractRemoteTestNG.run(AbstractRemoteTestNG.java:132)
	at org.testng.remote.RemoteTestNG.initAndRun(RemoteTestNG.java:236)
	at org.testng.remote.RemoteTestNG.main(RemoteTestNG.java:81)
]]>
    </failure>
  </testcase> <!-- TCED20222 -->
  <testcase name="TCED20209" time="2.271" classname="com.MTSS.Manage_meetings"/>
  <testcase name="TCED20216" time="6.002" classname="com.MTSS.Manage_meetings"/>
  <testcase name="TCED20224" time="31.523" classname="com.MTSS.Manage_meetings"/>
  <testcase name="TCED20211" time="10.852" classname="com.MTSS.Manage_meetings"/>
  <testcase name="TCED20204" time="2.285" classname="com.MTSS.Manage_meetings"/>
  <testcase name="TCED20213" time="0.039" classname="com.MTSS.Manage_meetings"/>
  <testcase name="TCED20207" time="0.086" classname="com.MTSS.Manage_meetings"/>
  <testcase name="TCED20219" time="8.782" classname="com.MTSS.Manage_meetings"/>
  <testcase name="TCED20203" time="2.699" classname="com.MTSS.Manage_meetings"/>
  <testcase name="TCED20202" time="0.174" classname="com.MTSS.Manage_meetings"/>
  <testcase name="TCED20210" time="7.898" classname="com.MTSS.Manage_meetings"/>
  <testcase name="TCED20218" time="0.060" classname="com.MTSS.Manage_meetings"/>
  <testcase name="TCED20221" time="8.039" classname="com.MTSS.Manage_meetings"/>
</testsuite> <!-- com.MTSS.Manage_meetings -->
