<?xml version="1.0" encoding="UTF-8"?>
<!-- Generated by org.testng.reporters.JUnitReportReporter -->
<testsuite hostname="QA-Scheduler" failures="0" tests="1" name="com.Home.Student_Search" time="19.596" errors="0" timestamp="06 Nov 2018 11:30:55 GMT" skipped="0">
  <testcase classname="com.Home.Student_Search" name="TCED33106" time="19.596"/>
</testsuite> <!-- com.Home.Student_Search -->
