<?xml version="1.0" encoding="UTF-8"?>
<!-- Generated by org.testng.reporters.JUnitReportReporter -->
<testsuite skipped="0" hostname="AKHIL-TS" name="com.Student_Data_Depot.Data_Depot_Menu_Items" tests="14" failures="0" timestamp="10 Dec 2018 08:30:01 GMT" time="30.293" errors="0">
  <testcase name="TCED62415" time="2.400" classname="com.Student_Data_Depot.Data_Depot_Menu_Items"/>
  <testcase name="TCED62402" time="0.259" classname="com.Student_Data_Depot.Data_Depot_Menu_Items"/>
  <testcase name="TCED62411" time="1.566" classname="com.Student_Data_Depot.Data_Depot_Menu_Items"/>
  <testcase name="TCED62413" time="1.705" classname="com.Student_Data_Depot.Data_Depot_Menu_Items"/>
  <testcase name="TCED62409" time="1.807" classname="com.Student_Data_Depot.Data_Depot_Menu_Items"/>
  <testcase name="TCED62412" time="1.602" classname="com.Student_Data_Depot.Data_Depot_Menu_Items"/>
  <testcase name="TCED62405" time="1.698" classname="com.Student_Data_Depot.Data_Depot_Menu_Items"/>
  <testcase name="TCED62403" time="2.395" classname="com.Student_Data_Depot.Data_Depot_Menu_Items"/>
  <testcase name="TCED62404" time="1.990" classname="com.Student_Data_Depot.Data_Depot_Menu_Items"/>
  <testcase name="TCED62401" time="8.515" classname="com.Student_Data_Depot.Data_Depot_Menu_Items"/>
  <testcase name="TCED62406" time="1.715" classname="com.Student_Data_Depot.Data_Depot_Menu_Items"/>
  <testcase name="TCED62407" time="1.468" classname="com.Student_Data_Depot.Data_Depot_Menu_Items"/>
  <testcase name="TCED62414" time="1.604" classname="com.Student_Data_Depot.Data_Depot_Menu_Items"/>
  <testcase name="TCED62410" time="1.569" classname="com.Student_Data_Depot.Data_Depot_Menu_Items"/>
</testsuite> <!-- com.Student_Data_Depot.Data_Depot_Menu_Items -->
