<?xml version="1.0" encoding="UTF-8"?>
<!-- Generated by org.testng.reporters.JUnitReportReporter -->
<testsuite skipped="0" hostname="Manoj-D" name="com.localassessment.Copy_assessment" tests="1" failures="0" timestamp="19 Jul 2018 08:45:51 GMT" time="9.753" errors="0">
  <testcase name="TCED15202" time="9.753" classname="com.localassessment.Copy_assessment"/>
</testsuite> <!-- com.localassessment.Copy_assessment -->
