<?xml version="1.0" encoding="UTF-8"?>
<!-- Generated by org.testng.reporters.JUnitReportReporter -->
<testsuite skipped="0" hostname="Vofox-Sebastian" name="com.curriculum.Standards_Coverage_Report" tests="8" failures="0" timestamp="25 Sep 2018 14:51:41 GMT" time="43.879" errors="0">
  <testcase name="TCED30201" time="13.220" classname="com.curriculum.Standards_Coverage_Report"/>
  <testcase name="TCED30202" time="1.035" classname="com.curriculum.Standards_Coverage_Report"/>
  <testcase name="TCED30203" time="3.669" classname="com.curriculum.Standards_Coverage_Report"/>
  <testcase name="TCED30204" time="0.190" classname="com.curriculum.Standards_Coverage_Report"/>
  <testcase name="TCED30205" time="2.826" classname="com.curriculum.Standards_Coverage_Report"/>
  <testcase name="TCED30206" time="0.257" classname="com.curriculum.Standards_Coverage_Report"/>
  <testcase name="TCED30207" time="11.363" classname="com.curriculum.Standards_Coverage_Report"/>
  <testcase name="TCED30208" time="11.319" classname="com.curriculum.Standards_Coverage_Report"/>
</testsuite> <!-- com.curriculum.Standards_Coverage_Report -->
