<?xml version="1.0" encoding="UTF-8"?>
<!-- Generated by org.testng.reporters.JUnitReportReporter -->
<testsuite skipped="0" hostname="Ans-A" name="CheckList.Create_New_Assessment" tests="1" failures="0" timestamp="9 Oct 2018 05:37:27 GMT" time="26.241" errors="0">
  <testcase name="Seven_Save_Assessment" time="26.241" classname="CheckList.Create_New_Assessment"/>
</testsuite> <!-- CheckList.Create_New_Assessment -->
