<?xml version="1.0" encoding="UTF-8"?>
<!-- Generated by org.testng.reporters.JUnitReportReporter -->
<testsuite skipped="0" hostname="Vofox-Sebastian" name="com.analyzeByScore.Local_Assessment_AnalyzeByTag" tests="27" failures="0" timestamp="20 Nov 2018 08:23:01 GMT" time="290.773" errors="0">
  <testcase name="TCED14301" time="6.590" classname="com.analyzeByScore.Local_Assessment_AnalyzeByTag"/>
  <testcase name="TCED14302" time="6.518" classname="com.analyzeByScore.Local_Assessment_AnalyzeByTag"/>
  <testcase name="TCED14303" time="0.343" classname="com.analyzeByScore.Local_Assessment_AnalyzeByTag"/>
  <testcase name="TCED14304" time="1.374" classname="com.analyzeByScore.Local_Assessment_AnalyzeByTag"/>
  <testcase name="TCED14305" time="6.934" classname="com.analyzeByScore.Local_Assessment_AnalyzeByTag"/>
  <testcase name="TCED14306" time="7.232" classname="com.analyzeByScore.Local_Assessment_AnalyzeByTag"/>
  <testcase name="TCED14307" time="8.868" classname="com.analyzeByScore.Local_Assessment_AnalyzeByTag"/>
  <testcase name="TCED14308" time="8.855" classname="com.analyzeByScore.Local_Assessment_AnalyzeByTag"/>
  <testcase name="TCED14309" time="11.420" classname="com.analyzeByScore.Local_Assessment_AnalyzeByTag"/>
  <testcase name="TCED14310" time="10.768" classname="com.analyzeByScore.Local_Assessment_AnalyzeByTag"/>
  <testcase name="TCED14311" time="1.685" classname="com.analyzeByScore.Local_Assessment_AnalyzeByTag"/>
  <testcase name="TCED14312" time="6.851" classname="com.analyzeByScore.Local_Assessment_AnalyzeByTag"/>
  <testcase name="TCED14313" time="11.929" classname="com.analyzeByScore.Local_Assessment_AnalyzeByTag"/>
  <testcase name="TCED14314" time="12.001" classname="com.analyzeByScore.Local_Assessment_AnalyzeByTag"/>
  <testcase name="TCED14315" time="14.030" classname="com.analyzeByScore.Local_Assessment_AnalyzeByTag"/>
  <testcase name="TCED14316" time="16.277" classname="com.analyzeByScore.Local_Assessment_AnalyzeByTag"/>
  <testcase name="TCED14317" time="9.061" classname="com.analyzeByScore.Local_Assessment_AnalyzeByTag"/>
  <testcase name="TCED14318" time="1.149" classname="com.analyzeByScore.Local_Assessment_AnalyzeByTag"/>
  <testcase name="TCED14319" time="9.769" classname="com.analyzeByScore.Local_Assessment_AnalyzeByTag"/>
  <testcase name="TCED14320" time="9.332" classname="com.analyzeByScore.Local_Assessment_AnalyzeByTag"/>
  <testcase name="TCED14321" time="9.831" classname="com.analyzeByScore.Local_Assessment_AnalyzeByTag"/>
  <testcase name="TCED14322" time="11.149" classname="com.analyzeByScore.Local_Assessment_AnalyzeByTag"/>
  <testcase name="TCED14323" time="12.394" classname="com.analyzeByScore.Local_Assessment_AnalyzeByTag"/>
  <testcase name="TCED14324" time="14.755" classname="com.analyzeByScore.Local_Assessment_AnalyzeByTag"/>
  <testcase name="TCED14325" time="8.353" classname="com.analyzeByScore.Local_Assessment_AnalyzeByTag"/>
  <testcase name="TCED14326" time="17.927" classname="com.analyzeByScore.Local_Assessment_AnalyzeByTag"/>
  <testcase name="TCED14327" time="55.378" classname="com.analyzeByScore.Local_Assessment_AnalyzeByTag"/>
</testsuite> <!-- com.analyzeByScore.Local_Assessment_AnalyzeByTag -->
