<?xml version="1.0" encoding="UTF-8"?>
<!-- Generated by org.testng.reporters.JUnitReportReporter -->
<testsuite skipped="0" hostname="AKHIL-TS" name="com.curriculum.My_lesson_plans_calendar" tests="3" failures="0" timestamp="14 Aug 2018 12:21:21 GMT" time="37.523" errors="0">
  <testcase name="TCED24105" time="12.911" classname="com.curriculum.My_lesson_plans_calendar"/>
  <testcase name="TCED24103" time="21.455" classname="com.curriculum.My_lesson_plans_calendar"/>
  <testcase name="TCED24104" time="3.157" classname="com.curriculum.My_lesson_plans_calendar"/>
</testsuite> <!-- com.curriculum.My_lesson_plans_calendar -->
