<?xml version="1.0" encoding="UTF-8"?>
<!-- Generated by org.testng.reporters.JUnitReportReporter -->
<testsuite hostname="QA-Scheduler" failures="0" tests="1" name="com.localassessment.Copy_assessment" time="8.966" errors="0" timestamp="02 Nov 2018 04:57:47 GMT" skipped="0">
  <testcase classname="com.localassessment.Copy_assessment" name="TCED15202" time="8.966"/>
</testsuite> <!-- com.localassessment.Copy_assessment -->
