<?xml version="1.0" encoding="UTF-8"?>
<!-- Generated by org.testng.reporters.JUnitReportReporter -->
<testsuite skipped="0" hostname="Vofox-Sebastian" name="com.curriculum.Batch_Print" tests="5" failures="0" timestamp="12 Oct 2018 13:10:51 GMT" time="39.652" errors="0">
  <testcase name="TCED28101" time="8.381" classname="com.curriculum.Batch_Print"/>
  <testcase name="TCED28102" time="1.627" classname="com.curriculum.Batch_Print"/>
  <testcase name="TCED28103" time="5.656" classname="com.curriculum.Batch_Print"/>
  <testcase name="TCED28104" time="23.461" classname="com.curriculum.Batch_Print"/>
  <testcase name="TCED28105" time="0.527" classname="com.curriculum.Batch_Print"/>
</testsuite> <!-- com.curriculum.Batch_Print -->
