<?xml version="1.0" encoding="UTF-8"?>
<!-- Generated by org.testng.reporters.JUnitReportReporter -->
<testsuite skipped="0" hostname="QA-Scheduler" name="com.MTSS.TieredStudentsWithNoInterventionPlan" tests="3" failures="0" timestamp="21 Sep 2018 06:23:44 GMT" time="36.596" errors="0">
  <testcase name="TCED221105" time="18.011" classname="com.MTSS.TieredStudentsWithNoInterventionPlan"/>
  <testcase name="TCED221106" time="9.306" classname="com.MTSS.TieredStudentsWithNoInterventionPlan"/>
  <testcase name="TCED221111" time="9.279" classname="com.MTSS.TieredStudentsWithNoInterventionPlan"/>
</testsuite> <!-- com.MTSS.TieredStudentsWithNoInterventionPlan -->
