<?xml version="1.0" encoding="UTF-8"?>
<!-- Generated by org.testng.reporters.JUnitReportReporter -->
<testsuite skipped="0" hostname="Vofox-Sebastian" name="com.curriculum.Report_By_Standard" tests="6" failures="0" timestamp="06 Sep 2018 07:04:00 GMT" time="40.951" errors="0">
  <testcase name="TCED26101" time="9.679" classname="com.curriculum.Report_By_Standard"/>
  <testcase name="TCED26102" time="1.216" classname="com.curriculum.Report_By_Standard"/>
  <testcase name="TCED26103" time="1.879" classname="com.curriculum.Report_By_Standard"/>
  <testcase name="TCED26104" time="24.981" classname="com.curriculum.Report_By_Standard"/>
  <testcase name="TCED26105" time="1.698" classname="com.curriculum.Report_By_Standard"/>
  <testcase name="TCED26106" time="1.498" classname="com.curriculum.Report_By_Standard"/>
</testsuite> <!-- com.curriculum.Report_By_Standard -->
