<?xml version="1.0" encoding="UTF-8"?>
<!-- Generated by org.testng.reporters.JUnitReportReporter -->
<testsuite skipped="0" hostname="AKHIL-TS" name="com.curriculum.Current_Map" tests="4" failures="0" timestamp="11 Sep 2018 12:17:28 GMT" time="22.496" errors="0">
  <testcase name="TCED29210" time="1.456" classname="com.curriculum.Current_Map"/>
  <testcase name="TCED29211" time="1.322" classname="com.curriculum.Current_Map"/>
  <testcase name="TCED29501" time="15.499" classname="com.curriculum.Current_Map"/>
  <testcase name="TCED29212" time="4.219" classname="com.curriculum.Current_Map"/>
</testsuite> <!-- com.curriculum.Current_Map -->
