<?xml version="1.0" encoding="UTF-8"?>
<!-- Generated by org.testng.reporters.JUnitReportReporter -->
<testsuite hostname="QA-Scheduler" failures="0" tests="28" name="com.curriculum.Print_Lessons" time="184.324" errors="0" timestamp="05 Nov 2018 11:38:41 GMT" skipped="0">
  <testcase classname="com.curriculum.Print_Lessons" name="TCED25101" time="8.590"/>
  <testcase classname="com.curriculum.Print_Lessons" name="TCED25102" time="3.083"/>
  <testcase classname="com.curriculum.Print_Lessons" name="TCED25103" time="2.293"/>
  <testcase classname="com.curriculum.Print_Lessons" name="TCED25104" time="13.387"/>
  <testcase classname="com.curriculum.Print_Lessons" name="TCED25105" time="13.582"/>
  <testcase classname="com.curriculum.Print_Lessons" name="TCED25106" time="2.808"/>
  <testcase classname="com.curriculum.Print_Lessons" name="TCED25107" time="2.840"/>
  <testcase classname="com.curriculum.Print_Lessons" name="TCED25108" time="2.075"/>
  <testcase classname="com.curriculum.Print_Lessons" name="TCED25109" time="2.489"/>
  <testcase classname="com.curriculum.Print_Lessons" name="TCED25110" time="13.653"/>
  <testcase classname="com.curriculum.Print_Lessons" name="TCED25111" time="13.167"/>
  <testcase classname="com.curriculum.Print_Lessons" name="TCED25112" time="2.677"/>
  <testcase classname="com.curriculum.Print_Lessons" name="TCED25113" time="2.082"/>
  <testcase classname="com.curriculum.Print_Lessons" name="TCED25114" time="2.295"/>
  <testcase classname="com.curriculum.Print_Lessons" name="TCED25115" time="13.590"/>
  <testcase classname="com.curriculum.Print_Lessons" name="TCED25116" time="13.410"/>
  <testcase classname="com.curriculum.Print_Lessons" name="TCED25117" time="2.982"/>
  <testcase classname="com.curriculum.Print_Lessons" name="TCED25118" time="1.883"/>
  <testcase classname="com.curriculum.Print_Lessons" name="TCED25119" time="2.426"/>
  <testcase classname="com.curriculum.Print_Lessons" name="TCED25120" time="13.899"/>
  <testcase classname="com.curriculum.Print_Lessons" name="TCED25121" time="13.343"/>
  <testcase classname="com.curriculum.Print_Lessons" name="TCED25122" time="2.783"/>
  <testcase classname="com.curriculum.Print_Lessons" name="TCED25123" time="1.890"/>
  <testcase classname="com.curriculum.Print_Lessons" name="TCED25124" time="2.070"/>
  <testcase classname="com.curriculum.Print_Lessons" name="TCED25125" time="13.542"/>
  <testcase classname="com.curriculum.Print_Lessons" name="TCED25126" time="13.239"/>
  <testcase classname="com.curriculum.Print_Lessons" name="TCED25127" time="2.566"/>
  <testcase classname="com.curriculum.Print_Lessons" name="TCED27128" time="1.680"/>
</testsuite> <!-- com.curriculum.Print_Lessons -->
