<?xml version="1.0" encoding="UTF-8"?>
<!-- Generated by org.testng.reporters.JUnitReportReporter -->
<testsuite skipped="0" hostname="Vofox-Sebastian" name="com.MTSS.Students_Receiving_Interventions_by_Teacher" tests="11" failures="0" timestamp="31 Oct 2018 15:09:15 GMT" time="46.359" errors="0">
  <testcase name="TCED221201" time="8.123" classname="com.MTSS.Students_Receiving_Interventions_by_Teacher"/>
  <testcase name="TCED221202" time="0.085" classname="com.MTSS.Students_Receiving_Interventions_by_Teacher"/>
  <testcase name="TCED221203" time="0.747" classname="com.MTSS.Students_Receiving_Interventions_by_Teacher"/>
  <testcase name="TCED221204" time="8.482" classname="com.MTSS.Students_Receiving_Interventions_by_Teacher"/>
  <testcase name="TCED221205" time="0.115" classname="com.MTSS.Students_Receiving_Interventions_by_Teacher"/>
  <testcase name="TCED221206" time="0.085" classname="com.MTSS.Students_Receiving_Interventions_by_Teacher"/>
  <testcase name="TCED221207" time="11.340" classname="com.MTSS.Students_Receiving_Interventions_by_Teacher"/>
  <testcase name="TCED221208" time="4.184" classname="com.MTSS.Students_Receiving_Interventions_by_Teacher"/>
  <testcase name="TCED221209" time="0.603" classname="com.MTSS.Students_Receiving_Interventions_by_Teacher"/>
  <testcase name="TCED221210" time="0.301" classname="com.MTSS.Students_Receiving_Interventions_by_Teacher"/>
  <testcase name="TCED221211" time="12.294" classname="com.MTSS.Students_Receiving_Interventions_by_Teacher"/>
</testsuite> <!-- com.MTSS.Students_Receiving_Interventions_by_Teacher -->
