<?xml version="1.0" encoding="UTF-8"?>
<!-- Generated by org.testng.reporters.JUnitReportReporter -->
<testsuite skipped="0" hostname="AKHIL-TS" name="com.administerAssessment.Create_New_Administration" tests="9" failures="2" timestamp="23 Oct 2018 06:21:06 GMT" time="59.366" errors="0">
  <testcase name="TCED11007" time="2.973" classname="com.administerAssessment.Create_New_Administration"/>
  <testcase name="TCED11002" time="5.044" classname="com.administerAssessment.Create_New_Administration"/>
  <testcase name="TCED11003" time="0.938" classname="com.administerAssessment.Create_New_Administration"/>
  <testcase name="TCED11009" time="20.281" classname="com.administerAssessment.Create_New_Administration">
    <failure type="java.lang.AssertionError" message="Timeout during waiting for element: &#039;//*[@id=&#039;ctl00_MainContent_rcmAssessmentEditOptions_detached&#039;]/ul/li[2]/span&#039;">
      <![CDATA[java.lang.AssertionError: Timeout during waiting for element: '//*[@id='ctl00_MainContent_rcmAssessmentEditOptions_detached']/ul/li[2]/span'
	at Library.BaseClassOne.waitFor(BaseClassOne.java:271)
	at Library.BaseClassOne.click(BaseClassOne.java:183)
	at com.administerAssessment.Create_New_Administration.TCED11009(Create_New_Administration.java:307)
	at sun.reflect.NativeMethodAccessorImpl.invoke0(Native Method)
	at sun.reflect.NativeMethodAccessorImpl.invoke(NativeMethodAccessorImpl.java:62)
	at sun.reflect.DelegatingMethodAccessorImpl.invoke(DelegatingMethodAccessorImpl.java:43)
	at java.lang.reflect.Method.invoke(Method.java:498)
	at org.testng.internal.MethodInvocationHelper.invokeMethod(MethodInvocationHelper.java:100)
	at org.testng.internal.Invoker.invokeMethod(Invoker.java:646)
	at org.testng.internal.Invoker.invokeTestMethod(Invoker.java:811)
	at org.testng.internal.Invoker.invokeTestMethods(Invoker.java:1137)
	at org.testng.internal.TestMethodWorker.invokeTestMethods(TestMethodWorker.java:129)
	at org.testng.internal.TestMethodWorker.run(TestMethodWorker.java:112)
	at org.testng.TestRunner.privateRun(TestRunner.java:753)
	at org.testng.TestRunner.run(TestRunner.java:607)
	at org.testng.SuiteRunner.runTest(SuiteRunner.java:368)
	at org.testng.SuiteRunner.runSequentially(SuiteRunner.java:363)
	at org.testng.SuiteRunner.privateRun(SuiteRunner.java:321)
	at org.testng.SuiteRunner.run(SuiteRunner.java:270)
	at org.testng.SuiteRunnerWorker.runSuite(SuiteRunnerWorker.java:52)
	at org.testng.SuiteRunnerWorker.run(SuiteRunnerWorker.java:86)
	at org.testng.TestNG.runSuitesSequentially(TestNG.java:1284)
	at org.testng.TestNG.runSuitesLocally(TestNG.java:1209)
	at org.testng.TestNG.runSuites(TestNG.java:1124)
	at org.testng.TestNG.run(TestNG.java:1096)
	at org.testng.remote.AbstractRemoteTestNG.run(AbstractRemoteTestNG.java:132)
	at org.testng.remote.RemoteTestNG.initAndRun(RemoteTestNG.java:236)
	at org.testng.remote.RemoteTestNG.main(RemoteTestNG.java:81)
]]>
    </failure>
  </testcase> <!-- TCED11009 -->
  <testcase name="TCED11004" time="0.620" classname="com.administerAssessment.Create_New_Administration"/>
  <testcase name="TCED11001" time="6.346" classname="com.administerAssessment.Create_New_Administration"/>
  <testcase name="TCED11008" time="20.957" classname="com.administerAssessment.Create_New_Administration">
    <failure type="java.lang.AssertionError" message="Timeout during waiting for element: &#039;//span[contains(text(),&#039;Print Test&#039;)]&#039;">
      <![CDATA[java.lang.AssertionError: Timeout during waiting for element: '//span[contains(text(),'Print Test')]'
	at Library.BaseClassOne.waitFor(BaseClassOne.java:271)
	at Library.BaseClassOne.click(BaseClassOne.java:183)
	at com.generalMethods.AssessmentPrint.AssessmentPrintReports(AssessmentPrint.java:15)
	at com.administerAssessment.Create_New_Administration.TCED11008(Create_New_Administration.java:289)
	at sun.reflect.NativeMethodAccessorImpl.invoke0(Native Method)
	at sun.reflect.NativeMethodAccessorImpl.invoke(NativeMethodAccessorImpl.java:62)
	at sun.reflect.DelegatingMethodAccessorImpl.invoke(DelegatingMethodAccessorImpl.java:43)
	at java.lang.reflect.Method.invoke(Method.java:498)
	at org.testng.internal.MethodInvocationHelper.invokeMethod(MethodInvocationHelper.java:100)
	at org.testng.internal.Invoker.invokeMethod(Invoker.java:646)
	at org.testng.internal.Invoker.invokeTestMethod(Invoker.java:811)
	at org.testng.internal.Invoker.invokeTestMethods(Invoker.java:1137)
	at org.testng.internal.TestMethodWorker.invokeTestMethods(TestMethodWorker.java:129)
	at org.testng.internal.TestMethodWorker.run(TestMethodWorker.java:112)
	at org.testng.TestRunner.privateRun(TestRunner.java:753)
	at org.testng.TestRunner.run(TestRunner.java:607)
	at org.testng.SuiteRunner.runTest(SuiteRunner.java:368)
	at org.testng.SuiteRunner.runSequentially(SuiteRunner.java:363)
	at org.testng.SuiteRunner.privateRun(SuiteRunner.java:321)
	at org.testng.SuiteRunner.run(SuiteRunner.java:270)
	at org.testng.SuiteRunnerWorker.runSuite(SuiteRunnerWorker.java:52)
	at org.testng.SuiteRunnerWorker.run(SuiteRunnerWorker.java:86)
	at org.testng.TestNG.runSuitesSequentially(TestNG.java:1284)
	at org.testng.TestNG.runSuitesLocally(TestNG.java:1209)
	at org.testng.TestNG.runSuites(TestNG.java:1124)
	at org.testng.TestNG.run(TestNG.java:1096)
	at org.testng.remote.AbstractRemoteTestNG.run(AbstractRemoteTestNG.java:132)
	at org.testng.remote.RemoteTestNG.initAndRun(RemoteTestNG.java:236)
	at org.testng.remote.RemoteTestNG.main(RemoteTestNG.java:81)
]]>
    </failure>
  </testcase> <!-- TCED11008 -->
  <testcase name="TCED11005" time="1.830" classname="com.administerAssessment.Create_New_Administration"/>
  <testcase name="TCED11006" time="0.377" classname="com.administerAssessment.Create_New_Administration"/>
</testsuite> <!-- com.administerAssessment.Create_New_Administration -->
