<?xml version="1.0" encoding="UTF-8"?>
<!-- Generated by org.testng.reporters.JUnitReportReporter -->
<testsuite skipped="0" hostname="Vofox-Sebastian" name="com.analyzeByScore.Local_Assessment_Item_Analysisby_Student" tests="8" failures="0" timestamp="06 Nov 2019 07:28:37 GMT" time="162.131" errors="0">
  <testcase name="TCED14121" time="4.157" classname="com.analyzeByScore.Local_Assessment_Item_Analysisby_Student"/>
  <testcase name="TCED14122" time="8.040" classname="com.analyzeByScore.Local_Assessment_Item_Analysisby_Student"/>
  <testcase name="TCED14123" time="0.331" classname="com.analyzeByScore.Local_Assessment_Item_Analysisby_Student"/>
  <testcase name="TCED14124" time="3.395" classname="com.analyzeByScore.Local_Assessment_Item_Analysisby_Student"/>
  <testcase name="TCED14125" time="2.488" classname="com.analyzeByScore.Local_Assessment_Item_Analysisby_Student"/>
  <testcase name="TCED14126" time="8.893" classname="com.analyzeByScore.Local_Assessment_Item_Analysisby_Student"/>
  <testcase name="TCED14127" time="28.265" classname="com.analyzeByScore.Local_Assessment_Item_Analysisby_Student"/>
  <testcase name="TCED14128" time="106.562" classname="com.analyzeByScore.Local_Assessment_Item_Analysisby_Student"/>
</testsuite> <!-- com.analyzeByScore.Local_Assessment_Item_Analysisby_Student -->
