<?xml version="1.0" encoding="UTF-8"?>
<!-- Generated by org.testng.reporters.JUnitReportReporter -->
<testsuite skipped="0" hostname="Vofox-Sebastian" name="com.MTSS.Students_Receiving_Interventions_by_Teacher" tests="10" failures="0" timestamp="30 Jul 2019 09:38:19 GMT" time="34.222" errors="0">
  <testcase name="TCED221201" time="6.812" classname="com.MTSS.Students_Receiving_Interventions_by_Teacher"/>
  <testcase name="TCED221202" time="0.075" classname="com.MTSS.Students_Receiving_Interventions_by_Teacher"/>
  <testcase name="TCED221203" time="1.042" classname="com.MTSS.Students_Receiving_Interventions_by_Teacher"/>
  <testcase name="TCED221204" time="8.916" classname="com.MTSS.Students_Receiving_Interventions_by_Teacher"/>
  <testcase name="TCED221205" time="0.115" classname="com.MTSS.Students_Receiving_Interventions_by_Teacher"/>
  <testcase name="TCED221206" time="0.085" classname="com.MTSS.Students_Receiving_Interventions_by_Teacher"/>
  <testcase name="TCED221207" time="11.346" classname="com.MTSS.Students_Receiving_Interventions_by_Teacher"/>
  <testcase name="TCED221208" time="3.694" classname="com.MTSS.Students_Receiving_Interventions_by_Teacher"/>
  <testcase name="TCED221209" time="0.865" classname="com.MTSS.Students_Receiving_Interventions_by_Teacher"/>
  <testcase name="TCED221210" time="1.272" classname="com.MTSS.Students_Receiving_Interventions_by_Teacher"/>
</testsuite> <!-- com.MTSS.Students_Receiving_Interventions_by_Teacher -->
