<?xml version="1.0" encoding="UTF-8"?>
<!-- Generated by org.testng.reporters.JUnitReportReporter -->
<testsuite skipped="0" hostname="Vofox-Sebastian" name="com.localassessment.ScoreClassResultsOnline" tests="9" failures="0" timestamp="15 Oct 2018 07:35:40 GMT" time="31.037" errors="0">
  <testcase name="TCED13022" time="13.345" classname="com.localassessment.ScoreClassResultsOnline"/>
  <testcase name="TCED13023" time="0.314" classname="com.localassessment.ScoreClassResultsOnline"/>
  <testcase name="TCED13024" time="0.934" classname="com.localassessment.ScoreClassResultsOnline"/>
  <testcase name="TCED13025" time="1.201" classname="com.localassessment.ScoreClassResultsOnline"/>
  <testcase name="TCED13026" time="3.156" classname="com.localassessment.ScoreClassResultsOnline"/>
  <testcase name="TCED13027" time="4.001" classname="com.localassessment.ScoreClassResultsOnline"/>
  <testcase name="TCED13028" time="3.193" classname="com.localassessment.ScoreClassResultsOnline"/>
  <testcase name="TCED13029" time="0.978" classname="com.localassessment.ScoreClassResultsOnline"/>
  <testcase name="TCED13030" time="3.915" classname="com.localassessment.ScoreClassResultsOnline"/>
</testsuite> <!-- com.localassessment.ScoreClassResultsOnline -->
