<?xml version="1.0" encoding="UTF-8"?>
<!-- Generated by org.testng.reporters.JUnitReportReporter -->
<testsuite skipped="0" hostname="Vofox-Sebastian" name="com.administerAssessment.Create_New_Administration" tests="9" failures="0" timestamp="16 Nov 2018 11:08:43 GMT" time="132.241" errors="0">
  <testcase name="TCED11001" time="6.662" classname="com.administerAssessment.Create_New_Administration"/>
  <testcase name="TCED11002" time="5.273" classname="com.administerAssessment.Create_New_Administration"/>
  <testcase name="TCED11003" time="1.791" classname="com.administerAssessment.Create_New_Administration"/>
  <testcase name="TCED11004" time="0.612" classname="com.administerAssessment.Create_New_Administration"/>
  <testcase name="TCED11005" time="1.854" classname="com.administerAssessment.Create_New_Administration"/>
  <testcase name="TCED11006" time="0.344" classname="com.administerAssessment.Create_New_Administration"/>
  <testcase name="TCED11007" time="2.801" classname="com.administerAssessment.Create_New_Administration"/>
  <testcase name="TCED11008" time="109.623" classname="com.administerAssessment.Create_New_Administration"/>
  <testcase name="TCED11009" time="3.281" classname="com.administerAssessment.Create_New_Administration"/>
</testsuite> <!-- com.administerAssessment.Create_New_Administration -->
