<?xml version="1.0" encoding="UTF-8"?>
<!-- Generated by org.testng.reporters.JUnitReportReporter -->
<testsuite hostname="QA-Scheduler" failures="0" tests="15" name="com.MTSS.Configure_Settings" time="30.182" errors="0" timestamp="06 Nov 2018 05:22:47 GMT" skipped="0">
  <testcase classname="com.MTSS.Configure_Settings" name="TCED23101" time="8.002"/>
  <testcase classname="com.MTSS.Configure_Settings" name="TCED23102" time="0.686"/>
  <testcase classname="com.MTSS.Configure_Settings" name="TCED23103" time="1.827"/>
  <testcase classname="com.MTSS.Configure_Settings" name="TCED23104" time="1.669"/>
  <testcase classname="com.MTSS.Configure_Settings" name="TCED23105" time="2.496"/>
  <testcase classname="com.MTSS.Configure_Settings" name="TCED23106" time="1.630"/>
  <testcase classname="com.MTSS.Configure_Settings" name="TCED23107" time="1.445"/>
  <testcase classname="com.MTSS.Configure_Settings" name="TCED23108" time="1.497"/>
  <testcase classname="com.MTSS.Configure_Settings" name="TCED23109" time="1.569"/>
  <testcase classname="com.MTSS.Configure_Settings" name="TCED23110" time="1.535"/>
  <testcase classname="com.MTSS.Configure_Settings" name="TCED23111" time="1.443"/>
  <testcase classname="com.MTSS.Configure_Settings" name="TCED23112" time="1.473"/>
  <testcase classname="com.MTSS.Configure_Settings" name="TCED23113" time="1.444"/>
  <testcase classname="com.MTSS.Configure_Settings" name="TCED23114" time="1.810"/>
  <testcase classname="com.MTSS.Configure_Settings" name="TCED23115" time="1.656"/>
</testsuite> <!-- com.MTSS.Configure_Settings -->
