<?xml version="1.0" encoding="UTF-8"?>
<!-- Generated by org.testng.reporters.JUnitReportReporter -->
<testsuite skipped="0" hostname="AKHIL-TS" name="com.curriculum.Analyze_curriculam" tests="18" failures="0" timestamp="6 Nov 2018 08:54:10 GMT" time="136.270" errors="0">
  <testcase name="TCED29712" time="11.324" classname="com.curriculum.Analyze_curriculam"/>
  <testcase name="TCED29707" time="0.260" classname="com.curriculum.Analyze_curriculam"/>
  <testcase name="TCED29705" time="0.167" classname="com.curriculum.Analyze_curriculam"/>
  <testcase name="TCED29717" time="23.506" classname="com.curriculum.Analyze_curriculam"/>
  <testcase name="TCED29715" time="0.341" classname="com.curriculum.Analyze_curriculam"/>
  <testcase name="TCED29714" time="1.126" classname="com.curriculum.Analyze_curriculam"/>
  <testcase name="TCED29703" time="0.828" classname="com.curriculum.Analyze_curriculam"/>
  <testcase name="TCED29704" time="4.227" classname="com.curriculum.Analyze_curriculam"/>
  <testcase name="TCED29706" time="2.913" classname="com.curriculum.Analyze_curriculam"/>
  <testcase name="TCED29709" time="11.330" classname="com.curriculum.Analyze_curriculam"/>
  <testcase name="TCED29710" time="4.306" classname="com.curriculum.Analyze_curriculam"/>
  <testcase name="TCED29716" time="6.333" classname="com.curriculum.Analyze_curriculam"/>
  <testcase name="TCED29718" time="1.325" classname="com.curriculum.Analyze_curriculam"/>
  <testcase name="TCED29713" time="11.284" classname="com.curriculum.Analyze_curriculam"/>
  <testcase name="TCED29701" time="20.294" classname="com.curriculum.Analyze_curriculam"/>
  <testcase name="TCED29708" time="11.310" classname="com.curriculum.Analyze_curriculam"/>
  <testcase name="TCED29711" time="20.961" classname="com.curriculum.Analyze_curriculam"/>
  <testcase name="TCED29702" time="4.435" classname="com.curriculum.Analyze_curriculam"/>
</testsuite> <!-- com.curriculum.Analyze_curriculam -->
