<?xml version="1.0" encoding="UTF-8"?>
<!-- Generated by org.testng.reporters.JUnitReportReporter -->
<testsuite skipped="0" hostname="AKHIL-TS" name="com.localassessment.Score_Class_Results_Online" tests="10" failures="0" timestamp="19 Nov 2018 08:23:33 GMT" time="29.548" errors="0">
  <testcase name="TCED13023" time="0.272" classname="com.localassessment.Score_Class_Results_Online"/>
  <testcase name="TCED13029" time="1.012" classname="com.localassessment.Score_Class_Results_Online"/>
  <testcase name="TCED13028" time="2.932" classname="com.localassessment.Score_Class_Results_Online"/>
  <testcase name="TCED13026" time="2.851" classname="com.localassessment.Score_Class_Results_Online"/>
  <testcase name="TCED13021" time="6.363" classname="com.localassessment.Score_Class_Results_Online"/>
  <testcase name="TCED13024" time="0.814" classname="com.localassessment.Score_Class_Results_Online"/>
  <testcase name="TCED13022" time="6.353" classname="com.localassessment.Score_Class_Results_Online"/>
  <testcase name="TCED13030" time="3.760" classname="com.localassessment.Score_Class_Results_Online"/>
  <testcase name="TCED13025" time="1.031" classname="com.localassessment.Score_Class_Results_Online"/>
  <testcase name="TCED13027" time="4.160" classname="com.localassessment.Score_Class_Results_Online"/>
</testsuite> <!-- com.localassessment.Score_Class_Results_Online -->
