<?xml version="1.0" encoding="UTF-8"?>
<!-- Generated by org.testng.reporters.JUnitReportReporter -->
<testsuite skipped="0" hostname="Vofox-Sebastian" name="com.localassessment.Question_Bank_Apply_Standards" tests="8" failures="0" timestamp="24 Jan 2020 09:43:08 GMT" time="104.607" errors="0">
  <testcase name="TCED16201" time="8.375" classname="com.localassessment.Question_Bank_Apply_Standards"/>
  <testcase name="TCED16202" time="18.146" classname="com.localassessment.Question_Bank_Apply_Standards"/>
  <testcase name="TCED16203" time="0.718" classname="com.localassessment.Question_Bank_Apply_Standards"/>
  <testcase name="TCED16204" time="2.211" classname="com.localassessment.Question_Bank_Apply_Standards"/>
  <testcase name="TCED16205" time="11.651" classname="com.localassessment.Question_Bank_Apply_Standards"/>
  <testcase name="TCED16206" time="23.078" classname="com.localassessment.Question_Bank_Apply_Standards"/>
  <testcase name="TCED16207" time="26.024" classname="com.localassessment.Question_Bank_Apply_Standards"/>
  <testcase name="TCED16208" time="14.404" classname="com.localassessment.Question_Bank_Apply_Standards"/>
</testsuite> <!-- com.localassessment.Question_Bank_Apply_Standards -->
