<?xml version="1.0" encoding="UTF-8"?>
<!-- Generated by org.testng.reporters.JUnitReportReporter -->
<testsuite hostname="QA-Scheduler" failures="0" tests="10" name="com.localassessment.Score_Class_Results_Online" time="24.883" errors="0" timestamp="14 Nov 2018 11:31:33 GMT" skipped="0">
  <testcase classname="com.localassessment.Score_Class_Results_Online" name="TCED13021" time="5.788"/>
  <testcase classname="com.localassessment.Score_Class_Results_Online" name="TCED13022" time="5.054"/>
  <testcase classname="com.localassessment.Score_Class_Results_Online" name="TCED13023" time="0.253"/>
  <testcase classname="com.localassessment.Score_Class_Results_Online" name="TCED13024" time="0.674"/>
  <testcase classname="com.localassessment.Score_Class_Results_Online" name="TCED13025" time="1.018"/>
  <testcase classname="com.localassessment.Score_Class_Results_Online" name="TCED13026" time="2.140"/>
  <testcase classname="com.localassessment.Score_Class_Results_Online" name="TCED13027" time="3.072"/>
  <testcase classname="com.localassessment.Score_Class_Results_Online" name="TCED13028" time="2.414"/>
  <testcase classname="com.localassessment.Score_Class_Results_Online" name="TCED13029" time="0.787"/>
  <testcase classname="com.localassessment.Score_Class_Results_Online" name="TCED13030" time="3.683"/>
</testsuite> <!-- com.localassessment.Score_Class_Results_Online -->
