<?xml version="1.0" encoding="UTF-8"?>
<!-- Generated by org.testng.reporters.JUnitReportReporter -->
<testsuite hostname="QA-Scheduler" failures="0" tests="8" name="com.localassessment.Question_Bank_Apply_Standards" time="53.724" errors="0" timestamp="02 Nov 2018 05:01:50 GMT" skipped="0">
  <testcase classname="com.localassessment.Question_Bank_Apply_Standards" name="TCED16201" time="5.640"/>
  <testcase classname="com.localassessment.Question_Bank_Apply_Standards" name="TCED16202" time="6.540"/>
  <testcase classname="com.localassessment.Question_Bank_Apply_Standards" name="TCED16203" time="0.753"/>
  <testcase classname="com.localassessment.Question_Bank_Apply_Standards" name="TCED16204" time="2.058"/>
  <testcase classname="com.localassessment.Question_Bank_Apply_Standards" name="TCED16205" time="7.599"/>
  <testcase classname="com.localassessment.Question_Bank_Apply_Standards" name="TCED16206" time="7.655"/>
  <testcase classname="com.localassessment.Question_Bank_Apply_Standards" name="TCED16207" time="13.537"/>
  <testcase classname="com.localassessment.Question_Bank_Apply_Standards" name="TCED16208" time="9.942"/>
</testsuite> <!-- com.localassessment.Question_Bank_Apply_Standards -->
