<?xml version="1.0" encoding="UTF-8"?>
<!-- Generated by org.testng.reporters.JUnitReportReporter -->
<testsuite skipped="0" hostname="Vofox-Sebastian" name="com.manageAssessment.SharingOptions" tests="2" failures="0" timestamp="12 Oct 2018 09:16:42 GMT" time="22.409" errors="0">
  <testcase name="TCED10004" time="16.253" classname="com.manageAssessment.SharingOptions"/>
  <testcase name="TCED10006" time="6.156" classname="com.manageAssessment.SharingOptions"/>
</testsuite> <!-- com.manageAssessment.SharingOptions -->
