<?xml version="1.0" encoding="UTF-8"?>
<!-- Generated by org.testng.reporters.JUnitReportReporter -->
<testsuite skipped="0" hostname="AKHIL-TS" name="com.curriculum.Standards_Coverage_Report" tests="8" failures="0" timestamp="7 Nov 2018 10:00:29 GMT" time="42.995" errors="0">
  <testcase name="TCED30207" time="11.295" classname="com.curriculum.Standards_Coverage_Report"/>
  <testcase name="TCED30208" time="11.315" classname="com.curriculum.Standards_Coverage_Report"/>
  <testcase name="TCED30201" time="13.927" classname="com.curriculum.Standards_Coverage_Report"/>
  <testcase name="TCED30203" time="2.872" classname="com.curriculum.Standards_Coverage_Report"/>
  <testcase name="TCED30204" time="0.123" classname="com.curriculum.Standards_Coverage_Report"/>
  <testcase name="TCED30202" time="0.980" classname="com.curriculum.Standards_Coverage_Report"/>
  <testcase name="TCED30206" time="0.138" classname="com.curriculum.Standards_Coverage_Report"/>
  <testcase name="TCED30205" time="2.345" classname="com.curriculum.Standards_Coverage_Report"/>
</testsuite> <!-- com.curriculum.Standards_Coverage_Report -->
