<?xml version="1.0" encoding="UTF-8"?>
<!-- Generated by org.testng.reporters.JUnitReportReporter -->
<testsuite skipped="0" hostname="AKHIL-TS" name="com.MTSS.Fix_and_Delete_intervention_plan" tests="12" failures="0" timestamp="15 Nov 2018 11:04:02 GMT" time="72.212" errors="0">
  <testcase name="TCED19804" time="3.389" classname="com.MTSS.Fix_and_Delete_intervention_plan"/>
  <testcase name="TCED19806" time="0.572" classname="com.MTSS.Fix_and_Delete_intervention_plan"/>
  <testcase name="TCED19802" time="0.192" classname="com.MTSS.Fix_and_Delete_intervention_plan"/>
  <testcase name="TCED19810" time="1.595" classname="com.MTSS.Fix_and_Delete_intervention_plan"/>
  <testcase name="TCED19803" time="1.600" classname="com.MTSS.Fix_and_Delete_intervention_plan"/>
  <testcase name="TCED19801" time="8.313" classname="com.MTSS.Fix_and_Delete_intervention_plan"/>
  <testcase name="TCED19808" time="22.892" classname="com.MTSS.Fix_and_Delete_intervention_plan"/>
  <testcase name="TCED19812" time="3.801" classname="com.MTSS.Fix_and_Delete_intervention_plan"/>
  <testcase name="TCED19811" time="10.903" classname="com.MTSS.Fix_and_Delete_intervention_plan"/>
  <testcase name="TCED19805" time="1.447" classname="com.MTSS.Fix_and_Delete_intervention_plan"/>
  <testcase name="TCED19807" time="5.536" classname="com.MTSS.Fix_and_Delete_intervention_plan"/>
  <testcase name="TCED19809" time="11.972" classname="com.MTSS.Fix_and_Delete_intervention_plan"/>
</testsuite> <!-- com.MTSS.Fix_and_Delete_intervention_plan -->
