<?xml version="1.0" encoding="UTF-8"?>
<!-- Generated by org.testng.reporters.JUnitReportReporter -->
<testsuite skipped="0" hostname="AKHIL-TS" name="com.MTSS.Early_Warning_Identification" tests="2" failures="0" timestamp="13 Aug 2018 12:44:57 GMT" time="56.145" errors="0">
  <testcase name="TCED22107" time="52.678" classname="com.MTSS.Early_Warning_Identification"/>
  <testcase name="TCED22111" time="3.467" classname="com.MTSS.Early_Warning_Identification"/>
</testsuite> <!-- com.MTSS.Early_Warning_Identification -->
