<?xml version="1.0" encoding="UTF-8"?>
<!-- Generated by org.testng.reporters.JUnitReportReporter -->
<testsuite skipped="0" hostname="Vofox-Sebastian" name="com.Home.Notes_Tracking_Summary" tests="6" failures="0" timestamp="02 Aug 2019 12:07:29 GMT" time="39.992" errors="0">
  <testcase name="TCED33601" time="8.688" classname="com.Home.Notes_Tracking_Summary"/>
  <testcase name="TCED33602" time="0.071" classname="com.Home.Notes_Tracking_Summary"/>
  <testcase name="TCED33603" time="2.248" classname="com.Home.Notes_Tracking_Summary"/>
  <testcase name="TCED33604" time="2.312" classname="com.Home.Notes_Tracking_Summary"/>
  <testcase name="TCED33605" time="14.878" classname="com.Home.Notes_Tracking_Summary"/>
  <testcase name="TCED33606" time="11.795" classname="com.Home.Notes_Tracking_Summary"/>
</testsuite> <!-- com.Home.Notes_Tracking_Summary -->
