<?xml version="1.0" encoding="UTF-8"?>
<!-- Generated by org.testng.reporters.JUnitReportReporter -->
<testsuite skipped="0" hostname="AKHIL-TS" name="com.Student_Data_Depot.Student_Data_Depot_Configure_Testing_Periods" tests="4" failures="0" timestamp="27 Nov 2018 10:58:45 GMT" time="14.026" errors="0">
  <testcase name="TCED62201" time="12.525" classname="com.Student_Data_Depot.Student_Data_Depot_Configure_Testing_Periods"/>
  <testcase name="TCED62204" time="0.515" classname="com.Student_Data_Depot.Student_Data_Depot_Configure_Testing_Periods"/>
  <testcase name="TCED62202" time="0.001" classname="com.Student_Data_Depot.Student_Data_Depot_Configure_Testing_Periods"/>
  <testcase name="TCED62203" time="0.985" classname="com.Student_Data_Depot.Student_Data_Depot_Configure_Testing_Periods"/>
</testsuite> <!-- com.Student_Data_Depot.Student_Data_Depot_Configure_Testing_Periods -->
