<?xml version="1.0" encoding="UTF-8"?>
<!-- Generated by org.testng.reporters.JUnitReportReporter -->
<testsuite skipped="0" hostname="AKHIL-TS" name="com.curriculum.Batch_Print" tests="3" failures="1" timestamp="4 Sep 2018 13:40:14 GMT" time="10.973" errors="0">
  <testcase name="TCED28102" time="1.045" classname="com.curriculum.Batch_Print"/>
  <testcase name="TCED28101" time="7.807" classname="com.curriculum.Batch_Print"/>
  <testcase name="TCED28103" time="2.121" classname="com.curriculum.Batch_Print">
    <failure type="java.lang.AssertionError" message="TypeError: Expected an element or WindowProxy, got: [object Text] {}
Build info: version: &#039;3.11.0&#039;, revision: &#039;e59cfb3&#039;, time: &#039;2018-03-11T20:26:55.152Z&#039;
System info: host: &#039;AKHIL-TS&#039;, ip: &#039;192.168.10.122&#039;, os.name: &#039;Windows 7&#039;, os.arch: &#039;x86&#039;, os.version: &#039;6.1&#039;, java.version: &#039;1.8.0_112&#039;
Driver info: org.openqa.selenium.firefox.FirefoxDriver
Capabilities {acceptInsecureCerts: true, browserName: firefox, browserVersion: 61.0, javascriptEnabled: true, moz:accessibilityChecks: false, moz:headless: false, moz:processID: 11852, moz:profile: D:\Users\Akhil-TS\AppData\L..., moz:useNonSpecCompliantPointerOrigin: false, moz:webdriverClick: true, pageLoadStrategy: normal, platform: XP, platformName: XP, platformVersion: 6.1, rotatable: false, timeouts: {implicit: 0, pageLoad: 300000, script: 30000}}
Session ID: 21427749-f0fb-48a1-b144-a7bdf95dd03c
*** Element info: {Using=xpath, value=//*[@id=&#039;ctl00_MainContent_lblMsg&#039;]/text()[1]}">
      <![CDATA[java.lang.AssertionError: TypeError: Expected an element or WindowProxy, got: [object Text] {}
Build info: version: '3.11.0', revision: 'e59cfb3', time: '2018-03-11T20:26:55.152Z'
System info: host: 'AKHIL-TS', ip: '192.168.10.122', os.name: 'Windows 7', os.arch: 'x86', os.version: '6.1', java.version: '1.8.0_112'
Driver info: org.openqa.selenium.firefox.FirefoxDriver
Capabilities {acceptInsecureCerts: true, browserName: firefox, browserVersion: 61.0, javascriptEnabled: true, moz:accessibilityChecks: false, moz:headless: false, moz:processID: 11852, moz:profile: D:\Users\Akhil-TS\AppData\L..., moz:useNonSpecCompliantPointerOrigin: false, moz:webdriverClick: true, pageLoadStrategy: normal, platform: XP, platformName: XP, platformVersion: 6.1, rotatable: false, timeouts: {implicit: 0, pageLoad: 300000, script: 30000}}
Session ID: 21427749-f0fb-48a1-b144-a7bdf95dd03c
*** Element info: {Using=xpath, value=//*[@id='ctl00_MainContent_lblMsg']/text()[1]}
	at org.testng.Assert.fail(Assert.java:94)
	at com.curriculum.Batch_Print.TCED28103(Batch_Print.java:108)
	at sun.reflect.NativeMethodAccessorImpl.invoke0(Native Method)
	at sun.reflect.NativeMethodAccessorImpl.invoke(NativeMethodAccessorImpl.java:62)
	at sun.reflect.DelegatingMethodAccessorImpl.invoke(DelegatingMethodAccessorImpl.java:43)
	at java.lang.reflect.Method.invoke(Method.java:498)
	at org.testng.internal.MethodInvocationHelper.invokeMethod(MethodInvocationHelper.java:100)
	at org.testng.internal.Invoker.invokeMethod(Invoker.java:646)
	at org.testng.internal.Invoker.invokeTestMethod(Invoker.java:811)
	at org.testng.internal.Invoker.invokeTestMethods(Invoker.java:1137)
	at org.testng.internal.TestMethodWorker.invokeTestMethods(TestMethodWorker.java:129)
	at org.testng.internal.TestMethodWorker.run(TestMethodWorker.java:112)
	at org.testng.TestRunner.privateRun(TestRunner.java:753)
	at org.testng.TestRunner.run(TestRunner.java:607)
	at org.testng.SuiteRunner.runTest(SuiteRunner.java:368)
	at org.testng.SuiteRunner.runSequentially(SuiteRunner.java:363)
	at org.testng.SuiteRunner.privateRun(SuiteRunner.java:321)
	at org.testng.SuiteRunner.run(SuiteRunner.java:270)
	at org.testng.SuiteRunnerWorker.runSuite(SuiteRunnerWorker.java:52)
	at org.testng.SuiteRunnerWorker.run(SuiteRunnerWorker.java:86)
	at org.testng.TestNG.runSuitesSequentially(TestNG.java:1284)
	at org.testng.TestNG.runSuitesLocally(TestNG.java:1209)
	at org.testng.TestNG.runSuites(TestNG.java:1124)
	at org.testng.TestNG.run(TestNG.java:1096)
	at org.testng.remote.AbstractRemoteTestNG.run(AbstractRemoteTestNG.java:132)
	at org.testng.remote.RemoteTestNG.initAndRun(RemoteTestNG.java:236)
	at org.testng.remote.RemoteTestNG.main(RemoteTestNG.java:81)
]]>
    </failure>
  </testcase> <!-- TCED28103 -->
</testsuite> <!-- com.curriculum.Batch_Print -->
