<?xml version="1.0" encoding="UTF-8"?>
<!-- Generated by org.testng.reporters.JUnitReportReporter -->
<testsuite skipped="0" hostname="Vofox-Sebastian" name="com.analyzeByScore.AdministrationComparisonbyStudent" tests="7" failures="1" timestamp="29 Oct 2018 08:53:35 GMT" time="88.957" errors="0">
  <testcase name="TCED14291" time="9.332" classname="com.analyzeByScore.AdministrationComparisonbyStudent">
    <failure type="java.lang.AssertionError" message="expected [Administration Comparison by Student] but found [Test Administration Comparison Report]">
      <![CDATA[java.lang.AssertionError: expected [Administration Comparison by Student] but found [Test Administration Comparison Report]
at org.testng.Assert.fail(Assert.java:96)
at org.testng.Assert.failNotEquals(Assert.java:776)
at org.testng.Assert.assertEqualsImpl(Assert.java:137)
at org.testng.Assert.assertEquals(Assert.java:118)
at org.testng.Assert.assertEquals(Assert.java:453)
at org.testng.Assert.assertEquals(Assert.java:463)
at com.analyzeByScore.AdministrationComparisonbyStudent.TCED14291(AdministrationComparisonbyStudent.java:39)
at sun.reflect.NativeMethodAccessorImpl.invoke0(Native Method)
at sun.reflect.NativeMethodAccessorImpl.invoke(NativeMethodAccessorImpl.java:62)
at sun.reflect.DelegatingMethodAccessorImpl.invoke(DelegatingMethodAccessorImpl.java:43)
at java.lang.reflect.Method.invoke(Method.java:498)
at org.testng.internal.MethodInvocationHelper.invokeMethod(MethodInvocationHelper.java:124)
at org.testng.internal.Invoker.invokeMethod(Invoker.java:583)
at org.testng.internal.Invoker.invokeTestMethod(Invoker.java:719)
at org.testng.internal.Invoker.invokeTestMethods(Invoker.java:989)
at org.testng.internal.TestMethodWorker.invokeTestMethods(TestMethodWorker.java:125)
at org.testng.internal.TestMethodWorker.run(TestMethodWorker.java:109)
at org.testng.TestRunner.privateRun(TestRunner.java:648)
at org.testng.TestRunner.run(TestRunner.java:505)
at org.testng.SuiteRunner.runTest(SuiteRunner.java:455)
at org.testng.SuiteRunner.runSequentially(SuiteRunner.java:450)
at org.testng.SuiteRunner.privateRun(SuiteRunner.java:415)
at org.testng.SuiteRunner.run(SuiteRunner.java:364)
at org.testng.SuiteRunnerWorker.runSuite(SuiteRunnerWorker.java:52)
at org.testng.SuiteRunnerWorker.run(SuiteRunnerWorker.java:84)
at org.testng.TestNG.runSuitesSequentially(TestNG.java:1208)
at org.testng.TestNG.runSuitesLocally(TestNG.java:1137)
at org.testng.TestNG.runSuites(TestNG.java:1049)
at org.testng.TestNG.run(TestNG.java:1017)
at org.testng.remote.AbstractRemoteTestNG.run(AbstractRemoteTestNG.java:114)
at org.testng.remote.RemoteTestNG.initAndRun(RemoteTestNG.java:251)
at org.testng.remote.RemoteTestNG.main(RemoteTestNG.java:77)
]]>
    </failure>
  </testcase> <!-- TCED14291 -->
  <testcase name="TCED14292" time="1.170" classname="com.analyzeByScore.AdministrationComparisonbyStudent"/>
  <testcase name="TCED14293" time="9.730" classname="com.analyzeByScore.AdministrationComparisonbyStudent"/>
  <testcase name="TCED14294" time="1.720" classname="com.analyzeByScore.AdministrationComparisonbyStudent"/>
  <testcase name="TCED14295" time="33.005" classname="com.analyzeByScore.AdministrationComparisonbyStudent"/>
  <testcase name="TCED14296" time="2.174" classname="com.analyzeByScore.AdministrationComparisonbyStudent"/>
  <testcase name="TCED14297" time="31.826" classname="com.analyzeByScore.AdministrationComparisonbyStudent"/>
</testsuite> <!-- com.analyzeByScore.AdministrationComparisonbyStudent -->
