<?xml version="1.0" encoding="UTF-8"?>
<!-- Generated by org.testng.reporters.JUnitReportReporter -->
<testsuite skipped="0" hostname="Vofox-Sebastian" name="com.analyzeByScore.StudentAssessmentAdministrationResultsbyTeacher" tests="15" failures="0" timestamp="19 Aug 2019 09:56:07 GMT" time="201.701" errors="0">
  <testcase name="TCED14151" time="12.761" classname="com.analyzeByScore.StudentAssessmentAdministrationResultsbyTeacher"/>
  <testcase name="TCED14152" time="0.285" classname="com.analyzeByScore.StudentAssessmentAdministrationResultsbyTeacher"/>
  <testcase name="TCED14153" time="2.791" classname="com.analyzeByScore.StudentAssessmentAdministrationResultsbyTeacher"/>
  <testcase name="TCED14154" time="17.915" classname="com.analyzeByScore.StudentAssessmentAdministrationResultsbyTeacher"/>
  <testcase name="TCED14155" time="15.428" classname="com.analyzeByScore.StudentAssessmentAdministrationResultsbyTeacher"/>
  <testcase name="TCED14156" time="12.307" classname="com.analyzeByScore.StudentAssessmentAdministrationResultsbyTeacher"/>
  <testcase name="TCED14157" time="2.673" classname="com.analyzeByScore.StudentAssessmentAdministrationResultsbyTeacher"/>
  <testcase name="TCED14158" time="11.047" classname="com.analyzeByScore.StudentAssessmentAdministrationResultsbyTeacher"/>
  <testcase name="TCED14159" time="12.770" classname="com.analyzeByScore.StudentAssessmentAdministrationResultsbyTeacher"/>
  <testcase name="TCED14160" time="2.012" classname="com.analyzeByScore.StudentAssessmentAdministrationResultsbyTeacher"/>
  <testcase name="TCED14161" time="10.567" classname="com.analyzeByScore.StudentAssessmentAdministrationResultsbyTeacher"/>
  <testcase name="TCED14162" time="2.456" classname="com.analyzeByScore.StudentAssessmentAdministrationResultsbyTeacher"/>
  <testcase name="TCED14163" time="14.486" classname="com.analyzeByScore.StudentAssessmentAdministrationResultsbyTeacher"/>
  <testcase name="TCED14164" time="28.350" classname="com.analyzeByScore.StudentAssessmentAdministrationResultsbyTeacher"/>
  <testcase name="TCED14165" time="55.853" classname="com.analyzeByScore.StudentAssessmentAdministrationResultsbyTeacher"/>
</testsuite> <!-- com.analyzeByScore.StudentAssessmentAdministrationResultsbyTeacher -->
