<?xml version="1.0" encoding="UTF-8"?>
<!-- Generated by org.testng.reporters.JUnitReportReporter -->
<testsuite skipped="0" hostname="Vofox-Sebastian" name="com.curriculum.Enter_weeks_minutes" tests="3" failures="0" timestamp="26 Jul 2019 08:19:19 GMT" time="25.301" errors="0">
  <testcase name="TCED29401" time="14.600" classname="com.curriculum.Enter_weeks_minutes"/>
  <testcase name="TCED29402" time="1.702" classname="com.curriculum.Enter_weeks_minutes"/>
  <testcase name="TCED29403" time="8.999" classname="com.curriculum.Enter_weeks_minutes"/>
</testsuite> <!-- com.curriculum.Enter_weeks_minutes -->
