<?xml version="1.0" encoding="UTF-8"?>
<!-- Generated by org.testng.reporters.JUnitReportReporter -->
<testsuite hostname="QA-Scheduler" failures="0" tests="8" name="com.Home.Attendance" time="40.256" errors="0" timestamp="08 Oct 2018 09:49:40 GMT" skipped="0">
  <testcase classname="com.Home.Attendance" name="TCED34301" time="14.213"/>
  <testcase classname="com.Home.Attendance" name="TCED34302" time="0.275"/>
  <testcase classname="com.Home.Attendance" name="TCED34303" time="1.737"/>
  <testcase classname="com.Home.Attendance" name="TCED34304" time="1.373"/>
  <testcase classname="com.Home.Attendance" name="TCED34305" time="4.082"/>
  <testcase classname="com.Home.Attendance" name="TCED34306" time="3.962"/>
  <testcase classname="com.Home.Attendance" name="TCED34307" time="1.667"/>
  <testcase classname="com.Home.Attendance" name="TCED34308" time="12.947"/>
</testsuite> <!-- com.Home.Attendance -->
