<?xml version="1.0" encoding="UTF-8"?>
<!-- Generated by org.testng.reporters.JUnitReportReporter -->
<testsuite skipped="0" hostname="Vofox-Sebastian" name="com.curriculum.Print_View_Multiple_Maps" tests="2" failures="0" timestamp="03 Oct 2018 14:03:45 GMT" time="29.077" errors="0">
  <testcase name="TCED30404" time="18.885" classname="com.curriculum.Print_View_Multiple_Maps"/>
  <testcase name="TCED30405" time="10.192" classname="com.curriculum.Print_View_Multiple_Maps"/>
</testsuite> <!-- com.curriculum.Print_View_Multiple_Maps -->
