<?xml version="1.0" encoding="UTF-8"?>
<!-- Generated by org.testng.reporters.JUnitReportReporter -->
<testsuite skipped="0" hostname="Vofox-Sebastian" name="com.MTSS.MTSS_Tier_Intervention_Menu" tests="5" failures="0" timestamp="31 Oct 2019 06:03:48 GMT" time="16.261" errors="0">
  <testcase name="TCED19101" time="6.574" classname="com.MTSS.MTSS_Tier_Intervention_Menu"/>
  <testcase name="TCED19102" time="1.473" classname="com.MTSS.MTSS_Tier_Intervention_Menu"/>
  <testcase name="TCED19103" time="3.097" classname="com.MTSS.MTSS_Tier_Intervention_Menu"/>
  <testcase name="TCED19104" time="2.556" classname="com.MTSS.MTSS_Tier_Intervention_Menu"/>
  <testcase name="TCED19105" time="2.561" classname="com.MTSS.MTSS_Tier_Intervention_Menu"/>
</testsuite> <!-- com.MTSS.MTSS_Tier_Intervention_Menu -->
