<?xml version="1.0" encoding="UTF-8"?>
<!-- Generated by org.testng.reporters.JUnitReportReporter -->
<testsuite skipped="0" hostname="Vofox-Sebastian" name="com.curriculum.Print_Lessons" tests="28" failures="0" timestamp="12 Nov 2018 13:59:49 GMT" time="193.001" errors="0">
  <testcase name="TCED25101" time="8.830" classname="com.curriculum.Print_Lessons"/>
  <testcase name="TCED25102" time="2.197" classname="com.curriculum.Print_Lessons"/>
  <testcase name="TCED25103" time="2.090" classname="com.curriculum.Print_Lessons"/>
  <testcase name="TCED25104" time="13.324" classname="com.curriculum.Print_Lessons"/>
  <testcase name="TCED25105" time="13.284" classname="com.curriculum.Print_Lessons"/>
  <testcase name="TCED25106" time="2.964" classname="com.curriculum.Print_Lessons"/>
  <testcase name="TCED25107" time="2.890" classname="com.curriculum.Print_Lessons"/>
  <testcase name="TCED25108" time="1.797" classname="com.curriculum.Print_Lessons"/>
  <testcase name="TCED25109" time="2.033" classname="com.curriculum.Print_Lessons"/>
  <testcase name="TCED25110" time="13.184" classname="com.curriculum.Print_Lessons"/>
  <testcase name="TCED25111" time="13.264" classname="com.curriculum.Print_Lessons"/>
  <testcase name="TCED25112" time="2.875" classname="com.curriculum.Print_Lessons"/>
  <testcase name="TCED25113" time="1.808" classname="com.curriculum.Print_Lessons"/>
  <testcase name="TCED25114" time="1.992" classname="com.curriculum.Print_Lessons"/>
  <testcase name="TCED25115" time="13.159" classname="com.curriculum.Print_Lessons"/>
  <testcase name="TCED25116" time="13.505" classname="com.curriculum.Print_Lessons"/>
  <testcase name="TCED25117" time="2.821" classname="com.curriculum.Print_Lessons"/>
  <testcase name="TCED25118" time="1.922" classname="com.curriculum.Print_Lessons"/>
  <testcase name="TCED25119" time="2.046" classname="com.curriculum.Print_Lessons"/>
  <testcase name="TCED25120" time="13.231" classname="com.curriculum.Print_Lessons"/>
  <testcase name="TCED25121" time="13.182" classname="com.curriculum.Print_Lessons"/>
  <testcase name="TCED25122" time="2.828" classname="com.curriculum.Print_Lessons"/>
  <testcase name="TCED25123" time="1.820" classname="com.curriculum.Print_Lessons"/>
  <testcase name="TCED25124" time="1.932" classname="com.curriculum.Print_Lessons"/>
  <testcase name="TCED25125" time="19.297" classname="com.curriculum.Print_Lessons"/>
  <testcase name="TCED25126" time="19.480" classname="com.curriculum.Print_Lessons"/>
  <testcase name="TCED25127" time="3.295" classname="com.curriculum.Print_Lessons"/>
  <testcase name="TCED27128" time="1.951" classname="com.curriculum.Print_Lessons"/>
</testsuite> <!-- com.curriculum.Print_Lessons -->
