<?xml version="1.0" encoding="UTF-8"?>
<!-- Generated by org.testng.reporters.JUnitReportReporter -->
<testsuite skipped="0" hostname="Vofox-Sebastian" name="com.MTSS.TeamDecisionReport" tests="8" failures="0" timestamp="06 Mar 2019 12:01:22 GMT" time="80.273" errors="0">
  <testcase name="TCED22601" time="5.404" classname="com.MTSS.TeamDecisionReport"/>
  <testcase name="TCED22611" time="19.982" classname="com.MTSS.TeamDecisionReport"/>
  <testcase name="TCED22612" time="9.351" classname="com.MTSS.TeamDecisionReport"/>
  <testcase name="TCED22613" time="9.314" classname="com.MTSS.TeamDecisionReport"/>
  <testcase name="TCED22614" time="8.202" classname="com.MTSS.TeamDecisionReport"/>
  <testcase name="TCED22615" time="9.295" classname="com.MTSS.TeamDecisionReport"/>
  <testcase name="TCED22616" time="9.360" classname="com.MTSS.TeamDecisionReport"/>
  <testcase name="TCED22617" time="9.365" classname="com.MTSS.TeamDecisionReport"/>
</testsuite> <!-- com.MTSS.TeamDecisionReport -->
