<?xml version="1.0" encoding="UTF-8"?>
<!-- Generated by org.testng.reporters.JUnitReportReporter -->
<testsuite skipped="0" hostname="Vofox-Sebastian" name="com.curriculum.Browse_By_Standard$Standards_Coverage_Report" tests="1" failures="0" timestamp="12 Oct 2018 10:46:05 GMT" time="10.358" errors="0">
  <testcase name="TCED30201" time="10.358" classname="com.curriculum.Browse_By_Standard$Standards_Coverage_Report"/>
</testsuite> <!-- com.curriculum.Browse_By_Standard$Standards_Coverage_Report -->
