<?xml version="1.0" encoding="UTF-8"?>
<!-- Generated by org.testng.reporters.JUnitReportReporter -->
<testsuite skipped="0" hostname="Ans-A" name="com.analyzeByScore.ItemAnalysisbyQuestion" tests="24" failures="1" timestamp="16 Oct 2018 13:38:26 GMT" time="353.416" errors="0">
  <testcase name="TCED14087" time="6.457" classname="com.analyzeByScore.ItemAnalysisbyQuestion"/>
  <testcase name="TCED14097" time="10.227" classname="com.analyzeByScore.ItemAnalysisbyQuestion"/>
  <testcase name="TCED14104" time="144.888" classname="com.analyzeByScore.ItemAnalysisbyQuestion">
    <failure type="java.lang.AssertionError" message="Tried to run command without establishing a connection
Build info: version: &#039;3.11.0&#039;, revision: &#039;e59cfb3&#039;, time: &#039;2018-03-11T20:26:55.152Z&#039;
System info: host: &#039;ANS-A&#039;, ip: &#039;192.168.10.124&#039;, os.name: &#039;Windows 10&#039;, os.arch: &#039;amd64&#039;, os.version: &#039;10.0&#039;, java.version: &#039;1.8.0_111&#039;
Driver info: org.openqa.selenium.firefox.FirefoxDriver
Capabilities {acceptInsecureCerts: true, browserName: firefox, browserVersion: 57.0.1, javascriptEnabled: true, moz:accessibilityChecks: false, moz:headless: false, moz:processID: 22392, moz:profile: C:\Users\Ans-A\AppData\Loca..., moz:webdriverClick: false, pageLoadStrategy: normal, platform: XP, platformName: XP, platformVersion: 10.0, rotatable: false, timeouts: {implicit: 0, pageLoad: 300000, script: 30000}}
Session ID: 8bff47cc-44f8-4f58-ab7a-6e5d77f3aa60
*** Element info: {Using=name, value=Assessment Print}">
      <![CDATA[java.lang.AssertionError: Tried to run command without establishing a connection
Build info: version: '3.11.0', revision: 'e59cfb3', time: '2018-03-11T20:26:55.152Z'
System info: host: 'ANS-A', ip: '192.168.10.124', os.name: 'Windows 10', os.arch: 'amd64', os.version: '10.0', java.version: '1.8.0_111'
Driver info: org.openqa.selenium.firefox.FirefoxDriver
Capabilities {acceptInsecureCerts: true, browserName: firefox, browserVersion: 57.0.1, javascriptEnabled: true, moz:accessibilityChecks: false, moz:headless: false, moz:processID: 22392, moz:profile: C:\Users\Ans-A\AppData\Loca..., moz:webdriverClick: false, pageLoadStrategy: normal, platform: XP, platformName: XP, platformVersion: 10.0, rotatable: false, timeouts: {implicit: 0, pageLoad: 300000, script: 30000}}
Session ID: 8bff47cc-44f8-4f58-ab7a-6e5d77f3aa60
*** Element info: {Using=name, value=Assessment Print}
	at org.testng.Assert.fail(Assert.java:94)
	at com.analyzeByScore.ItemAnalysisbyQuestion.TCED14104(ItemAnalysisbyQuestion.java:1431)
	at sun.reflect.NativeMethodAccessorImpl.invoke0(Native Method)
	at sun.reflect.NativeMethodAccessorImpl.invoke(NativeMethodAccessorImpl.java:62)
	at sun.reflect.DelegatingMethodAccessorImpl.invoke(DelegatingMethodAccessorImpl.java:43)
	at java.lang.reflect.Method.invoke(Method.java:498)
	at org.testng.internal.MethodInvocationHelper.invokeMethod(MethodInvocationHelper.java:100)
	at org.testng.internal.Invoker.invokeMethod(Invoker.java:646)
	at org.testng.internal.Invoker.invokeTestMethod(Invoker.java:811)
	at org.testng.internal.Invoker.invokeTestMethods(Invoker.java:1137)
	at org.testng.internal.TestMethodWorker.invokeTestMethods(TestMethodWorker.java:129)
	at org.testng.internal.TestMethodWorker.run(TestMethodWorker.java:112)
	at org.testng.TestRunner.privateRun(TestRunner.java:753)
	at org.testng.TestRunner.run(TestRunner.java:607)
	at org.testng.SuiteRunner.runTest(SuiteRunner.java:368)
	at org.testng.SuiteRunner.runSequentially(SuiteRunner.java:363)
	at org.testng.SuiteRunner.privateRun(SuiteRunner.java:321)
	at org.testng.SuiteRunner.run(SuiteRunner.java:270)
	at org.testng.SuiteRunnerWorker.runSuite(SuiteRunnerWorker.java:52)
	at org.testng.SuiteRunnerWorker.run(SuiteRunnerWorker.java:86)
	at org.testng.TestNG.runSuitesSequentially(TestNG.java:1284)
	at org.testng.TestNG.runSuitesLocally(TestNG.java:1209)
	at org.testng.TestNG.runSuites(TestNG.java:1124)
	at org.testng.TestNG.run(TestNG.java:1096)
	at org.testng.remote.AbstractRemoteTestNG.run(AbstractRemoteTestNG.java:132)
	at org.testng.remote.RemoteTestNG.initAndRun(RemoteTestNG.java:236)
	at org.testng.remote.RemoteTestNG.main(RemoteTestNG.java:81)
]]>
    </failure>
  </testcase> <!-- TCED14104 -->
  <testcase name="TCED14085" time="7.121" classname="com.analyzeByScore.ItemAnalysisbyQuestion"/>
  <testcase name="TCED14081" time="13.003" classname="com.analyzeByScore.ItemAnalysisbyQuestion"/>
  <testcase name="TCED14088" time="6.323" classname="com.analyzeByScore.ItemAnalysisbyQuestion"/>
  <testcase name="TCED14102" time="15.083" classname="com.analyzeByScore.ItemAnalysisbyQuestion"/>
  <testcase name="TCED14091" time="11.544" classname="com.analyzeByScore.ItemAnalysisbyQuestion"/>
  <testcase name="TCED14092" time="13.651" classname="com.analyzeByScore.ItemAnalysisbyQuestion"/>
  <testcase name="TCED14103" time="27.913" classname="com.analyzeByScore.ItemAnalysisbyQuestion"/>
  <testcase name="TCED14086" time="6.637" classname="com.analyzeByScore.ItemAnalysisbyQuestion"/>
  <testcase name="TCED14089" time="10.239" classname="com.analyzeByScore.ItemAnalysisbyQuestion"/>
  <testcase name="TCED14083" time="1.443" classname="com.analyzeByScore.ItemAnalysisbyQuestion"/>
  <testcase name="TCED14094" time="10.936" classname="com.analyzeByScore.ItemAnalysisbyQuestion"/>
  <testcase name="TCED14098" time="10.175" classname="com.analyzeByScore.ItemAnalysisbyQuestion"/>
  <testcase name="TCED14090" time="1.040" classname="com.analyzeByScore.ItemAnalysisbyQuestion"/>
  <testcase name="TCED14096" time="0.998" classname="com.analyzeByScore.ItemAnalysisbyQuestion"/>
  <testcase name="TCED14099" time="10.405" classname="com.analyzeByScore.ItemAnalysisbyQuestion"/>
  <testcase name="TCED14082" time="0.174" classname="com.analyzeByScore.ItemAnalysisbyQuestion"/>
  <testcase name="TCED14084" time="1.415" classname="com.analyzeByScore.ItemAnalysisbyQuestion"/>
  <testcase name="TCED14101" time="11.735" classname="com.analyzeByScore.ItemAnalysisbyQuestion"/>
  <testcase name="TCED14093" time="12.386" classname="com.analyzeByScore.ItemAnalysisbyQuestion"/>
  <testcase name="TCED14095" time="7.836" classname="com.analyzeByScore.ItemAnalysisbyQuestion"/>
  <testcase name="TCED14100" time="11.787" classname="com.analyzeByScore.ItemAnalysisbyQuestion"/>
</testsuite> <!-- com.analyzeByScore.ItemAnalysisbyQuestion -->
