<?xml version="1.0" encoding="UTF-8"?>
<!-- Generated by org.testng.reporters.JUnitReportReporter -->
<testsuite hostname="QA-Scheduler" failures="0" tests="7" name="com.questionBank.Local_Assessment_Question_Bank_Add_Edit_or_View_Exhibits" time="13.893" errors="0" timestamp="02 Nov 2018 06:21:11 GMT" skipped="0">
  <testcase classname="com.questionBank.Local_Assessment_Question_Bank_Add_Edit_or_View_Exhibits" name="TCED16501" time="5.474"/>
  <testcase classname="com.questionBank.Local_Assessment_Question_Bank_Add_Edit_or_View_Exhibits" name="TCED16502" time="2.590"/>
  <testcase classname="com.questionBank.Local_Assessment_Question_Bank_Add_Edit_or_View_Exhibits" name="TCED16503" time="0.133"/>
  <testcase classname="com.questionBank.Local_Assessment_Question_Bank_Add_Edit_or_View_Exhibits" name="TCED16504" time="0.164"/>
  <testcase classname="com.questionBank.Local_Assessment_Question_Bank_Add_Edit_or_View_Exhibits" name="TCED16505" time="3.098"/>
  <testcase classname="com.questionBank.Local_Assessment_Question_Bank_Add_Edit_or_View_Exhibits" name="TCED16506" time="1.105"/>
  <testcase classname="com.questionBank.Local_Assessment_Question_Bank_Add_Edit_or_View_Exhibits" name="TCED16507" time="1.329"/>
</testsuite> <!-- com.questionBank.Local_Assessment_Question_Bank_Add_Edit_or_View_Exhibits -->
