<?xml version="1.0" encoding="UTF-8"?>
<!-- Generated by org.testng.reporters.JUnitReportReporter -->
<testsuite skipped="0" hostname="AKHIL-TS" name="com.Local_Assessment_Score_Results.Test_Suite_Print_Login_Codes" tests="10" failures="0" timestamp="24 Oct 2018 10:33:48 GMT" time="100.149" errors="0">
  <testcase name="TCED13305" time="4.177" classname="com.Local_Assessment_Score_Results.Test_Suite_Print_Login_Codes"/>
  <testcase name="TCED13302" time="4.987" classname="com.Local_Assessment_Score_Results.Test_Suite_Print_Login_Codes"/>
  <testcase name="TCED13304" time="1.950" classname="com.Local_Assessment_Score_Results.Test_Suite_Print_Login_Codes"/>
  <testcase name="TCED13309" time="12.073" classname="com.Local_Assessment_Score_Results.Test_Suite_Print_Login_Codes"/>
  <testcase name="TCED13310" time="1.294" classname="com.Local_Assessment_Score_Results.Test_Suite_Print_Login_Codes"/>
  <testcase name="TCED13301" time="6.291" classname="com.Local_Assessment_Score_Results.Test_Suite_Print_Login_Codes"/>
  <testcase name="TCED13303" time="0.525" classname="com.Local_Assessment_Score_Results.Test_Suite_Print_Login_Codes"/>
  <testcase name="TCED13308" time="23.142" classname="com.Local_Assessment_Score_Results.Test_Suite_Print_Login_Codes"/>
  <testcase name="TCED13306" time="22.844" classname="com.Local_Assessment_Score_Results.Test_Suite_Print_Login_Codes"/>
  <testcase name="TCED13307" time="22.866" classname="com.Local_Assessment_Score_Results.Test_Suite_Print_Login_Codes"/>
</testsuite> <!-- com.Local_Assessment_Score_Results.Test_Suite_Print_Login_Codes -->
