<?xml version="1.0" encoding="UTF-8"?>
<!-- Generated by org.testng.reporters.JUnitReportReporter -->
<testsuite skipped="0" hostname="AKHIL-TS" name="com.localassessment.Question_Bank_Apply_Standards" tests="8" failures="0" timestamp="10 Dec 2018 11:46:45 GMT" time="73.318" errors="0">
  <testcase name="TCED16206" time="15.763" classname="com.localassessment.Question_Bank_Apply_Standards"/>
  <testcase name="TCED16204" time="2.374" classname="com.localassessment.Question_Bank_Apply_Standards"/>
  <testcase name="TCED16205" time="10.137" classname="com.localassessment.Question_Bank_Apply_Standards"/>
  <testcase name="TCED16202" time="8.102" classname="com.localassessment.Question_Bank_Apply_Standards"/>
  <testcase name="TCED16203" time="0.678" classname="com.localassessment.Question_Bank_Apply_Standards"/>
  <testcase name="TCED16207" time="17.857" classname="com.localassessment.Question_Bank_Apply_Standards"/>
  <testcase name="TCED16201" time="5.879" classname="com.localassessment.Question_Bank_Apply_Standards"/>
  <testcase name="TCED16208" time="12.528" classname="com.localassessment.Question_Bank_Apply_Standards"/>
</testsuite> <!-- com.localassessment.Question_Bank_Apply_Standards -->
