<?xml version="1.0" encoding="UTF-8"?>
<!-- Generated by org.testng.reporters.JUnitReportReporter -->
<testsuite skipped="0" hostname="Vofox-Sebastian" name="com.MTSS.Fix_and_Delete_intervention_plan" tests="12" failures="1" timestamp="31 Jan 2020 11:51:20 GMT" time="59.008" errors="0">
  <testcase name="TCED19801" time="6.052" classname="com.MTSS.Fix_and_Delete_intervention_plan"/>
  <testcase name="TCED19802" time="0.172" classname="com.MTSS.Fix_and_Delete_intervention_plan"/>
  <testcase name="TCED19803" time="1.796" classname="com.MTSS.Fix_and_Delete_intervention_plan"/>
  <testcase name="TCED19804" time="2.924" classname="com.MTSS.Fix_and_Delete_intervention_plan"/>
  <testcase name="TCED19805" time="1.814" classname="com.MTSS.Fix_and_Delete_intervention_plan"/>
  <testcase name="TCED19806" time="0.371" classname="com.MTSS.Fix_and_Delete_intervention_plan"/>
  <testcase name="TCED19807" time="5.750" classname="com.MTSS.Fix_and_Delete_intervention_plan"/>
  <testcase name="TCED19808" time="12.722" classname="com.MTSS.Fix_and_Delete_intervention_plan"/>
  <testcase name="TCED19809" time="11.050" classname="com.MTSS.Fix_and_Delete_intervention_plan">
    <failure type="java.lang.AssertionError" message="Element is disabled: &lt;input id=&quot;ctl00_ContentPlaceHolder1_rcmbMeasureAssmnt_Input&quot; class=&quot;rcbInput radPreventDecorate&quot; name=&quot;ctl00$ContentPlaceHolder1$rcmbMeasureAssmnt&quot; type=&quot;text&quot;&gt;
Build info: version: &#039;3.11.0&#039;, revision: &#039;e59cfb3&#039;, time: &#039;2018-03-11T20:26:55.152Z&#039;
System info: host: &#039;VOFOX-SEBASTIAN&#039;, ip: &#039;192.168.10.130&#039;, os.name: &#039;Windows 10&#039;, os.arch: &#039;amd64&#039;, os.version: &#039;10.0&#039;, java.version: &#039;1.8.0_111&#039;
Driver info: org.openqa.selenium.firefox.FirefoxDriver
Capabilities {acceptInsecureCerts: true, browserName: firefox, browserVersion: 71.0, javascriptEnabled: true, moz:accessibilityChecks: false, moz:buildID: 20191202093317, moz:geckodriverVersion: 0.24.0, moz:headless: false, moz:processID: 9752, moz:profile: C:\Users\sebastian.VOFOX\Ap..., moz:shutdownTimeout: 60000, moz:useNonSpecCompliantPointerOrigin: false, moz:webdriverClick: true, pageLoadStrategy: normal, platform: WINDOWS, platformName: WINDOWS, platformVersion: 10.0, rotatable: false, setWindowRect: true, strictFileInteractability: false, timeouts: {implicit: 0, pageLoad: 300000, script: 30000}, unhandledPromptBehavior: dismiss and notify}
Session ID: 450e41d9-1aae-4ea7-acb5-47b756e062c0">
      <![CDATA[java.lang.AssertionError: Element is disabled: <input id="ctl00_ContentPlaceHolder1_rcmbMeasureAssmnt_Input" class="rcbInput radPreventDecorate" name="ctl00$ContentPlaceHolder1$rcmbMeasureAssmnt" type="text">
Build info: version: '3.11.0', revision: 'e59cfb3', time: '2018-03-11T20:26:55.152Z'
System info: host: 'VOFOX-SEBASTIAN', ip: '192.168.10.130', os.name: 'Windows 10', os.arch: 'amd64', os.version: '10.0', java.version: '1.8.0_111'
Driver info: org.openqa.selenium.firefox.FirefoxDriver
Capabilities {acceptInsecureCerts: true, browserName: firefox, browserVersion: 71.0, javascriptEnabled: true, moz:accessibilityChecks: false, moz:buildID: 20191202093317, moz:geckodriverVersion: 0.24.0, moz:headless: false, moz:processID: 9752, moz:profile: C:\Users\sebastian.VOFOX\Ap..., moz:shutdownTimeout: 60000, moz:useNonSpecCompliantPointerOrigin: false, moz:webdriverClick: true, pageLoadStrategy: normal, platform: WINDOWS, platformName: WINDOWS, platformVersion: 10.0, rotatable: false, setWindowRect: true, strictFileInteractability: false, timeouts: {implicit: 0, pageLoad: 300000, script: 30000}, unhandledPromptBehavior: dismiss and notify}
Session ID: 450e41d9-1aae-4ea7-acb5-47b756e062c0
at org.testng.Assert.fail(Assert.java:96)
at com.MTSS.Fix_and_Delete_intervention_plan.TCED19809(Fix_and_Delete_intervention_plan.java:439)
at sun.reflect.NativeMethodAccessorImpl.invoke0(Native Method)
at sun.reflect.NativeMethodAccessorImpl.invoke(NativeMethodAccessorImpl.java:62)
at sun.reflect.DelegatingMethodAccessorImpl.invoke(DelegatingMethodAccessorImpl.java:43)
at java.lang.reflect.Method.invoke(Method.java:498)
at org.testng.internal.MethodInvocationHelper.invokeMethod(MethodInvocationHelper.java:124)
at org.testng.internal.Invoker.invokeMethod(Invoker.java:583)
at org.testng.internal.Invoker.invokeTestMethod(Invoker.java:719)
at org.testng.internal.Invoker.invokeTestMethods(Invoker.java:989)
at org.testng.internal.TestMethodWorker.invokeTestMethods(TestMethodWorker.java:125)
at org.testng.internal.TestMethodWorker.run(TestMethodWorker.java:109)
at org.testng.TestRunner.privateRun(TestRunner.java:648)
at org.testng.TestRunner.run(TestRunner.java:505)
at org.testng.SuiteRunner.runTest(SuiteRunner.java:455)
at org.testng.SuiteRunner.runSequentially(SuiteRunner.java:450)
at org.testng.SuiteRunner.privateRun(SuiteRunner.java:415)
at org.testng.SuiteRunner.run(SuiteRunner.java:364)
at org.testng.SuiteRunnerWorker.runSuite(SuiteRunnerWorker.java:52)
at org.testng.SuiteRunnerWorker.run(SuiteRunnerWorker.java:84)
at org.testng.TestNG.runSuitesSequentially(TestNG.java:1208)
at org.testng.TestNG.runSuitesLocally(TestNG.java:1137)
at org.testng.TestNG.runSuites(TestNG.java:1049)
at org.testng.TestNG.run(TestNG.java:1017)
at org.testng.remote.AbstractRemoteTestNG.run(AbstractRemoteTestNG.java:114)
at org.testng.remote.RemoteTestNG.initAndRun(RemoteTestNG.java:251)
at org.testng.remote.RemoteTestNG.main(RemoteTestNG.java:77)
]]>
    </failure>
  </testcase> <!-- TCED19809 -->
  <testcase name="TCED19810" time="1.419" classname="com.MTSS.Fix_and_Delete_intervention_plan"/>
  <testcase name="TCED19811" time="11.111" classname="com.MTSS.Fix_and_Delete_intervention_plan"/>
  <testcase name="TCED19812" time="3.827" classname="com.MTSS.Fix_and_Delete_intervention_plan"/>
</testsuite> <!-- com.MTSS.Fix_and_Delete_intervention_plan -->
