<?xml version="1.0" encoding="UTF-8"?>
<!-- Generated by org.testng.reporters.JUnitReportReporter -->
<testsuite hostname="QA-Scheduler" failures="0" tests="1" name="com.Home.Grades" time="20.310" errors="0" timestamp="06 Nov 2018 11:44:45 GMT" skipped="0">
  <testcase classname="com.Home.Grades" name="TCED34508" time="20.310"/>
</testsuite> <!-- com.Home.Grades -->
