<?xml version="1.0" encoding="UTF-8"?>
<!-- Generated by org.testng.reporters.JUnitReportReporter -->
<testsuite skipped="0" hostname="AKHIL-TS" name="com.localassessment.Copy_assessment" tests="1" failures="0" timestamp="17 Jul 2018 09:46:32 GMT" time="9.764" errors="0">
  <testcase name="TCED15202" time="9.764" classname="com.localassessment.Copy_assessment"/>
</testsuite> <!-- com.localassessment.Copy_assessment -->
