<?xml version="1.0" encoding="UTF-8"?>
<!-- Generated by org.testng.reporters.JUnitReportReporter -->
<testsuite skipped="0" hostname="AKHIL-TS" name="com.Home.Student_Building_Grade_Lists" tests="15" failures="0" timestamp="19 Nov 2018 12:47:09 GMT" time="83.399" errors="0">
  <testcase name="TCED33202" time="0.445" classname="com.Home.Student_Building_Grade_Lists"/>
  <testcase name="TCED33211" time="11.261" classname="com.Home.Student_Building_Grade_Lists"/>
  <testcase name="TCED33213" time="2.182" classname="com.Home.Student_Building_Grade_Lists"/>
  <testcase name="TCED33204" time="0.363" classname="com.Home.Student_Building_Grade_Lists"/>
  <testcase name="TCED33209" time="4.198" classname="com.Home.Student_Building_Grade_Lists"/>
  <testcase name="TCED33206" time="11.281" classname="com.Home.Student_Building_Grade_Lists"/>
  <testcase name="TCED33208" time="1.094" classname="com.Home.Student_Building_Grade_Lists"/>
  <testcase name="TCED33210" time="0.193" classname="com.Home.Student_Building_Grade_Lists"/>
  <testcase name="TCED33205" time="11.317" classname="com.Home.Student_Building_Grade_Lists"/>
  <testcase name="TCED33201" time="9.176" classname="com.Home.Student_Building_Grade_Lists"/>
  <testcase name="TCED33214" time="1.060" classname="com.Home.Student_Building_Grade_Lists"/>
  <testcase name="TCED33215" time="11.871" classname="com.Home.Student_Building_Grade_Lists"/>
  <testcase name="TCED33203" time="5.543" classname="com.Home.Student_Building_Grade_Lists"/>
  <testcase name="TCED33207" time="2.115" classname="com.Home.Student_Building_Grade_Lists"/>
  <testcase name="TCED33212" time="11.300" classname="com.Home.Student_Building_Grade_Lists"/>
</testsuite> <!-- com.Home.Student_Building_Grade_Lists -->
