<?xml version="1.0" encoding="UTF-8"?>
<!-- Generated by org.testng.reporters.JUnitReportReporter -->
<testsuite hostname="QA-Scheduler" failures="0" tests="4" name="com.MTSS.Track_Student_Interventions" time="11.290" errors="0" timestamp="02 Nov 2018 05:08:40 GMT" skipped="0">
  <testcase classname="com.MTSS.Track_Student_Interventions" name="TCED19601" time="7.365"/>
  <testcase classname="com.MTSS.Track_Student_Interventions" name="TCED19602" time="0.167"/>
  <testcase classname="com.MTSS.Track_Student_Interventions" name="TCED19603" time="2.009"/>
  <testcase classname="com.MTSS.Track_Student_Interventions" name="TCED19604" time="1.749"/>
</testsuite> <!-- com.MTSS.Track_Student_Interventions -->
