<?xml version="1.0" encoding="UTF-8"?>
<!-- Generated by org.testng.reporters.JUnitReportReporter -->
<testsuite skipped="0" hostname="AKHIL-TS" name="com.Home.Attendance" tests="8" failures="0" timestamp="4 Oct 2018 10:31:02 GMT" time="42.223" errors="0">
  <testcase name="TCED34302" time="0.523" classname="com.Home.Attendance"/>
  <testcase name="TCED34305" time="4.736" classname="com.Home.Attendance"/>
  <testcase name="TCED34304" time="1.392" classname="com.Home.Attendance"/>
  <testcase name="TCED34308" time="13.886" classname="com.Home.Attendance"/>
  <testcase name="TCED34301" time="12.642" classname="com.Home.Attendance"/>
  <testcase name="TCED34307" time="2.169" classname="com.Home.Attendance"/>
  <testcase name="TCED34306" time="4.524" classname="com.Home.Attendance"/>
  <testcase name="TCED34303" time="2.351" classname="com.Home.Attendance"/>
</testsuite> <!-- com.Home.Attendance -->
