<?xml version="1.0" encoding="UTF-8"?>
<!-- Generated by org.testng.reporters.JUnitReportReporter -->
<testsuite skipped="0" hostname="Vofox-Sebastian" name="com.curriculum.Print_Lessons" tests="28" failures="0" timestamp="05 Sep 2018 11:36:37 GMT" time="181.887" errors="0">
  <testcase name="TCED25101" time="9.093" classname="com.curriculum.Print_Lessons"/>
  <testcase name="TCED25102" time="2.530" classname="com.curriculum.Print_Lessons"/>
  <testcase name="TCED25103" time="2.075" classname="com.curriculum.Print_Lessons"/>
  <testcase name="TCED25104" time="13.461" classname="com.curriculum.Print_Lessons"/>
  <testcase name="TCED25105" time="13.381" classname="com.curriculum.Print_Lessons"/>
  <testcase name="TCED25106" time="3.142" classname="com.curriculum.Print_Lessons"/>
  <testcase name="TCED25107" time="2.627" classname="com.curriculum.Print_Lessons"/>
  <testcase name="TCED25108" time="1.885" classname="com.curriculum.Print_Lessons"/>
  <testcase name="TCED25109" time="2.196" classname="com.curriculum.Print_Lessons"/>
  <testcase name="TCED25110" time="13.450" classname="com.curriculum.Print_Lessons"/>
  <testcase name="TCED25111" time="13.281" classname="com.curriculum.Print_Lessons"/>
  <testcase name="TCED25112" time="2.793" classname="com.curriculum.Print_Lessons"/>
  <testcase name="TCED25113" time="1.976" classname="com.curriculum.Print_Lessons"/>
  <testcase name="TCED25114" time="1.955" classname="com.curriculum.Print_Lessons"/>
  <testcase name="TCED25115" time="13.327" classname="com.curriculum.Print_Lessons"/>
  <testcase name="TCED25116" time="13.357" classname="com.curriculum.Print_Lessons"/>
  <testcase name="TCED25117" time="2.988" classname="com.curriculum.Print_Lessons"/>
  <testcase name="TCED25118" time="2.101" classname="com.curriculum.Print_Lessons"/>
  <testcase name="TCED25119" time="2.088" classname="com.curriculum.Print_Lessons"/>
  <testcase name="TCED25120" time="13.273" classname="com.curriculum.Print_Lessons"/>
  <testcase name="TCED25121" time="13.196" classname="com.curriculum.Print_Lessons"/>
  <testcase name="TCED25122" time="2.742" classname="com.curriculum.Print_Lessons"/>
  <testcase name="TCED25123" time="1.892" classname="com.curriculum.Print_Lessons"/>
  <testcase name="TCED25124" time="2.044" classname="com.curriculum.Print_Lessons"/>
  <testcase name="TCED25125" time="13.137" classname="com.curriculum.Print_Lessons"/>
  <testcase name="TCED25126" time="13.339" classname="com.curriculum.Print_Lessons"/>
  <testcase name="TCED25127" time="2.775" classname="com.curriculum.Print_Lessons"/>
  <testcase name="TCED27128" time="1.783" classname="com.curriculum.Print_Lessons"/>
</testsuite> <!-- com.curriculum.Print_Lessons -->
