<?xml version="1.0" encoding="UTF-8"?>
<!-- Generated by org.testng.reporters.JUnitReportReporter -->
<testsuite hostname="QA-Scheduler" failures="0" tests="7" name="com.Home.Teacher_Course_Section_Attendance" time="39.798" errors="0" timestamp="22 Nov 2018 04:39:37 GMT" skipped="0">
  <testcase classname="com.Home.Teacher_Course_Section_Attendance" name="TCED35601" time="12.700"/>
  <testcase classname="com.Home.Teacher_Course_Section_Attendance" name="TCED35602" time="0.097"/>
  <testcase classname="com.Home.Teacher_Course_Section_Attendance" name="TCED35603" time="11.279"/>
  <testcase classname="com.Home.Teacher_Course_Section_Attendance" name="TCED35604" time="5.339"/>
  <testcase classname="com.Home.Teacher_Course_Section_Attendance" name="TCED35605" time="9.939"/>
  <testcase classname="com.Home.Teacher_Course_Section_Attendance" name="TCED35606" time="0.061"/>
  <testcase classname="com.Home.Teacher_Course_Section_Attendance" name="TCED35607" time="0.383"/>
</testsuite> <!-- com.Home.Teacher_Course_Section_Attendance -->
