<?xml version="1.0" encoding="UTF-8"?>
<!-- Generated by org.testng.reporters.JUnitReportReporter -->
<testsuite hostname="QA-Scheduler" failures="0" tests="11" name="com.MTSS.Students_Receiving_Interventions_by_Teacher" time="43.088" errors="0" timestamp="02 Nov 2018 11:56:31 GMT" skipped="0">
  <testcase classname="com.MTSS.Students_Receiving_Interventions_by_Teacher" name="TCED221201" time="6.882"/>
  <testcase classname="com.MTSS.Students_Receiving_Interventions_by_Teacher" name="TCED221202" time="0.067"/>
  <testcase classname="com.MTSS.Students_Receiving_Interventions_by_Teacher" name="TCED221203" time="0.545"/>
  <testcase classname="com.MTSS.Students_Receiving_Interventions_by_Teacher" name="TCED221204" time="7.984"/>
  <testcase classname="com.MTSS.Students_Receiving_Interventions_by_Teacher" name="TCED221205" time="0.073"/>
  <testcase classname="com.MTSS.Students_Receiving_Interventions_by_Teacher" name="TCED221206" time="0.041"/>
  <testcase classname="com.MTSS.Students_Receiving_Interventions_by_Teacher" name="TCED221207" time="11.245"/>
  <testcase classname="com.MTSS.Students_Receiving_Interventions_by_Teacher" name="TCED221208" time="3.289"/>
  <testcase classname="com.MTSS.Students_Receiving_Interventions_by_Teacher" name="TCED221209" time="0.518"/>
  <testcase classname="com.MTSS.Students_Receiving_Interventions_by_Teacher" name="TCED221210" time="0.203"/>
  <testcase classname="com.MTSS.Students_Receiving_Interventions_by_Teacher" name="TCED221211" time="12.241"/>
</testsuite> <!-- com.MTSS.Students_Receiving_Interventions_by_Teacher -->
