<?xml version="1.0" encoding="UTF-8"?>
<!-- Generated by org.testng.reporters.JUnitReportReporter -->
<testsuite skipped="0" hostname="AKHIL-TS" name="com.Home.Assessments" tests="16" failures="0" timestamp="19 Oct 2018 13:29:44 GMT" time="91.506" errors="0">
  <testcase name="TCED34216" time="11.703" classname="com.Home.Assessments"/>
  <testcase name="TCED34201" time="13.795" classname="com.Home.Assessments"/>
  <testcase name="TCED34204" time="0.227" classname="com.Home.Assessments"/>
  <testcase name="TCED34209" time="11.301" classname="com.Home.Assessments"/>
  <testcase name="TCED34207" time="0.351" classname="com.Home.Assessments"/>
  <testcase name="TCED34203" time="2.032" classname="com.Home.Assessments"/>
  <testcase name="TCED34211" time="1.481" classname="com.Home.Assessments"/>
  <testcase name="TCED34213" time="11.281" classname="com.Home.Assessments"/>
  <testcase name="TCED34210" time="5.259" classname="com.Home.Assessments"/>
  <testcase name="TCED34205" time="11.370" classname="com.Home.Assessments"/>
  <testcase name="TCED34215" time="0.297" classname="com.Home.Assessments"/>
  <testcase name="TCED34208" time="3.250" classname="com.Home.Assessments"/>
  <testcase name="TCED34214" time="5.897" classname="com.Home.Assessments"/>
  <testcase name="TCED34212" time="6.740" classname="com.Home.Assessments"/>
  <testcase name="TCED34202" time="0.152" classname="com.Home.Assessments"/>
  <testcase name="TCED34206" time="6.370" classname="com.Home.Assessments"/>
</testsuite> <!-- com.Home.Assessments -->
