<?xml version="1.0" encoding="UTF-8"?>
<!-- Generated by org.testng.reporters.JUnitReportReporter -->
<testsuite skipped="0" hostname="AKHIL-TS" name="com.curriculum.Report_By_Standard" tests="6" failures="0" timestamp="3 Sep 2018 10:57:44 GMT" time="44.660" errors="0">
  <testcase name="TCED26104" time="24.997" classname="com.curriculum.Report_By_Standard"/>
  <testcase name="TCED26105" time="1.877" classname="com.curriculum.Report_By_Standard"/>
  <testcase name="TCED26106" time="1.663" classname="com.curriculum.Report_By_Standard"/>
  <testcase name="TCED26101" time="9.971" classname="com.curriculum.Report_By_Standard"/>
  <testcase name="TCED26103" time="4.721" classname="com.curriculum.Report_By_Standard"/>
  <testcase name="TCED26102" time="1.431" classname="com.curriculum.Report_By_Standard"/>
</testsuite> <!-- com.curriculum.Report_By_Standard -->
