<?xml version="1.0" encoding="UTF-8"?>
<!-- Generated by org.testng.reporters.JUnitReportReporter -->
<testsuite skipped="0" hostname="Vofox-Sebastian" name="com.Home.Misconduct" tests="1" failures="0" timestamp="15 Oct 2018 12:19:35 GMT" time="21.041" errors="0">
  <testcase name="TCED34403" time="21.041" classname="com.Home.Misconduct"/>
</testsuite> <!-- com.Home.Misconduct -->
