<?xml version="1.0" encoding="UTF-8"?>
<!-- Generated by org.testng.reporters.JUnitReportReporter -->
<testsuite skipped="0" hostname="Vofox-Sebastian" name="com.curriculum.Submitted_Lesson_Plans" tests="11" failures="0" timestamp="06 Sep 2018 07:13:42 GMT" time="58.259" errors="0">
  <testcase name="TCED27101" time="8.816" classname="com.curriculum.Submitted_Lesson_Plans"/>
  <testcase name="TCED27102" time="1.552" classname="com.curriculum.Submitted_Lesson_Plans"/>
  <testcase name="TCED27103" time="1.531" classname="com.curriculum.Submitted_Lesson_Plans"/>
  <testcase name="TCED27104" time="12.789" classname="com.curriculum.Submitted_Lesson_Plans"/>
  <testcase name="TCED27105" time="12.659" classname="com.curriculum.Submitted_Lesson_Plans"/>
  <testcase name="TCED27106" time="4.347" classname="com.curriculum.Submitted_Lesson_Plans"/>
  <testcase name="TCED27107" time="4.294" classname="com.curriculum.Submitted_Lesson_Plans"/>
  <testcase name="TCED27108" time="4.076" classname="com.curriculum.Submitted_Lesson_Plans"/>
  <testcase name="TCED27109" time="1.941" classname="com.curriculum.Submitted_Lesson_Plans"/>
  <testcase name="TCED27111" time="4.368" classname="com.curriculum.Submitted_Lesson_Plans"/>
  <testcase name="TCED27112" time="1.886" classname="com.curriculum.Submitted_Lesson_Plans"/>
</testsuite> <!-- com.curriculum.Submitted_Lesson_Plans -->
