<?xml version="1.0" encoding="UTF-8"?>
<!-- Generated by org.testng.reporters.JUnitReportReporter -->
<testsuite skipped="0" hostname="AKHIL-TS" name="com.MTSS.Track_Student_Interventions" tests="4" failures="0" timestamp="17 Oct 2018 06:55:52 GMT" time="20.149" errors="0">
  <testcase name="TCED19602" time="0.257" classname="com.MTSS.Track_Student_Interventions"/>
  <testcase name="TCED19604" time="2.858" classname="com.MTSS.Track_Student_Interventions"/>
  <testcase name="TCED19601" time="9.298" classname="com.MTSS.Track_Student_Interventions"/>
  <testcase name="TCED19603" time="7.736" classname="com.MTSS.Track_Student_Interventions"/>
</testsuite> <!-- com.MTSS.Track_Student_Interventions -->
