<?xml version="1.0" encoding="UTF-8"?>
<!-- Generated by org.testng.reporters.JUnitReportReporter -->
<testsuite skipped="0" hostname="Ans-A" name="com.analyzeByScore.ItemAnalysisbyQuestion" tests="24" failures="0" timestamp="15 Nov 2018 12:45:09 GMT" time="320.944" errors="0">
  <testcase name="TCED14099" time="9.649" classname="com.analyzeByScore.ItemAnalysisbyQuestion"/>
  <testcase name="TCED14090" time="1.053" classname="com.analyzeByScore.ItemAnalysisbyQuestion"/>
  <testcase name="TCED14094" time="11.169" classname="com.analyzeByScore.ItemAnalysisbyQuestion"/>
  <testcase name="TCED14086" time="6.178" classname="com.analyzeByScore.ItemAnalysisbyQuestion"/>
  <testcase name="TCED14088" time="6.083" classname="com.analyzeByScore.ItemAnalysisbyQuestion"/>
  <testcase name="TCED14093" time="10.912" classname="com.analyzeByScore.ItemAnalysisbyQuestion"/>
  <testcase name="TCED14091" time="11.856" classname="com.analyzeByScore.ItemAnalysisbyQuestion"/>
  <testcase name="TCED14095" time="7.796" classname="com.analyzeByScore.ItemAnalysisbyQuestion"/>
  <testcase name="TCED14092" time="10.947" classname="com.analyzeByScore.ItemAnalysisbyQuestion"/>
  <testcase name="TCED14100" time="10.775" classname="com.analyzeByScore.ItemAnalysisbyQuestion"/>
  <testcase name="TCED14083" time="0.921" classname="com.analyzeByScore.ItemAnalysisbyQuestion"/>
  <testcase name="TCED14085" time="6.609" classname="com.analyzeByScore.ItemAnalysisbyQuestion"/>
  <testcase name="TCED14101" time="15.644" classname="com.analyzeByScore.ItemAnalysisbyQuestion"/>
  <testcase name="TCED14097" time="9.579" classname="com.analyzeByScore.ItemAnalysisbyQuestion"/>
  <testcase name="TCED14081" time="12.101" classname="com.analyzeByScore.ItemAnalysisbyQuestion"/>
  <testcase name="TCED14087" time="6.407" classname="com.analyzeByScore.ItemAnalysisbyQuestion"/>
  <testcase name="TCED14096" time="0.943" classname="com.analyzeByScore.ItemAnalysisbyQuestion"/>
  <testcase name="TCED14082" time="0.147" classname="com.analyzeByScore.ItemAnalysisbyQuestion"/>
  <testcase name="TCED14104" time="110.709" classname="com.analyzeByScore.ItemAnalysisbyQuestion"/>
  <testcase name="TCED14103" time="34.314" classname="com.analyzeByScore.ItemAnalysisbyQuestion"/>
  <testcase name="TCED14089" time="10.087" classname="com.analyzeByScore.ItemAnalysisbyQuestion"/>
  <testcase name="TCED14102" time="15.054" classname="com.analyzeByScore.ItemAnalysisbyQuestion"/>
  <testcase name="TCED14084" time="0.935" classname="com.analyzeByScore.ItemAnalysisbyQuestion"/>
  <testcase name="TCED14098" time="11.076" classname="com.analyzeByScore.ItemAnalysisbyQuestion"/>
</testsuite> <!-- com.analyzeByScore.ItemAnalysisbyQuestion -->
