<?xml version="1.0" encoding="UTF-8"?>
<!-- Generated by org.testng.reporters.JUnitReportReporter -->
<<<<<<< HEAD
<testsuite hostname="QA-Scheduler" failures="0" tests="28" name="com.curriculum.Print_Lessons" time="164.888" errors="0" timestamp="06 Nov 2018 05:40:19 GMT" skipped="0">
  <testcase classname="com.curriculum.Print_Lessons" name="TCED25101" time="8.321"/>
  <testcase classname="com.curriculum.Print_Lessons" name="TCED25102" time="1.535"/>
  <testcase classname="com.curriculum.Print_Lessons" name="TCED25103" time="1.547"/>
  <testcase classname="com.curriculum.Print_Lessons" name="TCED25104" time="12.729"/>
  <testcase classname="com.curriculum.Print_Lessons" name="TCED25105" time="12.632"/>
  <testcase classname="com.curriculum.Print_Lessons" name="TCED25106" time="2.735"/>
  <testcase classname="com.curriculum.Print_Lessons" name="TCED25107" time="2.241"/>
  <testcase classname="com.curriculum.Print_Lessons" name="TCED25108" time="1.897"/>
  <testcase classname="com.curriculum.Print_Lessons" name="TCED25109" time="1.861"/>
  <testcase classname="com.curriculum.Print_Lessons" name="TCED25110" time="12.639"/>
  <testcase classname="com.curriculum.Print_Lessons" name="TCED25111" time="12.777"/>
  <testcase classname="com.curriculum.Print_Lessons" name="TCED25112" time="2.097"/>
  <testcase classname="com.curriculum.Print_Lessons" name="TCED25113" time="1.279"/>
  <testcase classname="com.curriculum.Print_Lessons" name="TCED25114" time="1.346"/>
  <testcase classname="com.curriculum.Print_Lessons" name="TCED25115" time="12.495"/>
  <testcase classname="com.curriculum.Print_Lessons" name="TCED25116" time="12.615"/>
  <testcase classname="com.curriculum.Print_Lessons" name="TCED25117" time="2.307"/>
  <testcase classname="com.curriculum.Print_Lessons" name="TCED25118" time="1.300"/>
  <testcase classname="com.curriculum.Print_Lessons" name="TCED25119" time="1.336"/>
  <testcase classname="com.curriculum.Print_Lessons" name="TCED25120" time="12.691"/>
  <testcase classname="com.curriculum.Print_Lessons" name="TCED25121" time="12.860"/>
  <testcase classname="com.curriculum.Print_Lessons" name="TCED25122" time="2.075"/>
  <testcase classname="com.curriculum.Print_Lessons" name="TCED25123" time="1.419"/>
  <testcase classname="com.curriculum.Print_Lessons" name="TCED25124" time="1.330"/>
  <testcase classname="com.curriculum.Print_Lessons" name="TCED25125" time="12.692"/>
  <testcase classname="com.curriculum.Print_Lessons" name="TCED25126" time="12.736"/>
  <testcase classname="com.curriculum.Print_Lessons" name="TCED25127" time="2.101"/>
  <testcase classname="com.curriculum.Print_Lessons" name="TCED27128" time="1.295"/>
=======
<testsuite skipped="0" hostname="AKHIL-TS" name="com.curriculum.Print_Lessons" tests="28" failures="0" timestamp="6 Nov 2018 06:09:28 GMT" time="191.571" errors="0">
  <testcase name="TCED25101" time="8.771" classname="com.curriculum.Print_Lessons"/>
  <testcase name="TCED25107" time="2.900" classname="com.curriculum.Print_Lessons"/>
  <testcase name="TCED25111" time="13.626" classname="com.curriculum.Print_Lessons"/>
  <testcase name="TCED25117" time="2.966" classname="com.curriculum.Print_Lessons"/>
  <testcase name="TCED25118" time="2.117" classname="com.curriculum.Print_Lessons"/>
  <testcase name="TCED25119" time="2.380" classname="com.curriculum.Print_Lessons"/>
  <testcase name="TCED25113" time="2.119" classname="com.curriculum.Print_Lessons"/>
  <testcase name="TCED25122" time="3.076" classname="com.curriculum.Print_Lessons"/>
  <testcase name="TCED25125" time="15.778" classname="com.curriculum.Print_Lessons"/>
  <testcase name="TCED25102" time="2.415" classname="com.curriculum.Print_Lessons"/>
  <testcase name="TCED25114" time="2.379" classname="com.curriculum.Print_Lessons"/>
  <testcase name="TCED25121" time="13.480" classname="com.curriculum.Print_Lessons"/>
  <testcase name="TCED25106" time="3.417" classname="com.curriculum.Print_Lessons"/>
  <testcase name="TCED25127" time="3.289" classname="com.curriculum.Print_Lessons"/>
  <testcase name="TCED25103" time="2.253" classname="com.curriculum.Print_Lessons"/>
  <testcase name="TCED25115" time="13.657" classname="com.curriculum.Print_Lessons"/>
  <testcase name="TCED25104" time="13.430" classname="com.curriculum.Print_Lessons"/>
  <testcase name="TCED25108" time="2.064" classname="com.curriculum.Print_Lessons"/>
  <testcase name="TCED25109" time="2.107" classname="com.curriculum.Print_Lessons"/>
  <testcase name="TCED25124" time="2.166" classname="com.curriculum.Print_Lessons"/>
  <testcase name="TCED25123" time="2.216" classname="com.curriculum.Print_Lessons"/>
  <testcase name="TCED25116" time="13.532" classname="com.curriculum.Print_Lessons"/>
  <testcase name="TCED25105" time="13.456" classname="com.curriculum.Print_Lessons"/>
  <testcase name="TCED25120" time="13.484" classname="com.curriculum.Print_Lessons"/>
  <testcase name="TCED25110" time="13.585" classname="com.curriculum.Print_Lessons"/>
  <testcase name="TCED25112" time="3.104" classname="com.curriculum.Print_Lessons"/>
  <testcase name="TCED25126" time="15.627" classname="com.curriculum.Print_Lessons"/>
  <testcase name="TCED27128" time="2.177" classname="com.curriculum.Print_Lessons"/>
>>>>>>> bdc0d566e812a87ef8ad5c213d22f5917c9e764c
</testsuite> <!-- com.curriculum.Print_Lessons -->
