<?xml version="1.0" encoding="UTF-8"?>
<!-- Generated by org.testng.reporters.JUnitReportReporter -->
<testsuite skipped="0" hostname="AKHIL-TS" name="com.Home.Notes_Tracking_Summary" tests="6" failures="0" timestamp="9 Nov 2018 07:25:10 GMT" time="22.860" errors="0">
  <testcase name="TCED33601" time="8.578" classname="com.Home.Notes_Tracking_Summary"/>
  <testcase name="TCED33606" time="0.462" classname="com.Home.Notes_Tracking_Summary"/>
  <testcase name="TCED33603" time="2.278" classname="com.Home.Notes_Tracking_Summary"/>
  <testcase name="TCED33602" time="0.076" classname="com.Home.Notes_Tracking_Summary"/>
  <testcase name="TCED33605" time="0.142" classname="com.Home.Notes_Tracking_Summary"/>
  <testcase name="TCED33604" time="11.324" classname="com.Home.Notes_Tracking_Summary"/>
</testsuite> <!-- com.Home.Notes_Tracking_Summary -->
