<?xml version="1.0" encoding="UTF-8"?>
<!-- Generated by org.testng.reporters.JUnitReportReporter -->
<testsuite skipped="0" hostname="Vofox-Sebastian" name="com.curriculum.Print_Lessons" tests="28" failures="2" timestamp="29 Oct 2019 09:28:23 GMT" time="213.334" errors="0">
  <testcase name="TCED25101" time="7.468" classname="com.curriculum.Print_Lessons"/>
  <testcase name="TCED25102" time="2.813" classname="com.curriculum.Print_Lessons"/>
  <testcase name="TCED25103" time="5.813" classname="com.curriculum.Print_Lessons"/>
  <testcase name="TCED25104" time="14.663" classname="com.curriculum.Print_Lessons"/>
  <testcase name="TCED25105" time="13.621" classname="com.curriculum.Print_Lessons"/>
  <testcase name="TCED25106" time="6.096" classname="com.curriculum.Print_Lessons"/>
  <testcase name="TCED25107" time="2.519" classname="com.curriculum.Print_Lessons"/>
  <testcase name="TCED25108" time="2.444" classname="com.curriculum.Print_Lessons"/>
  <testcase name="TCED25109" time="2.277" classname="com.curriculum.Print_Lessons"/>
  <testcase name="TCED25110" time="13.971" classname="com.curriculum.Print_Lessons"/>
  <testcase name="TCED25111" time="13.572" classname="com.curriculum.Print_Lessons"/>
  <testcase name="TCED25112" time="2.598" classname="com.curriculum.Print_Lessons"/>
  <testcase name="TCED25113" time="2.333" classname="com.curriculum.Print_Lessons"/>
  <testcase name="TCED25114" time="5.223" classname="com.curriculum.Print_Lessons"/>
  <testcase name="TCED25115" time="13.832" classname="com.curriculum.Print_Lessons"/>
  <testcase name="TCED25116" time="13.877" classname="com.curriculum.Print_Lessons"/>
  <testcase name="TCED25117" time="4.402" classname="com.curriculum.Print_Lessons"/>
  <testcase name="TCED25118" time="2.594" classname="com.curriculum.Print_Lessons"/>
  <testcase name="TCED25119" time="3.657" classname="com.curriculum.Print_Lessons"/>
  <testcase name="TCED25120" time="14.212" classname="com.curriculum.Print_Lessons"/>
  <testcase name="TCED25121" time="17.770" classname="com.curriculum.Print_Lessons"/>
  <testcase name="TCED25122" time="2.591" classname="com.curriculum.Print_Lessons"/>
  <testcase name="TCED25123" time="3.345" classname="com.curriculum.Print_Lessons"/>
  <testcase name="TCED25124" time="2.684" classname="com.curriculum.Print_Lessons"/>
  <testcase name="TCED25125" time="18.601" classname="com.curriculum.Print_Lessons">
    <failure type="java.lang.AssertionError" message="Failed to download document which has extension .PDF expected [true] but found [false]">
      <![CDATA[java.lang.AssertionError: Failed to download document which has extension .PDF expected [true] but found [false]
at org.testng.Assert.fail(Assert.java:96)
at org.testng.Assert.failNotEquals(Assert.java:776)
at org.testng.Assert.assertTrue(Assert.java:44)
at com.curriculum.Print_Lessons.TCED25125(Print_Lessons.java:757)
at sun.reflect.NativeMethodAccessorImpl.invoke0(Native Method)
at sun.reflect.NativeMethodAccessorImpl.invoke(NativeMethodAccessorImpl.java:62)
at sun.reflect.DelegatingMethodAccessorImpl.invoke(DelegatingMethodAccessorImpl.java:43)
at java.lang.reflect.Method.invoke(Method.java:498)
at org.testng.internal.MethodInvocationHelper.invokeMethod(MethodInvocationHelper.java:124)
at org.testng.internal.Invoker.invokeMethod(Invoker.java:583)
at org.testng.internal.Invoker.invokeTestMethod(Invoker.java:719)
at org.testng.internal.Invoker.invokeTestMethods(Invoker.java:989)
at org.testng.internal.TestMethodWorker.invokeTestMethods(TestMethodWorker.java:125)
at org.testng.internal.TestMethodWorker.run(TestMethodWorker.java:109)
at org.testng.TestRunner.privateRun(TestRunner.java:648)
at org.testng.TestRunner.run(TestRunner.java:505)
at org.testng.SuiteRunner.runTest(SuiteRunner.java:455)
at org.testng.SuiteRunner.runSequentially(SuiteRunner.java:450)
at org.testng.SuiteRunner.privateRun(SuiteRunner.java:415)
at org.testng.SuiteRunner.run(SuiteRunner.java:364)
at org.testng.SuiteRunnerWorker.runSuite(SuiteRunnerWorker.java:52)
at org.testng.SuiteRunnerWorker.run(SuiteRunnerWorker.java:84)
at org.testng.TestNG.runSuitesSequentially(TestNG.java:1208)
at org.testng.TestNG.runSuitesLocally(TestNG.java:1137)
at org.testng.TestNG.runSuites(TestNG.java:1049)
at org.testng.TestNG.run(TestNG.java:1017)
at org.testng.remote.AbstractRemoteTestNG.run(AbstractRemoteTestNG.java:114)
at org.testng.remote.RemoteTestNG.initAndRun(RemoteTestNG.java:251)
at org.testng.remote.RemoteTestNG.main(RemoteTestNG.java:77)
]]>
    </failure>
  </testcase> <!-- TCED25125 -->
  <testcase name="TCED25126" time="15.561" classname="com.curriculum.Print_Lessons">
    <failure type="java.lang.AssertionError" message="Failed to download document which has extension .DOC expected [true] but found [false]">
      <![CDATA[java.lang.AssertionError: Failed to download document which has extension .DOC expected [true] but found [false]
at org.testng.Assert.fail(Assert.java:96)
at org.testng.Assert.failNotEquals(Assert.java:776)
at org.testng.Assert.assertTrue(Assert.java:44)
at com.curriculum.Print_Lessons.TCED25126(Print_Lessons.java:794)
at sun.reflect.NativeMethodAccessorImpl.invoke0(Native Method)
at sun.reflect.NativeMethodAccessorImpl.invoke(NativeMethodAccessorImpl.java:62)
at sun.reflect.DelegatingMethodAccessorImpl.invoke(DelegatingMethodAccessorImpl.java:43)
at java.lang.reflect.Method.invoke(Method.java:498)
at org.testng.internal.MethodInvocationHelper.invokeMethod(MethodInvocationHelper.java:124)
at org.testng.internal.Invoker.invokeMethod(Invoker.java:583)
at org.testng.internal.Invoker.invokeTestMethod(Invoker.java:719)
at org.testng.internal.Invoker.invokeTestMethods(Invoker.java:989)
at org.testng.internal.TestMethodWorker.invokeTestMethods(TestMethodWorker.java:125)
at org.testng.internal.TestMethodWorker.run(TestMethodWorker.java:109)
at org.testng.TestRunner.privateRun(TestRunner.java:648)
at org.testng.TestRunner.run(TestRunner.java:505)
at org.testng.SuiteRunner.runTest(SuiteRunner.java:455)
at org.testng.SuiteRunner.runSequentially(SuiteRunner.java:450)
at org.testng.SuiteRunner.privateRun(SuiteRunner.java:415)
at org.testng.SuiteRunner.run(SuiteRunner.java:364)
at org.testng.SuiteRunnerWorker.runSuite(SuiteRunnerWorker.java:52)
at org.testng.SuiteRunnerWorker.run(SuiteRunnerWorker.java:84)
at org.testng.TestNG.runSuitesSequentially(TestNG.java:1208)
at org.testng.TestNG.runSuitesLocally(TestNG.java:1137)
at org.testng.TestNG.runSuites(TestNG.java:1049)
at org.testng.TestNG.run(TestNG.java:1017)
at org.testng.remote.AbstractRemoteTestNG.run(AbstractRemoteTestNG.java:114)
at org.testng.remote.RemoteTestNG.initAndRun(RemoteTestNG.java:251)
at org.testng.remote.RemoteTestNG.main(RemoteTestNG.java:77)
]]>
    </failure>
  </testcase> <!-- TCED25126 -->
  <testcase name="TCED25127" time="2.641" classname="com.curriculum.Print_Lessons"/>
  <testcase name="TCED27128" time="2.156" classname="com.curriculum.Print_Lessons"/>
</testsuite> <!-- com.curriculum.Print_Lessons -->
