<?xml version="1.0" encoding="UTF-8"?>
<!-- Generated by org.testng.reporters.JUnitReportReporter -->
<testsuite skipped="0" hostname="Vofox-Sebastian" name="com.curriculum.Submitted_Lesson_Plans" tests="11" failures="0" timestamp="29 Oct 2019 10:19:36 GMT" time="74.071" errors="0">
  <testcase name="TCED27101" time="7.417" classname="com.curriculum.Submitted_Lesson_Plans"/>
  <testcase name="TCED27102" time="2.290" classname="com.curriculum.Submitted_Lesson_Plans"/>
  <testcase name="TCED27103" time="2.173" classname="com.curriculum.Submitted_Lesson_Plans"/>
  <testcase name="TCED27104" time="16.038" classname="com.curriculum.Submitted_Lesson_Plans"/>
  <testcase name="TCED27105" time="16.076" classname="com.curriculum.Submitted_Lesson_Plans"/>
  <testcase name="TCED27106" time="5.770" classname="com.curriculum.Submitted_Lesson_Plans"/>
  <testcase name="TCED27107" time="6.062" classname="com.curriculum.Submitted_Lesson_Plans"/>
  <testcase name="TCED27108" time="5.461" classname="com.curriculum.Submitted_Lesson_Plans"/>
  <testcase name="TCED27109" time="2.357" classname="com.curriculum.Submitted_Lesson_Plans"/>
  <testcase name="TCED27111" time="7.121" classname="com.curriculum.Submitted_Lesson_Plans"/>
  <testcase name="TCED27112" time="3.306" classname="com.curriculum.Submitted_Lesson_Plans"/>
</testsuite> <!-- com.curriculum.Submitted_Lesson_Plans -->
