<?xml version="1.0" encoding="UTF-8"?>
<!-- Generated by org.testng.reporters.JUnitReportReporter -->
<testsuite skipped="0" hostname="AKHIL-TS" name="com.curriculum.Enter_weeks_minutes" tests="4" failures="0" timestamp="10 Sep 2018 13:14:57 GMT" time="30.331" errors="0">
  <testcase name="TCED29401" time="15.808" classname="com.curriculum.Enter_weeks_minutes"/>
  <testcase name="TCED29402" time="0.961" classname="com.curriculum.Enter_weeks_minutes"/>
  <testcase name="TCED29404" time="6.375" classname="com.curriculum.Enter_weeks_minutes"/>
  <testcase name="TCED29403" time="7.187" classname="com.curriculum.Enter_weeks_minutes"/>
</testsuite> <!-- com.curriculum.Enter_weeks_minutes -->
