<?xml version="1.0" encoding="UTF-8"?>
<!-- Generated by org.testng.reporters.JUnitReportReporter -->
<testsuite skipped="1" hostname="AKHIL-TS" name="com.Home.Attendance" tests="8" failures="1" timestamp="12 Nov 2018 11:52:05 GMT" time="47.153" errors="0">
  <testcase name="TCED34302" time="0.000" classname="com.Home.Attendance">
    <skipped/>
  </testcase> <!-- TCED34302 -->
  <testcase name="TCED34304" time="1.405" classname="com.Home.Attendance"/>
  <testcase name="TCED34305" time="4.872" classname="com.Home.Attendance"/>
  <testcase name="TCED34306" time="4.744" classname="com.Home.Attendance"/>
  <testcase name="TCED34303" time="2.896" classname="com.Home.Attendance"/>
  <testcase name="TCED34301" time="14.524" classname="com.Home.Attendance">
    <failure type="java.lang.AssertionError" message="failed to assert textAbsence Tracker expected [true] but found [false]">
      <![CDATA[java.lang.AssertionError: failed to assert textAbsence Tracker expected [true] but found [false]
	at org.testng.Assert.fail(Assert.java:94)
	at org.testng.Assert.failNotEquals(Assert.java:513)
	at org.testng.Assert.assertTrue(Assert.java:42)
	at com.Home.Attendance.TCED34301(Attendance.java:56)
	at sun.reflect.NativeMethodAccessorImpl.invoke0(Native Method)
	at sun.reflect.NativeMethodAccessorImpl.invoke(NativeMethodAccessorImpl.java:62)
	at sun.reflect.DelegatingMethodAccessorImpl.invoke(DelegatingMethodAccessorImpl.java:43)
	at java.lang.reflect.Method.invoke(Method.java:498)
	at org.testng.internal.MethodInvocationHelper.invokeMethod(MethodInvocationHelper.java:100)
	at org.testng.internal.Invoker.invokeMethod(Invoker.java:646)
	at org.testng.internal.Invoker.invokeTestMethod(Invoker.java:811)
	at org.testng.internal.Invoker.invokeTestMethods(Invoker.java:1137)
	at org.testng.internal.TestMethodWorker.invokeTestMethods(TestMethodWorker.java:129)
	at org.testng.internal.TestMethodWorker.run(TestMethodWorker.java:112)
	at org.testng.TestRunner.privateRun(TestRunner.java:753)
	at org.testng.TestRunner.run(TestRunner.java:607)
	at org.testng.SuiteRunner.runTest(SuiteRunner.java:368)
	at org.testng.SuiteRunner.runSequentially(SuiteRunner.java:363)
	at org.testng.SuiteRunner.privateRun(SuiteRunner.java:321)
	at org.testng.SuiteRunner.run(SuiteRunner.java:270)
	at org.testng.SuiteRunnerWorker.runSuite(SuiteRunnerWorker.java:52)
	at org.testng.SuiteRunnerWorker.run(SuiteRunnerWorker.java:86)
	at org.testng.TestNG.runSuitesSequentially(TestNG.java:1284)
	at org.testng.TestNG.runSuitesLocally(TestNG.java:1209)
	at org.testng.TestNG.runSuites(TestNG.java:1124)
	at org.testng.TestNG.run(TestNG.java:1096)
	at org.testng.remote.AbstractRemoteTestNG.run(AbstractRemoteTestNG.java:132)
	at org.testng.remote.RemoteTestNG.initAndRun(RemoteTestNG.java:236)
	at org.testng.remote.RemoteTestNG.main(RemoteTestNG.java:81)
]]>
    </failure>
  </testcase> <!-- TCED34301 -->
  <testcase name="TCED34307" time="2.426" classname="com.Home.Attendance"/>
  <testcase name="TCED34308" time="16.286" classname="com.Home.Attendance"/>
</testsuite> <!-- com.Home.Attendance -->
