<?xml version="1.0" encoding="UTF-8"?>
<!-- Generated by org.testng.reporters.JUnitReportReporter -->
<testsuite skipped="0" hostname="Ans-A" name="com.ScoreClassResultsOnline.ScoreClassResultsOnline" tests="9" failures="0" timestamp="12 Oct 2018 07:13:59 GMT" time="25.630" errors="0">
  <testcase name="TCED13024" time="0.848" classname="com.ScoreClassResultsOnline.ScoreClassResultsOnline"/>
  <testcase name="TCED13029" time="0.769" classname="com.ScoreClassResultsOnline.ScoreClassResultsOnline"/>
  <testcase name="TCED13026" time="2.118" classname="com.ScoreClassResultsOnline.ScoreClassResultsOnline"/>
  <testcase name="TCED13027" time="3.554" classname="com.ScoreClassResultsOnline.ScoreClassResultsOnline"/>
  <testcase name="TCED13025" time="0.888" classname="com.ScoreClassResultsOnline.ScoreClassResultsOnline"/>
  <testcase name="TCED13023" time="0.166" classname="com.ScoreClassResultsOnline.ScoreClassResultsOnline"/>
  <testcase name="TCED13022" time="10.942" classname="com.ScoreClassResultsOnline.ScoreClassResultsOnline"/>
  <testcase name="TCED13028" time="2.591" classname="com.ScoreClassResultsOnline.ScoreClassResultsOnline"/>
  <testcase name="TCED13030" time="3.754" classname="com.ScoreClassResultsOnline.ScoreClassResultsOnline"/>
</testsuite> <!-- com.ScoreClassResultsOnline.ScoreClassResultsOnline -->
