<?xml version="1.0" encoding="UTF-8"?>
<!-- Generated by org.testng.reporters.JUnitReportReporter -->
<testsuite skipped="0" hostname="Vofox-Sebastian" name="com.MTSS.Configure_Settings" tests="15" failures="0" timestamp="06 Sep 2018 07:33:08 GMT" time="37.405" errors="0">
  <testcase name="TCED23101" time="7.708" classname="com.MTSS.Configure_Settings"/>
  <testcase name="TCED23102" time="1.139" classname="com.MTSS.Configure_Settings"/>
  <testcase name="TCED23103" time="2.177" classname="com.MTSS.Configure_Settings"/>
  <testcase name="TCED23104" time="1.979" classname="com.MTSS.Configure_Settings"/>
  <testcase name="TCED23105" time="2.962" classname="com.MTSS.Configure_Settings"/>
  <testcase name="TCED23106" time="2.253" classname="com.MTSS.Configure_Settings"/>
  <testcase name="TCED23107" time="1.770" classname="com.MTSS.Configure_Settings"/>
  <testcase name="TCED23108" time="2.055" classname="com.MTSS.Configure_Settings"/>
  <testcase name="TCED23109" time="2.102" classname="com.MTSS.Configure_Settings"/>
  <testcase name="TCED23110" time="2.066" classname="com.MTSS.Configure_Settings"/>
  <testcase name="TCED23112" time="2.031" classname="com.MTSS.Configure_Settings"/>
  <testcase name="TCED23111" time="1.956" classname="com.MTSS.Configure_Settings"/>
  <testcase name="TCED23113" time="2.147" classname="com.MTSS.Configure_Settings"/>
  <testcase name="TCED23114" time="2.291" classname="com.MTSS.Configure_Settings"/>
  <testcase name="TCED23115" time="2.769" classname="com.MTSS.Configure_Settings"/>
</testsuite> <!-- com.MTSS.Configure_Settings -->
