<?xml version="1.0" encoding="UTF-8"?>
<!-- Generated by org.testng.reporters.JUnitReportReporter -->
<testsuite skipped="0" hostname="Vofox-Sebastian" name="com.administerAssessment.Create_New_Administration" tests="9" failures="0" timestamp="24 Oct 2018 07:22:16 GMT" time="90.760" errors="0">
  <testcase name="TCED11001" time="6.481" classname="com.administerAssessment.Create_New_Administration"/>
  <testcase name="TCED11002" time="4.921" classname="com.administerAssessment.Create_New_Administration"/>
  <testcase name="TCED11003" time="1.633" classname="com.administerAssessment.Create_New_Administration"/>
  <testcase name="TCED11004" time="0.621" classname="com.administerAssessment.Create_New_Administration"/>
  <testcase name="TCED11005" time="1.824" classname="com.administerAssessment.Create_New_Administration"/>
  <testcase name="TCED11006" time="0.357" classname="com.administerAssessment.Create_New_Administration"/>
  <testcase name="TCED11007" time="2.903" classname="com.administerAssessment.Create_New_Administration"/>
  <testcase name="TCED11008" time="68.632" classname="com.administerAssessment.Create_New_Administration"/>
  <testcase name="TCED11009" time="3.388" classname="com.administerAssessment.Create_New_Administration"/>
</testsuite> <!-- com.administerAssessment.Create_New_Administration -->
