<?xml version="1.0" encoding="UTF-8"?>
<!-- Generated by org.testng.reporters.JUnitReportReporter -->
<testsuite skipped="0" hostname="AKHIL-TS" name="com.curriculum.CTE_Competency_List" tests="5" failures="0" timestamp="8 Nov 2018 06:30:35 GMT" time="139.989" errors="0">
  <testcase name="TCED30701" time="30.176" classname="com.curriculum.CTE_Competency_List"/>
  <testcase name="TCED30703" time="35.944" classname="com.curriculum.CTE_Competency_List"/>
  <testcase name="TCED30702" time="1.417" classname="com.curriculum.CTE_Competency_List"/>
  <testcase name="TCED30704" time="35.917" classname="com.curriculum.CTE_Competency_List"/>
  <testcase name="TCED30705" time="36.535" classname="com.curriculum.CTE_Competency_List"/>
</testsuite> <!-- com.curriculum.CTE_Competency_List -->
