<?xml version="1.0" encoding="UTF-8"?>
<!-- Generated by org.testng.reporters.JUnitReportReporter -->
<testsuite skipped="0" hostname="Vofox-Sebastian" name="com.Local_Assessment_Score_Results.Test_Suite_Print_Login_Codes" tests="10" failures="0" timestamp="01 Nov 2019 10:18:55 GMT" time="99.192" errors="0">
  <testcase name="TCED13301" time="3.850" classname="com.Local_Assessment_Score_Results.Test_Suite_Print_Login_Codes"/>
  <testcase name="TCED13302" time="5.791" classname="com.Local_Assessment_Score_Results.Test_Suite_Print_Login_Codes"/>
  <testcase name="TCED13303" time="0.436" classname="com.Local_Assessment_Score_Results.Test_Suite_Print_Login_Codes"/>
  <testcase name="TCED13304" time="2.295" classname="com.Local_Assessment_Score_Results.Test_Suite_Print_Login_Codes"/>
  <testcase name="TCED13305" time="4.264" classname="com.Local_Assessment_Score_Results.Test_Suite_Print_Login_Codes"/>
  <testcase name="TCED13306" time="22.985" classname="com.Local_Assessment_Score_Results.Test_Suite_Print_Login_Codes"/>
  <testcase name="TCED13307" time="22.986" classname="com.Local_Assessment_Score_Results.Test_Suite_Print_Login_Codes"/>
  <testcase name="TCED13308" time="23.544" classname="com.Local_Assessment_Score_Results.Test_Suite_Print_Login_Codes"/>
  <testcase name="TCED13309" time="12.239" classname="com.Local_Assessment_Score_Results.Test_Suite_Print_Login_Codes"/>
  <testcase name="TCED13310" time="0.802" classname="com.Local_Assessment_Score_Results.Test_Suite_Print_Login_Codes"/>
</testsuite> <!-- com.Local_Assessment_Score_Results.Test_Suite_Print_Login_Codes -->
