<?xml version="1.0" encoding="UTF-8"?>
<!-- Generated by org.testng.reporters.JUnitReportReporter -->
<testsuite skipped="0" hostname="Vofox-Sebastian" name="com.curriculum.Create_New_Map" tests="22" failures="1" timestamp="22 Oct 2018 16:40:28 GMT" time="67.506" errors="0">
  <testcase name="TCED29101" time="8.234" classname="com.curriculum.Create_New_Map"/>
  <testcase name="TCED29102" time="0.062" classname="com.curriculum.Create_New_Map"/>
  <testcase name="TCED29103" time="1.027" classname="com.curriculum.Create_New_Map"/>
  <testcase name="TCED29104" time="0.571" classname="com.curriculum.Create_New_Map"/>
  <testcase name="TCED29105" time="0.960" classname="com.curriculum.Create_New_Map"/>
  <testcase name="TCED29106" time="3.841" classname="com.curriculum.Create_New_Map"/>
  <testcase name="TCED29120" time="1.255" classname="com.curriculum.Create_New_Map"/>
  <testcase name="TCED29121" time="0.324" classname="com.curriculum.Create_New_Map"/>
  <testcase name="TCED29122" time="1.161" classname="com.curriculum.Create_New_Map"/>
  <testcase name="TCED29123" time="0.437" classname="com.curriculum.Create_New_Map"/>
  <testcase name="TCED29124" time="0.313" classname="com.curriculum.Create_New_Map"/>
  <testcase name="TCED29125" time="4.486" classname="com.curriculum.Create_New_Map"/>
  <testcase name="TCED29126" time="1.467" classname="com.curriculum.Create_New_Map"/>
  <testcase name="TCED29127" time="1.248" classname="com.curriculum.Create_New_Map"/>
  <testcase name="TCED29128" time="0.162" classname="com.curriculum.Create_New_Map"/>
  <testcase name="TCED29129" time="1.032" classname="com.curriculum.Create_New_Map"/>
  <testcase name="TCED29130" time="3.367" classname="com.curriculum.Create_New_Map"/>
  <testcase name="TCED29137" time="13.059" classname="com.curriculum.Create_New_Map"/>
  <testcase name="TCED29138" time="2.669" classname="com.curriculum.Create_New_Map"/>
  <testcase name="TCED29139" time="1.404" classname="com.curriculum.Create_New_Map"/>
  <testcase name="TCED29141" time="20.160" classname="com.curriculum.Create_New_Map">
    <failure type="java.lang.AssertionError" message="Timeout during waiting for element: &#039;//span[@class=&#039;rmLink&#039;][contains(text(),&#039;Search&#039;)]&#039;">
      <![CDATA[java.lang.AssertionError: Timeout during waiting for element: '//span[@class='rmLink'][contains(text(),'Search')]'
at Library.BaseClassOne.waitFor(BaseClassOne.java:271)
at Library.BaseClassOne.click(BaseClassOne.java:183)
at com.curriculum.Create_New_Map.TCED29141(Create_New_Map.java:1307)
at sun.reflect.NativeMethodAccessorImpl.invoke0(Native Method)
at sun.reflect.NativeMethodAccessorImpl.invoke(NativeMethodAccessorImpl.java:62)
at sun.reflect.DelegatingMethodAccessorImpl.invoke(DelegatingMethodAccessorImpl.java:43)
at java.lang.reflect.Method.invoke(Method.java:498)
at org.testng.internal.MethodInvocationHelper.invokeMethod(MethodInvocationHelper.java:124)
at org.testng.internal.Invoker.invokeMethod(Invoker.java:583)
at org.testng.internal.Invoker.invokeTestMethod(Invoker.java:719)
at org.testng.internal.Invoker.invokeTestMethods(Invoker.java:989)
at org.testng.internal.TestMethodWorker.invokeTestMethods(TestMethodWorker.java:125)
at org.testng.internal.TestMethodWorker.run(TestMethodWorker.java:109)
at org.testng.TestRunner.privateRun(TestRunner.java:648)
at org.testng.TestRunner.run(TestRunner.java:505)
at org.testng.SuiteRunner.runTest(SuiteRunner.java:455)
at org.testng.SuiteRunner.runSequentially(SuiteRunner.java:450)
at org.testng.SuiteRunner.privateRun(SuiteRunner.java:415)
at org.testng.SuiteRunner.run(SuiteRunner.java:364)
at org.testng.SuiteRunnerWorker.runSuite(SuiteRunnerWorker.java:52)
at org.testng.SuiteRunnerWorker.run(SuiteRunnerWorker.java:84)
at org.testng.TestNG.runSuitesSequentially(TestNG.java:1208)
at org.testng.TestNG.runSuitesLocally(TestNG.java:1137)
at org.testng.TestNG.runSuites(TestNG.java:1049)
at org.testng.TestNG.run(TestNG.java:1017)
at org.testng.remote.AbstractRemoteTestNG.run(AbstractRemoteTestNG.java:114)
at org.testng.remote.RemoteTestNG.initAndRun(RemoteTestNG.java:251)
at org.testng.remote.RemoteTestNG.main(RemoteTestNG.java:77)
]]>
    </failure>
  </testcase> <!-- TCED29141 -->
  <testcase name="TCED29140" time="0.267" classname="com.curriculum.Create_New_Map"/>
</testsuite> <!-- com.curriculum.Create_New_Map -->
