<?xml version="1.0" encoding="UTF-8"?>
<!-- Generated by org.testng.reporters.JUnitReportReporter -->
<testsuite skipped="0" hostname="Vofox-Sebastian" name="com.localassessment.Score_Class_Results_Online" tests="10" failures="0" timestamp="27 Nov 2018 08:22:51 GMT" time="29.933" errors="0">
  <testcase name="TCED13021" time="6.042" classname="com.localassessment.Score_Class_Results_Online"/>
  <testcase name="TCED13022" time="6.945" classname="com.localassessment.Score_Class_Results_Online"/>
  <testcase name="TCED13023" time="0.328" classname="com.localassessment.Score_Class_Results_Online"/>
  <testcase name="TCED13024" time="0.807" classname="com.localassessment.Score_Class_Results_Online"/>
  <testcase name="TCED13025" time="1.076" classname="com.localassessment.Score_Class_Results_Online"/>
  <testcase name="TCED13026" time="2.639" classname="com.localassessment.Score_Class_Results_Online"/>
  <testcase name="TCED13027" time="4.058" classname="com.localassessment.Score_Class_Results_Online"/>
  <testcase name="TCED13028" time="3.171" classname="com.localassessment.Score_Class_Results_Online"/>
  <testcase name="TCED13029" time="1.003" classname="com.localassessment.Score_Class_Results_Online"/>
  <testcase name="TCED13030" time="3.864" classname="com.localassessment.Score_Class_Results_Online"/>
</testsuite> <!-- com.localassessment.Score_Class_Results_Online -->
