<?xml version="1.0" encoding="UTF-8"?>
<!-- Generated by org.testng.reporters.JUnitReportReporter -->
<testsuite skipped="10" hostname="Vofox-Sebastian" name="com.MTSS.Meeting_History_Report" tests="11" failures="0" timestamp="31 Oct 2018 09:11:56 GMT" time="5.638" errors="1">
  <testcase name="setup1" time="5.638" classname="com.MTSS.Meeting_History_Report">
    <error type="org.openqa.selenium.NoSuchWindowException" message="Browsing context has been discarded
Build info: version: &#039;3.11.0&#039;, revision: &#039;e59cfb3&#039;, time: &#039;2018-03-11T20:26:55.152Z&#039;
System info: host: &#039;VOFOX-SEBASTIAN&#039;, ip: &#039;192.168.10.130&#039;, os.name: &#039;Windows 10&#039;, os.arch: &#039;amd64&#039;, os.version: &#039;10.0&#039;, java.version: &#039;1.8.0_111&#039;
Driver info: org.openqa.selenium.firefox.FirefoxDriver
Capabilities {acceptInsecureCerts: true, browserName: firefox, browserVersion: 61.0.1, javascriptEnabled: true, moz:accessibilityChecks: false, moz:headless: false, moz:processID: 10828, moz:profile: C:\Users\sebastian.VOFOX\Ap..., moz:useNonSpecCompliantPointerOrigin: false, moz:webdriverClick: true, pageLoadStrategy: normal, platform: XP, platformName: XP, platformVersion: 10.0, rotatable: false, timeouts: {implicit: 0, pageLoad: 300000, script: 30000}}
Session ID: 00a80400-eda7-499a-bd7d-32ebad14c5e1">
      <![CDATA[org.openqa.selenium.NoSuchWindowException: Browsing context has been discarded
Build info: version: '3.11.0', revision: 'e59cfb3', time: '2018-03-11T20:26:55.152Z'
System info: host: 'VOFOX-SEBASTIAN', ip: '192.168.10.130', os.name: 'Windows 10', os.arch: 'amd64', os.version: '10.0', java.version: '1.8.0_111'
Driver info: org.openqa.selenium.firefox.FirefoxDriver
Capabilities {acceptInsecureCerts: true, browserName: firefox, browserVersion: 61.0.1, javascriptEnabled: true, moz:accessibilityChecks: false, moz:headless: false, moz:processID: 10828, moz:profile: C:\Users\sebastian.VOFOX\Ap..., moz:useNonSpecCompliantPointerOrigin: false, moz:webdriverClick: true, pageLoadStrategy: normal, platform: XP, platformName: XP, platformVersion: 10.0, rotatable: false, timeouts: {implicit: 0, pageLoad: 300000, script: 30000}}
Session ID: 00a80400-eda7-499a-bd7d-32ebad14c5e1
at sun.reflect.NativeConstructorAccessorImpl.newInstance0(Native Method)
at sun.reflect.NativeConstructorAccessorImpl.newInstance(NativeConstructorAccessorImpl.java:62)
at sun.reflect.DelegatingConstructorAccessorImpl.newInstance(DelegatingConstructorAccessorImpl.java:45)
at java.lang.reflect.Constructor.newInstance(Constructor.java:423)
at org.openqa.selenium.remote.http.W3CHttpResponseCodec.createException(W3CHttpResponseCodec.java:187)
at org.openqa.selenium.remote.http.W3CHttpResponseCodec.decode(W3CHttpResponseCodec.java:122)
at org.openqa.selenium.remote.http.W3CHttpResponseCodec.decode(W3CHttpResponseCodec.java:49)
at org.openqa.selenium.remote.HttpCommandExecutor.execute(HttpCommandExecutor.java:158)
at org.openqa.selenium.remote.service.DriverCommandExecutor.execute(DriverCommandExecutor.java:83)
at org.openqa.selenium.remote.RemoteWebDriver.execute(RemoteWebDriver.java:545)
at org.openqa.selenium.remote.RemoteWebDriver.execute(RemoteWebDriver.java:602)
at org.openqa.selenium.remote.RemoteWebDriver$RemoteWebDriverOptions$RemoteWindow.maximize(RemoteWebDriver.java:836)
at Library.BaseClassOne.setup1(BaseClassOne.java:117)
at sun.reflect.NativeMethodAccessorImpl.invoke0(Native Method)
at sun.reflect.NativeMethodAccessorImpl.invoke(NativeMethodAccessorImpl.java:62)
at sun.reflect.DelegatingMethodAccessorImpl.invoke(DelegatingMethodAccessorImpl.java:43)
at java.lang.reflect.Method.invoke(Method.java:498)
at org.testng.internal.MethodInvocationHelper.invokeMethod(MethodInvocationHelper.java:124)
at org.testng.internal.MethodInvocationHelper.invokeMethodConsideringTimeout(MethodInvocationHelper.java:59)
at org.testng.internal.Invoker.invokeConfigurationMethod(Invoker.java:458)
at org.testng.internal.Invoker.invokeConfigurations(Invoker.java:222)
at org.testng.internal.Invoker.invokeConfigurations(Invoker.java:142)
at org.testng.TestRunner.beforeRun(TestRunner.java:529)
at org.testng.TestRunner.run(TestRunner.java:497)
at org.testng.SuiteRunner.runTest(SuiteRunner.java:455)
at org.testng.SuiteRunner.runSequentially(SuiteRunner.java:450)
at org.testng.SuiteRunner.privateRun(SuiteRunner.java:415)
at org.testng.SuiteRunner.run(SuiteRunner.java:364)
at org.testng.SuiteRunnerWorker.runSuite(SuiteRunnerWorker.java:52)
at org.testng.SuiteRunnerWorker.run(SuiteRunnerWorker.java:84)
at org.testng.TestNG.runSuitesSequentially(TestNG.java:1208)
at org.testng.TestNG.runSuitesLocally(TestNG.java:1137)
at org.testng.TestNG.runSuites(TestNG.java:1049)
at org.testng.TestNG.run(TestNG.java:1017)
at org.testng.remote.AbstractRemoteTestNG.run(AbstractRemoteTestNG.java:114)
at org.testng.remote.RemoteTestNG.initAndRun(RemoteTestNG.java:251)
at org.testng.remote.RemoteTestNG.main(RemoteTestNG.java:77)
]]>
    </error>
  </testcase> <!-- setup1 -->
  <testcase name="TCED22501" time="0.000" classname="com.MTSS.Meeting_History_Report">
    <skipped/>
  </testcase> <!-- TCED22501 -->
  <testcase name="TCED22502" time="0.000" classname="com.MTSS.Meeting_History_Report">
    <skipped/>
  </testcase> <!-- TCED22502 -->
  <testcase name="TCED22503" time="0.000" classname="com.MTSS.Meeting_History_Report">
    <skipped/>
  </testcase> <!-- TCED22503 -->
  <testcase name="TCED22511" time="0.000" classname="com.MTSS.Meeting_History_Report">
    <skipped/>
  </testcase> <!-- TCED22511 -->
  <testcase name="TCED22512" time="0.000" classname="com.MTSS.Meeting_History_Report">
    <skipped/>
  </testcase> <!-- TCED22512 -->
  <testcase name="TCED22513" time="0.000" classname="com.MTSS.Meeting_History_Report">
    <skipped/>
  </testcase> <!-- TCED22513 -->
  <testcase name="TCED22514" time="0.000" classname="com.MTSS.Meeting_History_Report">
    <skipped/>
  </testcase> <!-- TCED22514 -->
  <testcase name="TCED22515" time="0.000" classname="com.MTSS.Meeting_History_Report">
    <skipped/>
  </testcase> <!-- TCED22515 -->
  <testcase name="TCED22516" time="0.000" classname="com.MTSS.Meeting_History_Report">
    <skipped/>
  </testcase> <!-- TCED22516 -->
  <testcase name="TCED22517" time="0.000" classname="com.MTSS.Meeting_History_Report">
    <skipped/>
  </testcase> <!-- TCED22517 -->
</testsuite> <!-- com.MTSS.Meeting_History_Report -->
