<?xml version="1.0" encoding="UTF-8"?>
<!-- Generated by org.testng.reporters.JUnitReportReporter -->
<testsuite skipped="0" hostname="AKHIL-TS" name="com.questionBank.Local_Assessment_Question_Bank_Add_Edit_or_View_Exhibits" tests="7" failures="0" timestamp="18 Oct 2018 12:19:39 GMT" time="18.422" errors="0">
  <testcase name="TCED16506" time="1.415" classname="com.questionBank.Local_Assessment_Question_Bank_Add_Edit_or_View_Exhibits"/>
  <testcase name="TCED16504" time="0.235" classname="com.questionBank.Local_Assessment_Question_Bank_Add_Edit_or_View_Exhibits"/>
  <testcase name="TCED16502" time="3.589" classname="com.questionBank.Local_Assessment_Question_Bank_Add_Edit_or_View_Exhibits"/>
  <testcase name="TCED16505" time="4.411" classname="com.questionBank.Local_Assessment_Question_Bank_Add_Edit_or_View_Exhibits"/>
  <testcase name="TCED16507" time="1.854" classname="com.questionBank.Local_Assessment_Question_Bank_Add_Edit_or_View_Exhibits"/>
  <testcase name="TCED16503" time="0.202" classname="com.questionBank.Local_Assessment_Question_Bank_Add_Edit_or_View_Exhibits"/>
  <testcase name="TCED16501" time="6.716" classname="com.questionBank.Local_Assessment_Question_Bank_Add_Edit_or_View_Exhibits"/>
</testsuite> <!-- com.questionBank.Local_Assessment_Question_Bank_Add_Edit_or_View_Exhibits -->
