<?xml version="1.0" encoding="UTF-8"?>
<!-- Generated by org.testng.reporters.JUnitReportReporter -->
<testsuite skipped="0" hostname="Vofox-Sebastian" name="com.administerAssessment.Create_New_Administration" tests="9" failures="0" timestamp="07 Nov 2019 12:44:12 GMT" time="97.810" errors="0">
  <testcase name="TCED11001" time="4.201" classname="com.administerAssessment.Create_New_Administration"/>
  <testcase name="TCED11002" time="5.188" classname="com.administerAssessment.Create_New_Administration"/>
  <testcase name="TCED11003" time="1.509" classname="com.administerAssessment.Create_New_Administration"/>
  <testcase name="TCED11004" time="0.597" classname="com.administerAssessment.Create_New_Administration"/>
  <testcase name="TCED11005" time="2.358" classname="com.administerAssessment.Create_New_Administration"/>
  <testcase name="TCED11006" time="0.336" classname="com.administerAssessment.Create_New_Administration"/>
  <testcase name="TCED11007" time="2.366" classname="com.administerAssessment.Create_New_Administration"/>
  <testcase name="TCED11008" time="73.697" classname="com.administerAssessment.Create_New_Administration"/>
  <testcase name="TCED11009" time="7.558" classname="com.administerAssessment.Create_New_Administration"/>
</testsuite> <!-- com.administerAssessment.Create_New_Administration -->
