<?xml version="1.0" encoding="UTF-8"?>
<!-- Generated by org.testng.reporters.JUnitReportReporter -->
<testsuite skipped="0" hostname="AKHIL-TS" name="com.Home.Student_Building_Grade_Lists" tests="14" failures="0" timestamp="12 Nov 2018 08:40:19 GMT" time="79.017" errors="0">
  <testcase name="TCED33202" time="0.455" classname="com.Home.Student_Building_Grade_Lists"/>
  <testcase name="TCED33214" time="1.010" classname="com.Home.Student_Building_Grade_Lists"/>
  <testcase name="TCED33204" time="0.223" classname="com.Home.Student_Building_Grade_Lists"/>
  <testcase name="TCED33212" time="11.280" classname="com.Home.Student_Building_Grade_Lists"/>
  <testcase name="TCED33206" time="11.290" classname="com.Home.Student_Building_Grade_Lists"/>
  <testcase name="TCED33211" time="11.300" classname="com.Home.Student_Building_Grade_Lists"/>
  <testcase name="TCED33213" time="2.051" classname="com.Home.Student_Building_Grade_Lists"/>
  <testcase name="TCED33208" time="1.054" classname="com.Home.Student_Building_Grade_Lists"/>
  <testcase name="TCED33215" time="11.810" classname="com.Home.Student_Building_Grade_Lists"/>
  <testcase name="TCED33205" time="11.264" classname="com.Home.Student_Building_Grade_Lists"/>
  <testcase name="TCED33210" time="0.271" classname="com.Home.Student_Building_Grade_Lists"/>
  <testcase name="TCED33201" time="9.288" classname="com.Home.Student_Building_Grade_Lists"/>
  <testcase name="TCED33203" time="5.530" classname="com.Home.Student_Building_Grade_Lists"/>
  <testcase name="TCED33207" time="2.191" classname="com.Home.Student_Building_Grade_Lists"/>
</testsuite> <!-- com.Home.Student_Building_Grade_Lists -->
