<?xml version="1.0" encoding="UTF-8"?>
<!-- Generated by org.testng.reporters.JUnitReportReporter -->
<testsuite skipped="0" hostname="Vofox-Sebastian" name="com.MTSS.Track_Student_Interventions" tests="4" failures="0" timestamp="30 Oct 2019 11:09:52 GMT" time="14.748" errors="0">
  <testcase name="TCED19601" time="9.171" classname="com.MTSS.Track_Student_Interventions"/>
  <testcase name="TCED19602" time="0.229" classname="com.MTSS.Track_Student_Interventions"/>
  <testcase name="TCED19603" time="2.491" classname="com.MTSS.Track_Student_Interventions"/>
  <testcase name="TCED19604" time="2.857" classname="com.MTSS.Track_Student_Interventions"/>
</testsuite> <!-- com.MTSS.Track_Student_Interventions -->
