<?xml version="1.0" encoding="UTF-8"?>
<!-- Generated by org.testng.reporters.JUnitReportReporter -->
<testsuite skipped="0" hostname="Ans-A" name="com.MTSS.Manage_meetings" tests="23" failures="0" timestamp="14 Nov 2018 10:17:39 GMT" time="234.261" errors="0">
  <testcase name="TCED20215" time="13.318" classname="com.MTSS.Manage_meetings"/>
  <testcase name="TCED20210" time="7.962" classname="com.MTSS.Manage_meetings"/>
  <testcase name="TCED20209" time="4.169" classname="com.MTSS.Manage_meetings"/>
  <testcase name="TCED20212" time="10.727" classname="com.MTSS.Manage_meetings"/>
  <testcase name="TCED20222" time="30.515" classname="com.MTSS.Manage_meetings"/>
  <testcase name="TCED20214" time="13.866" classname="com.MTSS.Manage_meetings"/>
  <testcase name="TCED20203" time="2.649" classname="com.MTSS.Manage_meetings"/>
  <testcase name="TCED20204" time="2.171" classname="com.MTSS.Manage_meetings"/>
  <testcase name="TCED20208" time="7.316" classname="com.MTSS.Manage_meetings"/>
  <testcase name="TCED20206" time="6.359" classname="com.MTSS.Manage_meetings"/>
  <testcase name="TCED20205" time="0.085" classname="com.MTSS.Manage_meetings"/>
  <testcase name="TCED20223" time="0.044" classname="com.MTSS.Manage_meetings"/>
  <testcase name="TCED20201" time="90.664" classname="com.MTSS.Manage_meetings"/>
  <testcase name="TCED20218" time="0.104" classname="com.MTSS.Manage_meetings"/>
  <testcase name="TCED20219" time="12.093" classname="com.MTSS.Manage_meetings"/>
  <testcase name="TCED20202" time="0.119" classname="com.MTSS.Manage_meetings"/>
  <testcase name="TCED20217" time="9.585" classname="com.MTSS.Manage_meetings"/>
  <testcase name="TCED20220" time="0.145" classname="com.MTSS.Manage_meetings"/>
  <testcase name="TCED20213" time="0.068" classname="com.MTSS.Manage_meetings"/>
  <testcase name="TCED20224" time="3.150" classname="com.MTSS.Manage_meetings"/>
  <testcase name="TCED20221" time="8.177" classname="com.MTSS.Manage_meetings"/>
  <testcase name="TCED20207" time="0.055" classname="com.MTSS.Manage_meetings"/>
  <testcase name="TCED20211" time="10.920" classname="com.MTSS.Manage_meetings"/>
</testsuite> <!-- com.MTSS.Manage_meetings -->
