<?xml version="1.0" encoding="UTF-8"?>
<!-- Generated by org.testng.reporters.JUnitReportReporter -->
<testsuite skipped="0" hostname="Vofox-Sebastian" name="com.MTSS.Fix_and_Delete_intervention_plan" tests="9" failures="0" timestamp="20 Nov 2018 11:00:32 GMT" time="59.783" errors="0">
  <testcase name="TCED19801" time="8.572" classname="com.MTSS.Fix_and_Delete_intervention_plan"/>
  <testcase name="TCED19802" time="0.275" classname="com.MTSS.Fix_and_Delete_intervention_plan"/>
  <testcase name="TCED19803" time="1.728" classname="com.MTSS.Fix_and_Delete_intervention_plan"/>
  <testcase name="TCED19804" time="3.036" classname="com.MTSS.Fix_and_Delete_intervention_plan"/>
  <testcase name="TCED19805" time="1.406" classname="com.MTSS.Fix_and_Delete_intervention_plan"/>
  <testcase name="TCED19806" time="0.587" classname="com.MTSS.Fix_and_Delete_intervention_plan"/>
  <testcase name="TCED19807" time="5.362" classname="com.MTSS.Fix_and_Delete_intervention_plan"/>
  <testcase name="TCED19808" time="22.972" classname="com.MTSS.Fix_and_Delete_intervention_plan"/>
  <testcase name="TCED19809" time="15.845" classname="com.MTSS.Fix_and_Delete_intervention_plan"/>
</testsuite> <!-- com.MTSS.Fix_and_Delete_intervention_plan -->
