<?xml version="1.0" encoding="UTF-8"?>
<!-- Generated by org.testng.reporters.JUnitReportReporter -->
<testsuite skipped="0" hostname="Vofox-Sebastian" name="com.Home.Teacher_Course_Section_Attendance" tests="7" failures="0" timestamp="06 Nov 2019 07:32:03 GMT" time="45.888" errors="0">
  <testcase name="TCED35601" time="14.328" classname="com.Home.Teacher_Course_Section_Attendance"/>
  <testcase name="TCED35602" time="0.147" classname="com.Home.Teacher_Course_Section_Attendance"/>
  <testcase name="TCED35603" time="11.315" classname="com.Home.Teacher_Course_Section_Attendance"/>
  <testcase name="TCED35604" time="6.775" classname="com.Home.Teacher_Course_Section_Attendance"/>
  <testcase name="TCED35605" time="12.644" classname="com.Home.Teacher_Course_Section_Attendance"/>
  <testcase name="TCED35606" time="0.100" classname="com.Home.Teacher_Course_Section_Attendance"/>
  <testcase name="TCED35607" time="0.579" classname="com.Home.Teacher_Course_Section_Attendance"/>
</testsuite> <!-- com.Home.Teacher_Course_Section_Attendance -->
