<?xml version="1.0" encoding="UTF-8"?>
<!-- Generated by org.testng.reporters.JUnitReportReporter -->
<testsuite skipped="0" hostname="Vofox-Sebastian" name="com.MTSS.TeamDecisionReport" tests="17" failures="0" timestamp="31 Oct 2018 15:16:01 GMT" time="152.712" errors="0">
  <testcase name="TCED22601" time="8.597" classname="com.MTSS.TeamDecisionReport"/>
  <testcase name="TCED22602" time="0.227" classname="com.MTSS.TeamDecisionReport"/>
  <testcase name="TCED22603" time="3.356" classname="com.MTSS.TeamDecisionReport"/>
  <testcase name="TCED22604" time="0.087" classname="com.MTSS.TeamDecisionReport"/>
  <testcase name="TCED22605" time="0.255" classname="com.MTSS.TeamDecisionReport"/>
  <testcase name="TCED22606" time="9.284" classname="com.MTSS.TeamDecisionReport"/>
  <testcase name="TCED22607" time="9.309" classname="com.MTSS.TeamDecisionReport"/>
  <testcase name="TCED22608" time="19.523" classname="com.MTSS.TeamDecisionReport"/>
  <testcase name="TCED22609" time="21.532" classname="com.MTSS.TeamDecisionReport"/>
  <testcase name="TCED22610" time="3.947" classname="com.MTSS.TeamDecisionReport"/>
  <testcase name="TCED22611" time="21.831" classname="com.MTSS.TeamDecisionReport"/>
  <testcase name="TCED22612" time="9.303" classname="com.MTSS.TeamDecisionReport"/>
  <testcase name="TCED22613" time="9.326" classname="com.MTSS.TeamDecisionReport"/>
  <testcase name="TCED22614" time="8.136" classname="com.MTSS.TeamDecisionReport"/>
  <testcase name="TCED22615" time="9.299" classname="com.MTSS.TeamDecisionReport"/>
  <testcase name="TCED22616" time="9.305" classname="com.MTSS.TeamDecisionReport"/>
  <testcase name="TCED22617" time="9.395" classname="com.MTSS.TeamDecisionReport"/>
</testsuite> <!-- com.MTSS.TeamDecisionReport -->
