<?xml version="1.0" encoding="UTF-8"?>
<!-- Generated by org.testng.reporters.JUnitReportReporter -->
<testsuite skipped="0" hostname="AKHIL-TS" name="com.Home.Teacher_Course_Section_Curriculum_Maps" tests="2" failures="0" timestamp="23 Nov 2018 11:07:49 GMT" time="17.699" errors="0">
  <testcase name="TCED35701" time="14.893" classname="com.Home.Teacher_Course_Section_Curriculum_Maps"/>
  <testcase name="TCED35703" time="2.806" classname="com.Home.Teacher_Course_Section_Curriculum_Maps"/>
</testsuite> <!-- com.Home.Teacher_Course_Section_Curriculum_Maps -->
