<?xml version="1.0" encoding="UTF-8"?>
<!-- Generated by org.testng.reporters.JUnitReportReporter -->
<testsuite hostname="QA-Scheduler" failures="1" tests="28" name="com.curriculum.Print_Lessons" time="179.048" errors="0" timestamp="07 Nov 2018 04:53:40 GMT" skipped="0">
  <testcase classname="com.curriculum.Print_Lessons" name="TCED25101" time="12.901"/>
  <testcase classname="com.curriculum.Print_Lessons" name="TCED25102" time="3.211"/>
  <testcase classname="com.curriculum.Print_Lessons" name="TCED25103" time="1.474"/>
  <testcase classname="com.curriculum.Print_Lessons" name="TCED25104" time="12.764"/>
  <testcase classname="com.curriculum.Print_Lessons" name="TCED25105" time="12.642"/>
  <testcase classname="com.curriculum.Print_Lessons" name="TCED25106" time="2.468"/>
  <testcase classname="com.curriculum.Print_Lessons" name="TCED25107" time="2.179"/>
  <testcase classname="com.curriculum.Print_Lessons" name="TCED25108" time="1.393"/>
  <testcase classname="com.curriculum.Print_Lessons" name="TCED25109" time="1.514"/>
  <testcase classname="com.curriculum.Print_Lessons" name="TCED25110" time="12.672"/>
  <testcase classname="com.curriculum.Print_Lessons" name="TCED25111" time="12.854"/>
  <testcase classname="com.curriculum.Print_Lessons" name="TCED25112" time="2.180"/>
  <testcase classname="com.curriculum.Print_Lessons" name="TCED25113" time="1.383"/>
  <testcase classname="com.curriculum.Print_Lessons" name="TCED25114" time="1.449"/>
  <testcase classname="com.curriculum.Print_Lessons" name="TCED25115" time="12.730"/>
  <testcase classname="com.curriculum.Print_Lessons" name="TCED25116" time="12.735"/>
  <testcase classname="com.curriculum.Print_Lessons" name="TCED25117" time="2.282"/>
  <testcase classname="com.curriculum.Print_Lessons" name="TCED25118" time="1.443"/>
  <testcase classname="com.curriculum.Print_Lessons" name="TCED25119" time="1.389"/>
  <testcase classname="com.curriculum.Print_Lessons" name="TCED25120" time="12.844"/>
  <testcase classname="com.curriculum.Print_Lessons" name="TCED25121" time="21.485"/>
  <testcase classname="com.curriculum.Print_Lessons" name="TCED25122" time="2.216"/>
  <testcase classname="com.curriculum.Print_Lessons" name="TCED25123" time="1.418"/>
  <testcase classname="com.curriculum.Print_Lessons" name="TCED25124" time="1.434"/>
  <testcase classname="com.curriculum.Print_Lessons" name="TCED25125" time="14.779"/>
  <testcase classname="com.curriculum.Print_Lessons" name="TCED25126" time="9.775">
    <failure message="Failed to download document which has extension .DOC expected [true] but found [false]" type="java.lang.AssertionError">
      <![CDATA[java.lang.AssertionError: Failed to download document which has extension .DOC expected [true] but found [false]
at org.testng.Assert.fail(Assert.java:96)
at org.testng.Assert.failNotEquals(Assert.java:776)
at org.testng.Assert.assertTrue(Assert.java:44)
at com.curriculum.Print_Lessons.TCED25126(Print_Lessons.java:794)
at java.base/jdk.internal.reflect.NativeMethodAccessorImpl.invoke0(Native Method)
at java.base/jdk.internal.reflect.NativeMethodAccessorImpl.invoke(NativeMethodAccessorImpl.java:62)
at java.base/jdk.internal.reflect.DelegatingMethodAccessorImpl.invoke(DelegatingMethodAccessorImpl.java:43)
at java.base/java.lang.reflect.Method.invoke(Method.java:564)
at org.testng.internal.MethodInvocationHelper.invokeMethod(MethodInvocationHelper.java:124)
at org.testng.internal.Invoker.invokeMethod(Invoker.java:580)
at org.testng.internal.Invoker.invokeTestMethod(Invoker.java:716)
at org.testng.internal.Invoker.invokeTestMethods(Invoker.java:988)
at org.testng.internal.TestMethodWorker.invokeTestMethods(TestMethodWorker.java:125)
at org.testng.internal.TestMethodWorker.run(TestMethodWorker.java:109)
at org.testng.TestRunner.privateRun(TestRunner.java:648)
at org.testng.TestRunner.run(TestRunner.java:505)
at org.testng.SuiteRunner.runTest(SuiteRunner.java:455)
at org.testng.SuiteRunner.runSequentially(SuiteRunner.java:450)
at org.testng.SuiteRunner.privateRun(SuiteRunner.java:415)
at org.testng.SuiteRunner.run(SuiteRunner.java:364)
at org.testng.SuiteRunnerWorker.runSuite(SuiteRunnerWorker.java:52)
at org.testng.SuiteRunnerWorker.run(SuiteRunnerWorker.java:84)
at org.testng.TestNG.runSuitesSequentially(TestNG.java:1208)
at org.testng.TestNG.runSuitesLocally(TestNG.java:1137)
at org.testng.TestNG.runSuites(TestNG.java:1049)
at org.testng.TestNG.run(TestNG.java:1017)
at org.testng.remote.AbstractRemoteTestNG.run(AbstractRemoteTestNG.java:114)
at org.testng.remote.RemoteTestNG.initAndRun(RemoteTestNG.java:251)
at org.testng.remote.RemoteTestNG.main(RemoteTestNG.java:77)
]]>
    </failure>
  </testcase> <!-- TCED25126 -->
  <testcase classname="com.curriculum.Print_Lessons" name="TCED25127" time="2.044"/>
  <testcase classname="com.curriculum.Print_Lessons" name="TCED27128" time="1.390"/>
</testsuite> <!-- com.curriculum.Print_Lessons -->
