<?xml version="1.0" encoding="UTF-8"?>
<!-- Generated by org.testng.reporters.JUnitReportReporter -->
<testsuite skipped="0" hostname="Vofox-Sebastian" name="com.Home.Teacher_Course_Section_Curriculum_Maps" tests="6" failures="0" timestamp="01 Nov 2019 10:52:34 GMT" time="40.961" errors="0">
  <testcase name="TCED35701" time="12.895" classname="com.Home.Teacher_Course_Section_Curriculum_Maps"/>
  <testcase name="TCED35702" time="0.181" classname="com.Home.Teacher_Course_Section_Curriculum_Maps"/>
  <testcase name="TCED35703" time="2.957" classname="com.Home.Teacher_Course_Section_Curriculum_Maps"/>
  <testcase name="TCED35704" time="0.845" classname="com.Home.Teacher_Course_Section_Curriculum_Maps"/>
  <testcase name="TCED35705" time="11.657" classname="com.Home.Teacher_Course_Section_Curriculum_Maps"/>
  <testcase name="TCED35706" time="12.426" classname="com.Home.Teacher_Course_Section_Curriculum_Maps"/>
</testsuite> <!-- com.Home.Teacher_Course_Section_Curriculum_Maps -->
