<?xml version="1.0" encoding="UTF-8"?>
<!-- Generated by org.testng.reporters.JUnitReportReporter -->
<testsuite hostname="QA-Scheduler" failures="0" tests="11" name="com.curriculum.Submitted_Lesson_Plans" time="59.451" errors="0" timestamp="06 Nov 2018 06:10:49 GMT" skipped="0">
  <testcase classname="com.curriculum.Submitted_Lesson_Plans" name="TCED27101" time="9.959"/>
  <testcase classname="com.curriculum.Submitted_Lesson_Plans" name="TCED27102" time="2.798"/>
  <testcase classname="com.curriculum.Submitted_Lesson_Plans" name="TCED27103" time="2.969"/>
  <testcase classname="com.curriculum.Submitted_Lesson_Plans" name="TCED27104" time="12.672"/>
  <testcase classname="com.curriculum.Submitted_Lesson_Plans" name="TCED27105" time="12.199"/>
  <testcase classname="com.curriculum.Submitted_Lesson_Plans" name="TCED27106" time="5.619"/>
  <testcase classname="com.curriculum.Submitted_Lesson_Plans" name="TCED27107" time="3.428"/>
  <testcase classname="com.curriculum.Submitted_Lesson_Plans" name="TCED27108" time="3.310"/>
  <testcase classname="com.curriculum.Submitted_Lesson_Plans" name="TCED27109" time="1.530"/>
  <testcase classname="com.curriculum.Submitted_Lesson_Plans" name="TCED27111" time="3.699"/>
  <testcase classname="com.curriculum.Submitted_Lesson_Plans" name="TCED27112" time="1.268"/>
</testsuite> <!-- com.curriculum.Submitted_Lesson_Plans -->
