<?xml version="1.0" encoding="UTF-8"?>
<!-- Generated by org.testng.reporters.JUnitReportReporter -->
<testsuite skipped="0" hostname="Vofox-Sebastian" name="com.curriculum.Copy_Current_Map" tests="5" failures="0" timestamp="11 May 2020 08:38:02 GMT" time="70.942" errors="0">
  <testcase name="TCED29501" time="16.477" classname="com.curriculum.Copy_Current_Map"/>
  <testcase name="TCED29502" time="1.800" classname="com.curriculum.Copy_Current_Map"/>
  <testcase name="TCED29503" time="5.487" classname="com.curriculum.Copy_Current_Map"/>
  <testcase name="TCED29504" time="4.899" classname="com.curriculum.Copy_Current_Map"/>
  <testcase name="TCED29505" time="42.279" classname="com.curriculum.Copy_Current_Map"/>
</testsuite> <!-- com.curriculum.Copy_Current_Map -->
