<?xml version="1.0" encoding="UTF-8"?>
<!-- Generated by org.testng.reporters.JUnitReportReporter -->
<testsuite skipped="0" hostname="AKHIL-TS" name="com.curriculum.Edit_Curriculum" tests="13" failures="0" timestamp="13 Sep 2018 13:24:44 GMT" time="168.515" errors="0">
  <testcase name="TCED29209" time="10.199" classname="com.curriculum.Edit_Curriculum"/>
  <testcase name="TCED29205" time="15.959" classname="com.curriculum.Edit_Curriculum"/>
  <testcase name="TCED29206" time="23.612" classname="com.curriculum.Edit_Curriculum"/>
  <testcase name="TCED29201" time="9.427" classname="com.curriculum.Edit_Curriculum"/>
  <testcase name="TCED29213" time="26.089" classname="com.curriculum.Edit_Curriculum"/>
  <testcase name="TCED29204" time="15.690" classname="com.curriculum.Edit_Curriculum"/>
  <testcase name="TCED29212" time="5.562" classname="com.curriculum.Edit_Curriculum"/>
  <testcase name="TCED29208" time="10.360" classname="com.curriculum.Edit_Curriculum"/>
  <testcase name="TCED29210" time="10.428" classname="com.curriculum.Edit_Curriculum"/>
  <testcase name="TCED29203" time="13.370" classname="com.curriculum.Edit_Curriculum"/>
  <testcase name="TCED29202" time="1.567" classname="com.curriculum.Edit_Curriculum"/>
  <testcase name="TCED29211" time="2.332" classname="com.curriculum.Edit_Curriculum"/>
  <testcase name="TCED29207" time="23.920" classname="com.curriculum.Edit_Curriculum"/>
</testsuite> <!-- com.curriculum.Edit_Curriculum -->
