<?xml version="1.0" encoding="UTF-8"?>
<!-- Generated by org.testng.reporters.JUnitReportReporter -->
<testsuite skipped="0" hostname="Ans-A" name="com.MTSS.MTSS_Tier_Intervention_Menu" tests="5" failures="0" timestamp="23 Oct 2018 13:46:39 GMT" time="15.124" errors="0">
  <testcase name="TCED19101" time="8.977" classname="com.MTSS.MTSS_Tier_Intervention_Menu"/>
  <testcase name="TCED19102" time="0.967" classname="com.MTSS.MTSS_Tier_Intervention_Menu"/>
  <testcase name="TCED19103" time="1.860" classname="com.MTSS.MTSS_Tier_Intervention_Menu"/>
  <testcase name="TCED19104" time="1.624" classname="com.MTSS.MTSS_Tier_Intervention_Menu"/>
  <testcase name="TCED19105" time="1.696" classname="com.MTSS.MTSS_Tier_Intervention_Menu"/>
</testsuite> <!-- com.MTSS.MTSS_Tier_Intervention_Menu -->
