<?xml version="1.0" encoding="UTF-8"?>
<!-- Generated by org.testng.reporters.JUnitReportReporter -->
<testsuite skipped="0" hostname="Vofox-Sebastian" name="com.MTSS.Configure_Settings" tests="15" failures="0" timestamp="10 Sep 2018 05:39:51 GMT" time="38.297" errors="0">
  <testcase name="TCED23101" time="7.982" classname="com.MTSS.Configure_Settings"/>
  <testcase name="TCED23102" time="1.027" classname="com.MTSS.Configure_Settings"/>
  <testcase name="TCED23103" time="2.138" classname="com.MTSS.Configure_Settings"/>
  <testcase name="TCED23104" time="2.226" classname="com.MTSS.Configure_Settings"/>
  <testcase name="TCED23105" time="3.211" classname="com.MTSS.Configure_Settings"/>
  <testcase name="TCED23106" time="2.165" classname="com.MTSS.Configure_Settings"/>
  <testcase name="TCED23107" time="1.993" classname="com.MTSS.Configure_Settings"/>
  <testcase name="TCED23108" time="2.058" classname="com.MTSS.Configure_Settings"/>
  <testcase name="TCED23109" time="2.037" classname="com.MTSS.Configure_Settings"/>
  <testcase name="TCED23110" time="2.169" classname="com.MTSS.Configure_Settings"/>
  <testcase name="TCED23112" time="2.241" classname="com.MTSS.Configure_Settings"/>
  <testcase name="TCED23111" time="2.035" classname="com.MTSS.Configure_Settings"/>
  <testcase name="TCED23113" time="1.905" classname="com.MTSS.Configure_Settings"/>
  <testcase name="TCED23114" time="2.502" classname="com.MTSS.Configure_Settings"/>
  <testcase name="TCED23115" time="2.608" classname="com.MTSS.Configure_Settings"/>
</testsuite> <!-- com.MTSS.Configure_Settings -->
