<?xml version="1.0" encoding="UTF-8"?>
<!-- Generated by org.testng.reporters.JUnitReportReporter -->
<testsuite skipped="0" hostname="Vofox-Sebastian" name="com.analyzeByScore.Local_Assessment_Item_Analysisby_Student" tests="8" failures="0" timestamp="15 Nov 2018 12:07:27 GMT" time="168.474" errors="0">
  <testcase name="TCED14121" time="6.379" classname="com.analyzeByScore.Local_Assessment_Item_Analysisby_Student"/>
  <testcase name="TCED14122" time="6.831" classname="com.analyzeByScore.Local_Assessment_Item_Analysisby_Student"/>
  <testcase name="TCED14123" time="0.366" classname="com.analyzeByScore.Local_Assessment_Item_Analysisby_Student"/>
  <testcase name="TCED14124" time="2.539" classname="com.analyzeByScore.Local_Assessment_Item_Analysisby_Student"/>
  <testcase name="TCED14125" time="2.085" classname="com.analyzeByScore.Local_Assessment_Item_Analysisby_Student"/>
  <testcase name="TCED14126" time="11.278" classname="com.analyzeByScore.Local_Assessment_Item_Analysisby_Student"/>
  <testcase name="TCED14127" time="28.149" classname="com.analyzeByScore.Local_Assessment_Item_Analysisby_Student"/>
  <testcase name="TCED14128" time="110.847" classname="com.analyzeByScore.Local_Assessment_Item_Analysisby_Student"/>
</testsuite> <!-- com.analyzeByScore.Local_Assessment_Item_Analysisby_Student -->
