<?xml version="1.0" encoding="UTF-8"?>
<!-- Generated by org.testng.reporters.JUnitReportReporter -->
<testsuite skipped="0" hostname="AKHIL-TS" name="com.curriculum.Analyze_curriculam" tests="1" failures="0" timestamp="14 Sep 2018 10:42:35 GMT" time="15.218" errors="0">
  <testcase name="TCED29701" time="15.218" classname="com.curriculum.Analyze_curriculam"/>
</testsuite> <!-- com.curriculum.Analyze_curriculam -->
