<?xml version="1.0" encoding="UTF-8"?>
<!-- Generated by org.testng.reporters.JUnitReportReporter -->
<testsuite skipped="0" hostname="AKHIL-TS" name="com.curriculum.Batch_Print" tests="5" failures="0" timestamp="12 Oct 2018 09:11:24 GMT" time="38.447" errors="0">
  <testcase name="TCED28102" time="1.288" classname="com.curriculum.Batch_Print"/>
  <testcase name="TCED28105" time="0.522" classname="com.curriculum.Batch_Print"/>
  <testcase name="TCED28104" time="23.448" classname="com.curriculum.Batch_Print"/>
  <testcase name="TCED28101" time="7.671" classname="com.curriculum.Batch_Print"/>
  <testcase name="TCED28103" time="5.518" classname="com.curriculum.Batch_Print"/>
</testsuite> <!-- com.curriculum.Batch_Print -->
