<?xml version="1.0" encoding="UTF-8"?>
<!-- Generated by org.testng.reporters.JUnitReportReporter -->
<testsuite skipped="0" hostname="Ans-A" name="com.MTSS.Mass_Change_Person_Responsible" tests="7" failures="0" timestamp="30 Oct 2018 04:41:46 GMT" time="39.580" errors="0">
  <testcase name="TCED21103" time="1.960" classname="com.MTSS.Mass_Change_Person_Responsible"/>
  <testcase name="TCED21105" time="24.309" classname="com.MTSS.Mass_Change_Person_Responsible"/>
  <testcase name="TCED21101" time="9.405" classname="com.MTSS.Mass_Change_Person_Responsible"/>
  <testcase name="TCED21104" time="0.106" classname="com.MTSS.Mass_Change_Person_Responsible"/>
  <testcase name="TCED21106" time="2.290" classname="com.MTSS.Mass_Change_Person_Responsible"/>
  <testcase name="TCED21102" time="0.147" classname="com.MTSS.Mass_Change_Person_Responsible"/>
  <testcase name="TCED21107" time="1.363" classname="com.MTSS.Mass_Change_Person_Responsible"/>
</testsuite> <!-- com.MTSS.Mass_Change_Person_Responsible -->
