<?xml version="1.0" encoding="UTF-8"?>
<!-- Generated by org.testng.reporters.JUnitReportReporter -->
<testsuite skipped="0" hostname="Vofox-Sebastian" name="com.Home.Schedule" tests="1" failures="0" timestamp="03 Apr 2019 13:15:43 GMT" time="15.932" errors="0">
  <testcase name="TCED34603" time="15.932" classname="com.Home.Schedule"/>
</testsuite> <!-- com.Home.Schedule -->
