<?xml version="1.0" encoding="UTF-8"?>
<!-- Generated by org.testng.reporters.JUnitReportReporter -->
<testsuite skipped="0" hostname="Vofox-Sebastian" name="com.curriculum.Browse_By_Standard" tests="1" failures="0" timestamp="12 Oct 2018 11:25:26 GMT" time="30.689" errors="0">
  <testcase name="TCED30104" time="30.689" classname="com.curriculum.Browse_By_Standard"/>
</testsuite> <!-- com.curriculum.Browse_By_Standard -->
