<?xml version="1.0" encoding="UTF-8"?>
<!-- Generated by org.testng.reporters.JUnitReportReporter -->
<testsuite skipped="0" hostname="AKHIL-TS" name="com.curriculum.CTE_Competency_List" tests="5" failures="0" timestamp="27 Sep 2018 11:13:26 GMT" time="140.235" errors="0">
  <testcase name="TCED30701" time="30.690" classname="com.curriculum.CTE_Competency_List"/>
  <testcase name="TCED30703" time="35.865" classname="com.curriculum.CTE_Competency_List"/>
  <testcase name="TCED30702" time="1.401" classname="com.curriculum.CTE_Competency_List"/>
  <testcase name="TCED30704" time="35.869" classname="com.curriculum.CTE_Competency_List"/>
  <testcase name="TCED30705" time="36.410" classname="com.curriculum.CTE_Competency_List"/>
</testsuite> <!-- com.curriculum.CTE_Competency_List -->
