<?xml version="1.0" encoding="UTF-8"?>
<!-- Generated by org.testng.reporters.JUnitReportReporter -->
<testsuite skipped="10" hostname="AKHIL-TS" name="com.localassessment.Test_Suite_Print_Login_Codes" tests="11" failures="0" timestamp="11 Oct 2018 05:40:21 GMT" time="0.008" errors="1">
  <testcase name="TCED13301" time="0.001" classname="com.localassessment.Test_Suite_Print_Login_Codes">
    <skipped/>
  </testcase> <!-- TCED13301 -->
  <testcase name="TCED13306" time="0.001" classname="com.localassessment.Test_Suite_Print_Login_Codes">
    <skipped/>
  </testcase> <!-- TCED13306 -->
  <testcase name="TCED13308" time="0.001" classname="com.localassessment.Test_Suite_Print_Login_Codes">
    <skipped/>
  </testcase> <!-- TCED13308 -->
  <testcase name="TCED13302" time="0.001" classname="com.localassessment.Test_Suite_Print_Login_Codes">
    <skipped/>
  </testcase> <!-- TCED13302 -->
  <testcase name="TCED13303" time="0.000" classname="com.localassessment.Test_Suite_Print_Login_Codes">
    <skipped/>
  </testcase> <!-- TCED13303 -->
  <testcase name="setup1" time="0.000" classname="com.localassessment.Test_Suite_Print_Login_Codes">
    <error type="java.lang.IllegalStateException" message="The driver executable does not exist: D:\Jars\Drivers\New-geckodriver\geckodriver.exe">
      <![CDATA[java.lang.IllegalStateException: The driver executable does not exist: D:\Jars\Drivers\New-geckodriver\geckodriver.exe
	at com.google.common.base.Preconditions.checkState(Preconditions.java:585)
	at org.openqa.selenium.remote.service.DriverService.checkExecutable(DriverService.java:136)
	at org.openqa.selenium.remote.service.DriverService.findExecutable(DriverService.java:131)
	at org.openqa.selenium.firefox.GeckoDriverService.access$100(GeckoDriverService.java:41)
	at org.openqa.selenium.firefox.GeckoDriverService$Builder.findDefaultExecutable(GeckoDriverService.java:141)
	at org.openqa.selenium.remote.service.DriverService$Builder.build(DriverService.java:339)
	at org.openqa.selenium.firefox.FirefoxDriver.toExecutor(FirefoxDriver.java:158)
	at org.openqa.selenium.firefox.FirefoxDriver.<init>(FirefoxDriver.java:120)
	at Library.BaseClassOne.setup1(BaseClassOne.java:101)
	at sun.reflect.NativeMethodAccessorImpl.invoke0(Native Method)
	at sun.reflect.NativeMethodAccessorImpl.invoke(NativeMethodAccessorImpl.java:62)
	at sun.reflect.DelegatingMethodAccessorImpl.invoke(DelegatingMethodAccessorImpl.java:43)
	at java.lang.reflect.Method.invoke(Method.java:498)
	at org.testng.internal.MethodInvocationHelper.invokeMethod(MethodInvocationHelper.java:100)
	at org.testng.internal.Invoker.invokeConfigurationMethod(Invoker.java:515)
	at org.testng.internal.Invoker.invokeConfigurations(Invoker.java:216)
	at org.testng.internal.Invoker.invokeConfigurations(Invoker.java:143)
	at org.testng.TestRunner.beforeRun(TestRunner.java:631)
	at org.testng.TestRunner.run(TestRunner.java:599)
	at org.testng.SuiteRunner.runTest(SuiteRunner.java:368)
	at org.testng.SuiteRunner.runSequentially(SuiteRunner.java:363)
	at org.testng.SuiteRunner.privateRun(SuiteRunner.java:321)
	at org.testng.SuiteRunner.run(SuiteRunner.java:270)
	at org.testng.SuiteRunnerWorker.runSuite(SuiteRunnerWorker.java:52)
	at org.testng.SuiteRunnerWorker.run(SuiteRunnerWorker.java:86)
	at org.testng.TestNG.runSuitesSequentially(TestNG.java:1284)
	at org.testng.TestNG.runSuitesLocally(TestNG.java:1209)
	at org.testng.TestNG.runSuites(TestNG.java:1124)
	at org.testng.TestNG.run(TestNG.java:1096)
	at org.testng.remote.AbstractRemoteTestNG.run(AbstractRemoteTestNG.java:132)
	at org.testng.remote.RemoteTestNG.initAndRun(RemoteTestNG.java:236)
	at org.testng.remote.RemoteTestNG.main(RemoteTestNG.java:81)
]]>
    </error>
  </testcase> <!-- setup1 -->
  <testcase name="TCED13310" time="0.001" classname="com.localassessment.Test_Suite_Print_Login_Codes">
    <skipped/>
  </testcase> <!-- TCED13310 -->
  <testcase name="TCED13305" time="0.001" classname="com.localassessment.Test_Suite_Print_Login_Codes">
    <skipped/>
  </testcase> <!-- TCED13305 -->
  <testcase name="TCED13309" time="0.001" classname="com.localassessment.Test_Suite_Print_Login_Codes">
    <skipped/>
  </testcase> <!-- TCED13309 -->
  <testcase name="TCED13304" time="0.000" classname="com.localassessment.Test_Suite_Print_Login_Codes">
    <skipped/>
  </testcase> <!-- TCED13304 -->
  <testcase name="TCED13307" time="0.001" classname="com.localassessment.Test_Suite_Print_Login_Codes">
    <skipped/>
  </testcase> <!-- TCED13307 -->
</testsuite> <!-- com.localassessment.Test_Suite_Print_Login_Codes -->
