<?xml version="1.0" encoding="UTF-8"?>
<!-- Generated by org.testng.reporters.JUnitReportReporter -->
<testsuite skipped="0" hostname="Vofox-Sebastian" name="com.Home.Student_Search" tests="1" failures="0" timestamp="04 Oct 2018 07:24:25 GMT" time="19.583" errors="0">
  <testcase name="TCED33106" time="19.583" classname="com.Home.Student_Search"/>
</testsuite> <!-- com.Home.Student_Search -->
