<?xml version="1.0" encoding="UTF-8"?>
<!-- Generated by org.testng.reporters.JUnitReportReporter -->
<testsuite skipped="0" hostname="Vofox-Sebastian" name="com.Local_Assessment_Score_Results.Test_Suite_Print_Login_Codes" tests="10" failures="0" timestamp="29 Oct 2018 15:29:08 GMT" time="101.950" errors="0">
  <testcase name="TCED13301" time="6.470" classname="com.Local_Assessment_Score_Results.Test_Suite_Print_Login_Codes"/>
  <testcase name="TCED13302" time="5.318" classname="com.Local_Assessment_Score_Results.Test_Suite_Print_Login_Codes"/>
  <testcase name="TCED13303" time="0.566" classname="com.Local_Assessment_Score_Results.Test_Suite_Print_Login_Codes"/>
  <testcase name="TCED13304" time="2.467" classname="com.Local_Assessment_Score_Results.Test_Suite_Print_Login_Codes"/>
  <testcase name="TCED13305" time="4.554" classname="com.Local_Assessment_Score_Results.Test_Suite_Print_Login_Codes"/>
  <testcase name="TCED13306" time="22.884" classname="com.Local_Assessment_Score_Results.Test_Suite_Print_Login_Codes"/>
  <testcase name="TCED13307" time="22.913" classname="com.Local_Assessment_Score_Results.Test_Suite_Print_Login_Codes"/>
  <testcase name="TCED13308" time="23.218" classname="com.Local_Assessment_Score_Results.Test_Suite_Print_Login_Codes"/>
  <testcase name="TCED13309" time="12.273" classname="com.Local_Assessment_Score_Results.Test_Suite_Print_Login_Codes"/>
  <testcase name="TCED13310" time="1.287" classname="com.Local_Assessment_Score_Results.Test_Suite_Print_Login_Codes"/>
</testsuite> <!-- com.Local_Assessment_Score_Results.Test_Suite_Print_Login_Codes -->
