<?xml version="1.0" encoding="UTF-8"?>
<!-- Generated by org.testng.reporters.JUnitReportReporter -->
<testsuite hostname="QA-Scheduler" failures="0" tests="5" name="com.MTSS.MTSS_Tier_Intervention_Menu" time="12.583" errors="0" timestamp="02 Nov 2018 05:07:38 GMT" skipped="0">
  <testcase classname="com.MTSS.MTSS_Tier_Intervention_Menu" name="TCED19101" time="7.175"/>
  <testcase classname="com.MTSS.MTSS_Tier_Intervention_Menu" name="TCED19102" time="0.991"/>
  <testcase classname="com.MTSS.MTSS_Tier_Intervention_Menu" name="TCED19103" time="1.566"/>
  <testcase classname="com.MTSS.MTSS_Tier_Intervention_Menu" name="TCED19104" time="1.411"/>
  <testcase classname="com.MTSS.MTSS_Tier_Intervention_Menu" name="TCED19105" time="1.440"/>
</testsuite> <!-- com.MTSS.MTSS_Tier_Intervention_Menu -->
