<?xml version="1.0" encoding="UTF-8"?>
<!-- Generated by org.testng.reporters.JUnitReportReporter -->
<testsuite skipped="0" hostname="AKHIL-TS" name="com.curriculum.Print_Lessons" tests="2" failures="0" timestamp="30 Aug 2018 13:05:01 GMT" time="11.585" errors="0">
  <testcase name="TCED25102" time="2.556" classname="com.curriculum.Print_Lessons"/>
  <testcase name="TCED25101" time="9.029" classname="com.curriculum.Print_Lessons"/>
</testsuite> <!-- com.curriculum.Print_Lessons -->
