<?xml version="1.0" encoding="UTF-8"?>
<!-- Generated by org.testng.reporters.JUnitReportReporter -->
<testsuite skipped="0" hostname="Vofox-Sebastian" name="com.localassessment.Score_Class_Results_Online" tests="10" failures="0" timestamp="18 Oct 2018 05:34:53 GMT" time="30.084" errors="0">
  <testcase name="TCED13021" time="6.776" classname="com.localassessment.Score_Class_Results_Online"/>
  <testcase name="TCED13022" time="6.667" classname="com.localassessment.Score_Class_Results_Online"/>
  <testcase name="TCED13023" time="0.235" classname="com.localassessment.Score_Class_Results_Online"/>
  <testcase name="TCED13024" time="0.762" classname="com.localassessment.Score_Class_Results_Online"/>
  <testcase name="TCED13025" time="1.194" classname="com.localassessment.Score_Class_Results_Online"/>
  <testcase name="TCED13026" time="2.475" classname="com.localassessment.Score_Class_Results_Online"/>
  <testcase name="TCED13027" time="3.947" classname="com.localassessment.Score_Class_Results_Online"/>
  <testcase name="TCED13028" time="3.274" classname="com.localassessment.Score_Class_Results_Online"/>
  <testcase name="TCED13029" time="0.894" classname="com.localassessment.Score_Class_Results_Online"/>
  <testcase name="TCED13030" time="3.860" classname="com.localassessment.Score_Class_Results_Online"/>
</testsuite> <!-- com.localassessment.Score_Class_Results_Online -->
