<?xml version="1.0" encoding="UTF-8"?>
<!-- Generated by org.testng.reporters.JUnitReportReporter -->
<testsuite hostname="QA-Scheduler" failures="0" tests="5" name="com.curriculum.View_Print" time="82.017" errors="0" timestamp="25 Sep 2018 10:41:14 GMT" skipped="0">
  <testcase classname="com.curriculum.View_Print" name="TCED29601" time="15.141"/>
  <testcase classname="com.curriculum.View_Print" name="TCED29602" time="13.329"/>
  <testcase classname="com.curriculum.View_Print" name="TCED29603" time="15.034"/>
  <testcase classname="com.curriculum.View_Print" name="TCED29604" time="14.628"/>
  <testcase classname="com.curriculum.View_Print" name="TCED29605" time="23.885"/>
</testsuite> <!-- com.curriculum.View_Print -->
