<?xml version="1.0" encoding="UTF-8"?>
<!-- Generated by org.testng.reporters.JUnitReportReporter -->
<testsuite skipped="0" hostname="AKHIL-TS" name="com.MTSS.Fix_and_Delete_intervention_plan" tests="10" failures="0" timestamp="26 Oct 2018 13:38:11 GMT" time="60.475" errors="0">
  <testcase name="TCED19804" time="3.018" classname="com.MTSS.Fix_and_Delete_intervention_plan"/>
  <testcase name="TCED19802" time="0.202" classname="com.MTSS.Fix_and_Delete_intervention_plan"/>
  <testcase name="TCED19808" time="20.925" classname="com.MTSS.Fix_and_Delete_intervention_plan"/>
  <testcase name="TCED19807" time="7.317" classname="com.MTSS.Fix_and_Delete_intervention_plan"/>
  <testcase name="TCED19803" time="1.539" classname="com.MTSS.Fix_and_Delete_intervention_plan"/>
  <testcase name="TCED19809" time="15.567" classname="com.MTSS.Fix_and_Delete_intervention_plan"/>
  <testcase name="TCED19801" time="8.450" classname="com.MTSS.Fix_and_Delete_intervention_plan"/>
  <testcase name="TCED19810" time="1.592" classname="com.MTSS.Fix_and_Delete_intervention_plan"/>
  <testcase name="TCED19805" time="1.373" classname="com.MTSS.Fix_and_Delete_intervention_plan"/>
  <testcase name="TCED19806" time="0.492" classname="com.MTSS.Fix_and_Delete_intervention_plan"/>
</testsuite> <!-- com.MTSS.Fix_and_Delete_intervention_plan -->
