<?xml version="1.0" encoding="UTF-8"?>
<!-- Generated by org.testng.reporters.JUnitReportReporter -->
<testsuite skipped="0" hostname="QA-Scheduler" name="com.MTSS.TierHistoryReport" tests="3" failures="0" timestamp="20 Sep 2018 14:33:06 GMT" time="46.682" errors="0">
  <testcase name="TCED22706" time="28.177" classname="com.MTSS.TierHistoryReport"/>
  <testcase name="TCED22707" time="9.263" classname="com.MTSS.TierHistoryReport"/>
  <testcase name="TCED22711" time="9.242" classname="com.MTSS.TierHistoryReport"/>
</testsuite> <!-- com.MTSS.TierHistoryReport -->
