<?xml version="1.0" encoding="UTF-8"?>
<!-- Generated by org.testng.reporters.JUnitReportReporter -->
<testsuite skipped="0" hostname="AKHIL-TS" name="com.Home.Teacher_Course_Section_MTSS" tests="6" failures="0" timestamp="23 Nov 2018 10:24:16 GMT" time="55.385" errors="0">
  <testcase name="TCED351101" time="14.322" classname="com.Home.Teacher_Course_Section_MTSS"/>
  <testcase name="TCED351106" time="11.986" classname="com.Home.Teacher_Course_Section_MTSS"/>
  <testcase name="TCED351103" time="11.327" classname="com.Home.Teacher_Course_Section_MTSS"/>
  <testcase name="TCED351102" time="0.324" classname="com.Home.Teacher_Course_Section_MTSS"/>
  <testcase name="TCED351105" time="6.105" classname="com.Home.Teacher_Course_Section_MTSS"/>
  <testcase name="TCED351104" time="11.321" classname="com.Home.Teacher_Course_Section_MTSS"/>
</testsuite> <!-- com.Home.Teacher_Course_Section_MTSS -->
