<?xml version="1.0" encoding="UTF-8"?>
<!-- Generated by org.testng.reporters.JUnitReportReporter -->
<testsuite skipped="0" hostname="Vofox-Sebastian" name="com.questionBank.Local_Assessment_Question_Bank_Add_Edit_or_View_Exhibits" tests="7" failures="0" timestamp="02 Nov 2018 06:44:29 GMT" time="22.179" errors="0">
  <testcase name="TCED16501" time="6.968" classname="com.questionBank.Local_Assessment_Question_Bank_Add_Edit_or_View_Exhibits"/>
  <testcase name="TCED16502" time="6.698" classname="com.questionBank.Local_Assessment_Question_Bank_Add_Edit_or_View_Exhibits"/>
  <testcase name="TCED16503" time="0.202" classname="com.questionBank.Local_Assessment_Question_Bank_Add_Edit_or_View_Exhibits"/>
  <testcase name="TCED16504" time="0.245" classname="com.questionBank.Local_Assessment_Question_Bank_Add_Edit_or_View_Exhibits"/>
  <testcase name="TCED16505" time="4.775" classname="com.questionBank.Local_Assessment_Question_Bank_Add_Edit_or_View_Exhibits"/>
  <testcase name="TCED16506" time="1.374" classname="com.questionBank.Local_Assessment_Question_Bank_Add_Edit_or_View_Exhibits"/>
  <testcase name="TCED16507" time="1.917" classname="com.questionBank.Local_Assessment_Question_Bank_Add_Edit_or_View_Exhibits"/>
</testsuite> <!-- com.questionBank.Local_Assessment_Question_Bank_Add_Edit_or_View_Exhibits -->
