<?xml version="1.0" encoding="UTF-8"?>
<!-- Generated by org.testng.reporters.JUnitReportReporter -->
<testsuite skipped="0" hostname="AKHIL-TS" name="com.Home.Assessments" tests="16" failures="0" timestamp="30 Oct 2018 05:39:07 GMT" time="87.931" errors="0">
  <testcase name="TCED34213" time="11.283" classname="com.Home.Assessments"/>
  <testcase name="TCED34207" time="0.325" classname="com.Home.Assessments"/>
  <testcase name="TCED34203" time="0.955" classname="com.Home.Assessments"/>
  <testcase name="TCED34211" time="1.141" classname="com.Home.Assessments"/>
  <testcase name="TCED34214" time="6.062" classname="com.Home.Assessments"/>
  <testcase name="TCED34205" time="11.294" classname="com.Home.Assessments"/>
  <testcase name="TCED34206" time="5.649" classname="com.Home.Assessments"/>
  <testcase name="TCED34212" time="6.303" classname="com.Home.Assessments"/>
  <testcase name="TCED34201" time="12.600" classname="com.Home.Assessments"/>
  <testcase name="TCED34210" time="5.271" classname="com.Home.Assessments"/>
  <testcase name="TCED34215" time="0.311" classname="com.Home.Assessments"/>
  <testcase name="TCED34202" time="0.412" classname="com.Home.Assessments"/>
  <testcase name="TCED34208" time="3.079" classname="com.Home.Assessments"/>
  <testcase name="TCED34216" time="11.727" classname="com.Home.Assessments"/>
  <testcase name="TCED34204" time="0.233" classname="com.Home.Assessments"/>
  <testcase name="TCED34209" time="11.286" classname="com.Home.Assessments"/>
</testsuite> <!-- com.Home.Assessments -->
