<?xml version="1.0" encoding="UTF-8"?>
<!-- Generated by org.testng.reporters.JUnitReportReporter -->
<testsuite skipped="0" hostname="AKHIL-TS" name="com.curriculum.Custom_Reports" tests="3" failures="0" timestamp="24 Sep 2018 12:59:30 GMT" time="9.972" errors="0">
  <testcase name="TCED30602" time="0.073" classname="com.curriculum.Custom_Reports"/>
  <testcase name="TCED30601" time="8.687" classname="com.curriculum.Custom_Reports"/>
  <testcase name="TCED30603" time="1.212" classname="com.curriculum.Custom_Reports"/>
</testsuite> <!-- com.curriculum.Custom_Reports -->
