<?xml version="1.0" encoding="UTF-8"?>
<!-- Generated by org.testng.reporters.JUnitReportReporter -->
<testsuite hostname="QA-Scheduler" failures="0" tests="6" name="com.Home.Teacher_Course_Section_MTSS" time="51.496" errors="0" timestamp="27 Nov 2018 11:01:37 GMT" skipped="0">
  <testcase classname="com.Home.Teacher_Course_Section_MTSS" name="TCED351101" time="12.592"/>
  <testcase classname="com.Home.Teacher_Course_Section_MTSS" name="TCED351102" time="0.152"/>
  <testcase classname="com.Home.Teacher_Course_Section_MTSS" name="TCED351103" time="11.264"/>
  <testcase classname="com.Home.Teacher_Course_Section_MTSS" name="TCED351104" time="11.315"/>
  <testcase classname="com.Home.Teacher_Course_Section_MTSS" name="TCED351105" time="5.707"/>
  <testcase classname="com.Home.Teacher_Course_Section_MTSS" name="TCED351106" time="10.466"/>
</testsuite> <!-- com.Home.Teacher_Course_Section_MTSS -->
