<?xml version="1.0" encoding="UTF-8"?>
<!-- Generated by org.testng.reporters.JUnitReportReporter -->
<testsuite hostname="QA-Scheduler" failures="0" tests="5" name="com.curriculum.Batch_Print" time="35.870" errors="0" timestamp="06 Nov 2018 06:16:06 GMT" skipped="0">
  <testcase classname="com.curriculum.Batch_Print" name="TCED28101" time="6.834"/>
  <testcase classname="com.curriculum.Batch_Print" name="TCED28102" time="0.872"/>
  <testcase classname="com.curriculum.Batch_Print" name="TCED28103" time="4.487"/>
  <testcase classname="com.curriculum.Batch_Print" name="TCED28104" time="23.348"/>
  <testcase classname="com.curriculum.Batch_Print" name="TCED28105" time="0.329"/>
</testsuite> <!-- com.curriculum.Batch_Print -->
