<?xml version="1.0" encoding="UTF-8"?>
<!-- Generated by org.testng.reporters.JUnitReportReporter -->
<testsuite skipped="0" hostname="AKHIL-TS" name="com.Home.Assessments" tests="2" failures="0" timestamp="4 Oct 2018 12:25:15 GMT" time="11.967" errors="0">
  <testcase name="TCED34202" time="0.174" classname="com.Home.Assessments"/>
  <testcase name="TCED34201" time="11.793" classname="com.Home.Assessments"/>
</testsuite> <!-- com.Home.Assessments -->
