<?xml version="1.0" encoding="UTF-8"?>
<!-- Generated by org.testng.reporters.JUnitReportReporter -->
<testsuite skipped="0" hostname="Ans-A" name="com.MTSS.MTSS_Tier_Intervention_Menu" tests="5" failures="0" timestamp="24 Oct 2018 05:29:42 GMT" time="42.782" errors="0">
  <testcase name="TCED19101" time="27.794" classname="com.MTSS.MTSS_Tier_Intervention_Menu"/>
  <testcase name="TCED19102" time="1.381" classname="com.MTSS.MTSS_Tier_Intervention_Menu"/>
  <testcase name="TCED19103" time="4.379" classname="com.MTSS.MTSS_Tier_Intervention_Menu"/>
  <testcase name="TCED19104" time="4.753" classname="com.MTSS.MTSS_Tier_Intervention_Menu"/>
  <testcase name="TCED19105" time="4.475" classname="com.MTSS.MTSS_Tier_Intervention_Menu"/>
</testsuite> <!-- com.MTSS.MTSS_Tier_Intervention_Menu -->
