<?xml version="1.0" encoding="UTF-8"?>
<!-- Generated by org.testng.reporters.JUnitReportReporter -->
<testsuite hostname="QA-Scheduler" failures="0" tests="3" name="com.curriculum.My_lesson_plans_calendar" time="22.609" errors="0" timestamp="05 Nov 2018 11:31:10 GMT" skipped="0">
  <testcase classname="com.curriculum.My_lesson_plans_calendar" name="TCED24101" time="7.454"/>
  <testcase classname="com.curriculum.My_lesson_plans_calendar" name="TCED24102" time="1.327"/>
  <testcase classname="com.curriculum.My_lesson_plans_calendar" name="TCED24105" time="13.828"/>
</testsuite> <!-- com.curriculum.My_lesson_plans_calendar -->
