<?xml version="1.0" encoding="UTF-8"?>
<!-- Generated by org.testng.reporters.JUnitReportReporter -->
<testsuite skipped="0" hostname="AKHIL-TS" name="com.Student_Data_Depot.Data_Depot_Menu_Items" tests="14" failures="0" timestamp="10 Dec 2018 07:18:21 GMT" time="31.269" errors="0">
  <testcase name="TCED62402" time="0.250" classname="com.Student_Data_Depot.Data_Depot_Menu_Items"/>
  <testcase name="TCED62411" time="1.434" classname="com.Student_Data_Depot.Data_Depot_Menu_Items"/>
  <testcase name="TCED62413" time="0.760" classname="com.Student_Data_Depot.Data_Depot_Menu_Items"/>
  <testcase name="TCED62409" time="1.748" classname="com.Student_Data_Depot.Data_Depot_Menu_Items"/>
  <testcase name="TCED62412" time="1.953" classname="com.Student_Data_Depot.Data_Depot_Menu_Items"/>
  <testcase name="TCED62405" time="1.809" classname="com.Student_Data_Depot.Data_Depot_Menu_Items"/>
  <testcase name="TCED62403" time="3.140" classname="com.Student_Data_Depot.Data_Depot_Menu_Items"/>
  <testcase name="TCED62404" time="2.096" classname="com.Student_Data_Depot.Data_Depot_Menu_Items"/>
  <testcase name="TCED62415" time="1.836" classname="com.Student_Data_Depot.Data_Depot_Menu_Items"/>
  <testcase name="TCED62414" time="1.694" classname="com.Student_Data_Depot.Data_Depot_Menu_Items"/>
  <testcase name="TCED62401" time="8.054" classname="com.Student_Data_Depot.Data_Depot_Menu_Items"/>
  <testcase name="TCED62406" time="1.657" classname="com.Student_Data_Depot.Data_Depot_Menu_Items"/>
  <testcase name="TCED62407" time="3.217" classname="com.Student_Data_Depot.Data_Depot_Menu_Items"/>
  <testcase name="TCED62410" time="1.621" classname="com.Student_Data_Depot.Data_Depot_Menu_Items"/>
</testsuite> <!-- com.Student_Data_Depot.Data_Depot_Menu_Items -->
