<?xml version="1.0" encoding="UTF-8"?>
<!-- Generated by org.testng.reporters.JUnitReportReporter -->
<testsuite hostname="QA-Scheduler" failures="0" tests="5" name="com.curriculum.View_Print" time="81.654" errors="0" timestamp="06 Nov 2018 06:47:45 GMT" skipped="0">
  <testcase classname="com.curriculum.View_Print" name="TCED29601" time="14.703"/>
  <testcase classname="com.curriculum.View_Print" name="TCED29602" time="13.218"/>
  <testcase classname="com.curriculum.View_Print" name="TCED29603" time="15.151"/>
  <testcase classname="com.curriculum.View_Print" name="TCED29604" time="14.528"/>
  <testcase classname="com.curriculum.View_Print" name="TCED29605" time="24.054"/>
</testsuite> <!-- com.curriculum.View_Print -->
