<?xml version="1.0" encoding="UTF-8"?>
<!-- Generated by org.testng.reporters.JUnitReportReporter -->
<testsuite skipped="0" hostname="AKHIL-TS" name="com.Home.Assessments" tests="16" failures="0" timestamp="15 Oct 2018 12:59:03 GMT" time="86.526" errors="0">
  <testcase name="TCED34201" time="12.136" classname="com.Home.Assessments"/>
  <testcase name="TCED34205" time="11.348" classname="com.Home.Assessments"/>
  <testcase name="TCED34206" time="5.599" classname="com.Home.Assessments"/>
  <testcase name="TCED34214" time="5.788" classname="com.Home.Assessments"/>
  <testcase name="TCED34202" time="0.155" classname="com.Home.Assessments"/>
  <testcase name="TCED34216" time="11.797" classname="com.Home.Assessments"/>
  <testcase name="TCED34210" time="5.244" classname="com.Home.Assessments"/>
  <testcase name="TCED34213" time="11.285" classname="com.Home.Assessments"/>
  <testcase name="TCED34204" time="0.244" classname="com.Home.Assessments"/>
  <testcase name="TCED34208" time="2.868" classname="com.Home.Assessments"/>
  <testcase name="TCED34215" time="0.299" classname="com.Home.Assessments"/>
  <testcase name="TCED34211" time="1.098" classname="com.Home.Assessments"/>
  <testcase name="TCED34203" time="0.962" classname="com.Home.Assessments"/>
  <testcase name="TCED34207" time="0.299" classname="com.Home.Assessments"/>
  <testcase name="TCED34209" time="11.300" classname="com.Home.Assessments"/>
  <testcase name="TCED34212" time="6.104" classname="com.Home.Assessments"/>
</testsuite> <!-- com.Home.Assessments -->
