<?xml version="1.0" encoding="UTF-8"?>
<!-- Generated by org.testng.reporters.JUnitReportReporter -->
<testsuite skipped="0" hostname="Vofox-Sebastian" name="com.administerAssessment.Create_New_Administration" tests="9" failures="0" timestamp="05 Nov 2018 11:45:50 GMT" time="90.403" errors="0">
  <testcase name="TCED11001" time="6.315" classname="com.administerAssessment.Create_New_Administration"/>
  <testcase name="TCED11002" time="4.756" classname="com.administerAssessment.Create_New_Administration"/>
  <testcase name="TCED11003" time="1.710" classname="com.administerAssessment.Create_New_Administration"/>
  <testcase name="TCED11004" time="0.612" classname="com.administerAssessment.Create_New_Administration"/>
  <testcase name="TCED11005" time="1.834" classname="com.administerAssessment.Create_New_Administration"/>
  <testcase name="TCED11006" time="0.364" classname="com.administerAssessment.Create_New_Administration"/>
  <testcase name="TCED11007" time="2.869" classname="com.administerAssessment.Create_New_Administration"/>
  <testcase name="TCED11008" time="68.598" classname="com.administerAssessment.Create_New_Administration"/>
  <testcase name="TCED11009" time="3.345" classname="com.administerAssessment.Create_New_Administration"/>
</testsuite> <!-- com.administerAssessment.Create_New_Administration -->
