<?xml version="1.0" encoding="UTF-8"?>
<!-- Generated by org.testng.reporters.JUnitReportReporter -->
<testsuite skipped="0" hostname="AKHIL-TS" name="Report.Mann_Early_Warning" tests="3" failures="0" timestamp="6 Dec 2018 10:07:46 GMT" time="26.770" errors="0">
  <testcase name="TCED37101" time="8.990" classname="Report.Mann_Early_Warning"/>
  <testcase name="TCED37107" time="15.200" classname="Report.Mann_Early_Warning"/>
  <testcase name="TCED37104" time="2.580" classname="Report.Mann_Early_Warning"/>
</testsuite> <!-- Report.Mann_Early_Warning -->
