<?xml version="1.0" encoding="UTF-8"?>
<!-- Generated by org.testng.reporters.JUnitReportReporter -->
<testsuite skipped="0" hostname="AKHIL-TS" name="com.curriculum.My_lesson_plans_calendar" tests="3" failures="0" timestamp="6 Sep 2018 09:47:29 GMT" time="24.294" errors="0">
  <testcase name="TCED24101" time="8.000" classname="com.curriculum.My_lesson_plans_calendar"/>
  <testcase name="TCED24102" time="1.740" classname="com.curriculum.My_lesson_plans_calendar"/>
  <testcase name="TCED24105" time="14.554" classname="com.curriculum.My_lesson_plans_calendar"/>
</testsuite> <!-- com.curriculum.My_lesson_plans_calendar -->
