<?xml version="1.0" encoding="UTF-8"?>
<!-- Generated by org.testng.reporters.JUnitReportReporter -->
<<<<<<< HEAD
<testsuite hostname="QA-Scheduler" failures="0" tests="7" name="com.questionBank.Local_Assessment_Question_Bank_Add_Edit_or_View_Exhibits" time="13.893" errors="0" timestamp="02 Nov 2018 06:21:11 GMT" skipped="0">
  <testcase classname="com.questionBank.Local_Assessment_Question_Bank_Add_Edit_or_View_Exhibits" name="TCED16501" time="5.474"/>
  <testcase classname="com.questionBank.Local_Assessment_Question_Bank_Add_Edit_or_View_Exhibits" name="TCED16502" time="2.590"/>
  <testcase classname="com.questionBank.Local_Assessment_Question_Bank_Add_Edit_or_View_Exhibits" name="TCED16503" time="0.133"/>
  <testcase classname="com.questionBank.Local_Assessment_Question_Bank_Add_Edit_or_View_Exhibits" name="TCED16504" time="0.164"/>
  <testcase classname="com.questionBank.Local_Assessment_Question_Bank_Add_Edit_or_View_Exhibits" name="TCED16505" time="3.098"/>
  <testcase classname="com.questionBank.Local_Assessment_Question_Bank_Add_Edit_or_View_Exhibits" name="TCED16506" time="1.105"/>
  <testcase classname="com.questionBank.Local_Assessment_Question_Bank_Add_Edit_or_View_Exhibits" name="TCED16507" time="1.329"/>
=======
<testsuite skipped="0" hostname="Vofox-Sebastian" name="com.questionBank.Local_Assessment_Question_Bank_Add_Edit_or_View_Exhibits" tests="7" failures="0" timestamp="02 Nov 2018 06:44:29 GMT" time="22.179" errors="0">
  <testcase name="TCED16501" time="6.968" classname="com.questionBank.Local_Assessment_Question_Bank_Add_Edit_or_View_Exhibits"/>
  <testcase name="TCED16502" time="6.698" classname="com.questionBank.Local_Assessment_Question_Bank_Add_Edit_or_View_Exhibits"/>
  <testcase name="TCED16503" time="0.202" classname="com.questionBank.Local_Assessment_Question_Bank_Add_Edit_or_View_Exhibits"/>
  <testcase name="TCED16504" time="0.245" classname="com.questionBank.Local_Assessment_Question_Bank_Add_Edit_or_View_Exhibits"/>
  <testcase name="TCED16505" time="4.775" classname="com.questionBank.Local_Assessment_Question_Bank_Add_Edit_or_View_Exhibits"/>
  <testcase name="TCED16506" time="1.374" classname="com.questionBank.Local_Assessment_Question_Bank_Add_Edit_or_View_Exhibits"/>
  <testcase name="TCED16507" time="1.917" classname="com.questionBank.Local_Assessment_Question_Bank_Add_Edit_or_View_Exhibits"/>
>>>>>>> 5a6936dced2538851681af0b3be72801beaae16d
</testsuite> <!-- com.questionBank.Local_Assessment_Question_Bank_Add_Edit_or_View_Exhibits -->
