<?xml version="1.0" encoding="UTF-8"?>
<!-- Generated by org.testng.reporters.JUnitReportReporter -->
<testsuite skipped="0" hostname="AKHIL-TS" name="com.Home.Assessments" tests="16" failures="0" timestamp="29 Oct 2018 12:25:44 GMT" time="94.527" errors="0">
  <testcase name="TCED34201" time="16.679" classname="com.Home.Assessments"/>
  <testcase name="TCED34205" time="11.433" classname="com.Home.Assessments"/>
  <testcase name="TCED34206" time="5.698" classname="com.Home.Assessments"/>
  <testcase name="TCED34216" time="11.795" classname="com.Home.Assessments"/>
  <testcase name="TCED34212" time="7.064" classname="com.Home.Assessments"/>
  <testcase name="TCED34202" time="0.426" classname="com.Home.Assessments"/>
  <testcase name="TCED34214" time="5.608" classname="com.Home.Assessments"/>
  <testcase name="TCED34210" time="5.522" classname="com.Home.Assessments"/>
  <testcase name="TCED34204" time="0.266" classname="com.Home.Assessments"/>
  <testcase name="TCED34215" time="0.377" classname="com.Home.Assessments"/>
  <testcase name="TCED34208" time="3.352" classname="com.Home.Assessments"/>
  <testcase name="TCED34213" time="11.281" classname="com.Home.Assessments"/>
  <testcase name="TCED34211" time="1.215" classname="com.Home.Assessments"/>
  <testcase name="TCED34203" time="2.147" classname="com.Home.Assessments"/>
  <testcase name="TCED34207" time="0.357" classname="com.Home.Assessments"/>
  <testcase name="TCED34209" time="11.307" classname="com.Home.Assessments"/>
</testsuite> <!-- com.Home.Assessments -->
