<?xml version="1.0" encoding="UTF-8"?>
<!-- Generated by org.testng.reporters.JUnitReportReporter -->
<testsuite skipped="0" hostname="AKHIL-TS" name="com.localassessment.apply_standard" tests="2" failures="0" timestamp="8 Aug 2018 10:09:24 GMT" time="22.873" errors="0">
  <testcase name="TCED16207" time="4.455" classname="com.localassessment.apply_standard"/>
  <testcase name="TCED16205" time="18.418" classname="com.localassessment.apply_standard"/>
</testsuite> <!-- com.localassessment.apply_standard -->
