<?xml version="1.0" encoding="UTF-8"?>
<!-- Generated by org.testng.reporters.JUnitReportReporter -->
<testsuite skipped="0" hostname="AKHIL-TS" name="com.administerAssessment.Create_New_Administration" tests="1" failures="0" timestamp="19 Oct 2018 09:10:32 GMT" time="0.007" errors="0">
  <testcase name="TCED11003" time="0.007" classname="com.administerAssessment.Create_New_Administration"/>
</testsuite> <!-- com.administerAssessment.Create_New_Administration -->
