<?xml version="1.0" encoding="UTF-8"?>
<!-- Generated by org.testng.reporters.JUnitReportReporter -->
<testsuite skipped="0" hostname="AKHIL-TS" name="com.curriculum.Batch_Print" tests="5" failures="0" timestamp="6 Sep 2018 12:17:44 GMT" time="44.499" errors="0">
  <testcase name="TCED28102" time="1.203" classname="com.curriculum.Batch_Print"/>
  <testcase name="TCED28105" time="2.587" classname="com.curriculum.Batch_Print"/>
  <testcase name="TCED28101" time="7.978" classname="com.curriculum.Batch_Print"/>
  <testcase name="TCED28103" time="3.185" classname="com.curriculum.Batch_Print"/>
  <testcase name="TCED28104" time="29.546" classname="com.curriculum.Batch_Print"/>
</testsuite> <!-- com.curriculum.Batch_Print -->
