<?xml version="1.0" encoding="UTF-8"?>
<!-- Generated by org.testng.reporters.JUnitReportReporter -->
<testsuite skipped="0" hostname="AKHIL-TS" name="com.curriculum.Current_Map" tests="5" failures="0" timestamp="13 Sep 2018 07:36:06 GMT" time="38.408" errors="0">
  <testcase name="TCED29501" time="15.651" classname="com.curriculum.Current_Map"/>
  <testcase name="TCED29503" time="1.526" classname="com.curriculum.Current_Map"/>
  <testcase name="TCED29502" time="1.377" classname="com.curriculum.Current_Map"/>
  <testcase name="TCED29212" time="5.352" classname="com.curriculum.Current_Map"/>
  <testcase name="TCED29213" time="14.502" classname="com.curriculum.Current_Map"/>
</testsuite> <!-- com.curriculum.Current_Map -->
