<?xml version="1.0" encoding="UTF-8"?>
<!-- Generated by org.testng.reporters.JUnitReportReporter -->
<testsuite hostname="QA-Scheduler" failures="0" tests="10" name="com.Local_Assessment_Score_Results.Test_Suite_Print_Login_Codes" time="97.368" errors="0" timestamp="07 Nov 2018 11:11:15 GMT" skipped="0">
  <testcase classname="com.Local_Assessment_Score_Results.Test_Suite_Print_Login_Codes" name="TCED13301" time="5.738"/>
  <testcase classname="com.Local_Assessment_Score_Results.Test_Suite_Print_Login_Codes" name="TCED13302" time="3.687"/>
  <testcase classname="com.Local_Assessment_Score_Results.Test_Suite_Print_Login_Codes" name="TCED13303" time="0.313"/>
  <testcase classname="com.Local_Assessment_Score_Results.Test_Suite_Print_Login_Codes" name="TCED13304" time="1.920"/>
  <testcase classname="com.Local_Assessment_Score_Results.Test_Suite_Print_Login_Codes" name="TCED13305" time="3.741"/>
  <testcase classname="com.Local_Assessment_Score_Results.Test_Suite_Print_Login_Codes" name="TCED13306" time="22.854"/>
  <testcase classname="com.Local_Assessment_Score_Results.Test_Suite_Print_Login_Codes" name="TCED13307" time="22.944"/>
  <testcase classname="com.Local_Assessment_Score_Results.Test_Suite_Print_Login_Codes" name="TCED13308" time="23.230"/>
  <testcase classname="com.Local_Assessment_Score_Results.Test_Suite_Print_Login_Codes" name="TCED13309" time="11.856"/>
  <testcase classname="com.Local_Assessment_Score_Results.Test_Suite_Print_Login_Codes" name="TCED13310" time="1.085"/>
</testsuite> <!-- com.Local_Assessment_Score_Results.Test_Suite_Print_Login_Codes -->
