<?xml version="1.0" encoding="UTF-8"?>
<!-- Generated by org.testng.reporters.JUnitReportReporter -->
<testsuite hostname="QA-Scheduler" failures="0" tests="7" name="com.Home.Teacher_Course_Section_Curriculum_Maps" time="0.125" errors="1" timestamp="27 Nov 2018 10:58:11 GMT" skipped="6">
  <testcase classname="com.Home.Teacher_Course_Section_Curriculum_Maps" name="setup1" time="0.125">
    <error message="The driver executable does not exist: D:\Jars\Drivers\New-geckodriver\geckodriver.exe" type="java.lang.IllegalStateException">
      <![CDATA[java.lang.IllegalStateException: The driver executable does not exist: D:\Jars\Drivers\New-geckodriver\geckodriver.exe
at com.google.common.base.Preconditions.checkState(Preconditions.java:585)
at org.openqa.selenium.remote.service.DriverService.checkExecutable(DriverService.java:136)
at org.openqa.selenium.remote.service.DriverService.findExecutable(DriverService.java:131)
at org.openqa.selenium.firefox.GeckoDriverService.access$100(GeckoDriverService.java:41)
at org.openqa.selenium.firefox.GeckoDriverService$Builder.findDefaultExecutable(GeckoDriverService.java:141)
at org.openqa.selenium.remote.service.DriverService$Builder.build(DriverService.java:339)
at org.openqa.selenium.firefox.FirefoxDriver.toExecutor(FirefoxDriver.java:158)
at org.openqa.selenium.firefox.FirefoxDriver.<init>(FirefoxDriver.java:120)
at Library.BaseClassOne.setup1(BaseClassOne.java:121)
at java.base/jdk.internal.reflect.NativeMethodAccessorImpl.invoke0(Native Method)
at java.base/jdk.internal.reflect.NativeMethodAccessorImpl.invoke(NativeMethodAccessorImpl.java:62)
at java.base/jdk.internal.reflect.DelegatingMethodAccessorImpl.invoke(DelegatingMethodAccessorImpl.java:43)
at java.base/java.lang.reflect.Method.invoke(Method.java:564)
at org.testng.internal.MethodInvocationHelper.invokeMethod(MethodInvocationHelper.java:124)
at org.testng.internal.MethodInvocationHelper.invokeMethodConsideringTimeout(MethodInvocationHelper.java:59)
at org.testng.internal.Invoker.invokeConfigurationMethod(Invoker.java:455)
at org.testng.internal.Invoker.invokeConfigurations(Invoker.java:222)
at org.testng.internal.Invoker.invokeConfigurations(Invoker.java:142)
at org.testng.TestRunner.beforeRun(TestRunner.java:529)
at org.testng.TestRunner.run(TestRunner.java:497)
at org.testng.SuiteRunner.runTest(SuiteRunner.java:455)
at org.testng.SuiteRunner.runSequentially(SuiteRunner.java:450)
at org.testng.SuiteRunner.privateRun(SuiteRunner.java:415)
at org.testng.SuiteRunner.run(SuiteRunner.java:364)
at org.testng.SuiteRunnerWorker.runSuite(SuiteRunnerWorker.java:52)
at org.testng.SuiteRunnerWorker.run(SuiteRunnerWorker.java:84)
at org.testng.TestNG.runSuitesSequentially(TestNG.java:1208)
at org.testng.TestNG.runSuitesLocally(TestNG.java:1137)
at org.testng.TestNG.runSuites(TestNG.java:1049)
at org.testng.TestNG.run(TestNG.java:1017)
at org.testng.remote.AbstractRemoteTestNG.run(AbstractRemoteTestNG.java:114)
at org.testng.remote.RemoteTestNG.initAndRun(RemoteTestNG.java:251)
at org.testng.remote.RemoteTestNG.main(RemoteTestNG.java:77)
]]>
    </error>
  </testcase> <!-- setup1 -->
  <testcase classname="com.Home.Teacher_Course_Section_Curriculum_Maps" name="TCED35701" time="0.000">
    <skipped/>
  </testcase> <!-- TCED35701 -->
  <testcase classname="com.Home.Teacher_Course_Section_Curriculum_Maps" name="TCED35702" time="0.000">
    <skipped/>
  </testcase> <!-- TCED35702 -->
  <testcase classname="com.Home.Teacher_Course_Section_Curriculum_Maps" name="TCED35703" time="0.000">
    <skipped/>
  </testcase> <!-- TCED35703 -->
  <testcase classname="com.Home.Teacher_Course_Section_Curriculum_Maps" name="TCED35704" time="0.000">
    <skipped/>
  </testcase> <!-- TCED35704 -->
  <testcase classname="com.Home.Teacher_Course_Section_Curriculum_Maps" name="TCED35705" time="0.000">
    <skipped/>
  </testcase> <!-- TCED35705 -->
  <testcase classname="com.Home.Teacher_Course_Section_Curriculum_Maps" name="TCED35706" time="0.000">
    <skipped/>
  </testcase> <!-- TCED35706 -->
</testsuite> <!-- com.Home.Teacher_Course_Section_Curriculum_Maps -->
