<?xml version="1.0" encoding="UTF-8"?>
<!-- Generated by org.testng.reporters.JUnitReportReporter -->
<testsuite skipped="0" hostname="AKHIL-TS" name="com.curriculum.Standards_Coverage_Report" tests="8" failures="0" timestamp="24 Sep 2018 11:05:00 GMT" time="43.730" errors="0">
  <testcase name="TCED30207" time="11.300" classname="com.curriculum.Standards_Coverage_Report"/>
  <testcase name="TCED30201" time="14.630" classname="com.curriculum.Standards_Coverage_Report"/>
  <testcase name="TCED30203" time="2.786" classname="com.curriculum.Standards_Coverage_Report"/>
  <testcase name="TCED30205" time="2.472" classname="com.curriculum.Standards_Coverage_Report"/>
  <testcase name="TCED30208" time="11.307" classname="com.curriculum.Standards_Coverage_Report"/>
  <testcase name="TCED30206" time="0.137" classname="com.curriculum.Standards_Coverage_Report"/>
  <testcase name="TCED30202" time="0.950" classname="com.curriculum.Standards_Coverage_Report"/>
  <testcase name="TCED30204" time="0.148" classname="com.curriculum.Standards_Coverage_Report"/>
</testsuite> <!-- com.curriculum.Standards_Coverage_Report -->
