<?xml version="1.0" encoding="UTF-8"?>
<!-- Generated by org.testng.reporters.JUnitReportReporter -->
<testsuite skipped="0" hostname="Vofox-Sebastian" name="com.curriculum.CompletionStatusReport" tests="2" failures="0" timestamp="03 Oct 2018 12:02:45 GMT" time="28.978" errors="0">
  <testcase name="TCED30404" time="19.182" classname="com.curriculum.CompletionStatusReport"/>
  <testcase name="TCED30405" time="9.796" classname="com.curriculum.CompletionStatusReport"/>
</testsuite> <!-- com.curriculum.CompletionStatusReport -->
