<?xml version="1.0" encoding="UTF-8"?>
<!-- Generated by org.testng.reporters.JUnitReportReporter -->
<testsuite skipped="0" hostname="Vofox-Sebastian" name="com.Home.Teacher_Course_Section_Curriculum_Maps" tests="6" failures="0" timestamp="27 Nov 2018 09:29:51 GMT" time="42.422" errors="0">
  <testcase name="TCED35701" time="15.179" classname="com.Home.Teacher_Course_Section_Curriculum_Maps"/>
  <testcase name="TCED35702" time="0.243" classname="com.Home.Teacher_Course_Section_Curriculum_Maps"/>
  <testcase name="TCED35703" time="2.004" classname="com.Home.Teacher_Course_Section_Curriculum_Maps"/>
  <testcase name="TCED35704" time="0.990" classname="com.Home.Teacher_Course_Section_Curriculum_Maps"/>
  <testcase name="TCED35705" time="11.639" classname="com.Home.Teacher_Course_Section_Curriculum_Maps"/>
  <testcase name="TCED35706" time="12.367" classname="com.Home.Teacher_Course_Section_Curriculum_Maps"/>
</testsuite> <!-- com.Home.Teacher_Course_Section_Curriculum_Maps -->
