<?xml version="1.0" encoding="UTF-8"?>
<!-- Generated by org.testng.reporters.JUnitReportReporter -->
<testsuite skipped="0" hostname="Vofox-Sebastian" name="com.curriculum.My_lesson_plans_calendar" tests="3" failures="0" timestamp="29 Oct 2019 09:57:41 GMT" time="24.246" errors="0">
  <testcase name="TCED24101" time="7.370" classname="com.curriculum.My_lesson_plans_calendar"/>
  <testcase name="TCED24102" time="2.036" classname="com.curriculum.My_lesson_plans_calendar"/>
  <testcase name="TCED24105" time="14.840" classname="com.curriculum.My_lesson_plans_calendar"/>
</testsuite> <!-- com.curriculum.My_lesson_plans_calendar -->
