<?xml version="1.0" encoding="UTF-8"?>
<!-- Generated by org.testng.reporters.JUnitReportReporter -->
<testsuite skipped="0" hostname="Vofox-Sebastian" name="com.Home.Misconduct" tests="1" failures="0" timestamp="11 Oct 2018 13:24:11 GMT" time="19.945" errors="0">
  <testcase name="TCED34403" time="19.945" classname="com.Home.Misconduct"/>
</testsuite> <!-- com.Home.Misconduct -->
