<?xml version="1.0" encoding="UTF-8"?>
<!-- Generated by org.testng.reporters.JUnitReportReporter -->
<testsuite skipped="0" hostname="AKHIL-TS" name="com.Home.Assessments" tests="6" failures="0" timestamp="5 Oct 2018 10:53:52 GMT" time="31.209" errors="0">
  <testcase name="TCED34202" time="0.152" classname="com.Home.Assessments"/>
  <testcase name="TCED34201" time="12.944" classname="com.Home.Assessments"/>
  <testcase name="TCED34203" time="1.020" classname="com.Home.Assessments"/>
  <testcase name="TCED34204" time="0.001" classname="com.Home.Assessments"/>
  <testcase name="TCED34206" time="5.806" classname="com.Home.Assessments"/>
  <testcase name="TCED34205" time="11.286" classname="com.Home.Assessments"/>
</testsuite> <!-- com.Home.Assessments -->
