<?xml version="1.0" encoding="UTF-8"?>
<!-- Generated by org.testng.reporters.JUnitReportReporter -->
<testsuite hostname="QA-Scheduler" failures="0" tests="10" name="com.localassessment.Score_Class_Results_Online" time="25.983" errors="0" timestamp="02 Nov 2018 05:02:44 GMT" skipped="0">
  <testcase classname="com.localassessment.Score_Class_Results_Online" name="TCED13021" time="5.494"/>
  <testcase classname="com.localassessment.Score_Class_Results_Online" name="TCED13022" time="6.252"/>
  <testcase classname="com.localassessment.Score_Class_Results_Online" name="TCED13023" time="0.215"/>
  <testcase classname="com.localassessment.Score_Class_Results_Online" name="TCED13024" time="0.712"/>
  <testcase classname="com.localassessment.Score_Class_Results_Online" name="TCED13025" time="0.848"/>
  <testcase classname="com.localassessment.Score_Class_Results_Online" name="TCED13026" time="2.195"/>
  <testcase classname="com.localassessment.Score_Class_Results_Online" name="TCED13027" time="3.178"/>
  <testcase classname="com.localassessment.Score_Class_Results_Online" name="TCED13028" time="2.827"/>
  <testcase classname="com.localassessment.Score_Class_Results_Online" name="TCED13029" time="0.656"/>
  <testcase classname="com.localassessment.Score_Class_Results_Online" name="TCED13030" time="3.606"/>
</testsuite> <!-- com.localassessment.Score_Class_Results_Online -->
