<?xml version="1.0" encoding="UTF-8"?>
<!-- Generated by org.testng.reporters.JUnitReportReporter -->
<testsuite skipped="0" hostname="AKHIL-TS" name="com.analyzeByScore.Local_Assessment_AnalyzeByTag" tests="27" failures="0" timestamp="19 Nov 2018 06:53:56 GMT" time="274.945" errors="0">
  <testcase name="TCED14319" time="8.409" classname="com.analyzeByScore.Local_Assessment_AnalyzeByTag"/>
  <testcase name="TCED14325" time="8.934" classname="com.analyzeByScore.Local_Assessment_AnalyzeByTag"/>
  <testcase name="TCED14326" time="17.911" classname="com.analyzeByScore.Local_Assessment_AnalyzeByTag"/>
  <testcase name="TCED14316" time="13.332" classname="com.analyzeByScore.Local_Assessment_AnalyzeByTag"/>
  <testcase name="TCED14315" time="13.145" classname="com.analyzeByScore.Local_Assessment_AnalyzeByTag"/>
  <testcase name="TCED14314" time="11.511" classname="com.analyzeByScore.Local_Assessment_AnalyzeByTag"/>
  <testcase name="TCED14323" time="11.123" classname="com.analyzeByScore.Local_Assessment_AnalyzeByTag"/>
  <testcase name="TCED14318" time="1.325" classname="com.analyzeByScore.Local_Assessment_AnalyzeByTag"/>
  <testcase name="TCED14301" time="7.358" classname="com.analyzeByScore.Local_Assessment_AnalyzeByTag"/>
  <testcase name="TCED14305" time="6.324" classname="com.analyzeByScore.Local_Assessment_AnalyzeByTag"/>
  <testcase name="TCED14306" time="5.880" classname="com.analyzeByScore.Local_Assessment_AnalyzeByTag"/>
  <testcase name="TCED14307" time="8.218" classname="com.analyzeByScore.Local_Assessment_AnalyzeByTag"/>
  <testcase name="TCED14322" time="9.710" classname="com.analyzeByScore.Local_Assessment_AnalyzeByTag"/>
  <testcase name="TCED14303" time="0.539" classname="com.analyzeByScore.Local_Assessment_AnalyzeByTag"/>
  <testcase name="TCED14312" time="6.466" classname="com.analyzeByScore.Local_Assessment_AnalyzeByTag"/>
  <testcase name="TCED14302" time="6.695" classname="com.analyzeByScore.Local_Assessment_AnalyzeByTag"/>
  <testcase name="TCED14321" time="8.505" classname="com.analyzeByScore.Local_Assessment_AnalyzeByTag"/>
  <testcase name="TCED14313" time="11.237" classname="com.analyzeByScore.Local_Assessment_AnalyzeByTag"/>
  <testcase name="TCED14309" time="11.110" classname="com.analyzeByScore.Local_Assessment_AnalyzeByTag"/>
  <testcase name="TCED14327" time="54.650" classname="com.analyzeByScore.Local_Assessment_AnalyzeByTag"/>
  <testcase name="TCED14311" time="1.129" classname="com.analyzeByScore.Local_Assessment_AnalyzeByTag"/>
  <testcase name="TCED14304" time="1.270" classname="com.analyzeByScore.Local_Assessment_AnalyzeByTag"/>
  <testcase name="TCED14308" time="8.095" classname="com.analyzeByScore.Local_Assessment_AnalyzeByTag"/>
  <testcase name="TCED14324" time="14.698" classname="com.analyzeByScore.Local_Assessment_AnalyzeByTag"/>
  <testcase name="TCED14310" time="10.362" classname="com.analyzeByScore.Local_Assessment_AnalyzeByTag"/>
  <testcase name="TCED14317" time="7.241" classname="com.analyzeByScore.Local_Assessment_AnalyzeByTag"/>
  <testcase name="TCED14320" time="9.768" classname="com.analyzeByScore.Local_Assessment_AnalyzeByTag"/>
</testsuite> <!-- com.analyzeByScore.Local_Assessment_AnalyzeByTag -->
