<?xml version="1.0" encoding="UTF-8"?>
<!-- Generated by org.testng.reporters.JUnitReportReporter -->
<testsuite skipped="0" hostname="Vofox-Sebastian" name="com.MTSS.Configure_Settings" tests="9" failures="0" timestamp="31 Jan 2020 12:45:02 GMT" time="25.280" errors="0">
  <testcase name="TCED23101" time="5.322" classname="com.MTSS.Configure_Settings"/>
  <testcase name="TCED23102" time="0.394" classname="com.MTSS.Configure_Settings"/>
  <testcase name="TCED23103" time="1.347" classname="com.MTSS.Configure_Settings"/>
  <testcase name="TCED23104" time="2.339" classname="com.MTSS.Configure_Settings"/>
  <testcase name="VED0044" time="3.447" classname="com.MTSS.Configure_Settings"/>
  <testcase name="TCED23106" time="2.437" classname="com.MTSS.Configure_Settings"/>
  <testcase name="TCED23107" time="1.937" classname="com.MTSS.Configure_Settings"/>
  <testcase name="TCED23108" time="2.099" classname="com.MTSS.Configure_Settings"/>
  <testcase name="TCED23109" time="5.958" classname="com.MTSS.Configure_Settings"/>
</testsuite> <!-- com.MTSS.Configure_Settings -->
