<?xml version="1.0" encoding="UTF-8"?>
<!-- Generated by org.testng.reporters.JUnitReportReporter -->
<testsuite hostname="QA-Scheduler" failures="0" tests="15" name="com.MTSS.Configure_Settings" time="51.224" errors="0" timestamp="05 Nov 2018 11:24:18 GMT" skipped="0">
  <testcase classname="com.MTSS.Configure_Settings" name="TCED23101" time="8.924"/>
  <testcase classname="com.MTSS.Configure_Settings" name="TCED23102" time="1.290"/>
  <testcase classname="com.MTSS.Configure_Settings" name="TCED23103" time="5.779"/>
  <testcase classname="com.MTSS.Configure_Settings" name="TCED23104" time="3.359"/>
  <testcase classname="com.MTSS.Configure_Settings" name="TCED23105" time="2.532"/>
  <testcase classname="com.MTSS.Configure_Settings" name="TCED23106" time="2.420"/>
  <testcase classname="com.MTSS.Configure_Settings" name="TCED23107" time="1.922"/>
  <testcase classname="com.MTSS.Configure_Settings" name="TCED23108" time="2.786"/>
  <testcase classname="com.MTSS.Configure_Settings" name="TCED23109" time="3.042"/>
  <testcase classname="com.MTSS.Configure_Settings" name="TCED23110" time="2.132"/>
  <testcase classname="com.MTSS.Configure_Settings" name="TCED23111" time="2.651"/>
  <testcase classname="com.MTSS.Configure_Settings" name="TCED23112" time="3.162"/>
  <testcase classname="com.MTSS.Configure_Settings" name="TCED23113" time="4.079"/>
  <testcase classname="com.MTSS.Configure_Settings" name="TCED23114" time="3.469"/>
  <testcase classname="com.MTSS.Configure_Settings" name="TCED23115" time="3.677"/>
</testsuite> <!-- com.MTSS.Configure_Settings -->
