<?xml version="1.0" encoding="UTF-8"?>
<!-- Generated by org.testng.reporters.JUnitReportReporter -->
<testsuite skipped="0" hostname="AKHIL-TS" name="com.MTSS.Students_Receiving_Interventions_by_Teacher" tests="4" failures="0" timestamp="30 Oct 2018 09:16:15 GMT" time="17.505" errors="0">
  <testcase name="TCED221203" time="0.767" classname="com.MTSS.Students_Receiving_Interventions_by_Teacher"/>
  <testcase name="TCED221202" time="0.080" classname="com.MTSS.Students_Receiving_Interventions_by_Teacher"/>
  <testcase name="TCED221201" time="8.068" classname="com.MTSS.Students_Receiving_Interventions_by_Teacher"/>
  <testcase name="TCED221204" time="8.590" classname="com.MTSS.Students_Receiving_Interventions_by_Teacher"/>
</testsuite> <!-- com.MTSS.Students_Receiving_Interventions_by_Teacher -->
