<?xml version="1.0" encoding="UTF-8"?>
<!-- Generated by org.testng.reporters.JUnitReportReporter -->
<testsuite skipped="0" hostname="AKHIL-TS" name="com.MTSS.Meeting_History_Report" tests="17" failures="0" timestamp="2 Nov 2018 06:55:05 GMT" time="116.020" errors="0">
  <testcase name="TCED22517" time="11.739" classname="com.MTSS.Meeting_History_Report"/>
  <testcase name="TCED22502" time="0.191" classname="com.MTSS.Meeting_History_Report"/>
  <testcase name="TCED22516" time="11.278" classname="com.MTSS.Meeting_History_Report"/>
  <testcase name="TCED22506" time="11.376" classname="com.MTSS.Meeting_History_Report"/>
  <testcase name="TCED22508" time="2.226" classname="com.MTSS.Meeting_History_Report"/>
  <testcase name="TCED22505" time="0.303" classname="com.MTSS.Meeting_History_Report"/>
  <testcase name="TCED22504" time="0.060" classname="com.MTSS.Meeting_History_Report"/>
  <testcase name="TCED22515" time="11.276" classname="com.MTSS.Meeting_History_Report"/>
  <testcase name="TCED22514" time="3.436" classname="com.MTSS.Meeting_History_Report"/>
  <testcase name="TCED22503" time="1.048" classname="com.MTSS.Meeting_History_Report"/>
  <testcase name="TCED22513" time="11.277" classname="com.MTSS.Meeting_History_Report"/>
  <testcase name="TCED22509" time="1.091" classname="com.MTSS.Meeting_History_Report"/>
  <testcase name="TCED22510" time="1.345" classname="com.MTSS.Meeting_History_Report"/>
  <testcase name="TCED22501" time="7.913" classname="com.MTSS.Meeting_History_Report"/>
  <testcase name="TCED22512" time="11.308" classname="com.MTSS.Meeting_History_Report"/>
  <testcase name="TCED22507" time="11.303" classname="com.MTSS.Meeting_History_Report"/>
  <testcase name="TCED22511" time="18.850" classname="com.MTSS.Meeting_History_Report"/>
</testsuite> <!-- com.MTSS.Meeting_History_Report -->
