<?xml version="1.0" encoding="UTF-8"?>
<!-- Generated by org.testng.reporters.JUnitReportReporter -->
<testsuite skipped="0" hostname="AKHIL-TS" name="com.curriculum.Enter_weeks_minutes" tests="3" failures="0" timestamp="7 Sep 2018 14:03:13 GMT" time="17.739" errors="0">
  <testcase name="TCED29402" time="1.089" classname="com.curriculum.Enter_weeks_minutes"/>
  <testcase name="TCED29401" time="15.115" classname="com.curriculum.Enter_weeks_minutes"/>
  <testcase name="TCED29404" time="1.535" classname="com.curriculum.Enter_weeks_minutes"/>
</testsuite> <!-- com.curriculum.Enter_weeks_minutes -->
