<?xml version="1.0" encoding="UTF-8"?>
<!-- Generated by org.testng.reporters.JUnitReportReporter -->
<testsuite skipped="0" hostname="Ans-A" name="com.localassessment.ScoreClassResultsOnline" tests="9" failures="0" timestamp="12 Oct 2018 10:37:29 GMT" time="26.479" errors="0">
  <testcase name="TCED13026" time="2.198" classname="com.localassessment.ScoreClassResultsOnline"/>
  <testcase name="TCED13022" time="11.705" classname="com.localassessment.ScoreClassResultsOnline"/>
  <testcase name="TCED13028" time="2.572" classname="com.localassessment.ScoreClassResultsOnline"/>
  <testcase name="TCED13030" time="3.701" classname="com.localassessment.ScoreClassResultsOnline"/>
  <testcase name="TCED13024" time="0.627" classname="com.localassessment.ScoreClassResultsOnline"/>
  <testcase name="TCED13027" time="3.842" classname="com.localassessment.ScoreClassResultsOnline"/>
  <testcase name="TCED13023" time="0.169" classname="com.localassessment.ScoreClassResultsOnline"/>
  <testcase name="TCED13029" time="0.793" classname="com.localassessment.ScoreClassResultsOnline"/>
  <testcase name="TCED13025" time="0.872" classname="com.localassessment.ScoreClassResultsOnline"/>
</testsuite> <!-- com.localassessment.ScoreClassResultsOnline -->
