<?xml version="1.0" encoding="UTF-8"?>
<!-- Generated by org.testng.reporters.JUnitReportReporter -->
<testsuite skipped="0" hostname="AKHIL-TS" name="com.analyzeByScore.AnalyzeByStandard" tests="4" failures="0" timestamp="16 Jul 2018 13:13:14 GMT" time="103.072" errors="0">
  <testcase name="TCED14125" time="8.315" classname="com.analyzeByScore.AnalyzeByStandard"/>
  <testcase name="TCED14127" time="54.912" classname="com.analyzeByScore.AnalyzeByStandard"/>
  <testcase name="TCED14126" time="17.925" classname="com.analyzeByScore.AnalyzeByStandard"/>
  <testcase name="TCED14124" time="21.920" classname="com.analyzeByScore.AnalyzeByStandard"/>
</testsuite> <!-- com.analyzeByScore.AnalyzeByStandard -->
