<?xml version="1.0" encoding="UTF-8"?>
<!-- Generated by org.testng.reporters.JUnitReportReporter -->
<testsuite hostname="QA-Scheduler" failures="0" tests="3" name="com.MTSS.TierHistoryReport" time="37.419" errors="0" timestamp="10 Oct 2018 04:48:21 GMT" skipped="0">
  <testcase classname="com.MTSS.TierHistoryReport" name="TCED22706" time="18.864"/>
  <testcase classname="com.MTSS.TierHistoryReport" name="TCED22707" time="9.297"/>
  <testcase classname="com.MTSS.TierHistoryReport" name="TCED22711" time="9.258"/>
</testsuite> <!-- com.MTSS.TierHistoryReport -->
