<?xml version="1.0" encoding="UTF-8"?>
<!-- Generated by org.testng.reporters.JUnitReportReporter -->
<testsuite skipped="0" hostname="AKHIL-TS" name="com.analyzeByScore.analyzebytagname" tests="2" failures="0" timestamp="2 Nov 2018 12:32:20 GMT" time="17.855" errors="0">
  <testcase name="TCED14310" time="11.505" classname="com.analyzeByScore.analyzebytagname"/>
  <testcase name="TCED14301" time="6.350" classname="com.analyzeByScore.analyzebytagname"/>
</testsuite> <!-- com.analyzeByScore.analyzebytagname -->
