<?xml version="1.0" encoding="UTF-8"?>
<!-- Generated by org.testng.reporters.JUnitReportReporter -->
<<<<<<< HEAD
<testsuite hostname="QA-Scheduler" failures="0" tests="24" name="com.analyzeByScore.ItemAnalysisbyQuestion" time="288.347" errors="0" timestamp="21 Nov 2018 09:44:07 GMT" skipped="0">
  <testcase classname="com.analyzeByScore.ItemAnalysisbyQuestion" name="TCED14081" time="9.895"/>
  <testcase classname="com.analyzeByScore.ItemAnalysisbyQuestion" name="TCED14082" time="0.140"/>
  <testcase classname="com.analyzeByScore.ItemAnalysisbyQuestion" name="TCED14083" time="0.785"/>
  <testcase classname="com.analyzeByScore.ItemAnalysisbyQuestion" name="TCED14084" time="0.902"/>
  <testcase classname="com.analyzeByScore.ItemAnalysisbyQuestion" name="TCED14085" time="5.190"/>
  <testcase classname="com.analyzeByScore.ItemAnalysisbyQuestion" name="TCED14086" time="5.226"/>
  <testcase classname="com.analyzeByScore.ItemAnalysisbyQuestion" name="TCED14087" time="5.402"/>
  <testcase classname="com.analyzeByScore.ItemAnalysisbyQuestion" name="TCED14088" time="5.466"/>
  <testcase classname="com.analyzeByScore.ItemAnalysisbyQuestion" name="TCED14089" time="8.472"/>
  <testcase classname="com.analyzeByScore.ItemAnalysisbyQuestion" name="TCED14090" time="0.719"/>
  <testcase classname="com.analyzeByScore.ItemAnalysisbyQuestion" name="TCED14091" time="9.102"/>
  <testcase classname="com.analyzeByScore.ItemAnalysisbyQuestion" name="TCED14092" time="8.612"/>
  <testcase classname="com.analyzeByScore.ItemAnalysisbyQuestion" name="TCED14093" time="8.855"/>
  <testcase classname="com.analyzeByScore.ItemAnalysisbyQuestion" name="TCED14094" time="9.449"/>
  <testcase classname="com.analyzeByScore.ItemAnalysisbyQuestion" name="TCED14095" time="5.830"/>
  <testcase classname="com.analyzeByScore.ItemAnalysisbyQuestion" name="TCED14096" time="0.716"/>
  <testcase classname="com.analyzeByScore.ItemAnalysisbyQuestion" name="TCED14097" time="7.633"/>
  <testcase classname="com.analyzeByScore.ItemAnalysisbyQuestion" name="TCED14098" time="7.846"/>
  <testcase classname="com.analyzeByScore.ItemAnalysisbyQuestion" name="TCED14099" time="8.062"/>
  <testcase classname="com.analyzeByScore.ItemAnalysisbyQuestion" name="TCED14100" time="7.755"/>
  <testcase classname="com.analyzeByScore.ItemAnalysisbyQuestion" name="TCED14101" time="13.116"/>
  <testcase classname="com.analyzeByScore.ItemAnalysisbyQuestion" name="TCED14102" time="16.358"/>
  <testcase classname="com.analyzeByScore.ItemAnalysisbyQuestion" name="TCED14103" time="31.914"/>
  <testcase classname="com.analyzeByScore.ItemAnalysisbyQuestion" name="TCED14104" time="110.902"/>
=======
<testsuite skipped="0" hostname="Vofox-Sebastian" name="com.analyzeByScore.ItemAnalysisbyQuestion" tests="24" failures="0" timestamp="21 Nov 2018 08:52:26 GMT" time="344.329" errors="0">
  <testcase name="TCED14081" time="12.284" classname="com.analyzeByScore.ItemAnalysisbyQuestion"/>
  <testcase name="TCED14082" time="0.263" classname="com.analyzeByScore.ItemAnalysisbyQuestion"/>
  <testcase name="TCED14083" time="0.968" classname="com.analyzeByScore.ItemAnalysisbyQuestion"/>
  <testcase name="TCED14084" time="1.270" classname="com.analyzeByScore.ItemAnalysisbyQuestion"/>
  <testcase name="TCED14085" time="7.481" classname="com.analyzeByScore.ItemAnalysisbyQuestion"/>
  <testcase name="TCED14086" time="7.171" classname="com.analyzeByScore.ItemAnalysisbyQuestion"/>
  <testcase name="TCED14087" time="7.447" classname="com.analyzeByScore.ItemAnalysisbyQuestion"/>
  <testcase name="TCED14088" time="7.519" classname="com.analyzeByScore.ItemAnalysisbyQuestion"/>
  <testcase name="TCED14089" time="11.089" classname="com.analyzeByScore.ItemAnalysisbyQuestion"/>
  <testcase name="TCED14090" time="1.571" classname="com.analyzeByScore.ItemAnalysisbyQuestion"/>
  <testcase name="TCED14091" time="12.627" classname="com.analyzeByScore.ItemAnalysisbyQuestion"/>
  <testcase name="TCED14092" time="12.787" classname="com.analyzeByScore.ItemAnalysisbyQuestion"/>
  <testcase name="TCED14093" time="12.203" classname="com.analyzeByScore.ItemAnalysisbyQuestion"/>
  <testcase name="TCED14094" time="12.516" classname="com.analyzeByScore.ItemAnalysisbyQuestion"/>
  <testcase name="TCED14095" time="8.423" classname="com.analyzeByScore.ItemAnalysisbyQuestion"/>
  <testcase name="TCED14096" time="1.448" classname="com.analyzeByScore.ItemAnalysisbyQuestion"/>
  <testcase name="TCED14097" time="11.653" classname="com.analyzeByScore.ItemAnalysisbyQuestion"/>
  <testcase name="TCED14098" time="11.704" classname="com.analyzeByScore.ItemAnalysisbyQuestion"/>
  <testcase name="TCED14099" time="11.696" classname="com.analyzeByScore.ItemAnalysisbyQuestion"/>
  <testcase name="TCED14100" time="11.530" classname="com.analyzeByScore.ItemAnalysisbyQuestion"/>
  <testcase name="TCED14101" time="15.224" classname="com.analyzeByScore.ItemAnalysisbyQuestion"/>
  <testcase name="TCED14102" time="19.519" classname="com.analyzeByScore.ItemAnalysisbyQuestion"/>
  <testcase name="TCED14103" time="34.821" classname="com.analyzeByScore.ItemAnalysisbyQuestion"/>
  <testcase name="TCED14104" time="111.115" classname="com.analyzeByScore.ItemAnalysisbyQuestion"/>
>>>>>>> 086e0e342f302c2ebf1425f91a22ad64768aa374
</testsuite> <!-- com.analyzeByScore.ItemAnalysisbyQuestion -->
