<?xml version="1.0" encoding="UTF-8"?>
<!-- Generated by org.testng.reporters.JUnitReportReporter -->
<testsuite skipped="0" hostname="AKHIL-TS" name="com.Home.Attendance" tests="8" failures="0" timestamp="12 Nov 2018 08:51:34 GMT" time="42.118" errors="0">
  <testcase name="TCED34302" time="0.465" classname="com.Home.Attendance"/>
  <testcase name="TCED34305" time="4.750" classname="com.Home.Attendance"/>
  <testcase name="TCED34304" time="1.440" classname="com.Home.Attendance"/>
  <testcase name="TCED34308" time="13.849" classname="com.Home.Attendance"/>
  <testcase name="TCED34301" time="12.144" classname="com.Home.Attendance"/>
  <testcase name="TCED34307" time="2.292" classname="com.Home.Attendance"/>
  <testcase name="TCED34306" time="4.649" classname="com.Home.Attendance"/>
  <testcase name="TCED34303" time="2.529" classname="com.Home.Attendance"/>
</testsuite> <!-- com.Home.Attendance -->
