<?xml version="1.0" encoding="UTF-8"?>
<!-- Generated by org.testng.reporters.JUnitReportReporter -->
<testsuite skipped="0" hostname="Vofox-Sebastian" name="com.Home.Schedule" tests="1" failures="0" timestamp="11 Oct 2018 12:51:06 GMT" time="21.029" errors="0">
  <testcase name="TCED34603" time="21.029" classname="com.Home.Schedule"/>
</testsuite> <!-- com.Home.Schedule -->
