<?xml version="1.0" encoding="UTF-8"?>
<!-- Generated by org.testng.reporters.JUnitReportReporter -->
<testsuite skipped="0" hostname="AKHIL-TS" name="com.Home.Student_Building_Grade_Lists" tests="15" failures="0" timestamp="14 Nov 2018 08:20:41 GMT" time="80.521" errors="0">
  <testcase name="TCED33202" time="0.380" classname="com.Home.Student_Building_Grade_Lists"/>
  <testcase name="TCED33211" time="11.265" classname="com.Home.Student_Building_Grade_Lists"/>
  <testcase name="TCED33215" time="11.774" classname="com.Home.Student_Building_Grade_Lists"/>
  <testcase name="TCED33213" time="2.102" classname="com.Home.Student_Building_Grade_Lists"/>
  <testcase name="TCED33204" time="0.246" classname="com.Home.Student_Building_Grade_Lists"/>
  <testcase name="TCED33209" time="2.370" classname="com.Home.Student_Building_Grade_Lists"/>
  <testcase name="TCED33206" time="11.294" classname="com.Home.Student_Building_Grade_Lists"/>
  <testcase name="TCED33208" time="1.071" classname="com.Home.Student_Building_Grade_Lists"/>
  <testcase name="TCED33210" time="0.194" classname="com.Home.Student_Building_Grade_Lists"/>
  <testcase name="TCED33205" time="11.277" classname="com.Home.Student_Building_Grade_Lists"/>
  <testcase name="TCED33201" time="8.171" classname="com.Home.Student_Building_Grade_Lists"/>
  <testcase name="TCED33214" time="1.016" classname="com.Home.Student_Building_Grade_Lists"/>
  <testcase name="TCED33203" time="5.843" classname="com.Home.Student_Building_Grade_Lists"/>
  <testcase name="TCED33207" time="2.222" classname="com.Home.Student_Building_Grade_Lists"/>
  <testcase name="TCED33212" time="11.296" classname="com.Home.Student_Building_Grade_Lists"/>
</testsuite> <!-- com.Home.Student_Building_Grade_Lists -->
