<?xml version="1.0" encoding="UTF-8"?>
<!-- Generated by org.testng.reporters.JUnitReportReporter -->
<testsuite skipped="0" hostname="Ans-A" name="com.MTSS.Manage_meetings" tests="1" failures="0" timestamp="25 Oct 2018 11:35:52 GMT" time="9.380" errors="0">
  <testcase name="TCED20201" time="9.380" classname="com.MTSS.Manage_meetings"/>
</testsuite> <!-- com.MTSS.Manage_meetings -->
