<?xml version="1.0" encoding="UTF-8"?>
<!-- Generated by org.testng.reporters.JUnitReportReporter -->
<testsuite skipped="0" hostname="Vofox-Sebastian" name="com.Home.Attendance" tests="8" failures="0" timestamp="10 Oct 2018 10:35:13 GMT" time="41.588" errors="0">
  <testcase name="TCED34301" time="11.839" classname="com.Home.Attendance"/>
  <testcase name="TCED34302" time="0.598" classname="com.Home.Attendance"/>
  <testcase name="TCED34303" time="2.354" classname="com.Home.Attendance"/>
  <testcase name="TCED34304" time="1.440" classname="com.Home.Attendance"/>
  <testcase name="TCED34305" time="4.581" classname="com.Home.Attendance"/>
  <testcase name="TCED34306" time="4.721" classname="com.Home.Attendance"/>
  <testcase name="TCED34307" time="2.226" classname="com.Home.Attendance"/>
  <testcase name="TCED34308" time="13.829" classname="com.Home.Attendance"/>
</testsuite> <!-- com.Home.Attendance -->
