<?xml version="1.0" encoding="UTF-8"?>
<!-- Generated by org.testng.reporters.JUnitReportReporter -->
<testsuite skipped="0" hostname="AKHIL-TS" name="com.curriculum.View_Print" tests="5" failures="0" timestamp="12 Sep 2018 12:52:20 GMT" time="86.706" errors="0">
  <testcase name="TCED29604" time="15.161" classname="com.curriculum.View_Print"/>
  <testcase name="TCED29603" time="15.737" classname="com.curriculum.View_Print"/>
  <testcase name="TCED29601" time="16.583" classname="com.curriculum.View_Print"/>
  <testcase name="TCED29602" time="14.528" classname="com.curriculum.View_Print"/>
  <testcase name="TCED29605" time="24.697" classname="com.curriculum.View_Print"/>
</testsuite> <!-- com.curriculum.View_Print -->
