<?xml version="1.0" encoding="UTF-8"?>
<!-- Generated by org.testng.reporters.JUnitReportReporter -->
<testsuite skipped="0" hostname="AKHIL-TS" name="com.localassessment.Mtss_track_student_interventions" tests="1" failures="0" timestamp="31 Jul 2018 11:03:13 GMT" time="12.778" errors="0">
  <testcase name="TCED19604" time="12.778" classname="com.localassessment.Mtss_track_student_interventions"/>
</testsuite> <!-- com.localassessment.Mtss_track_student_interventions -->
