<?xml version="1.0" encoding="UTF-8"?>
<!-- Generated by org.testng.reporters.JUnitReportReporter -->
<testsuite skipped="0" hostname="Vofox-Sebastian" name="com.Home.Attendance" tests="5" failures="0" timestamp="31 Oct 2019 09:24:16 GMT" time="27.192" errors="0">
  <testcase name="TCED34301" time="11.323" classname="com.Home.Attendance"/>
  <testcase name="TCED34302" time="0.394" classname="com.Home.Attendance"/>
  <testcase name="TCED34303" time="5.278" classname="com.Home.Attendance"/>
  <testcase name="TCED34304" time="0.530" classname="com.Home.Attendance"/>
  <testcase name="TCED34308" time="9.667" classname="com.Home.Attendance"/>
</testsuite> <!-- com.Home.Attendance -->
