<?xml version="1.0" encoding="UTF-8"?>
<!-- Generated by org.testng.reporters.JUnitReportReporter -->
<testsuite skipped="0" hostname="AKHIL-TS" name="com.Home.Assessments" tests="16" failures="0" timestamp="23 Oct 2018 09:35:41 GMT" time="88.476" errors="0">
  <testcase name="TCED34212" time="6.926" classname="com.Home.Assessments"/>
  <testcase name="TCED34209" time="11.307" classname="com.Home.Assessments"/>
  <testcase name="TCED34208" time="3.171" classname="com.Home.Assessments"/>
  <testcase name="TCED34211" time="1.178" classname="com.Home.Assessments"/>
  <testcase name="TCED34201" time="12.633" classname="com.Home.Assessments"/>
  <testcase name="TCED34202" time="0.161" classname="com.Home.Assessments"/>
  <testcase name="TCED34203" time="1.132" classname="com.Home.Assessments"/>
  <testcase name="TCED34210" time="5.869" classname="com.Home.Assessments"/>
  <testcase name="TCED34214" time="5.072" classname="com.Home.Assessments"/>
  <testcase name="TCED34207" time="0.336" classname="com.Home.Assessments"/>
  <testcase name="TCED34213" time="11.284" classname="com.Home.Assessments"/>
  <testcase name="TCED34204" time="0.251" classname="com.Home.Assessments"/>
  <testcase name="TCED34215" time="0.292" classname="com.Home.Assessments"/>
  <testcase name="TCED34216" time="11.713" classname="com.Home.Assessments"/>
  <testcase name="TCED34205" time="11.288" classname="com.Home.Assessments"/>
  <testcase name="TCED34206" time="5.863" classname="com.Home.Assessments"/>
</testsuite> <!-- com.Home.Assessments -->
