<?xml version="1.0" encoding="UTF-8"?>
<!-- Generated by org.testng.reporters.JUnitReportReporter -->
<testsuite skipped="0" hostname="Ans-A" name="com.localassessment.ScoreClassResultsOnline" tests="10" failures="0" timestamp="15 Oct 2018 08:41:26 GMT" time="32.993" errors="0">
  <testcase name="TCED13027" time="3.629" classname="com.localassessment.ScoreClassResultsOnline"/>
  <testcase name="TCED13028" time="2.927" classname="com.localassessment.ScoreClassResultsOnline"/>
  <testcase name="TCED13029" time="0.798" classname="com.localassessment.ScoreClassResultsOnline"/>
  <testcase name="TCED13021" time="6.377" classname="com.localassessment.ScoreClassResultsOnline"/>
  <testcase name="TCED13026" time="2.252" classname="com.localassessment.ScoreClassResultsOnline"/>
  <testcase name="TCED13030" time="3.636" classname="com.localassessment.ScoreClassResultsOnline"/>
  <testcase name="TCED13024" time="0.637" classname="com.localassessment.ScoreClassResultsOnline"/>
  <testcase name="TCED13022" time="11.636" classname="com.localassessment.ScoreClassResultsOnline"/>
  <testcase name="TCED13023" time="0.162" classname="com.localassessment.ScoreClassResultsOnline"/>
  <testcase name="TCED13025" time="0.939" classname="com.localassessment.ScoreClassResultsOnline"/>
</testsuite> <!-- com.localassessment.ScoreClassResultsOnline -->
