<?xml version="1.0" encoding="UTF-8"?>
<!-- Generated by org.testng.reporters.JUnitReportReporter -->
<testsuite skipped="22" hostname="Vofox-Sebastian" name="com.curriculum.Create_New_Map" tests="23" failures="0" timestamp="09 Oct 2018 14:53:37 GMT" time="0.254" errors="1">
  <testcase name="setup1" time="0.254" classname="com.curriculum.Create_New_Map">
    <error type="java.lang.IllegalStateException" message="The driver executable does not exist: E:\Edinsight\geckodriver.exe">
      <![CDATA[java.lang.IllegalStateException: The driver executable does not exist: E:\Edinsight\geckodriver.exe
at com.google.common.base.Preconditions.checkState(Preconditions.java:585)
at org.openqa.selenium.remote.service.DriverService.checkExecutable(DriverService.java:136)
at org.openqa.selenium.remote.service.DriverService.findExecutable(DriverService.java:131)
at org.openqa.selenium.firefox.GeckoDriverService.access$100(GeckoDriverService.java:41)
at org.openqa.selenium.firefox.GeckoDriverService$Builder.findDefaultExecutable(GeckoDriverService.java:141)
at org.openqa.selenium.remote.service.DriverService$Builder.build(DriverService.java:339)
at org.openqa.selenium.firefox.FirefoxDriver.toExecutor(FirefoxDriver.java:158)
at org.openqa.selenium.firefox.FirefoxDriver.<init>(FirefoxDriver.java:120)
at Library.BaseClassOne.setup1(BaseClassOne.java:101)
at sun.reflect.NativeMethodAccessorImpl.invoke0(Native Method)
at sun.reflect.NativeMethodAccessorImpl.invoke(NativeMethodAccessorImpl.java:62)
at sun.reflect.DelegatingMethodAccessorImpl.invoke(DelegatingMethodAccessorImpl.java:43)
at java.lang.reflect.Method.invoke(Method.java:498)
at org.testng.internal.MethodInvocationHelper.invokeMethod(MethodInvocationHelper.java:124)
at org.testng.internal.MethodInvocationHelper.invokeMethodConsideringTimeout(MethodInvocationHelper.java:59)
at org.testng.internal.Invoker.invokeConfigurationMethod(Invoker.java:458)
at org.testng.internal.Invoker.invokeConfigurations(Invoker.java:222)
at org.testng.internal.Invoker.invokeConfigurations(Invoker.java:142)
at org.testng.TestRunner.beforeRun(TestRunner.java:529)
at org.testng.TestRunner.run(TestRunner.java:497)
at org.testng.SuiteRunner.runTest(SuiteRunner.java:455)
at org.testng.SuiteRunner.runSequentially(SuiteRunner.java:450)
at org.testng.SuiteRunner.privateRun(SuiteRunner.java:415)
at org.testng.SuiteRunner.run(SuiteRunner.java:364)
at org.testng.SuiteRunnerWorker.runSuite(SuiteRunnerWorker.java:52)
at org.testng.SuiteRunnerWorker.run(SuiteRunnerWorker.java:84)
at org.testng.TestNG.runSuitesSequentially(TestNG.java:1208)
at org.testng.TestNG.runSuitesLocally(TestNG.java:1137)
at org.testng.TestNG.runSuites(TestNG.java:1049)
at org.testng.TestNG.run(TestNG.java:1017)
at org.testng.remote.AbstractRemoteTestNG.run(AbstractRemoteTestNG.java:114)
at org.testng.remote.RemoteTestNG.initAndRun(RemoteTestNG.java:251)
at org.testng.remote.RemoteTestNG.main(RemoteTestNG.java:77)
]]>
    </error>
  </testcase> <!-- setup1 -->
  <testcase name="TCED29101" time="0.000" classname="com.curriculum.Create_New_Map">
    <skipped/>
  </testcase> <!-- TCED29101 -->
  <testcase name="TCED29102" time="0.000" classname="com.curriculum.Create_New_Map">
    <skipped/>
  </testcase> <!-- TCED29102 -->
  <testcase name="TCED29103" time="0.000" classname="com.curriculum.Create_New_Map">
    <skipped/>
  </testcase> <!-- TCED29103 -->
  <testcase name="TCED29104" time="0.000" classname="com.curriculum.Create_New_Map">
    <skipped/>
  </testcase> <!-- TCED29104 -->
  <testcase name="TCED29105" time="0.000" classname="com.curriculum.Create_New_Map">
    <skipped/>
  </testcase> <!-- TCED29105 -->
  <testcase name="TCED29106" time="0.000" classname="com.curriculum.Create_New_Map">
    <skipped/>
  </testcase> <!-- TCED29106 -->
  <testcase name="TCED29120" time="0.000" classname="com.curriculum.Create_New_Map">
    <skipped/>
  </testcase> <!-- TCED29120 -->
  <testcase name="TCED29121" time="0.000" classname="com.curriculum.Create_New_Map">
    <skipped/>
  </testcase> <!-- TCED29121 -->
  <testcase name="TCED29122" time="0.000" classname="com.curriculum.Create_New_Map">
    <skipped/>
  </testcase> <!-- TCED29122 -->
  <testcase name="TCED29123" time="0.000" classname="com.curriculum.Create_New_Map">
    <skipped/>
  </testcase> <!-- TCED29123 -->
  <testcase name="TCED29124" time="0.000" classname="com.curriculum.Create_New_Map">
    <skipped/>
  </testcase> <!-- TCED29124 -->
  <testcase name="TCED29125" time="0.000" classname="com.curriculum.Create_New_Map">
    <skipped/>
  </testcase> <!-- TCED29125 -->
  <testcase name="TCED29126" time="0.000" classname="com.curriculum.Create_New_Map">
    <skipped/>
  </testcase> <!-- TCED29126 -->
  <testcase name="TCED29127" time="0.000" classname="com.curriculum.Create_New_Map">
    <skipped/>
  </testcase> <!-- TCED29127 -->
  <testcase name="TCED29128" time="0.000" classname="com.curriculum.Create_New_Map">
    <skipped/>
  </testcase> <!-- TCED29128 -->
  <testcase name="TCED29129" time="0.000" classname="com.curriculum.Create_New_Map">
    <skipped/>
  </testcase> <!-- TCED29129 -->
  <testcase name="TCED29130" time="0.000" classname="com.curriculum.Create_New_Map">
    <skipped/>
  </testcase> <!-- TCED29130 -->
  <testcase name="TCED29134" time="0.000" classname="com.curriculum.Create_New_Map">
    <skipped/>
  </testcase> <!-- TCED29134 -->
  <testcase name="TCED29135" time="0.000" classname="com.curriculum.Create_New_Map">
    <skipped/>
  </testcase> <!-- TCED29135 -->
  <testcase name="TCED29136" time="0.000" classname="com.curriculum.Create_New_Map">
    <skipped/>
  </testcase> <!-- TCED29136 -->
  <testcase name="TCED29137" time="0.000" classname="com.curriculum.Create_New_Map">
    <skipped/>
  </testcase> <!-- TCED29137 -->
  <testcase name="TCED29138" time="0.000" classname="com.curriculum.Create_New_Map">
    <skipped/>
  </testcase> <!-- TCED29138 -->
</testsuite> <!-- com.curriculum.Create_New_Map -->
