<?xml version="1.0" encoding="UTF-8"?>
<!-- Generated by org.testng.reporters.JUnitReportReporter -->
<testsuite hostname="QA-Scheduler" failures="0" tests="1" name="com.curriculum.Browse_By_Standard" time="29.414" errors="0" timestamp="07 Nov 2018 05:53:53 GMT" skipped="0">
  <testcase classname="com.curriculum.Browse_By_Standard" name="TCED30104" time="29.414"/>
</testsuite> <!-- com.curriculum.Browse_By_Standard -->
