<?xml version="1.0" encoding="UTF-8"?>
<!-- Generated by org.testng.reporters.JUnitReportReporter -->
<testsuite skipped="0" hostname="AKHIL-TS" name="com.curriculum.Report_By_Standard" tests="6" failures="0" timestamp="31 Aug 2018 09:50:27 GMT" time="41.240" errors="0">
  <testcase name="TCED26103" time="1.963" classname="com.curriculum.Report_By_Standard"/>
  <testcase name="TCED26102" time="1.407" classname="com.curriculum.Report_By_Standard"/>
  <testcase name="TCED26104" time="24.949" classname="com.curriculum.Report_By_Standard"/>
  <testcase name="TCED26106" time="1.521" classname="com.curriculum.Report_By_Standard"/>
  <testcase name="TCED26101" time="9.478" classname="com.curriculum.Report_By_Standard"/>
  <testcase name="TCED26105" time="1.922" classname="com.curriculum.Report_By_Standard"/>
</testsuite> <!-- com.curriculum.Report_By_Standard -->
