<?xml version="1.0" encoding="UTF-8"?>
<!-- Generated by org.testng.reporters.JUnitReportReporter -->
<testsuite skipped="0" hostname="Vofox-Sebastian" name="com.curriculum.Batch_Print" tests="5" failures="0" timestamp="30 Oct 2019 06:08:15 GMT" time="39.385" errors="0">
  <testcase name="TCED28101" time="5.189" classname="com.curriculum.Batch_Print"/>
  <testcase name="TCED28102" time="2.024" classname="com.curriculum.Batch_Print"/>
  <testcase name="TCED28103" time="6.876" classname="com.curriculum.Batch_Print"/>
  <testcase name="TCED28104" time="23.422" classname="com.curriculum.Batch_Print"/>
  <testcase name="TCED28105" time="1.874" classname="com.curriculum.Batch_Print"/>
</testsuite> <!-- com.curriculum.Batch_Print -->
