<?xml version="1.0" encoding="UTF-8"?>
<!-- Generated by org.testng.reporters.JUnitReportReporter -->
<testsuite skipped="0" hostname="Vofox-Sebastian" name="com.curriculum.Analyze_curriculam" tests="18" failures="5" timestamp="25 Sep 2018 14:49:51 GMT" time="217.661" errors="0">
  <testcase name="TCED29701" time="21.148" classname="com.curriculum.Analyze_curriculam"/>
  <testcase name="TCED29702" time="4.541" classname="com.curriculum.Analyze_curriculam"/>
  <testcase name="TCED29703" time="0.796" classname="com.curriculum.Analyze_curriculam"/>
  <testcase name="TCED29704" time="4.844" classname="com.curriculum.Analyze_curriculam"/>
  <testcase name="TCED29705" time="0.203" classname="com.curriculum.Analyze_curriculam"/>
  <testcase name="TCED29706" time="2.767" classname="com.curriculum.Analyze_curriculam"/>
  <testcase name="TCED29707" time="0.211" classname="com.curriculum.Analyze_curriculam"/>
  <testcase name="TCED29708" time="11.327" classname="com.curriculum.Analyze_curriculam"/>
  <testcase name="TCED29709" time="11.332" classname="com.curriculum.Analyze_curriculam"/>
  <testcase name="TCED29710" time="4.768" classname="com.curriculum.Analyze_curriculam"/>
  <testcase name="TCED29711" time="12.431" classname="com.curriculum.Analyze_curriculam"/>
  <testcase name="TCED29712" time="11.043" classname="com.curriculum.Analyze_curriculam"/>
  <testcase name="TCED29713" time="11.295" classname="com.curriculum.Analyze_curriculam"/>
  <testcase name="TCED29714" time="15.172" classname="com.curriculum.Analyze_curriculam">
    <failure type="java.lang.AssertionError" message="Could not find any element matching &#039;//*[@id=&#039;ctl00_MainContent_pnlBrowseByStandard&#039;]/table[1]/tbody/tr/td[2]/h4&#039;">
      <![CDATA[java.lang.AssertionError: Could not find any element matching '//*[@id='ctl00_MainContent_pnlBrowseByStandard']/table[1]/tbody/tr/td[2]/h4'
at Library.BaseClassOne.find(BaseClassOne.java:206)
at Library.BaseClassOne.getText(BaseClassOne.java:376)
at Library.BaseClassOne.getText(BaseClassOne.java:326)
at com.curriculum.Analyze_curriculam.TCED29714(Analyze_curriculam.java:650)
at sun.reflect.NativeMethodAccessorImpl.invoke0(Native Method)
at sun.reflect.NativeMethodAccessorImpl.invoke(NativeMethodAccessorImpl.java:62)
at sun.reflect.DelegatingMethodAccessorImpl.invoke(DelegatingMethodAccessorImpl.java:43)
at java.lang.reflect.Method.invoke(Method.java:498)
at org.testng.internal.MethodInvocationHelper.invokeMethod(MethodInvocationHelper.java:124)
at org.testng.internal.Invoker.invokeMethod(Invoker.java:583)
at org.testng.internal.Invoker.invokeTestMethod(Invoker.java:719)
at org.testng.internal.Invoker.invokeTestMethods(Invoker.java:989)
at org.testng.internal.TestMethodWorker.invokeTestMethods(TestMethodWorker.java:125)
at org.testng.internal.TestMethodWorker.run(TestMethodWorker.java:109)
at org.testng.TestRunner.privateRun(TestRunner.java:648)
at org.testng.TestRunner.run(TestRunner.java:505)
at org.testng.SuiteRunner.runTest(SuiteRunner.java:455)
at org.testng.SuiteRunner.runSequentially(SuiteRunner.java:450)
at org.testng.SuiteRunner.privateRun(SuiteRunner.java:415)
at org.testng.SuiteRunner.run(SuiteRunner.java:364)
at org.testng.SuiteRunnerWorker.runSuite(SuiteRunnerWorker.java:52)
at org.testng.SuiteRunnerWorker.run(SuiteRunnerWorker.java:84)
at org.testng.TestNG.runSuitesSequentially(TestNG.java:1208)
at org.testng.TestNG.runSuitesLocally(TestNG.java:1137)
at org.testng.TestNG.runSuites(TestNG.java:1049)
at org.testng.TestNG.run(TestNG.java:1017)
at org.testng.remote.AbstractRemoteTestNG.run(AbstractRemoteTestNG.java:114)
at org.testng.remote.RemoteTestNG.initAndRun(RemoteTestNG.java:251)
at org.testng.remote.RemoteTestNG.main(RemoteTestNG.java:77)
]]>
    </failure>
  </testcase> <!-- TCED29714 -->
  <testcase name="TCED29715" time="15.026" classname="com.curriculum.Analyze_curriculam">
    <failure type="java.lang.AssertionError" message="Could not find any element matching &#039;//*[@id=&#039;ctl00_MainContent_pnlBrowseByStandard&#039;]/table[2]/tbody/tr[1]/td&#039;">
      <![CDATA[java.lang.AssertionError: Could not find any element matching '//*[@id='ctl00_MainContent_pnlBrowseByStandard']/table[2]/tbody/tr[1]/td'
at Library.BaseClassOne.find(BaseClassOne.java:206)
at Library.BaseClassOne.getText(BaseClassOne.java:376)
at Library.BaseClassOne.getText(BaseClassOne.java:326)
at com.curriculum.Analyze_curriculam.TCED29715(Analyze_curriculam.java:671)
at sun.reflect.NativeMethodAccessorImpl.invoke0(Native Method)
at sun.reflect.NativeMethodAccessorImpl.invoke(NativeMethodAccessorImpl.java:62)
at sun.reflect.DelegatingMethodAccessorImpl.invoke(DelegatingMethodAccessorImpl.java:43)
at java.lang.reflect.Method.invoke(Method.java:498)
at org.testng.internal.MethodInvocationHelper.invokeMethod(MethodInvocationHelper.java:124)
at org.testng.internal.Invoker.invokeMethod(Invoker.java:583)
at org.testng.internal.Invoker.invokeTestMethod(Invoker.java:719)
at org.testng.internal.Invoker.invokeTestMethods(Invoker.java:989)
at org.testng.internal.TestMethodWorker.invokeTestMethods(TestMethodWorker.java:125)
at org.testng.internal.TestMethodWorker.run(TestMethodWorker.java:109)
at org.testng.TestRunner.privateRun(TestRunner.java:648)
at org.testng.TestRunner.run(TestRunner.java:505)
at org.testng.SuiteRunner.runTest(SuiteRunner.java:455)
at org.testng.SuiteRunner.runSequentially(SuiteRunner.java:450)
at org.testng.SuiteRunner.privateRun(SuiteRunner.java:415)
at org.testng.SuiteRunner.run(SuiteRunner.java:364)
at org.testng.SuiteRunnerWorker.runSuite(SuiteRunnerWorker.java:52)
at org.testng.SuiteRunnerWorker.run(SuiteRunnerWorker.java:84)
at org.testng.TestNG.runSuitesSequentially(TestNG.java:1208)
at org.testng.TestNG.runSuitesLocally(TestNG.java:1137)
at org.testng.TestNG.runSuites(TestNG.java:1049)
at org.testng.TestNG.run(TestNG.java:1017)
at org.testng.remote.AbstractRemoteTestNG.run(AbstractRemoteTestNG.java:114)
at org.testng.remote.RemoteTestNG.initAndRun(RemoteTestNG.java:251)
at org.testng.remote.RemoteTestNG.main(RemoteTestNG.java:77)
]]>
    </failure>
  </testcase> <!-- TCED29715 -->
  <testcase name="TCED29716" time="30.257" classname="com.curriculum.Analyze_curriculam">
    <failure type="java.lang.AssertionError" message="Timeout during waiting for element: &#039;//*[@id=&#039;ctl00_MainContent_CurriculumReportByStandards1_rdStandards&#039;]/ul/li/ul/li[2]/div/span&#039;">
      <![CDATA[java.lang.AssertionError: Timeout during waiting for element: '//*[@id='ctl00_MainContent_CurriculumReportByStandards1_rdStandards']/ul/li/ul/li[2]/div/span'
at Library.BaseClassOne.waitFor(BaseClassOne.java:258)
at Library.BaseClassOne.click(BaseClassOne.java:170)
at com.curriculum.Analyze_curriculam.TCED29716(Analyze_curriculam.java:703)
at sun.reflect.NativeMethodAccessorImpl.invoke0(Native Method)
at sun.reflect.NativeMethodAccessorImpl.invoke(NativeMethodAccessorImpl.java:62)
at sun.reflect.DelegatingMethodAccessorImpl.invoke(DelegatingMethodAccessorImpl.java:43)
at java.lang.reflect.Method.invoke(Method.java:498)
at org.testng.internal.MethodInvocationHelper.invokeMethod(MethodInvocationHelper.java:124)
at org.testng.internal.Invoker.invokeMethod(Invoker.java:583)
at org.testng.internal.Invoker.invokeTestMethod(Invoker.java:719)
at org.testng.internal.Invoker.invokeTestMethods(Invoker.java:989)
at org.testng.internal.TestMethodWorker.invokeTestMethods(TestMethodWorker.java:125)
at org.testng.internal.TestMethodWorker.run(TestMethodWorker.java:109)
at org.testng.TestRunner.privateRun(TestRunner.java:648)
at org.testng.TestRunner.run(TestRunner.java:505)
at org.testng.SuiteRunner.runTest(SuiteRunner.java:455)
at org.testng.SuiteRunner.runSequentially(SuiteRunner.java:450)
at org.testng.SuiteRunner.privateRun(SuiteRunner.java:415)
at org.testng.SuiteRunner.run(SuiteRunner.java:364)
at org.testng.SuiteRunnerWorker.runSuite(SuiteRunnerWorker.java:52)
at org.testng.SuiteRunnerWorker.run(SuiteRunnerWorker.java:84)
at org.testng.TestNG.runSuitesSequentially(TestNG.java:1208)
at org.testng.TestNG.runSuitesLocally(TestNG.java:1137)
at org.testng.TestNG.runSuites(TestNG.java:1049)
at org.testng.TestNG.run(TestNG.java:1017)
at org.testng.remote.AbstractRemoteTestNG.run(AbstractRemoteTestNG.java:114)
at org.testng.remote.RemoteTestNG.initAndRun(RemoteTestNG.java:251)
at org.testng.remote.RemoteTestNG.main(RemoteTestNG.java:77)
]]>
    </failure>
  </testcase> <!-- TCED29716 -->
  <testcase name="TCED29717" time="30.254" classname="com.curriculum.Analyze_curriculam">
    <failure type="java.lang.AssertionError" message="Timeout during waiting for element: &#039;//*[@id=&#039;ctl00_MainContent_CurriculumReportByStandards1_btnPrintSelected&#039;]&#039;">
      <![CDATA[java.lang.AssertionError: Timeout during waiting for element: '//*[@id='ctl00_MainContent_CurriculumReportByStandards1_btnPrintSelected']'
at Library.BaseClassOne.waitFor(BaseClassOne.java:258)
at Library.BaseClassOne.click(BaseClassOne.java:170)
at com.curriculum.Analyze_curriculam.TCED29717(Analyze_curriculam.java:754)
at sun.reflect.NativeMethodAccessorImpl.invoke0(Native Method)
at sun.reflect.NativeMethodAccessorImpl.invoke(NativeMethodAccessorImpl.java:62)
at sun.reflect.DelegatingMethodAccessorImpl.invoke(DelegatingMethodAccessorImpl.java:43)
at java.lang.reflect.Method.invoke(Method.java:498)
at org.testng.internal.MethodInvocationHelper.invokeMethod(MethodInvocationHelper.java:124)
at org.testng.internal.Invoker.invokeMethod(Invoker.java:583)
at org.testng.internal.Invoker.invokeTestMethod(Invoker.java:719)
at org.testng.internal.Invoker.invokeTestMethods(Invoker.java:989)
at org.testng.internal.TestMethodWorker.invokeTestMethods(TestMethodWorker.java:125)
at org.testng.internal.TestMethodWorker.run(TestMethodWorker.java:109)
at org.testng.TestRunner.privateRun(TestRunner.java:648)
at org.testng.TestRunner.run(TestRunner.java:505)
at org.testng.SuiteRunner.runTest(SuiteRunner.java:455)
at org.testng.SuiteRunner.runSequentially(SuiteRunner.java:450)
at org.testng.SuiteRunner.privateRun(SuiteRunner.java:415)
at org.testng.SuiteRunner.run(SuiteRunner.java:364)
at org.testng.SuiteRunnerWorker.runSuite(SuiteRunnerWorker.java:52)
at org.testng.SuiteRunnerWorker.run(SuiteRunnerWorker.java:84)
at org.testng.TestNG.runSuitesSequentially(TestNG.java:1208)
at org.testng.TestNG.runSuitesLocally(TestNG.java:1137)
at org.testng.TestNG.runSuites(TestNG.java:1049)
at org.testng.TestNG.run(TestNG.java:1017)
at org.testng.remote.AbstractRemoteTestNG.run(AbstractRemoteTestNG.java:114)
at org.testng.remote.RemoteTestNG.initAndRun(RemoteTestNG.java:251)
at org.testng.remote.RemoteTestNG.main(RemoteTestNG.java:77)
]]>
    </failure>
  </testcase> <!-- TCED29717 -->
  <testcase name="TCED29718" time="30.246" classname="com.curriculum.Analyze_curriculam">
    <failure type="java.lang.AssertionError" message="Timeout during waiting for element: &#039;//*[@id=&#039;ctl00_MainContent_CurriculumReportByStandards1_btnClearPrintList&#039;]&#039;">
      <![CDATA[java.lang.AssertionError: Timeout during waiting for element: '//*[@id='ctl00_MainContent_CurriculumReportByStandards1_btnClearPrintList']'
at Library.BaseClassOne.waitFor(BaseClassOne.java:258)
at Library.BaseClassOne.click(BaseClassOne.java:170)
at com.curriculum.Analyze_curriculam.TCED29718(Analyze_curriculam.java:800)
at sun.reflect.NativeMethodAccessorImpl.invoke0(Native Method)
at sun.reflect.NativeMethodAccessorImpl.invoke(NativeMethodAccessorImpl.java:62)
at sun.reflect.DelegatingMethodAccessorImpl.invoke(DelegatingMethodAccessorImpl.java:43)
at java.lang.reflect.Method.invoke(Method.java:498)
at org.testng.internal.MethodInvocationHelper.invokeMethod(MethodInvocationHelper.java:124)
at org.testng.internal.Invoker.invokeMethod(Invoker.java:583)
at org.testng.internal.Invoker.invokeTestMethod(Invoker.java:719)
at org.testng.internal.Invoker.invokeTestMethods(Invoker.java:989)
at org.testng.internal.TestMethodWorker.invokeTestMethods(TestMethodWorker.java:125)
at org.testng.internal.TestMethodWorker.run(TestMethodWorker.java:109)
at org.testng.TestRunner.privateRun(TestRunner.java:648)
at org.testng.TestRunner.run(TestRunner.java:505)
at org.testng.SuiteRunner.runTest(SuiteRunner.java:455)
at org.testng.SuiteRunner.runSequentially(SuiteRunner.java:450)
at org.testng.SuiteRunner.privateRun(SuiteRunner.java:415)
at org.testng.SuiteRunner.run(SuiteRunner.java:364)
at org.testng.SuiteRunnerWorker.runSuite(SuiteRunnerWorker.java:52)
at org.testng.SuiteRunnerWorker.run(SuiteRunnerWorker.java:84)
at org.testng.TestNG.runSuitesSequentially(TestNG.java:1208)
at org.testng.TestNG.runSuitesLocally(TestNG.java:1137)
at org.testng.TestNG.runSuites(TestNG.java:1049)
at org.testng.TestNG.run(TestNG.java:1017)
at org.testng.remote.AbstractRemoteTestNG.run(AbstractRemoteTestNG.java:114)
at org.testng.remote.RemoteTestNG.initAndRun(RemoteTestNG.java:251)
at org.testng.remote.RemoteTestNG.main(RemoteTestNG.java:77)
]]>
    </failure>
  </testcase> <!-- TCED29718 -->
</testsuite> <!-- com.curriculum.Analyze_curriculam -->
