<?xml version="1.0" encoding="UTF-8"?>
<!-- Generated by org.testng.reporters.JUnitReportReporter -->
<testsuite skipped="0" hostname="Vofox-Sebastian" name="com.MTSS.Test_Suite_MTSS_T1_Interventions" tests="9" failures="0" timestamp="26 Sep 2019 09:18:52 GMT" time="40.925" errors="0">
  <testcase name="TCED19701" time="8.446" classname="com.MTSS.Test_Suite_MTSS_T1_Interventions"/>
  <testcase name="TCED19702" time="0.247" classname="com.MTSS.Test_Suite_MTSS_T1_Interventions"/>
  <testcase name="TCED19703" time="4.491" classname="com.MTSS.Test_Suite_MTSS_T1_Interventions"/>
  <testcase name="TCED19704" time="8.844" classname="com.MTSS.Test_Suite_MTSS_T1_Interventions"/>
  <testcase name="TCED19705" time="4.938" classname="com.MTSS.Test_Suite_MTSS_T1_Interventions"/>
  <testcase name="TCED19706" time="0.285" classname="com.MTSS.Test_Suite_MTSS_T1_Interventions"/>
  <testcase name="TCED19707" time="1.398" classname="com.MTSS.Test_Suite_MTSS_T1_Interventions"/>
  <testcase name="TCED19709" time="0.157" classname="com.MTSS.Test_Suite_MTSS_T1_Interventions"/>
  <testcase name="TCED19710" time="12.119" classname="com.MTSS.Test_Suite_MTSS_T1_Interventions"/>
</testsuite> <!-- com.MTSS.Test_Suite_MTSS_T1_Interventions -->
