<?xml version="1.0" encoding="UTF-8"?>
<!-- Generated by org.testng.reporters.JUnitReportReporter -->
<testsuite hostname="QA-Scheduler" failures="0" tests="10" name="com.MTSS.Unsubmitted_Intervention_Plans" time="49.116" errors="0" timestamp="02 Nov 2018 05:12:48 GMT" skipped="0">
  <testcase classname="com.MTSS.Unsubmitted_Intervention_Plans" name="TCED221001" time="6.913"/>
  <testcase classname="com.MTSS.Unsubmitted_Intervention_Plans" name="TCED221002" time="0.032"/>
  <testcase classname="com.MTSS.Unsubmitted_Intervention_Plans" name="TCED221003" time="0.895"/>
  <testcase classname="com.MTSS.Unsubmitted_Intervention_Plans" name="TCED221004" time="0.338"/>
  <testcase classname="com.MTSS.Unsubmitted_Intervention_Plans" name="TCED221005" time="13.302"/>
  <testcase classname="com.MTSS.Unsubmitted_Intervention_Plans" name="TCED221006" time="11.340"/>
  <testcase classname="com.MTSS.Unsubmitted_Intervention_Plans" name="TCED221007" time="1.991"/>
  <testcase classname="com.MTSS.Unsubmitted_Intervention_Plans" name="TCED221008" time="2.010"/>
  <testcase classname="com.MTSS.Unsubmitted_Intervention_Plans" name="TCED221009" time="0.693"/>
  <testcase classname="com.MTSS.Unsubmitted_Intervention_Plans" name="TCED221010" time="11.602"/>
</testsuite> <!-- com.MTSS.Unsubmitted_Intervention_Plans -->
