<?xml version="1.0" encoding="UTF-8"?>
<!-- Generated by org.testng.reporters.JUnitReportReporter -->
<testsuite skipped="0" hostname="AKHIL-TS" name="com.MTSS.Mtss_t1_interventions" tests="4" failures="0" timestamp="3 Aug 2018 05:27:34 GMT" time="27.658" errors="0">
  <testcase name="TCED19705" time="0.892" classname="com.MTSS.Mtss_t1_interventions"/>
  <testcase name="window_hand" time="3.674" classname="com.MTSS.Mtss_t1_interventions"/>
  <testcase name="TCED19704" time="19.706" classname="com.MTSS.Mtss_t1_interventions"/>
  <testcase name="TCED19709" time="3.386" classname="com.MTSS.Mtss_t1_interventions"/>
</testsuite> <!-- com.MTSS.Mtss_t1_interventions -->
