<?xml version="1.0" encoding="UTF-8"?>
<!-- Generated by org.testng.reporters.JUnitReportReporter -->
<testsuite skipped="0" hostname="Vofox-Sebastian" name="com.curriculum.Enter_weeks_minutes" tests="4" failures="0" timestamp="24 Sep 2018 11:55:54 GMT" time="54.521" errors="0">
  <testcase name="TCED29401" time="33.238" classname="com.curriculum.Enter_weeks_minutes"/>
  <testcase name="TCED29402" time="0.995" classname="com.curriculum.Enter_weeks_minutes"/>
  <testcase name="TCED29403" time="12.544" classname="com.curriculum.Enter_weeks_minutes"/>
  <testcase name="TCED29404" time="7.744" classname="com.curriculum.Enter_weeks_minutes"/>
</testsuite> <!-- com.curriculum.Enter_weeks_minutes -->
