<?xml version="1.0" encoding="UTF-8"?>
<!-- Generated by org.testng.reporters.JUnitReportReporter -->
<testsuite skipped="15" hostname="Ans-A" name="com.analyzeByScore.StudentAssessmentAdministrationResultsbyTeacher" tests="16" failures="0" timestamp="7 Nov 2018 10:58:53 GMT" time="0.014" errors="1">
  <testcase name="TCED14163" time="0.001" classname="com.analyzeByScore.StudentAssessmentAdministrationResultsbyTeacher">
    <skipped/>
  </testcase> <!-- TCED14163 -->
  <testcase name="TCED14164" time="0.001" classname="com.analyzeByScore.StudentAssessmentAdministrationResultsbyTeacher">
    <skipped/>
  </testcase> <!-- TCED14164 -->
  <testcase name="TCED14153" time="0.001" classname="com.analyzeByScore.StudentAssessmentAdministrationResultsbyTeacher">
    <skipped/>
  </testcase> <!-- TCED14153 -->
  <testcase name="setup1" time="0.000" classname="com.analyzeByScore.StudentAssessmentAdministrationResultsbyTeacher">
    <error type="java.lang.IllegalStateException" message="The driver executable does not exist: e:\Jars\geckodriver.exe">
      <![CDATA[java.lang.IllegalStateException: The driver executable does not exist: e:\Jars\geckodriver.exe
	at com.google.common.base.Preconditions.checkState(Preconditions.java:585)
	at org.openqa.selenium.remote.service.DriverService.checkExecutable(DriverService.java:136)
	at org.openqa.selenium.remote.service.DriverService.findExecutable(DriverService.java:131)
	at org.openqa.selenium.firefox.GeckoDriverService.access$100(GeckoDriverService.java:41)
	at org.openqa.selenium.firefox.GeckoDriverService$Builder.findDefaultExecutable(GeckoDriverService.java:141)
	at org.openqa.selenium.remote.service.DriverService$Builder.build(DriverService.java:339)
	at org.openqa.selenium.firefox.FirefoxDriver.toExecutor(FirefoxDriver.java:158)
	at org.openqa.selenium.firefox.FirefoxDriver.<init>(FirefoxDriver.java:120)
	at Library.BaseClassOne.setup1(BaseClassOne.java:120)
	at sun.reflect.NativeMethodAccessorImpl.invoke0(Native Method)
	at sun.reflect.NativeMethodAccessorImpl.invoke(NativeMethodAccessorImpl.java:62)
	at sun.reflect.DelegatingMethodAccessorImpl.invoke(DelegatingMethodAccessorImpl.java:43)
	at java.lang.reflect.Method.invoke(Method.java:498)
	at org.testng.internal.MethodInvocationHelper.invokeMethod(MethodInvocationHelper.java:100)
	at org.testng.internal.Invoker.invokeConfigurationMethod(Invoker.java:515)
	at org.testng.internal.Invoker.invokeConfigurations(Invoker.java:216)
	at org.testng.internal.Invoker.invokeConfigurations(Invoker.java:143)
	at org.testng.TestRunner.beforeRun(TestRunner.java:631)
	at org.testng.TestRunner.run(TestRunner.java:599)
	at org.testng.SuiteRunner.runTest(SuiteRunner.java:368)
	at org.testng.SuiteRunner.runSequentially(SuiteRunner.java:363)
	at org.testng.SuiteRunner.privateRun(SuiteRunner.java:321)
	at org.testng.SuiteRunner.run(SuiteRunner.java:270)
	at org.testng.SuiteRunnerWorker.runSuite(SuiteRunnerWorker.java:52)
	at org.testng.SuiteRunnerWorker.run(SuiteRunnerWorker.java:86)
	at org.testng.TestNG.runSuitesSequentially(TestNG.java:1284)
	at org.testng.TestNG.runSuitesLocally(TestNG.java:1209)
	at org.testng.TestNG.runSuites(TestNG.java:1124)
	at org.testng.TestNG.run(TestNG.java:1096)
	at org.testng.remote.AbstractRemoteTestNG.run(AbstractRemoteTestNG.java:132)
	at org.testng.remote.RemoteTestNG.initAndRun(RemoteTestNG.java:236)
	at org.testng.remote.RemoteTestNG.main(RemoteTestNG.java:81)
]]>
    </error>
  </testcase> <!-- setup1 -->
  <testcase name="TCED14160" time="0.000" classname="com.analyzeByScore.StudentAssessmentAdministrationResultsbyTeacher">
    <skipped/>
  </testcase> <!-- TCED14160 -->
  <testcase name="TCED14165" time="0.001" classname="com.analyzeByScore.StudentAssessmentAdministrationResultsbyTeacher">
    <skipped/>
  </testcase> <!-- TCED14165 -->
  <testcase name="TCED14157" time="0.002" classname="com.analyzeByScore.StudentAssessmentAdministrationResultsbyTeacher">
    <skipped/>
  </testcase> <!-- TCED14157 -->
  <testcase name="TCED14162" time="0.000" classname="com.analyzeByScore.StudentAssessmentAdministrationResultsbyTeacher">
    <skipped/>
  </testcase> <!-- TCED14162 -->
  <testcase name="TCED14151" time="0.002" classname="com.analyzeByScore.StudentAssessmentAdministrationResultsbyTeacher">
    <skipped/>
  </testcase> <!-- TCED14151 -->
  <testcase name="TCED14156" time="0.000" classname="com.analyzeByScore.StudentAssessmentAdministrationResultsbyTeacher">
    <skipped/>
  </testcase> <!-- TCED14156 -->
  <testcase name="TCED14158" time="0.001" classname="com.analyzeByScore.StudentAssessmentAdministrationResultsbyTeacher">
    <skipped/>
  </testcase> <!-- TCED14158 -->
  <testcase name="TCED14152" time="0.002" classname="com.analyzeByScore.StudentAssessmentAdministrationResultsbyTeacher">
    <skipped/>
  </testcase> <!-- TCED14152 -->
  <testcase name="TCED14155" time="0.001" classname="com.analyzeByScore.StudentAssessmentAdministrationResultsbyTeacher">
    <skipped/>
  </testcase> <!-- TCED14155 -->
  <testcase name="TCED14159" time="0.001" classname="com.analyzeByScore.StudentAssessmentAdministrationResultsbyTeacher">
    <skipped/>
  </testcase> <!-- TCED14159 -->
  <testcase name="TCED14154" time="0.000" classname="com.analyzeByScore.StudentAssessmentAdministrationResultsbyTeacher">
    <skipped/>
  </testcase> <!-- TCED14154 -->
  <testcase name="TCED14161" time="0.001" classname="com.analyzeByScore.StudentAssessmentAdministrationResultsbyTeacher">
    <skipped/>
  </testcase> <!-- TCED14161 -->
</testsuite> <!-- com.analyzeByScore.StudentAssessmentAdministrationResultsbyTeacher -->
