<?xml version="1.0" encoding="UTF-8"?>
<!-- Generated by org.testng.reporters.JUnitReportReporter -->
<testsuite skipped="0" hostname="Vofox-Sebastian" name="com.localassessment.Score_Class_Results_Online" tests="10" failures="0" timestamp="18 Oct 2018 07:35:53 GMT" time="29.355" errors="0">
  <testcase name="TCED13021" time="6.282" classname="com.localassessment.Score_Class_Results_Online"/>
  <testcase name="TCED13022" time="5.895" classname="com.localassessment.Score_Class_Results_Online"/>
  <testcase name="TCED13023" time="0.233" classname="com.localassessment.Score_Class_Results_Online"/>
  <testcase name="TCED13024" time="0.780" classname="com.localassessment.Score_Class_Results_Online"/>
  <testcase name="TCED13025" time="0.976" classname="com.localassessment.Score_Class_Results_Online"/>
  <testcase name="TCED13026" time="2.574" classname="com.localassessment.Score_Class_Results_Online"/>
  <testcase name="TCED13027" time="4.006" classname="com.localassessment.Score_Class_Results_Online"/>
  <testcase name="TCED13028" time="3.737" classname="com.localassessment.Score_Class_Results_Online"/>
  <testcase name="TCED13029" time="1.015" classname="com.localassessment.Score_Class_Results_Online"/>
  <testcase name="TCED13030" time="3.857" classname="com.localassessment.Score_Class_Results_Online"/>
</testsuite> <!-- com.localassessment.Score_Class_Results_Online -->
