<?xml version="1.0" encoding="UTF-8"?>
<!-- Generated by org.testng.reporters.JUnitReportReporter -->
<testsuite hostname="QA-Scheduler" failures="0" tests="7" name="com.MTSS.Mass_Change_Person_Responsible" time="38.326" errors="0" timestamp="31 Oct 2018 13:34:11 GMT" skipped="0">
  <testcase classname="com.MTSS.Mass_Change_Person_Responsible" name="TCED21101" time="9.009"/>
  <testcase classname="com.MTSS.Mass_Change_Person_Responsible" name="TCED21102" time="0.127"/>
  <testcase classname="com.MTSS.Mass_Change_Person_Responsible" name="TCED21103" time="1.786"/>
  <testcase classname="com.MTSS.Mass_Change_Person_Responsible" name="TCED21104" time="0.101"/>
  <testcase classname="com.MTSS.Mass_Change_Person_Responsible" name="TCED21105" time="23.893"/>
  <testcase classname="com.MTSS.Mass_Change_Person_Responsible" name="TCED21106" time="2.167"/>
  <testcase classname="com.MTSS.Mass_Change_Person_Responsible" name="TCED21107" time="1.243"/>
</testsuite> <!-- com.MTSS.Mass_Change_Person_Responsible -->
