<?xml version="1.0" encoding="UTF-8"?>
<!-- Generated by org.testng.reporters.JUnitReportReporter -->
<testsuite hostname="QA-Scheduler" failures="0" tests="2" name="com.curriculum.CompletionStatusReport" time="27.513" errors="0" timestamp="31 Oct 2018 13:34:12 GMT" skipped="0">
  <testcase classname="com.curriculum.CompletionStatusReport" name="TCED30404" time="17.807"/>
  <testcase classname="com.curriculum.CompletionStatusReport" name="TCED30405" time="9.706"/>
</testsuite> <!-- com.curriculum.CompletionStatusReport -->
