<?xml version="1.0" encoding="UTF-8"?>
<!-- Generated by org.testng.reporters.JUnitReportReporter -->
<testsuite skipped="0" hostname="QA-Scheduler" name="com.Home.Assessments" tests="16" failures="0" timestamp="06 Dec 2018 11:37:20 GMT" time="78.783" errors="0">
  <testcase name="TCED34201" time="11.339" classname="com.Home.Assessments"/>
  <testcase name="TCED34202" time="0.326" classname="com.Home.Assessments"/>
  <testcase name="TCED34203" time="0.718" classname="com.Home.Assessments"/>
  <testcase name="TCED34204" time="0.160" classname="com.Home.Assessments"/>
  <testcase name="TCED34205" time="11.261" classname="com.Home.Assessments"/>
  <testcase name="TCED34206" time="4.210" classname="com.Home.Assessments"/>
  <testcase name="TCED34207" time="0.203" classname="com.Home.Assessments"/>
  <testcase name="TCED34208" time="1.969" classname="com.Home.Assessments"/>
  <testcase name="TCED34209" time="11.272" classname="com.Home.Assessments"/>
  <testcase name="TCED34210" time="5.380" classname="com.Home.Assessments"/>
  <testcase name="TCED34211" time="0.823" classname="com.Home.Assessments"/>
  <testcase name="TCED34212" time="4.761" classname="com.Home.Assessments"/>
  <testcase name="TCED34213" time="11.273" classname="com.Home.Assessments"/>
  <testcase name="TCED34214" time="3.669" classname="com.Home.Assessments"/>
  <testcase name="TCED34215" time="0.157" classname="com.Home.Assessments"/>
  <testcase name="TCED34216" time="11.262" classname="com.Home.Assessments"/>
</testsuite> <!-- com.Home.Assessments -->
