<?xml version="1.0" encoding="UTF-8"?>
<!-- Generated by org.testng.reporters.JUnitReportReporter -->
<testsuite skipped="0" hostname="QA-Scheduler" name="com.MTSS.Configure_Settings" tests="15" failures="0" timestamp="09 Nov 2018 09:27:37 GMT" time="26.720" errors="0">
  <testcase name="TCED23101" time="6.510" classname="com.MTSS.Configure_Settings"/>
  <testcase name="TCED23102" time="0.624" classname="com.MTSS.Configure_Settings"/>
  <testcase name="TCED23103" time="1.685" classname="com.MTSS.Configure_Settings"/>
  <testcase name="TCED23104" time="1.356" classname="com.MTSS.Configure_Settings"/>
  <testcase name="TCED23105" time="2.092" classname="com.MTSS.Configure_Settings"/>
  <testcase name="TCED23106" time="1.683" classname="com.MTSS.Configure_Settings"/>
  <testcase name="TCED23107" time="1.452" classname="com.MTSS.Configure_Settings"/>
  <testcase name="TCED23108" time="1.486" classname="com.MTSS.Configure_Settings"/>
  <testcase name="TCED23109" time="1.330" classname="com.MTSS.Configure_Settings"/>
  <testcase name="TCED23110" time="1.445" classname="com.MTSS.Configure_Settings"/>
  <testcase name="TCED23112" time="1.254" classname="com.MTSS.Configure_Settings"/>
  <testcase name="TCED23111" time="1.293" classname="com.MTSS.Configure_Settings"/>
  <testcase name="TCED23113" time="1.230" classname="com.MTSS.Configure_Settings"/>
  <testcase name="TCED23114" time="1.766" classname="com.MTSS.Configure_Settings"/>
  <testcase name="TCED23115" time="1.514" classname="com.MTSS.Configure_Settings"/>
</testsuite> <!-- com.MTSS.Configure_Settings -->
