<?xml version="1.0" encoding="UTF-8"?>
<!-- Generated by org.testng.reporters.JUnitReportReporter -->
<testsuite hostname="QA-Scheduler" failures="0" tests="11" name="com.curriculum.Submitted_Lesson_Plans" time="50.430" errors="0" timestamp="31 Oct 2018 13:34:12 GMT" skipped="0">
  <testcase classname="com.curriculum.Submitted_Lesson_Plans" name="TCED27101" time="7.861"/>
  <testcase classname="com.curriculum.Submitted_Lesson_Plans" name="TCED27102" time="0.952"/>
  <testcase classname="com.curriculum.Submitted_Lesson_Plans" name="TCED27103" time="1.015"/>
  <testcase classname="com.curriculum.Submitted_Lesson_Plans" name="TCED27104" time="12.154"/>
  <testcase classname="com.curriculum.Submitted_Lesson_Plans" name="TCED27105" time="12.430"/>
  <testcase classname="com.curriculum.Submitted_Lesson_Plans" name="TCED27106" time="3.249"/>
  <testcase classname="com.curriculum.Submitted_Lesson_Plans" name="TCED27107" time="3.207"/>
  <testcase classname="com.curriculum.Submitted_Lesson_Plans" name="TCED27108" time="3.087"/>
  <testcase classname="com.curriculum.Submitted_Lesson_Plans" name="TCED27109" time="1.460"/>
  <testcase classname="com.curriculum.Submitted_Lesson_Plans" name="TCED27111" time="3.798"/>
  <testcase classname="com.curriculum.Submitted_Lesson_Plans" name="TCED27112" time="1.217"/>
</testsuite> <!-- com.curriculum.Submitted_Lesson_Plans -->
