<?xml version="1.0" encoding="UTF-8"?>
<!-- Generated by org.testng.reporters.JUnitReportReporter -->
<testsuite hostname="QA-Scheduler" failures="0" tests="1" name="com.Home.Schedule" time="18.445" errors="0" timestamp="31 Oct 2018 13:34:12 GMT" skipped="0">
  <testcase classname="com.Home.Schedule" name="TCED34603" time="18.445"/>
</testsuite> <!-- com.Home.Schedule -->
