<?xml version="1.0" encoding="UTF-8"?>
<!-- Generated by org.testng.reporters.JUnitReportReporter -->
<testsuite skipped="0" hostname="QA-Scheduler" name="com.MTSS.Mass_Change_Person_Responsible" tests="7" failures="0" timestamp="06 Nov 2018 12:58:08 GMT" time="37.205" errors="0">
  <testcase name="TCED21101" time="8.305" classname="com.MTSS.Mass_Change_Person_Responsible"/>
  <testcase name="TCED21102" time="0.138" classname="com.MTSS.Mass_Change_Person_Responsible"/>
  <testcase name="TCED21103" time="1.785" classname="com.MTSS.Mass_Change_Person_Responsible"/>
  <testcase name="TCED21104" time="0.095" classname="com.MTSS.Mass_Change_Person_Responsible"/>
  <testcase name="TCED21105" time="23.837" classname="com.MTSS.Mass_Change_Person_Responsible"/>
  <testcase name="TCED21106" time="1.781" classname="com.MTSS.Mass_Change_Person_Responsible"/>
  <testcase name="TCED21107" time="1.264" classname="com.MTSS.Mass_Change_Person_Responsible"/>
</testsuite> <!-- com.MTSS.Mass_Change_Person_Responsible -->
