<?xml version="1.0" encoding="UTF-8"?>
<!-- Generated by org.testng.reporters.JUnitReportReporter -->
<testsuite hostname="QA-Scheduler" failures="0" tests="6" name="com.curriculum.Report_By_Standard" time="37.971" errors="0" timestamp="31 Oct 2018 13:34:12 GMT" skipped="0">
  <testcase classname="com.curriculum.Report_By_Standard" name="TCED26101" time="8.575"/>
  <testcase classname="com.curriculum.Report_By_Standard" name="TCED26102" time="0.803"/>
  <testcase classname="com.curriculum.Report_By_Standard" name="TCED26103" time="1.329"/>
  <testcase classname="com.curriculum.Report_By_Standard" name="TCED26104" time="24.935"/>
  <testcase classname="com.curriculum.Report_By_Standard" name="TCED26105" time="1.399"/>
  <testcase classname="com.curriculum.Report_By_Standard" name="TCED26106" time="0.930"/>
</testsuite> <!-- com.curriculum.Report_By_Standard -->
