<?xml version="1.0" encoding="UTF-8"?>
<!-- Generated by org.testng.reporters.JUnitReportReporter -->
<testsuite hostname="QA-Scheduler" failures="0" tests="3" name="com.curriculum.My_lesson_plans_calendar" time="22.123" errors="0" timestamp="31 Oct 2018 13:34:11 GMT" skipped="0">
  <testcase classname="com.curriculum.My_lesson_plans_calendar" name="TCED24101" time="7.478"/>
  <testcase classname="com.curriculum.My_lesson_plans_calendar" name="TCED24102" time="1.089"/>
  <testcase classname="com.curriculum.My_lesson_plans_calendar" name="TCED24105" time="13.556"/>
</testsuite> <!-- com.curriculum.My_lesson_plans_calendar -->
