<?xml version="1.0" encoding="UTF-8"?>
<!-- Generated by org.testng.reporters.JUnitReportReporter -->
<testsuite hostname="QA-Scheduler" failures="0" tests="5" name="com.curriculum.View_Print" time="82.551" errors="0" timestamp="31 Oct 2018 13:34:12 GMT" skipped="0">
  <testcase classname="com.curriculum.View_Print" name="TCED29601" time="14.798"/>
  <testcase classname="com.curriculum.View_Print" name="TCED29602" time="13.489"/>
  <testcase classname="com.curriculum.View_Print" name="TCED29603" time="15.037"/>
  <testcase classname="com.curriculum.View_Print" name="TCED29604" time="15.279"/>
  <testcase classname="com.curriculum.View_Print" name="TCED29605" time="23.948"/>
</testsuite> <!-- com.curriculum.View_Print -->
