<?xml version="1.0" encoding="UTF-8"?>
<!-- Generated by org.testng.reporters.JUnitReportReporter -->
<testsuite hostname="QA-Scheduler" failures="0" tests="9" name="com.administerAssessment.Create_New_Administration" time="87.145" errors="0" timestamp="31 Oct 2018 13:34:12 GMT" skipped="0">
  <testcase classname="com.administerAssessment.Create_New_Administration" name="TCED11001" time="5.547"/>
  <testcase classname="com.administerAssessment.Create_New_Administration" name="TCED11002" time="4.035"/>
  <testcase classname="com.administerAssessment.Create_New_Administration" name="TCED11003" time="1.290"/>
  <testcase classname="com.administerAssessment.Create_New_Administration" name="TCED11004" time="0.546"/>
  <testcase classname="com.administerAssessment.Create_New_Administration" name="TCED11005" time="1.264"/>
  <testcase classname="com.administerAssessment.Create_New_Administration" name="TCED11006" time="0.314"/>
  <testcase classname="com.administerAssessment.Create_New_Administration" name="TCED11007" time="2.548"/>
  <testcase classname="com.administerAssessment.Create_New_Administration" name="TCED11008" time="68.349"/>
  <testcase classname="com.administerAssessment.Create_New_Administration" name="TCED11009" time="3.252"/>
</testsuite> <!-- com.administerAssessment.Create_New_Administration -->
