<?xml version="1.0" encoding="UTF-8"?>
<!-- Generated by org.testng.reporters.JUnitReportReporter -->
<testsuite skipped="0" hostname="QA-Scheduler" name="com.MTSS.Unsubmitted_Intervention_Plans" tests="10" failures="0" timestamp="02 Nov 2018 10:54:33 GMT" time="48.981" errors="0">
  <testcase name="TCED221001" time="7.336" classname="com.MTSS.Unsubmitted_Intervention_Plans"/>
  <testcase name="TCED221002" time="0.025" classname="com.MTSS.Unsubmitted_Intervention_Plans"/>
  <testcase name="TCED221003" time="0.754" classname="com.MTSS.Unsubmitted_Intervention_Plans"/>
  <testcase name="TCED221004" time="0.322" classname="com.MTSS.Unsubmitted_Intervention_Plans"/>
  <testcase name="TCED221005" time="13.301" classname="com.MTSS.Unsubmitted_Intervention_Plans"/>
  <testcase name="TCED221006" time="11.301" classname="com.MTSS.Unsubmitted_Intervention_Plans"/>
  <testcase name="TCED221007" time="1.914" classname="com.MTSS.Unsubmitted_Intervention_Plans"/>
  <testcase name="TCED221008" time="1.910" classname="com.MTSS.Unsubmitted_Intervention_Plans"/>
  <testcase name="TCED221009" time="0.604" classname="com.MTSS.Unsubmitted_Intervention_Plans"/>
  <testcase name="TCED221010" time="11.514" classname="com.MTSS.Unsubmitted_Intervention_Plans"/>
</testsuite> <!-- com.MTSS.Unsubmitted_Intervention_Plans -->
