<?xml version="1.0" encoding="UTF-8"?>
<!-- Generated by org.testng.reporters.JUnitReportReporter -->
<testsuite skipped="0" hostname="QA-Scheduler" name="com.curriculum.Report_By_Standard" tests="6" failures="0" timestamp="27 Nov 2018 10:38:23 GMT" time="37.991" errors="0">
  <testcase name="TCED26101" time="8.648" classname="com.curriculum.Report_By_Standard"/>
  <testcase name="TCED26102" time="0.725" classname="com.curriculum.Report_By_Standard"/>
  <testcase name="TCED26103" time="1.233" classname="com.curriculum.Report_By_Standard"/>
  <testcase name="TCED26104" time="24.986" classname="com.curriculum.Report_By_Standard"/>
  <testcase name="TCED26105" time="1.429" classname="com.curriculum.Report_By_Standard"/>
  <testcase name="TCED26106" time="0.970" classname="com.curriculum.Report_By_Standard"/>
</testsuite> <!-- com.curriculum.Report_By_Standard -->
