<?xml version="1.0" encoding="UTF-8"?>
<!-- Generated by org.testng.reporters.JUnitReportReporter -->
<testsuite hostname="QA-Scheduler" failures="0" tests="5" name="com.curriculum.Batch_Print" time="36.716" errors="0" timestamp="31 Oct 2018 13:34:12 GMT" skipped="0">
  <testcase classname="com.curriculum.Batch_Print" name="TCED28101" time="7.604"/>
  <testcase classname="com.curriculum.Batch_Print" name="TCED28102" time="0.808"/>
  <testcase classname="com.curriculum.Batch_Print" name="TCED28103" time="4.524"/>
  <testcase classname="com.curriculum.Batch_Print" name="TCED28104" time="23.423"/>
  <testcase classname="com.curriculum.Batch_Print" name="TCED28105" time="0.357"/>
</testsuite> <!-- com.curriculum.Batch_Print -->
