<?xml version="1.0" encoding="UTF-8"?>
<!-- Generated by org.testng.reporters.JUnitReportReporter -->
<testsuite skipped="0" hostname="QA-Scheduler" name="com.curriculum.Print_Lessons" tests="28" failures="0" timestamp="06 Dec 2018 10:31:47 GMT" time="174.610" errors="0">
  <testcase name="TCED25101" time="8.489" classname="com.curriculum.Print_Lessons"/>
  <testcase name="TCED25102" time="1.488" classname="com.curriculum.Print_Lessons"/>
  <testcase name="TCED25103" time="1.415" classname="com.curriculum.Print_Lessons"/>
  <testcase name="TCED25104" time="12.696" classname="com.curriculum.Print_Lessons"/>
  <testcase name="TCED25105" time="12.663" classname="com.curriculum.Print_Lessons"/>
  <testcase name="TCED25106" time="2.071" classname="com.curriculum.Print_Lessons"/>
  <testcase name="TCED25107" time="2.035" classname="com.curriculum.Print_Lessons"/>
  <testcase name="TCED25108" time="1.352" classname="com.curriculum.Print_Lessons"/>
  <testcase name="TCED25109" time="1.399" classname="com.curriculum.Print_Lessons"/>
  <testcase name="TCED25110" time="12.539" classname="com.curriculum.Print_Lessons"/>
  <testcase name="TCED25111" time="12.693" classname="com.curriculum.Print_Lessons"/>
  <testcase name="TCED25112" time="2.067" classname="com.curriculum.Print_Lessons"/>
  <testcase name="TCED25113" time="1.382" classname="com.curriculum.Print_Lessons"/>
  <testcase name="TCED25114" time="1.342" classname="com.curriculum.Print_Lessons"/>
  <testcase name="TCED25115" time="12.514" classname="com.curriculum.Print_Lessons"/>
  <testcase name="TCED25116" time="12.630" classname="com.curriculum.Print_Lessons"/>
  <testcase name="TCED25117" time="2.086" classname="com.curriculum.Print_Lessons"/>
  <testcase name="TCED25118" time="1.357" classname="com.curriculum.Print_Lessons"/>
  <testcase name="TCED25119" time="1.407" classname="com.curriculum.Print_Lessons"/>
  <testcase name="TCED25120" time="12.494" classname="com.curriculum.Print_Lessons"/>
  <testcase name="TCED25121" time="12.805" classname="com.curriculum.Print_Lessons"/>
  <testcase name="TCED25122" time="2.178" classname="com.curriculum.Print_Lessons"/>
  <testcase name="TCED25123" time="1.314" classname="com.curriculum.Print_Lessons"/>
  <testcase name="TCED25124" time="1.389" classname="com.curriculum.Print_Lessons"/>
  <testcase name="TCED25125" time="18.631" classname="com.curriculum.Print_Lessons"/>
  <testcase name="TCED25126" time="18.685" classname="com.curriculum.Print_Lessons"/>
  <testcase name="TCED25127" time="2.234" classname="com.curriculum.Print_Lessons"/>
  <testcase name="TCED27128" time="1.255" classname="com.curriculum.Print_Lessons"/>
</testsuite> <!-- com.curriculum.Print_Lessons -->
