<?xml version="1.0" encoding="UTF-8"?>
<!-- Generated by org.testng.reporters.JUnitReportReporter -->
<testsuite hostname="QA-Scheduler" failures="0" tests="10" name="com.MTSS.Unsubmitted_Intervention_Plans" time="49.448" errors="0" timestamp="31 Oct 2018 13:34:12 GMT" skipped="0">
  <testcase classname="com.MTSS.Unsubmitted_Intervention_Plans" name="TCED221001" time="7.252"/>
  <testcase classname="com.MTSS.Unsubmitted_Intervention_Plans" name="TCED221002" time="0.031"/>
  <testcase classname="com.MTSS.Unsubmitted_Intervention_Plans" name="TCED221003" time="0.890"/>
  <testcase classname="com.MTSS.Unsubmitted_Intervention_Plans" name="TCED221004" time="0.295"/>
  <testcase classname="com.MTSS.Unsubmitted_Intervention_Plans" name="TCED221005" time="13.267"/>
  <testcase classname="com.MTSS.Unsubmitted_Intervention_Plans" name="TCED221006" time="11.330"/>
  <testcase classname="com.MTSS.Unsubmitted_Intervention_Plans" name="TCED221007" time="2.054"/>
  <testcase classname="com.MTSS.Unsubmitted_Intervention_Plans" name="TCED221008" time="2.053"/>
  <testcase classname="com.MTSS.Unsubmitted_Intervention_Plans" name="TCED221009" time="0.688"/>
  <testcase classname="com.MTSS.Unsubmitted_Intervention_Plans" name="TCED221010" time="11.588"/>
</testsuite> <!-- com.MTSS.Unsubmitted_Intervention_Plans -->
