<?xml version="1.0" encoding="UTF-8"?>
<!-- Generated by org.testng.reporters.JUnitReportReporter -->
<testsuite skipped="0" hostname="QA-Scheduler" name="com.Local_Assessment_Score_Results.Test_Suite_Print_Login_Codes" tests="10" failures="0" timestamp="05 Nov 2018 08:39:10 GMT" time="97.028" errors="0">
  <testcase name="TCED13301" time="5.553" classname="com.Local_Assessment_Score_Results.Test_Suite_Print_Login_Codes"/>
  <testcase name="TCED13302" time="3.703" classname="com.Local_Assessment_Score_Results.Test_Suite_Print_Login_Codes"/>
  <testcase name="TCED13303" time="0.294" classname="com.Local_Assessment_Score_Results.Test_Suite_Print_Login_Codes"/>
  <testcase name="TCED13304" time="1.783" classname="com.Local_Assessment_Score_Results.Test_Suite_Print_Login_Codes"/>
  <testcase name="TCED13305" time="3.642" classname="com.Local_Assessment_Score_Results.Test_Suite_Print_Login_Codes"/>
  <testcase name="TCED13306" time="22.877" classname="com.Local_Assessment_Score_Results.Test_Suite_Print_Login_Codes"/>
  <testcase name="TCED13307" time="22.927" classname="com.Local_Assessment_Score_Results.Test_Suite_Print_Login_Codes"/>
  <testcase name="TCED13308" time="23.196" classname="com.Local_Assessment_Score_Results.Test_Suite_Print_Login_Codes"/>
  <testcase name="TCED13309" time="12.007" classname="com.Local_Assessment_Score_Results.Test_Suite_Print_Login_Codes"/>
  <testcase name="TCED13310" time="1.046" classname="com.Local_Assessment_Score_Results.Test_Suite_Print_Login_Codes"/>
</testsuite> <!-- com.Local_Assessment_Score_Results.Test_Suite_Print_Login_Codes -->
