<?xml version="1.0" encoding="UTF-8"?>
<!-- Generated by org.testng.reporters.JUnitReportReporter -->
<testsuite skipped="0" hostname="QA-Scheduler" name="com.Home.Teacher_Course_Section_Curriculum_Maps" tests="6" failures="0" timestamp="05 Dec 2018 10:50:10 GMT" time="38.797" errors="0">
  <testcase name="TCED35701" time="12.932" classname="com.Home.Teacher_Course_Section_Curriculum_Maps"/>
  <testcase name="TCED35702" time="0.136" classname="com.Home.Teacher_Course_Section_Curriculum_Maps"/>
  <testcase name="TCED35703" time="1.459" classname="com.Home.Teacher_Course_Section_Curriculum_Maps"/>
  <testcase name="TCED35704" time="0.656" classname="com.Home.Teacher_Course_Section_Curriculum_Maps"/>
  <testcase name="TCED35705" time="11.551" classname="com.Home.Teacher_Course_Section_Curriculum_Maps"/>
  <testcase name="TCED35706" time="12.063" classname="com.Home.Teacher_Course_Section_Curriculum_Maps"/>
</testsuite> <!-- com.Home.Teacher_Course_Section_Curriculum_Maps -->
