<?xml version="1.0" encoding="UTF-8"?>
<!-- Generated by org.testng.reporters.JUnitReportReporter -->
<testsuite skipped="0" hostname="QA-Scheduler" name="com.curriculum.Report_By_Standard" tests="6" failures="0" timestamp="29 Nov 2018 10:25:47 GMT" time="37.922" errors="0">
  <testcase name="TCED26101" time="8.725" classname="com.curriculum.Report_By_Standard"/>
  <testcase name="TCED26102" time="0.742" classname="com.curriculum.Report_By_Standard"/>
  <testcase name="TCED26103" time="1.416" classname="com.curriculum.Report_By_Standard"/>
  <testcase name="TCED26104" time="24.971" classname="com.curriculum.Report_By_Standard"/>
  <testcase name="TCED26105" time="1.244" classname="com.curriculum.Report_By_Standard"/>
  <testcase name="TCED26106" time="0.824" classname="com.curriculum.Report_By_Standard"/>
</testsuite> <!-- com.curriculum.Report_By_Standard -->
