<?xml version="1.0" encoding="UTF-8"?>
<!-- Generated by org.testng.reporters.JUnitReportReporter -->
<testsuite skipped="0" hostname="QA-Scheduler" name="com.curriculum.Print_Lessons" tests="28" failures="0" timestamp="22 Nov 2018 10:42:41 GMT" time="172.725" errors="0">
  <testcase name="TCED25101" time="7.824" classname="com.curriculum.Print_Lessons"/>
  <testcase name="TCED25102" time="1.455" classname="com.curriculum.Print_Lessons"/>
  <testcase name="TCED25103" time="1.336" classname="com.curriculum.Print_Lessons"/>
  <testcase name="TCED25104" time="12.688" classname="com.curriculum.Print_Lessons"/>
  <testcase name="TCED25105" time="12.525" classname="com.curriculum.Print_Lessons"/>
  <testcase name="TCED25106" time="2.086" classname="com.curriculum.Print_Lessons"/>
  <testcase name="TCED25107" time="2.085" classname="com.curriculum.Print_Lessons"/>
  <testcase name="TCED25108" time="1.299" classname="com.curriculum.Print_Lessons"/>
  <testcase name="TCED25109" time="1.317" classname="com.curriculum.Print_Lessons"/>
  <testcase name="TCED25110" time="12.607" classname="com.curriculum.Print_Lessons"/>
  <testcase name="TCED25111" time="12.545" classname="com.curriculum.Print_Lessons"/>
  <testcase name="TCED25112" time="2.064" classname="com.curriculum.Print_Lessons"/>
  <testcase name="TCED25113" time="1.355" classname="com.curriculum.Print_Lessons"/>
  <testcase name="TCED25114" time="1.292" classname="com.curriculum.Print_Lessons"/>
  <testcase name="TCED25115" time="12.517" classname="com.curriculum.Print_Lessons"/>
  <testcase name="TCED25116" time="12.824" classname="com.curriculum.Print_Lessons"/>
  <testcase name="TCED25117" time="1.995" classname="com.curriculum.Print_Lessons"/>
  <testcase name="TCED25118" time="1.304" classname="com.curriculum.Print_Lessons"/>
  <testcase name="TCED25119" time="1.252" classname="com.curriculum.Print_Lessons"/>
  <testcase name="TCED25120" time="12.515" classname="com.curriculum.Print_Lessons"/>
  <testcase name="TCED25121" time="12.578" classname="com.curriculum.Print_Lessons"/>
  <testcase name="TCED25122" time="2.076" classname="com.curriculum.Print_Lessons"/>
  <testcase name="TCED25123" time="1.295" classname="com.curriculum.Print_Lessons"/>
  <testcase name="TCED25124" time="1.260" classname="com.curriculum.Print_Lessons"/>
  <testcase name="TCED25125" time="18.533" classname="com.curriculum.Print_Lessons"/>
  <testcase name="TCED25126" time="18.675" classname="com.curriculum.Print_Lessons"/>
  <testcase name="TCED25127" time="2.217" classname="com.curriculum.Print_Lessons"/>
  <testcase name="TCED27128" time="1.206" classname="com.curriculum.Print_Lessons"/>
</testsuite> <!-- com.curriculum.Print_Lessons -->
