<?xml version="1.0" encoding="UTF-8"?>
<!-- Generated by org.testng.reporters.JUnitReportReporter -->
<testsuite skipped="0" hostname="QA-Scheduler" name="com.MTSS.MTSS_Tier_Intervention_Menu" tests="5" failures="0" timestamp="23 Nov 2018 10:46:11 GMT" time="12.428" errors="0">
  <testcase name="TCED19101" time="7.174" classname="com.MTSS.MTSS_Tier_Intervention_Menu"/>
  <testcase name="TCED19102" time="0.853" classname="com.MTSS.MTSS_Tier_Intervention_Menu"/>
  <testcase name="TCED19103" time="1.647" classname="com.MTSS.MTSS_Tier_Intervention_Menu"/>
  <testcase name="TCED19104" time="1.345" classname="com.MTSS.MTSS_Tier_Intervention_Menu"/>
  <testcase name="TCED19105" time="1.409" classname="com.MTSS.MTSS_Tier_Intervention_Menu"/>
</testsuite> <!-- com.MTSS.MTSS_Tier_Intervention_Menu -->
