<?xml version="1.0" encoding="UTF-8"?>
<!-- Generated by org.testng.reporters.JUnitReportReporter -->
<testsuite hostname="QA-Scheduler" failures="0" tests="3" name="com.MTSS.TierHistoryReport" time="36.002" errors="0" timestamp="31 Oct 2018 13:34:11 GMT" skipped="0">
  <testcase classname="com.MTSS.TierHistoryReport" name="TCED22706" time="17.361"/>
  <testcase classname="com.MTSS.TierHistoryReport" name="TCED22707" time="9.340"/>
  <testcase classname="com.MTSS.TierHistoryReport" name="TCED22711" time="9.301"/>
</testsuite> <!-- com.MTSS.TierHistoryReport -->
