<?xml version="1.0" encoding="UTF-8"?>
<!-- Generated by org.testng.reporters.JUnitReportReporter -->
<testsuite hostname="QA-Scheduler" failures="0" tests="1" name="com.Home.Contacts" time="18.752" errors="0" timestamp="31 Oct 2018 13:34:12 GMT" skipped="0">
  <testcase classname="com.Home.Contacts" name="TCED34103" time="18.752"/>
</testsuite> <!-- com.Home.Contacts -->
