<?xml version="1.0" encoding="UTF-8"?>
<!-- Generated by org.testng.reporters.JUnitReportReporter -->
<testsuite hostname="QA-Scheduler" failures="0" tests="4" name="com.MTSS.Track_Student_Interventions" time="11.717" errors="0" timestamp="31 Oct 2018 13:34:12 GMT" skipped="0">
  <testcase classname="com.MTSS.Track_Student_Interventions" name="TCED19601" time="7.799"/>
  <testcase classname="com.MTSS.Track_Student_Interventions" name="TCED19602" time="0.143"/>
  <testcase classname="com.MTSS.Track_Student_Interventions" name="TCED19603" time="1.741"/>
  <testcase classname="com.MTSS.Track_Student_Interventions" name="TCED19604" time="2.034"/>
</testsuite> <!-- com.MTSS.Track_Student_Interventions -->
