<?xml version="1.0" encoding="UTF-8"?>
<!-- Generated by org.testng.reporters.JUnitReportReporter -->
<testsuite hostname="QA-Scheduler" failures="0" tests="15" name="com.MTSS.Configure_Settings" time="30.925" errors="0" timestamp="31 Oct 2018 13:34:12 GMT" skipped="0">
  <testcase classname="com.MTSS.Configure_Settings" name="TCED23101" time="7.389"/>
  <testcase classname="com.MTSS.Configure_Settings" name="TCED23102" time="0.558"/>
  <testcase classname="com.MTSS.Configure_Settings" name="TCED23103" time="4.311"/>
  <testcase classname="com.MTSS.Configure_Settings" name="TCED23104" time="1.624"/>
  <testcase classname="com.MTSS.Configure_Settings" name="TCED23105" time="1.951"/>
  <testcase classname="com.MTSS.Configure_Settings" name="TCED23106" time="1.588"/>
  <testcase classname="com.MTSS.Configure_Settings" name="TCED23107" time="1.695"/>
  <testcase classname="com.MTSS.Configure_Settings" name="TCED23108" time="1.600"/>
  <testcase classname="com.MTSS.Configure_Settings" name="TCED23109" time="1.480"/>
  <testcase classname="com.MTSS.Configure_Settings" name="TCED23110" time="1.415"/>
  <testcase classname="com.MTSS.Configure_Settings" name="TCED23112" time="1.302"/>
  <testcase classname="com.MTSS.Configure_Settings" name="TCED23111" time="1.341"/>
  <testcase classname="com.MTSS.Configure_Settings" name="TCED23113" time="1.324"/>
  <testcase classname="com.MTSS.Configure_Settings" name="TCED23114" time="1.670"/>
  <testcase classname="com.MTSS.Configure_Settings" name="TCED23115" time="1.677"/>
</testsuite> <!-- com.MTSS.Configure_Settings -->
