<?xml version="1.0" encoding="UTF-8"?>
<!-- Generated by org.testng.reporters.JUnitReportReporter -->
<testsuite hostname="QA-Scheduler" failures="0" tests="16" name="com.Home.Assessments" time="79.085" errors="0" timestamp="31 Oct 2018 13:34:12 GMT" skipped="0">
  <testcase classname="com.Home.Assessments" name="TCED34201" time="11.149"/>
  <testcase classname="com.Home.Assessments" name="TCED34202" time="0.266"/>
  <testcase classname="com.Home.Assessments" name="TCED34203" time="0.842"/>
  <testcase classname="com.Home.Assessments" name="TCED34204" time="0.139"/>
  <testcase classname="com.Home.Assessments" name="TCED34205" time="11.266"/>
  <testcase classname="com.Home.Assessments" name="TCED34206" time="4.491"/>
  <testcase classname="com.Home.Assessments" name="TCED34207" time="0.203"/>
  <testcase classname="com.Home.Assessments" name="TCED34208" time="2.163"/>
  <testcase classname="com.Home.Assessments" name="TCED34209" time="11.320"/>
  <testcase classname="com.Home.Assessments" name="TCED34210" time="4.871"/>
  <testcase classname="com.Home.Assessments" name="TCED34211" time="0.858"/>
  <testcase classname="com.Home.Assessments" name="TCED34212" time="4.836"/>
  <testcase classname="com.Home.Assessments" name="TCED34213" time="11.279"/>
  <testcase classname="com.Home.Assessments" name="TCED34214" time="3.946"/>
  <testcase classname="com.Home.Assessments" name="TCED34215" time="0.172"/>
  <testcase classname="com.Home.Assessments" name="TCED34216" time="11.284"/>
</testsuite> <!-- com.Home.Assessments -->
