<?xml version="1.0" encoding="UTF-8"?>
<!-- Generated by org.testng.reporters.JUnitReportReporter -->
<testsuite hostname="QA-Scheduler" failures="0" tests="1" name="com.curriculum.Browse_By_Standard" time="28.105" errors="0" timestamp="31 Oct 2018 13:34:12 GMT" skipped="0">
  <testcase classname="com.curriculum.Browse_By_Standard" name="TCED30104" time="28.105"/>
</testsuite> <!-- com.curriculum.Browse_By_Standard -->
