<?xml version="1.0" encoding="UTF-8"?>
<!-- Generated by org.testng.reporters.JUnitReportReporter -->
<testsuite skipped="0" hostname="QA-Scheduler" name="com.localassessment.Score_Class_Results_Online" tests="10" failures="0" timestamp="03 Dec 2018 10:33:58 GMT" time="24.170" errors="0">
  <testcase name="TCED13021" time="5.224" classname="com.localassessment.Score_Class_Results_Online"/>
  <testcase name="TCED13022" time="5.327" classname="com.localassessment.Score_Class_Results_Online"/>
  <testcase name="TCED13023" time="0.158" classname="com.localassessment.Score_Class_Results_Online"/>
  <testcase name="TCED13024" time="0.604" classname="com.localassessment.Score_Class_Results_Online"/>
  <testcase name="TCED13025" time="0.844" classname="com.localassessment.Score_Class_Results_Online"/>
  <testcase name="TCED13026" time="2.109" classname="com.localassessment.Score_Class_Results_Online"/>
  <testcase name="TCED13027" time="3.311" classname="com.localassessment.Score_Class_Results_Online"/>
  <testcase name="TCED13028" time="2.344" classname="com.localassessment.Score_Class_Results_Online"/>
  <testcase name="TCED13029" time="0.703" classname="com.localassessment.Score_Class_Results_Online"/>
  <testcase name="TCED13030" time="3.546" classname="com.localassessment.Score_Class_Results_Online"/>
</testsuite> <!-- com.localassessment.Score_Class_Results_Online -->
