<?xml version="1.0" encoding="UTF-8"?>
<!-- Generated by org.testng.reporters.JUnitReportReporter -->
<testsuite hostname="QA-Scheduler" failures="0" tests="10" name="com.Local_Assessment_Score_Results.Test_Suite_Print_Login_Codes" time="98.787" errors="0" timestamp="31 Oct 2018 13:34:12 GMT" skipped="0">
  <testcase classname="com.Local_Assessment_Score_Results.Test_Suite_Print_Login_Codes" name="TCED13301" time="5.939"/>
  <testcase classname="com.Local_Assessment_Score_Results.Test_Suite_Print_Login_Codes" name="TCED13302" time="3.593"/>
  <testcase classname="com.Local_Assessment_Score_Results.Test_Suite_Print_Login_Codes" name="TCED13303" time="0.309"/>
  <testcase classname="com.Local_Assessment_Score_Results.Test_Suite_Print_Login_Codes" name="TCED13304" time="2.203"/>
  <testcase classname="com.Local_Assessment_Score_Results.Test_Suite_Print_Login_Codes" name="TCED13305" time="4.215"/>
  <testcase classname="com.Local_Assessment_Score_Results.Test_Suite_Print_Login_Codes" name="TCED13306" time="22.942"/>
  <testcase classname="com.Local_Assessment_Score_Results.Test_Suite_Print_Login_Codes" name="TCED13307" time="22.960"/>
  <testcase classname="com.Local_Assessment_Score_Results.Test_Suite_Print_Login_Codes" name="TCED13308" time="23.244"/>
  <testcase classname="com.Local_Assessment_Score_Results.Test_Suite_Print_Login_Codes" name="TCED13309" time="12.284"/>
  <testcase classname="com.Local_Assessment_Score_Results.Test_Suite_Print_Login_Codes" name="TCED13310" time="1.098"/>
</testsuite> <!-- com.Local_Assessment_Score_Results.Test_Suite_Print_Login_Codes -->
