<?xml version="1.0" encoding="UTF-8"?>
<!-- Generated by org.testng.reporters.JUnitReportReporter -->
<testsuite skipped="0" hostname="QA-Scheduler" name="com.MTSS.MTSS_Tier_Intervention_Menu" tests="5" failures="0" timestamp="16 Nov 2018 10:27:56 GMT" time="12.681" errors="0">
  <testcase name="TCED19101" time="7.127" classname="com.MTSS.MTSS_Tier_Intervention_Menu"/>
  <testcase name="TCED19102" time="0.735" classname="com.MTSS.MTSS_Tier_Intervention_Menu"/>
  <testcase name="TCED19103" time="1.731" classname="com.MTSS.MTSS_Tier_Intervention_Menu"/>
  <testcase name="TCED19104" time="1.578" classname="com.MTSS.MTSS_Tier_Intervention_Menu"/>
  <testcase name="TCED19105" time="1.510" classname="com.MTSS.MTSS_Tier_Intervention_Menu"/>
</testsuite> <!-- com.MTSS.MTSS_Tier_Intervention_Menu -->
