<?xml version="1.0" encoding="UTF-8"?>
<!-- Generated by org.testng.reporters.JUnitReportReporter -->
<testsuite skipped="0" hostname="QA-Scheduler" name="com.analyzeByScore.ItemAnalysisbyQuestion" tests="24" failures="2" timestamp="28 Nov 2018 12:07:24 GMT" time="340.072" errors="0">
  <testcase name="TCED14081" time="10.429" classname="com.analyzeByScore.ItemAnalysisbyQuestion"/>
  <testcase name="TCED14082" time="0.142" classname="com.analyzeByScore.ItemAnalysisbyQuestion"/>
  <testcase name="TCED14083" time="0.812" classname="com.analyzeByScore.ItemAnalysisbyQuestion"/>
  <testcase name="TCED14084" time="0.861" classname="com.analyzeByScore.ItemAnalysisbyQuestion"/>
  <testcase name="TCED14085" time="5.196" classname="com.analyzeByScore.ItemAnalysisbyQuestion"/>
  <testcase name="TCED14086" time="5.093" classname="com.analyzeByScore.ItemAnalysisbyQuestion"/>
  <testcase name="TCED14087" time="5.305" classname="com.analyzeByScore.ItemAnalysisbyQuestion"/>
  <testcase name="TCED14088" time="5.397" classname="com.analyzeByScore.ItemAnalysisbyQuestion"/>
  <testcase name="TCED14089" time="8.884" classname="com.analyzeByScore.ItemAnalysisbyQuestion"/>
  <testcase name="TCED14090" time="20.226" classname="com.analyzeByScore.ItemAnalysisbyQuestion">
    <failure type="java.lang.AssertionError" message="Timeout during waiting for element: &#039;//a[contains(text(),&#039;5&#039;)]&#039;">
      <![CDATA[java.lang.AssertionError: Timeout during waiting for element: '//a[contains(text(),'5')]'
at Library.BaseClassOne.waitFor(BaseClassOne.java:278)
at Library.BaseClassOne.click(BaseClassOne.java:190)
at com.analyzeByScore.ItemAnalysisbyQuestion.TCED14090(ItemAnalysisbyQuestion.java:234)
at sun.reflect.NativeMethodAccessorImpl.invoke0(Native Method)
at sun.reflect.NativeMethodAccessorImpl.invoke(NativeMethodAccessorImpl.java:62)
at sun.reflect.DelegatingMethodAccessorImpl.invoke(DelegatingMethodAccessorImpl.java:43)
at java.lang.reflect.Method.invoke(Method.java:498)
at org.testng.internal.MethodInvocationHelper.invokeMethod(MethodInvocationHelper.java:124)
at org.testng.internal.Invoker.invokeMethod(Invoker.java:580)
at org.testng.internal.Invoker.invokeTestMethod(Invoker.java:716)
at org.testng.internal.Invoker.invokeTestMethods(Invoker.java:988)
at org.testng.internal.TestMethodWorker.invokeTestMethods(TestMethodWorker.java:125)
at org.testng.internal.TestMethodWorker.run(TestMethodWorker.java:109)
at org.testng.TestRunner.privateRun(TestRunner.java:648)
at org.testng.TestRunner.run(TestRunner.java:505)
at org.testng.SuiteRunner.runTest(SuiteRunner.java:455)
at org.testng.SuiteRunner.runSequentially(SuiteRunner.java:450)
at org.testng.SuiteRunner.privateRun(SuiteRunner.java:415)
at org.testng.SuiteRunner.run(SuiteRunner.java:364)
at org.testng.SuiteRunnerWorker.runSuite(SuiteRunnerWorker.java:52)
at org.testng.SuiteRunnerWorker.run(SuiteRunnerWorker.java:84)
at org.testng.TestNG.runSuitesSequentially(TestNG.java:1208)
at org.testng.TestNG.runSuitesLocally(TestNG.java:1137)
at org.testng.TestNG.runSuites(TestNG.java:1049)
at org.testng.TestNG.run(TestNG.java:1017)
at org.apache.maven.surefire.testng.TestNGExecutor.run(TestNGExecutor.java:295)
at org.apache.maven.surefire.testng.TestNGXmlTestSuite.execute(TestNGXmlTestSuite.java:84)
at org.apache.maven.surefire.testng.TestNGProvider.invoke(TestNGProvider.java:90)
at org.apache.maven.surefire.booter.ForkedBooter.invokeProviderInSameClassLoader(ForkedBooter.java:203)
at org.apache.maven.surefire.booter.ForkedBooter.runSuitesInProcess(ForkedBooter.java:155)
at org.apache.maven.surefire.booter.ForkedBooter.main(ForkedBooter.java:103)
]]>
    </failure>
  </testcase> <!-- TCED14090 -->
  <testcase name="TCED14091" time="28.587" classname="com.analyzeByScore.ItemAnalysisbyQuestion">
    <failure type="java.lang.AssertionError" message="Timeout during waiting for element: &#039;//a[contains(text(),&#039;5&#039;)]&#039;">
      <![CDATA[java.lang.AssertionError: Timeout during waiting for element: '//a[contains(text(),'5')]'
at Library.BaseClassOne.waitFor(BaseClassOne.java:278)
at Library.BaseClassOne.click(BaseClassOne.java:190)
at com.analyzeByScore.ItemAnalysisbyQuestion.TCED14091(ItemAnalysisbyQuestion.java:263)
at sun.reflect.NativeMethodAccessorImpl.invoke0(Native Method)
at sun.reflect.NativeMethodAccessorImpl.invoke(NativeMethodAccessorImpl.java:62)
at sun.reflect.DelegatingMethodAccessorImpl.invoke(DelegatingMethodAccessorImpl.java:43)
at java.lang.reflect.Method.invoke(Method.java:498)
at org.testng.internal.MethodInvocationHelper.invokeMethod(MethodInvocationHelper.java:124)
at org.testng.internal.Invoker.invokeMethod(Invoker.java:580)
at org.testng.internal.Invoker.invokeTestMethod(Invoker.java:716)
at org.testng.internal.Invoker.invokeTestMethods(Invoker.java:988)
at org.testng.internal.TestMethodWorker.invokeTestMethods(TestMethodWorker.java:125)
at org.testng.internal.TestMethodWorker.run(TestMethodWorker.java:109)
at org.testng.TestRunner.privateRun(TestRunner.java:648)
at org.testng.TestRunner.run(TestRunner.java:505)
at org.testng.SuiteRunner.runTest(SuiteRunner.java:455)
at org.testng.SuiteRunner.runSequentially(SuiteRunner.java:450)
at org.testng.SuiteRunner.privateRun(SuiteRunner.java:415)
at org.testng.SuiteRunner.run(SuiteRunner.java:364)
at org.testng.SuiteRunnerWorker.runSuite(SuiteRunnerWorker.java:52)
at org.testng.SuiteRunnerWorker.run(SuiteRunnerWorker.java:84)
at org.testng.TestNG.runSuitesSequentially(TestNG.java:1208)
at org.testng.TestNG.runSuitesLocally(TestNG.java:1137)
at org.testng.TestNG.runSuites(TestNG.java:1049)
at org.testng.TestNG.run(TestNG.java:1017)
at org.apache.maven.surefire.testng.TestNGExecutor.run(TestNGExecutor.java:295)
at org.apache.maven.surefire.testng.TestNGXmlTestSuite.execute(TestNGXmlTestSuite.java:84)
at org.apache.maven.surefire.testng.TestNGProvider.invoke(TestNGProvider.java:90)
at org.apache.maven.surefire.booter.ForkedBooter.invokeProviderInSameClassLoader(ForkedBooter.java:203)
at org.apache.maven.surefire.booter.ForkedBooter.runSuitesInProcess(ForkedBooter.java:155)
at org.apache.maven.surefire.booter.ForkedBooter.main(ForkedBooter.java:103)
]]>
    </failure>
  </testcase> <!-- TCED14091 -->
  <testcase name="TCED14092" time="9.729" classname="com.analyzeByScore.ItemAnalysisbyQuestion"/>
  <testcase name="TCED14093" time="9.828" classname="com.analyzeByScore.ItemAnalysisbyQuestion"/>
  <testcase name="TCED14094" time="11.101" classname="com.analyzeByScore.ItemAnalysisbyQuestion"/>
  <testcase name="TCED14095" time="6.361" classname="com.analyzeByScore.ItemAnalysisbyQuestion"/>
  <testcase name="TCED14096" time="0.806" classname="com.analyzeByScore.ItemAnalysisbyQuestion"/>
  <testcase name="TCED14097" time="10.066" classname="com.analyzeByScore.ItemAnalysisbyQuestion"/>
  <testcase name="TCED14098" time="8.548" classname="com.analyzeByScore.ItemAnalysisbyQuestion"/>
  <testcase name="TCED14099" time="8.934" classname="com.analyzeByScore.ItemAnalysisbyQuestion"/>
  <testcase name="TCED14100" time="8.194" classname="com.analyzeByScore.ItemAnalysisbyQuestion"/>
  <testcase name="TCED14101" time="14.532" classname="com.analyzeByScore.ItemAnalysisbyQuestion"/>
  <testcase name="TCED14102" time="16.656" classname="com.analyzeByScore.ItemAnalysisbyQuestion"/>
  <testcase name="TCED14103" time="33.880" classname="com.analyzeByScore.ItemAnalysisbyQuestion"/>
  <testcase name="TCED14104" time="110.505" classname="com.analyzeByScore.ItemAnalysisbyQuestion"/>
</testsuite> <!-- com.analyzeByScore.ItemAnalysisbyQuestion -->
