<?xml version="1.0" encoding="UTF-8"?>
<!-- Generated by org.testng.reporters.JUnitReportReporter -->
<testsuite skipped="0" hostname="QA-Scheduler" name="com.curriculum.Report_By_Standard" tests="6" failures="0" timestamp="04 Dec 2018 10:25:37 GMT" time="37.892" errors="0">
  <testcase name="TCED26101" time="8.057" classname="com.curriculum.Report_By_Standard"/>
  <testcase name="TCED26102" time="0.787" classname="com.curriculum.Report_By_Standard"/>
  <testcase name="TCED26103" time="1.661" classname="com.curriculum.Report_By_Standard"/>
  <testcase name="TCED26104" time="25.008" classname="com.curriculum.Report_By_Standard"/>
  <testcase name="TCED26105" time="1.339" classname="com.curriculum.Report_By_Standard"/>
  <testcase name="TCED26106" time="1.040" classname="com.curriculum.Report_By_Standard"/>
</testsuite> <!-- com.curriculum.Report_By_Standard -->
