<?xml version="1.0" encoding="UTF-8"?>
<!-- Generated by org.testng.reporters.JUnitReportReporter -->
<testsuite hostname="QA-Scheduler" failures="0" tests="5" name="com.MTSS.MTSS_Tier_Intervention_Menu" time="13.712" errors="0" timestamp="31 Oct 2018 13:34:12 GMT" skipped="0">
  <testcase classname="com.MTSS.MTSS_Tier_Intervention_Menu" name="TCED19101" time="8.498"/>
  <testcase classname="com.MTSS.MTSS_Tier_Intervention_Menu" name="TCED19102" time="0.756"/>
  <testcase classname="com.MTSS.MTSS_Tier_Intervention_Menu" name="TCED19103" time="1.510"/>
  <testcase classname="com.MTSS.MTSS_Tier_Intervention_Menu" name="TCED19104" time="1.471"/>
  <testcase classname="com.MTSS.MTSS_Tier_Intervention_Menu" name="TCED19105" time="1.477"/>
</testsuite> <!-- com.MTSS.MTSS_Tier_Intervention_Menu -->
