<?xml version="1.0" encoding="UTF-8"?>
<!-- Generated by org.testng.reporters.JUnitReportReporter -->
<testsuite skipped="0" hostname="QA-Scheduler" name="com.curriculum.Print_Lessons" tests="28" failures="0" timestamp="13 Nov 2018 09:46:54 GMT" time="171.005" errors="0">
  <testcase name="TCED25101" time="8.145" classname="com.curriculum.Print_Lessons"/>
  <testcase name="TCED25102" time="1.464" classname="com.curriculum.Print_Lessons"/>
  <testcase name="TCED25103" time="1.249" classname="com.curriculum.Print_Lessons"/>
  <testcase name="TCED25104" time="12.629" classname="com.curriculum.Print_Lessons"/>
  <testcase name="TCED25105" time="12.543" classname="com.curriculum.Print_Lessons"/>
  <testcase name="TCED25106" time="1.868" classname="com.curriculum.Print_Lessons"/>
  <testcase name="TCED25107" time="1.973" classname="com.curriculum.Print_Lessons"/>
  <testcase name="TCED25108" time="1.215" classname="com.curriculum.Print_Lessons"/>
  <testcase name="TCED25109" time="1.166" classname="com.curriculum.Print_Lessons"/>
  <testcase name="TCED25110" time="12.463" classname="com.curriculum.Print_Lessons"/>
  <testcase name="TCED25111" time="12.576" classname="com.curriculum.Print_Lessons"/>
  <testcase name="TCED25112" time="2.014" classname="com.curriculum.Print_Lessons"/>
  <testcase name="TCED25113" time="1.213" classname="com.curriculum.Print_Lessons"/>
  <testcase name="TCED25114" time="1.325" classname="com.curriculum.Print_Lessons"/>
  <testcase name="TCED25115" time="12.416" classname="com.curriculum.Print_Lessons"/>
  <testcase name="TCED25116" time="12.501" classname="com.curriculum.Print_Lessons"/>
  <testcase name="TCED25117" time="1.944" classname="com.curriculum.Print_Lessons"/>
  <testcase name="TCED25118" time="1.245" classname="com.curriculum.Print_Lessons"/>
  <testcase name="TCED25119" time="1.259" classname="com.curriculum.Print_Lessons"/>
  <testcase name="TCED25120" time="12.478" classname="com.curriculum.Print_Lessons"/>
  <testcase name="TCED25121" time="12.429" classname="com.curriculum.Print_Lessons"/>
  <testcase name="TCED25122" time="2.098" classname="com.curriculum.Print_Lessons"/>
  <testcase name="TCED25123" time="1.251" classname="com.curriculum.Print_Lessons"/>
  <testcase name="TCED25124" time="1.219" classname="com.curriculum.Print_Lessons"/>
  <testcase name="TCED25125" time="18.551" classname="com.curriculum.Print_Lessons"/>
  <testcase name="TCED25126" time="18.608" classname="com.curriculum.Print_Lessons"/>
  <testcase name="TCED25127" time="2.029" classname="com.curriculum.Print_Lessons"/>
  <testcase name="TCED27128" time="1.134" classname="com.curriculum.Print_Lessons"/>
</testsuite> <!-- com.curriculum.Print_Lessons -->
