<?xml version="1.0" encoding="UTF-8"?>
<!-- Generated by org.testng.reporters.JUnitReportReporter -->
<testsuite hostname="QA-Scheduler" failures="0" tests="8" name="com.analyzeByScore.Local_Assessment_Item_Analysisby_Student" time="122.465" errors="0" timestamp="31 Oct 2018 13:34:12 GMT" skipped="0">
  <testcase classname="com.analyzeByScore.Local_Assessment_Item_Analysisby_Student" name="TCED14121" time="5.813"/>
  <testcase classname="com.analyzeByScore.Local_Assessment_Item_Analysisby_Student" name="TCED14122" time="4.703"/>
  <testcase classname="com.analyzeByScore.Local_Assessment_Item_Analysisby_Student" name="TCED14123" time="0.215"/>
  <testcase classname="com.analyzeByScore.Local_Assessment_Item_Analysisby_Student" name="TCED14124" time="1.940"/>
  <testcase classname="com.analyzeByScore.Local_Assessment_Item_Analysisby_Student" name="TCED14125" time="1.486"/>
  <testcase classname="com.analyzeByScore.Local_Assessment_Item_Analysisby_Student" name="TCED14126" time="11.287"/>
  <testcase classname="com.analyzeByScore.Local_Assessment_Item_Analysisby_Student" name="TCED14127" time="28.127"/>
  <testcase classname="com.analyzeByScore.Local_Assessment_Item_Analysisby_Student" name="TCED14128" time="68.894"/>
</testsuite> <!-- com.analyzeByScore.Local_Assessment_Item_Analysisby_Student -->
