<?xml version="1.0" encoding="UTF-8"?>
<!-- Generated by org.testng.reporters.JUnitReportReporter -->
<testsuite hostname="QA-Scheduler" failures="0" tests="1" name="com.localassessment.Copy_assessment" time="10.315" errors="0" timestamp="31 Oct 2018 13:34:11 GMT" skipped="0">
  <testcase classname="com.localassessment.Copy_assessment" name="TCED15202" time="10.315"/>
</testsuite> <!-- com.localassessment.Copy_assessment -->
