<?xml version="1.0" encoding="UTF-8"?>
<!-- Generated by org.testng.reporters.JUnitReportReporter -->
<testsuite hostname="QA-Scheduler" failures="0" tests="17" name="com.MTSS.Meeting_History_Report" time="110.571" errors="0" timestamp="31 Oct 2018 13:34:11 GMT" skipped="0">
  <testcase classname="com.MTSS.Meeting_History_Report" name="TCED22501" time="7.360"/>
  <testcase classname="com.MTSS.Meeting_History_Report" name="TCED22502" time="0.118"/>
  <testcase classname="com.MTSS.Meeting_History_Report" name="TCED22503" time="0.738"/>
  <testcase classname="com.MTSS.Meeting_History_Report" name="TCED22504" time="0.036"/>
  <testcase classname="com.MTSS.Meeting_History_Report" name="TCED22505" time="0.165"/>
  <testcase classname="com.MTSS.Meeting_History_Report" name="TCED22506" time="11.271"/>
  <testcase classname="com.MTSS.Meeting_History_Report" name="TCED22507" time="11.331"/>
  <testcase classname="com.MTSS.Meeting_History_Report" name="TCED22508" time="1.645"/>
  <testcase classname="com.MTSS.Meeting_History_Report" name="TCED22509" time="0.864"/>
  <testcase classname="com.MTSS.Meeting_History_Report" name="TCED22510" time="0.172"/>
  <testcase classname="com.MTSS.Meeting_History_Report" name="TCED22511" time="17.363"/>
  <testcase classname="com.MTSS.Meeting_History_Report" name="TCED22512" time="11.269"/>
  <testcase classname="com.MTSS.Meeting_History_Report" name="TCED22513" time="11.264"/>
  <testcase classname="com.MTSS.Meeting_History_Report" name="TCED22514" time="2.755"/>
  <testcase classname="com.MTSS.Meeting_History_Report" name="TCED22515" time="11.287"/>
  <testcase classname="com.MTSS.Meeting_History_Report" name="TCED22516" time="11.316"/>
  <testcase classname="com.MTSS.Meeting_History_Report" name="TCED22517" time="11.617"/>
</testsuite> <!-- com.MTSS.Meeting_History_Report -->
