<?xml version="1.0" encoding="UTF-8"?>
<!-- Generated by org.testng.reporters.JUnitReportReporter -->
<testsuite hostname="QA-Scheduler" failures="0" tests="2" name="com.curriculum.Print_View_Multiple_Maps" time="27.648" errors="0" timestamp="31 Oct 2018 13:34:11 GMT" skipped="0">
  <testcase classname="com.curriculum.Print_View_Multiple_Maps" name="TCED30404" time="17.612"/>
  <testcase classname="com.curriculum.Print_View_Multiple_Maps" name="TCED30405" time="10.036"/>
</testsuite> <!-- com.curriculum.Print_View_Multiple_Maps -->
