<?xml version="1.0" encoding="UTF-8"?>
<!-- Generated by org.testng.reporters.JUnitReportReporter -->
<testsuite skipped="0" hostname="QA-Scheduler" name="com.localassessment.Score_Class_Results_Online" tests="10" failures="0" timestamp="26 Nov 2018 10:39:52 GMT" time="24.416" errors="0">
  <testcase name="TCED13021" time="5.630" classname="com.localassessment.Score_Class_Results_Online"/>
  <testcase name="TCED13022" time="4.994" classname="com.localassessment.Score_Class_Results_Online"/>
  <testcase name="TCED13023" time="0.242" classname="com.localassessment.Score_Class_Results_Online"/>
  <testcase name="TCED13024" time="0.613" classname="com.localassessment.Score_Class_Results_Online"/>
  <testcase name="TCED13025" time="0.797" classname="com.localassessment.Score_Class_Results_Online"/>
  <testcase name="TCED13026" time="2.247" classname="com.localassessment.Score_Class_Results_Online"/>
  <testcase name="TCED13027" time="3.085" classname="com.localassessment.Score_Class_Results_Online"/>
  <testcase name="TCED13028" time="2.589" classname="com.localassessment.Score_Class_Results_Online"/>
  <testcase name="TCED13029" time="0.685" classname="com.localassessment.Score_Class_Results_Online"/>
  <testcase name="TCED13030" time="3.534" classname="com.localassessment.Score_Class_Results_Online"/>
</testsuite> <!-- com.localassessment.Score_Class_Results_Online -->
