<?xml version="1.0" encoding="UTF-8"?>
<!-- Generated by org.testng.reporters.JUnitReportReporter -->
<testsuite skipped="0" hostname="QA-Scheduler" name="com.localassessment.Copy_assessment" tests="1" failures="0" timestamp="02 Nov 2018 12:48:36 GMT" time="9.313" errors="0">
  <testcase name="TCED15202" time="9.313" classname="com.localassessment.Copy_assessment"/>
</testsuite> <!-- com.localassessment.Copy_assessment -->
