<?xml version="1.0" encoding="UTF-8"?>
<!-- Generated by org.testng.reporters.JUnitReportReporter -->
<testsuite hostname="QA-Scheduler" failures="0" tests="17" name="com.MTSS.TeamDecisionReport" time="148.156" errors="0" timestamp="31 Oct 2018 13:34:12 GMT" skipped="0">
  <testcase classname="com.MTSS.TeamDecisionReport" name="TCED22601" time="7.385"/>
  <testcase classname="com.MTSS.TeamDecisionReport" name="TCED22602" time="0.157"/>
  <testcase classname="com.MTSS.TeamDecisionReport" name="TCED22603" time="2.864"/>
  <testcase classname="com.MTSS.TeamDecisionReport" name="TCED22604" time="0.052"/>
  <testcase classname="com.MTSS.TeamDecisionReport" name="TCED22605" time="0.140"/>
  <testcase classname="com.MTSS.TeamDecisionReport" name="TCED22606" time="9.242"/>
  <testcase classname="com.MTSS.TeamDecisionReport" name="TCED22607" time="9.336"/>
  <testcase classname="com.MTSS.TeamDecisionReport" name="TCED22608" time="19.120"/>
  <testcase classname="com.MTSS.TeamDecisionReport" name="TCED22609" time="21.281"/>
  <testcase classname="com.MTSS.TeamDecisionReport" name="TCED22610" time="3.791"/>
  <testcase classname="com.MTSS.TeamDecisionReport" name="TCED22611" time="20.879"/>
  <testcase classname="com.MTSS.TeamDecisionReport" name="TCED22612" time="9.267"/>
  <testcase classname="com.MTSS.TeamDecisionReport" name="TCED22613" time="9.332"/>
  <testcase classname="com.MTSS.TeamDecisionReport" name="TCED22614" time="7.393"/>
  <testcase classname="com.MTSS.TeamDecisionReport" name="TCED22615" time="9.295"/>
  <testcase classname="com.MTSS.TeamDecisionReport" name="TCED22616" time="9.299"/>
  <testcase classname="com.MTSS.TeamDecisionReport" name="TCED22617" time="9.323"/>
</testsuite> <!-- com.MTSS.TeamDecisionReport -->
