<?xml version="1.0" encoding="UTF-8"?>
<!-- Generated by org.testng.reporters.JUnitReportReporter -->
<testsuite hostname="QA-Scheduler" failures="0" tests="4" name="com.curriculum.Enter_weeks_minutes" time="26.443" errors="0" timestamp="31 Oct 2018 13:34:11 GMT" skipped="0">
  <testcase classname="com.curriculum.Enter_weeks_minutes" name="TCED29401" time="13.886"/>
  <testcase classname="com.curriculum.Enter_weeks_minutes" name="TCED29402" time="0.667"/>
  <testcase classname="com.curriculum.Enter_weeks_minutes" name="TCED29403" time="6.205"/>
  <testcase classname="com.curriculum.Enter_weeks_minutes" name="TCED29404" time="5.685"/>
</testsuite> <!-- com.curriculum.Enter_weeks_minutes -->
