<?xml version="1.0" encoding="UTF-8"?>
<!-- Generated by org.testng.reporters.JUnitReportReporter -->
<testsuite skipped="0" hostname="QA-Scheduler" name="com.curriculum.Report_By_Standard" tests="6" failures="0" timestamp="08 Nov 2018 13:02:35 GMT" time="37.120" errors="0">
  <testcase name="TCED26101" time="7.935" classname="com.curriculum.Report_By_Standard"/>
  <testcase name="TCED26102" time="0.751" classname="com.curriculum.Report_By_Standard"/>
  <testcase name="TCED26103" time="1.311" classname="com.curriculum.Report_By_Standard"/>
  <testcase name="TCED26104" time="24.885" classname="com.curriculum.Report_By_Standard"/>
  <testcase name="TCED26105" time="1.312" classname="com.curriculum.Report_By_Standard"/>
  <testcase name="TCED26106" time="0.926" classname="com.curriculum.Report_By_Standard"/>
</testsuite> <!-- com.curriculum.Report_By_Standard -->
