<?xml version="1.0" encoding="UTF-8"?>
<!-- Generated by org.testng.reporters.JUnitReportReporter -->
<testsuite skipped="0" hostname="QA-Scheduler" name="com.localassessment.Score_Class_Results_Online" tests="10" failures="0" timestamp="12 Nov 2018 10:27:30 GMT" time="24.490" errors="0">
  <testcase name="TCED13021" time="5.532" classname="com.localassessment.Score_Class_Results_Online"/>
  <testcase name="TCED13022" time="5.320" classname="com.localassessment.Score_Class_Results_Online"/>
  <testcase name="TCED13023" time="0.158" classname="com.localassessment.Score_Class_Results_Online"/>
  <testcase name="TCED13024" time="0.660" classname="com.localassessment.Score_Class_Results_Online"/>
  <testcase name="TCED13025" time="0.845" classname="com.localassessment.Score_Class_Results_Online"/>
  <testcase name="TCED13026" time="2.278" classname="com.localassessment.Score_Class_Results_Online"/>
  <testcase name="TCED13027" time="2.903" classname="com.localassessment.Score_Class_Results_Online"/>
  <testcase name="TCED13028" time="2.654" classname="com.localassessment.Score_Class_Results_Online"/>
  <testcase name="TCED13029" time="0.610" classname="com.localassessment.Score_Class_Results_Online"/>
  <testcase name="TCED13030" time="3.530" classname="com.localassessment.Score_Class_Results_Online"/>
</testsuite> <!-- com.localassessment.Score_Class_Results_Online -->
