<?xml version="1.0" encoding="UTF-8"?>
<!-- Generated by org.testng.reporters.JUnitReportReporter -->
<testsuite hostname="QA-Scheduler" failures="0" tests="7" name="com.questionBank.Local_Assessment_Question_Bank_Add_Edit_or_View_Exhibits" time="18.756" errors="0" timestamp="31 Oct 2018 13:34:11 GMT" skipped="0">
  <testcase classname="com.questionBank.Local_Assessment_Question_Bank_Add_Edit_or_View_Exhibits" name="TCED16501" time="5.722"/>
  <testcase classname="com.questionBank.Local_Assessment_Question_Bank_Add_Edit_or_View_Exhibits" name="TCED16502" time="4.705"/>
  <testcase classname="com.questionBank.Local_Assessment_Question_Bank_Add_Edit_or_View_Exhibits" name="TCED16503" time="0.164"/>
  <testcase classname="com.questionBank.Local_Assessment_Question_Bank_Add_Edit_or_View_Exhibits" name="TCED16504" time="0.154"/>
  <testcase classname="com.questionBank.Local_Assessment_Question_Bank_Add_Edit_or_View_Exhibits" name="TCED16505" time="4.206"/>
  <testcase classname="com.questionBank.Local_Assessment_Question_Bank_Add_Edit_or_View_Exhibits" name="TCED16506" time="1.791"/>
  <testcase classname="com.questionBank.Local_Assessment_Question_Bank_Add_Edit_or_View_Exhibits" name="TCED16507" time="2.014"/>
</testsuite> <!-- com.questionBank.Local_Assessment_Question_Bank_Add_Edit_or_View_Exhibits -->
