<?xml version="1.0" encoding="UTF-8"?>
<!-- Generated by org.testng.reporters.JUnitReportReporter -->
<testsuite skipped="0" hostname="QA-Scheduler" name="com.MTSS.TieredStudentsWithNoInterventionPlan" tests="3" failures="0" timestamp="25 Sep 2018 09:15:22 GMT" time="36.176" errors="0">
  <testcase name="TCED221105" time="17.555" classname="com.MTSS.TieredStudentsWithNoInterventionPlan"/>
  <testcase name="TCED221106" time="9.317" classname="com.MTSS.TieredStudentsWithNoInterventionPlan"/>
  <testcase name="TCED221111" time="9.304" classname="com.MTSS.TieredStudentsWithNoInterventionPlan"/>
</testsuite> <!-- com.MTSS.TieredStudentsWithNoInterventionPlan -->
