<?xml version="1.0" encoding="UTF-8"?>
<!-- Generated by org.testng.reporters.JUnitReportReporter -->
<testsuite skipped="0" hostname="QA-Scheduler" name="com.curriculum.Browse_By_Standard" tests="1" failures="0" timestamp="15 Nov 2018 10:42:52 GMT" time="29.139" errors="0">
  <testcase name="TCED30104" time="29.139" classname="com.curriculum.Browse_By_Standard"/>
</testsuite> <!-- com.curriculum.Browse_By_Standard -->
